[2025-05-24T22:18:14.642+0000] {local_task_job_runner.py:120} INFO - ::group::Pre task execution logs
[2025-05-24T22:18:14.667+0000] {taskinstance.py:2073} INFO - Dependencies all met for dep_context=non-requeueable deps ti=<TaskInstance: supplier_data_etl_pipeline.extract_sql_data manual__2025-05-24T21:29:11.201967+00:00 [queued]>
[2025-05-24T22:18:14.674+0000] {taskinstance.py:2073} INFO - Dependencies all met for dep_context=requeueable deps ti=<TaskInstance: supplier_data_etl_pipeline.extract_sql_data manual__2025-05-24T21:29:11.201967+00:00 [queued]>
[2025-05-24T22:18:14.674+0000] {taskinstance.py:2303} INFO - Starting attempt 11 of 16
[2025-05-24T22:18:14.683+0000] {taskinstance.py:2327} INFO - Executing <Task(PythonOperator): extract_sql_data> on 2025-05-24 21:29:11.201967+00:00
[2025-05-24T22:18:14.690+0000] {warnings.py:110} WARNING - /home/***/.local/lib/python3.12/site-packages/***/task/task_runner/standard_task_runner.py:61: DeprecationWarning: This process (pid=1548) is multi-threaded, use of fork() may lead to deadlocks in the child.
  pid = os.fork()

[2025-05-24T22:18:14.700+0000] {standard_task_runner.py:63} INFO - Started process 1550 to run task
[2025-05-24T22:18:14.701+0000] {standard_task_runner.py:90} INFO - Running: ['***', 'tasks', 'run', 'supplier_data_etl_pipeline', 'extract_sql_data', 'manual__2025-05-24T21:29:11.201967+00:00', '--job-id', '121', '--raw', '--subdir', 'DAGS_FOLDER/supplier_dag.py', '--cfg-path', '/tmp/tmp_ghh7d13']
[2025-05-24T22:18:14.703+0000] {standard_task_runner.py:91} INFO - Job 121: Subtask extract_sql_data
[2025-05-24T22:18:14.745+0000] {task_command.py:426} INFO - Running <TaskInstance: supplier_data_etl_pipeline.extract_sql_data manual__2025-05-24T21:29:11.201967+00:00 [running]> on host a7d211f7b093
[2025-05-24T22:18:14.809+0000] {taskinstance.py:2644} INFO - Exporting env vars: AIRFLOW_CTX_DAG_OWNER='***' AIRFLOW_CTX_DAG_ID='supplier_data_etl_pipeline' AIRFLOW_CTX_TASK_ID='extract_sql_data' AIRFLOW_CTX_EXECUTION_DATE='2025-05-24T21:29:11.201967+00:00' AIRFLOW_CTX_TRY_NUMBER='11' AIRFLOW_CTX_DAG_RUN_ID='manual__2025-05-24T21:29:11.201967+00:00'
[2025-05-24T22:18:14.810+0000] {taskinstance.py:430} INFO - ::endgroup::
[2025-05-24T22:18:14.811+0000] {etl.py:77} INFO - connected to db source
[2025-05-24T22:18:14.816+0000] {etl.py:79} INFO - queried db source
[2025-05-24T22:18:14.816+0000] {etl.py:81} INFO - closed db connection
[2025-05-24T22:18:14.819+0000] {etl.py:83} INFO - db source pickled
[2025-05-24T22:18:14.819+0000] {python.py:237} INFO - Done. Returned value was: None
[2025-05-24T22:18:14.819+0000] {taskinstance.py:441} INFO - ::group::Post task execution logs
[2025-05-24T22:18:14.825+0000] {taskinstance.py:1205} INFO - Marking task as SUCCESS. dag_id=supplier_data_etl_pipeline, task_id=extract_sql_data, execution_date=20250524T212911, start_date=20250524T221814, end_date=20250524T221814
[2025-05-24T22:18:14.846+0000] {local_task_job_runner.py:240} INFO - Task exited with return code 0
[2025-05-24T22:18:14.865+0000] {taskinstance.py:3482} INFO - 1 downstream tasks scheduled from follow-on schedule check
[2025-05-24T22:18:14.866+0000] {local_task_job_runner.py:222} INFO - ::endgroup::
