[2025-05-24T22:35:21.375+0000] {local_task_job_runner.py:120} INFO - ::group::Pre task execution logs
[2025-05-24T22:35:21.469+0000] {taskinstance.py:2073} INFO - Dependencies all met for dep_context=non-requeueable deps ti=<TaskInstance: supplier_data_etl_pipeline.transform_and_merge manual__2025-05-24T21:18:40.596882+00:00 [queued]>
[2025-05-24T22:35:21.517+0000] {taskinstance.py:2073} INFO - Dependencies all met for dep_context=requeueable deps ti=<TaskInstance: supplier_data_etl_pipeline.transform_and_merge manual__2025-05-24T21:18:40.596882+00:00 [queued]>
[2025-05-24T22:35:21.525+0000] {taskinstance.py:2303} INFO - Starting attempt 1 of 6
[2025-05-24T22:35:21.662+0000] {taskinstance.py:2327} INFO - Executing <Task(PythonOperator): transform_and_merge> on 2025-05-24 21:18:40.596882+00:00
[2025-05-24T22:35:21.709+0000] {warnings.py:110} WARNING - /home/***/.local/lib/python3.12/site-packages/***/task/task_runner/standard_task_runner.py:61: DeprecationWarning: This process (pid=1885) is multi-threaded, use of fork() may lead to deadlocks in the child.
  pid = os.fork()

[2025-05-24T22:35:21.732+0000] {standard_task_runner.py:63} INFO - Started process 1910 to run task
[2025-05-24T22:35:21.747+0000] {standard_task_runner.py:90} INFO - Running: ['***', 'tasks', 'run', 'supplier_data_etl_pipeline', 'transform_and_merge', 'manual__2025-05-24T21:18:40.596882+00:00', '--job-id', '162', '--raw', '--subdir', 'DAGS_FOLDER/supplier_dag.py', '--cfg-path', '/tmp/tmpwvk0r279']
[2025-05-24T22:35:21.760+0000] {standard_task_runner.py:91} INFO - Job 162: Subtask transform_and_merge
[2025-05-24T22:35:22.011+0000] {task_command.py:426} INFO - Running <TaskInstance: supplier_data_etl_pipeline.transform_and_merge manual__2025-05-24T21:18:40.596882+00:00 [running]> on host a7d211f7b093
[2025-05-24T22:35:22.390+0000] {taskinstance.py:2644} INFO - Exporting env vars: AIRFLOW_CTX_DAG_OWNER='***' AIRFLOW_CTX_DAG_ID='supplier_data_etl_pipeline' AIRFLOW_CTX_TASK_ID='transform_and_merge' AIRFLOW_CTX_EXECUTION_DATE='2025-05-24T21:18:40.596882+00:00' AIRFLOW_CTX_TRY_NUMBER='1' AIRFLOW_CTX_DAG_RUN_ID='manual__2025-05-24T21:18:40.596882+00:00'
[2025-05-24T22:35:22.410+0000] {taskinstance.py:430} INFO - ::endgroup::
[2025-05-24T22:35:22.565+0000] {etl.py:91} INFO - Pickled CSV data converted into DataFrame
[2025-05-24T22:35:22.588+0000] {etl.py:93} INFO - Pickled API data converted into DataFrame
[2025-05-24T22:35:22.607+0000] {etl.py:95} INFO - Pickled SQL data converted into DataFrame
[2025-05-24T22:35:22.700+0000] {etl.py:103} INFO - DataFrames merged side-by-side
[2025-05-24T22:35:22.777+0000] {etl.py:112} INFO - Column names standardized post-merge
[2025-05-24T22:35:23.023+0000] {etl.py:118} INFO - Merged data saved to /opt/***/dags/merged_supplier_data.csv
[2025-05-24T22:35:23.033+0000] {python.py:237} INFO - Done. Returned value was: None
[2025-05-24T22:35:23.036+0000] {taskinstance.py:441} INFO - ::group::Post task execution logs
[2025-05-24T22:35:23.103+0000] {taskinstance.py:1205} INFO - Marking task as SUCCESS. dag_id=supplier_data_etl_pipeline, task_id=transform_and_merge, execution_date=20250524T211840, start_date=20250524T223521, end_date=20250524T223523
[2025-05-24T22:35:23.306+0000] {local_task_job_runner.py:240} INFO - Task exited with return code 0
[2025-05-24T22:35:23.685+0000] {taskinstance.py:3482} INFO - 1 downstream tasks scheduled from follow-on schedule check
[2025-05-24T22:35:23.719+0000] {local_task_job_runner.py:222} INFO - ::endgroup::
