[2025-05-27T01:08:09.406+0000] {local_task_job_runner.py:120} INFO - ::group::Pre task execution logs
[2025-05-27T01:08:09.446+0000] {taskinstance.py:2073} INFO - Dependencies all met for dep_context=non-requeueable deps ti=<TaskInstance: supplier_data_etl_pipeline.extract_api_data scheduled__2025-05-26T00:00:00+00:00 [queued]>
[2025-05-27T01:08:09.452+0000] {taskinstance.py:2073} INFO - Dependencies all met for dep_context=requeueable deps ti=<TaskInstance: supplier_data_etl_pipeline.extract_api_data scheduled__2025-05-26T00:00:00+00:00 [queued]>
[2025-05-27T01:08:09.454+0000] {taskinstance.py:2303} INFO - Starting attempt 1 of 6
[2025-05-27T01:08:09.477+0000] {taskinstance.py:2327} INFO - Executing <Task(PythonOperator): extract_api_data> on 2025-05-26 00:00:00+00:00
[2025-05-27T01:08:09.484+0000] {warnings.py:110} WARNING - /home/***/.local/lib/python3.12/site-packages/***/task/task_runner/standard_task_runner.py:61: DeprecationWarning: This process (pid=1471) is multi-threaded, use of fork() may lead to deadlocks in the child.
  pid = os.fork()

[2025-05-27T01:08:09.487+0000] {standard_task_runner.py:90} INFO - Running: ['***', 'tasks', 'run', 'supplier_data_etl_pipeline', 'extract_api_data', 'scheduled__2025-05-26T00:00:00+00:00', '--job-id', '205', '--raw', '--subdir', 'DAGS_FOLDER/supplier_dag.py', '--cfg-path', '/tmp/tmpog12b369']
[2025-05-27T01:08:09.490+0000] {standard_task_runner.py:63} INFO - Started process 1477 to run task
[2025-05-27T01:08:09.491+0000] {standard_task_runner.py:91} INFO - Job 205: Subtask extract_api_data
[2025-05-27T01:08:09.587+0000] {task_command.py:426} INFO - Running <TaskInstance: supplier_data_etl_pipeline.extract_api_data scheduled__2025-05-26T00:00:00+00:00 [running]> on host 295abcd9c300
[2025-05-27T01:08:09.787+0000] {taskinstance.py:2644} INFO - Exporting env vars: AIRFLOW_CTX_DAG_OWNER='***' AIRFLOW_CTX_DAG_ID='supplier_data_etl_pipeline' AIRFLOW_CTX_TASK_ID='extract_api_data' AIRFLOW_CTX_EXECUTION_DATE='2025-05-26T00:00:00+00:00' AIRFLOW_CTX_TRY_NUMBER='1' AIRFLOW_CTX_DAG_RUN_ID='scheduled__2025-05-26T00:00:00+00:00'
[2025-05-27T01:08:09.794+0000] {taskinstance.py:430} INFO - ::endgroup::
[2025-05-27T01:08:09.809+0000] {etl.py:32} INFO - api data read
[2025-05-27T01:08:09.905+0000] {etl.py:35} INFO - api json data normalized
[2025-05-27T01:08:09.914+0000] {etl.py:37} INFO - api data source pickled
[2025-05-27T01:08:09.916+0000] {python.py:237} INFO - Done. Returned value was: None
[2025-05-27T01:08:09.917+0000] {taskinstance.py:441} INFO - ::group::Post task execution logs
[2025-05-27T01:08:09.934+0000] {taskinstance.py:1205} INFO - Marking task as SUCCESS. dag_id=supplier_data_etl_pipeline, task_id=extract_api_data, execution_date=20250526T000000, start_date=20250527T010809, end_date=20250527T010809
[2025-05-27T01:08:10.005+0000] {local_task_job_runner.py:240} INFO - Task exited with return code 0
[2025-05-27T01:08:10.074+0000] {taskinstance.py:3482} INFO - 1 downstream tasks scheduled from follow-on schedule check
[2025-05-27T01:08:10.075+0000] {local_task_job_runner.py:222} INFO - ::endgroup::
