[2025-05-24T22:54:32.683+0000] {local_task_job_runner.py:120} INFO - ::group::Pre task execution logs
[2025-05-24T22:54:32.772+0000] {taskinstance.py:2073} INFO - Dependencies all met for dep_context=non-requeueable deps ti=<TaskInstance: supplier_data_etl_pipeline.extract_csv_data manual__2025-05-24T22:54:15.604677+00:00 [queued]>
[2025-05-24T22:54:32.799+0000] {taskinstance.py:2073} INFO - Dependencies all met for dep_context=requeueable deps ti=<TaskInstance: supplier_data_etl_pipeline.extract_csv_data manual__2025-05-24T22:54:15.604677+00:00 [queued]>
[2025-05-24T22:54:32.799+0000] {taskinstance.py:2303} INFO - Starting attempt 1 of 6
[2025-05-24T22:54:32.845+0000] {taskinstance.py:2327} INFO - Executing <Task(PythonOperator): extract_csv_data> on 2025-05-24 22:54:15.604677+00:00
[2025-05-24T22:54:32.865+0000] {warnings.py:110} WARNING - /home/***/.local/lib/python3.12/site-packages/***/task/task_runner/standard_task_runner.py:61: DeprecationWarning: This process (pid=2174) is multi-threaded, use of fork() may lead to deadlocks in the child.
  pid = os.fork()

[2025-05-24T22:54:32.880+0000] {standard_task_runner.py:63} INFO - Started process 2179 to run task
[2025-05-24T22:54:32.905+0000] {standard_task_runner.py:90} INFO - Running: ['***', 'tasks', 'run', 'supplier_data_etl_pipeline', 'extract_csv_data', 'manual__2025-05-24T22:54:15.604677+00:00', '--job-id', '174', '--raw', '--subdir', 'DAGS_FOLDER/supplier_dag.py', '--cfg-path', '/tmp/tmp_inxf02a']
[2025-05-24T22:54:32.916+0000] {standard_task_runner.py:91} INFO - Job 174: Subtask extract_csv_data
[2025-05-24T22:54:33.207+0000] {task_command.py:426} INFO - Running <TaskInstance: supplier_data_etl_pipeline.extract_csv_data manual__2025-05-24T22:54:15.604677+00:00 [running]> on host a7d211f7b093
[2025-05-24T22:54:33.784+0000] {taskinstance.py:2644} INFO - Exporting env vars: AIRFLOW_CTX_DAG_OWNER='***' AIRFLOW_CTX_DAG_ID='supplier_data_etl_pipeline' AIRFLOW_CTX_TASK_ID='extract_csv_data' AIRFLOW_CTX_EXECUTION_DATE='2025-05-24T22:54:15.604677+00:00' AIRFLOW_CTX_TRY_NUMBER='1' AIRFLOW_CTX_DAG_RUN_ID='manual__2025-05-24T22:54:15.604677+00:00'
[2025-05-24T22:54:33.815+0000] {taskinstance.py:430} INFO - ::endgroup::
[2025-05-24T22:54:33.965+0000] {etl.py:20} INFO - csv read
[2025-05-24T22:54:33.973+0000] {etl.py:22} INFO - csv data source pickled
[2025-05-24T22:54:33.975+0000] {python.py:237} INFO - Done. Returned value was: success
[2025-05-24T22:54:33.977+0000] {taskinstance.py:441} INFO - ::group::Post task execution logs
[2025-05-24T22:54:34.073+0000] {taskinstance.py:1205} INFO - Marking task as SUCCESS. dag_id=supplier_data_etl_pipeline, task_id=extract_csv_data, execution_date=20250524T225415, start_date=20250524T225432, end_date=20250524T225434
[2025-05-24T22:54:34.167+0000] {local_task_job_runner.py:240} INFO - Task exited with return code 0
[2025-05-24T22:54:34.272+0000] {taskinstance.py:3482} INFO - 0 downstream tasks scheduled from follow-on schedule check
[2025-05-24T22:54:34.294+0000] {local_task_job_runner.py:222} INFO - ::endgroup::
