[2025-05-26T10:01:54.345+0000] {processor.py:161} INFO - Started process (PID=42) to work on /opt/airflow/dags/etl.py
[2025-05-26T10:01:54.348+0000] {processor.py:830} INFO - Processing file /opt/airflow/dags/etl.py for tasks to queue
[2025-05-26T10:01:54.370+0000] {logging_mixin.py:188} INFO - [2025-05-26T10:01:54.369+0000] {dagbag.py:540} INFO - Filling up the DagBag from /opt/airflow/dags/etl.py
[2025-05-26T10:01:55.315+0000] {processor.py:842} WARNING - No viable dags retrieved from /opt/airflow/dags/etl.py
[2025-05-26T10:01:55.354+0000] {processor.py:183} INFO - Processing /opt/airflow/dags/etl.py took 1.022 seconds
[2025-05-26T10:02:25.676+0000] {processor.py:161} INFO - Started process (PID=109) to work on /opt/airflow/dags/etl.py
[2025-05-26T10:02:25.677+0000] {processor.py:830} INFO - Processing file /opt/airflow/dags/etl.py for tasks to queue
[2025-05-26T10:02:25.682+0000] {logging_mixin.py:188} INFO - [2025-05-26T10:02:25.682+0000] {dagbag.py:540} INFO - Filling up the DagBag from /opt/airflow/dags/etl.py
[2025-05-26T10:02:26.239+0000] {processor.py:842} WARNING - No viable dags retrieved from /opt/airflow/dags/etl.py
[2025-05-26T10:02:26.254+0000] {processor.py:183} INFO - Processing /opt/airflow/dags/etl.py took 0.588 seconds
[2025-05-26T10:02:56.538+0000] {processor.py:161} INFO - Started process (PID=171) to work on /opt/airflow/dags/etl.py
[2025-05-26T10:02:56.541+0000] {processor.py:830} INFO - Processing file /opt/airflow/dags/etl.py for tasks to queue
[2025-05-26T10:02:56.550+0000] {logging_mixin.py:188} INFO - [2025-05-26T10:02:56.549+0000] {dagbag.py:540} INFO - Filling up the DagBag from /opt/airflow/dags/etl.py
[2025-05-26T10:02:57.059+0000] {processor.py:842} WARNING - No viable dags retrieved from /opt/airflow/dags/etl.py
[2025-05-26T10:02:57.072+0000] {processor.py:183} INFO - Processing /opt/airflow/dags/etl.py took 0.544 seconds
[2025-05-26T10:03:27.497+0000] {processor.py:161} INFO - Started process (PID=233) to work on /opt/airflow/dags/etl.py
[2025-05-26T10:03:27.499+0000] {processor.py:830} INFO - Processing file /opt/airflow/dags/etl.py for tasks to queue
[2025-05-26T10:03:27.503+0000] {logging_mixin.py:188} INFO - [2025-05-26T10:03:27.502+0000] {dagbag.py:540} INFO - Filling up the DagBag from /opt/airflow/dags/etl.py
[2025-05-26T10:03:28.048+0000] {processor.py:842} WARNING - No viable dags retrieved from /opt/airflow/dags/etl.py
[2025-05-26T10:03:28.060+0000] {processor.py:183} INFO - Processing /opt/airflow/dags/etl.py took 0.584 seconds
[2025-05-26T10:03:58.185+0000] {processor.py:161} INFO - Started process (PID=294) to work on /opt/airflow/dags/etl.py
[2025-05-26T10:03:58.188+0000] {processor.py:830} INFO - Processing file /opt/airflow/dags/etl.py for tasks to queue
[2025-05-26T10:03:58.193+0000] {logging_mixin.py:188} INFO - [2025-05-26T10:03:58.193+0000] {dagbag.py:540} INFO - Filling up the DagBag from /opt/airflow/dags/etl.py
[2025-05-26T10:03:58.714+0000] {processor.py:842} WARNING - No viable dags retrieved from /opt/airflow/dags/etl.py
[2025-05-26T10:03:58.725+0000] {processor.py:183} INFO - Processing /opt/airflow/dags/etl.py took 0.547 seconds
[2025-05-26T10:04:28.899+0000] {processor.py:161} INFO - Started process (PID=362) to work on /opt/airflow/dags/etl.py
[2025-05-26T10:04:28.902+0000] {processor.py:830} INFO - Processing file /opt/airflow/dags/etl.py for tasks to queue
[2025-05-26T10:04:28.911+0000] {logging_mixin.py:188} INFO - [2025-05-26T10:04:28.910+0000] {dagbag.py:540} INFO - Filling up the DagBag from /opt/airflow/dags/etl.py
[2025-05-26T10:04:29.399+0000] {processor.py:842} WARNING - No viable dags retrieved from /opt/airflow/dags/etl.py
[2025-05-26T10:04:29.408+0000] {processor.py:183} INFO - Processing /opt/airflow/dags/etl.py took 0.525 seconds
[2025-05-26T10:04:59.628+0000] {processor.py:161} INFO - Started process (PID=424) to work on /opt/airflow/dags/etl.py
[2025-05-26T10:04:59.629+0000] {processor.py:830} INFO - Processing file /opt/airflow/dags/etl.py for tasks to queue
[2025-05-26T10:04:59.634+0000] {logging_mixin.py:188} INFO - [2025-05-26T10:04:59.633+0000] {dagbag.py:540} INFO - Filling up the DagBag from /opt/airflow/dags/etl.py
[2025-05-26T10:05:00.605+0000] {processor.py:842} WARNING - No viable dags retrieved from /opt/airflow/dags/etl.py
[2025-05-26T10:05:00.639+0000] {processor.py:183} INFO - Processing /opt/airflow/dags/etl.py took 1.033 seconds
[2025-05-26T10:05:31.271+0000] {processor.py:161} INFO - Started process (PID=486) to work on /opt/airflow/dags/etl.py
[2025-05-26T10:05:31.273+0000] {processor.py:830} INFO - Processing file /opt/airflow/dags/etl.py for tasks to queue
[2025-05-26T10:05:31.277+0000] {logging_mixin.py:188} INFO - [2025-05-26T10:05:31.276+0000] {dagbag.py:540} INFO - Filling up the DagBag from /opt/airflow/dags/etl.py
[2025-05-26T10:05:31.815+0000] {processor.py:842} WARNING - No viable dags retrieved from /opt/airflow/dags/etl.py
[2025-05-26T10:05:31.830+0000] {processor.py:183} INFO - Processing /opt/airflow/dags/etl.py took 0.570 seconds
[2025-05-26T10:06:02.074+0000] {processor.py:161} INFO - Started process (PID=548) to work on /opt/airflow/dags/etl.py
[2025-05-26T10:06:02.076+0000] {processor.py:830} INFO - Processing file /opt/airflow/dags/etl.py for tasks to queue
[2025-05-26T10:06:02.082+0000] {logging_mixin.py:188} INFO - [2025-05-26T10:06:02.081+0000] {dagbag.py:540} INFO - Filling up the DagBag from /opt/airflow/dags/etl.py
[2025-05-26T10:06:02.636+0000] {processor.py:842} WARNING - No viable dags retrieved from /opt/airflow/dags/etl.py
[2025-05-26T10:06:02.658+0000] {processor.py:183} INFO - Processing /opt/airflow/dags/etl.py took 0.601 seconds
[2025-05-26T10:06:32.869+0000] {processor.py:161} INFO - Started process (PID=610) to work on /opt/airflow/dags/etl.py
[2025-05-26T10:06:32.871+0000] {processor.py:830} INFO - Processing file /opt/airflow/dags/etl.py for tasks to queue
[2025-05-26T10:06:32.875+0000] {logging_mixin.py:188} INFO - [2025-05-26T10:06:32.874+0000] {dagbag.py:540} INFO - Filling up the DagBag from /opt/airflow/dags/etl.py
[2025-05-26T10:06:33.394+0000] {processor.py:842} WARNING - No viable dags retrieved from /opt/airflow/dags/etl.py
[2025-05-26T10:06:33.405+0000] {processor.py:183} INFO - Processing /opt/airflow/dags/etl.py took 0.548 seconds
[2025-05-26T10:07:03.546+0000] {processor.py:161} INFO - Started process (PID=672) to work on /opt/airflow/dags/etl.py
[2025-05-26T10:07:03.549+0000] {processor.py:830} INFO - Processing file /opt/airflow/dags/etl.py for tasks to queue
[2025-05-26T10:07:03.553+0000] {logging_mixin.py:188} INFO - [2025-05-26T10:07:03.552+0000] {dagbag.py:540} INFO - Filling up the DagBag from /opt/airflow/dags/etl.py
[2025-05-26T10:07:04.087+0000] {processor.py:842} WARNING - No viable dags retrieved from /opt/airflow/dags/etl.py
[2025-05-26T10:07:04.100+0000] {processor.py:183} INFO - Processing /opt/airflow/dags/etl.py took 0.566 seconds
[2025-05-26T10:07:34.222+0000] {processor.py:161} INFO - Started process (PID=734) to work on /opt/airflow/dags/etl.py
[2025-05-26T10:07:34.224+0000] {processor.py:830} INFO - Processing file /opt/airflow/dags/etl.py for tasks to queue
[2025-05-26T10:07:34.229+0000] {logging_mixin.py:188} INFO - [2025-05-26T10:07:34.228+0000] {dagbag.py:540} INFO - Filling up the DagBag from /opt/airflow/dags/etl.py
[2025-05-26T10:07:34.773+0000] {processor.py:842} WARNING - No viable dags retrieved from /opt/airflow/dags/etl.py
[2025-05-26T10:07:34.784+0000] {processor.py:183} INFO - Processing /opt/airflow/dags/etl.py took 0.577 seconds
[2025-05-26T10:08:05.465+0000] {processor.py:161} INFO - Started process (PID=796) to work on /opt/airflow/dags/etl.py
[2025-05-26T10:08:05.468+0000] {processor.py:830} INFO - Processing file /opt/airflow/dags/etl.py for tasks to queue
[2025-05-26T10:08:05.472+0000] {logging_mixin.py:188} INFO - [2025-05-26T10:08:05.472+0000] {dagbag.py:540} INFO - Filling up the DagBag from /opt/airflow/dags/etl.py
[2025-05-26T10:08:06.127+0000] {processor.py:842} WARNING - No viable dags retrieved from /opt/airflow/dags/etl.py
[2025-05-26T10:08:06.147+0000] {processor.py:183} INFO - Processing /opt/airflow/dags/etl.py took 0.700 seconds
[2025-05-26T10:08:36.240+0000] {processor.py:161} INFO - Started process (PID=858) to work on /opt/airflow/dags/etl.py
[2025-05-26T10:08:36.244+0000] {processor.py:830} INFO - Processing file /opt/airflow/dags/etl.py for tasks to queue
[2025-05-26T10:08:36.249+0000] {logging_mixin.py:188} INFO - [2025-05-26T10:08:36.248+0000] {dagbag.py:540} INFO - Filling up the DagBag from /opt/airflow/dags/etl.py
[2025-05-26T10:08:36.746+0000] {processor.py:842} WARNING - No viable dags retrieved from /opt/airflow/dags/etl.py
[2025-05-26T10:08:36.758+0000] {processor.py:183} INFO - Processing /opt/airflow/dags/etl.py took 0.541 seconds
[2025-05-26T10:09:06.917+0000] {processor.py:161} INFO - Started process (PID=920) to work on /opt/airflow/dags/etl.py
[2025-05-26T10:09:06.919+0000] {processor.py:830} INFO - Processing file /opt/airflow/dags/etl.py for tasks to queue
[2025-05-26T10:09:06.923+0000] {logging_mixin.py:188} INFO - [2025-05-26T10:09:06.922+0000] {dagbag.py:540} INFO - Filling up the DagBag from /opt/airflow/dags/etl.py
[2025-05-26T10:09:07.379+0000] {processor.py:842} WARNING - No viable dags retrieved from /opt/airflow/dags/etl.py
[2025-05-26T10:09:07.393+0000] {processor.py:183} INFO - Processing /opt/airflow/dags/etl.py took 0.487 seconds
[2025-05-26T10:09:38.026+0000] {processor.py:161} INFO - Started process (PID=982) to work on /opt/airflow/dags/etl.py
[2025-05-26T10:09:38.029+0000] {processor.py:830} INFO - Processing file /opt/airflow/dags/etl.py for tasks to queue
[2025-05-26T10:09:38.034+0000] {logging_mixin.py:188} INFO - [2025-05-26T10:09:38.034+0000] {dagbag.py:540} INFO - Filling up the DagBag from /opt/airflow/dags/etl.py
[2025-05-26T10:09:38.554+0000] {processor.py:842} WARNING - No viable dags retrieved from /opt/airflow/dags/etl.py
[2025-05-26T10:09:38.567+0000] {processor.py:183} INFO - Processing /opt/airflow/dags/etl.py took 0.551 seconds
[2025-05-26T10:10:08.687+0000] {processor.py:161} INFO - Started process (PID=1044) to work on /opt/airflow/dags/etl.py
[2025-05-26T10:10:08.689+0000] {processor.py:830} INFO - Processing file /opt/airflow/dags/etl.py for tasks to queue
[2025-05-26T10:10:08.692+0000] {logging_mixin.py:188} INFO - [2025-05-26T10:10:08.692+0000] {dagbag.py:540} INFO - Filling up the DagBag from /opt/airflow/dags/etl.py
[2025-05-26T10:10:09.001+0000] {processor.py:842} WARNING - No viable dags retrieved from /opt/airflow/dags/etl.py
[2025-05-26T10:10:09.021+0000] {processor.py:183} INFO - Processing /opt/airflow/dags/etl.py took 0.343 seconds
[2025-05-26T10:10:39.142+0000] {processor.py:161} INFO - Started process (PID=1106) to work on /opt/airflow/dags/etl.py
[2025-05-26T10:10:39.144+0000] {processor.py:830} INFO - Processing file /opt/airflow/dags/etl.py for tasks to queue
[2025-05-26T10:10:39.148+0000] {logging_mixin.py:188} INFO - [2025-05-26T10:10:39.147+0000] {dagbag.py:540} INFO - Filling up the DagBag from /opt/airflow/dags/etl.py
[2025-05-26T10:10:39.497+0000] {processor.py:842} WARNING - No viable dags retrieved from /opt/airflow/dags/etl.py
[2025-05-26T10:10:39.512+0000] {processor.py:183} INFO - Processing /opt/airflow/dags/etl.py took 0.381 seconds
[2025-05-26T10:11:09.632+0000] {processor.py:161} INFO - Started process (PID=1170) to work on /opt/airflow/dags/etl.py
[2025-05-26T10:11:09.633+0000] {processor.py:830} INFO - Processing file /opt/airflow/dags/etl.py for tasks to queue
[2025-05-26T10:11:09.635+0000] {logging_mixin.py:188} INFO - [2025-05-26T10:11:09.635+0000] {dagbag.py:540} INFO - Filling up the DagBag from /opt/airflow/dags/etl.py
[2025-05-26T10:11:09.914+0000] {processor.py:842} WARNING - No viable dags retrieved from /opt/airflow/dags/etl.py
[2025-05-26T10:11:09.928+0000] {processor.py:183} INFO - Processing /opt/airflow/dags/etl.py took 0.300 seconds
[2025-05-26T10:11:40.915+0000] {processor.py:161} INFO - Started process (PID=1234) to work on /opt/airflow/dags/etl.py
[2025-05-26T10:11:40.916+0000] {processor.py:830} INFO - Processing file /opt/airflow/dags/etl.py for tasks to queue
[2025-05-26T10:11:40.917+0000] {logging_mixin.py:188} INFO - [2025-05-26T10:11:40.917+0000] {dagbag.py:540} INFO - Filling up the DagBag from /opt/airflow/dags/etl.py
[2025-05-26T10:11:41.353+0000] {processor.py:842} WARNING - No viable dags retrieved from /opt/airflow/dags/etl.py
[2025-05-26T10:11:41.374+0000] {processor.py:183} INFO - Processing /opt/airflow/dags/etl.py took 0.465 seconds
[2025-05-26T10:12:12.055+0000] {processor.py:161} INFO - Started process (PID=1296) to work on /opt/airflow/dags/etl.py
[2025-05-26T10:12:12.057+0000] {processor.py:830} INFO - Processing file /opt/airflow/dags/etl.py for tasks to queue
[2025-05-26T10:12:12.058+0000] {logging_mixin.py:188} INFO - [2025-05-26T10:12:12.058+0000] {dagbag.py:540} INFO - Filling up the DagBag from /opt/airflow/dags/etl.py
[2025-05-26T10:12:12.323+0000] {processor.py:842} WARNING - No viable dags retrieved from /opt/airflow/dags/etl.py
[2025-05-26T10:12:12.338+0000] {processor.py:183} INFO - Processing /opt/airflow/dags/etl.py took 0.296 seconds
[2025-05-26T10:12:42.485+0000] {processor.py:161} INFO - Started process (PID=1358) to work on /opt/airflow/dags/etl.py
[2025-05-26T10:12:42.488+0000] {processor.py:830} INFO - Processing file /opt/airflow/dags/etl.py for tasks to queue
[2025-05-26T10:12:42.489+0000] {logging_mixin.py:188} INFO - [2025-05-26T10:12:42.489+0000] {dagbag.py:540} INFO - Filling up the DagBag from /opt/airflow/dags/etl.py
[2025-05-26T10:12:42.787+0000] {processor.py:842} WARNING - No viable dags retrieved from /opt/airflow/dags/etl.py
[2025-05-26T10:12:42.808+0000] {processor.py:183} INFO - Processing /opt/airflow/dags/etl.py took 0.328 seconds
[2025-05-26T10:13:12.887+0000] {processor.py:161} INFO - Started process (PID=1420) to work on /opt/airflow/dags/etl.py
[2025-05-26T10:13:12.889+0000] {processor.py:830} INFO - Processing file /opt/airflow/dags/etl.py for tasks to queue
[2025-05-26T10:13:12.891+0000] {logging_mixin.py:188} INFO - [2025-05-26T10:13:12.891+0000] {dagbag.py:540} INFO - Filling up the DagBag from /opt/airflow/dags/etl.py
[2025-05-26T10:13:13.153+0000] {processor.py:842} WARNING - No viable dags retrieved from /opt/airflow/dags/etl.py
[2025-05-26T10:13:13.163+0000] {processor.py:183} INFO - Processing /opt/airflow/dags/etl.py took 0.279 seconds
[2025-05-26T10:13:43.650+0000] {processor.py:161} INFO - Started process (PID=1482) to work on /opt/airflow/dags/etl.py
[2025-05-26T10:13:43.652+0000] {processor.py:830} INFO - Processing file /opt/airflow/dags/etl.py for tasks to queue
[2025-05-26T10:13:43.653+0000] {logging_mixin.py:188} INFO - [2025-05-26T10:13:43.653+0000] {dagbag.py:540} INFO - Filling up the DagBag from /opt/airflow/dags/etl.py
[2025-05-26T10:13:43.959+0000] {processor.py:842} WARNING - No viable dags retrieved from /opt/airflow/dags/etl.py
[2025-05-26T10:13:43.973+0000] {processor.py:183} INFO - Processing /opt/airflow/dags/etl.py took 0.328 seconds
[2025-05-26T10:14:14.105+0000] {processor.py:161} INFO - Started process (PID=1544) to work on /opt/airflow/dags/etl.py
[2025-05-26T10:14:14.107+0000] {processor.py:830} INFO - Processing file /opt/airflow/dags/etl.py for tasks to queue
[2025-05-26T10:14:14.110+0000] {logging_mixin.py:188} INFO - [2025-05-26T10:14:14.109+0000] {dagbag.py:540} INFO - Filling up the DagBag from /opt/airflow/dags/etl.py
[2025-05-26T10:14:14.445+0000] {processor.py:842} WARNING - No viable dags retrieved from /opt/airflow/dags/etl.py
[2025-05-26T10:14:14.458+0000] {processor.py:183} INFO - Processing /opt/airflow/dags/etl.py took 0.360 seconds
[2025-05-26T10:14:45.473+0000] {processor.py:161} INFO - Started process (PID=1606) to work on /opt/airflow/dags/etl.py
[2025-05-26T10:14:45.476+0000] {processor.py:830} INFO - Processing file /opt/airflow/dags/etl.py for tasks to queue
[2025-05-26T10:14:45.481+0000] {logging_mixin.py:188} INFO - [2025-05-26T10:14:45.480+0000] {dagbag.py:540} INFO - Filling up the DagBag from /opt/airflow/dags/etl.py
[2025-05-26T10:14:45.762+0000] {processor.py:842} WARNING - No viable dags retrieved from /opt/airflow/dags/etl.py
[2025-05-26T10:14:45.784+0000] {processor.py:183} INFO - Processing /opt/airflow/dags/etl.py took 0.320 seconds
[2025-05-26T10:15:16.660+0000] {processor.py:161} INFO - Started process (PID=1668) to work on /opt/airflow/dags/etl.py
[2025-05-26T10:15:16.662+0000] {processor.py:830} INFO - Processing file /opt/airflow/dags/etl.py for tasks to queue
[2025-05-26T10:15:16.665+0000] {logging_mixin.py:188} INFO - [2025-05-26T10:15:16.664+0000] {dagbag.py:540} INFO - Filling up the DagBag from /opt/airflow/dags/etl.py
[2025-05-26T10:15:16.954+0000] {processor.py:842} WARNING - No viable dags retrieved from /opt/airflow/dags/etl.py
[2025-05-26T10:15:16.970+0000] {processor.py:183} INFO - Processing /opt/airflow/dags/etl.py took 0.321 seconds
[2025-05-26T10:15:47.974+0000] {processor.py:161} INFO - Started process (PID=1730) to work on /opt/airflow/dags/etl.py
[2025-05-26T10:15:47.976+0000] {processor.py:830} INFO - Processing file /opt/airflow/dags/etl.py for tasks to queue
[2025-05-26T10:15:47.978+0000] {logging_mixin.py:188} INFO - [2025-05-26T10:15:47.978+0000] {dagbag.py:540} INFO - Filling up the DagBag from /opt/airflow/dags/etl.py
[2025-05-26T10:15:48.216+0000] {processor.py:842} WARNING - No viable dags retrieved from /opt/airflow/dags/etl.py
[2025-05-26T10:15:48.227+0000] {processor.py:183} INFO - Processing /opt/airflow/dags/etl.py took 0.258 seconds
[2025-05-26T10:16:19.169+0000] {processor.py:161} INFO - Started process (PID=1792) to work on /opt/airflow/dags/etl.py
[2025-05-26T10:16:19.171+0000] {processor.py:830} INFO - Processing file /opt/airflow/dags/etl.py for tasks to queue
[2025-05-26T10:16:19.175+0000] {logging_mixin.py:188} INFO - [2025-05-26T10:16:19.174+0000] {dagbag.py:540} INFO - Filling up the DagBag from /opt/airflow/dags/etl.py
[2025-05-26T10:16:19.431+0000] {processor.py:842} WARNING - No viable dags retrieved from /opt/airflow/dags/etl.py
[2025-05-26T10:16:19.442+0000] {processor.py:183} INFO - Processing /opt/airflow/dags/etl.py took 0.281 seconds
[2025-05-26T10:16:49.485+0000] {processor.py:161} INFO - Started process (PID=1854) to work on /opt/airflow/dags/etl.py
[2025-05-26T10:16:49.486+0000] {processor.py:830} INFO - Processing file /opt/airflow/dags/etl.py for tasks to queue
[2025-05-26T10:16:49.487+0000] {logging_mixin.py:188} INFO - [2025-05-26T10:16:49.487+0000] {dagbag.py:540} INFO - Filling up the DagBag from /opt/airflow/dags/etl.py
[2025-05-26T10:16:49.729+0000] {processor.py:842} WARNING - No viable dags retrieved from /opt/airflow/dags/etl.py
[2025-05-26T10:16:49.737+0000] {processor.py:183} INFO - Processing /opt/airflow/dags/etl.py took 0.258 seconds
[2025-05-26T10:17:20.701+0000] {processor.py:161} INFO - Started process (PID=1916) to work on /opt/airflow/dags/etl.py
[2025-05-26T10:17:20.702+0000] {processor.py:830} INFO - Processing file /opt/airflow/dags/etl.py for tasks to queue
[2025-05-26T10:17:20.704+0000] {logging_mixin.py:188} INFO - [2025-05-26T10:17:20.704+0000] {dagbag.py:540} INFO - Filling up the DagBag from /opt/airflow/dags/etl.py
[2025-05-26T10:17:20.941+0000] {processor.py:842} WARNING - No viable dags retrieved from /opt/airflow/dags/etl.py
[2025-05-26T10:17:20.951+0000] {processor.py:183} INFO - Processing /opt/airflow/dags/etl.py took 0.255 seconds
[2025-05-26T10:17:51.913+0000] {processor.py:161} INFO - Started process (PID=1978) to work on /opt/airflow/dags/etl.py
[2025-05-26T10:17:51.916+0000] {processor.py:830} INFO - Processing file /opt/airflow/dags/etl.py for tasks to queue
[2025-05-26T10:17:51.918+0000] {logging_mixin.py:188} INFO - [2025-05-26T10:17:51.918+0000] {dagbag.py:540} INFO - Filling up the DagBag from /opt/airflow/dags/etl.py
[2025-05-26T10:17:52.174+0000] {processor.py:842} WARNING - No viable dags retrieved from /opt/airflow/dags/etl.py
[2025-05-26T10:17:52.185+0000] {processor.py:183} INFO - Processing /opt/airflow/dags/etl.py took 0.280 seconds
[2025-05-26T10:18:22.274+0000] {processor.py:161} INFO - Started process (PID=2039) to work on /opt/airflow/dags/etl.py
[2025-05-26T10:18:22.276+0000] {processor.py:830} INFO - Processing file /opt/airflow/dags/etl.py for tasks to queue
[2025-05-26T10:18:22.277+0000] {logging_mixin.py:188} INFO - [2025-05-26T10:18:22.277+0000] {dagbag.py:540} INFO - Filling up the DagBag from /opt/airflow/dags/etl.py
[2025-05-26T10:18:22.512+0000] {processor.py:842} WARNING - No viable dags retrieved from /opt/airflow/dags/etl.py
[2025-05-26T10:18:22.524+0000] {processor.py:183} INFO - Processing /opt/airflow/dags/etl.py took 0.256 seconds
[2025-05-26T10:18:53.511+0000] {processor.py:161} INFO - Started process (PID=2101) to work on /opt/airflow/dags/etl.py
[2025-05-26T10:18:53.513+0000] {processor.py:830} INFO - Processing file /opt/airflow/dags/etl.py for tasks to queue
[2025-05-26T10:18:53.515+0000] {logging_mixin.py:188} INFO - [2025-05-26T10:18:53.515+0000] {dagbag.py:540} INFO - Filling up the DagBag from /opt/airflow/dags/etl.py
[2025-05-26T10:18:53.757+0000] {processor.py:842} WARNING - No viable dags retrieved from /opt/airflow/dags/etl.py
[2025-05-26T10:18:53.767+0000] {processor.py:183} INFO - Processing /opt/airflow/dags/etl.py took 0.261 seconds
[2025-05-26T10:19:23.789+0000] {processor.py:161} INFO - Started process (PID=2163) to work on /opt/airflow/dags/etl.py
[2025-05-26T10:19:23.790+0000] {processor.py:830} INFO - Processing file /opt/airflow/dags/etl.py for tasks to queue
[2025-05-26T10:19:23.792+0000] {logging_mixin.py:188} INFO - [2025-05-26T10:19:23.791+0000] {dagbag.py:540} INFO - Filling up the DagBag from /opt/airflow/dags/etl.py
[2025-05-26T10:19:24.158+0000] {processor.py:842} WARNING - No viable dags retrieved from /opt/airflow/dags/etl.py
[2025-05-26T10:19:24.169+0000] {processor.py:183} INFO - Processing /opt/airflow/dags/etl.py took 0.385 seconds
[2025-05-26T10:19:54.500+0000] {processor.py:161} INFO - Started process (PID=2225) to work on /opt/airflow/dags/etl.py
[2025-05-26T10:19:54.501+0000] {processor.py:830} INFO - Processing file /opt/airflow/dags/etl.py for tasks to queue
[2025-05-26T10:19:54.502+0000] {logging_mixin.py:188} INFO - [2025-05-26T10:19:54.502+0000] {dagbag.py:540} INFO - Filling up the DagBag from /opt/airflow/dags/etl.py
[2025-05-26T10:19:54.970+0000] {processor.py:842} WARNING - No viable dags retrieved from /opt/airflow/dags/etl.py
[2025-05-26T10:19:54.990+0000] {processor.py:183} INFO - Processing /opt/airflow/dags/etl.py took 0.496 seconds
[2025-05-26T10:20:25.344+0000] {processor.py:161} INFO - Started process (PID=2287) to work on /opt/airflow/dags/etl.py
[2025-05-26T10:20:25.345+0000] {processor.py:830} INFO - Processing file /opt/airflow/dags/etl.py for tasks to queue
[2025-05-26T10:20:25.347+0000] {logging_mixin.py:188} INFO - [2025-05-26T10:20:25.347+0000] {dagbag.py:540} INFO - Filling up the DagBag from /opt/airflow/dags/etl.py
[2025-05-26T10:20:25.595+0000] {processor.py:842} WARNING - No viable dags retrieved from /opt/airflow/dags/etl.py
[2025-05-26T10:20:25.608+0000] {processor.py:183} INFO - Processing /opt/airflow/dags/etl.py took 0.269 seconds
[2025-05-26T10:20:56.667+0000] {processor.py:161} INFO - Started process (PID=2349) to work on /opt/airflow/dags/etl.py
[2025-05-26T10:20:56.670+0000] {processor.py:830} INFO - Processing file /opt/airflow/dags/etl.py for tasks to queue
[2025-05-26T10:20:56.675+0000] {logging_mixin.py:188} INFO - [2025-05-26T10:20:56.673+0000] {dagbag.py:540} INFO - Filling up the DagBag from /opt/airflow/dags/etl.py
[2025-05-26T10:20:57.036+0000] {processor.py:842} WARNING - No viable dags retrieved from /opt/airflow/dags/etl.py
[2025-05-26T10:20:57.064+0000] {processor.py:183} INFO - Processing /opt/airflow/dags/etl.py took 0.407 seconds
[2025-05-26T10:21:28.029+0000] {processor.py:161} INFO - Started process (PID=2411) to work on /opt/airflow/dags/etl.py
[2025-05-26T10:21:28.032+0000] {processor.py:830} INFO - Processing file /opt/airflow/dags/etl.py for tasks to queue
[2025-05-26T10:21:28.039+0000] {logging_mixin.py:188} INFO - [2025-05-26T10:21:28.035+0000] {dagbag.py:540} INFO - Filling up the DagBag from /opt/airflow/dags/etl.py
[2025-05-26T10:21:28.365+0000] {processor.py:842} WARNING - No viable dags retrieved from /opt/airflow/dags/etl.py
[2025-05-26T10:21:28.384+0000] {processor.py:183} INFO - Processing /opt/airflow/dags/etl.py took 0.376 seconds
[2025-05-26T10:21:58.575+0000] {processor.py:161} INFO - Started process (PID=2473) to work on /opt/airflow/dags/etl.py
[2025-05-26T10:21:58.577+0000] {processor.py:830} INFO - Processing file /opt/airflow/dags/etl.py for tasks to queue
[2025-05-26T10:21:58.579+0000] {logging_mixin.py:188} INFO - [2025-05-26T10:21:58.578+0000] {dagbag.py:540} INFO - Filling up the DagBag from /opt/airflow/dags/etl.py
[2025-05-26T10:21:58.888+0000] {processor.py:842} WARNING - No viable dags retrieved from /opt/airflow/dags/etl.py
[2025-05-26T10:21:58.902+0000] {processor.py:183} INFO - Processing /opt/airflow/dags/etl.py took 0.334 seconds
[2025-05-26T10:22:29.167+0000] {processor.py:161} INFO - Started process (PID=2535) to work on /opt/airflow/dags/etl.py
[2025-05-26T10:22:29.171+0000] {processor.py:830} INFO - Processing file /opt/airflow/dags/etl.py for tasks to queue
[2025-05-26T10:22:29.175+0000] {logging_mixin.py:188} INFO - [2025-05-26T10:22:29.175+0000] {dagbag.py:540} INFO - Filling up the DagBag from /opt/airflow/dags/etl.py
[2025-05-26T10:22:29.790+0000] {processor.py:842} WARNING - No viable dags retrieved from /opt/airflow/dags/etl.py
[2025-05-26T10:22:29.803+0000] {processor.py:183} INFO - Processing /opt/airflow/dags/etl.py took 0.648 seconds
[2025-05-26T10:22:59.960+0000] {processor.py:161} INFO - Started process (PID=2597) to work on /opt/airflow/dags/etl.py
[2025-05-26T10:22:59.963+0000] {processor.py:830} INFO - Processing file /opt/airflow/dags/etl.py for tasks to queue
[2025-05-26T10:22:59.964+0000] {logging_mixin.py:188} INFO - [2025-05-26T10:22:59.964+0000] {dagbag.py:540} INFO - Filling up the DagBag from /opt/airflow/dags/etl.py
[2025-05-26T10:23:00.527+0000] {processor.py:842} WARNING - No viable dags retrieved from /opt/airflow/dags/etl.py
[2025-05-26T10:23:00.546+0000] {processor.py:183} INFO - Processing /opt/airflow/dags/etl.py took 0.596 seconds
[2025-05-26T10:23:31.111+0000] {processor.py:161} INFO - Started process (PID=2659) to work on /opt/airflow/dags/etl.py
[2025-05-26T10:23:31.112+0000] {processor.py:830} INFO - Processing file /opt/airflow/dags/etl.py for tasks to queue
[2025-05-26T10:23:31.114+0000] {logging_mixin.py:188} INFO - [2025-05-26T10:23:31.114+0000] {dagbag.py:540} INFO - Filling up the DagBag from /opt/airflow/dags/etl.py
[2025-05-26T10:23:31.657+0000] {processor.py:842} WARNING - No viable dags retrieved from /opt/airflow/dags/etl.py
[2025-05-26T10:23:31.668+0000] {processor.py:183} INFO - Processing /opt/airflow/dags/etl.py took 0.564 seconds
[2025-05-26T10:24:01.899+0000] {processor.py:161} INFO - Started process (PID=2721) to work on /opt/airflow/dags/etl.py
[2025-05-26T10:24:01.902+0000] {processor.py:830} INFO - Processing file /opt/airflow/dags/etl.py for tasks to queue
[2025-05-26T10:24:01.907+0000] {logging_mixin.py:188} INFO - [2025-05-26T10:24:01.906+0000] {dagbag.py:540} INFO - Filling up the DagBag from /opt/airflow/dags/etl.py
[2025-05-26T10:24:02.385+0000] {processor.py:842} WARNING - No viable dags retrieved from /opt/airflow/dags/etl.py
[2025-05-26T10:24:02.417+0000] {processor.py:183} INFO - Processing /opt/airflow/dags/etl.py took 0.528 seconds
[2025-05-26T10:24:33.272+0000] {processor.py:161} INFO - Started process (PID=2789) to work on /opt/airflow/dags/etl.py
[2025-05-26T10:24:33.283+0000] {processor.py:830} INFO - Processing file /opt/airflow/dags/etl.py for tasks to queue
[2025-05-26T10:24:33.287+0000] {logging_mixin.py:188} INFO - [2025-05-26T10:24:33.286+0000] {dagbag.py:540} INFO - Filling up the DagBag from /opt/airflow/dags/etl.py
[2025-05-26T10:24:33.895+0000] {processor.py:842} WARNING - No viable dags retrieved from /opt/airflow/dags/etl.py
[2025-05-26T10:24:33.913+0000] {processor.py:183} INFO - Processing /opt/airflow/dags/etl.py took 0.657 seconds
[2025-05-26T10:25:04.487+0000] {processor.py:161} INFO - Started process (PID=2851) to work on /opt/airflow/dags/etl.py
[2025-05-26T10:25:04.490+0000] {processor.py:830} INFO - Processing file /opt/airflow/dags/etl.py for tasks to queue
[2025-05-26T10:25:04.494+0000] {logging_mixin.py:188} INFO - [2025-05-26T10:25:04.494+0000] {dagbag.py:540} INFO - Filling up the DagBag from /opt/airflow/dags/etl.py
[2025-05-26T10:25:05.068+0000] {processor.py:842} WARNING - No viable dags retrieved from /opt/airflow/dags/etl.py
[2025-05-26T10:25:05.101+0000] {processor.py:183} INFO - Processing /opt/airflow/dags/etl.py took 0.625 seconds
[2025-05-26T10:25:35.184+0000] {processor.py:161} INFO - Started process (PID=2913) to work on /opt/airflow/dags/etl.py
[2025-05-26T10:25:35.186+0000] {processor.py:830} INFO - Processing file /opt/airflow/dags/etl.py for tasks to queue
[2025-05-26T10:25:35.192+0000] {logging_mixin.py:188} INFO - [2025-05-26T10:25:35.191+0000] {dagbag.py:540} INFO - Filling up the DagBag from /opt/airflow/dags/etl.py
[2025-05-26T10:25:35.718+0000] {processor.py:842} WARNING - No viable dags retrieved from /opt/airflow/dags/etl.py
[2025-05-26T10:25:35.731+0000] {processor.py:183} INFO - Processing /opt/airflow/dags/etl.py took 0.563 seconds
[2025-05-26T10:26:06.015+0000] {processor.py:161} INFO - Started process (PID=2975) to work on /opt/airflow/dags/etl.py
[2025-05-26T10:26:06.019+0000] {processor.py:830} INFO - Processing file /opt/airflow/dags/etl.py for tasks to queue
[2025-05-26T10:26:06.022+0000] {logging_mixin.py:188} INFO - [2025-05-26T10:26:06.022+0000] {dagbag.py:540} INFO - Filling up the DagBag from /opt/airflow/dags/etl.py
[2025-05-26T10:26:06.710+0000] {processor.py:842} WARNING - No viable dags retrieved from /opt/airflow/dags/etl.py
[2025-05-26T10:26:06.726+0000] {processor.py:183} INFO - Processing /opt/airflow/dags/etl.py took 0.729 seconds
[2025-05-26T10:26:37.756+0000] {processor.py:161} INFO - Started process (PID=3036) to work on /opt/airflow/dags/etl.py
[2025-05-26T10:26:37.760+0000] {processor.py:830} INFO - Processing file /opt/airflow/dags/etl.py for tasks to queue
[2025-05-26T10:26:37.762+0000] {logging_mixin.py:188} INFO - [2025-05-26T10:26:37.762+0000] {dagbag.py:540} INFO - Filling up the DagBag from /opt/airflow/dags/etl.py
[2025-05-26T10:26:38.331+0000] {processor.py:842} WARNING - No viable dags retrieved from /opt/airflow/dags/etl.py
[2025-05-26T10:26:38.341+0000] {processor.py:183} INFO - Processing /opt/airflow/dags/etl.py took 0.592 seconds
[2025-05-26T10:27:08.493+0000] {processor.py:161} INFO - Started process (PID=3098) to work on /opt/airflow/dags/etl.py
[2025-05-26T10:27:08.495+0000] {processor.py:830} INFO - Processing file /opt/airflow/dags/etl.py for tasks to queue
[2025-05-26T10:27:08.499+0000] {logging_mixin.py:188} INFO - [2025-05-26T10:27:08.498+0000] {dagbag.py:540} INFO - Filling up the DagBag from /opt/airflow/dags/etl.py
[2025-05-26T10:27:09.100+0000] {processor.py:842} WARNING - No viable dags retrieved from /opt/airflow/dags/etl.py
[2025-05-26T10:27:09.118+0000] {processor.py:183} INFO - Processing /opt/airflow/dags/etl.py took 0.643 seconds
[2025-05-26T10:27:40.108+0000] {processor.py:161} INFO - Started process (PID=3160) to work on /opt/airflow/dags/etl.py
[2025-05-26T10:27:40.110+0000] {processor.py:830} INFO - Processing file /opt/airflow/dags/etl.py for tasks to queue
[2025-05-26T10:27:40.112+0000] {logging_mixin.py:188} INFO - [2025-05-26T10:27:40.111+0000] {dagbag.py:540} INFO - Filling up the DagBag from /opt/airflow/dags/etl.py
[2025-05-26T10:27:40.687+0000] {processor.py:842} WARNING - No viable dags retrieved from /opt/airflow/dags/etl.py
[2025-05-26T10:27:40.703+0000] {processor.py:183} INFO - Processing /opt/airflow/dags/etl.py took 0.608 seconds
[2025-05-26T10:28:10.790+0000] {processor.py:161} INFO - Started process (PID=3222) to work on /opt/airflow/dags/etl.py
[2025-05-26T10:28:10.791+0000] {processor.py:830} INFO - Processing file /opt/airflow/dags/etl.py for tasks to queue
[2025-05-26T10:28:10.793+0000] {logging_mixin.py:188} INFO - [2025-05-26T10:28:10.793+0000] {dagbag.py:540} INFO - Filling up the DagBag from /opt/airflow/dags/etl.py
[2025-05-26T10:28:11.440+0000] {processor.py:842} WARNING - No viable dags retrieved from /opt/airflow/dags/etl.py
[2025-05-26T10:28:11.453+0000] {processor.py:183} INFO - Processing /opt/airflow/dags/etl.py took 0.698 seconds
[2025-05-26T10:28:41.717+0000] {processor.py:161} INFO - Started process (PID=3284) to work on /opt/airflow/dags/etl.py
[2025-05-26T10:28:41.719+0000] {processor.py:830} INFO - Processing file /opt/airflow/dags/etl.py for tasks to queue
[2025-05-26T10:28:41.727+0000] {logging_mixin.py:188} INFO - [2025-05-26T10:28:41.726+0000] {dagbag.py:540} INFO - Filling up the DagBag from /opt/airflow/dags/etl.py
[2025-05-26T10:28:42.393+0000] {processor.py:842} WARNING - No viable dags retrieved from /opt/airflow/dags/etl.py
[2025-05-26T10:28:42.418+0000] {processor.py:183} INFO - Processing /opt/airflow/dags/etl.py took 0.721 seconds
[2025-05-26T10:29:12.782+0000] {processor.py:161} INFO - Started process (PID=3346) to work on /opt/airflow/dags/etl.py
[2025-05-26T10:29:12.784+0000] {processor.py:830} INFO - Processing file /opt/airflow/dags/etl.py for tasks to queue
[2025-05-26T10:29:12.789+0000] {logging_mixin.py:188} INFO - [2025-05-26T10:29:12.788+0000] {dagbag.py:540} INFO - Filling up the DagBag from /opt/airflow/dags/etl.py
[2025-05-26T10:29:13.377+0000] {processor.py:842} WARNING - No viable dags retrieved from /opt/airflow/dags/etl.py
[2025-05-26T10:29:13.392+0000] {processor.py:183} INFO - Processing /opt/airflow/dags/etl.py took 0.622 seconds
[2025-05-26T10:29:43.558+0000] {processor.py:161} INFO - Started process (PID=3408) to work on /opt/airflow/dags/etl.py
[2025-05-26T10:29:43.561+0000] {processor.py:830} INFO - Processing file /opt/airflow/dags/etl.py for tasks to queue
[2025-05-26T10:29:43.564+0000] {logging_mixin.py:188} INFO - [2025-05-26T10:29:43.564+0000] {dagbag.py:540} INFO - Filling up the DagBag from /opt/airflow/dags/etl.py
[2025-05-26T10:29:44.163+0000] {processor.py:842} WARNING - No viable dags retrieved from /opt/airflow/dags/etl.py
[2025-05-26T10:29:44.176+0000] {processor.py:183} INFO - Processing /opt/airflow/dags/etl.py took 0.633 seconds
[2025-05-26T10:30:14.302+0000] {processor.py:161} INFO - Started process (PID=3470) to work on /opt/airflow/dags/etl.py
[2025-05-26T10:30:14.306+0000] {processor.py:830} INFO - Processing file /opt/airflow/dags/etl.py for tasks to queue
[2025-05-26T10:30:14.313+0000] {logging_mixin.py:188} INFO - [2025-05-26T10:30:14.311+0000] {dagbag.py:540} INFO - Filling up the DagBag from /opt/airflow/dags/etl.py
[2025-05-26T10:30:14.992+0000] {processor.py:842} WARNING - No viable dags retrieved from /opt/airflow/dags/etl.py
[2025-05-26T10:30:15.016+0000] {processor.py:183} INFO - Processing /opt/airflow/dags/etl.py took 0.739 seconds
[2025-05-26T10:30:45.593+0000] {processor.py:161} INFO - Started process (PID=3532) to work on /opt/airflow/dags/etl.py
[2025-05-26T10:30:45.596+0000] {processor.py:830} INFO - Processing file /opt/airflow/dags/etl.py for tasks to queue
[2025-05-26T10:30:45.603+0000] {logging_mixin.py:188} INFO - [2025-05-26T10:30:45.602+0000] {dagbag.py:540} INFO - Filling up the DagBag from /opt/airflow/dags/etl.py
[2025-05-26T10:30:46.220+0000] {processor.py:842} WARNING - No viable dags retrieved from /opt/airflow/dags/etl.py
[2025-05-26T10:30:46.237+0000] {processor.py:183} INFO - Processing /opt/airflow/dags/etl.py took 0.669 seconds
[2025-05-26T10:31:16.330+0000] {processor.py:161} INFO - Started process (PID=3593) to work on /opt/airflow/dags/etl.py
[2025-05-26T10:31:16.332+0000] {processor.py:830} INFO - Processing file /opt/airflow/dags/etl.py for tasks to queue
[2025-05-26T10:31:16.341+0000] {logging_mixin.py:188} INFO - [2025-05-26T10:31:16.341+0000] {dagbag.py:540} INFO - Filling up the DagBag from /opt/airflow/dags/etl.py
[2025-05-26T10:31:17.141+0000] {processor.py:842} WARNING - No viable dags retrieved from /opt/airflow/dags/etl.py
[2025-05-26T10:31:17.167+0000] {processor.py:183} INFO - Processing /opt/airflow/dags/etl.py took 0.854 seconds
[2025-05-26T10:31:47.605+0000] {processor.py:161} INFO - Started process (PID=3655) to work on /opt/airflow/dags/etl.py
[2025-05-26T10:31:47.607+0000] {processor.py:830} INFO - Processing file /opt/airflow/dags/etl.py for tasks to queue
[2025-05-26T10:31:47.613+0000] {logging_mixin.py:188} INFO - [2025-05-26T10:31:47.612+0000] {dagbag.py:540} INFO - Filling up the DagBag from /opt/airflow/dags/etl.py
[2025-05-26T10:31:48.078+0000] {processor.py:842} WARNING - No viable dags retrieved from /opt/airflow/dags/etl.py
[2025-05-26T10:31:48.090+0000] {processor.py:183} INFO - Processing /opt/airflow/dags/etl.py took 0.497 seconds
[2025-05-26T10:32:18.152+0000] {processor.py:161} INFO - Started process (PID=3717) to work on /opt/airflow/dags/etl.py
[2025-05-26T10:32:18.155+0000] {processor.py:830} INFO - Processing file /opt/airflow/dags/etl.py for tasks to queue
[2025-05-26T10:32:18.158+0000] {logging_mixin.py:188} INFO - [2025-05-26T10:32:18.157+0000] {dagbag.py:540} INFO - Filling up the DagBag from /opt/airflow/dags/etl.py
[2025-05-26T10:32:18.541+0000] {processor.py:842} WARNING - No viable dags retrieved from /opt/airflow/dags/etl.py
[2025-05-26T10:32:18.554+0000] {processor.py:183} INFO - Processing /opt/airflow/dags/etl.py took 0.412 seconds
[2025-05-26T10:32:48.748+0000] {processor.py:161} INFO - Started process (PID=3779) to work on /opt/airflow/dags/etl.py
[2025-05-26T10:32:48.750+0000] {processor.py:830} INFO - Processing file /opt/airflow/dags/etl.py for tasks to queue
[2025-05-26T10:32:48.754+0000] {logging_mixin.py:188} INFO - [2025-05-26T10:32:48.754+0000] {dagbag.py:540} INFO - Filling up the DagBag from /opt/airflow/dags/etl.py
[2025-05-26T10:32:49.279+0000] {processor.py:842} WARNING - No viable dags retrieved from /opt/airflow/dags/etl.py
[2025-05-26T10:32:49.295+0000] {processor.py:183} INFO - Processing /opt/airflow/dags/etl.py took 0.561 seconds
[2025-05-26T10:33:20.324+0000] {processor.py:161} INFO - Started process (PID=3841) to work on /opt/airflow/dags/etl.py
[2025-05-26T10:33:20.327+0000] {processor.py:830} INFO - Processing file /opt/airflow/dags/etl.py for tasks to queue
[2025-05-26T10:33:20.331+0000] {logging_mixin.py:188} INFO - [2025-05-26T10:33:20.330+0000] {dagbag.py:540} INFO - Filling up the DagBag from /opt/airflow/dags/etl.py
[2025-05-26T10:33:20.928+0000] {processor.py:842} WARNING - No viable dags retrieved from /opt/airflow/dags/etl.py
[2025-05-26T10:33:20.939+0000] {processor.py:183} INFO - Processing /opt/airflow/dags/etl.py took 0.634 seconds
[2025-05-26T10:33:51.143+0000] {processor.py:161} INFO - Started process (PID=3903) to work on /opt/airflow/dags/etl.py
[2025-05-26T10:33:51.146+0000] {processor.py:830} INFO - Processing file /opt/airflow/dags/etl.py for tasks to queue
[2025-05-26T10:33:51.151+0000] {logging_mixin.py:188} INFO - [2025-05-26T10:33:51.151+0000] {dagbag.py:540} INFO - Filling up the DagBag from /opt/airflow/dags/etl.py
[2025-05-26T10:33:51.791+0000] {processor.py:842} WARNING - No viable dags retrieved from /opt/airflow/dags/etl.py
[2025-05-26T10:33:51.809+0000] {processor.py:183} INFO - Processing /opt/airflow/dags/etl.py took 0.683 seconds
[2025-05-26T10:34:21.967+0000] {processor.py:161} INFO - Started process (PID=3965) to work on /opt/airflow/dags/etl.py
[2025-05-26T10:34:21.973+0000] {processor.py:830} INFO - Processing file /opt/airflow/dags/etl.py for tasks to queue
[2025-05-26T10:34:21.977+0000] {logging_mixin.py:188} INFO - [2025-05-26T10:34:21.977+0000] {dagbag.py:540} INFO - Filling up the DagBag from /opt/airflow/dags/etl.py
[2025-05-26T10:34:22.678+0000] {processor.py:842} WARNING - No viable dags retrieved from /opt/airflow/dags/etl.py
[2025-05-26T10:34:22.699+0000] {processor.py:183} INFO - Processing /opt/airflow/dags/etl.py took 0.761 seconds
[2025-05-26T10:34:53.295+0000] {processor.py:161} INFO - Started process (PID=4027) to work on /opt/airflow/dags/etl.py
[2025-05-26T10:34:53.298+0000] {processor.py:830} INFO - Processing file /opt/airflow/dags/etl.py for tasks to queue
[2025-05-26T10:34:53.304+0000] {logging_mixin.py:188} INFO - [2025-05-26T10:34:53.303+0000] {dagbag.py:540} INFO - Filling up the DagBag from /opt/airflow/dags/etl.py
[2025-05-26T10:34:53.896+0000] {processor.py:842} WARNING - No viable dags retrieved from /opt/airflow/dags/etl.py
[2025-05-26T10:34:53.909+0000] {processor.py:183} INFO - Processing /opt/airflow/dags/etl.py took 0.628 seconds
[2025-05-26T10:35:24.002+0000] {processor.py:161} INFO - Started process (PID=4089) to work on /opt/airflow/dags/etl.py
[2025-05-26T10:35:24.005+0000] {processor.py:830} INFO - Processing file /opt/airflow/dags/etl.py for tasks to queue
[2025-05-26T10:35:24.011+0000] {logging_mixin.py:188} INFO - [2025-05-26T10:35:24.011+0000] {dagbag.py:540} INFO - Filling up the DagBag from /opt/airflow/dags/etl.py
[2025-05-26T10:35:24.620+0000] {processor.py:842} WARNING - No viable dags retrieved from /opt/airflow/dags/etl.py
[2025-05-26T10:35:24.631+0000] {processor.py:183} INFO - Processing /opt/airflow/dags/etl.py took 0.650 seconds
[2025-05-26T10:35:55.649+0000] {processor.py:161} INFO - Started process (PID=4151) to work on /opt/airflow/dags/etl.py
[2025-05-26T10:35:55.652+0000] {processor.py:830} INFO - Processing file /opt/airflow/dags/etl.py for tasks to queue
[2025-05-26T10:35:55.658+0000] {logging_mixin.py:188} INFO - [2025-05-26T10:35:55.657+0000] {dagbag.py:540} INFO - Filling up the DagBag from /opt/airflow/dags/etl.py
[2025-05-26T10:35:56.276+0000] {processor.py:842} WARNING - No viable dags retrieved from /opt/airflow/dags/etl.py
[2025-05-26T10:35:56.289+0000] {processor.py:183} INFO - Processing /opt/airflow/dags/etl.py took 0.667 seconds
[2025-05-26T10:36:27.305+0000] {processor.py:161} INFO - Started process (PID=4213) to work on /opt/airflow/dags/etl.py
[2025-05-26T10:36:27.309+0000] {processor.py:830} INFO - Processing file /opt/airflow/dags/etl.py for tasks to queue
[2025-05-26T10:36:27.311+0000] {logging_mixin.py:188} INFO - [2025-05-26T10:36:27.311+0000] {dagbag.py:540} INFO - Filling up the DagBag from /opt/airflow/dags/etl.py
[2025-05-26T10:36:27.824+0000] {processor.py:842} WARNING - No viable dags retrieved from /opt/airflow/dags/etl.py
[2025-05-26T10:36:27.840+0000] {processor.py:183} INFO - Processing /opt/airflow/dags/etl.py took 0.542 seconds
[2025-05-26T10:36:58.028+0000] {processor.py:161} INFO - Started process (PID=4275) to work on /opt/airflow/dags/etl.py
[2025-05-26T10:36:58.030+0000] {processor.py:830} INFO - Processing file /opt/airflow/dags/etl.py for tasks to queue
[2025-05-26T10:36:58.035+0000] {logging_mixin.py:188} INFO - [2025-05-26T10:36:58.035+0000] {dagbag.py:540} INFO - Filling up the DagBag from /opt/airflow/dags/etl.py
[2025-05-26T10:36:58.628+0000] {processor.py:842} WARNING - No viable dags retrieved from /opt/airflow/dags/etl.py
[2025-05-26T10:36:58.645+0000] {processor.py:183} INFO - Processing /opt/airflow/dags/etl.py took 0.646 seconds
[2025-05-26T10:37:29.505+0000] {processor.py:161} INFO - Started process (PID=4337) to work on /opt/airflow/dags/etl.py
[2025-05-26T10:37:29.508+0000] {processor.py:830} INFO - Processing file /opt/airflow/dags/etl.py for tasks to queue
[2025-05-26T10:37:29.514+0000] {logging_mixin.py:188} INFO - [2025-05-26T10:37:29.513+0000] {dagbag.py:540} INFO - Filling up the DagBag from /opt/airflow/dags/etl.py
[2025-05-26T10:37:30.309+0000] {processor.py:842} WARNING - No viable dags retrieved from /opt/airflow/dags/etl.py
[2025-05-26T10:37:30.366+0000] {processor.py:183} INFO - Processing /opt/airflow/dags/etl.py took 0.876 seconds
[2025-05-26T10:38:00.731+0000] {processor.py:161} INFO - Started process (PID=4399) to work on /opt/airflow/dags/etl.py
[2025-05-26T10:38:00.734+0000] {processor.py:830} INFO - Processing file /opt/airflow/dags/etl.py for tasks to queue
[2025-05-26T10:38:00.739+0000] {logging_mixin.py:188} INFO - [2025-05-26T10:38:00.739+0000] {dagbag.py:540} INFO - Filling up the DagBag from /opt/airflow/dags/etl.py
[2025-05-26T10:38:01.354+0000] {processor.py:842} WARNING - No viable dags retrieved from /opt/airflow/dags/etl.py
[2025-05-26T10:38:01.368+0000] {processor.py:183} INFO - Processing /opt/airflow/dags/etl.py took 0.667 seconds
[2025-05-26T10:38:32.406+0000] {processor.py:161} INFO - Started process (PID=4461) to work on /opt/airflow/dags/etl.py
[2025-05-26T10:38:32.408+0000] {processor.py:830} INFO - Processing file /opt/airflow/dags/etl.py for tasks to queue
[2025-05-26T10:38:32.414+0000] {logging_mixin.py:188} INFO - [2025-05-26T10:38:32.413+0000] {dagbag.py:540} INFO - Filling up the DagBag from /opt/airflow/dags/etl.py
[2025-05-26T10:38:32.908+0000] {processor.py:842} WARNING - No viable dags retrieved from /opt/airflow/dags/etl.py
[2025-05-26T10:38:32.922+0000] {processor.py:183} INFO - Processing /opt/airflow/dags/etl.py took 0.526 seconds
[2025-05-26T10:39:03.082+0000] {processor.py:161} INFO - Started process (PID=4522) to work on /opt/airflow/dags/etl.py
[2025-05-26T10:39:03.085+0000] {processor.py:830} INFO - Processing file /opt/airflow/dags/etl.py for tasks to queue
[2025-05-26T10:39:03.090+0000] {logging_mixin.py:188} INFO - [2025-05-26T10:39:03.090+0000] {dagbag.py:540} INFO - Filling up the DagBag from /opt/airflow/dags/etl.py
[2025-05-26T10:39:03.541+0000] {processor.py:842} WARNING - No viable dags retrieved from /opt/airflow/dags/etl.py
[2025-05-26T10:39:03.560+0000] {processor.py:183} INFO - Processing /opt/airflow/dags/etl.py took 0.489 seconds
[2025-05-26T10:39:33.654+0000] {processor.py:161} INFO - Started process (PID=4584) to work on /opt/airflow/dags/etl.py
[2025-05-26T10:39:33.659+0000] {processor.py:830} INFO - Processing file /opt/airflow/dags/etl.py for tasks to queue
[2025-05-26T10:39:33.661+0000] {logging_mixin.py:188} INFO - [2025-05-26T10:39:33.661+0000] {dagbag.py:540} INFO - Filling up the DagBag from /opt/airflow/dags/etl.py
[2025-05-26T10:39:34.098+0000] {processor.py:842} WARNING - No viable dags retrieved from /opt/airflow/dags/etl.py
[2025-05-26T10:39:34.108+0000] {processor.py:183} INFO - Processing /opt/airflow/dags/etl.py took 0.464 seconds
[2025-05-26T10:40:04.991+0000] {processor.py:161} INFO - Started process (PID=4646) to work on /opt/airflow/dags/etl.py
[2025-05-26T10:40:04.994+0000] {processor.py:830} INFO - Processing file /opt/airflow/dags/etl.py for tasks to queue
[2025-05-26T10:40:04.996+0000] {logging_mixin.py:188} INFO - [2025-05-26T10:40:04.995+0000] {dagbag.py:540} INFO - Filling up the DagBag from /opt/airflow/dags/etl.py
[2025-05-26T10:40:05.515+0000] {processor.py:842} WARNING - No viable dags retrieved from /opt/airflow/dags/etl.py
[2025-05-26T10:40:05.527+0000] {processor.py:183} INFO - Processing /opt/airflow/dags/etl.py took 0.545 seconds
[2025-05-26T10:40:35.573+0000] {processor.py:161} INFO - Started process (PID=4714) to work on /opt/airflow/dags/etl.py
[2025-05-26T10:40:35.574+0000] {processor.py:830} INFO - Processing file /opt/airflow/dags/etl.py for tasks to queue
[2025-05-26T10:40:35.577+0000] {logging_mixin.py:188} INFO - [2025-05-26T10:40:35.576+0000] {dagbag.py:540} INFO - Filling up the DagBag from /opt/airflow/dags/etl.py
[2025-05-26T10:40:35.966+0000] {processor.py:842} WARNING - No viable dags retrieved from /opt/airflow/dags/etl.py
[2025-05-26T10:40:35.973+0000] {processor.py:183} INFO - Processing /opt/airflow/dags/etl.py took 0.407 seconds
[2025-05-26T10:41:06.157+0000] {processor.py:161} INFO - Started process (PID=4776) to work on /opt/airflow/dags/etl.py
[2025-05-26T10:41:06.159+0000] {processor.py:830} INFO - Processing file /opt/airflow/dags/etl.py for tasks to queue
[2025-05-26T10:41:06.162+0000] {logging_mixin.py:188} INFO - [2025-05-26T10:41:06.161+0000] {dagbag.py:540} INFO - Filling up the DagBag from /opt/airflow/dags/etl.py
[2025-05-26T10:41:06.710+0000] {processor.py:842} WARNING - No viable dags retrieved from /opt/airflow/dags/etl.py
[2025-05-26T10:41:06.727+0000] {processor.py:183} INFO - Processing /opt/airflow/dags/etl.py took 0.579 seconds
[2025-05-26T10:41:36.940+0000] {processor.py:161} INFO - Started process (PID=4839) to work on /opt/airflow/dags/etl.py
[2025-05-26T10:41:36.942+0000] {processor.py:830} INFO - Processing file /opt/airflow/dags/etl.py for tasks to queue
[2025-05-26T10:41:36.945+0000] {logging_mixin.py:188} INFO - [2025-05-26T10:41:36.945+0000] {dagbag.py:540} INFO - Filling up the DagBag from /opt/airflow/dags/etl.py
[2025-05-26T10:41:37.419+0000] {processor.py:842} WARNING - No viable dags retrieved from /opt/airflow/dags/etl.py
[2025-05-26T10:41:37.433+0000] {processor.py:183} INFO - Processing /opt/airflow/dags/etl.py took 0.504 seconds
[2025-05-26T10:42:08.099+0000] {processor.py:161} INFO - Started process (PID=4901) to work on /opt/airflow/dags/etl.py
[2025-05-26T10:42:08.103+0000] {processor.py:830} INFO - Processing file /opt/airflow/dags/etl.py for tasks to queue
[2025-05-26T10:42:08.110+0000] {logging_mixin.py:188} INFO - [2025-05-26T10:42:08.109+0000] {dagbag.py:540} INFO - Filling up the DagBag from /opt/airflow/dags/etl.py
[2025-05-26T10:42:08.670+0000] {processor.py:842} WARNING - No viable dags retrieved from /opt/airflow/dags/etl.py
[2025-05-26T10:42:08.683+0000] {processor.py:183} INFO - Processing /opt/airflow/dags/etl.py took 0.600 seconds
[2025-05-26T10:42:39.198+0000] {processor.py:161} INFO - Started process (PID=4963) to work on /opt/airflow/dags/etl.py
[2025-05-26T10:42:39.201+0000] {processor.py:830} INFO - Processing file /opt/airflow/dags/etl.py for tasks to queue
[2025-05-26T10:42:39.205+0000] {logging_mixin.py:188} INFO - [2025-05-26T10:42:39.204+0000] {dagbag.py:540} INFO - Filling up the DagBag from /opt/airflow/dags/etl.py
[2025-05-26T10:42:39.787+0000] {processor.py:842} WARNING - No viable dags retrieved from /opt/airflow/dags/etl.py
[2025-05-26T10:42:39.801+0000] {processor.py:183} INFO - Processing /opt/airflow/dags/etl.py took 0.616 seconds
[2025-05-26T10:43:10.010+0000] {processor.py:161} INFO - Started process (PID=5025) to work on /opt/airflow/dags/etl.py
[2025-05-26T10:43:10.011+0000] {processor.py:830} INFO - Processing file /opt/airflow/dags/etl.py for tasks to queue
[2025-05-26T10:43:10.016+0000] {logging_mixin.py:188} INFO - [2025-05-26T10:43:10.015+0000] {dagbag.py:540} INFO - Filling up the DagBag from /opt/airflow/dags/etl.py
[2025-05-26T10:43:10.594+0000] {processor.py:842} WARNING - No viable dags retrieved from /opt/airflow/dags/etl.py
[2025-05-26T10:43:10.616+0000] {processor.py:183} INFO - Processing /opt/airflow/dags/etl.py took 0.615 seconds
[2025-05-26T10:43:40.786+0000] {processor.py:161} INFO - Started process (PID=5087) to work on /opt/airflow/dags/etl.py
[2025-05-26T10:43:40.790+0000] {processor.py:830} INFO - Processing file /opt/airflow/dags/etl.py for tasks to queue
[2025-05-26T10:43:40.796+0000] {logging_mixin.py:188} INFO - [2025-05-26T10:43:40.796+0000] {dagbag.py:540} INFO - Filling up the DagBag from /opt/airflow/dags/etl.py
[2025-05-26T10:43:41.351+0000] {processor.py:842} WARNING - No viable dags retrieved from /opt/airflow/dags/etl.py
[2025-05-26T10:43:41.364+0000] {processor.py:183} INFO - Processing /opt/airflow/dags/etl.py took 0.600 seconds
[2025-05-26T10:44:11.954+0000] {processor.py:161} INFO - Started process (PID=5149) to work on /opt/airflow/dags/etl.py
[2025-05-26T10:44:11.960+0000] {processor.py:830} INFO - Processing file /opt/airflow/dags/etl.py for tasks to queue
[2025-05-26T10:44:11.968+0000] {logging_mixin.py:188} INFO - [2025-05-26T10:44:11.967+0000] {dagbag.py:540} INFO - Filling up the DagBag from /opt/airflow/dags/etl.py
[2025-05-26T10:44:12.556+0000] {processor.py:842} WARNING - No viable dags retrieved from /opt/airflow/dags/etl.py
[2025-05-26T10:44:12.572+0000] {processor.py:183} INFO - Processing /opt/airflow/dags/etl.py took 0.637 seconds
[2025-05-26T10:44:42.991+0000] {processor.py:161} INFO - Started process (PID=5211) to work on /opt/airflow/dags/etl.py
[2025-05-26T10:44:42.993+0000] {processor.py:830} INFO - Processing file /opt/airflow/dags/etl.py for tasks to queue
[2025-05-26T10:44:42.998+0000] {logging_mixin.py:188} INFO - [2025-05-26T10:44:42.998+0000] {dagbag.py:540} INFO - Filling up the DagBag from /opt/airflow/dags/etl.py
[2025-05-26T10:44:43.546+0000] {processor.py:842} WARNING - No viable dags retrieved from /opt/airflow/dags/etl.py
[2025-05-26T10:44:43.573+0000] {processor.py:183} INFO - Processing /opt/airflow/dags/etl.py took 0.597 seconds
[2025-05-26T10:45:13.948+0000] {processor.py:161} INFO - Started process (PID=5273) to work on /opt/airflow/dags/etl.py
[2025-05-26T10:45:13.951+0000] {processor.py:830} INFO - Processing file /opt/airflow/dags/etl.py for tasks to queue
[2025-05-26T10:45:13.956+0000] {logging_mixin.py:188} INFO - [2025-05-26T10:45:13.955+0000] {dagbag.py:540} INFO - Filling up the DagBag from /opt/airflow/dags/etl.py
[2025-05-26T10:45:14.548+0000] {processor.py:842} WARNING - No viable dags retrieved from /opt/airflow/dags/etl.py
[2025-05-26T10:45:14.567+0000] {processor.py:183} INFO - Processing /opt/airflow/dags/etl.py took 0.631 seconds
[2025-05-26T10:45:44.840+0000] {processor.py:161} INFO - Started process (PID=5335) to work on /opt/airflow/dags/etl.py
[2025-05-26T10:45:44.843+0000] {processor.py:830} INFO - Processing file /opt/airflow/dags/etl.py for tasks to queue
[2025-05-26T10:45:44.850+0000] {logging_mixin.py:188} INFO - [2025-05-26T10:45:44.849+0000] {dagbag.py:540} INFO - Filling up the DagBag from /opt/airflow/dags/etl.py
[2025-05-26T10:45:45.463+0000] {processor.py:842} WARNING - No viable dags retrieved from /opt/airflow/dags/etl.py
[2025-05-26T10:45:45.486+0000] {processor.py:183} INFO - Processing /opt/airflow/dags/etl.py took 0.663 seconds
[2025-05-26T10:46:15.729+0000] {processor.py:161} INFO - Started process (PID=5396) to work on /opt/airflow/dags/etl.py
[2025-05-26T10:46:15.732+0000] {processor.py:830} INFO - Processing file /opt/airflow/dags/etl.py for tasks to queue
[2025-05-26T10:46:15.741+0000] {logging_mixin.py:188} INFO - [2025-05-26T10:46:15.740+0000] {dagbag.py:540} INFO - Filling up the DagBag from /opt/airflow/dags/etl.py
[2025-05-26T10:46:16.463+0000] {processor.py:842} WARNING - No viable dags retrieved from /opt/airflow/dags/etl.py
[2025-05-26T10:46:16.476+0000] {processor.py:183} INFO - Processing /opt/airflow/dags/etl.py took 0.769 seconds
[2025-05-26T10:46:46.991+0000] {processor.py:161} INFO - Started process (PID=5458) to work on /opt/airflow/dags/etl.py
[2025-05-26T10:46:46.995+0000] {processor.py:830} INFO - Processing file /opt/airflow/dags/etl.py for tasks to queue
[2025-05-26T10:46:47.000+0000] {logging_mixin.py:188} INFO - [2025-05-26T10:46:47.000+0000] {dagbag.py:540} INFO - Filling up the DagBag from /opt/airflow/dags/etl.py
[2025-05-26T10:46:47.660+0000] {processor.py:842} WARNING - No viable dags retrieved from /opt/airflow/dags/etl.py
[2025-05-26T10:46:47.679+0000] {processor.py:183} INFO - Processing /opt/airflow/dags/etl.py took 0.713 seconds
[2025-05-26T10:47:17.945+0000] {processor.py:161} INFO - Started process (PID=5520) to work on /opt/airflow/dags/etl.py
[2025-05-26T10:47:17.948+0000] {processor.py:830} INFO - Processing file /opt/airflow/dags/etl.py for tasks to queue
[2025-05-26T10:47:17.952+0000] {logging_mixin.py:188} INFO - [2025-05-26T10:47:17.952+0000] {dagbag.py:540} INFO - Filling up the DagBag from /opt/airflow/dags/etl.py
[2025-05-26T10:47:18.509+0000] {processor.py:842} WARNING - No viable dags retrieved from /opt/airflow/dags/etl.py
[2025-05-26T10:47:18.535+0000] {processor.py:183} INFO - Processing /opt/airflow/dags/etl.py took 0.604 seconds
[2025-05-26T10:47:49.442+0000] {processor.py:161} INFO - Started process (PID=5582) to work on /opt/airflow/dags/etl.py
[2025-05-26T10:47:49.443+0000] {processor.py:830} INFO - Processing file /opt/airflow/dags/etl.py for tasks to queue
[2025-05-26T10:47:49.448+0000] {logging_mixin.py:188} INFO - [2025-05-26T10:47:49.447+0000] {dagbag.py:540} INFO - Filling up the DagBag from /opt/airflow/dags/etl.py
[2025-05-26T10:47:50.075+0000] {processor.py:842} WARNING - No viable dags retrieved from /opt/airflow/dags/etl.py
[2025-05-26T10:47:50.089+0000] {processor.py:183} INFO - Processing /opt/airflow/dags/etl.py took 0.662 seconds
[2025-05-26T10:48:20.290+0000] {processor.py:161} INFO - Started process (PID=5644) to work on /opt/airflow/dags/etl.py
[2025-05-26T10:48:20.293+0000] {processor.py:830} INFO - Processing file /opt/airflow/dags/etl.py for tasks to queue
[2025-05-26T10:48:20.303+0000] {logging_mixin.py:188} INFO - [2025-05-26T10:48:20.300+0000] {dagbag.py:540} INFO - Filling up the DagBag from /opt/airflow/dags/etl.py
[2025-05-26T10:48:21.018+0000] {processor.py:842} WARNING - No viable dags retrieved from /opt/airflow/dags/etl.py
[2025-05-26T10:48:21.041+0000] {processor.py:183} INFO - Processing /opt/airflow/dags/etl.py took 0.778 seconds
[2025-05-26T10:48:51.151+0000] {processor.py:161} INFO - Started process (PID=5706) to work on /opt/airflow/dags/etl.py
[2025-05-26T10:48:51.153+0000] {processor.py:830} INFO - Processing file /opt/airflow/dags/etl.py for tasks to queue
[2025-05-26T10:48:51.160+0000] {logging_mixin.py:188} INFO - [2025-05-26T10:48:51.159+0000] {dagbag.py:540} INFO - Filling up the DagBag from /opt/airflow/dags/etl.py
[2025-05-26T10:48:51.546+0000] {processor.py:842} WARNING - No viable dags retrieved from /opt/airflow/dags/etl.py
[2025-05-26T10:48:51.578+0000] {processor.py:183} INFO - Processing /opt/airflow/dags/etl.py took 0.452 seconds
[2025-05-26T10:49:21.725+0000] {processor.py:161} INFO - Started process (PID=5768) to work on /opt/airflow/dags/etl.py
[2025-05-26T10:49:21.727+0000] {processor.py:830} INFO - Processing file /opt/airflow/dags/etl.py for tasks to queue
[2025-05-26T10:49:21.732+0000] {logging_mixin.py:188} INFO - [2025-05-26T10:49:21.732+0000] {dagbag.py:540} INFO - Filling up the DagBag from /opt/airflow/dags/etl.py
[2025-05-26T10:49:22.030+0000] {processor.py:842} WARNING - No viable dags retrieved from /opt/airflow/dags/etl.py
[2025-05-26T10:49:22.046+0000] {processor.py:183} INFO - Processing /opt/airflow/dags/etl.py took 0.337 seconds
[2025-05-26T10:49:52.255+0000] {processor.py:161} INFO - Started process (PID=5830) to work on /opt/airflow/dags/etl.py
[2025-05-26T10:49:52.257+0000] {processor.py:830} INFO - Processing file /opt/airflow/dags/etl.py for tasks to queue
[2025-05-26T10:49:52.263+0000] {logging_mixin.py:188} INFO - [2025-05-26T10:49:52.263+0000] {dagbag.py:540} INFO - Filling up the DagBag from /opt/airflow/dags/etl.py
[2025-05-26T10:49:52.598+0000] {processor.py:842} WARNING - No viable dags retrieved from /opt/airflow/dags/etl.py
[2025-05-26T10:49:52.618+0000] {processor.py:183} INFO - Processing /opt/airflow/dags/etl.py took 0.376 seconds
[2025-05-26T10:50:22.748+0000] {processor.py:161} INFO - Started process (PID=5892) to work on /opt/airflow/dags/etl.py
[2025-05-26T10:50:22.749+0000] {processor.py:830} INFO - Processing file /opt/airflow/dags/etl.py for tasks to queue
[2025-05-26T10:50:22.757+0000] {logging_mixin.py:188} INFO - [2025-05-26T10:50:22.755+0000] {dagbag.py:540} INFO - Filling up the DagBag from /opt/airflow/dags/etl.py
[2025-05-26T10:50:23.142+0000] {processor.py:842} WARNING - No viable dags retrieved from /opt/airflow/dags/etl.py
[2025-05-26T10:50:23.158+0000] {processor.py:183} INFO - Processing /opt/airflow/dags/etl.py took 0.421 seconds
[2025-05-26T10:50:53.387+0000] {processor.py:161} INFO - Started process (PID=5954) to work on /opt/airflow/dags/etl.py
[2025-05-26T10:50:53.395+0000] {processor.py:830} INFO - Processing file /opt/airflow/dags/etl.py for tasks to queue
[2025-05-26T10:50:53.408+0000] {logging_mixin.py:188} INFO - [2025-05-26T10:50:53.407+0000] {dagbag.py:540} INFO - Filling up the DagBag from /opt/airflow/dags/etl.py
[2025-05-26T10:50:53.840+0000] {processor.py:842} WARNING - No viable dags retrieved from /opt/airflow/dags/etl.py
[2025-05-26T10:50:53.894+0000] {processor.py:183} INFO - Processing /opt/airflow/dags/etl.py took 0.549 seconds
[2025-05-26T10:51:24.316+0000] {processor.py:161} INFO - Started process (PID=6016) to work on /opt/airflow/dags/etl.py
[2025-05-26T10:51:24.318+0000] {processor.py:830} INFO - Processing file /opt/airflow/dags/etl.py for tasks to queue
[2025-05-26T10:51:24.324+0000] {logging_mixin.py:188} INFO - [2025-05-26T10:51:24.324+0000] {dagbag.py:540} INFO - Filling up the DagBag from /opt/airflow/dags/etl.py
[2025-05-26T10:51:24.722+0000] {processor.py:842} WARNING - No viable dags retrieved from /opt/airflow/dags/etl.py
[2025-05-26T10:51:24.758+0000] {processor.py:183} INFO - Processing /opt/airflow/dags/etl.py took 0.467 seconds
[2025-05-26T10:51:55.060+0000] {processor.py:161} INFO - Started process (PID=6078) to work on /opt/airflow/dags/etl.py
[2025-05-26T10:51:55.062+0000] {processor.py:830} INFO - Processing file /opt/airflow/dags/etl.py for tasks to queue
[2025-05-26T10:51:55.071+0000] {logging_mixin.py:188} INFO - [2025-05-26T10:51:55.070+0000] {dagbag.py:540} INFO - Filling up the DagBag from /opt/airflow/dags/etl.py
[2025-05-26T10:51:55.375+0000] {processor.py:842} WARNING - No viable dags retrieved from /opt/airflow/dags/etl.py
[2025-05-26T10:51:55.391+0000] {processor.py:183} INFO - Processing /opt/airflow/dags/etl.py took 0.367 seconds
[2025-05-26T10:52:25.691+0000] {processor.py:161} INFO - Started process (PID=6140) to work on /opt/airflow/dags/etl.py
[2025-05-26T10:52:25.693+0000] {processor.py:830} INFO - Processing file /opt/airflow/dags/etl.py for tasks to queue
[2025-05-26T10:52:25.698+0000] {logging_mixin.py:188} INFO - [2025-05-26T10:52:25.698+0000] {dagbag.py:540} INFO - Filling up the DagBag from /opt/airflow/dags/etl.py
[2025-05-26T10:52:26.019+0000] {processor.py:842} WARNING - No viable dags retrieved from /opt/airflow/dags/etl.py
[2025-05-26T10:52:26.037+0000] {processor.py:183} INFO - Processing /opt/airflow/dags/etl.py took 0.359 seconds
[2025-05-26T10:52:56.176+0000] {processor.py:161} INFO - Started process (PID=6202) to work on /opt/airflow/dags/etl.py
[2025-05-26T10:52:56.178+0000] {processor.py:830} INFO - Processing file /opt/airflow/dags/etl.py for tasks to queue
[2025-05-26T10:52:56.183+0000] {logging_mixin.py:188} INFO - [2025-05-26T10:52:56.182+0000] {dagbag.py:540} INFO - Filling up the DagBag from /opt/airflow/dags/etl.py
[2025-05-26T10:52:56.559+0000] {processor.py:842} WARNING - No viable dags retrieved from /opt/airflow/dags/etl.py
[2025-05-26T10:52:56.589+0000] {processor.py:183} INFO - Processing /opt/airflow/dags/etl.py took 0.429 seconds
[2025-05-26T10:53:27.160+0000] {processor.py:161} INFO - Started process (PID=6265) to work on /opt/airflow/dags/etl.py
[2025-05-26T10:53:27.163+0000] {processor.py:830} INFO - Processing file /opt/airflow/dags/etl.py for tasks to queue
[2025-05-26T10:53:27.171+0000] {logging_mixin.py:188} INFO - [2025-05-26T10:53:27.171+0000] {dagbag.py:540} INFO - Filling up the DagBag from /opt/airflow/dags/etl.py
[2025-05-26T10:53:27.505+0000] {processor.py:842} WARNING - No viable dags retrieved from /opt/airflow/dags/etl.py
[2025-05-26T10:53:27.522+0000] {processor.py:183} INFO - Processing /opt/airflow/dags/etl.py took 0.375 seconds
[2025-05-26T10:53:57.694+0000] {processor.py:161} INFO - Started process (PID=6327) to work on /opt/airflow/dags/etl.py
[2025-05-26T10:53:57.697+0000] {processor.py:830} INFO - Processing file /opt/airflow/dags/etl.py for tasks to queue
[2025-05-26T10:53:57.703+0000] {logging_mixin.py:188} INFO - [2025-05-26T10:53:57.702+0000] {dagbag.py:540} INFO - Filling up the DagBag from /opt/airflow/dags/etl.py
[2025-05-26T10:53:58.022+0000] {processor.py:842} WARNING - No viable dags retrieved from /opt/airflow/dags/etl.py
[2025-05-26T10:53:58.039+0000] {processor.py:183} INFO - Processing /opt/airflow/dags/etl.py took 0.370 seconds
[2025-05-26T10:54:28.232+0000] {processor.py:161} INFO - Started process (PID=6389) to work on /opt/airflow/dags/etl.py
[2025-05-26T10:54:28.236+0000] {processor.py:830} INFO - Processing file /opt/airflow/dags/etl.py for tasks to queue
[2025-05-26T10:54:28.241+0000] {logging_mixin.py:188} INFO - [2025-05-26T10:54:28.241+0000] {dagbag.py:540} INFO - Filling up the DagBag from /opt/airflow/dags/etl.py
[2025-05-26T10:54:28.556+0000] {processor.py:842} WARNING - No viable dags retrieved from /opt/airflow/dags/etl.py
[2025-05-26T10:54:28.588+0000] {processor.py:183} INFO - Processing /opt/airflow/dags/etl.py took 0.372 seconds
[2025-05-26T10:54:58.845+0000] {processor.py:161} INFO - Started process (PID=6451) to work on /opt/airflow/dags/etl.py
[2025-05-26T10:54:58.846+0000] {processor.py:830} INFO - Processing file /opt/airflow/dags/etl.py for tasks to queue
[2025-05-26T10:54:58.850+0000] {logging_mixin.py:188} INFO - [2025-05-26T10:54:58.850+0000] {dagbag.py:540} INFO - Filling up the DagBag from /opt/airflow/dags/etl.py
[2025-05-26T10:54:59.174+0000] {processor.py:842} WARNING - No viable dags retrieved from /opt/airflow/dags/etl.py
[2025-05-26T10:54:59.199+0000] {processor.py:183} INFO - Processing /opt/airflow/dags/etl.py took 0.365 seconds
[2025-05-26T10:55:29.381+0000] {processor.py:161} INFO - Started process (PID=6513) to work on /opt/airflow/dags/etl.py
[2025-05-26T10:55:29.384+0000] {processor.py:830} INFO - Processing file /opt/airflow/dags/etl.py for tasks to queue
[2025-05-26T10:55:29.386+0000] {logging_mixin.py:188} INFO - [2025-05-26T10:55:29.386+0000] {dagbag.py:540} INFO - Filling up the DagBag from /opt/airflow/dags/etl.py
[2025-05-26T10:55:29.642+0000] {processor.py:842} WARNING - No viable dags retrieved from /opt/airflow/dags/etl.py
[2025-05-26T10:55:29.664+0000] {processor.py:183} INFO - Processing /opt/airflow/dags/etl.py took 0.296 seconds
[2025-05-26T10:55:59.861+0000] {processor.py:161} INFO - Started process (PID=6575) to work on /opt/airflow/dags/etl.py
[2025-05-26T10:55:59.865+0000] {processor.py:830} INFO - Processing file /opt/airflow/dags/etl.py for tasks to queue
[2025-05-26T10:55:59.870+0000] {logging_mixin.py:188} INFO - [2025-05-26T10:55:59.870+0000] {dagbag.py:540} INFO - Filling up the DagBag from /opt/airflow/dags/etl.py
[2025-05-26T10:56:00.194+0000] {processor.py:842} WARNING - No viable dags retrieved from /opt/airflow/dags/etl.py
[2025-05-26T10:56:00.223+0000] {processor.py:183} INFO - Processing /opt/airflow/dags/etl.py took 0.372 seconds
[2025-05-26T10:56:30.624+0000] {processor.py:161} INFO - Started process (PID=6636) to work on /opt/airflow/dags/etl.py
[2025-05-26T10:56:30.626+0000] {processor.py:830} INFO - Processing file /opt/airflow/dags/etl.py for tasks to queue
[2025-05-26T10:56:30.628+0000] {logging_mixin.py:188} INFO - [2025-05-26T10:56:30.628+0000] {dagbag.py:540} INFO - Filling up the DagBag from /opt/airflow/dags/etl.py
[2025-05-26T10:56:30.888+0000] {processor.py:842} WARNING - No viable dags retrieved from /opt/airflow/dags/etl.py
[2025-05-26T10:56:30.900+0000] {processor.py:183} INFO - Processing /opt/airflow/dags/etl.py took 0.284 seconds
[2025-05-26T10:57:01.189+0000] {processor.py:161} INFO - Started process (PID=6698) to work on /opt/airflow/dags/etl.py
[2025-05-26T10:57:01.191+0000] {processor.py:830} INFO - Processing file /opt/airflow/dags/etl.py for tasks to queue
[2025-05-26T10:57:01.196+0000] {logging_mixin.py:188} INFO - [2025-05-26T10:57:01.196+0000] {dagbag.py:540} INFO - Filling up the DagBag from /opt/airflow/dags/etl.py
[2025-05-26T10:57:01.510+0000] {processor.py:842} WARNING - No viable dags retrieved from /opt/airflow/dags/etl.py
[2025-05-26T10:57:01.531+0000] {processor.py:183} INFO - Processing /opt/airflow/dags/etl.py took 0.355 seconds
[2025-05-26T10:57:31.734+0000] {processor.py:161} INFO - Started process (PID=6760) to work on /opt/airflow/dags/etl.py
[2025-05-26T10:57:31.735+0000] {processor.py:830} INFO - Processing file /opt/airflow/dags/etl.py for tasks to queue
[2025-05-26T10:57:31.739+0000] {logging_mixin.py:188} INFO - [2025-05-26T10:57:31.739+0000] {dagbag.py:540} INFO - Filling up the DagBag from /opt/airflow/dags/etl.py
[2025-05-26T10:57:32.074+0000] {processor.py:842} WARNING - No viable dags retrieved from /opt/airflow/dags/etl.py
[2025-05-26T10:57:32.093+0000] {processor.py:183} INFO - Processing /opt/airflow/dags/etl.py took 0.372 seconds
[2025-05-26T10:58:02.168+0000] {processor.py:161} INFO - Started process (PID=6822) to work on /opt/airflow/dags/etl.py
[2025-05-26T10:58:02.170+0000] {processor.py:830} INFO - Processing file /opt/airflow/dags/etl.py for tasks to queue
[2025-05-26T10:58:02.175+0000] {logging_mixin.py:188} INFO - [2025-05-26T10:58:02.174+0000] {dagbag.py:540} INFO - Filling up the DagBag from /opt/airflow/dags/etl.py
[2025-05-26T10:58:02.533+0000] {processor.py:842} WARNING - No viable dags retrieved from /opt/airflow/dags/etl.py
[2025-05-26T10:58:02.549+0000] {processor.py:183} INFO - Processing /opt/airflow/dags/etl.py took 0.396 seconds
[2025-05-26T10:58:32.645+0000] {processor.py:161} INFO - Started process (PID=6884) to work on /opt/airflow/dags/etl.py
[2025-05-26T10:58:32.652+0000] {processor.py:830} INFO - Processing file /opt/airflow/dags/etl.py for tasks to queue
[2025-05-26T10:58:32.657+0000] {logging_mixin.py:188} INFO - [2025-05-26T10:58:32.656+0000] {dagbag.py:540} INFO - Filling up the DagBag from /opt/airflow/dags/etl.py
[2025-05-26T10:58:33.119+0000] {processor.py:842} WARNING - No viable dags retrieved from /opt/airflow/dags/etl.py
[2025-05-26T10:58:33.145+0000] {processor.py:183} INFO - Processing /opt/airflow/dags/etl.py took 0.514 seconds
[2025-05-26T10:59:03.362+0000] {processor.py:161} INFO - Started process (PID=6946) to work on /opt/airflow/dags/etl.py
[2025-05-26T10:59:03.364+0000] {processor.py:830} INFO - Processing file /opt/airflow/dags/etl.py for tasks to queue
[2025-05-26T10:59:03.370+0000] {logging_mixin.py:188} INFO - [2025-05-26T10:59:03.369+0000] {dagbag.py:540} INFO - Filling up the DagBag from /opt/airflow/dags/etl.py
[2025-05-26T10:59:03.807+0000] {processor.py:842} WARNING - No viable dags retrieved from /opt/airflow/dags/etl.py
[2025-05-26T10:59:03.822+0000] {processor.py:183} INFO - Processing /opt/airflow/dags/etl.py took 0.477 seconds
[2025-05-26T10:59:34.133+0000] {processor.py:161} INFO - Started process (PID=7008) to work on /opt/airflow/dags/etl.py
[2025-05-26T10:59:34.135+0000] {processor.py:830} INFO - Processing file /opt/airflow/dags/etl.py for tasks to queue
[2025-05-26T10:59:34.145+0000] {logging_mixin.py:188} INFO - [2025-05-26T10:59:34.144+0000] {dagbag.py:540} INFO - Filling up the DagBag from /opt/airflow/dags/etl.py
[2025-05-26T10:59:34.550+0000] {processor.py:842} WARNING - No viable dags retrieved from /opt/airflow/dags/etl.py
[2025-05-26T10:59:34.574+0000] {processor.py:183} INFO - Processing /opt/airflow/dags/etl.py took 0.462 seconds
[2025-05-26T11:00:04.882+0000] {processor.py:161} INFO - Started process (PID=7070) to work on /opt/airflow/dags/etl.py
[2025-05-26T11:00:04.885+0000] {processor.py:830} INFO - Processing file /opt/airflow/dags/etl.py for tasks to queue
[2025-05-26T11:00:04.891+0000] {logging_mixin.py:188} INFO - [2025-05-26T11:00:04.890+0000] {dagbag.py:540} INFO - Filling up the DagBag from /opt/airflow/dags/etl.py
[2025-05-26T11:00:05.361+0000] {processor.py:842} WARNING - No viable dags retrieved from /opt/airflow/dags/etl.py
[2025-05-26T11:00:05.395+0000] {processor.py:183} INFO - Processing /opt/airflow/dags/etl.py took 0.540 seconds
[2025-05-26T11:00:36.286+0000] {processor.py:161} INFO - Started process (PID=7132) to work on /opt/airflow/dags/etl.py
[2025-05-26T11:00:36.289+0000] {processor.py:830} INFO - Processing file /opt/airflow/dags/etl.py for tasks to queue
[2025-05-26T11:00:36.297+0000] {logging_mixin.py:188} INFO - [2025-05-26T11:00:36.297+0000] {dagbag.py:540} INFO - Filling up the DagBag from /opt/airflow/dags/etl.py
[2025-05-26T11:00:36.753+0000] {processor.py:842} WARNING - No viable dags retrieved from /opt/airflow/dags/etl.py
[2025-05-26T11:00:36.783+0000] {processor.py:183} INFO - Processing /opt/airflow/dags/etl.py took 0.522 seconds
[2025-05-26T11:01:07.170+0000] {processor.py:161} INFO - Started process (PID=7194) to work on /opt/airflow/dags/etl.py
[2025-05-26T11:01:07.183+0000] {processor.py:830} INFO - Processing file /opt/airflow/dags/etl.py for tasks to queue
[2025-05-26T11:01:07.190+0000] {logging_mixin.py:188} INFO - [2025-05-26T11:01:07.190+0000] {dagbag.py:540} INFO - Filling up the DagBag from /opt/airflow/dags/etl.py
[2025-05-26T11:01:08.824+0000] {processor.py:842} WARNING - No viable dags retrieved from /opt/airflow/dags/etl.py
[2025-05-26T11:01:08.935+0000] {processor.py:183} INFO - Processing /opt/airflow/dags/etl.py took 1.784 seconds
[2025-05-26T11:01:39.174+0000] {processor.py:161} INFO - Started process (PID=7255) to work on /opt/airflow/dags/etl.py
[2025-05-26T11:01:39.178+0000] {processor.py:830} INFO - Processing file /opt/airflow/dags/etl.py for tasks to queue
[2025-05-26T11:01:39.186+0000] {logging_mixin.py:188} INFO - [2025-05-26T11:01:39.183+0000] {dagbag.py:540} INFO - Filling up the DagBag from /opt/airflow/dags/etl.py
[2025-05-26T11:01:40.483+0000] {processor.py:842} WARNING - No viable dags retrieved from /opt/airflow/dags/etl.py
[2025-05-26T11:01:40.530+0000] {processor.py:183} INFO - Processing /opt/airflow/dags/etl.py took 1.391 seconds
[2025-05-26T11:02:10.700+0000] {processor.py:161} INFO - Started process (PID=7322) to work on /opt/airflow/dags/etl.py
[2025-05-26T11:02:10.703+0000] {processor.py:830} INFO - Processing file /opt/airflow/dags/etl.py for tasks to queue
[2025-05-26T11:02:10.712+0000] {logging_mixin.py:188} INFO - [2025-05-26T11:02:10.711+0000] {dagbag.py:540} INFO - Filling up the DagBag from /opt/airflow/dags/etl.py
[2025-05-26T11:02:11.386+0000] {processor.py:842} WARNING - No viable dags retrieved from /opt/airflow/dags/etl.py
[2025-05-26T11:02:11.403+0000] {processor.py:183} INFO - Processing /opt/airflow/dags/etl.py took 0.729 seconds
[2025-05-26T11:02:41.602+0000] {processor.py:161} INFO - Started process (PID=7384) to work on /opt/airflow/dags/etl.py
[2025-05-26T11:02:41.607+0000] {processor.py:830} INFO - Processing file /opt/airflow/dags/etl.py for tasks to queue
[2025-05-26T11:02:41.610+0000] {logging_mixin.py:188} INFO - [2025-05-26T11:02:41.610+0000] {dagbag.py:540} INFO - Filling up the DagBag from /opt/airflow/dags/etl.py
[2025-05-26T11:02:42.057+0000] {processor.py:842} WARNING - No viable dags retrieved from /opt/airflow/dags/etl.py
[2025-05-26T11:02:42.067+0000] {processor.py:183} INFO - Processing /opt/airflow/dags/etl.py took 0.480 seconds
[2025-05-26T11:03:12.274+0000] {processor.py:161} INFO - Started process (PID=7446) to work on /opt/airflow/dags/etl.py
[2025-05-26T11:03:12.277+0000] {processor.py:830} INFO - Processing file /opt/airflow/dags/etl.py for tasks to queue
[2025-05-26T11:03:12.285+0000] {logging_mixin.py:188} INFO - [2025-05-26T11:03:12.284+0000] {dagbag.py:540} INFO - Filling up the DagBag from /opt/airflow/dags/etl.py
[2025-05-26T11:03:12.707+0000] {processor.py:842} WARNING - No viable dags retrieved from /opt/airflow/dags/etl.py
[2025-05-26T11:03:12.717+0000] {processor.py:183} INFO - Processing /opt/airflow/dags/etl.py took 0.457 seconds
[2025-05-26T11:03:42.872+0000] {processor.py:161} INFO - Started process (PID=7508) to work on /opt/airflow/dags/etl.py
[2025-05-26T11:03:42.875+0000] {processor.py:830} INFO - Processing file /opt/airflow/dags/etl.py for tasks to queue
[2025-05-26T11:03:42.884+0000] {logging_mixin.py:188} INFO - [2025-05-26T11:03:42.883+0000] {dagbag.py:540} INFO - Filling up the DagBag from /opt/airflow/dags/etl.py
[2025-05-26T11:03:43.598+0000] {processor.py:842} WARNING - No viable dags retrieved from /opt/airflow/dags/etl.py
[2025-05-26T11:03:43.608+0000] {processor.py:183} INFO - Processing /opt/airflow/dags/etl.py took 0.767 seconds
[2025-05-26T11:04:13.794+0000] {processor.py:161} INFO - Started process (PID=7570) to work on /opt/airflow/dags/etl.py
[2025-05-26T11:04:13.796+0000] {processor.py:830} INFO - Processing file /opt/airflow/dags/etl.py for tasks to queue
[2025-05-26T11:04:13.801+0000] {logging_mixin.py:188} INFO - [2025-05-26T11:04:13.801+0000] {dagbag.py:540} INFO - Filling up the DagBag from /opt/airflow/dags/etl.py
[2025-05-26T11:04:14.439+0000] {processor.py:842} WARNING - No viable dags retrieved from /opt/airflow/dags/etl.py
[2025-05-26T11:04:14.446+0000] {processor.py:183} INFO - Processing /opt/airflow/dags/etl.py took 0.664 seconds
[2025-05-26T11:04:45.203+0000] {processor.py:161} INFO - Started process (PID=7634) to work on /opt/airflow/dags/etl.py
[2025-05-26T11:04:45.204+0000] {processor.py:830} INFO - Processing file /opt/airflow/dags/etl.py for tasks to queue
[2025-05-26T11:04:45.206+0000] {logging_mixin.py:188} INFO - [2025-05-26T11:04:45.206+0000] {dagbag.py:540} INFO - Filling up the DagBag from /opt/airflow/dags/etl.py
[2025-05-26T11:04:45.746+0000] {processor.py:842} WARNING - No viable dags retrieved from /opt/airflow/dags/etl.py
[2025-05-26T11:04:45.765+0000] {processor.py:183} INFO - Processing /opt/airflow/dags/etl.py took 0.567 seconds
[2025-05-26T11:05:15.936+0000] {processor.py:161} INFO - Started process (PID=7696) to work on /opt/airflow/dags/etl.py
[2025-05-26T11:05:15.937+0000] {processor.py:830} INFO - Processing file /opt/airflow/dags/etl.py for tasks to queue
[2025-05-26T11:05:15.939+0000] {logging_mixin.py:188} INFO - [2025-05-26T11:05:15.939+0000] {dagbag.py:540} INFO - Filling up the DagBag from /opt/airflow/dags/etl.py
[2025-05-26T11:05:16.461+0000] {processor.py:842} WARNING - No viable dags retrieved from /opt/airflow/dags/etl.py
[2025-05-26T11:05:16.473+0000] {processor.py:183} INFO - Processing /opt/airflow/dags/etl.py took 0.542 seconds
[2025-05-26T11:05:46.704+0000] {processor.py:161} INFO - Started process (PID=7758) to work on /opt/airflow/dags/etl.py
[2025-05-26T11:05:46.719+0000] {processor.py:830} INFO - Processing file /opt/airflow/dags/etl.py for tasks to queue
[2025-05-26T11:05:46.740+0000] {logging_mixin.py:188} INFO - [2025-05-26T11:05:46.739+0000] {dagbag.py:540} INFO - Filling up the DagBag from /opt/airflow/dags/etl.py
[2025-05-26T11:05:48.319+0000] {processor.py:842} WARNING - No viable dags retrieved from /opt/airflow/dags/etl.py
[2025-05-26T11:05:48.361+0000] {processor.py:183} INFO - Processing /opt/airflow/dags/etl.py took 1.737 seconds
[2025-05-26T11:06:19.287+0000] {processor.py:161} INFO - Started process (PID=7820) to work on /opt/airflow/dags/etl.py
[2025-05-26T11:06:19.289+0000] {processor.py:830} INFO - Processing file /opt/airflow/dags/etl.py for tasks to queue
[2025-05-26T11:06:19.291+0000] {logging_mixin.py:188} INFO - [2025-05-26T11:06:19.290+0000] {dagbag.py:540} INFO - Filling up the DagBag from /opt/airflow/dags/etl.py
[2025-05-26T11:06:20.087+0000] {processor.py:842} WARNING - No viable dags retrieved from /opt/airflow/dags/etl.py
[2025-05-26T11:06:20.110+0000] {processor.py:183} INFO - Processing /opt/airflow/dags/etl.py took 0.830 seconds
[2025-05-26T11:06:50.558+0000] {processor.py:161} INFO - Started process (PID=7882) to work on /opt/airflow/dags/etl.py
[2025-05-26T11:06:50.560+0000] {processor.py:830} INFO - Processing file /opt/airflow/dags/etl.py for tasks to queue
[2025-05-26T11:06:50.562+0000] {logging_mixin.py:188} INFO - [2025-05-26T11:06:50.562+0000] {dagbag.py:540} INFO - Filling up the DagBag from /opt/airflow/dags/etl.py
[2025-05-26T11:06:51.152+0000] {processor.py:842} WARNING - No viable dags retrieved from /opt/airflow/dags/etl.py
[2025-05-26T11:06:51.172+0000] {processor.py:183} INFO - Processing /opt/airflow/dags/etl.py took 0.622 seconds
[2025-05-26T11:07:21.273+0000] {processor.py:161} INFO - Started process (PID=7944) to work on /opt/airflow/dags/etl.py
[2025-05-26T11:07:21.275+0000] {processor.py:830} INFO - Processing file /opt/airflow/dags/etl.py for tasks to queue
[2025-05-26T11:07:21.277+0000] {logging_mixin.py:188} INFO - [2025-05-26T11:07:21.277+0000] {dagbag.py:540} INFO - Filling up the DagBag from /opt/airflow/dags/etl.py
[2025-05-26T11:07:21.770+0000] {processor.py:842} WARNING - No viable dags retrieved from /opt/airflow/dags/etl.py
[2025-05-26T11:07:21.783+0000] {processor.py:183} INFO - Processing /opt/airflow/dags/etl.py took 0.515 seconds
[2025-05-26T11:07:51.831+0000] {processor.py:161} INFO - Started process (PID=8006) to work on /opt/airflow/dags/etl.py
[2025-05-26T11:07:51.833+0000] {processor.py:830} INFO - Processing file /opt/airflow/dags/etl.py for tasks to queue
[2025-05-26T11:07:51.834+0000] {logging_mixin.py:188} INFO - [2025-05-26T11:07:51.834+0000] {dagbag.py:540} INFO - Filling up the DagBag from /opt/airflow/dags/etl.py
[2025-05-26T11:07:52.306+0000] {processor.py:842} WARNING - No viable dags retrieved from /opt/airflow/dags/etl.py
[2025-05-26T11:07:52.319+0000] {processor.py:183} INFO - Processing /opt/airflow/dags/etl.py took 0.494 seconds
[2025-05-26T11:08:22.420+0000] {processor.py:161} INFO - Started process (PID=8068) to work on /opt/airflow/dags/etl.py
[2025-05-26T11:08:22.421+0000] {processor.py:830} INFO - Processing file /opt/airflow/dags/etl.py for tasks to queue
[2025-05-26T11:08:22.424+0000] {logging_mixin.py:188} INFO - [2025-05-26T11:08:22.423+0000] {dagbag.py:540} INFO - Filling up the DagBag from /opt/airflow/dags/etl.py
[2025-05-26T11:08:23.141+0000] {processor.py:842} WARNING - No viable dags retrieved from /opt/airflow/dags/etl.py
[2025-05-26T11:08:23.158+0000] {processor.py:183} INFO - Processing /opt/airflow/dags/etl.py took 0.744 seconds
[2025-05-26T11:08:54.131+0000] {processor.py:161} INFO - Started process (PID=8129) to work on /opt/airflow/dags/etl.py
[2025-05-26T11:08:54.134+0000] {processor.py:830} INFO - Processing file /opt/airflow/dags/etl.py for tasks to queue
[2025-05-26T11:08:54.137+0000] {logging_mixin.py:188} INFO - [2025-05-26T11:08:54.136+0000] {dagbag.py:540} INFO - Filling up the DagBag from /opt/airflow/dags/etl.py
[2025-05-26T11:08:54.680+0000] {processor.py:842} WARNING - No viable dags retrieved from /opt/airflow/dags/etl.py
[2025-05-26T11:08:54.698+0000] {processor.py:183} INFO - Processing /opt/airflow/dags/etl.py took 0.584 seconds
[2025-05-26T11:09:25.509+0000] {processor.py:161} INFO - Started process (PID=8191) to work on /opt/airflow/dags/etl.py
[2025-05-26T11:09:25.511+0000] {processor.py:830} INFO - Processing file /opt/airflow/dags/etl.py for tasks to queue
[2025-05-26T11:09:25.513+0000] {logging_mixin.py:188} INFO - [2025-05-26T11:09:25.513+0000] {dagbag.py:540} INFO - Filling up the DagBag from /opt/airflow/dags/etl.py
[2025-05-26T11:09:26.127+0000] {processor.py:842} WARNING - No viable dags retrieved from /opt/airflow/dags/etl.py
[2025-05-26T11:09:26.147+0000] {processor.py:183} INFO - Processing /opt/airflow/dags/etl.py took 0.647 seconds
[2025-05-26T11:09:56.996+0000] {processor.py:161} INFO - Started process (PID=8253) to work on /opt/airflow/dags/etl.py
[2025-05-26T11:09:56.999+0000] {processor.py:830} INFO - Processing file /opt/airflow/dags/etl.py for tasks to queue
[2025-05-26T11:09:57.002+0000] {logging_mixin.py:188} INFO - [2025-05-26T11:09:57.002+0000] {dagbag.py:540} INFO - Filling up the DagBag from /opt/airflow/dags/etl.py
[2025-05-26T11:09:57.491+0000] {processor.py:842} WARNING - No viable dags retrieved from /opt/airflow/dags/etl.py
[2025-05-26T11:09:57.500+0000] {processor.py:183} INFO - Processing /opt/airflow/dags/etl.py took 0.513 seconds
[2025-05-26T11:10:28.335+0000] {processor.py:161} INFO - Started process (PID=8315) to work on /opt/airflow/dags/etl.py
[2025-05-26T11:10:28.337+0000] {processor.py:830} INFO - Processing file /opt/airflow/dags/etl.py for tasks to queue
[2025-05-26T11:10:28.341+0000] {logging_mixin.py:188} INFO - [2025-05-26T11:10:28.340+0000] {dagbag.py:540} INFO - Filling up the DagBag from /opt/airflow/dags/etl.py
[2025-05-26T11:10:28.970+0000] {processor.py:842} WARNING - No viable dags retrieved from /opt/airflow/dags/etl.py
[2025-05-26T11:10:28.988+0000] {processor.py:183} INFO - Processing /opt/airflow/dags/etl.py took 0.666 seconds
[2025-05-26T11:10:59.235+0000] {processor.py:161} INFO - Started process (PID=8377) to work on /opt/airflow/dags/etl.py
[2025-05-26T11:10:59.238+0000] {processor.py:830} INFO - Processing file /opt/airflow/dags/etl.py for tasks to queue
[2025-05-26T11:10:59.247+0000] {logging_mixin.py:188} INFO - [2025-05-26T11:10:59.246+0000] {dagbag.py:540} INFO - Filling up the DagBag from /opt/airflow/dags/etl.py
[2025-05-26T11:11:00.404+0000] {processor.py:842} WARNING - No viable dags retrieved from /opt/airflow/dags/etl.py
[2025-05-26T11:11:00.422+0000] {processor.py:183} INFO - Processing /opt/airflow/dags/etl.py took 1.249 seconds
