[2025-05-27T01:11:28.173+0000] {local_task_job_runner.py:120} INFO - ::group::Pre task execution logs
[2025-05-27T01:11:28.193+0000] {taskinstance.py:2073} INFO - Dependencies all met for dep_context=non-requeueable deps ti=<TaskInstance: supplier_data_etl_pipeline.extract_csv_data manual__2025-05-27T01:11:24.526518+00:00 [queued]>
[2025-05-27T01:11:28.206+0000] {taskinstance.py:2073} INFO - Dependencies all met for dep_context=requeueable deps ti=<TaskInstance: supplier_data_etl_pipeline.extract_csv_data manual__2025-05-27T01:11:24.526518+00:00 [queued]>
[2025-05-27T01:11:28.206+0000] {taskinstance.py:2303} INFO - Starting attempt 1 of 6
[2025-05-27T01:11:28.226+0000] {taskinstance.py:2327} INFO - Executing <Task(PythonOperator): extract_csv_data> on 2025-05-27 01:11:24.526518+00:00
[2025-05-27T01:11:28.237+0000] {warnings.py:110} WARNING - /home/***/.local/lib/python3.12/site-packages/***/task/task_runner/standard_task_runner.py:61: DeprecationWarning: This process (pid=1529) is multi-threaded, use of fork() may lead to deadlocks in the child.
  pid = os.fork()

[2025-05-27T01:11:28.252+0000] {standard_task_runner.py:63} INFO - Started process 1536 to run task
[2025-05-27T01:11:28.252+0000] {standard_task_runner.py:90} INFO - Running: ['***', 'tasks', 'run', 'supplier_data_etl_pipeline', 'extract_csv_data', 'manual__2025-05-27T01:11:24.526518+00:00', '--job-id', '209', '--raw', '--subdir', 'DAGS_FOLDER/supplier_dag.py', '--cfg-path', '/tmp/tmpu4_kg0di']
[2025-05-27T01:11:28.253+0000] {standard_task_runner.py:91} INFO - Job 209: Subtask extract_csv_data
[2025-05-27T01:11:28.385+0000] {task_command.py:426} INFO - Running <TaskInstance: supplier_data_etl_pipeline.extract_csv_data manual__2025-05-27T01:11:24.526518+00:00 [running]> on host 295abcd9c300
[2025-05-27T01:11:28.537+0000] {taskinstance.py:2644} INFO - Exporting env vars: AIRFLOW_CTX_DAG_OWNER='***' AIRFLOW_CTX_DAG_ID='supplier_data_etl_pipeline' AIRFLOW_CTX_TASK_ID='extract_csv_data' AIRFLOW_CTX_EXECUTION_DATE='2025-05-27T01:11:24.526518+00:00' AIRFLOW_CTX_TRY_NUMBER='1' AIRFLOW_CTX_DAG_RUN_ID='manual__2025-05-27T01:11:24.526518+00:00'
[2025-05-27T01:11:28.539+0000] {taskinstance.py:430} INFO - ::endgroup::
[2025-05-27T01:11:28.568+0000] {etl.py:19} INFO - csv read
[2025-05-27T01:11:28.577+0000] {etl.py:21} INFO - csv data source pickled
[2025-05-27T01:11:28.578+0000] {python.py:237} INFO - Done. Returned value was: success
[2025-05-27T01:11:28.580+0000] {taskinstance.py:441} INFO - ::group::Post task execution logs
[2025-05-27T01:11:28.601+0000] {taskinstance.py:1205} INFO - Marking task as SUCCESS. dag_id=supplier_data_etl_pipeline, task_id=extract_csv_data, execution_date=20250527T011124, start_date=20250527T011128, end_date=20250527T011128
[2025-05-27T01:11:28.644+0000] {local_task_job_runner.py:240} INFO - Task exited with return code 0
[2025-05-27T01:11:28.675+0000] {taskinstance.py:3482} INFO - 0 downstream tasks scheduled from follow-on schedule check
[2025-05-27T01:11:28.677+0000] {local_task_job_runner.py:222} INFO - ::endgroup::
