[2025-05-24T23:01:34.908+0000] {local_task_job_runner.py:120} INFO - ::group::Pre task execution logs
[2025-05-24T23:01:35.027+0000] {taskinstance.py:2073} INFO - Dependencies all met for dep_context=non-requeueable deps ti=<TaskInstance: supplier_data_etl_pipeline.upload_merged_to_s3 manual__2025-05-24T22:54:15.604677+00:00 [queued]>
[2025-05-24T23:01:35.061+0000] {taskinstance.py:2073} INFO - Dependencies all met for dep_context=requeueable deps ti=<TaskInstance: supplier_data_etl_pipeline.upload_merged_to_s3 manual__2025-05-24T22:54:15.604677+00:00 [queued]>
[2025-05-24T23:01:35.064+0000] {taskinstance.py:2303} INFO - Starting attempt 4 of 9
[2025-05-24T23:01:35.133+0000] {taskinstance.py:2327} INFO - Executing <Task(PythonOperator): upload_merged_to_s3> on 2025-05-24 22:54:15.604677+00:00
[2025-05-24T23:01:35.187+0000] {warnings.py:110} WARNING - /home/***/.local/lib/python3.12/site-packages/***/task/task_runner/standard_task_runner.py:61: DeprecationWarning: This process (pid=2278) is multi-threaded, use of fork() may lead to deadlocks in the child.
  pid = os.fork()

[2025-05-24T23:01:35.208+0000] {standard_task_runner.py:63} INFO - Started process 2288 to run task
[2025-05-24T23:01:35.210+0000] {standard_task_runner.py:90} INFO - Running: ['***', 'tasks', 'run', 'supplier_data_etl_pipeline', 'upload_merged_to_s3', 'manual__2025-05-24T22:54:15.604677+00:00', '--job-id', '185', '--raw', '--subdir', 'DAGS_FOLDER/supplier_dag.py', '--cfg-path', '/tmp/tmp1nl_mfvf']
[2025-05-24T23:01:35.214+0000] {standard_task_runner.py:91} INFO - Job 185: Subtask upload_merged_to_s3
[2025-05-24T23:01:35.366+0000] {task_command.py:426} INFO - Running <TaskInstance: supplier_data_etl_pipeline.upload_merged_to_s3 manual__2025-05-24T22:54:15.604677+00:00 [running]> on host a7d211f7b093
[2025-05-24T23:01:35.578+0000] {taskinstance.py:2644} INFO - Exporting env vars: AIRFLOW_CTX_DAG_OWNER='***' AIRFLOW_CTX_DAG_ID='supplier_data_etl_pipeline' AIRFLOW_CTX_TASK_ID='upload_merged_to_s3' AIRFLOW_CTX_EXECUTION_DATE='2025-05-24T22:54:15.604677+00:00' AIRFLOW_CTX_TRY_NUMBER='4' AIRFLOW_CTX_DAG_RUN_ID='manual__2025-05-24T22:54:15.604677+00:00'
[2025-05-24T23:01:35.585+0000] {taskinstance.py:430} INFO - ::endgroup::
[2025-05-24T23:01:37.251+0000] {etl.py:159} INFO - Successfully uploaded to s3://fmcg-de-assessment/supplier_data/merged_supplier_data.csv
[2025-05-24T23:01:37.262+0000] {python.py:237} INFO - Done. Returned value was: True
[2025-05-24T23:01:37.267+0000] {taskinstance.py:441} INFO - ::group::Post task execution logs
[2025-05-24T23:01:37.338+0000] {taskinstance.py:1205} INFO - Marking task as SUCCESS. dag_id=supplier_data_etl_pipeline, task_id=upload_merged_to_s3, execution_date=20250524T225415, start_date=20250524T230135, end_date=20250524T230137
[2025-05-24T23:01:37.394+0000] {local_task_job_runner.py:240} INFO - Task exited with return code 0
[2025-05-24T23:01:37.445+0000] {taskinstance.py:3482} INFO - 0 downstream tasks scheduled from follow-on schedule check
[2025-05-24T23:01:37.451+0000] {local_task_job_runner.py:222} INFO - ::endgroup::
