[2025-05-24T22:30:23.978+0000] {local_task_job_runner.py:120} INFO - ::group::Pre task execution logs
[2025-05-24T22:30:24.004+0000] {taskinstance.py:2073} INFO - Dependencies all met for dep_context=non-requeueable deps ti=<TaskInstance: supplier_data_etl_pipeline.extract_csv_data manual__2025-05-24T21:03:17.340189+00:00 [queued]>
[2025-05-24T22:30:24.013+0000] {taskinstance.py:2073} INFO - Dependencies all met for dep_context=requeueable deps ti=<TaskInstance: supplier_data_etl_pipeline.extract_csv_data manual__2025-05-24T21:03:17.340189+00:00 [queued]>
[2025-05-24T22:30:24.013+0000] {taskinstance.py:2303} INFO - Starting attempt 3 of 8
[2025-05-24T22:30:24.023+0000] {taskinstance.py:2327} INFO - Executing <Task(PythonOperator): extract_csv_data> on 2025-05-24 21:03:17.340189+00:00
[2025-05-24T22:30:24.040+0000] {warnings.py:110} WARNING - /home/***/.local/lib/python3.12/site-packages/***/task/task_runner/standard_task_runner.py:61: DeprecationWarning: This process (pid=1748) is multi-threaded, use of fork() may lead to deadlocks in the child.
  pid = os.fork()

[2025-05-24T22:30:24.056+0000] {standard_task_runner.py:63} INFO - Started process 1756 to run task
[2025-05-24T22:30:24.056+0000] {standard_task_runner.py:90} INFO - Running: ['***', 'tasks', 'run', 'supplier_data_etl_pipeline', 'extract_csv_data', 'manual__2025-05-24T21:03:17.340189+00:00', '--job-id', '134', '--raw', '--subdir', 'DAGS_FOLDER/supplier_dag.py', '--cfg-path', '/tmp/tmpc5jx1_v0']
[2025-05-24T22:30:24.058+0000] {standard_task_runner.py:91} INFO - Job 134: Subtask extract_csv_data
[2025-05-24T22:30:24.142+0000] {task_command.py:426} INFO - Running <TaskInstance: supplier_data_etl_pipeline.extract_csv_data manual__2025-05-24T21:03:17.340189+00:00 [running]> on host a7d211f7b093
[2025-05-24T22:30:24.219+0000] {taskinstance.py:2644} INFO - Exporting env vars: AIRFLOW_CTX_DAG_OWNER='***' AIRFLOW_CTX_DAG_ID='supplier_data_etl_pipeline' AIRFLOW_CTX_TASK_ID='extract_csv_data' AIRFLOW_CTX_EXECUTION_DATE='2025-05-24T21:03:17.340189+00:00' AIRFLOW_CTX_TRY_NUMBER='3' AIRFLOW_CTX_DAG_RUN_ID='manual__2025-05-24T21:03:17.340189+00:00'
[2025-05-24T22:30:24.221+0000] {taskinstance.py:430} INFO - ::endgroup::
[2025-05-24T22:30:24.249+0000] {etl.py:20} INFO - csv read
[2025-05-24T22:30:24.253+0000] {etl.py:22} INFO - csv data source pickled
[2025-05-24T22:30:24.254+0000] {python.py:237} INFO - Done. Returned value was: success
[2025-05-24T22:30:24.254+0000] {taskinstance.py:441} INFO - ::group::Post task execution logs
[2025-05-24T22:30:24.274+0000] {taskinstance.py:1205} INFO - Marking task as SUCCESS. dag_id=supplier_data_etl_pipeline, task_id=extract_csv_data, execution_date=20250524T210317, start_date=20250524T223024, end_date=20250524T223024
[2025-05-24T22:30:24.324+0000] {local_task_job_runner.py:240} INFO - Task exited with return code 0
[2025-05-24T22:30:24.362+0000] {taskinstance.py:3482} INFO - 0 downstream tasks scheduled from follow-on schedule check
[2025-05-24T22:30:24.364+0000] {local_task_job_runner.py:222} INFO - ::endgroup::
