[2025-05-24T22:32:34.693+0000] {local_task_job_runner.py:120} INFO - ::group::Pre task execution logs
[2025-05-24T22:32:34.708+0000] {taskinstance.py:2073} INFO - Dependencies all met for dep_context=non-requeueable deps ti=<TaskInstance: supplier_data_etl_pipeline.transform_and_merge manual__2025-05-24T21:17:11.637733+00:00 [queued]>
[2025-05-24T22:32:34.714+0000] {taskinstance.py:2073} INFO - Dependencies all met for dep_context=requeueable deps ti=<TaskInstance: supplier_data_etl_pipeline.transform_and_merge manual__2025-05-24T21:17:11.637733+00:00 [queued]>
[2025-05-24T22:32:34.714+0000] {taskinstance.py:2303} INFO - Starting attempt 1 of 6
[2025-05-24T22:32:34.725+0000] {taskinstance.py:2327} INFO - Executing <Task(PythonOperator): transform_and_merge> on 2025-05-24 21:17:11.637733+00:00
[2025-05-24T22:32:34.741+0000] {warnings.py:110} WARNING - /home/***/.local/lib/python3.12/site-packages/***/task/task_runner/standard_task_runner.py:61: DeprecationWarning: This process (pid=1850) is multi-threaded, use of fork() may lead to deadlocks in the child.
  pid = os.fork()

[2025-05-24T22:32:34.745+0000] {standard_task_runner.py:63} INFO - Started process 1852 to run task
[2025-05-24T22:32:34.747+0000] {standard_task_runner.py:90} INFO - Running: ['***', 'tasks', 'run', 'supplier_data_etl_pipeline', 'transform_and_merge', 'manual__2025-05-24T21:17:11.637733+00:00', '--job-id', '153', '--raw', '--subdir', 'DAGS_FOLDER/supplier_dag.py', '--cfg-path', '/tmp/tmpxza84qeg']
[2025-05-24T22:32:34.748+0000] {standard_task_runner.py:91} INFO - Job 153: Subtask transform_and_merge
[2025-05-24T22:32:34.806+0000] {task_command.py:426} INFO - Running <TaskInstance: supplier_data_etl_pipeline.transform_and_merge manual__2025-05-24T21:17:11.637733+00:00 [running]> on host a7d211f7b093
[2025-05-24T22:32:34.887+0000] {taskinstance.py:2644} INFO - Exporting env vars: AIRFLOW_CTX_DAG_OWNER='***' AIRFLOW_CTX_DAG_ID='supplier_data_etl_pipeline' AIRFLOW_CTX_TASK_ID='transform_and_merge' AIRFLOW_CTX_EXECUTION_DATE='2025-05-24T21:17:11.637733+00:00' AIRFLOW_CTX_TRY_NUMBER='1' AIRFLOW_CTX_DAG_RUN_ID='manual__2025-05-24T21:17:11.637733+00:00'
[2025-05-24T22:32:34.889+0000] {taskinstance.py:430} INFO - ::endgroup::
[2025-05-24T22:32:34.894+0000] {etl.py:91} INFO - Pickled CSV data converted into DataFrame
[2025-05-24T22:32:34.895+0000] {etl.py:93} INFO - Pickled API data converted into DataFrame
[2025-05-24T22:32:34.896+0000] {etl.py:95} INFO - Pickled SQL data converted into DataFrame
[2025-05-24T22:32:34.898+0000] {etl.py:103} INFO - DataFrames merged side-by-side
[2025-05-24T22:32:34.900+0000] {etl.py:112} INFO - Column names standardized post-merge
[2025-05-24T22:32:34.911+0000] {etl.py:118} INFO - Merged data saved to /opt/***/dags/merged_supplier_data.csv
[2025-05-24T22:32:34.911+0000] {python.py:237} INFO - Done. Returned value was: None
[2025-05-24T22:32:34.912+0000] {taskinstance.py:441} INFO - ::group::Post task execution logs
[2025-05-24T22:32:34.917+0000] {taskinstance.py:1205} INFO - Marking task as SUCCESS. dag_id=supplier_data_etl_pipeline, task_id=transform_and_merge, execution_date=20250524T211711, start_date=20250524T223234, end_date=20250524T223234
[2025-05-24T22:32:34.968+0000] {local_task_job_runner.py:240} INFO - Task exited with return code 0
[2025-05-24T22:32:34.983+0000] {taskinstance.py:3482} INFO - 1 downstream tasks scheduled from follow-on schedule check
[2025-05-24T22:32:34.985+0000] {local_task_job_runner.py:222} INFO - ::endgroup::
