[2025-05-24T22:35:20.099+0000] {local_task_job_runner.py:120} INFO - ::group::Pre task execution logs
[2025-05-24T22:35:20.462+0000] {taskinstance.py:2073} INFO - Dependencies all met for dep_context=non-requeueable deps ti=<TaskInstance: supplier_data_etl_pipeline.extract_api_data manual__2025-05-24T21:27:11.565936+00:00 [queued]>
[2025-05-24T22:35:20.520+0000] {taskinstance.py:2073} INFO - Dependencies all met for dep_context=requeueable deps ti=<TaskInstance: supplier_data_etl_pipeline.extract_api_data manual__2025-05-24T21:27:11.565936+00:00 [queued]>
[2025-05-24T22:35:20.528+0000] {taskinstance.py:2303} INFO - Starting attempt 7 of 12
[2025-05-24T22:35:20.617+0000] {taskinstance.py:2327} INFO - Executing <Task(PythonOperator): extract_api_data> on 2025-05-24 21:27:11.565936+00:00
[2025-05-24T22:35:20.673+0000] {warnings.py:110} WARNING - /home/***/.local/lib/python3.12/site-packages/***/task/task_runner/standard_task_runner.py:61: DeprecationWarning: This process (pid=1883) is multi-threaded, use of fork() may lead to deadlocks in the child.
  pid = os.fork()

[2025-05-24T22:35:20.682+0000] {standard_task_runner.py:63} INFO - Started process 1908 to run task
[2025-05-24T22:35:20.715+0000] {standard_task_runner.py:90} INFO - Running: ['***', 'tasks', 'run', 'supplier_data_etl_pipeline', 'extract_api_data', 'manual__2025-05-24T21:27:11.565936+00:00', '--job-id', '160', '--raw', '--subdir', 'DAGS_FOLDER/supplier_dag.py', '--cfg-path', '/tmp/tmpqgunpia_']
[2025-05-24T22:35:20.723+0000] {standard_task_runner.py:91} INFO - Job 160: Subtask extract_api_data
[2025-05-24T22:35:21.168+0000] {task_command.py:426} INFO - Running <TaskInstance: supplier_data_etl_pipeline.extract_api_data manual__2025-05-24T21:27:11.565936+00:00 [running]> on host a7d211f7b093
[2025-05-24T22:35:21.534+0000] {taskinstance.py:2644} INFO - Exporting env vars: AIRFLOW_CTX_DAG_OWNER='***' AIRFLOW_CTX_DAG_ID='supplier_data_etl_pipeline' AIRFLOW_CTX_TASK_ID='extract_api_data' AIRFLOW_CTX_EXECUTION_DATE='2025-05-24T21:27:11.565936+00:00' AIRFLOW_CTX_TRY_NUMBER='7' AIRFLOW_CTX_DAG_RUN_ID='manual__2025-05-24T21:27:11.565936+00:00'
[2025-05-24T22:35:21.592+0000] {taskinstance.py:430} INFO - ::endgroup::
[2025-05-24T22:35:21.627+0000] {etl.py:66} INFO - api data read
[2025-05-24T22:35:21.808+0000] {etl.py:68} INFO - api json data normalized
[2025-05-24T22:35:21.866+0000] {etl.py:70} INFO - api data source pickled
[2025-05-24T22:35:21.869+0000] {python.py:237} INFO - Done. Returned value was: None
[2025-05-24T22:35:21.875+0000] {taskinstance.py:441} INFO - ::group::Post task execution logs
[2025-05-24T22:35:22.028+0000] {taskinstance.py:1205} INFO - Marking task as SUCCESS. dag_id=supplier_data_etl_pipeline, task_id=extract_api_data, execution_date=20250524T212711, start_date=20250524T223520, end_date=20250524T223522
[2025-05-24T22:35:22.222+0000] {local_task_job_runner.py:240} INFO - Task exited with return code 0
[2025-05-24T22:35:22.418+0000] {taskinstance.py:3482} INFO - 1 downstream tasks scheduled from follow-on schedule check
[2025-05-24T22:35:22.426+0000] {local_task_job_runner.py:222} INFO - ::endgroup::
