[2025-05-24T22:56:57.520+0000] {local_task_job_runner.py:120} INFO - ::group::Pre task execution logs
[2025-05-24T22:56:57.666+0000] {taskinstance.py:2073} INFO - Dependencies all met for dep_context=non-requeueable deps ti=<TaskInstance: supplier_data_etl_pipeline.transform_and_merge manual__2025-05-24T22:54:15.604677+00:00 [queued]>
[2025-05-24T22:56:57.693+0000] {taskinstance.py:2073} INFO - Dependencies all met for dep_context=requeueable deps ti=<TaskInstance: supplier_data_etl_pipeline.transform_and_merge manual__2025-05-24T22:54:15.604677+00:00 [queued]>
[2025-05-24T22:56:57.693+0000] {taskinstance.py:2303} INFO - Starting attempt 2 of 7
[2025-05-24T22:56:57.725+0000] {taskinstance.py:2327} INFO - Executing <Task(PythonOperator): transform_and_merge> on 2025-05-24 22:54:15.604677+00:00
[2025-05-24T22:56:57.753+0000] {warnings.py:110} WARNING - /home/***/.local/lib/python3.12/site-packages/***/task/task_runner/standard_task_runner.py:61: DeprecationWarning: This process (pid=2224) is multi-threaded, use of fork() may lead to deadlocks in the child.
  pid = os.fork()

[2025-05-24T22:56:57.757+0000] {standard_task_runner.py:63} INFO - Started process 2226 to run task
[2025-05-24T22:56:57.758+0000] {standard_task_runner.py:90} INFO - Running: ['***', 'tasks', 'run', 'supplier_data_etl_pipeline', 'transform_and_merge', 'manual__2025-05-24T22:54:15.604677+00:00', '--job-id', '182', '--raw', '--subdir', 'DAGS_FOLDER/supplier_dag.py', '--cfg-path', '/tmp/tmp42hyts8u']
[2025-05-24T22:56:57.762+0000] {standard_task_runner.py:91} INFO - Job 182: Subtask transform_and_merge
[2025-05-24T22:56:57.917+0000] {task_command.py:426} INFO - Running <TaskInstance: supplier_data_etl_pipeline.transform_and_merge manual__2025-05-24T22:54:15.604677+00:00 [running]> on host a7d211f7b093
[2025-05-24T22:56:58.189+0000] {taskinstance.py:2644} INFO - Exporting env vars: AIRFLOW_CTX_DAG_OWNER='***' AIRFLOW_CTX_DAG_ID='supplier_data_etl_pipeline' AIRFLOW_CTX_TASK_ID='transform_and_merge' AIRFLOW_CTX_EXECUTION_DATE='2025-05-24T22:54:15.604677+00:00' AIRFLOW_CTX_TRY_NUMBER='2' AIRFLOW_CTX_DAG_RUN_ID='manual__2025-05-24T22:54:15.604677+00:00'
[2025-05-24T22:56:58.195+0000] {taskinstance.py:430} INFO - ::endgroup::
[2025-05-24T22:56:58.248+0000] {etl.py:91} INFO - Pickled CSV data converted into DataFrame
[2025-05-24T22:56:58.256+0000] {etl.py:93} INFO - Pickled API data converted into DataFrame
[2025-05-24T22:56:58.270+0000] {etl.py:95} INFO - Pickled SQL data converted into DataFrame
[2025-05-24T22:56:58.308+0000] {etl.py:103} INFO - DataFrames merged side-by-side
[2025-05-24T22:56:58.347+0000] {etl.py:112} INFO - Column names standardized post-merge
[2025-05-24T22:56:58.522+0000] {etl.py:118} INFO - Merged data saved to /opt/***/dags/merged_supplier_data.csv
[2025-05-24T22:56:58.524+0000] {python.py:237} INFO - Done. Returned value was: None
[2025-05-24T22:56:58.524+0000] {taskinstance.py:441} INFO - ::group::Post task execution logs
[2025-05-24T22:56:58.556+0000] {taskinstance.py:1205} INFO - Marking task as SUCCESS. dag_id=supplier_data_etl_pipeline, task_id=transform_and_merge, execution_date=20250524T225415, start_date=20250524T225657, end_date=20250524T225658
[2025-05-24T22:56:58.627+0000] {local_task_job_runner.py:240} INFO - Task exited with return code 0
[2025-05-24T22:56:58.705+0000] {taskinstance.py:3482} INFO - 1 downstream tasks scheduled from follow-on schedule check
[2025-05-24T22:56:58.709+0000] {local_task_job_runner.py:222} INFO - ::endgroup::
