[2025-05-27T01:08:12.541+0000] {local_task_job_runner.py:120} INFO - ::group::Pre task execution logs
[2025-05-27T01:08:12.554+0000] {taskinstance.py:2073} INFO - Dependencies all met for dep_context=non-requeueable deps ti=<TaskInstance: supplier_data_etl_pipeline.transform_and_merge scheduled__2025-05-26T00:00:00+00:00 [queued]>
[2025-05-27T01:08:12.559+0000] {taskinstance.py:2073} INFO - Dependencies all met for dep_context=requeueable deps ti=<TaskInstance: supplier_data_etl_pipeline.transform_and_merge scheduled__2025-05-26T00:00:00+00:00 [queued]>
[2025-05-27T01:08:12.559+0000] {taskinstance.py:2303} INFO - Starting attempt 1 of 6
[2025-05-27T01:08:12.566+0000] {taskinstance.py:2327} INFO - Executing <Task(PythonOperator): transform_and_merge> on 2025-05-26 00:00:00+00:00
[2025-05-27T01:08:12.575+0000] {warnings.py:110} WARNING - /home/***/.local/lib/python3.12/site-packages/***/task/task_runner/standard_task_runner.py:61: DeprecationWarning: This process (pid=1478) is multi-threaded, use of fork() may lead to deadlocks in the child.
  pid = os.fork()

[2025-05-27T01:08:12.577+0000] {standard_task_runner.py:63} INFO - Started process 1480 to run task
[2025-05-27T01:08:12.577+0000] {standard_task_runner.py:90} INFO - Running: ['***', 'tasks', 'run', 'supplier_data_etl_pipeline', 'transform_and_merge', 'scheduled__2025-05-26T00:00:00+00:00', '--job-id', '206', '--raw', '--subdir', 'DAGS_FOLDER/supplier_dag.py', '--cfg-path', '/tmp/tmpkc8gb9rr']
[2025-05-27T01:08:12.579+0000] {standard_task_runner.py:91} INFO - Job 206: Subtask transform_and_merge
[2025-05-27T01:08:12.640+0000] {task_command.py:426} INFO - Running <TaskInstance: supplier_data_etl_pipeline.transform_and_merge scheduled__2025-05-26T00:00:00+00:00 [running]> on host 295abcd9c300
[2025-05-27T01:08:12.720+0000] {taskinstance.py:2644} INFO - Exporting env vars: AIRFLOW_CTX_DAG_OWNER='***' AIRFLOW_CTX_DAG_ID='supplier_data_etl_pipeline' AIRFLOW_CTX_TASK_ID='transform_and_merge' AIRFLOW_CTX_EXECUTION_DATE='2025-05-26T00:00:00+00:00' AIRFLOW_CTX_TRY_NUMBER='1' AIRFLOW_CTX_DAG_RUN_ID='scheduled__2025-05-26T00:00:00+00:00'
[2025-05-27T01:08:12.721+0000] {taskinstance.py:430} INFO - ::endgroup::
[2025-05-27T01:08:12.726+0000] {etl.py:60} INFO - Pickled CSV data converted into DataFrame
[2025-05-27T01:08:12.727+0000] {etl.py:62} INFO - Pickled API data converted into DataFrame
[2025-05-27T01:08:12.728+0000] {etl.py:64} INFO - Pickled SQL data converted into DataFrame
[2025-05-27T01:08:12.731+0000] {etl.py:72} INFO - DataFrames merged side-by-side
[2025-05-27T01:08:12.733+0000] {etl.py:81} INFO - Column names standardized post-merge
[2025-05-27T01:08:12.761+0000] {etl.py:87} INFO - Merged data saved to /opt/***/dags/merged_supplier_data.csv
[2025-05-27T01:08:12.763+0000] {python.py:237} INFO - Done. Returned value was: None
[2025-05-27T01:08:12.764+0000] {taskinstance.py:441} INFO - ::group::Post task execution logs
[2025-05-27T01:08:12.771+0000] {taskinstance.py:1205} INFO - Marking task as SUCCESS. dag_id=supplier_data_etl_pipeline, task_id=transform_and_merge, execution_date=20250526T000000, start_date=20250527T010812, end_date=20250527T010812
[2025-05-27T01:08:12.799+0000] {local_task_job_runner.py:240} INFO - Task exited with return code 0
[2025-05-27T01:08:12.814+0000] {taskinstance.py:3482} INFO - 1 downstream tasks scheduled from follow-on schedule check
[2025-05-27T01:08:12.816+0000] {local_task_job_runner.py:222} INFO - ::endgroup::
