[2025-05-24T18:23:38.365+0000] {processor.py:186} INFO - Started process (PID=101) to work on /home/airflow/.local/lib/python3.12/site-packages/airflow/example_dags/example_dataset_alias_with_no_taskflow.py
[2025-05-24T18:23:38.365+0000] {processor.py:914} INFO - Processing file /home/airflow/.local/lib/python3.12/site-packages/airflow/example_dags/example_dataset_alias_with_no_taskflow.py for tasks to queue
[2025-05-24T18:23:38.366+0000] {logging_mixin.py:190} INFO - [2025-05-24T18:23:38.366+0000] {dagbag.py:588} INFO - Filling up the DagBag from /home/airflow/.local/lib/python3.12/site-packages/airflow/example_dags/example_dataset_alias_with_no_taskflow.py
[2025-05-24T18:23:38.718+0000] {processor.py:925} INFO - DAG(s) 'dataset_alias_example_alias_consumer_with_no_taskflow', 'dataset_s3_bucket_producer_with_no_taskflow', 'dataset_alias_example_alias_producer_with_no_taskflow', 'dataset_s3_bucket_consumer_with_no_taskflow' retrieved from /home/airflow/.local/lib/python3.12/site-packages/airflow/example_dags/example_dataset_alias_with_no_taskflow.py
[2025-05-24T18:23:38.766+0000] {logging_mixin.py:190} INFO - [2025-05-24T18:23:38.765+0000] {override.py:1911} INFO - Created Permission View: can edit on DAG:dataset_alias_example_alias_consumer_with_no_taskflow
[2025-05-24T18:23:38.771+0000] {logging_mixin.py:190} INFO - [2025-05-24T18:23:38.771+0000] {override.py:1911} INFO - Created Permission View: can delete on DAG:dataset_alias_example_alias_consumer_with_no_taskflow
[2025-05-24T18:23:38.773+0000] {logging_mixin.py:190} INFO - [2025-05-24T18:23:38.773+0000] {override.py:1911} INFO - Created Permission View: can read on DAG:dataset_alias_example_alias_consumer_with_no_taskflow
[2025-05-24T18:23:38.776+0000] {logging_mixin.py:190} INFO - [2025-05-24T18:23:38.776+0000] {override.py:1911} INFO - Created Permission View: menu access on DAG Run:dataset_alias_example_alias_consumer_with_no_taskflow
[2025-05-24T18:23:38.779+0000] {logging_mixin.py:190} INFO - [2025-05-24T18:23:38.779+0000] {override.py:1911} INFO - Created Permission View: can delete on DAG Run:dataset_alias_example_alias_consumer_with_no_taskflow
[2025-05-24T18:23:38.783+0000] {logging_mixin.py:190} INFO - [2025-05-24T18:23:38.782+0000] {override.py:1911} INFO - Created Permission View: can create on DAG Run:dataset_alias_example_alias_consumer_with_no_taskflow
[2025-05-24T18:23:38.786+0000] {logging_mixin.py:190} INFO - [2025-05-24T18:23:38.786+0000] {override.py:1911} INFO - Created Permission View: can read on DAG Run:dataset_alias_example_alias_consumer_with_no_taskflow
[2025-05-24T18:23:38.793+0000] {logging_mixin.py:190} INFO - [2025-05-24T18:23:38.793+0000] {override.py:1911} INFO - Created Permission View: can edit on DAG:dataset_s3_bucket_producer_with_no_taskflow
[2025-05-24T18:23:38.800+0000] {logging_mixin.py:190} INFO - [2025-05-24T18:23:38.800+0000] {override.py:1911} INFO - Created Permission View: can delete on DAG:dataset_s3_bucket_producer_with_no_taskflow
[2025-05-24T18:23:38.805+0000] {logging_mixin.py:190} INFO - [2025-05-24T18:23:38.805+0000] {override.py:1911} INFO - Created Permission View: can read on DAG:dataset_s3_bucket_producer_with_no_taskflow
[2025-05-24T18:23:38.808+0000] {logging_mixin.py:190} INFO - [2025-05-24T18:23:38.808+0000] {override.py:1911} INFO - Created Permission View: menu access on DAG Run:dataset_s3_bucket_producer_with_no_taskflow
[2025-05-24T18:23:38.812+0000] {logging_mixin.py:190} INFO - [2025-05-24T18:23:38.811+0000] {override.py:1911} INFO - Created Permission View: can delete on DAG Run:dataset_s3_bucket_producer_with_no_taskflow
[2025-05-24T18:23:38.815+0000] {logging_mixin.py:190} INFO - [2025-05-24T18:23:38.814+0000] {override.py:1911} INFO - Created Permission View: can create on DAG Run:dataset_s3_bucket_producer_with_no_taskflow
[2025-05-24T18:23:38.817+0000] {logging_mixin.py:190} INFO - [2025-05-24T18:23:38.817+0000] {override.py:1911} INFO - Created Permission View: can read on DAG Run:dataset_s3_bucket_producer_with_no_taskflow
[2025-05-24T18:23:38.824+0000] {logging_mixin.py:190} INFO - [2025-05-24T18:23:38.824+0000] {override.py:1911} INFO - Created Permission View: can edit on DAG:dataset_alias_example_alias_producer_with_no_taskflow
[2025-05-24T18:23:38.828+0000] {logging_mixin.py:190} INFO - [2025-05-24T18:23:38.827+0000] {override.py:1911} INFO - Created Permission View: can delete on DAG:dataset_alias_example_alias_producer_with_no_taskflow
[2025-05-24T18:23:38.831+0000] {logging_mixin.py:190} INFO - [2025-05-24T18:23:38.830+0000] {override.py:1911} INFO - Created Permission View: can read on DAG:dataset_alias_example_alias_producer_with_no_taskflow
[2025-05-24T18:23:38.833+0000] {logging_mixin.py:190} INFO - [2025-05-24T18:23:38.833+0000] {override.py:1911} INFO - Created Permission View: menu access on DAG Run:dataset_alias_example_alias_producer_with_no_taskflow
[2025-05-24T18:23:38.837+0000] {logging_mixin.py:190} INFO - [2025-05-24T18:23:38.837+0000] {override.py:1911} INFO - Created Permission View: can delete on DAG Run:dataset_alias_example_alias_producer_with_no_taskflow
[2025-05-24T18:23:38.850+0000] {logging_mixin.py:190} INFO - [2025-05-24T18:23:38.850+0000] {override.py:1911} INFO - Created Permission View: can create on DAG Run:dataset_alias_example_alias_producer_with_no_taskflow
[2025-05-24T18:23:38.854+0000] {logging_mixin.py:190} INFO - [2025-05-24T18:23:38.854+0000] {override.py:1911} INFO - Created Permission View: can read on DAG Run:dataset_alias_example_alias_producer_with_no_taskflow
[2025-05-24T18:23:38.861+0000] {logging_mixin.py:190} INFO - [2025-05-24T18:23:38.860+0000] {override.py:1911} INFO - Created Permission View: can edit on DAG:dataset_s3_bucket_consumer_with_no_taskflow
[2025-05-24T18:23:38.864+0000] {logging_mixin.py:190} INFO - [2025-05-24T18:23:38.864+0000] {override.py:1911} INFO - Created Permission View: can delete on DAG:dataset_s3_bucket_consumer_with_no_taskflow
[2025-05-24T18:23:38.867+0000] {logging_mixin.py:190} INFO - [2025-05-24T18:23:38.867+0000] {override.py:1911} INFO - Created Permission View: can read on DAG:dataset_s3_bucket_consumer_with_no_taskflow
[2025-05-24T18:23:38.870+0000] {logging_mixin.py:190} INFO - [2025-05-24T18:23:38.869+0000] {override.py:1911} INFO - Created Permission View: menu access on DAG Run:dataset_s3_bucket_consumer_with_no_taskflow
[2025-05-24T18:23:38.873+0000] {logging_mixin.py:190} INFO - [2025-05-24T18:23:38.873+0000] {override.py:1911} INFO - Created Permission View: can delete on DAG Run:dataset_s3_bucket_consumer_with_no_taskflow
[2025-05-24T18:23:38.876+0000] {logging_mixin.py:190} INFO - [2025-05-24T18:23:38.876+0000] {override.py:1911} INFO - Created Permission View: can create on DAG Run:dataset_s3_bucket_consumer_with_no_taskflow
[2025-05-24T18:23:38.878+0000] {logging_mixin.py:190} INFO - [2025-05-24T18:23:38.878+0000] {override.py:1911} INFO - Created Permission View: can read on DAG Run:dataset_s3_bucket_consumer_with_no_taskflow
[2025-05-24T18:23:38.878+0000] {logging_mixin.py:190} INFO - [2025-05-24T18:23:38.878+0000] {dag.py:3239} INFO - Sync 4 DAGs
[2025-05-24T18:23:38.886+0000] {logging_mixin.py:190} INFO - [2025-05-24T18:23:38.885+0000] {dag.py:3262} INFO - Creating ORM DAG for dataset_alias_example_alias_consumer_with_no_taskflow
[2025-05-24T18:23:38.886+0000] {logging_mixin.py:190} INFO - [2025-05-24T18:23:38.886+0000] {dag.py:3262} INFO - Creating ORM DAG for dataset_s3_bucket_producer_with_no_taskflow
[2025-05-24T18:23:38.886+0000] {logging_mixin.py:190} INFO - [2025-05-24T18:23:38.886+0000] {dag.py:3262} INFO - Creating ORM DAG for dataset_alias_example_alias_producer_with_no_taskflow
[2025-05-24T18:23:38.887+0000] {logging_mixin.py:190} INFO - [2025-05-24T18:23:38.887+0000] {dag.py:3262} INFO - Creating ORM DAG for dataset_s3_bucket_consumer_with_no_taskflow
[2025-05-24T18:23:38.892+0000] {logging_mixin.py:190} INFO - [2025-05-24T18:23:38.892+0000] {dag.py:4180} INFO - Setting next_dagrun for dataset_alias_example_alias_consumer_with_no_taskflow to None, run_after=None
[2025-05-24T18:23:38.893+0000] {logging_mixin.py:190} INFO - [2025-05-24T18:23:38.893+0000] {dag.py:4180} INFO - Setting next_dagrun for dataset_alias_example_alias_producer_with_no_taskflow to None, run_after=None
[2025-05-24T18:23:38.893+0000] {logging_mixin.py:190} INFO - [2025-05-24T18:23:38.893+0000] {dag.py:4180} INFO - Setting next_dagrun for dataset_s3_bucket_consumer_with_no_taskflow to None, run_after=None
[2025-05-24T18:23:38.894+0000] {logging_mixin.py:190} INFO - [2025-05-24T18:23:38.894+0000] {dag.py:4180} INFO - Setting next_dagrun for dataset_s3_bucket_producer_with_no_taskflow to None, run_after=None
[2025-05-24T18:23:38.911+0000] {processor.py:208} INFO - Processing /home/airflow/.local/lib/python3.12/site-packages/airflow/example_dags/example_dataset_alias_with_no_taskflow.py took 0.549 seconds
[2025-05-24T18:24:09.315+0000] {processor.py:186} INFO - Started process (PID=165) to work on /home/airflow/.local/lib/python3.12/site-packages/airflow/example_dags/example_dataset_alias_with_no_taskflow.py
[2025-05-24T18:24:09.318+0000] {processor.py:914} INFO - Processing file /home/airflow/.local/lib/python3.12/site-packages/airflow/example_dags/example_dataset_alias_with_no_taskflow.py for tasks to queue
[2025-05-24T18:24:09.321+0000] {logging_mixin.py:190} INFO - [2025-05-24T18:24:09.321+0000] {dagbag.py:588} INFO - Filling up the DagBag from /home/airflow/.local/lib/python3.12/site-packages/airflow/example_dags/example_dataset_alias_with_no_taskflow.py
[2025-05-24T18:24:10.352+0000] {processor.py:925} INFO - DAG(s) 'dataset_alias_example_alias_consumer_with_no_taskflow', 'dataset_alias_example_alias_producer_with_no_taskflow', 'dataset_s3_bucket_consumer_with_no_taskflow', 'dataset_s3_bucket_producer_with_no_taskflow' retrieved from /home/airflow/.local/lib/python3.12/site-packages/airflow/example_dags/example_dataset_alias_with_no_taskflow.py
[2025-05-24T18:24:10.365+0000] {logging_mixin.py:190} INFO - [2025-05-24T18:24:10.365+0000] {dag.py:3239} INFO - Sync 4 DAGs
[2025-05-24T18:24:10.380+0000] {logging_mixin.py:190} INFO - [2025-05-24T18:24:10.380+0000] {dag.py:4180} INFO - Setting next_dagrun for dataset_alias_example_alias_consumer_with_no_taskflow to None, run_after=None
[2025-05-24T18:24:10.382+0000] {logging_mixin.py:190} INFO - [2025-05-24T18:24:10.382+0000] {dag.py:4180} INFO - Setting next_dagrun for dataset_alias_example_alias_producer_with_no_taskflow to None, run_after=None
[2025-05-24T18:24:10.383+0000] {logging_mixin.py:190} INFO - [2025-05-24T18:24:10.383+0000] {dag.py:4180} INFO - Setting next_dagrun for dataset_s3_bucket_consumer_with_no_taskflow to None, run_after=None
[2025-05-24T18:24:10.384+0000] {logging_mixin.py:190} INFO - [2025-05-24T18:24:10.383+0000] {dag.py:4180} INFO - Setting next_dagrun for dataset_s3_bucket_producer_with_no_taskflow to None, run_after=None
[2025-05-24T18:24:10.398+0000] {processor.py:208} INFO - Processing /home/airflow/.local/lib/python3.12/site-packages/airflow/example_dags/example_dataset_alias_with_no_taskflow.py took 1.090 seconds
[2025-05-24T18:24:40.627+0000] {processor.py:186} INFO - Started process (PID=229) to work on /home/airflow/.local/lib/python3.12/site-packages/airflow/example_dags/example_dataset_alias_with_no_taskflow.py
[2025-05-24T18:24:40.628+0000] {processor.py:914} INFO - Processing file /home/airflow/.local/lib/python3.12/site-packages/airflow/example_dags/example_dataset_alias_with_no_taskflow.py for tasks to queue
[2025-05-24T18:24:40.630+0000] {logging_mixin.py:190} INFO - [2025-05-24T18:24:40.630+0000] {dagbag.py:588} INFO - Filling up the DagBag from /home/airflow/.local/lib/python3.12/site-packages/airflow/example_dags/example_dataset_alias_with_no_taskflow.py
[2025-05-24T18:24:40.980+0000] {processor.py:925} INFO - DAG(s) 'dataset_s3_bucket_consumer_with_no_taskflow', 'dataset_alias_example_alias_consumer_with_no_taskflow', 'dataset_alias_example_alias_producer_with_no_taskflow', 'dataset_s3_bucket_producer_with_no_taskflow' retrieved from /home/airflow/.local/lib/python3.12/site-packages/airflow/example_dags/example_dataset_alias_with_no_taskflow.py
[2025-05-24T18:24:40.991+0000] {logging_mixin.py:190} INFO - [2025-05-24T18:24:40.991+0000] {dag.py:3239} INFO - Sync 4 DAGs
[2025-05-24T18:24:41.003+0000] {logging_mixin.py:190} INFO - [2025-05-24T18:24:41.003+0000] {dag.py:4180} INFO - Setting next_dagrun for dataset_alias_example_alias_consumer_with_no_taskflow to None, run_after=None
[2025-05-24T18:24:41.004+0000] {logging_mixin.py:190} INFO - [2025-05-24T18:24:41.004+0000] {dag.py:4180} INFO - Setting next_dagrun for dataset_alias_example_alias_producer_with_no_taskflow to None, run_after=None
[2025-05-24T18:24:41.005+0000] {logging_mixin.py:190} INFO - [2025-05-24T18:24:41.005+0000] {dag.py:4180} INFO - Setting next_dagrun for dataset_s3_bucket_consumer_with_no_taskflow to None, run_after=None
[2025-05-24T18:24:41.006+0000] {logging_mixin.py:190} INFO - [2025-05-24T18:24:41.006+0000] {dag.py:4180} INFO - Setting next_dagrun for dataset_s3_bucket_producer_with_no_taskflow to None, run_after=None
[2025-05-24T18:24:41.018+0000] {processor.py:208} INFO - Processing /home/airflow/.local/lib/python3.12/site-packages/airflow/example_dags/example_dataset_alias_with_no_taskflow.py took 0.399 seconds
[2025-05-24T18:25:11.088+0000] {processor.py:186} INFO - Started process (PID=293) to work on /home/airflow/.local/lib/python3.12/site-packages/airflow/example_dags/example_dataset_alias_with_no_taskflow.py
[2025-05-24T18:25:11.090+0000] {processor.py:914} INFO - Processing file /home/airflow/.local/lib/python3.12/site-packages/airflow/example_dags/example_dataset_alias_with_no_taskflow.py for tasks to queue
[2025-05-24T18:25:11.091+0000] {logging_mixin.py:190} INFO - [2025-05-24T18:25:11.091+0000] {dagbag.py:588} INFO - Filling up the DagBag from /home/airflow/.local/lib/python3.12/site-packages/airflow/example_dags/example_dataset_alias_with_no_taskflow.py
[2025-05-24T18:25:11.503+0000] {processor.py:925} INFO - DAG(s) 'dataset_s3_bucket_producer_with_no_taskflow', 'dataset_alias_example_alias_consumer_with_no_taskflow', 'dataset_s3_bucket_consumer_with_no_taskflow', 'dataset_alias_example_alias_producer_with_no_taskflow' retrieved from /home/airflow/.local/lib/python3.12/site-packages/airflow/example_dags/example_dataset_alias_with_no_taskflow.py
[2025-05-24T18:25:11.513+0000] {logging_mixin.py:190} INFO - [2025-05-24T18:25:11.513+0000] {dag.py:3239} INFO - Sync 4 DAGs
[2025-05-24T18:25:11.524+0000] {logging_mixin.py:190} INFO - [2025-05-24T18:25:11.524+0000] {dag.py:4180} INFO - Setting next_dagrun for dataset_alias_example_alias_consumer_with_no_taskflow to None, run_after=None
[2025-05-24T18:25:11.525+0000] {logging_mixin.py:190} INFO - [2025-05-24T18:25:11.525+0000] {dag.py:4180} INFO - Setting next_dagrun for dataset_alias_example_alias_producer_with_no_taskflow to None, run_after=None
[2025-05-24T18:25:11.526+0000] {logging_mixin.py:190} INFO - [2025-05-24T18:25:11.526+0000] {dag.py:4180} INFO - Setting next_dagrun for dataset_s3_bucket_consumer_with_no_taskflow to None, run_after=None
[2025-05-24T18:25:11.527+0000] {logging_mixin.py:190} INFO - [2025-05-24T18:25:11.527+0000] {dag.py:4180} INFO - Setting next_dagrun for dataset_s3_bucket_producer_with_no_taskflow to None, run_after=None
[2025-05-24T18:25:11.537+0000] {processor.py:208} INFO - Processing /home/airflow/.local/lib/python3.12/site-packages/airflow/example_dags/example_dataset_alias_with_no_taskflow.py took 0.453 seconds
[2025-05-24T18:25:41.850+0000] {processor.py:186} INFO - Started process (PID=357) to work on /home/airflow/.local/lib/python3.12/site-packages/airflow/example_dags/example_dataset_alias_with_no_taskflow.py
[2025-05-24T18:25:41.851+0000] {processor.py:914} INFO - Processing file /home/airflow/.local/lib/python3.12/site-packages/airflow/example_dags/example_dataset_alias_with_no_taskflow.py for tasks to queue
[2025-05-24T18:25:41.852+0000] {logging_mixin.py:190} INFO - [2025-05-24T18:25:41.852+0000] {dagbag.py:588} INFO - Filling up the DagBag from /home/airflow/.local/lib/python3.12/site-packages/airflow/example_dags/example_dataset_alias_with_no_taskflow.py
[2025-05-24T18:25:42.222+0000] {processor.py:925} INFO - DAG(s) 'dataset_alias_example_alias_consumer_with_no_taskflow', 'dataset_alias_example_alias_producer_with_no_taskflow', 'dataset_s3_bucket_consumer_with_no_taskflow', 'dataset_s3_bucket_producer_with_no_taskflow' retrieved from /home/airflow/.local/lib/python3.12/site-packages/airflow/example_dags/example_dataset_alias_with_no_taskflow.py
[2025-05-24T18:25:42.234+0000] {logging_mixin.py:190} INFO - [2025-05-24T18:25:42.234+0000] {dag.py:3239} INFO - Sync 4 DAGs
[2025-05-24T18:25:42.246+0000] {logging_mixin.py:190} INFO - [2025-05-24T18:25:42.246+0000] {dag.py:4180} INFO - Setting next_dagrun for dataset_alias_example_alias_consumer_with_no_taskflow to None, run_after=None
[2025-05-24T18:25:42.249+0000] {logging_mixin.py:190} INFO - [2025-05-24T18:25:42.248+0000] {dag.py:4180} INFO - Setting next_dagrun for dataset_alias_example_alias_producer_with_no_taskflow to None, run_after=None
[2025-05-24T18:25:42.250+0000] {logging_mixin.py:190} INFO - [2025-05-24T18:25:42.250+0000] {dag.py:4180} INFO - Setting next_dagrun for dataset_s3_bucket_consumer_with_no_taskflow to None, run_after=None
[2025-05-24T18:25:42.251+0000] {logging_mixin.py:190} INFO - [2025-05-24T18:25:42.251+0000] {dag.py:4180} INFO - Setting next_dagrun for dataset_s3_bucket_producer_with_no_taskflow to None, run_after=None
[2025-05-24T18:25:42.263+0000] {processor.py:208} INFO - Processing /home/airflow/.local/lib/python3.12/site-packages/airflow/example_dags/example_dataset_alias_with_no_taskflow.py took 0.417 seconds
[2025-05-24T18:26:12.338+0000] {processor.py:186} INFO - Started process (PID=425) to work on /home/airflow/.local/lib/python3.12/site-packages/airflow/example_dags/example_dataset_alias_with_no_taskflow.py
[2025-05-24T18:26:12.340+0000] {processor.py:914} INFO - Processing file /home/airflow/.local/lib/python3.12/site-packages/airflow/example_dags/example_dataset_alias_with_no_taskflow.py for tasks to queue
[2025-05-24T18:26:12.342+0000] {logging_mixin.py:190} INFO - [2025-05-24T18:26:12.342+0000] {dagbag.py:588} INFO - Filling up the DagBag from /home/airflow/.local/lib/python3.12/site-packages/airflow/example_dags/example_dataset_alias_with_no_taskflow.py
[2025-05-24T18:26:12.887+0000] {processor.py:925} INFO - DAG(s) 'dataset_alias_example_alias_consumer_with_no_taskflow', 'dataset_s3_bucket_producer_with_no_taskflow', 'dataset_alias_example_alias_producer_with_no_taskflow', 'dataset_s3_bucket_consumer_with_no_taskflow' retrieved from /home/airflow/.local/lib/python3.12/site-packages/airflow/example_dags/example_dataset_alias_with_no_taskflow.py
[2025-05-24T18:26:12.896+0000] {logging_mixin.py:190} INFO - [2025-05-24T18:26:12.896+0000] {dag.py:3239} INFO - Sync 4 DAGs
[2025-05-24T18:26:12.906+0000] {logging_mixin.py:190} INFO - [2025-05-24T18:26:12.906+0000] {dag.py:4180} INFO - Setting next_dagrun for dataset_alias_example_alias_consumer_with_no_taskflow to None, run_after=None
[2025-05-24T18:26:12.907+0000] {logging_mixin.py:190} INFO - [2025-05-24T18:26:12.907+0000] {dag.py:4180} INFO - Setting next_dagrun for dataset_alias_example_alias_producer_with_no_taskflow to None, run_after=None
[2025-05-24T18:26:12.908+0000] {logging_mixin.py:190} INFO - [2025-05-24T18:26:12.908+0000] {dag.py:4180} INFO - Setting next_dagrun for dataset_s3_bucket_consumer_with_no_taskflow to None, run_after=None
[2025-05-24T18:26:12.909+0000] {logging_mixin.py:190} INFO - [2025-05-24T18:26:12.909+0000] {dag.py:4180} INFO - Setting next_dagrun for dataset_s3_bucket_producer_with_no_taskflow to None, run_after=None
[2025-05-24T18:26:12.920+0000] {processor.py:208} INFO - Processing /home/airflow/.local/lib/python3.12/site-packages/airflow/example_dags/example_dataset_alias_with_no_taskflow.py took 0.592 seconds
[2025-05-24T18:26:42.972+0000] {processor.py:186} INFO - Started process (PID=489) to work on /home/airflow/.local/lib/python3.12/site-packages/airflow/example_dags/example_dataset_alias_with_no_taskflow.py
[2025-05-24T18:26:42.972+0000] {processor.py:914} INFO - Processing file /home/airflow/.local/lib/python3.12/site-packages/airflow/example_dags/example_dataset_alias_with_no_taskflow.py for tasks to queue
[2025-05-24T18:26:42.974+0000] {logging_mixin.py:190} INFO - [2025-05-24T18:26:42.974+0000] {dagbag.py:588} INFO - Filling up the DagBag from /home/airflow/.local/lib/python3.12/site-packages/airflow/example_dags/example_dataset_alias_with_no_taskflow.py
[2025-05-24T18:26:43.313+0000] {processor.py:925} INFO - DAG(s) 'dataset_alias_example_alias_consumer_with_no_taskflow', 'dataset_s3_bucket_consumer_with_no_taskflow', 'dataset_s3_bucket_producer_with_no_taskflow', 'dataset_alias_example_alias_producer_with_no_taskflow' retrieved from /home/airflow/.local/lib/python3.12/site-packages/airflow/example_dags/example_dataset_alias_with_no_taskflow.py
[2025-05-24T18:26:43.323+0000] {logging_mixin.py:190} INFO - [2025-05-24T18:26:43.323+0000] {dag.py:3239} INFO - Sync 4 DAGs
[2025-05-24T18:26:43.336+0000] {logging_mixin.py:190} INFO - [2025-05-24T18:26:43.336+0000] {dag.py:4180} INFO - Setting next_dagrun for dataset_alias_example_alias_consumer_with_no_taskflow to None, run_after=None
[2025-05-24T18:26:43.337+0000] {logging_mixin.py:190} INFO - [2025-05-24T18:26:43.337+0000] {dag.py:4180} INFO - Setting next_dagrun for dataset_alias_example_alias_producer_with_no_taskflow to None, run_after=None
[2025-05-24T18:26:43.338+0000] {logging_mixin.py:190} INFO - [2025-05-24T18:26:43.338+0000] {dag.py:4180} INFO - Setting next_dagrun for dataset_s3_bucket_consumer_with_no_taskflow to None, run_after=None
[2025-05-24T18:26:43.338+0000] {logging_mixin.py:190} INFO - [2025-05-24T18:26:43.338+0000] {dag.py:4180} INFO - Setting next_dagrun for dataset_s3_bucket_producer_with_no_taskflow to None, run_after=None
[2025-05-24T18:26:43.348+0000] {processor.py:208} INFO - Processing /home/airflow/.local/lib/python3.12/site-packages/airflow/example_dags/example_dataset_alias_with_no_taskflow.py took 0.381 seconds
[2025-05-24T18:27:15.102+0000] {processor.py:186} INFO - Started process (PID=561) to work on /home/airflow/.local/lib/python3.12/site-packages/airflow/example_dags/example_dataset_alias_with_no_taskflow.py
[2025-05-24T18:27:15.103+0000] {processor.py:914} INFO - Processing file /home/airflow/.local/lib/python3.12/site-packages/airflow/example_dags/example_dataset_alias_with_no_taskflow.py for tasks to queue
[2025-05-24T18:27:15.105+0000] {logging_mixin.py:190} INFO - [2025-05-24T18:27:15.104+0000] {dagbag.py:588} INFO - Filling up the DagBag from /home/airflow/.local/lib/python3.12/site-packages/airflow/example_dags/example_dataset_alias_with_no_taskflow.py
[2025-05-24T18:27:15.793+0000] {processor.py:925} INFO - DAG(s) 'dataset_alias_example_alias_producer_with_no_taskflow', 'dataset_s3_bucket_consumer_with_no_taskflow', 'dataset_alias_example_alias_consumer_with_no_taskflow', 'dataset_s3_bucket_producer_with_no_taskflow' retrieved from /home/airflow/.local/lib/python3.12/site-packages/airflow/example_dags/example_dataset_alias_with_no_taskflow.py
[2025-05-24T18:27:15.805+0000] {logging_mixin.py:190} INFO - [2025-05-24T18:27:15.805+0000] {dag.py:3239} INFO - Sync 4 DAGs
[2025-05-24T18:27:15.818+0000] {logging_mixin.py:190} INFO - [2025-05-24T18:27:15.818+0000] {dag.py:4180} INFO - Setting next_dagrun for dataset_alias_example_alias_consumer_with_no_taskflow to None, run_after=None
[2025-05-24T18:27:15.820+0000] {logging_mixin.py:190} INFO - [2025-05-24T18:27:15.820+0000] {dag.py:4180} INFO - Setting next_dagrun for dataset_alias_example_alias_producer_with_no_taskflow to None, run_after=None
[2025-05-24T18:27:15.822+0000] {logging_mixin.py:190} INFO - [2025-05-24T18:27:15.822+0000] {dag.py:4180} INFO - Setting next_dagrun for dataset_s3_bucket_consumer_with_no_taskflow to None, run_after=None
[2025-05-24T18:27:15.823+0000] {logging_mixin.py:190} INFO - [2025-05-24T18:27:15.823+0000] {dag.py:4180} INFO - Setting next_dagrun for dataset_s3_bucket_producer_with_no_taskflow to None, run_after=None
[2025-05-24T18:27:15.835+0000] {processor.py:208} INFO - Processing /home/airflow/.local/lib/python3.12/site-packages/airflow/example_dags/example_dataset_alias_with_no_taskflow.py took 0.736 seconds
[2025-05-24T18:27:46.135+0000] {processor.py:186} INFO - Started process (PID=625) to work on /home/airflow/.local/lib/python3.12/site-packages/airflow/example_dags/example_dataset_alias_with_no_taskflow.py
[2025-05-24T18:27:46.136+0000] {processor.py:914} INFO - Processing file /home/airflow/.local/lib/python3.12/site-packages/airflow/example_dags/example_dataset_alias_with_no_taskflow.py for tasks to queue
[2025-05-24T18:27:46.139+0000] {logging_mixin.py:190} INFO - [2025-05-24T18:27:46.139+0000] {dagbag.py:588} INFO - Filling up the DagBag from /home/airflow/.local/lib/python3.12/site-packages/airflow/example_dags/example_dataset_alias_with_no_taskflow.py
[2025-05-24T18:27:46.553+0000] {processor.py:925} INFO - DAG(s) 'dataset_s3_bucket_consumer_with_no_taskflow', 'dataset_alias_example_alias_producer_with_no_taskflow', 'dataset_alias_example_alias_consumer_with_no_taskflow', 'dataset_s3_bucket_producer_with_no_taskflow' retrieved from /home/airflow/.local/lib/python3.12/site-packages/airflow/example_dags/example_dataset_alias_with_no_taskflow.py
[2025-05-24T18:27:46.585+0000] {logging_mixin.py:190} INFO - [2025-05-24T18:27:46.584+0000] {dag.py:3239} INFO - Sync 4 DAGs
[2025-05-24T18:27:46.603+0000] {logging_mixin.py:190} INFO - [2025-05-24T18:27:46.602+0000] {dag.py:4180} INFO - Setting next_dagrun for dataset_alias_example_alias_consumer_with_no_taskflow to None, run_after=None
[2025-05-24T18:27:46.605+0000] {logging_mixin.py:190} INFO - [2025-05-24T18:27:46.605+0000] {dag.py:4180} INFO - Setting next_dagrun for dataset_alias_example_alias_producer_with_no_taskflow to None, run_after=None
[2025-05-24T18:27:46.607+0000] {logging_mixin.py:190} INFO - [2025-05-24T18:27:46.607+0000] {dag.py:4180} INFO - Setting next_dagrun for dataset_s3_bucket_consumer_with_no_taskflow to None, run_after=None
[2025-05-24T18:27:46.610+0000] {logging_mixin.py:190} INFO - [2025-05-24T18:27:46.610+0000] {dag.py:4180} INFO - Setting next_dagrun for dataset_s3_bucket_producer_with_no_taskflow to None, run_after=None
[2025-05-24T18:27:46.636+0000] {processor.py:208} INFO - Processing /home/airflow/.local/lib/python3.12/site-packages/airflow/example_dags/example_dataset_alias_with_no_taskflow.py took 0.504 seconds
[2025-05-24T18:28:16.842+0000] {processor.py:186} INFO - Started process (PID=688) to work on /home/airflow/.local/lib/python3.12/site-packages/airflow/example_dags/example_dataset_alias_with_no_taskflow.py
[2025-05-24T18:28:16.843+0000] {processor.py:914} INFO - Processing file /home/airflow/.local/lib/python3.12/site-packages/airflow/example_dags/example_dataset_alias_with_no_taskflow.py for tasks to queue
[2025-05-24T18:28:16.846+0000] {logging_mixin.py:190} INFO - [2025-05-24T18:28:16.846+0000] {dagbag.py:588} INFO - Filling up the DagBag from /home/airflow/.local/lib/python3.12/site-packages/airflow/example_dags/example_dataset_alias_with_no_taskflow.py
[2025-05-24T18:28:17.187+0000] {processor.py:925} INFO - DAG(s) 'dataset_alias_example_alias_consumer_with_no_taskflow', 'dataset_s3_bucket_consumer_with_no_taskflow', 'dataset_s3_bucket_producer_with_no_taskflow', 'dataset_alias_example_alias_producer_with_no_taskflow' retrieved from /home/airflow/.local/lib/python3.12/site-packages/airflow/example_dags/example_dataset_alias_with_no_taskflow.py
[2025-05-24T18:28:17.197+0000] {logging_mixin.py:190} INFO - [2025-05-24T18:28:17.197+0000] {dag.py:3239} INFO - Sync 4 DAGs
[2025-05-24T18:28:17.219+0000] {logging_mixin.py:190} INFO - [2025-05-24T18:28:17.218+0000] {dag.py:4180} INFO - Setting next_dagrun for dataset_alias_example_alias_consumer_with_no_taskflow to None, run_after=None
[2025-05-24T18:28:17.220+0000] {logging_mixin.py:190} INFO - [2025-05-24T18:28:17.220+0000] {dag.py:4180} INFO - Setting next_dagrun for dataset_alias_example_alias_producer_with_no_taskflow to None, run_after=None
[2025-05-24T18:28:17.221+0000] {logging_mixin.py:190} INFO - [2025-05-24T18:28:17.221+0000] {dag.py:4180} INFO - Setting next_dagrun for dataset_s3_bucket_consumer_with_no_taskflow to None, run_after=None
[2025-05-24T18:28:17.222+0000] {logging_mixin.py:190} INFO - [2025-05-24T18:28:17.222+0000] {dag.py:4180} INFO - Setting next_dagrun for dataset_s3_bucket_producer_with_no_taskflow to None, run_after=None
[2025-05-24T18:28:17.232+0000] {processor.py:208} INFO - Processing /home/airflow/.local/lib/python3.12/site-packages/airflow/example_dags/example_dataset_alias_with_no_taskflow.py took 0.397 seconds
[2025-05-24T18:28:48.838+0000] {processor.py:186} INFO - Started process (PID=752) to work on /home/airflow/.local/lib/python3.12/site-packages/airflow/example_dags/example_dataset_alias_with_no_taskflow.py
[2025-05-24T18:28:48.839+0000] {processor.py:914} INFO - Processing file /home/airflow/.local/lib/python3.12/site-packages/airflow/example_dags/example_dataset_alias_with_no_taskflow.py for tasks to queue
[2025-05-24T18:28:48.842+0000] {logging_mixin.py:190} INFO - [2025-05-24T18:28:48.841+0000] {dagbag.py:588} INFO - Filling up the DagBag from /home/airflow/.local/lib/python3.12/site-packages/airflow/example_dags/example_dataset_alias_with_no_taskflow.py
[2025-05-24T18:28:49.449+0000] {processor.py:925} INFO - DAG(s) 'dataset_alias_example_alias_consumer_with_no_taskflow', 'dataset_alias_example_alias_producer_with_no_taskflow', 'dataset_s3_bucket_consumer_with_no_taskflow', 'dataset_s3_bucket_producer_with_no_taskflow' retrieved from /home/airflow/.local/lib/python3.12/site-packages/airflow/example_dags/example_dataset_alias_with_no_taskflow.py
[2025-05-24T18:28:49.467+0000] {logging_mixin.py:190} INFO - [2025-05-24T18:28:49.466+0000] {dag.py:3239} INFO - Sync 4 DAGs
[2025-05-24T18:28:49.482+0000] {logging_mixin.py:190} INFO - [2025-05-24T18:28:49.482+0000] {dag.py:4180} INFO - Setting next_dagrun for dataset_alias_example_alias_consumer_with_no_taskflow to None, run_after=None
[2025-05-24T18:28:49.483+0000] {logging_mixin.py:190} INFO - [2025-05-24T18:28:49.483+0000] {dag.py:4180} INFO - Setting next_dagrun for dataset_alias_example_alias_producer_with_no_taskflow to None, run_after=None
[2025-05-24T18:28:49.485+0000] {logging_mixin.py:190} INFO - [2025-05-24T18:28:49.485+0000] {dag.py:4180} INFO - Setting next_dagrun for dataset_s3_bucket_consumer_with_no_taskflow to None, run_after=None
[2025-05-24T18:28:49.486+0000] {logging_mixin.py:190} INFO - [2025-05-24T18:28:49.486+0000] {dag.py:4180} INFO - Setting next_dagrun for dataset_s3_bucket_producer_with_no_taskflow to None, run_after=None
[2025-05-24T18:28:49.501+0000] {processor.py:208} INFO - Processing /home/airflow/.local/lib/python3.12/site-packages/airflow/example_dags/example_dataset_alias_with_no_taskflow.py took 0.667 seconds
[2025-05-24T18:29:20.240+0000] {processor.py:186} INFO - Started process (PID=816) to work on /home/airflow/.local/lib/python3.12/site-packages/airflow/example_dags/example_dataset_alias_with_no_taskflow.py
[2025-05-24T18:29:20.243+0000] {processor.py:914} INFO - Processing file /home/airflow/.local/lib/python3.12/site-packages/airflow/example_dags/example_dataset_alias_with_no_taskflow.py for tasks to queue
[2025-05-24T18:29:20.247+0000] {logging_mixin.py:190} INFO - [2025-05-24T18:29:20.246+0000] {dagbag.py:588} INFO - Filling up the DagBag from /home/airflow/.local/lib/python3.12/site-packages/airflow/example_dags/example_dataset_alias_with_no_taskflow.py
[2025-05-24T18:29:20.752+0000] {processor.py:925} INFO - DAG(s) 'dataset_s3_bucket_consumer_with_no_taskflow', 'dataset_alias_example_alias_consumer_with_no_taskflow', 'dataset_s3_bucket_producer_with_no_taskflow', 'dataset_alias_example_alias_producer_with_no_taskflow' retrieved from /home/airflow/.local/lib/python3.12/site-packages/airflow/example_dags/example_dataset_alias_with_no_taskflow.py
[2025-05-24T18:29:20.764+0000] {logging_mixin.py:190} INFO - [2025-05-24T18:29:20.764+0000] {dag.py:3239} INFO - Sync 4 DAGs
[2025-05-24T18:29:20.777+0000] {logging_mixin.py:190} INFO - [2025-05-24T18:29:20.777+0000] {dag.py:4180} INFO - Setting next_dagrun for dataset_alias_example_alias_consumer_with_no_taskflow to None, run_after=None
[2025-05-24T18:29:20.779+0000] {logging_mixin.py:190} INFO - [2025-05-24T18:29:20.779+0000] {dag.py:4180} INFO - Setting next_dagrun for dataset_alias_example_alias_producer_with_no_taskflow to None, run_after=None
[2025-05-24T18:29:20.780+0000] {logging_mixin.py:190} INFO - [2025-05-24T18:29:20.780+0000] {dag.py:4180} INFO - Setting next_dagrun for dataset_s3_bucket_consumer_with_no_taskflow to None, run_after=None
[2025-05-24T18:29:20.781+0000] {logging_mixin.py:190} INFO - [2025-05-24T18:29:20.781+0000] {dag.py:4180} INFO - Setting next_dagrun for dataset_s3_bucket_producer_with_no_taskflow to None, run_after=None
[2025-05-24T18:29:20.793+0000] {processor.py:208} INFO - Processing /home/airflow/.local/lib/python3.12/site-packages/airflow/example_dags/example_dataset_alias_with_no_taskflow.py took 0.562 seconds
[2025-05-24T18:29:51.681+0000] {processor.py:186} INFO - Started process (PID=880) to work on /home/airflow/.local/lib/python3.12/site-packages/airflow/example_dags/example_dataset_alias_with_no_taskflow.py
[2025-05-24T18:29:51.683+0000] {processor.py:914} INFO - Processing file /home/airflow/.local/lib/python3.12/site-packages/airflow/example_dags/example_dataset_alias_with_no_taskflow.py for tasks to queue
[2025-05-24T18:29:51.686+0000] {logging_mixin.py:190} INFO - [2025-05-24T18:29:51.686+0000] {dagbag.py:588} INFO - Filling up the DagBag from /home/airflow/.local/lib/python3.12/site-packages/airflow/example_dags/example_dataset_alias_with_no_taskflow.py
[2025-05-24T18:29:52.023+0000] {processor.py:925} INFO - DAG(s) 'dataset_s3_bucket_producer_with_no_taskflow', 'dataset_s3_bucket_consumer_with_no_taskflow', 'dataset_alias_example_alias_consumer_with_no_taskflow', 'dataset_alias_example_alias_producer_with_no_taskflow' retrieved from /home/airflow/.local/lib/python3.12/site-packages/airflow/example_dags/example_dataset_alias_with_no_taskflow.py
[2025-05-24T18:29:52.033+0000] {logging_mixin.py:190} INFO - [2025-05-24T18:29:52.033+0000] {dag.py:3239} INFO - Sync 4 DAGs
[2025-05-24T18:29:52.043+0000] {logging_mixin.py:190} INFO - [2025-05-24T18:29:52.043+0000] {dag.py:4180} INFO - Setting next_dagrun for dataset_alias_example_alias_consumer_with_no_taskflow to None, run_after=None
[2025-05-24T18:29:52.045+0000] {logging_mixin.py:190} INFO - [2025-05-24T18:29:52.044+0000] {dag.py:4180} INFO - Setting next_dagrun for dataset_alias_example_alias_producer_with_no_taskflow to None, run_after=None
[2025-05-24T18:29:52.045+0000] {logging_mixin.py:190} INFO - [2025-05-24T18:29:52.045+0000] {dag.py:4180} INFO - Setting next_dagrun for dataset_s3_bucket_consumer_with_no_taskflow to None, run_after=None
[2025-05-24T18:29:52.046+0000] {logging_mixin.py:190} INFO - [2025-05-24T18:29:52.046+0000] {dag.py:4180} INFO - Setting next_dagrun for dataset_s3_bucket_producer_with_no_taskflow to None, run_after=None
[2025-05-24T18:29:52.056+0000] {processor.py:208} INFO - Processing /home/airflow/.local/lib/python3.12/site-packages/airflow/example_dags/example_dataset_alias_with_no_taskflow.py took 0.384 seconds
[2025-05-24T18:30:22.455+0000] {processor.py:186} INFO - Started process (PID=944) to work on /home/airflow/.local/lib/python3.12/site-packages/airflow/example_dags/example_dataset_alias_with_no_taskflow.py
[2025-05-24T18:30:22.457+0000] {processor.py:914} INFO - Processing file /home/airflow/.local/lib/python3.12/site-packages/airflow/example_dags/example_dataset_alias_with_no_taskflow.py for tasks to queue
[2025-05-24T18:30:22.459+0000] {logging_mixin.py:190} INFO - [2025-05-24T18:30:22.458+0000] {dagbag.py:588} INFO - Filling up the DagBag from /home/airflow/.local/lib/python3.12/site-packages/airflow/example_dags/example_dataset_alias_with_no_taskflow.py
[2025-05-24T18:30:22.976+0000] {processor.py:925} INFO - DAG(s) 'dataset_alias_example_alias_consumer_with_no_taskflow', 'dataset_s3_bucket_consumer_with_no_taskflow', 'dataset_alias_example_alias_producer_with_no_taskflow', 'dataset_s3_bucket_producer_with_no_taskflow' retrieved from /home/airflow/.local/lib/python3.12/site-packages/airflow/example_dags/example_dataset_alias_with_no_taskflow.py
[2025-05-24T18:30:22.997+0000] {logging_mixin.py:190} INFO - [2025-05-24T18:30:22.996+0000] {dag.py:3239} INFO - Sync 4 DAGs
[2025-05-24T18:30:23.008+0000] {logging_mixin.py:190} INFO - [2025-05-24T18:30:23.008+0000] {dag.py:4180} INFO - Setting next_dagrun for dataset_alias_example_alias_consumer_with_no_taskflow to None, run_after=None
[2025-05-24T18:30:23.009+0000] {logging_mixin.py:190} INFO - [2025-05-24T18:30:23.009+0000] {dag.py:4180} INFO - Setting next_dagrun for dataset_alias_example_alias_producer_with_no_taskflow to None, run_after=None
[2025-05-24T18:30:23.010+0000] {logging_mixin.py:190} INFO - [2025-05-24T18:30:23.010+0000] {dag.py:4180} INFO - Setting next_dagrun for dataset_s3_bucket_consumer_with_no_taskflow to None, run_after=None
[2025-05-24T18:30:23.011+0000] {logging_mixin.py:190} INFO - [2025-05-24T18:30:23.011+0000] {dag.py:4180} INFO - Setting next_dagrun for dataset_s3_bucket_producer_with_no_taskflow to None, run_after=None
[2025-05-24T18:30:23.023+0000] {processor.py:208} INFO - Processing /home/airflow/.local/lib/python3.12/site-packages/airflow/example_dags/example_dataset_alias_with_no_taskflow.py took 0.577 seconds
[2025-05-24T18:30:53.596+0000] {processor.py:186} INFO - Started process (PID=1008) to work on /home/airflow/.local/lib/python3.12/site-packages/airflow/example_dags/example_dataset_alias_with_no_taskflow.py
[2025-05-24T18:30:53.598+0000] {processor.py:914} INFO - Processing file /home/airflow/.local/lib/python3.12/site-packages/airflow/example_dags/example_dataset_alias_with_no_taskflow.py for tasks to queue
[2025-05-24T18:30:53.601+0000] {logging_mixin.py:190} INFO - [2025-05-24T18:30:53.601+0000] {dagbag.py:588} INFO - Filling up the DagBag from /home/airflow/.local/lib/python3.12/site-packages/airflow/example_dags/example_dataset_alias_with_no_taskflow.py
[2025-05-24T18:30:54.527+0000] {processor.py:925} INFO - DAG(s) 'dataset_s3_bucket_producer_with_no_taskflow', 'dataset_s3_bucket_consumer_with_no_taskflow', 'dataset_alias_example_alias_producer_with_no_taskflow', 'dataset_alias_example_alias_consumer_with_no_taskflow' retrieved from /home/airflow/.local/lib/python3.12/site-packages/airflow/example_dags/example_dataset_alias_with_no_taskflow.py
[2025-05-24T18:30:54.548+0000] {logging_mixin.py:190} INFO - [2025-05-24T18:30:54.548+0000] {dag.py:3239} INFO - Sync 4 DAGs
[2025-05-24T18:30:54.573+0000] {logging_mixin.py:190} INFO - [2025-05-24T18:30:54.573+0000] {dag.py:4180} INFO - Setting next_dagrun for dataset_alias_example_alias_consumer_with_no_taskflow to None, run_after=None
[2025-05-24T18:30:54.576+0000] {logging_mixin.py:190} INFO - [2025-05-24T18:30:54.575+0000] {dag.py:4180} INFO - Setting next_dagrun for dataset_alias_example_alias_producer_with_no_taskflow to None, run_after=None
[2025-05-24T18:30:54.577+0000] {logging_mixin.py:190} INFO - [2025-05-24T18:30:54.577+0000] {dag.py:4180} INFO - Setting next_dagrun for dataset_s3_bucket_consumer_with_no_taskflow to None, run_after=None
[2025-05-24T18:30:54.581+0000] {logging_mixin.py:190} INFO - [2025-05-24T18:30:54.581+0000] {dag.py:4180} INFO - Setting next_dagrun for dataset_s3_bucket_producer_with_no_taskflow to None, run_after=None
[2025-05-24T18:30:54.611+0000] {processor.py:208} INFO - Processing /home/airflow/.local/lib/python3.12/site-packages/airflow/example_dags/example_dataset_alias_with_no_taskflow.py took 1.027 seconds
[2025-05-24T18:31:25.148+0000] {processor.py:186} INFO - Started process (PID=1072) to work on /home/airflow/.local/lib/python3.12/site-packages/airflow/example_dags/example_dataset_alias_with_no_taskflow.py
[2025-05-24T18:31:25.150+0000] {processor.py:914} INFO - Processing file /home/airflow/.local/lib/python3.12/site-packages/airflow/example_dags/example_dataset_alias_with_no_taskflow.py for tasks to queue
[2025-05-24T18:31:25.154+0000] {logging_mixin.py:190} INFO - [2025-05-24T18:31:25.154+0000] {dagbag.py:588} INFO - Filling up the DagBag from /home/airflow/.local/lib/python3.12/site-packages/airflow/example_dags/example_dataset_alias_with_no_taskflow.py
[2025-05-24T18:31:25.692+0000] {processor.py:925} INFO - DAG(s) 'dataset_s3_bucket_producer_with_no_taskflow', 'dataset_alias_example_alias_producer_with_no_taskflow', 'dataset_alias_example_alias_consumer_with_no_taskflow', 'dataset_s3_bucket_consumer_with_no_taskflow' retrieved from /home/airflow/.local/lib/python3.12/site-packages/airflow/example_dags/example_dataset_alias_with_no_taskflow.py
[2025-05-24T18:31:25.706+0000] {logging_mixin.py:190} INFO - [2025-05-24T18:31:25.706+0000] {dag.py:3239} INFO - Sync 4 DAGs
[2025-05-24T18:31:25.720+0000] {logging_mixin.py:190} INFO - [2025-05-24T18:31:25.719+0000] {dag.py:4180} INFO - Setting next_dagrun for dataset_alias_example_alias_consumer_with_no_taskflow to None, run_after=None
[2025-05-24T18:31:25.721+0000] {logging_mixin.py:190} INFO - [2025-05-24T18:31:25.721+0000] {dag.py:4180} INFO - Setting next_dagrun for dataset_alias_example_alias_producer_with_no_taskflow to None, run_after=None
[2025-05-24T18:31:25.722+0000] {logging_mixin.py:190} INFO - [2025-05-24T18:31:25.722+0000] {dag.py:4180} INFO - Setting next_dagrun for dataset_s3_bucket_consumer_with_no_taskflow to None, run_after=None
[2025-05-24T18:31:25.727+0000] {logging_mixin.py:190} INFO - [2025-05-24T18:31:25.727+0000] {dag.py:4180} INFO - Setting next_dagrun for dataset_s3_bucket_producer_with_no_taskflow to None, run_after=None
[2025-05-24T18:31:25.752+0000] {processor.py:208} INFO - Processing /home/airflow/.local/lib/python3.12/site-packages/airflow/example_dags/example_dataset_alias_with_no_taskflow.py took 0.615 seconds
[2025-05-24T18:31:56.624+0000] {processor.py:186} INFO - Started process (PID=1136) to work on /home/airflow/.local/lib/python3.12/site-packages/airflow/example_dags/example_dataset_alias_with_no_taskflow.py
[2025-05-24T18:31:56.625+0000] {processor.py:914} INFO - Processing file /home/airflow/.local/lib/python3.12/site-packages/airflow/example_dags/example_dataset_alias_with_no_taskflow.py for tasks to queue
[2025-05-24T18:31:56.628+0000] {logging_mixin.py:190} INFO - [2025-05-24T18:31:56.628+0000] {dagbag.py:588} INFO - Filling up the DagBag from /home/airflow/.local/lib/python3.12/site-packages/airflow/example_dags/example_dataset_alias_with_no_taskflow.py
[2025-05-24T18:31:57.505+0000] {processor.py:925} INFO - DAG(s) 'dataset_alias_example_alias_consumer_with_no_taskflow', 'dataset_s3_bucket_consumer_with_no_taskflow', 'dataset_s3_bucket_producer_with_no_taskflow', 'dataset_alias_example_alias_producer_with_no_taskflow' retrieved from /home/airflow/.local/lib/python3.12/site-packages/airflow/example_dags/example_dataset_alias_with_no_taskflow.py
[2025-05-24T18:31:57.519+0000] {logging_mixin.py:190} INFO - [2025-05-24T18:31:57.519+0000] {dag.py:3239} INFO - Sync 4 DAGs
[2025-05-24T18:31:57.539+0000] {logging_mixin.py:190} INFO - [2025-05-24T18:31:57.539+0000] {dag.py:4180} INFO - Setting next_dagrun for dataset_alias_example_alias_consumer_with_no_taskflow to None, run_after=None
[2025-05-24T18:31:57.541+0000] {logging_mixin.py:190} INFO - [2025-05-24T18:31:57.541+0000] {dag.py:4180} INFO - Setting next_dagrun for dataset_alias_example_alias_producer_with_no_taskflow to None, run_after=None
[2025-05-24T18:31:57.542+0000] {logging_mixin.py:190} INFO - [2025-05-24T18:31:57.542+0000] {dag.py:4180} INFO - Setting next_dagrun for dataset_s3_bucket_consumer_with_no_taskflow to None, run_after=None
[2025-05-24T18:31:57.543+0000] {logging_mixin.py:190} INFO - [2025-05-24T18:31:57.543+0000] {dag.py:4180} INFO - Setting next_dagrun for dataset_s3_bucket_producer_with_no_taskflow to None, run_after=None
[2025-05-24T18:31:57.561+0000] {processor.py:208} INFO - Processing /home/airflow/.local/lib/python3.12/site-packages/airflow/example_dags/example_dataset_alias_with_no_taskflow.py took 0.943 seconds
[2025-05-24T18:32:28.476+0000] {processor.py:186} INFO - Started process (PID=1202) to work on /home/airflow/.local/lib/python3.12/site-packages/airflow/example_dags/example_dataset_alias_with_no_taskflow.py
[2025-05-24T18:32:28.480+0000] {processor.py:914} INFO - Processing file /home/airflow/.local/lib/python3.12/site-packages/airflow/example_dags/example_dataset_alias_with_no_taskflow.py for tasks to queue
[2025-05-24T18:32:28.487+0000] {logging_mixin.py:190} INFO - [2025-05-24T18:32:28.486+0000] {dagbag.py:588} INFO - Filling up the DagBag from /home/airflow/.local/lib/python3.12/site-packages/airflow/example_dags/example_dataset_alias_with_no_taskflow.py
[2025-05-24T18:32:29.442+0000] {processor.py:925} INFO - DAG(s) 'dataset_alias_example_alias_consumer_with_no_taskflow', 'dataset_s3_bucket_consumer_with_no_taskflow', 'dataset_s3_bucket_producer_with_no_taskflow', 'dataset_alias_example_alias_producer_with_no_taskflow' retrieved from /home/airflow/.local/lib/python3.12/site-packages/airflow/example_dags/example_dataset_alias_with_no_taskflow.py
[2025-05-24T18:32:29.507+0000] {logging_mixin.py:190} INFO - [2025-05-24T18:32:29.507+0000] {dag.py:3239} INFO - Sync 4 DAGs
[2025-05-24T18:32:29.537+0000] {logging_mixin.py:190} INFO - [2025-05-24T18:32:29.537+0000] {dag.py:4180} INFO - Setting next_dagrun for dataset_alias_example_alias_consumer_with_no_taskflow to None, run_after=None
[2025-05-24T18:32:29.539+0000] {logging_mixin.py:190} INFO - [2025-05-24T18:32:29.538+0000] {dag.py:4180} INFO - Setting next_dagrun for dataset_alias_example_alias_producer_with_no_taskflow to None, run_after=None
[2025-05-24T18:32:29.540+0000] {logging_mixin.py:190} INFO - [2025-05-24T18:32:29.540+0000] {dag.py:4180} INFO - Setting next_dagrun for dataset_s3_bucket_consumer_with_no_taskflow to None, run_after=None
[2025-05-24T18:32:29.541+0000] {logging_mixin.py:190} INFO - [2025-05-24T18:32:29.541+0000] {dag.py:4180} INFO - Setting next_dagrun for dataset_s3_bucket_producer_with_no_taskflow to None, run_after=None
[2025-05-24T18:32:29.562+0000] {processor.py:208} INFO - Processing /home/airflow/.local/lib/python3.12/site-packages/airflow/example_dags/example_dataset_alias_with_no_taskflow.py took 1.107 seconds
[2025-05-24T18:32:59.994+0000] {processor.py:186} INFO - Started process (PID=1267) to work on /home/airflow/.local/lib/python3.12/site-packages/airflow/example_dags/example_dataset_alias_with_no_taskflow.py
[2025-05-24T18:32:59.995+0000] {processor.py:914} INFO - Processing file /home/airflow/.local/lib/python3.12/site-packages/airflow/example_dags/example_dataset_alias_with_no_taskflow.py for tasks to queue
[2025-05-24T18:32:59.996+0000] {logging_mixin.py:190} INFO - [2025-05-24T18:32:59.996+0000] {dagbag.py:588} INFO - Filling up the DagBag from /home/airflow/.local/lib/python3.12/site-packages/airflow/example_dags/example_dataset_alias_with_no_taskflow.py
[2025-05-24T18:33:00.375+0000] {processor.py:925} INFO - DAG(s) 'dataset_alias_example_alias_producer_with_no_taskflow', 'dataset_s3_bucket_producer_with_no_taskflow', 'dataset_alias_example_alias_consumer_with_no_taskflow', 'dataset_s3_bucket_consumer_with_no_taskflow' retrieved from /home/airflow/.local/lib/python3.12/site-packages/airflow/example_dags/example_dataset_alias_with_no_taskflow.py
[2025-05-24T18:33:00.385+0000] {logging_mixin.py:190} INFO - [2025-05-24T18:33:00.385+0000] {dag.py:3239} INFO - Sync 4 DAGs
[2025-05-24T18:33:00.398+0000] {logging_mixin.py:190} INFO - [2025-05-24T18:33:00.398+0000] {dag.py:4180} INFO - Setting next_dagrun for dataset_alias_example_alias_consumer_with_no_taskflow to None, run_after=None
[2025-05-24T18:33:00.400+0000] {logging_mixin.py:190} INFO - [2025-05-24T18:33:00.399+0000] {dag.py:4180} INFO - Setting next_dagrun for dataset_alias_example_alias_producer_with_no_taskflow to None, run_after=None
[2025-05-24T18:33:00.402+0000] {logging_mixin.py:190} INFO - [2025-05-24T18:33:00.402+0000] {dag.py:4180} INFO - Setting next_dagrun for dataset_s3_bucket_consumer_with_no_taskflow to None, run_after=None
[2025-05-24T18:33:00.404+0000] {logging_mixin.py:190} INFO - [2025-05-24T18:33:00.403+0000] {dag.py:4180} INFO - Setting next_dagrun for dataset_s3_bucket_producer_with_no_taskflow to None, run_after=None
[2025-05-24T18:33:00.417+0000] {processor.py:208} INFO - Processing /home/airflow/.local/lib/python3.12/site-packages/airflow/example_dags/example_dataset_alias_with_no_taskflow.py took 0.427 seconds
[2025-05-24T18:33:30.625+0000] {processor.py:186} INFO - Started process (PID=1330) to work on /home/airflow/.local/lib/python3.12/site-packages/airflow/example_dags/example_dataset_alias_with_no_taskflow.py
[2025-05-24T18:33:30.626+0000] {processor.py:914} INFO - Processing file /home/airflow/.local/lib/python3.12/site-packages/airflow/example_dags/example_dataset_alias_with_no_taskflow.py for tasks to queue
[2025-05-24T18:33:30.629+0000] {logging_mixin.py:190} INFO - [2025-05-24T18:33:30.629+0000] {dagbag.py:588} INFO - Filling up the DagBag from /home/airflow/.local/lib/python3.12/site-packages/airflow/example_dags/example_dataset_alias_with_no_taskflow.py
[2025-05-24T18:33:31.085+0000] {processor.py:925} INFO - DAG(s) 'dataset_s3_bucket_consumer_with_no_taskflow', 'dataset_alias_example_alias_producer_with_no_taskflow', 'dataset_alias_example_alias_consumer_with_no_taskflow', 'dataset_s3_bucket_producer_with_no_taskflow' retrieved from /home/airflow/.local/lib/python3.12/site-packages/airflow/example_dags/example_dataset_alias_with_no_taskflow.py
[2025-05-24T18:33:31.099+0000] {logging_mixin.py:190} INFO - [2025-05-24T18:33:31.099+0000] {dag.py:3239} INFO - Sync 4 DAGs
[2025-05-24T18:33:31.116+0000] {logging_mixin.py:190} INFO - [2025-05-24T18:33:31.115+0000] {dag.py:4180} INFO - Setting next_dagrun for dataset_alias_example_alias_consumer_with_no_taskflow to None, run_after=None
[2025-05-24T18:33:31.118+0000] {logging_mixin.py:190} INFO - [2025-05-24T18:33:31.118+0000] {dag.py:4180} INFO - Setting next_dagrun for dataset_alias_example_alias_producer_with_no_taskflow to None, run_after=None
[2025-05-24T18:33:31.119+0000] {logging_mixin.py:190} INFO - [2025-05-24T18:33:31.119+0000] {dag.py:4180} INFO - Setting next_dagrun for dataset_s3_bucket_consumer_with_no_taskflow to None, run_after=None
[2025-05-24T18:33:31.121+0000] {logging_mixin.py:190} INFO - [2025-05-24T18:33:31.121+0000] {dag.py:4180} INFO - Setting next_dagrun for dataset_s3_bucket_producer_with_no_taskflow to None, run_after=None
[2025-05-24T18:33:31.137+0000] {processor.py:208} INFO - Processing /home/airflow/.local/lib/python3.12/site-packages/airflow/example_dags/example_dataset_alias_with_no_taskflow.py took 0.519 seconds
[2025-05-24T18:34:01.307+0000] {processor.py:186} INFO - Started process (PID=1395) to work on /home/airflow/.local/lib/python3.12/site-packages/airflow/example_dags/example_dataset_alias_with_no_taskflow.py
[2025-05-24T18:34:01.309+0000] {processor.py:914} INFO - Processing file /home/airflow/.local/lib/python3.12/site-packages/airflow/example_dags/example_dataset_alias_with_no_taskflow.py for tasks to queue
[2025-05-24T18:34:01.312+0000] {logging_mixin.py:190} INFO - [2025-05-24T18:34:01.311+0000] {dagbag.py:588} INFO - Filling up the DagBag from /home/airflow/.local/lib/python3.12/site-packages/airflow/example_dags/example_dataset_alias_with_no_taskflow.py
[2025-05-24T18:34:01.632+0000] {processor.py:925} INFO - DAG(s) 'dataset_s3_bucket_consumer_with_no_taskflow', 'dataset_alias_example_alias_producer_with_no_taskflow', 'dataset_alias_example_alias_consumer_with_no_taskflow', 'dataset_s3_bucket_producer_with_no_taskflow' retrieved from /home/airflow/.local/lib/python3.12/site-packages/airflow/example_dags/example_dataset_alias_with_no_taskflow.py
[2025-05-24T18:34:01.641+0000] {logging_mixin.py:190} INFO - [2025-05-24T18:34:01.641+0000] {dag.py:3239} INFO - Sync 4 DAGs
[2025-05-24T18:34:01.651+0000] {logging_mixin.py:190} INFO - [2025-05-24T18:34:01.651+0000] {dag.py:4180} INFO - Setting next_dagrun for dataset_alias_example_alias_consumer_with_no_taskflow to None, run_after=None
[2025-05-24T18:34:01.652+0000] {logging_mixin.py:190} INFO - [2025-05-24T18:34:01.652+0000] {dag.py:4180} INFO - Setting next_dagrun for dataset_alias_example_alias_producer_with_no_taskflow to None, run_after=None
[2025-05-24T18:34:01.653+0000] {logging_mixin.py:190} INFO - [2025-05-24T18:34:01.653+0000] {dag.py:4180} INFO - Setting next_dagrun for dataset_s3_bucket_consumer_with_no_taskflow to None, run_after=None
[2025-05-24T18:34:01.654+0000] {logging_mixin.py:190} INFO - [2025-05-24T18:34:01.654+0000] {dag.py:4180} INFO - Setting next_dagrun for dataset_s3_bucket_producer_with_no_taskflow to None, run_after=None
[2025-05-24T18:34:01.663+0000] {processor.py:208} INFO - Processing /home/airflow/.local/lib/python3.12/site-packages/airflow/example_dags/example_dataset_alias_with_no_taskflow.py took 0.364 seconds
[2025-05-24T18:34:32.197+0000] {processor.py:186} INFO - Started process (PID=1459) to work on /home/airflow/.local/lib/python3.12/site-packages/airflow/example_dags/example_dataset_alias_with_no_taskflow.py
[2025-05-24T18:34:32.198+0000] {processor.py:914} INFO - Processing file /home/airflow/.local/lib/python3.12/site-packages/airflow/example_dags/example_dataset_alias_with_no_taskflow.py for tasks to queue
[2025-05-24T18:34:32.200+0000] {logging_mixin.py:190} INFO - [2025-05-24T18:34:32.199+0000] {dagbag.py:588} INFO - Filling up the DagBag from /home/airflow/.local/lib/python3.12/site-packages/airflow/example_dags/example_dataset_alias_with_no_taskflow.py
[2025-05-24T18:34:32.576+0000] {processor.py:925} INFO - DAG(s) 'dataset_s3_bucket_consumer_with_no_taskflow', 'dataset_alias_example_alias_producer_with_no_taskflow', 'dataset_s3_bucket_producer_with_no_taskflow', 'dataset_alias_example_alias_consumer_with_no_taskflow' retrieved from /home/airflow/.local/lib/python3.12/site-packages/airflow/example_dags/example_dataset_alias_with_no_taskflow.py
[2025-05-24T18:34:32.587+0000] {logging_mixin.py:190} INFO - [2025-05-24T18:34:32.587+0000] {dag.py:3239} INFO - Sync 4 DAGs
[2025-05-24T18:34:32.600+0000] {logging_mixin.py:190} INFO - [2025-05-24T18:34:32.600+0000] {dag.py:4180} INFO - Setting next_dagrun for dataset_alias_example_alias_consumer_with_no_taskflow to None, run_after=None
[2025-05-24T18:34:32.601+0000] {logging_mixin.py:190} INFO - [2025-05-24T18:34:32.601+0000] {dag.py:4180} INFO - Setting next_dagrun for dataset_alias_example_alias_producer_with_no_taskflow to None, run_after=None
[2025-05-24T18:34:32.601+0000] {logging_mixin.py:190} INFO - [2025-05-24T18:34:32.601+0000] {dag.py:4180} INFO - Setting next_dagrun for dataset_s3_bucket_consumer_with_no_taskflow to None, run_after=None
[2025-05-24T18:34:32.602+0000] {logging_mixin.py:190} INFO - [2025-05-24T18:34:32.602+0000] {dag.py:4180} INFO - Setting next_dagrun for dataset_s3_bucket_producer_with_no_taskflow to None, run_after=None
[2025-05-24T18:34:32.612+0000] {processor.py:208} INFO - Processing /home/airflow/.local/lib/python3.12/site-packages/airflow/example_dags/example_dataset_alias_with_no_taskflow.py took 0.423 seconds
[2025-05-24T18:35:03.398+0000] {processor.py:186} INFO - Started process (PID=1523) to work on /home/airflow/.local/lib/python3.12/site-packages/airflow/example_dags/example_dataset_alias_with_no_taskflow.py
[2025-05-24T18:35:03.399+0000] {processor.py:914} INFO - Processing file /home/airflow/.local/lib/python3.12/site-packages/airflow/example_dags/example_dataset_alias_with_no_taskflow.py for tasks to queue
[2025-05-24T18:35:03.400+0000] {logging_mixin.py:190} INFO - [2025-05-24T18:35:03.400+0000] {dagbag.py:588} INFO - Filling up the DagBag from /home/airflow/.local/lib/python3.12/site-packages/airflow/example_dags/example_dataset_alias_with_no_taskflow.py
[2025-05-24T18:35:03.711+0000] {processor.py:925} INFO - DAG(s) 'dataset_s3_bucket_producer_with_no_taskflow', 'dataset_alias_example_alias_consumer_with_no_taskflow', 'dataset_s3_bucket_consumer_with_no_taskflow', 'dataset_alias_example_alias_producer_with_no_taskflow' retrieved from /home/airflow/.local/lib/python3.12/site-packages/airflow/example_dags/example_dataset_alias_with_no_taskflow.py
[2025-05-24T18:35:03.720+0000] {logging_mixin.py:190} INFO - [2025-05-24T18:35:03.720+0000] {dag.py:3239} INFO - Sync 4 DAGs
[2025-05-24T18:35:03.729+0000] {logging_mixin.py:190} INFO - [2025-05-24T18:35:03.728+0000] {dag.py:4180} INFO - Setting next_dagrun for dataset_alias_example_alias_consumer_with_no_taskflow to None, run_after=None
[2025-05-24T18:35:03.730+0000] {logging_mixin.py:190} INFO - [2025-05-24T18:35:03.730+0000] {dag.py:4180} INFO - Setting next_dagrun for dataset_alias_example_alias_producer_with_no_taskflow to None, run_after=None
[2025-05-24T18:35:03.730+0000] {logging_mixin.py:190} INFO - [2025-05-24T18:35:03.730+0000] {dag.py:4180} INFO - Setting next_dagrun for dataset_s3_bucket_consumer_with_no_taskflow to None, run_after=None
[2025-05-24T18:35:03.731+0000] {logging_mixin.py:190} INFO - [2025-05-24T18:35:03.731+0000] {dag.py:4180} INFO - Setting next_dagrun for dataset_s3_bucket_producer_with_no_taskflow to None, run_after=None
[2025-05-24T18:35:03.740+0000] {processor.py:208} INFO - Processing /home/airflow/.local/lib/python3.12/site-packages/airflow/example_dags/example_dataset_alias_with_no_taskflow.py took 0.345 seconds
[2025-05-24T18:35:34.090+0000] {processor.py:186} INFO - Started process (PID=1577) to work on /home/airflow/.local/lib/python3.12/site-packages/airflow/example_dags/example_dataset_alias_with_no_taskflow.py
[2025-05-24T18:35:34.091+0000] {processor.py:914} INFO - Processing file /home/airflow/.local/lib/python3.12/site-packages/airflow/example_dags/example_dataset_alias_with_no_taskflow.py for tasks to queue
[2025-05-24T18:35:34.092+0000] {logging_mixin.py:190} INFO - [2025-05-24T18:35:34.092+0000] {dagbag.py:588} INFO - Filling up the DagBag from /home/airflow/.local/lib/python3.12/site-packages/airflow/example_dags/example_dataset_alias_with_no_taskflow.py
[2025-05-24T18:35:34.482+0000] {processor.py:925} INFO - DAG(s) 'dataset_s3_bucket_producer_with_no_taskflow', 'dataset_alias_example_alias_producer_with_no_taskflow', 'dataset_s3_bucket_consumer_with_no_taskflow', 'dataset_alias_example_alias_consumer_with_no_taskflow' retrieved from /home/airflow/.local/lib/python3.12/site-packages/airflow/example_dags/example_dataset_alias_with_no_taskflow.py
[2025-05-24T18:35:34.492+0000] {logging_mixin.py:190} INFO - [2025-05-24T18:35:34.491+0000] {dag.py:3239} INFO - Sync 4 DAGs
[2025-05-24T18:35:34.505+0000] {logging_mixin.py:190} INFO - [2025-05-24T18:35:34.505+0000] {dag.py:4180} INFO - Setting next_dagrun for dataset_alias_example_alias_consumer_with_no_taskflow to None, run_after=None
[2025-05-24T18:35:34.506+0000] {logging_mixin.py:190} INFO - [2025-05-24T18:35:34.506+0000] {dag.py:4180} INFO - Setting next_dagrun for dataset_alias_example_alias_producer_with_no_taskflow to None, run_after=None
[2025-05-24T18:35:34.508+0000] {logging_mixin.py:190} INFO - [2025-05-24T18:35:34.508+0000] {dag.py:4180} INFO - Setting next_dagrun for dataset_s3_bucket_consumer_with_no_taskflow to None, run_after=None
[2025-05-24T18:35:34.509+0000] {logging_mixin.py:190} INFO - [2025-05-24T18:35:34.509+0000] {dag.py:4180} INFO - Setting next_dagrun for dataset_s3_bucket_producer_with_no_taskflow to None, run_after=None
[2025-05-24T18:35:34.519+0000] {processor.py:208} INFO - Processing /home/airflow/.local/lib/python3.12/site-packages/airflow/example_dags/example_dataset_alias_with_no_taskflow.py took 0.433 seconds
[2025-05-24T18:36:05.628+0000] {processor.py:186} INFO - Started process (PID=1647) to work on /home/airflow/.local/lib/python3.12/site-packages/airflow/example_dags/example_dataset_alias_with_no_taskflow.py
[2025-05-24T18:36:05.628+0000] {processor.py:914} INFO - Processing file /home/airflow/.local/lib/python3.12/site-packages/airflow/example_dags/example_dataset_alias_with_no_taskflow.py for tasks to queue
[2025-05-24T18:36:05.630+0000] {logging_mixin.py:190} INFO - [2025-05-24T18:36:05.629+0000] {dagbag.py:588} INFO - Filling up the DagBag from /home/airflow/.local/lib/python3.12/site-packages/airflow/example_dags/example_dataset_alias_with_no_taskflow.py
[2025-05-24T18:36:06.000+0000] {processor.py:925} INFO - DAG(s) 'dataset_alias_example_alias_consumer_with_no_taskflow', 'dataset_s3_bucket_producer_with_no_taskflow', 'dataset_s3_bucket_consumer_with_no_taskflow', 'dataset_alias_example_alias_producer_with_no_taskflow' retrieved from /home/airflow/.local/lib/python3.12/site-packages/airflow/example_dags/example_dataset_alias_with_no_taskflow.py
[2025-05-24T18:36:06.009+0000] {logging_mixin.py:190} INFO - [2025-05-24T18:36:06.009+0000] {dag.py:3239} INFO - Sync 4 DAGs
[2025-05-24T18:36:06.020+0000] {logging_mixin.py:190} INFO - [2025-05-24T18:36:06.020+0000] {dag.py:4180} INFO - Setting next_dagrun for dataset_alias_example_alias_consumer_with_no_taskflow to None, run_after=None
[2025-05-24T18:36:06.021+0000] {logging_mixin.py:190} INFO - [2025-05-24T18:36:06.021+0000] {dag.py:4180} INFO - Setting next_dagrun for dataset_alias_example_alias_producer_with_no_taskflow to None, run_after=None
[2025-05-24T18:36:06.022+0000] {logging_mixin.py:190} INFO - [2025-05-24T18:36:06.022+0000] {dag.py:4180} INFO - Setting next_dagrun for dataset_s3_bucket_consumer_with_no_taskflow to None, run_after=None
[2025-05-24T18:36:06.023+0000] {logging_mixin.py:190} INFO - [2025-05-24T18:36:06.023+0000] {dag.py:4180} INFO - Setting next_dagrun for dataset_s3_bucket_producer_with_no_taskflow to None, run_after=None
[2025-05-24T18:36:06.033+0000] {processor.py:208} INFO - Processing /home/airflow/.local/lib/python3.12/site-packages/airflow/example_dags/example_dataset_alias_with_no_taskflow.py took 0.411 seconds
[2025-05-24T18:36:36.590+0000] {processor.py:186} INFO - Started process (PID=1710) to work on /home/airflow/.local/lib/python3.12/site-packages/airflow/example_dags/example_dataset_alias_with_no_taskflow.py
[2025-05-24T18:36:36.591+0000] {processor.py:914} INFO - Processing file /home/airflow/.local/lib/python3.12/site-packages/airflow/example_dags/example_dataset_alias_with_no_taskflow.py for tasks to queue
[2025-05-24T18:36:36.592+0000] {logging_mixin.py:190} INFO - [2025-05-24T18:36:36.592+0000] {dagbag.py:588} INFO - Filling up the DagBag from /home/airflow/.local/lib/python3.12/site-packages/airflow/example_dags/example_dataset_alias_with_no_taskflow.py
[2025-05-24T18:36:36.977+0000] {processor.py:925} INFO - DAG(s) 'dataset_alias_example_alias_consumer_with_no_taskflow', 'dataset_s3_bucket_producer_with_no_taskflow', 'dataset_alias_example_alias_producer_with_no_taskflow', 'dataset_s3_bucket_consumer_with_no_taskflow' retrieved from /home/airflow/.local/lib/python3.12/site-packages/airflow/example_dags/example_dataset_alias_with_no_taskflow.py
[2025-05-24T18:36:36.989+0000] {logging_mixin.py:190} INFO - [2025-05-24T18:36:36.988+0000] {dag.py:3239} INFO - Sync 4 DAGs
[2025-05-24T18:36:36.999+0000] {logging_mixin.py:190} INFO - [2025-05-24T18:36:36.999+0000] {dag.py:4180} INFO - Setting next_dagrun for dataset_alias_example_alias_consumer_with_no_taskflow to None, run_after=None
[2025-05-24T18:36:37.001+0000] {logging_mixin.py:190} INFO - [2025-05-24T18:36:37.001+0000] {dag.py:4180} INFO - Setting next_dagrun for dataset_alias_example_alias_producer_with_no_taskflow to None, run_after=None
[2025-05-24T18:36:37.002+0000] {logging_mixin.py:190} INFO - [2025-05-24T18:36:37.001+0000] {dag.py:4180} INFO - Setting next_dagrun for dataset_s3_bucket_consumer_with_no_taskflow to None, run_after=None
[2025-05-24T18:36:37.002+0000] {logging_mixin.py:190} INFO - [2025-05-24T18:36:37.002+0000] {dag.py:4180} INFO - Setting next_dagrun for dataset_s3_bucket_producer_with_no_taskflow to None, run_after=None
[2025-05-24T18:36:37.011+0000] {processor.py:208} INFO - Processing /home/airflow/.local/lib/python3.12/site-packages/airflow/example_dags/example_dataset_alias_with_no_taskflow.py took 0.424 seconds
[2025-05-24T18:37:08.165+0000] {processor.py:186} INFO - Started process (PID=1773) to work on /home/airflow/.local/lib/python3.12/site-packages/airflow/example_dags/example_dataset_alias_with_no_taskflow.py
[2025-05-24T18:37:08.166+0000] {processor.py:914} INFO - Processing file /home/airflow/.local/lib/python3.12/site-packages/airflow/example_dags/example_dataset_alias_with_no_taskflow.py for tasks to queue
[2025-05-24T18:37:08.167+0000] {logging_mixin.py:190} INFO - [2025-05-24T18:37:08.167+0000] {dagbag.py:588} INFO - Filling up the DagBag from /home/airflow/.local/lib/python3.12/site-packages/airflow/example_dags/example_dataset_alias_with_no_taskflow.py
[2025-05-24T18:37:08.586+0000] {processor.py:925} INFO - DAG(s) 'dataset_s3_bucket_producer_with_no_taskflow', 'dataset_alias_example_alias_consumer_with_no_taskflow', 'dataset_alias_example_alias_producer_with_no_taskflow', 'dataset_s3_bucket_consumer_with_no_taskflow' retrieved from /home/airflow/.local/lib/python3.12/site-packages/airflow/example_dags/example_dataset_alias_with_no_taskflow.py
[2025-05-24T18:37:08.597+0000] {logging_mixin.py:190} INFO - [2025-05-24T18:37:08.597+0000] {dag.py:3239} INFO - Sync 4 DAGs
[2025-05-24T18:37:08.610+0000] {logging_mixin.py:190} INFO - [2025-05-24T18:37:08.610+0000] {dag.py:4180} INFO - Setting next_dagrun for dataset_alias_example_alias_consumer_with_no_taskflow to None, run_after=None
[2025-05-24T18:37:08.611+0000] {logging_mixin.py:190} INFO - [2025-05-24T18:37:08.611+0000] {dag.py:4180} INFO - Setting next_dagrun for dataset_alias_example_alias_producer_with_no_taskflow to None, run_after=None
[2025-05-24T18:37:08.612+0000] {logging_mixin.py:190} INFO - [2025-05-24T18:37:08.612+0000] {dag.py:4180} INFO - Setting next_dagrun for dataset_s3_bucket_consumer_with_no_taskflow to None, run_after=None
[2025-05-24T18:37:08.613+0000] {logging_mixin.py:190} INFO - [2025-05-24T18:37:08.613+0000] {dag.py:4180} INFO - Setting next_dagrun for dataset_s3_bucket_producer_with_no_taskflow to None, run_after=None
[2025-05-24T18:37:08.623+0000] {processor.py:208} INFO - Processing /home/airflow/.local/lib/python3.12/site-packages/airflow/example_dags/example_dataset_alias_with_no_taskflow.py took 0.462 seconds
[2025-05-24T18:37:40.077+0000] {processor.py:186} INFO - Started process (PID=1837) to work on /home/airflow/.local/lib/python3.12/site-packages/airflow/example_dags/example_dataset_alias_with_no_taskflow.py
[2025-05-24T18:37:40.079+0000] {processor.py:914} INFO - Processing file /home/airflow/.local/lib/python3.12/site-packages/airflow/example_dags/example_dataset_alias_with_no_taskflow.py for tasks to queue
[2025-05-24T18:37:40.082+0000] {logging_mixin.py:190} INFO - [2025-05-24T18:37:40.081+0000] {dagbag.py:588} INFO - Filling up the DagBag from /home/airflow/.local/lib/python3.12/site-packages/airflow/example_dags/example_dataset_alias_with_no_taskflow.py
[2025-05-24T18:37:40.426+0000] {processor.py:925} INFO - DAG(s) 'dataset_alias_example_alias_consumer_with_no_taskflow', 'dataset_s3_bucket_producer_with_no_taskflow', 'dataset_alias_example_alias_producer_with_no_taskflow', 'dataset_s3_bucket_consumer_with_no_taskflow' retrieved from /home/airflow/.local/lib/python3.12/site-packages/airflow/example_dags/example_dataset_alias_with_no_taskflow.py
[2025-05-24T18:37:40.436+0000] {logging_mixin.py:190} INFO - [2025-05-24T18:37:40.436+0000] {dag.py:3239} INFO - Sync 4 DAGs
[2025-05-24T18:37:40.447+0000] {logging_mixin.py:190} INFO - [2025-05-24T18:37:40.447+0000] {dag.py:4180} INFO - Setting next_dagrun for dataset_alias_example_alias_consumer_with_no_taskflow to None, run_after=None
[2025-05-24T18:37:40.449+0000] {logging_mixin.py:190} INFO - [2025-05-24T18:37:40.448+0000] {dag.py:4180} INFO - Setting next_dagrun for dataset_alias_example_alias_producer_with_no_taskflow to None, run_after=None
[2025-05-24T18:37:40.449+0000] {logging_mixin.py:190} INFO - [2025-05-24T18:37:40.449+0000] {dag.py:4180} INFO - Setting next_dagrun for dataset_s3_bucket_consumer_with_no_taskflow to None, run_after=None
[2025-05-24T18:37:40.450+0000] {logging_mixin.py:190} INFO - [2025-05-24T18:37:40.450+0000] {dag.py:4180} INFO - Setting next_dagrun for dataset_s3_bucket_producer_with_no_taskflow to None, run_after=None
[2025-05-24T18:37:40.460+0000] {processor.py:208} INFO - Processing /home/airflow/.local/lib/python3.12/site-packages/airflow/example_dags/example_dataset_alias_with_no_taskflow.py took 0.389 seconds
[2025-05-24T18:38:11.820+0000] {processor.py:186} INFO - Started process (PID=1901) to work on /home/airflow/.local/lib/python3.12/site-packages/airflow/example_dags/example_dataset_alias_with_no_taskflow.py
[2025-05-24T18:38:11.821+0000] {processor.py:914} INFO - Processing file /home/airflow/.local/lib/python3.12/site-packages/airflow/example_dags/example_dataset_alias_with_no_taskflow.py for tasks to queue
[2025-05-24T18:38:11.823+0000] {logging_mixin.py:190} INFO - [2025-05-24T18:38:11.823+0000] {dagbag.py:588} INFO - Filling up the DagBag from /home/airflow/.local/lib/python3.12/site-packages/airflow/example_dags/example_dataset_alias_with_no_taskflow.py
[2025-05-24T18:38:12.147+0000] {processor.py:925} INFO - DAG(s) 'dataset_alias_example_alias_consumer_with_no_taskflow', 'dataset_s3_bucket_consumer_with_no_taskflow', 'dataset_alias_example_alias_producer_with_no_taskflow', 'dataset_s3_bucket_producer_with_no_taskflow' retrieved from /home/airflow/.local/lib/python3.12/site-packages/airflow/example_dags/example_dataset_alias_with_no_taskflow.py
[2025-05-24T18:38:12.156+0000] {logging_mixin.py:190} INFO - [2025-05-24T18:38:12.156+0000] {dag.py:3239} INFO - Sync 4 DAGs
[2025-05-24T18:38:12.166+0000] {logging_mixin.py:190} INFO - [2025-05-24T18:38:12.166+0000] {dag.py:4180} INFO - Setting next_dagrun for dataset_alias_example_alias_consumer_with_no_taskflow to None, run_after=None
[2025-05-24T18:38:12.167+0000] {logging_mixin.py:190} INFO - [2025-05-24T18:38:12.167+0000] {dag.py:4180} INFO - Setting next_dagrun for dataset_alias_example_alias_producer_with_no_taskflow to None, run_after=None
[2025-05-24T18:38:12.168+0000] {logging_mixin.py:190} INFO - [2025-05-24T18:38:12.168+0000] {dag.py:4180} INFO - Setting next_dagrun for dataset_s3_bucket_consumer_with_no_taskflow to None, run_after=None
[2025-05-24T18:38:12.169+0000] {logging_mixin.py:190} INFO - [2025-05-24T18:38:12.169+0000] {dag.py:4180} INFO - Setting next_dagrun for dataset_s3_bucket_producer_with_no_taskflow to None, run_after=None
[2025-05-24T18:38:12.181+0000] {processor.py:208} INFO - Processing /home/airflow/.local/lib/python3.12/site-packages/airflow/example_dags/example_dataset_alias_with_no_taskflow.py took 0.364 seconds
[2025-05-24T18:38:43.126+0000] {processor.py:186} INFO - Started process (PID=1965) to work on /home/airflow/.local/lib/python3.12/site-packages/airflow/example_dags/example_dataset_alias_with_no_taskflow.py
[2025-05-24T18:38:43.128+0000] {processor.py:914} INFO - Processing file /home/airflow/.local/lib/python3.12/site-packages/airflow/example_dags/example_dataset_alias_with_no_taskflow.py for tasks to queue
[2025-05-24T18:38:43.131+0000] {logging_mixin.py:190} INFO - [2025-05-24T18:38:43.130+0000] {dagbag.py:588} INFO - Filling up the DagBag from /home/airflow/.local/lib/python3.12/site-packages/airflow/example_dags/example_dataset_alias_with_no_taskflow.py
[2025-05-24T18:38:44.012+0000] {processor.py:925} INFO - DAG(s) 'dataset_alias_example_alias_producer_with_no_taskflow', 'dataset_alias_example_alias_consumer_with_no_taskflow', 'dataset_s3_bucket_producer_with_no_taskflow', 'dataset_s3_bucket_consumer_with_no_taskflow' retrieved from /home/airflow/.local/lib/python3.12/site-packages/airflow/example_dags/example_dataset_alias_with_no_taskflow.py
[2025-05-24T18:38:44.032+0000] {logging_mixin.py:190} INFO - [2025-05-24T18:38:44.031+0000] {dag.py:3239} INFO - Sync 4 DAGs
[2025-05-24T18:38:44.055+0000] {logging_mixin.py:190} INFO - [2025-05-24T18:38:44.055+0000] {dag.py:4180} INFO - Setting next_dagrun for dataset_alias_example_alias_consumer_with_no_taskflow to None, run_after=None
[2025-05-24T18:38:44.057+0000] {logging_mixin.py:190} INFO - [2025-05-24T18:38:44.057+0000] {dag.py:4180} INFO - Setting next_dagrun for dataset_alias_example_alias_producer_with_no_taskflow to None, run_after=None
[2025-05-24T18:38:44.058+0000] {logging_mixin.py:190} INFO - [2025-05-24T18:38:44.058+0000] {dag.py:4180} INFO - Setting next_dagrun for dataset_s3_bucket_consumer_with_no_taskflow to None, run_after=None
[2025-05-24T18:38:44.059+0000] {logging_mixin.py:190} INFO - [2025-05-24T18:38:44.059+0000] {dag.py:4180} INFO - Setting next_dagrun for dataset_s3_bucket_producer_with_no_taskflow to None, run_after=None
[2025-05-24T18:38:44.077+0000] {processor.py:208} INFO - Processing /home/airflow/.local/lib/python3.12/site-packages/airflow/example_dags/example_dataset_alias_with_no_taskflow.py took 0.957 seconds
[2025-05-24T18:39:14.393+0000] {processor.py:186} INFO - Started process (PID=2029) to work on /home/airflow/.local/lib/python3.12/site-packages/airflow/example_dags/example_dataset_alias_with_no_taskflow.py
[2025-05-24T18:39:14.394+0000] {processor.py:914} INFO - Processing file /home/airflow/.local/lib/python3.12/site-packages/airflow/example_dags/example_dataset_alias_with_no_taskflow.py for tasks to queue
[2025-05-24T18:39:14.395+0000] {logging_mixin.py:190} INFO - [2025-05-24T18:39:14.395+0000] {dagbag.py:588} INFO - Filling up the DagBag from /home/airflow/.local/lib/python3.12/site-packages/airflow/example_dags/example_dataset_alias_with_no_taskflow.py
[2025-05-24T18:39:14.705+0000] {processor.py:925} INFO - DAG(s) 'dataset_alias_example_alias_producer_with_no_taskflow', 'dataset_s3_bucket_producer_with_no_taskflow', 'dataset_alias_example_alias_consumer_with_no_taskflow', 'dataset_s3_bucket_consumer_with_no_taskflow' retrieved from /home/airflow/.local/lib/python3.12/site-packages/airflow/example_dags/example_dataset_alias_with_no_taskflow.py
[2025-05-24T18:39:14.715+0000] {logging_mixin.py:190} INFO - [2025-05-24T18:39:14.715+0000] {dag.py:3239} INFO - Sync 4 DAGs
[2025-05-24T18:39:14.726+0000] {logging_mixin.py:190} INFO - [2025-05-24T18:39:14.726+0000] {dag.py:4180} INFO - Setting next_dagrun for dataset_alias_example_alias_consumer_with_no_taskflow to None, run_after=None
[2025-05-24T18:39:14.727+0000] {logging_mixin.py:190} INFO - [2025-05-24T18:39:14.727+0000] {dag.py:4180} INFO - Setting next_dagrun for dataset_alias_example_alias_producer_with_no_taskflow to None, run_after=None
[2025-05-24T18:39:14.728+0000] {logging_mixin.py:190} INFO - [2025-05-24T18:39:14.728+0000] {dag.py:4180} INFO - Setting next_dagrun for dataset_s3_bucket_consumer_with_no_taskflow to None, run_after=None
[2025-05-24T18:39:14.729+0000] {logging_mixin.py:190} INFO - [2025-05-24T18:39:14.729+0000] {dag.py:4180} INFO - Setting next_dagrun for dataset_s3_bucket_producer_with_no_taskflow to None, run_after=None
[2025-05-24T18:39:14.739+0000] {processor.py:208} INFO - Processing /home/airflow/.local/lib/python3.12/site-packages/airflow/example_dags/example_dataset_alias_with_no_taskflow.py took 0.350 seconds
[2025-05-24T18:39:46.094+0000] {processor.py:186} INFO - Started process (PID=2093) to work on /home/airflow/.local/lib/python3.12/site-packages/airflow/example_dags/example_dataset_alias_with_no_taskflow.py
[2025-05-24T18:39:46.095+0000] {processor.py:914} INFO - Processing file /home/airflow/.local/lib/python3.12/site-packages/airflow/example_dags/example_dataset_alias_with_no_taskflow.py for tasks to queue
[2025-05-24T18:39:46.096+0000] {logging_mixin.py:190} INFO - [2025-05-24T18:39:46.096+0000] {dagbag.py:588} INFO - Filling up the DagBag from /home/airflow/.local/lib/python3.12/site-packages/airflow/example_dags/example_dataset_alias_with_no_taskflow.py
[2025-05-24T18:39:46.529+0000] {processor.py:925} INFO - DAG(s) 'dataset_s3_bucket_producer_with_no_taskflow', 'dataset_s3_bucket_consumer_with_no_taskflow', 'dataset_alias_example_alias_producer_with_no_taskflow', 'dataset_alias_example_alias_consumer_with_no_taskflow' retrieved from /home/airflow/.local/lib/python3.12/site-packages/airflow/example_dags/example_dataset_alias_with_no_taskflow.py
[2025-05-24T18:39:46.594+0000] {logging_mixin.py:190} INFO - [2025-05-24T18:39:46.594+0000] {dag.py:3239} INFO - Sync 4 DAGs
[2025-05-24T18:39:46.616+0000] {logging_mixin.py:190} INFO - [2025-05-24T18:39:46.616+0000] {dag.py:4180} INFO - Setting next_dagrun for dataset_alias_example_alias_consumer_with_no_taskflow to None, run_after=None
[2025-05-24T18:39:46.619+0000] {logging_mixin.py:190} INFO - [2025-05-24T18:39:46.618+0000] {dag.py:4180} INFO - Setting next_dagrun for dataset_alias_example_alias_producer_with_no_taskflow to None, run_after=None
[2025-05-24T18:39:46.619+0000] {logging_mixin.py:190} INFO - [2025-05-24T18:39:46.619+0000] {dag.py:4180} INFO - Setting next_dagrun for dataset_s3_bucket_consumer_with_no_taskflow to None, run_after=None
[2025-05-24T18:39:46.620+0000] {logging_mixin.py:190} INFO - [2025-05-24T18:39:46.620+0000] {dag.py:4180} INFO - Setting next_dagrun for dataset_s3_bucket_producer_with_no_taskflow to None, run_after=None
[2025-05-24T18:39:46.657+0000] {processor.py:208} INFO - Processing /home/airflow/.local/lib/python3.12/site-packages/airflow/example_dags/example_dataset_alias_with_no_taskflow.py took 0.566 seconds
[2025-05-24T18:40:17.665+0000] {processor.py:186} INFO - Started process (PID=2157) to work on /home/airflow/.local/lib/python3.12/site-packages/airflow/example_dags/example_dataset_alias_with_no_taskflow.py
[2025-05-24T18:40:17.666+0000] {processor.py:914} INFO - Processing file /home/airflow/.local/lib/python3.12/site-packages/airflow/example_dags/example_dataset_alias_with_no_taskflow.py for tasks to queue
[2025-05-24T18:40:17.668+0000] {logging_mixin.py:190} INFO - [2025-05-24T18:40:17.667+0000] {dagbag.py:588} INFO - Filling up the DagBag from /home/airflow/.local/lib/python3.12/site-packages/airflow/example_dags/example_dataset_alias_with_no_taskflow.py
[2025-05-24T18:40:18.040+0000] {processor.py:925} INFO - DAG(s) 'dataset_s3_bucket_producer_with_no_taskflow', 'dataset_alias_example_alias_consumer_with_no_taskflow', 'dataset_s3_bucket_consumer_with_no_taskflow', 'dataset_alias_example_alias_producer_with_no_taskflow' retrieved from /home/airflow/.local/lib/python3.12/site-packages/airflow/example_dags/example_dataset_alias_with_no_taskflow.py
[2025-05-24T18:40:18.049+0000] {logging_mixin.py:190} INFO - [2025-05-24T18:40:18.049+0000] {dag.py:3239} INFO - Sync 4 DAGs
[2025-05-24T18:40:18.059+0000] {logging_mixin.py:190} INFO - [2025-05-24T18:40:18.059+0000] {dag.py:4180} INFO - Setting next_dagrun for dataset_alias_example_alias_consumer_with_no_taskflow to None, run_after=None
[2025-05-24T18:40:18.061+0000] {logging_mixin.py:190} INFO - [2025-05-24T18:40:18.060+0000] {dag.py:4180} INFO - Setting next_dagrun for dataset_alias_example_alias_producer_with_no_taskflow to None, run_after=None
[2025-05-24T18:40:18.061+0000] {logging_mixin.py:190} INFO - [2025-05-24T18:40:18.061+0000] {dag.py:4180} INFO - Setting next_dagrun for dataset_s3_bucket_consumer_with_no_taskflow to None, run_after=None
[2025-05-24T18:40:18.062+0000] {logging_mixin.py:190} INFO - [2025-05-24T18:40:18.062+0000] {dag.py:4180} INFO - Setting next_dagrun for dataset_s3_bucket_producer_with_no_taskflow to None, run_after=None
[2025-05-24T18:40:18.072+0000] {processor.py:208} INFO - Processing /home/airflow/.local/lib/python3.12/site-packages/airflow/example_dags/example_dataset_alias_with_no_taskflow.py took 0.410 seconds
[2025-05-24T18:40:49.410+0000] {processor.py:186} INFO - Started process (PID=2221) to work on /home/airflow/.local/lib/python3.12/site-packages/airflow/example_dags/example_dataset_alias_with_no_taskflow.py
[2025-05-24T18:40:49.410+0000] {processor.py:914} INFO - Processing file /home/airflow/.local/lib/python3.12/site-packages/airflow/example_dags/example_dataset_alias_with_no_taskflow.py for tasks to queue
[2025-05-24T18:40:49.412+0000] {logging_mixin.py:190} INFO - [2025-05-24T18:40:49.412+0000] {dagbag.py:588} INFO - Filling up the DagBag from /home/airflow/.local/lib/python3.12/site-packages/airflow/example_dags/example_dataset_alias_with_no_taskflow.py
[2025-05-24T18:40:49.762+0000] {processor.py:925} INFO - DAG(s) 'dataset_s3_bucket_producer_with_no_taskflow', 'dataset_alias_example_alias_producer_with_no_taskflow', 'dataset_s3_bucket_consumer_with_no_taskflow', 'dataset_alias_example_alias_consumer_with_no_taskflow' retrieved from /home/airflow/.local/lib/python3.12/site-packages/airflow/example_dags/example_dataset_alias_with_no_taskflow.py
[2025-05-24T18:40:49.773+0000] {logging_mixin.py:190} INFO - [2025-05-24T18:40:49.772+0000] {dag.py:3239} INFO - Sync 4 DAGs
[2025-05-24T18:40:49.783+0000] {logging_mixin.py:190} INFO - [2025-05-24T18:40:49.782+0000] {dag.py:4180} INFO - Setting next_dagrun for dataset_alias_example_alias_consumer_with_no_taskflow to None, run_after=None
[2025-05-24T18:40:49.784+0000] {logging_mixin.py:190} INFO - [2025-05-24T18:40:49.784+0000] {dag.py:4180} INFO - Setting next_dagrun for dataset_alias_example_alias_producer_with_no_taskflow to None, run_after=None
[2025-05-24T18:40:49.785+0000] {logging_mixin.py:190} INFO - [2025-05-24T18:40:49.785+0000] {dag.py:4180} INFO - Setting next_dagrun for dataset_s3_bucket_consumer_with_no_taskflow to None, run_after=None
[2025-05-24T18:40:49.786+0000] {logging_mixin.py:190} INFO - [2025-05-24T18:40:49.785+0000] {dag.py:4180} INFO - Setting next_dagrun for dataset_s3_bucket_producer_with_no_taskflow to None, run_after=None
[2025-05-24T18:40:49.795+0000] {processor.py:208} INFO - Processing /home/airflow/.local/lib/python3.12/site-packages/airflow/example_dags/example_dataset_alias_with_no_taskflow.py took 0.389 seconds
[2025-05-24T18:41:21.248+0000] {processor.py:186} INFO - Started process (PID=2285) to work on /home/airflow/.local/lib/python3.12/site-packages/airflow/example_dags/example_dataset_alias_with_no_taskflow.py
[2025-05-24T18:41:21.249+0000] {processor.py:914} INFO - Processing file /home/airflow/.local/lib/python3.12/site-packages/airflow/example_dags/example_dataset_alias_with_no_taskflow.py for tasks to queue
[2025-05-24T18:41:21.250+0000] {logging_mixin.py:190} INFO - [2025-05-24T18:41:21.250+0000] {dagbag.py:588} INFO - Filling up the DagBag from /home/airflow/.local/lib/python3.12/site-packages/airflow/example_dags/example_dataset_alias_with_no_taskflow.py
[2025-05-24T18:41:21.668+0000] {processor.py:925} INFO - DAG(s) 'dataset_s3_bucket_consumer_with_no_taskflow', 'dataset_alias_example_alias_consumer_with_no_taskflow', 'dataset_s3_bucket_producer_with_no_taskflow', 'dataset_alias_example_alias_producer_with_no_taskflow' retrieved from /home/airflow/.local/lib/python3.12/site-packages/airflow/example_dags/example_dataset_alias_with_no_taskflow.py
[2025-05-24T18:41:21.678+0000] {logging_mixin.py:190} INFO - [2025-05-24T18:41:21.678+0000] {dag.py:3239} INFO - Sync 4 DAGs
[2025-05-24T18:41:21.688+0000] {logging_mixin.py:190} INFO - [2025-05-24T18:41:21.688+0000] {dag.py:4180} INFO - Setting next_dagrun for dataset_alias_example_alias_consumer_with_no_taskflow to None, run_after=None
[2025-05-24T18:41:21.690+0000] {logging_mixin.py:190} INFO - [2025-05-24T18:41:21.690+0000] {dag.py:4180} INFO - Setting next_dagrun for dataset_alias_example_alias_producer_with_no_taskflow to None, run_after=None
[2025-05-24T18:41:21.691+0000] {logging_mixin.py:190} INFO - [2025-05-24T18:41:21.690+0000] {dag.py:4180} INFO - Setting next_dagrun for dataset_s3_bucket_consumer_with_no_taskflow to None, run_after=None
[2025-05-24T18:41:21.691+0000] {logging_mixin.py:190} INFO - [2025-05-24T18:41:21.691+0000] {dag.py:4180} INFO - Setting next_dagrun for dataset_s3_bucket_producer_with_no_taskflow to None, run_after=None
[2025-05-24T18:41:21.702+0000] {processor.py:208} INFO - Processing /home/airflow/.local/lib/python3.12/site-packages/airflow/example_dags/example_dataset_alias_with_no_taskflow.py took 0.458 seconds
[2025-05-24T18:41:52.454+0000] {processor.py:186} INFO - Started process (PID=2349) to work on /home/airflow/.local/lib/python3.12/site-packages/airflow/example_dags/example_dataset_alias_with_no_taskflow.py
[2025-05-24T18:41:52.455+0000] {processor.py:914} INFO - Processing file /home/airflow/.local/lib/python3.12/site-packages/airflow/example_dags/example_dataset_alias_with_no_taskflow.py for tasks to queue
[2025-05-24T18:41:52.456+0000] {logging_mixin.py:190} INFO - [2025-05-24T18:41:52.456+0000] {dagbag.py:588} INFO - Filling up the DagBag from /home/airflow/.local/lib/python3.12/site-packages/airflow/example_dags/example_dataset_alias_with_no_taskflow.py
[2025-05-24T18:41:52.861+0000] {processor.py:925} INFO - DAG(s) 'dataset_alias_example_alias_producer_with_no_taskflow', 'dataset_s3_bucket_consumer_with_no_taskflow', 'dataset_alias_example_alias_consumer_with_no_taskflow', 'dataset_s3_bucket_producer_with_no_taskflow' retrieved from /home/airflow/.local/lib/python3.12/site-packages/airflow/example_dags/example_dataset_alias_with_no_taskflow.py
[2025-05-24T18:41:52.874+0000] {logging_mixin.py:190} INFO - [2025-05-24T18:41:52.874+0000] {dag.py:3239} INFO - Sync 4 DAGs
[2025-05-24T18:41:52.887+0000] {logging_mixin.py:190} INFO - [2025-05-24T18:41:52.887+0000] {dag.py:4180} INFO - Setting next_dagrun for dataset_alias_example_alias_consumer_with_no_taskflow to None, run_after=None
[2025-05-24T18:41:52.889+0000] {logging_mixin.py:190} INFO - [2025-05-24T18:41:52.889+0000] {dag.py:4180} INFO - Setting next_dagrun for dataset_alias_example_alias_producer_with_no_taskflow to None, run_after=None
[2025-05-24T18:41:52.890+0000] {logging_mixin.py:190} INFO - [2025-05-24T18:41:52.890+0000] {dag.py:4180} INFO - Setting next_dagrun for dataset_s3_bucket_consumer_with_no_taskflow to None, run_after=None
[2025-05-24T18:41:52.891+0000] {logging_mixin.py:190} INFO - [2025-05-24T18:41:52.891+0000] {dag.py:4180} INFO - Setting next_dagrun for dataset_s3_bucket_producer_with_no_taskflow to None, run_after=None
[2025-05-24T18:41:52.904+0000] {processor.py:208} INFO - Processing /home/airflow/.local/lib/python3.12/site-packages/airflow/example_dags/example_dataset_alias_with_no_taskflow.py took 0.453 seconds
[2025-05-24T18:42:23.610+0000] {processor.py:186} INFO - Started process (PID=2413) to work on /home/airflow/.local/lib/python3.12/site-packages/airflow/example_dags/example_dataset_alias_with_no_taskflow.py
[2025-05-24T18:42:23.612+0000] {processor.py:914} INFO - Processing file /home/airflow/.local/lib/python3.12/site-packages/airflow/example_dags/example_dataset_alias_with_no_taskflow.py for tasks to queue
[2025-05-24T18:42:23.617+0000] {logging_mixin.py:190} INFO - [2025-05-24T18:42:23.617+0000] {dagbag.py:588} INFO - Filling up the DagBag from /home/airflow/.local/lib/python3.12/site-packages/airflow/example_dags/example_dataset_alias_with_no_taskflow.py
[2025-05-24T18:42:24.108+0000] {processor.py:925} INFO - DAG(s) 'dataset_alias_example_alias_consumer_with_no_taskflow', 'dataset_s3_bucket_consumer_with_no_taskflow', 'dataset_s3_bucket_producer_with_no_taskflow', 'dataset_alias_example_alias_producer_with_no_taskflow' retrieved from /home/airflow/.local/lib/python3.12/site-packages/airflow/example_dags/example_dataset_alias_with_no_taskflow.py
[2025-05-24T18:42:24.119+0000] {logging_mixin.py:190} INFO - [2025-05-24T18:42:24.118+0000] {dag.py:3239} INFO - Sync 4 DAGs
[2025-05-24T18:42:24.130+0000] {logging_mixin.py:190} INFO - [2025-05-24T18:42:24.130+0000] {dag.py:4180} INFO - Setting next_dagrun for dataset_alias_example_alias_consumer_with_no_taskflow to None, run_after=None
[2025-05-24T18:42:24.131+0000] {logging_mixin.py:190} INFO - [2025-05-24T18:42:24.131+0000] {dag.py:4180} INFO - Setting next_dagrun for dataset_alias_example_alias_producer_with_no_taskflow to None, run_after=None
[2025-05-24T18:42:24.132+0000] {logging_mixin.py:190} INFO - [2025-05-24T18:42:24.132+0000] {dag.py:4180} INFO - Setting next_dagrun for dataset_s3_bucket_consumer_with_no_taskflow to None, run_after=None
[2025-05-24T18:42:24.133+0000] {logging_mixin.py:190} INFO - [2025-05-24T18:42:24.133+0000] {dag.py:4180} INFO - Setting next_dagrun for dataset_s3_bucket_producer_with_no_taskflow to None, run_after=None
[2025-05-24T18:42:24.142+0000] {processor.py:208} INFO - Processing /home/airflow/.local/lib/python3.12/site-packages/airflow/example_dags/example_dataset_alias_with_no_taskflow.py took 0.540 seconds
[2025-05-24T18:42:54.543+0000] {processor.py:186} INFO - Started process (PID=2477) to work on /home/airflow/.local/lib/python3.12/site-packages/airflow/example_dags/example_dataset_alias_with_no_taskflow.py
[2025-05-24T18:42:54.544+0000] {processor.py:914} INFO - Processing file /home/airflow/.local/lib/python3.12/site-packages/airflow/example_dags/example_dataset_alias_with_no_taskflow.py for tasks to queue
[2025-05-24T18:42:54.545+0000] {logging_mixin.py:190} INFO - [2025-05-24T18:42:54.545+0000] {dagbag.py:588} INFO - Filling up the DagBag from /home/airflow/.local/lib/python3.12/site-packages/airflow/example_dags/example_dataset_alias_with_no_taskflow.py
[2025-05-24T18:42:54.848+0000] {processor.py:925} INFO - DAG(s) 'dataset_s3_bucket_consumer_with_no_taskflow', 'dataset_alias_example_alias_producer_with_no_taskflow', 'dataset_alias_example_alias_consumer_with_no_taskflow', 'dataset_s3_bucket_producer_with_no_taskflow' retrieved from /home/airflow/.local/lib/python3.12/site-packages/airflow/example_dags/example_dataset_alias_with_no_taskflow.py
[2025-05-24T18:42:54.862+0000] {logging_mixin.py:190} INFO - [2025-05-24T18:42:54.862+0000] {dag.py:3239} INFO - Sync 4 DAGs
[2025-05-24T18:42:54.874+0000] {logging_mixin.py:190} INFO - [2025-05-24T18:42:54.874+0000] {dag.py:4180} INFO - Setting next_dagrun for dataset_alias_example_alias_consumer_with_no_taskflow to None, run_after=None
[2025-05-24T18:42:54.876+0000] {logging_mixin.py:190} INFO - [2025-05-24T18:42:54.876+0000] {dag.py:4180} INFO - Setting next_dagrun for dataset_alias_example_alias_producer_with_no_taskflow to None, run_after=None
[2025-05-24T18:42:54.877+0000] {logging_mixin.py:190} INFO - [2025-05-24T18:42:54.877+0000] {dag.py:4180} INFO - Setting next_dagrun for dataset_s3_bucket_consumer_with_no_taskflow to None, run_after=None
[2025-05-24T18:42:54.878+0000] {logging_mixin.py:190} INFO - [2025-05-24T18:42:54.878+0000] {dag.py:4180} INFO - Setting next_dagrun for dataset_s3_bucket_producer_with_no_taskflow to None, run_after=None
[2025-05-24T18:42:54.891+0000] {processor.py:208} INFO - Processing /home/airflow/.local/lib/python3.12/site-packages/airflow/example_dags/example_dataset_alias_with_no_taskflow.py took 0.352 seconds
[2025-05-24T18:43:25.480+0000] {processor.py:186} INFO - Started process (PID=2543) to work on /home/airflow/.local/lib/python3.12/site-packages/airflow/example_dags/example_dataset_alias_with_no_taskflow.py
[2025-05-24T18:43:25.481+0000] {processor.py:914} INFO - Processing file /home/airflow/.local/lib/python3.12/site-packages/airflow/example_dags/example_dataset_alias_with_no_taskflow.py for tasks to queue
[2025-05-24T18:43:25.483+0000] {logging_mixin.py:190} INFO - [2025-05-24T18:43:25.482+0000] {dagbag.py:588} INFO - Filling up the DagBag from /home/airflow/.local/lib/python3.12/site-packages/airflow/example_dags/example_dataset_alias_with_no_taskflow.py
[2025-05-24T18:43:25.854+0000] {processor.py:925} INFO - DAG(s) 'dataset_s3_bucket_producer_with_no_taskflow', 'dataset_alias_example_alias_consumer_with_no_taskflow', 'dataset_alias_example_alias_producer_with_no_taskflow', 'dataset_s3_bucket_consumer_with_no_taskflow' retrieved from /home/airflow/.local/lib/python3.12/site-packages/airflow/example_dags/example_dataset_alias_with_no_taskflow.py
[2025-05-24T18:43:25.867+0000] {logging_mixin.py:190} INFO - [2025-05-24T18:43:25.867+0000] {dag.py:3239} INFO - Sync 4 DAGs
[2025-05-24T18:43:25.879+0000] {logging_mixin.py:190} INFO - [2025-05-24T18:43:25.878+0000] {dag.py:4180} INFO - Setting next_dagrun for dataset_alias_example_alias_consumer_with_no_taskflow to None, run_after=None
[2025-05-24T18:43:25.880+0000] {logging_mixin.py:190} INFO - [2025-05-24T18:43:25.880+0000] {dag.py:4180} INFO - Setting next_dagrun for dataset_alias_example_alias_producer_with_no_taskflow to None, run_after=None
[2025-05-24T18:43:25.881+0000] {logging_mixin.py:190} INFO - [2025-05-24T18:43:25.881+0000] {dag.py:4180} INFO - Setting next_dagrun for dataset_s3_bucket_consumer_with_no_taskflow to None, run_after=None
[2025-05-24T18:43:25.882+0000] {logging_mixin.py:190} INFO - [2025-05-24T18:43:25.882+0000] {dag.py:4180} INFO - Setting next_dagrun for dataset_s3_bucket_producer_with_no_taskflow to None, run_after=None
[2025-05-24T18:43:25.891+0000] {processor.py:208} INFO - Processing /home/airflow/.local/lib/python3.12/site-packages/airflow/example_dags/example_dataset_alias_with_no_taskflow.py took 0.414 seconds
[2025-05-24T18:43:56.986+0000] {processor.py:186} INFO - Started process (PID=2615) to work on /home/airflow/.local/lib/python3.12/site-packages/airflow/example_dags/example_dataset_alias_with_no_taskflow.py
[2025-05-24T18:43:56.987+0000] {processor.py:914} INFO - Processing file /home/airflow/.local/lib/python3.12/site-packages/airflow/example_dags/example_dataset_alias_with_no_taskflow.py for tasks to queue
[2025-05-24T18:43:56.989+0000] {logging_mixin.py:190} INFO - [2025-05-24T18:43:56.988+0000] {dagbag.py:588} INFO - Filling up the DagBag from /home/airflow/.local/lib/python3.12/site-packages/airflow/example_dags/example_dataset_alias_with_no_taskflow.py
[2025-05-24T18:43:57.376+0000] {processor.py:925} INFO - DAG(s) 'dataset_alias_example_alias_producer_with_no_taskflow', 'dataset_s3_bucket_consumer_with_no_taskflow', 'dataset_s3_bucket_producer_with_no_taskflow', 'dataset_alias_example_alias_consumer_with_no_taskflow' retrieved from /home/airflow/.local/lib/python3.12/site-packages/airflow/example_dags/example_dataset_alias_with_no_taskflow.py
[2025-05-24T18:43:57.386+0000] {logging_mixin.py:190} INFO - [2025-05-24T18:43:57.385+0000] {dag.py:3239} INFO - Sync 4 DAGs
[2025-05-24T18:43:57.397+0000] {logging_mixin.py:190} INFO - [2025-05-24T18:43:57.397+0000] {dag.py:4180} INFO - Setting next_dagrun for dataset_alias_example_alias_consumer_with_no_taskflow to None, run_after=None
[2025-05-24T18:43:57.398+0000] {logging_mixin.py:190} INFO - [2025-05-24T18:43:57.398+0000] {dag.py:4180} INFO - Setting next_dagrun for dataset_alias_example_alias_producer_with_no_taskflow to None, run_after=None
[2025-05-24T18:43:57.399+0000] {logging_mixin.py:190} INFO - [2025-05-24T18:43:57.399+0000] {dag.py:4180} INFO - Setting next_dagrun for dataset_s3_bucket_consumer_with_no_taskflow to None, run_after=None
[2025-05-24T18:43:57.399+0000] {logging_mixin.py:190} INFO - [2025-05-24T18:43:57.399+0000] {dag.py:4180} INFO - Setting next_dagrun for dataset_s3_bucket_producer_with_no_taskflow to None, run_after=None
[2025-05-24T18:43:57.410+0000] {processor.py:208} INFO - Processing /home/airflow/.local/lib/python3.12/site-packages/airflow/example_dags/example_dataset_alias_with_no_taskflow.py took 0.428 seconds
