[2025-05-24T18:23:37.468+0000] {processor.py:186} INFO - Started process (PID=95) to work on /home/airflow/.local/lib/python3.12/site-packages/airflow/example_dags/example_dataset_alias.py
[2025-05-24T18:23:37.469+0000] {processor.py:914} INFO - Processing file /home/airflow/.local/lib/python3.12/site-packages/airflow/example_dags/example_dataset_alias.py for tasks to queue
[2025-05-24T18:23:37.471+0000] {logging_mixin.py:190} INFO - [2025-05-24T18:23:37.471+0000] {dagbag.py:588} INFO - Filling up the DagBag from /home/airflow/.local/lib/python3.12/site-packages/airflow/example_dags/example_dataset_alias.py
[2025-05-24T18:23:37.967+0000] {processor.py:925} INFO - DAG(s) 'dataset_alias_example_alias_consumer', 'dataset_alias_example_alias_producer', 'dataset_s3_bucket_producer', 'dataset_s3_bucket_consumer' retrieved from /home/airflow/.local/lib/python3.12/site-packages/airflow/example_dags/example_dataset_alias.py
[2025-05-24T18:23:38.017+0000] {logging_mixin.py:190} INFO - [2025-05-24T18:23:38.016+0000] {override.py:1911} INFO - Created Permission View: can edit on DAG:dataset_alias_example_alias_consumer
[2025-05-24T18:23:38.021+0000] {logging_mixin.py:190} INFO - [2025-05-24T18:23:38.021+0000] {override.py:1911} INFO - Created Permission View: can delete on DAG:dataset_alias_example_alias_consumer
[2025-05-24T18:23:38.025+0000] {logging_mixin.py:190} INFO - [2025-05-24T18:23:38.025+0000] {override.py:1911} INFO - Created Permission View: can read on DAG:dataset_alias_example_alias_consumer
[2025-05-24T18:23:38.028+0000] {logging_mixin.py:190} INFO - [2025-05-24T18:23:38.028+0000] {override.py:1911} INFO - Created Permission View: menu access on DAG Run:dataset_alias_example_alias_consumer
[2025-05-24T18:23:38.031+0000] {logging_mixin.py:190} INFO - [2025-05-24T18:23:38.031+0000] {override.py:1911} INFO - Created Permission View: can delete on DAG Run:dataset_alias_example_alias_consumer
[2025-05-24T18:23:38.036+0000] {logging_mixin.py:190} INFO - [2025-05-24T18:23:38.036+0000] {override.py:1911} INFO - Created Permission View: can create on DAG Run:dataset_alias_example_alias_consumer
[2025-05-24T18:23:38.040+0000] {logging_mixin.py:190} INFO - [2025-05-24T18:23:38.039+0000] {override.py:1911} INFO - Created Permission View: can read on DAG Run:dataset_alias_example_alias_consumer
[2025-05-24T18:23:38.052+0000] {logging_mixin.py:190} INFO - [2025-05-24T18:23:38.051+0000] {override.py:1911} INFO - Created Permission View: can edit on DAG:dataset_alias_example_alias_producer
[2025-05-24T18:23:38.057+0000] {logging_mixin.py:190} INFO - [2025-05-24T18:23:38.057+0000] {override.py:1911} INFO - Created Permission View: can delete on DAG:dataset_alias_example_alias_producer
[2025-05-24T18:23:38.069+0000] {logging_mixin.py:190} INFO - [2025-05-24T18:23:38.068+0000] {override.py:1911} INFO - Created Permission View: can read on DAG:dataset_alias_example_alias_producer
[2025-05-24T18:23:38.083+0000] {logging_mixin.py:190} INFO - [2025-05-24T18:23:38.083+0000] {override.py:1911} INFO - Created Permission View: menu access on DAG Run:dataset_alias_example_alias_producer
[2025-05-24T18:23:38.092+0000] {logging_mixin.py:190} INFO - [2025-05-24T18:23:38.092+0000] {override.py:1911} INFO - Created Permission View: can delete on DAG Run:dataset_alias_example_alias_producer
[2025-05-24T18:23:38.098+0000] {logging_mixin.py:190} INFO - [2025-05-24T18:23:38.098+0000] {override.py:1911} INFO - Created Permission View: can create on DAG Run:dataset_alias_example_alias_producer
[2025-05-24T18:23:38.103+0000] {logging_mixin.py:190} INFO - [2025-05-24T18:23:38.103+0000] {override.py:1911} INFO - Created Permission View: can read on DAG Run:dataset_alias_example_alias_producer
[2025-05-24T18:23:38.114+0000] {logging_mixin.py:190} INFO - [2025-05-24T18:23:38.113+0000] {override.py:1911} INFO - Created Permission View: can edit on DAG:dataset_s3_bucket_producer
[2025-05-24T18:23:38.118+0000] {logging_mixin.py:190} INFO - [2025-05-24T18:23:38.118+0000] {override.py:1911} INFO - Created Permission View: can delete on DAG:dataset_s3_bucket_producer
[2025-05-24T18:23:38.123+0000] {logging_mixin.py:190} INFO - [2025-05-24T18:23:38.122+0000] {override.py:1911} INFO - Created Permission View: can read on DAG:dataset_s3_bucket_producer
[2025-05-24T18:23:38.127+0000] {logging_mixin.py:190} INFO - [2025-05-24T18:23:38.127+0000] {override.py:1911} INFO - Created Permission View: menu access on DAG Run:dataset_s3_bucket_producer
[2025-05-24T18:23:38.132+0000] {logging_mixin.py:190} INFO - [2025-05-24T18:23:38.131+0000] {override.py:1911} INFO - Created Permission View: can delete on DAG Run:dataset_s3_bucket_producer
[2025-05-24T18:23:38.136+0000] {logging_mixin.py:190} INFO - [2025-05-24T18:23:38.136+0000] {override.py:1911} INFO - Created Permission View: can create on DAG Run:dataset_s3_bucket_producer
[2025-05-24T18:23:38.140+0000] {logging_mixin.py:190} INFO - [2025-05-24T18:23:38.140+0000] {override.py:1911} INFO - Created Permission View: can read on DAG Run:dataset_s3_bucket_producer
[2025-05-24T18:23:38.153+0000] {logging_mixin.py:190} INFO - [2025-05-24T18:23:38.152+0000] {override.py:1911} INFO - Created Permission View: can edit on DAG:dataset_s3_bucket_consumer
[2025-05-24T18:23:38.161+0000] {logging_mixin.py:190} INFO - [2025-05-24T18:23:38.161+0000] {override.py:1911} INFO - Created Permission View: can delete on DAG:dataset_s3_bucket_consumer
[2025-05-24T18:23:38.165+0000] {logging_mixin.py:190} INFO - [2025-05-24T18:23:38.165+0000] {override.py:1911} INFO - Created Permission View: can read on DAG:dataset_s3_bucket_consumer
[2025-05-24T18:23:38.169+0000] {logging_mixin.py:190} INFO - [2025-05-24T18:23:38.169+0000] {override.py:1911} INFO - Created Permission View: menu access on DAG Run:dataset_s3_bucket_consumer
[2025-05-24T18:23:38.173+0000] {logging_mixin.py:190} INFO - [2025-05-24T18:23:38.173+0000] {override.py:1911} INFO - Created Permission View: can delete on DAG Run:dataset_s3_bucket_consumer
[2025-05-24T18:23:38.177+0000] {logging_mixin.py:190} INFO - [2025-05-24T18:23:38.177+0000] {override.py:1911} INFO - Created Permission View: can create on DAG Run:dataset_s3_bucket_consumer
[2025-05-24T18:23:38.180+0000] {logging_mixin.py:190} INFO - [2025-05-24T18:23:38.180+0000] {override.py:1911} INFO - Created Permission View: can read on DAG Run:dataset_s3_bucket_consumer
[2025-05-24T18:23:38.181+0000] {logging_mixin.py:190} INFO - [2025-05-24T18:23:38.181+0000] {dag.py:3239} INFO - Sync 4 DAGs
[2025-05-24T18:23:38.188+0000] {logging_mixin.py:190} INFO - [2025-05-24T18:23:38.187+0000] {dag.py:3262} INFO - Creating ORM DAG for dataset_s3_bucket_producer
[2025-05-24T18:23:38.188+0000] {logging_mixin.py:190} INFO - [2025-05-24T18:23:38.188+0000] {dag.py:3262} INFO - Creating ORM DAG for dataset_alias_example_alias_producer
[2025-05-24T18:23:38.188+0000] {logging_mixin.py:190} INFO - [2025-05-24T18:23:38.188+0000] {dag.py:3262} INFO - Creating ORM DAG for dataset_alias_example_alias_consumer
[2025-05-24T18:23:38.189+0000] {logging_mixin.py:190} INFO - [2025-05-24T18:23:38.189+0000] {dag.py:3262} INFO - Creating ORM DAG for dataset_s3_bucket_consumer
[2025-05-24T18:23:38.193+0000] {logging_mixin.py:190} INFO - [2025-05-24T18:23:38.193+0000] {dag.py:4180} INFO - Setting next_dagrun for dataset_alias_example_alias_consumer to None, run_after=None
[2025-05-24T18:23:38.194+0000] {logging_mixin.py:190} INFO - [2025-05-24T18:23:38.194+0000] {dag.py:4180} INFO - Setting next_dagrun for dataset_alias_example_alias_producer to None, run_after=None
[2025-05-24T18:23:38.194+0000] {logging_mixin.py:190} INFO - [2025-05-24T18:23:38.194+0000] {dag.py:4180} INFO - Setting next_dagrun for dataset_s3_bucket_consumer to None, run_after=None
[2025-05-24T18:23:38.194+0000] {logging_mixin.py:190} INFO - [2025-05-24T18:23:38.194+0000] {dag.py:4180} INFO - Setting next_dagrun for dataset_s3_bucket_producer to None, run_after=None
[2025-05-24T18:23:38.210+0000] {processor.py:208} INFO - Processing /home/airflow/.local/lib/python3.12/site-packages/airflow/example_dags/example_dataset_alias.py took 0.747 seconds
[2025-05-24T18:24:08.297+0000] {processor.py:186} INFO - Started process (PID=161) to work on /home/airflow/.local/lib/python3.12/site-packages/airflow/example_dags/example_dataset_alias.py
[2025-05-24T18:24:08.299+0000] {processor.py:914} INFO - Processing file /home/airflow/.local/lib/python3.12/site-packages/airflow/example_dags/example_dataset_alias.py for tasks to queue
[2025-05-24T18:24:08.301+0000] {logging_mixin.py:190} INFO - [2025-05-24T18:24:08.301+0000] {dagbag.py:588} INFO - Filling up the DagBag from /home/airflow/.local/lib/python3.12/site-packages/airflow/example_dags/example_dataset_alias.py
[2025-05-24T18:24:09.096+0000] {processor.py:925} INFO - DAG(s) 'dataset_s3_bucket_producer', 'dataset_alias_example_alias_consumer', 'dataset_s3_bucket_consumer', 'dataset_alias_example_alias_producer' retrieved from /home/airflow/.local/lib/python3.12/site-packages/airflow/example_dags/example_dataset_alias.py
[2025-05-24T18:24:09.123+0000] {logging_mixin.py:190} INFO - [2025-05-24T18:24:09.123+0000] {dag.py:3239} INFO - Sync 4 DAGs
[2025-05-24T18:24:09.139+0000] {logging_mixin.py:190} INFO - [2025-05-24T18:24:09.139+0000] {dag.py:4180} INFO - Setting next_dagrun for dataset_alias_example_alias_consumer to None, run_after=None
[2025-05-24T18:24:09.140+0000] {logging_mixin.py:190} INFO - [2025-05-24T18:24:09.140+0000] {dag.py:4180} INFO - Setting next_dagrun for dataset_alias_example_alias_producer to None, run_after=None
[2025-05-24T18:24:09.141+0000] {logging_mixin.py:190} INFO - [2025-05-24T18:24:09.141+0000] {dag.py:4180} INFO - Setting next_dagrun for dataset_s3_bucket_consumer to None, run_after=None
[2025-05-24T18:24:09.142+0000] {logging_mixin.py:190} INFO - [2025-05-24T18:24:09.142+0000] {dag.py:4180} INFO - Setting next_dagrun for dataset_s3_bucket_producer to None, run_after=None
[2025-05-24T18:24:09.239+0000] {processor.py:208} INFO - Processing /home/airflow/.local/lib/python3.12/site-packages/airflow/example_dags/example_dataset_alias.py took 0.949 seconds
[2025-05-24T18:24:39.359+0000] {processor.py:186} INFO - Started process (PID=225) to work on /home/airflow/.local/lib/python3.12/site-packages/airflow/example_dags/example_dataset_alias.py
[2025-05-24T18:24:39.360+0000] {processor.py:914} INFO - Processing file /home/airflow/.local/lib/python3.12/site-packages/airflow/example_dags/example_dataset_alias.py for tasks to queue
[2025-05-24T18:24:39.362+0000] {logging_mixin.py:190} INFO - [2025-05-24T18:24:39.362+0000] {dagbag.py:588} INFO - Filling up the DagBag from /home/airflow/.local/lib/python3.12/site-packages/airflow/example_dags/example_dataset_alias.py
[2025-05-24T18:24:39.705+0000] {processor.py:925} INFO - DAG(s) 'dataset_alias_example_alias_producer', 'dataset_s3_bucket_consumer', 'dataset_alias_example_alias_consumer', 'dataset_s3_bucket_producer' retrieved from /home/airflow/.local/lib/python3.12/site-packages/airflow/example_dags/example_dataset_alias.py
[2025-05-24T18:24:39.714+0000] {logging_mixin.py:190} INFO - [2025-05-24T18:24:39.714+0000] {dag.py:3239} INFO - Sync 4 DAGs
[2025-05-24T18:24:39.726+0000] {logging_mixin.py:190} INFO - [2025-05-24T18:24:39.726+0000] {dag.py:4180} INFO - Setting next_dagrun for dataset_alias_example_alias_consumer to None, run_after=None
[2025-05-24T18:24:39.728+0000] {logging_mixin.py:190} INFO - [2025-05-24T18:24:39.727+0000] {dag.py:4180} INFO - Setting next_dagrun for dataset_alias_example_alias_producer to None, run_after=None
[2025-05-24T18:24:39.728+0000] {logging_mixin.py:190} INFO - [2025-05-24T18:24:39.728+0000] {dag.py:4180} INFO - Setting next_dagrun for dataset_s3_bucket_consumer to None, run_after=None
[2025-05-24T18:24:39.729+0000] {logging_mixin.py:190} INFO - [2025-05-24T18:24:39.729+0000] {dag.py:4180} INFO - Setting next_dagrun for dataset_s3_bucket_producer to None, run_after=None
[2025-05-24T18:24:39.738+0000] {processor.py:208} INFO - Processing /home/airflow/.local/lib/python3.12/site-packages/airflow/example_dags/example_dataset_alias.py took 0.382 seconds
[2025-05-24T18:25:09.863+0000] {processor.py:186} INFO - Started process (PID=292) to work on /home/airflow/.local/lib/python3.12/site-packages/airflow/example_dags/example_dataset_alias.py
[2025-05-24T18:25:09.864+0000] {processor.py:914} INFO - Processing file /home/airflow/.local/lib/python3.12/site-packages/airflow/example_dags/example_dataset_alias.py for tasks to queue
[2025-05-24T18:25:09.866+0000] {logging_mixin.py:190} INFO - [2025-05-24T18:25:09.865+0000] {dagbag.py:588} INFO - Filling up the DagBag from /home/airflow/.local/lib/python3.12/site-packages/airflow/example_dags/example_dataset_alias.py
[2025-05-24T18:25:10.242+0000] {processor.py:925} INFO - DAG(s) 'dataset_alias_example_alias_producer', 'dataset_alias_example_alias_consumer', 'dataset_s3_bucket_consumer', 'dataset_s3_bucket_producer' retrieved from /home/airflow/.local/lib/python3.12/site-packages/airflow/example_dags/example_dataset_alias.py
[2025-05-24T18:25:10.255+0000] {logging_mixin.py:190} INFO - [2025-05-24T18:25:10.255+0000] {dag.py:3239} INFO - Sync 4 DAGs
[2025-05-24T18:25:10.275+0000] {logging_mixin.py:190} INFO - [2025-05-24T18:25:10.274+0000] {dag.py:4180} INFO - Setting next_dagrun for dataset_alias_example_alias_consumer to None, run_after=None
[2025-05-24T18:25:10.280+0000] {logging_mixin.py:190} INFO - [2025-05-24T18:25:10.280+0000] {dag.py:4180} INFO - Setting next_dagrun for dataset_alias_example_alias_producer to None, run_after=None
[2025-05-24T18:25:10.281+0000] {logging_mixin.py:190} INFO - [2025-05-24T18:25:10.281+0000] {dag.py:4180} INFO - Setting next_dagrun for dataset_s3_bucket_consumer to None, run_after=None
[2025-05-24T18:25:10.282+0000] {logging_mixin.py:190} INFO - [2025-05-24T18:25:10.282+0000] {dag.py:4180} INFO - Setting next_dagrun for dataset_s3_bucket_producer to None, run_after=None
[2025-05-24T18:25:10.301+0000] {processor.py:208} INFO - Processing /home/airflow/.local/lib/python3.12/site-packages/airflow/example_dags/example_dataset_alias.py took 0.443 seconds
[2025-05-24T18:25:40.361+0000] {processor.py:186} INFO - Started process (PID=356) to work on /home/airflow/.local/lib/python3.12/site-packages/airflow/example_dags/example_dataset_alias.py
[2025-05-24T18:25:40.362+0000] {processor.py:914} INFO - Processing file /home/airflow/.local/lib/python3.12/site-packages/airflow/example_dags/example_dataset_alias.py for tasks to queue
[2025-05-24T18:25:40.363+0000] {logging_mixin.py:190} INFO - [2025-05-24T18:25:40.363+0000] {dagbag.py:588} INFO - Filling up the DagBag from /home/airflow/.local/lib/python3.12/site-packages/airflow/example_dags/example_dataset_alias.py
[2025-05-24T18:25:40.795+0000] {processor.py:925} INFO - DAG(s) 'dataset_alias_example_alias_producer', 'dataset_alias_example_alias_consumer', 'dataset_s3_bucket_producer', 'dataset_s3_bucket_consumer' retrieved from /home/airflow/.local/lib/python3.12/site-packages/airflow/example_dags/example_dataset_alias.py
[2025-05-24T18:25:40.807+0000] {logging_mixin.py:190} INFO - [2025-05-24T18:25:40.806+0000] {dag.py:3239} INFO - Sync 4 DAGs
[2025-05-24T18:25:40.823+0000] {logging_mixin.py:190} INFO - [2025-05-24T18:25:40.823+0000] {dag.py:4180} INFO - Setting next_dagrun for dataset_alias_example_alias_consumer to None, run_after=None
[2025-05-24T18:25:40.826+0000] {logging_mixin.py:190} INFO - [2025-05-24T18:25:40.826+0000] {dag.py:4180} INFO - Setting next_dagrun for dataset_alias_example_alias_producer to None, run_after=None
[2025-05-24T18:25:40.828+0000] {logging_mixin.py:190} INFO - [2025-05-24T18:25:40.828+0000] {dag.py:4180} INFO - Setting next_dagrun for dataset_s3_bucket_consumer to None, run_after=None
[2025-05-24T18:25:40.829+0000] {logging_mixin.py:190} INFO - [2025-05-24T18:25:40.829+0000] {dag.py:4180} INFO - Setting next_dagrun for dataset_s3_bucket_producer to None, run_after=None
[2025-05-24T18:25:40.847+0000] {processor.py:208} INFO - Processing /home/airflow/.local/lib/python3.12/site-packages/airflow/example_dags/example_dataset_alias.py took 0.490 seconds
[2025-05-24T18:26:11.594+0000] {processor.py:186} INFO - Started process (PID=420) to work on /home/airflow/.local/lib/python3.12/site-packages/airflow/example_dags/example_dataset_alias.py
[2025-05-24T18:26:11.595+0000] {processor.py:914} INFO - Processing file /home/airflow/.local/lib/python3.12/site-packages/airflow/example_dags/example_dataset_alias.py for tasks to queue
[2025-05-24T18:26:11.597+0000] {logging_mixin.py:190} INFO - [2025-05-24T18:26:11.597+0000] {dagbag.py:588} INFO - Filling up the DagBag from /home/airflow/.local/lib/python3.12/site-packages/airflow/example_dags/example_dataset_alias.py
[2025-05-24T18:26:12.037+0000] {processor.py:925} INFO - DAG(s) 'dataset_alias_example_alias_producer', 'dataset_alias_example_alias_consumer', 'dataset_s3_bucket_producer', 'dataset_s3_bucket_consumer' retrieved from /home/airflow/.local/lib/python3.12/site-packages/airflow/example_dags/example_dataset_alias.py
[2025-05-24T18:26:12.051+0000] {logging_mixin.py:190} INFO - [2025-05-24T18:26:12.051+0000] {dag.py:3239} INFO - Sync 4 DAGs
[2025-05-24T18:26:12.070+0000] {logging_mixin.py:190} INFO - [2025-05-24T18:26:12.069+0000] {dag.py:4180} INFO - Setting next_dagrun for dataset_alias_example_alias_consumer to None, run_after=None
[2025-05-24T18:26:12.076+0000] {logging_mixin.py:190} INFO - [2025-05-24T18:26:12.076+0000] {dag.py:4180} INFO - Setting next_dagrun for dataset_alias_example_alias_producer to None, run_after=None
[2025-05-24T18:26:12.079+0000] {logging_mixin.py:190} INFO - [2025-05-24T18:26:12.079+0000] {dag.py:4180} INFO - Setting next_dagrun for dataset_s3_bucket_consumer to None, run_after=None
[2025-05-24T18:26:12.081+0000] {logging_mixin.py:190} INFO - [2025-05-24T18:26:12.081+0000] {dag.py:4180} INFO - Setting next_dagrun for dataset_s3_bucket_producer to None, run_after=None
[2025-05-24T18:26:12.100+0000] {processor.py:208} INFO - Processing /home/airflow/.local/lib/python3.12/site-packages/airflow/example_dags/example_dataset_alias.py took 0.510 seconds
[2025-05-24T18:26:42.409+0000] {processor.py:186} INFO - Started process (PID=484) to work on /home/airflow/.local/lib/python3.12/site-packages/airflow/example_dags/example_dataset_alias.py
[2025-05-24T18:26:42.410+0000] {processor.py:914} INFO - Processing file /home/airflow/.local/lib/python3.12/site-packages/airflow/example_dags/example_dataset_alias.py for tasks to queue
[2025-05-24T18:26:42.411+0000] {logging_mixin.py:190} INFO - [2025-05-24T18:26:42.411+0000] {dagbag.py:588} INFO - Filling up the DagBag from /home/airflow/.local/lib/python3.12/site-packages/airflow/example_dags/example_dataset_alias.py
[2025-05-24T18:26:42.773+0000] {processor.py:925} INFO - DAG(s) 'dataset_s3_bucket_producer', 'dataset_s3_bucket_consumer', 'dataset_alias_example_alias_consumer', 'dataset_alias_example_alias_producer' retrieved from /home/airflow/.local/lib/python3.12/site-packages/airflow/example_dags/example_dataset_alias.py
[2025-05-24T18:26:42.784+0000] {logging_mixin.py:190} INFO - [2025-05-24T18:26:42.783+0000] {dag.py:3239} INFO - Sync 4 DAGs
[2025-05-24T18:26:42.794+0000] {logging_mixin.py:190} INFO - [2025-05-24T18:26:42.794+0000] {dag.py:4180} INFO - Setting next_dagrun for dataset_alias_example_alias_consumer to None, run_after=None
[2025-05-24T18:26:42.795+0000] {logging_mixin.py:190} INFO - [2025-05-24T18:26:42.795+0000] {dag.py:4180} INFO - Setting next_dagrun for dataset_alias_example_alias_producer to None, run_after=None
[2025-05-24T18:26:42.796+0000] {logging_mixin.py:190} INFO - [2025-05-24T18:26:42.796+0000] {dag.py:4180} INFO - Setting next_dagrun for dataset_s3_bucket_consumer to None, run_after=None
[2025-05-24T18:26:42.797+0000] {logging_mixin.py:190} INFO - [2025-05-24T18:26:42.797+0000] {dag.py:4180} INFO - Setting next_dagrun for dataset_s3_bucket_producer to None, run_after=None
[2025-05-24T18:26:42.807+0000] {processor.py:208} INFO - Processing /home/airflow/.local/lib/python3.12/site-packages/airflow/example_dags/example_dataset_alias.py took 0.402 seconds
[2025-05-24T18:27:13.388+0000] {processor.py:186} INFO - Started process (PID=548) to work on /home/airflow/.local/lib/python3.12/site-packages/airflow/example_dags/example_dataset_alias.py
[2025-05-24T18:27:13.390+0000] {processor.py:914} INFO - Processing file /home/airflow/.local/lib/python3.12/site-packages/airflow/example_dags/example_dataset_alias.py for tasks to queue
[2025-05-24T18:27:13.393+0000] {logging_mixin.py:190} INFO - [2025-05-24T18:27:13.393+0000] {dagbag.py:588} INFO - Filling up the DagBag from /home/airflow/.local/lib/python3.12/site-packages/airflow/example_dags/example_dataset_alias.py
[2025-05-24T18:27:14.534+0000] {processor.py:925} INFO - DAG(s) 'dataset_s3_bucket_producer', 'dataset_s3_bucket_consumer', 'dataset_alias_example_alias_consumer', 'dataset_alias_example_alias_producer' retrieved from /home/airflow/.local/lib/python3.12/site-packages/airflow/example_dags/example_dataset_alias.py
[2025-05-24T18:27:14.571+0000] {logging_mixin.py:190} INFO - [2025-05-24T18:27:14.570+0000] {dag.py:3239} INFO - Sync 4 DAGs
[2025-05-24T18:27:14.617+0000] {logging_mixin.py:190} INFO - [2025-05-24T18:27:14.617+0000] {dag.py:4180} INFO - Setting next_dagrun for dataset_alias_example_alias_consumer to None, run_after=None
[2025-05-24T18:27:14.622+0000] {logging_mixin.py:190} INFO - [2025-05-24T18:27:14.622+0000] {dag.py:4180} INFO - Setting next_dagrun for dataset_alias_example_alias_producer to None, run_after=None
[2025-05-24T18:27:14.623+0000] {logging_mixin.py:190} INFO - [2025-05-24T18:27:14.623+0000] {dag.py:4180} INFO - Setting next_dagrun for dataset_s3_bucket_consumer to None, run_after=None
[2025-05-24T18:27:14.624+0000] {logging_mixin.py:190} INFO - [2025-05-24T18:27:14.624+0000] {dag.py:4180} INFO - Setting next_dagrun for dataset_s3_bucket_producer to None, run_after=None
[2025-05-24T18:27:14.644+0000] {processor.py:208} INFO - Processing /home/airflow/.local/lib/python3.12/site-packages/airflow/example_dags/example_dataset_alias.py took 1.276 seconds
[2025-05-24T18:27:45.236+0000] {processor.py:186} INFO - Started process (PID=612) to work on /home/airflow/.local/lib/python3.12/site-packages/airflow/example_dags/example_dataset_alias.py
[2025-05-24T18:27:45.238+0000] {processor.py:914} INFO - Processing file /home/airflow/.local/lib/python3.12/site-packages/airflow/example_dags/example_dataset_alias.py for tasks to queue
[2025-05-24T18:27:45.241+0000] {logging_mixin.py:190} INFO - [2025-05-24T18:27:45.241+0000] {dagbag.py:588} INFO - Filling up the DagBag from /home/airflow/.local/lib/python3.12/site-packages/airflow/example_dags/example_dataset_alias.py
[2025-05-24T18:27:45.675+0000] {processor.py:925} INFO - DAG(s) 'dataset_alias_example_alias_producer', 'dataset_alias_example_alias_consumer', 'dataset_s3_bucket_producer', 'dataset_s3_bucket_consumer' retrieved from /home/airflow/.local/lib/python3.12/site-packages/airflow/example_dags/example_dataset_alias.py
[2025-05-24T18:27:45.686+0000] {logging_mixin.py:190} INFO - [2025-05-24T18:27:45.685+0000] {dag.py:3239} INFO - Sync 4 DAGs
[2025-05-24T18:27:45.708+0000] {logging_mixin.py:190} INFO - [2025-05-24T18:27:45.708+0000] {dag.py:4180} INFO - Setting next_dagrun for dataset_alias_example_alias_consumer to None, run_after=None
[2025-05-24T18:27:45.711+0000] {logging_mixin.py:190} INFO - [2025-05-24T18:27:45.711+0000] {dag.py:4180} INFO - Setting next_dagrun for dataset_alias_example_alias_producer to None, run_after=None
[2025-05-24T18:27:45.712+0000] {logging_mixin.py:190} INFO - [2025-05-24T18:27:45.712+0000] {dag.py:4180} INFO - Setting next_dagrun for dataset_s3_bucket_consumer to None, run_after=None
[2025-05-24T18:27:45.714+0000] {logging_mixin.py:190} INFO - [2025-05-24T18:27:45.714+0000] {dag.py:4180} INFO - Setting next_dagrun for dataset_s3_bucket_producer to None, run_after=None
[2025-05-24T18:27:45.738+0000] {processor.py:208} INFO - Processing /home/airflow/.local/lib/python3.12/site-packages/airflow/example_dags/example_dataset_alias.py took 0.523 seconds
[2025-05-24T18:28:15.872+0000] {processor.py:186} INFO - Started process (PID=675) to work on /home/airflow/.local/lib/python3.12/site-packages/airflow/example_dags/example_dataset_alias.py
[2025-05-24T18:28:15.873+0000] {processor.py:914} INFO - Processing file /home/airflow/.local/lib/python3.12/site-packages/airflow/example_dags/example_dataset_alias.py for tasks to queue
[2025-05-24T18:28:15.876+0000] {logging_mixin.py:190} INFO - [2025-05-24T18:28:15.875+0000] {dagbag.py:588} INFO - Filling up the DagBag from /home/airflow/.local/lib/python3.12/site-packages/airflow/example_dags/example_dataset_alias.py
[2025-05-24T18:28:16.402+0000] {processor.py:925} INFO - DAG(s) 'dataset_alias_example_alias_consumer', 'dataset_s3_bucket_producer', 'dataset_s3_bucket_consumer', 'dataset_alias_example_alias_producer' retrieved from /home/airflow/.local/lib/python3.12/site-packages/airflow/example_dags/example_dataset_alias.py
[2025-05-24T18:28:16.414+0000] {logging_mixin.py:190} INFO - [2025-05-24T18:28:16.413+0000] {dag.py:3239} INFO - Sync 4 DAGs
[2025-05-24T18:28:16.428+0000] {logging_mixin.py:190} INFO - [2025-05-24T18:28:16.428+0000] {dag.py:4180} INFO - Setting next_dagrun for dataset_alias_example_alias_consumer to None, run_after=None
[2025-05-24T18:28:16.429+0000] {logging_mixin.py:190} INFO - [2025-05-24T18:28:16.429+0000] {dag.py:4180} INFO - Setting next_dagrun for dataset_alias_example_alias_producer to None, run_after=None
[2025-05-24T18:28:16.430+0000] {logging_mixin.py:190} INFO - [2025-05-24T18:28:16.430+0000] {dag.py:4180} INFO - Setting next_dagrun for dataset_s3_bucket_consumer to None, run_after=None
[2025-05-24T18:28:16.430+0000] {logging_mixin.py:190} INFO - [2025-05-24T18:28:16.430+0000] {dag.py:4180} INFO - Setting next_dagrun for dataset_s3_bucket_producer to None, run_after=None
[2025-05-24T18:28:16.441+0000] {processor.py:208} INFO - Processing /home/airflow/.local/lib/python3.12/site-packages/airflow/example_dags/example_dataset_alias.py took 0.577 seconds
[2025-05-24T18:28:47.053+0000] {processor.py:186} INFO - Started process (PID=739) to work on /home/airflow/.local/lib/python3.12/site-packages/airflow/example_dags/example_dataset_alias.py
[2025-05-24T18:28:47.055+0000] {processor.py:914} INFO - Processing file /home/airflow/.local/lib/python3.12/site-packages/airflow/example_dags/example_dataset_alias.py for tasks to queue
[2025-05-24T18:28:47.058+0000] {logging_mixin.py:190} INFO - [2025-05-24T18:28:47.058+0000] {dagbag.py:588} INFO - Filling up the DagBag from /home/airflow/.local/lib/python3.12/site-packages/airflow/example_dags/example_dataset_alias.py
[2025-05-24T18:28:48.027+0000] {processor.py:925} INFO - DAG(s) 'dataset_s3_bucket_producer', 'dataset_alias_example_alias_producer', 'dataset_alias_example_alias_consumer', 'dataset_s3_bucket_consumer' retrieved from /home/airflow/.local/lib/python3.12/site-packages/airflow/example_dags/example_dataset_alias.py
[2025-05-24T18:28:48.041+0000] {logging_mixin.py:190} INFO - [2025-05-24T18:28:48.040+0000] {dag.py:3239} INFO - Sync 4 DAGs
[2025-05-24T18:28:48.061+0000] {logging_mixin.py:190} INFO - [2025-05-24T18:28:48.061+0000] {dag.py:4180} INFO - Setting next_dagrun for dataset_alias_example_alias_consumer to None, run_after=None
[2025-05-24T18:28:48.063+0000] {logging_mixin.py:190} INFO - [2025-05-24T18:28:48.063+0000] {dag.py:4180} INFO - Setting next_dagrun for dataset_alias_example_alias_producer to None, run_after=None
[2025-05-24T18:28:48.064+0000] {logging_mixin.py:190} INFO - [2025-05-24T18:28:48.064+0000] {dag.py:4180} INFO - Setting next_dagrun for dataset_s3_bucket_consumer to None, run_after=None
[2025-05-24T18:28:48.065+0000] {logging_mixin.py:190} INFO - [2025-05-24T18:28:48.065+0000] {dag.py:4180} INFO - Setting next_dagrun for dataset_s3_bucket_producer to None, run_after=None
[2025-05-24T18:28:48.079+0000] {processor.py:208} INFO - Processing /home/airflow/.local/lib/python3.12/site-packages/airflow/example_dags/example_dataset_alias.py took 1.036 seconds
[2025-05-24T18:29:18.230+0000] {processor.py:186} INFO - Started process (PID=803) to work on /home/airflow/.local/lib/python3.12/site-packages/airflow/example_dags/example_dataset_alias.py
[2025-05-24T18:29:18.232+0000] {processor.py:914} INFO - Processing file /home/airflow/.local/lib/python3.12/site-packages/airflow/example_dags/example_dataset_alias.py for tasks to queue
[2025-05-24T18:29:18.237+0000] {logging_mixin.py:190} INFO - [2025-05-24T18:29:18.236+0000] {dagbag.py:588} INFO - Filling up the DagBag from /home/airflow/.local/lib/python3.12/site-packages/airflow/example_dags/example_dataset_alias.py
[2025-05-24T18:29:18.760+0000] {processor.py:925} INFO - DAG(s) 'dataset_s3_bucket_consumer', 'dataset_s3_bucket_producer', 'dataset_alias_example_alias_producer', 'dataset_alias_example_alias_consumer' retrieved from /home/airflow/.local/lib/python3.12/site-packages/airflow/example_dags/example_dataset_alias.py
[2025-05-24T18:29:18.784+0000] {logging_mixin.py:190} INFO - [2025-05-24T18:29:18.783+0000] {dag.py:3239} INFO - Sync 4 DAGs
[2025-05-24T18:29:18.809+0000] {logging_mixin.py:190} INFO - [2025-05-24T18:29:18.809+0000] {dag.py:4180} INFO - Setting next_dagrun for dataset_alias_example_alias_consumer to None, run_after=None
[2025-05-24T18:29:18.811+0000] {logging_mixin.py:190} INFO - [2025-05-24T18:29:18.811+0000] {dag.py:4180} INFO - Setting next_dagrun for dataset_alias_example_alias_producer to None, run_after=None
[2025-05-24T18:29:18.812+0000] {logging_mixin.py:190} INFO - [2025-05-24T18:29:18.812+0000] {dag.py:4180} INFO - Setting next_dagrun for dataset_s3_bucket_consumer to None, run_after=None
[2025-05-24T18:29:18.813+0000] {logging_mixin.py:190} INFO - [2025-05-24T18:29:18.813+0000] {dag.py:4180} INFO - Setting next_dagrun for dataset_s3_bucket_producer to None, run_after=None
[2025-05-24T18:29:18.832+0000] {processor.py:208} INFO - Processing /home/airflow/.local/lib/python3.12/site-packages/airflow/example_dags/example_dataset_alias.py took 0.610 seconds
[2025-05-24T18:29:48.928+0000] {processor.py:186} INFO - Started process (PID=867) to work on /home/airflow/.local/lib/python3.12/site-packages/airflow/example_dags/example_dataset_alias.py
[2025-05-24T18:29:48.929+0000] {processor.py:914} INFO - Processing file /home/airflow/.local/lib/python3.12/site-packages/airflow/example_dags/example_dataset_alias.py for tasks to queue
[2025-05-24T18:29:48.930+0000] {logging_mixin.py:190} INFO - [2025-05-24T18:29:48.930+0000] {dagbag.py:588} INFO - Filling up the DagBag from /home/airflow/.local/lib/python3.12/site-packages/airflow/example_dags/example_dataset_alias.py
[2025-05-24T18:29:49.286+0000] {processor.py:925} INFO - DAG(s) 'dataset_s3_bucket_producer', 'dataset_alias_example_alias_consumer', 'dataset_s3_bucket_consumer', 'dataset_alias_example_alias_producer' retrieved from /home/airflow/.local/lib/python3.12/site-packages/airflow/example_dags/example_dataset_alias.py
[2025-05-24T18:29:49.296+0000] {logging_mixin.py:190} INFO - [2025-05-24T18:29:49.296+0000] {dag.py:3239} INFO - Sync 4 DAGs
[2025-05-24T18:29:49.307+0000] {logging_mixin.py:190} INFO - [2025-05-24T18:29:49.307+0000] {dag.py:4180} INFO - Setting next_dagrun for dataset_alias_example_alias_consumer to None, run_after=None
[2025-05-24T18:29:49.308+0000] {logging_mixin.py:190} INFO - [2025-05-24T18:29:49.308+0000] {dag.py:4180} INFO - Setting next_dagrun for dataset_alias_example_alias_producer to None, run_after=None
[2025-05-24T18:29:49.309+0000] {logging_mixin.py:190} INFO - [2025-05-24T18:29:49.309+0000] {dag.py:4180} INFO - Setting next_dagrun for dataset_s3_bucket_consumer to None, run_after=None
[2025-05-24T18:29:49.310+0000] {logging_mixin.py:190} INFO - [2025-05-24T18:29:49.309+0000] {dag.py:4180} INFO - Setting next_dagrun for dataset_s3_bucket_producer to None, run_after=None
[2025-05-24T18:29:49.320+0000] {processor.py:208} INFO - Processing /home/airflow/.local/lib/python3.12/site-packages/airflow/example_dags/example_dataset_alias.py took 0.397 seconds
[2025-05-24T18:30:19.671+0000] {processor.py:186} INFO - Started process (PID=931) to work on /home/airflow/.local/lib/python3.12/site-packages/airflow/example_dags/example_dataset_alias.py
[2025-05-24T18:30:19.673+0000] {processor.py:914} INFO - Processing file /home/airflow/.local/lib/python3.12/site-packages/airflow/example_dags/example_dataset_alias.py for tasks to queue
[2025-05-24T18:30:19.674+0000] {logging_mixin.py:190} INFO - [2025-05-24T18:30:19.674+0000] {dagbag.py:588} INFO - Filling up the DagBag from /home/airflow/.local/lib/python3.12/site-packages/airflow/example_dags/example_dataset_alias.py
[2025-05-24T18:30:20.042+0000] {processor.py:925} INFO - DAG(s) 'dataset_alias_example_alias_consumer', 'dataset_s3_bucket_consumer', 'dataset_s3_bucket_producer', 'dataset_alias_example_alias_producer' retrieved from /home/airflow/.local/lib/python3.12/site-packages/airflow/example_dags/example_dataset_alias.py
[2025-05-24T18:30:20.054+0000] {logging_mixin.py:190} INFO - [2025-05-24T18:30:20.054+0000] {dag.py:3239} INFO - Sync 4 DAGs
[2025-05-24T18:30:20.071+0000] {logging_mixin.py:190} INFO - [2025-05-24T18:30:20.071+0000] {dag.py:4180} INFO - Setting next_dagrun for dataset_alias_example_alias_consumer to None, run_after=None
[2025-05-24T18:30:20.073+0000] {logging_mixin.py:190} INFO - [2025-05-24T18:30:20.073+0000] {dag.py:4180} INFO - Setting next_dagrun for dataset_alias_example_alias_producer to None, run_after=None
[2025-05-24T18:30:20.075+0000] {logging_mixin.py:190} INFO - [2025-05-24T18:30:20.075+0000] {dag.py:4180} INFO - Setting next_dagrun for dataset_s3_bucket_consumer to None, run_after=None
[2025-05-24T18:30:20.076+0000] {logging_mixin.py:190} INFO - [2025-05-24T18:30:20.076+0000] {dag.py:4180} INFO - Setting next_dagrun for dataset_s3_bucket_producer to None, run_after=None
[2025-05-24T18:30:20.093+0000] {processor.py:208} INFO - Processing /home/airflow/.local/lib/python3.12/site-packages/airflow/example_dags/example_dataset_alias.py took 0.425 seconds
[2025-05-24T18:30:51.056+0000] {processor.py:186} INFO - Started process (PID=995) to work on /home/airflow/.local/lib/python3.12/site-packages/airflow/example_dags/example_dataset_alias.py
[2025-05-24T18:30:51.056+0000] {processor.py:914} INFO - Processing file /home/airflow/.local/lib/python3.12/site-packages/airflow/example_dags/example_dataset_alias.py for tasks to queue
[2025-05-24T18:30:51.058+0000] {logging_mixin.py:190} INFO - [2025-05-24T18:30:51.058+0000] {dagbag.py:588} INFO - Filling up the DagBag from /home/airflow/.local/lib/python3.12/site-packages/airflow/example_dags/example_dataset_alias.py
[2025-05-24T18:30:51.399+0000] {processor.py:925} INFO - DAG(s) 'dataset_s3_bucket_consumer', 'dataset_alias_example_alias_producer', 'dataset_alias_example_alias_consumer', 'dataset_s3_bucket_producer' retrieved from /home/airflow/.local/lib/python3.12/site-packages/airflow/example_dags/example_dataset_alias.py
[2025-05-24T18:30:51.409+0000] {logging_mixin.py:190} INFO - [2025-05-24T18:30:51.409+0000] {dag.py:3239} INFO - Sync 4 DAGs
[2025-05-24T18:30:51.422+0000] {logging_mixin.py:190} INFO - [2025-05-24T18:30:51.422+0000] {dag.py:4180} INFO - Setting next_dagrun for dataset_alias_example_alias_consumer to None, run_after=None
[2025-05-24T18:30:51.423+0000] {logging_mixin.py:190} INFO - [2025-05-24T18:30:51.423+0000] {dag.py:4180} INFO - Setting next_dagrun for dataset_alias_example_alias_producer to None, run_after=None
[2025-05-24T18:30:51.424+0000] {logging_mixin.py:190} INFO - [2025-05-24T18:30:51.424+0000] {dag.py:4180} INFO - Setting next_dagrun for dataset_s3_bucket_consumer to None, run_after=None
[2025-05-24T18:30:51.424+0000] {logging_mixin.py:190} INFO - [2025-05-24T18:30:51.424+0000] {dag.py:4180} INFO - Setting next_dagrun for dataset_s3_bucket_producer to None, run_after=None
[2025-05-24T18:30:51.435+0000] {processor.py:208} INFO - Processing /home/airflow/.local/lib/python3.12/site-packages/airflow/example_dags/example_dataset_alias.py took 0.383 seconds
[2025-05-24T18:31:22.609+0000] {processor.py:186} INFO - Started process (PID=1059) to work on /home/airflow/.local/lib/python3.12/site-packages/airflow/example_dags/example_dataset_alias.py
[2025-05-24T18:31:22.610+0000] {processor.py:914} INFO - Processing file /home/airflow/.local/lib/python3.12/site-packages/airflow/example_dags/example_dataset_alias.py for tasks to queue
[2025-05-24T18:31:22.612+0000] {logging_mixin.py:190} INFO - [2025-05-24T18:31:22.612+0000] {dagbag.py:588} INFO - Filling up the DagBag from /home/airflow/.local/lib/python3.12/site-packages/airflow/example_dags/example_dataset_alias.py
[2025-05-24T18:31:22.975+0000] {processor.py:925} INFO - DAG(s) 'dataset_alias_example_alias_producer', 'dataset_alias_example_alias_consumer', 'dataset_s3_bucket_consumer', 'dataset_s3_bucket_producer' retrieved from /home/airflow/.local/lib/python3.12/site-packages/airflow/example_dags/example_dataset_alias.py
[2025-05-24T18:31:22.986+0000] {logging_mixin.py:190} INFO - [2025-05-24T18:31:22.985+0000] {dag.py:3239} INFO - Sync 4 DAGs
[2025-05-24T18:31:22.998+0000] {logging_mixin.py:190} INFO - [2025-05-24T18:31:22.998+0000] {dag.py:4180} INFO - Setting next_dagrun for dataset_alias_example_alias_consumer to None, run_after=None
[2025-05-24T18:31:23.003+0000] {logging_mixin.py:190} INFO - [2025-05-24T18:31:23.003+0000] {dag.py:4180} INFO - Setting next_dagrun for dataset_alias_example_alias_producer to None, run_after=None
[2025-05-24T18:31:23.004+0000] {logging_mixin.py:190} INFO - [2025-05-24T18:31:23.004+0000] {dag.py:4180} INFO - Setting next_dagrun for dataset_s3_bucket_consumer to None, run_after=None
[2025-05-24T18:31:23.009+0000] {logging_mixin.py:190} INFO - [2025-05-24T18:31:23.009+0000] {dag.py:4180} INFO - Setting next_dagrun for dataset_s3_bucket_producer to None, run_after=None
[2025-05-24T18:31:23.019+0000] {processor.py:208} INFO - Processing /home/airflow/.local/lib/python3.12/site-packages/airflow/example_dags/example_dataset_alias.py took 0.416 seconds
[2025-05-24T18:31:54.793+0000] {processor.py:186} INFO - Started process (PID=1123) to work on /home/airflow/.local/lib/python3.12/site-packages/airflow/example_dags/example_dataset_alias.py
[2025-05-24T18:31:54.794+0000] {processor.py:914} INFO - Processing file /home/airflow/.local/lib/python3.12/site-packages/airflow/example_dags/example_dataset_alias.py for tasks to queue
[2025-05-24T18:31:54.797+0000] {logging_mixin.py:190} INFO - [2025-05-24T18:31:54.797+0000] {dagbag.py:588} INFO - Filling up the DagBag from /home/airflow/.local/lib/python3.12/site-packages/airflow/example_dags/example_dataset_alias.py
[2025-05-24T18:31:55.389+0000] {processor.py:925} INFO - DAG(s) 'dataset_alias_example_alias_consumer', 'dataset_s3_bucket_consumer', 'dataset_s3_bucket_producer', 'dataset_alias_example_alias_producer' retrieved from /home/airflow/.local/lib/python3.12/site-packages/airflow/example_dags/example_dataset_alias.py
[2025-05-24T18:31:55.408+0000] {logging_mixin.py:190} INFO - [2025-05-24T18:31:55.407+0000] {dag.py:3239} INFO - Sync 4 DAGs
[2025-05-24T18:31:55.434+0000] {logging_mixin.py:190} INFO - [2025-05-24T18:31:55.434+0000] {dag.py:4180} INFO - Setting next_dagrun for dataset_alias_example_alias_consumer to None, run_after=None
[2025-05-24T18:31:55.435+0000] {logging_mixin.py:190} INFO - [2025-05-24T18:31:55.435+0000] {dag.py:4180} INFO - Setting next_dagrun for dataset_alias_example_alias_producer to None, run_after=None
[2025-05-24T18:31:55.436+0000] {logging_mixin.py:190} INFO - [2025-05-24T18:31:55.436+0000] {dag.py:4180} INFO - Setting next_dagrun for dataset_s3_bucket_consumer to None, run_after=None
[2025-05-24T18:31:55.437+0000] {logging_mixin.py:190} INFO - [2025-05-24T18:31:55.437+0000] {dag.py:4180} INFO - Setting next_dagrun for dataset_s3_bucket_producer to None, run_after=None
[2025-05-24T18:31:55.449+0000] {processor.py:208} INFO - Processing /home/airflow/.local/lib/python3.12/site-packages/airflow/example_dags/example_dataset_alias.py took 0.662 seconds
[2025-05-24T18:32:26.046+0000] {processor.py:186} INFO - Started process (PID=1192) to work on /home/airflow/.local/lib/python3.12/site-packages/airflow/example_dags/example_dataset_alias.py
[2025-05-24T18:32:26.047+0000] {processor.py:914} INFO - Processing file /home/airflow/.local/lib/python3.12/site-packages/airflow/example_dags/example_dataset_alias.py for tasks to queue
[2025-05-24T18:32:26.048+0000] {logging_mixin.py:190} INFO - [2025-05-24T18:32:26.048+0000] {dagbag.py:588} INFO - Filling up the DagBag from /home/airflow/.local/lib/python3.12/site-packages/airflow/example_dags/example_dataset_alias.py
[2025-05-24T18:32:26.358+0000] {processor.py:925} INFO - DAG(s) 'dataset_alias_example_alias_producer', 'dataset_alias_example_alias_consumer', 'dataset_s3_bucket_consumer', 'dataset_s3_bucket_producer' retrieved from /home/airflow/.local/lib/python3.12/site-packages/airflow/example_dags/example_dataset_alias.py
[2025-05-24T18:32:26.369+0000] {logging_mixin.py:190} INFO - [2025-05-24T18:32:26.369+0000] {dag.py:3239} INFO - Sync 4 DAGs
[2025-05-24T18:32:26.379+0000] {logging_mixin.py:190} INFO - [2025-05-24T18:32:26.378+0000] {dag.py:4180} INFO - Setting next_dagrun for dataset_alias_example_alias_consumer to None, run_after=None
[2025-05-24T18:32:26.380+0000] {logging_mixin.py:190} INFO - [2025-05-24T18:32:26.380+0000] {dag.py:4180} INFO - Setting next_dagrun for dataset_alias_example_alias_producer to None, run_after=None
[2025-05-24T18:32:26.382+0000] {logging_mixin.py:190} INFO - [2025-05-24T18:32:26.382+0000] {dag.py:4180} INFO - Setting next_dagrun for dataset_s3_bucket_consumer to None, run_after=None
[2025-05-24T18:32:26.382+0000] {logging_mixin.py:190} INFO - [2025-05-24T18:32:26.382+0000] {dag.py:4180} INFO - Setting next_dagrun for dataset_s3_bucket_producer to None, run_after=None
[2025-05-24T18:32:26.392+0000] {processor.py:208} INFO - Processing /home/airflow/.local/lib/python3.12/site-packages/airflow/example_dags/example_dataset_alias.py took 0.349 seconds
[2025-05-24T18:32:57.186+0000] {processor.py:186} INFO - Started process (PID=1258) to work on /home/airflow/.local/lib/python3.12/site-packages/airflow/example_dags/example_dataset_alias.py
[2025-05-24T18:32:57.186+0000] {processor.py:914} INFO - Processing file /home/airflow/.local/lib/python3.12/site-packages/airflow/example_dags/example_dataset_alias.py for tasks to queue
[2025-05-24T18:32:57.188+0000] {logging_mixin.py:190} INFO - [2025-05-24T18:32:57.188+0000] {dagbag.py:588} INFO - Filling up the DagBag from /home/airflow/.local/lib/python3.12/site-packages/airflow/example_dags/example_dataset_alias.py
[2025-05-24T18:32:57.516+0000] {processor.py:925} INFO - DAG(s) 'dataset_s3_bucket_producer', 'dataset_alias_example_alias_consumer', 'dataset_alias_example_alias_producer', 'dataset_s3_bucket_consumer' retrieved from /home/airflow/.local/lib/python3.12/site-packages/airflow/example_dags/example_dataset_alias.py
[2025-05-24T18:32:57.525+0000] {logging_mixin.py:190} INFO - [2025-05-24T18:32:57.524+0000] {dag.py:3239} INFO - Sync 4 DAGs
[2025-05-24T18:32:57.534+0000] {logging_mixin.py:190} INFO - [2025-05-24T18:32:57.534+0000] {dag.py:4180} INFO - Setting next_dagrun for dataset_alias_example_alias_consumer to None, run_after=None
[2025-05-24T18:32:57.537+0000] {logging_mixin.py:190} INFO - [2025-05-24T18:32:57.536+0000] {dag.py:4180} INFO - Setting next_dagrun for dataset_alias_example_alias_producer to None, run_after=None
[2025-05-24T18:32:57.541+0000] {logging_mixin.py:190} INFO - [2025-05-24T18:32:57.541+0000] {dag.py:4180} INFO - Setting next_dagrun for dataset_s3_bucket_consumer to None, run_after=None
[2025-05-24T18:32:57.541+0000] {logging_mixin.py:190} INFO - [2025-05-24T18:32:57.541+0000] {dag.py:4180} INFO - Setting next_dagrun for dataset_s3_bucket_producer to None, run_after=None
[2025-05-24T18:32:57.554+0000] {processor.py:208} INFO - Processing /home/airflow/.local/lib/python3.12/site-packages/airflow/example_dags/example_dataset_alias.py took 0.373 seconds
[2025-05-24T18:33:28.264+0000] {processor.py:186} INFO - Started process (PID=1322) to work on /home/airflow/.local/lib/python3.12/site-packages/airflow/example_dags/example_dataset_alias.py
[2025-05-24T18:33:28.265+0000] {processor.py:914} INFO - Processing file /home/airflow/.local/lib/python3.12/site-packages/airflow/example_dags/example_dataset_alias.py for tasks to queue
[2025-05-24T18:33:28.266+0000] {logging_mixin.py:190} INFO - [2025-05-24T18:33:28.266+0000] {dagbag.py:588} INFO - Filling up the DagBag from /home/airflow/.local/lib/python3.12/site-packages/airflow/example_dags/example_dataset_alias.py
[2025-05-24T18:33:28.621+0000] {processor.py:925} INFO - DAG(s) 'dataset_s3_bucket_consumer', 'dataset_s3_bucket_producer', 'dataset_alias_example_alias_consumer', 'dataset_alias_example_alias_producer' retrieved from /home/airflow/.local/lib/python3.12/site-packages/airflow/example_dags/example_dataset_alias.py
[2025-05-24T18:33:28.631+0000] {logging_mixin.py:190} INFO - [2025-05-24T18:33:28.631+0000] {dag.py:3239} INFO - Sync 4 DAGs
[2025-05-24T18:33:28.642+0000] {logging_mixin.py:190} INFO - [2025-05-24T18:33:28.642+0000] {dag.py:4180} INFO - Setting next_dagrun for dataset_alias_example_alias_consumer to None, run_after=None
[2025-05-24T18:33:28.643+0000] {logging_mixin.py:190} INFO - [2025-05-24T18:33:28.643+0000] {dag.py:4180} INFO - Setting next_dagrun for dataset_alias_example_alias_producer to None, run_after=None
[2025-05-24T18:33:28.644+0000] {logging_mixin.py:190} INFO - [2025-05-24T18:33:28.644+0000] {dag.py:4180} INFO - Setting next_dagrun for dataset_s3_bucket_consumer to None, run_after=None
[2025-05-24T18:33:28.645+0000] {logging_mixin.py:190} INFO - [2025-05-24T18:33:28.644+0000] {dag.py:4180} INFO - Setting next_dagrun for dataset_s3_bucket_producer to None, run_after=None
[2025-05-24T18:33:28.655+0000] {processor.py:208} INFO - Processing /home/airflow/.local/lib/python3.12/site-packages/airflow/example_dags/example_dataset_alias.py took 0.395 seconds
[2025-05-24T18:33:59.879+0000] {processor.py:186} INFO - Started process (PID=1393) to work on /home/airflow/.local/lib/python3.12/site-packages/airflow/example_dags/example_dataset_alias.py
[2025-05-24T18:33:59.880+0000] {processor.py:914} INFO - Processing file /home/airflow/.local/lib/python3.12/site-packages/airflow/example_dags/example_dataset_alias.py for tasks to queue
[2025-05-24T18:33:59.881+0000] {logging_mixin.py:190} INFO - [2025-05-24T18:33:59.881+0000] {dagbag.py:588} INFO - Filling up the DagBag from /home/airflow/.local/lib/python3.12/site-packages/airflow/example_dags/example_dataset_alias.py
[2025-05-24T18:34:00.233+0000] {processor.py:925} INFO - DAG(s) 'dataset_alias_example_alias_consumer', 'dataset_alias_example_alias_producer', 'dataset_s3_bucket_consumer', 'dataset_s3_bucket_producer' retrieved from /home/airflow/.local/lib/python3.12/site-packages/airflow/example_dags/example_dataset_alias.py
[2025-05-24T18:34:00.241+0000] {logging_mixin.py:190} INFO - [2025-05-24T18:34:00.241+0000] {dag.py:3239} INFO - Sync 4 DAGs
[2025-05-24T18:34:00.250+0000] {logging_mixin.py:190} INFO - [2025-05-24T18:34:00.250+0000] {dag.py:4180} INFO - Setting next_dagrun for dataset_alias_example_alias_consumer to None, run_after=None
[2025-05-24T18:34:00.251+0000] {logging_mixin.py:190} INFO - [2025-05-24T18:34:00.251+0000] {dag.py:4180} INFO - Setting next_dagrun for dataset_alias_example_alias_producer to None, run_after=None
[2025-05-24T18:34:00.252+0000] {logging_mixin.py:190} INFO - [2025-05-24T18:34:00.252+0000] {dag.py:4180} INFO - Setting next_dagrun for dataset_s3_bucket_consumer to None, run_after=None
[2025-05-24T18:34:00.253+0000] {logging_mixin.py:190} INFO - [2025-05-24T18:34:00.253+0000] {dag.py:4180} INFO - Setting next_dagrun for dataset_s3_bucket_producer to None, run_after=None
[2025-05-24T18:34:00.263+0000] {processor.py:208} INFO - Processing /home/airflow/.local/lib/python3.12/site-packages/airflow/example_dags/example_dataset_alias.py took 0.388 seconds
[2025-05-24T18:34:31.165+0000] {processor.py:186} INFO - Started process (PID=1458) to work on /home/airflow/.local/lib/python3.12/site-packages/airflow/example_dags/example_dataset_alias.py
[2025-05-24T18:34:31.166+0000] {processor.py:914} INFO - Processing file /home/airflow/.local/lib/python3.12/site-packages/airflow/example_dags/example_dataset_alias.py for tasks to queue
[2025-05-24T18:34:31.169+0000] {logging_mixin.py:190} INFO - [2025-05-24T18:34:31.168+0000] {dagbag.py:588} INFO - Filling up the DagBag from /home/airflow/.local/lib/python3.12/site-packages/airflow/example_dags/example_dataset_alias.py
[2025-05-24T18:34:31.501+0000] {processor.py:925} INFO - DAG(s) 'dataset_s3_bucket_consumer', 'dataset_s3_bucket_producer', 'dataset_alias_example_alias_producer', 'dataset_alias_example_alias_consumer' retrieved from /home/airflow/.local/lib/python3.12/site-packages/airflow/example_dags/example_dataset_alias.py
[2025-05-24T18:34:31.511+0000] {logging_mixin.py:190} INFO - [2025-05-24T18:34:31.510+0000] {dag.py:3239} INFO - Sync 4 DAGs
[2025-05-24T18:34:31.524+0000] {logging_mixin.py:190} INFO - [2025-05-24T18:34:31.523+0000] {dag.py:4180} INFO - Setting next_dagrun for dataset_alias_example_alias_consumer to None, run_after=None
[2025-05-24T18:34:31.525+0000] {logging_mixin.py:190} INFO - [2025-05-24T18:34:31.525+0000] {dag.py:4180} INFO - Setting next_dagrun for dataset_alias_example_alias_producer to None, run_after=None
[2025-05-24T18:34:31.526+0000] {logging_mixin.py:190} INFO - [2025-05-24T18:34:31.526+0000] {dag.py:4180} INFO - Setting next_dagrun for dataset_s3_bucket_consumer to None, run_after=None
[2025-05-24T18:34:31.526+0000] {logging_mixin.py:190} INFO - [2025-05-24T18:34:31.526+0000] {dag.py:4180} INFO - Setting next_dagrun for dataset_s3_bucket_producer to None, run_after=None
[2025-05-24T18:34:31.536+0000] {processor.py:208} INFO - Processing /home/airflow/.local/lib/python3.12/site-packages/airflow/example_dags/example_dataset_alias.py took 0.374 seconds
[2025-05-24T18:35:02.846+0000] {processor.py:186} INFO - Started process (PID=1510) to work on /home/airflow/.local/lib/python3.12/site-packages/airflow/example_dags/example_dataset_alias.py
[2025-05-24T18:35:02.847+0000] {processor.py:914} INFO - Processing file /home/airflow/.local/lib/python3.12/site-packages/airflow/example_dags/example_dataset_alias.py for tasks to queue
[2025-05-24T18:35:02.848+0000] {logging_mixin.py:190} INFO - [2025-05-24T18:35:02.848+0000] {dagbag.py:588} INFO - Filling up the DagBag from /home/airflow/.local/lib/python3.12/site-packages/airflow/example_dags/example_dataset_alias.py
[2025-05-24T18:35:03.189+0000] {processor.py:925} INFO - DAG(s) 'dataset_alias_example_alias_consumer', 'dataset_alias_example_alias_producer', 'dataset_s3_bucket_producer', 'dataset_s3_bucket_consumer' retrieved from /home/airflow/.local/lib/python3.12/site-packages/airflow/example_dags/example_dataset_alias.py
[2025-05-24T18:35:03.200+0000] {logging_mixin.py:190} INFO - [2025-05-24T18:35:03.200+0000] {dag.py:3239} INFO - Sync 4 DAGs
[2025-05-24T18:35:03.213+0000] {logging_mixin.py:190} INFO - [2025-05-24T18:35:03.212+0000] {dag.py:4180} INFO - Setting next_dagrun for dataset_alias_example_alias_consumer to None, run_after=None
[2025-05-24T18:35:03.214+0000] {logging_mixin.py:190} INFO - [2025-05-24T18:35:03.214+0000] {dag.py:4180} INFO - Setting next_dagrun for dataset_alias_example_alias_producer to None, run_after=None
[2025-05-24T18:35:03.216+0000] {logging_mixin.py:190} INFO - [2025-05-24T18:35:03.216+0000] {dag.py:4180} INFO - Setting next_dagrun for dataset_s3_bucket_consumer to None, run_after=None
[2025-05-24T18:35:03.218+0000] {logging_mixin.py:190} INFO - [2025-05-24T18:35:03.218+0000] {dag.py:4180} INFO - Setting next_dagrun for dataset_s3_bucket_producer to None, run_after=None
[2025-05-24T18:35:03.242+0000] {processor.py:208} INFO - Processing /home/airflow/.local/lib/python3.12/site-packages/airflow/example_dags/example_dataset_alias.py took 0.401 seconds
[2025-05-24T18:35:34.066+0000] {processor.py:186} INFO - Started process (PID=1576) to work on /home/airflow/.local/lib/python3.12/site-packages/airflow/example_dags/example_dataset_alias.py
[2025-05-24T18:35:34.067+0000] {processor.py:914} INFO - Processing file /home/airflow/.local/lib/python3.12/site-packages/airflow/example_dags/example_dataset_alias.py for tasks to queue
[2025-05-24T18:35:34.069+0000] {logging_mixin.py:190} INFO - [2025-05-24T18:35:34.069+0000] {dagbag.py:588} INFO - Filling up the DagBag from /home/airflow/.local/lib/python3.12/site-packages/airflow/example_dags/example_dataset_alias.py
[2025-05-24T18:35:34.482+0000] {processor.py:925} INFO - DAG(s) 'dataset_alias_example_alias_consumer', 'dataset_s3_bucket_producer', 'dataset_s3_bucket_consumer', 'dataset_alias_example_alias_producer' retrieved from /home/airflow/.local/lib/python3.12/site-packages/airflow/example_dags/example_dataset_alias.py
[2025-05-24T18:35:34.492+0000] {logging_mixin.py:190} INFO - [2025-05-24T18:35:34.491+0000] {dag.py:3239} INFO - Sync 4 DAGs
[2025-05-24T18:35:34.502+0000] {logging_mixin.py:190} INFO - [2025-05-24T18:35:34.502+0000] {dag.py:4180} INFO - Setting next_dagrun for dataset_alias_example_alias_consumer to None, run_after=None
[2025-05-24T18:35:34.503+0000] {logging_mixin.py:190} INFO - [2025-05-24T18:35:34.503+0000] {dag.py:4180} INFO - Setting next_dagrun for dataset_alias_example_alias_producer to None, run_after=None
[2025-05-24T18:35:34.504+0000] {logging_mixin.py:190} INFO - [2025-05-24T18:35:34.504+0000] {dag.py:4180} INFO - Setting next_dagrun for dataset_s3_bucket_consumer to None, run_after=None
[2025-05-24T18:35:34.504+0000] {logging_mixin.py:190} INFO - [2025-05-24T18:35:34.504+0000] {dag.py:4180} INFO - Setting next_dagrun for dataset_s3_bucket_producer to None, run_after=None
[2025-05-24T18:35:34.514+0000] {processor.py:208} INFO - Processing /home/airflow/.local/lib/python3.12/site-packages/airflow/example_dags/example_dataset_alias.py took 0.452 seconds
[2025-05-24T18:36:05.543+0000] {processor.py:186} INFO - Started process (PID=1646) to work on /home/airflow/.local/lib/python3.12/site-packages/airflow/example_dags/example_dataset_alias.py
[2025-05-24T18:36:05.544+0000] {processor.py:914} INFO - Processing file /home/airflow/.local/lib/python3.12/site-packages/airflow/example_dags/example_dataset_alias.py for tasks to queue
[2025-05-24T18:36:05.545+0000] {logging_mixin.py:190} INFO - [2025-05-24T18:36:05.545+0000] {dagbag.py:588} INFO - Filling up the DagBag from /home/airflow/.local/lib/python3.12/site-packages/airflow/example_dags/example_dataset_alias.py
[2025-05-24T18:36:05.919+0000] {processor.py:925} INFO - DAG(s) 'dataset_alias_example_alias_producer', 'dataset_alias_example_alias_consumer', 'dataset_s3_bucket_producer', 'dataset_s3_bucket_consumer' retrieved from /home/airflow/.local/lib/python3.12/site-packages/airflow/example_dags/example_dataset_alias.py
[2025-05-24T18:36:05.929+0000] {logging_mixin.py:190} INFO - [2025-05-24T18:36:05.928+0000] {dag.py:3239} INFO - Sync 4 DAGs
[2025-05-24T18:36:05.939+0000] {logging_mixin.py:190} INFO - [2025-05-24T18:36:05.939+0000] {dag.py:4180} INFO - Setting next_dagrun for dataset_alias_example_alias_consumer to None, run_after=None
[2025-05-24T18:36:05.941+0000] {logging_mixin.py:190} INFO - [2025-05-24T18:36:05.940+0000] {dag.py:4180} INFO - Setting next_dagrun for dataset_alias_example_alias_producer to None, run_after=None
[2025-05-24T18:36:05.942+0000] {logging_mixin.py:190} INFO - [2025-05-24T18:36:05.942+0000] {dag.py:4180} INFO - Setting next_dagrun for dataset_s3_bucket_consumer to None, run_after=None
[2025-05-24T18:36:05.943+0000] {logging_mixin.py:190} INFO - [2025-05-24T18:36:05.943+0000] {dag.py:4180} INFO - Setting next_dagrun for dataset_s3_bucket_producer to None, run_after=None
[2025-05-24T18:36:05.957+0000] {processor.py:208} INFO - Processing /home/airflow/.local/lib/python3.12/site-packages/airflow/example_dags/example_dataset_alias.py took 0.418 seconds
[2025-05-24T18:36:36.552+0000] {processor.py:186} INFO - Started process (PID=1709) to work on /home/airflow/.local/lib/python3.12/site-packages/airflow/example_dags/example_dataset_alias.py
[2025-05-24T18:36:36.553+0000] {processor.py:914} INFO - Processing file /home/airflow/.local/lib/python3.12/site-packages/airflow/example_dags/example_dataset_alias.py for tasks to queue
[2025-05-24T18:36:36.555+0000] {logging_mixin.py:190} INFO - [2025-05-24T18:36:36.554+0000] {dagbag.py:588} INFO - Filling up the DagBag from /home/airflow/.local/lib/python3.12/site-packages/airflow/example_dags/example_dataset_alias.py
[2025-05-24T18:36:36.931+0000] {processor.py:925} INFO - DAG(s) 'dataset_s3_bucket_consumer', 'dataset_alias_example_alias_consumer', 'dataset_alias_example_alias_producer', 'dataset_s3_bucket_producer' retrieved from /home/airflow/.local/lib/python3.12/site-packages/airflow/example_dags/example_dataset_alias.py
[2025-05-24T18:36:36.940+0000] {logging_mixin.py:190} INFO - [2025-05-24T18:36:36.940+0000] {dag.py:3239} INFO - Sync 4 DAGs
[2025-05-24T18:36:36.951+0000] {logging_mixin.py:190} INFO - [2025-05-24T18:36:36.950+0000] {dag.py:4180} INFO - Setting next_dagrun for dataset_alias_example_alias_consumer to None, run_after=None
[2025-05-24T18:36:36.952+0000] {logging_mixin.py:190} INFO - [2025-05-24T18:36:36.952+0000] {dag.py:4180} INFO - Setting next_dagrun for dataset_alias_example_alias_producer to None, run_after=None
[2025-05-24T18:36:36.953+0000] {logging_mixin.py:190} INFO - [2025-05-24T18:36:36.953+0000] {dag.py:4180} INFO - Setting next_dagrun for dataset_s3_bucket_consumer to None, run_after=None
[2025-05-24T18:36:36.953+0000] {logging_mixin.py:190} INFO - [2025-05-24T18:36:36.953+0000] {dag.py:4180} INFO - Setting next_dagrun for dataset_s3_bucket_producer to None, run_after=None
[2025-05-24T18:36:36.962+0000] {processor.py:208} INFO - Processing /home/airflow/.local/lib/python3.12/site-packages/airflow/example_dags/example_dataset_alias.py took 0.414 seconds
[2025-05-24T18:37:08.149+0000] {processor.py:186} INFO - Started process (PID=1772) to work on /home/airflow/.local/lib/python3.12/site-packages/airflow/example_dags/example_dataset_alias.py
[2025-05-24T18:37:08.150+0000] {processor.py:914} INFO - Processing file /home/airflow/.local/lib/python3.12/site-packages/airflow/example_dags/example_dataset_alias.py for tasks to queue
[2025-05-24T18:37:08.152+0000] {logging_mixin.py:190} INFO - [2025-05-24T18:37:08.152+0000] {dagbag.py:588} INFO - Filling up the DagBag from /home/airflow/.local/lib/python3.12/site-packages/airflow/example_dags/example_dataset_alias.py
[2025-05-24T18:37:08.555+0000] {processor.py:925} INFO - DAG(s) 'dataset_alias_example_alias_producer', 'dataset_s3_bucket_consumer', 'dataset_alias_example_alias_consumer', 'dataset_s3_bucket_producer' retrieved from /home/airflow/.local/lib/python3.12/site-packages/airflow/example_dags/example_dataset_alias.py
[2025-05-24T18:37:08.569+0000] {logging_mixin.py:190} INFO - [2025-05-24T18:37:08.568+0000] {dag.py:3239} INFO - Sync 4 DAGs
[2025-05-24T18:37:08.580+0000] {logging_mixin.py:190} INFO - [2025-05-24T18:37:08.580+0000] {dag.py:4180} INFO - Setting next_dagrun for dataset_alias_example_alias_consumer to None, run_after=None
[2025-05-24T18:37:08.582+0000] {logging_mixin.py:190} INFO - [2025-05-24T18:37:08.581+0000] {dag.py:4180} INFO - Setting next_dagrun for dataset_alias_example_alias_producer to None, run_after=None
[2025-05-24T18:37:08.582+0000] {logging_mixin.py:190} INFO - [2025-05-24T18:37:08.582+0000] {dag.py:4180} INFO - Setting next_dagrun for dataset_s3_bucket_consumer to None, run_after=None
[2025-05-24T18:37:08.583+0000] {logging_mixin.py:190} INFO - [2025-05-24T18:37:08.583+0000] {dag.py:4180} INFO - Setting next_dagrun for dataset_s3_bucket_producer to None, run_after=None
[2025-05-24T18:37:08.593+0000] {processor.py:208} INFO - Processing /home/airflow/.local/lib/python3.12/site-packages/airflow/example_dags/example_dataset_alias.py took 0.449 seconds
[2025-05-24T18:37:40.048+0000] {processor.py:186} INFO - Started process (PID=1836) to work on /home/airflow/.local/lib/python3.12/site-packages/airflow/example_dags/example_dataset_alias.py
[2025-05-24T18:37:40.049+0000] {processor.py:914} INFO - Processing file /home/airflow/.local/lib/python3.12/site-packages/airflow/example_dags/example_dataset_alias.py for tasks to queue
[2025-05-24T18:37:40.052+0000] {logging_mixin.py:190} INFO - [2025-05-24T18:37:40.051+0000] {dagbag.py:588} INFO - Filling up the DagBag from /home/airflow/.local/lib/python3.12/site-packages/airflow/example_dags/example_dataset_alias.py
[2025-05-24T18:37:40.415+0000] {processor.py:925} INFO - DAG(s) 'dataset_alias_example_alias_producer', 'dataset_s3_bucket_consumer', 'dataset_s3_bucket_producer', 'dataset_alias_example_alias_consumer' retrieved from /home/airflow/.local/lib/python3.12/site-packages/airflow/example_dags/example_dataset_alias.py
[2025-05-24T18:37:40.426+0000] {logging_mixin.py:190} INFO - [2025-05-24T18:37:40.426+0000] {dag.py:3239} INFO - Sync 4 DAGs
[2025-05-24T18:37:40.437+0000] {logging_mixin.py:190} INFO - [2025-05-24T18:37:40.437+0000] {dag.py:4180} INFO - Setting next_dagrun for dataset_alias_example_alias_consumer to None, run_after=None
[2025-05-24T18:37:40.438+0000] {logging_mixin.py:190} INFO - [2025-05-24T18:37:40.438+0000] {dag.py:4180} INFO - Setting next_dagrun for dataset_alias_example_alias_producer to None, run_after=None
[2025-05-24T18:37:40.439+0000] {logging_mixin.py:190} INFO - [2025-05-24T18:37:40.439+0000] {dag.py:4180} INFO - Setting next_dagrun for dataset_s3_bucket_consumer to None, run_after=None
[2025-05-24T18:37:40.439+0000] {logging_mixin.py:190} INFO - [2025-05-24T18:37:40.439+0000] {dag.py:4180} INFO - Setting next_dagrun for dataset_s3_bucket_producer to None, run_after=None
[2025-05-24T18:37:40.449+0000] {processor.py:208} INFO - Processing /home/airflow/.local/lib/python3.12/site-packages/airflow/example_dags/example_dataset_alias.py took 0.410 seconds
[2025-05-24T18:38:11.793+0000] {processor.py:186} INFO - Started process (PID=1900) to work on /home/airflow/.local/lib/python3.12/site-packages/airflow/example_dags/example_dataset_alias.py
[2025-05-24T18:38:11.795+0000] {processor.py:914} INFO - Processing file /home/airflow/.local/lib/python3.12/site-packages/airflow/example_dags/example_dataset_alias.py for tasks to queue
[2025-05-24T18:38:11.796+0000] {logging_mixin.py:190} INFO - [2025-05-24T18:38:11.796+0000] {dagbag.py:588} INFO - Filling up the DagBag from /home/airflow/.local/lib/python3.12/site-packages/airflow/example_dags/example_dataset_alias.py
[2025-05-24T18:38:12.138+0000] {processor.py:925} INFO - DAG(s) 'dataset_s3_bucket_consumer', 'dataset_alias_example_alias_producer', 'dataset_s3_bucket_producer', 'dataset_alias_example_alias_consumer' retrieved from /home/airflow/.local/lib/python3.12/site-packages/airflow/example_dags/example_dataset_alias.py
[2025-05-24T18:38:12.148+0000] {logging_mixin.py:190} INFO - [2025-05-24T18:38:12.148+0000] {dag.py:3239} INFO - Sync 4 DAGs
[2025-05-24T18:38:12.159+0000] {logging_mixin.py:190} INFO - [2025-05-24T18:38:12.159+0000] {dag.py:4180} INFO - Setting next_dagrun for dataset_alias_example_alias_consumer to None, run_after=None
[2025-05-24T18:38:12.160+0000] {logging_mixin.py:190} INFO - [2025-05-24T18:38:12.160+0000] {dag.py:4180} INFO - Setting next_dagrun for dataset_alias_example_alias_producer to None, run_after=None
[2025-05-24T18:38:12.161+0000] {logging_mixin.py:190} INFO - [2025-05-24T18:38:12.161+0000] {dag.py:4180} INFO - Setting next_dagrun for dataset_s3_bucket_consumer to None, run_after=None
[2025-05-24T18:38:12.162+0000] {logging_mixin.py:190} INFO - [2025-05-24T18:38:12.162+0000] {dag.py:4180} INFO - Setting next_dagrun for dataset_s3_bucket_producer to None, run_after=None
[2025-05-24T18:38:12.172+0000] {processor.py:208} INFO - Processing /home/airflow/.local/lib/python3.12/site-packages/airflow/example_dags/example_dataset_alias.py took 0.383 seconds
[2025-05-24T18:38:43.117+0000] {processor.py:186} INFO - Started process (PID=1964) to work on /home/airflow/.local/lib/python3.12/site-packages/airflow/example_dags/example_dataset_alias.py
[2025-05-24T18:38:43.119+0000] {processor.py:914} INFO - Processing file /home/airflow/.local/lib/python3.12/site-packages/airflow/example_dags/example_dataset_alias.py for tasks to queue
[2025-05-24T18:38:43.124+0000] {logging_mixin.py:190} INFO - [2025-05-24T18:38:43.123+0000] {dagbag.py:588} INFO - Filling up the DagBag from /home/airflow/.local/lib/python3.12/site-packages/airflow/example_dags/example_dataset_alias.py
[2025-05-24T18:38:44.011+0000] {processor.py:925} INFO - DAG(s) 'dataset_s3_bucket_consumer', 'dataset_alias_example_alias_consumer', 'dataset_s3_bucket_producer', 'dataset_alias_example_alias_producer' retrieved from /home/airflow/.local/lib/python3.12/site-packages/airflow/example_dags/example_dataset_alias.py
[2025-05-24T18:38:44.032+0000] {logging_mixin.py:190} INFO - [2025-05-24T18:38:44.032+0000] {dag.py:3239} INFO - Sync 4 DAGs
[2025-05-24T18:38:44.055+0000] {logging_mixin.py:190} INFO - [2025-05-24T18:38:44.055+0000] {dag.py:4180} INFO - Setting next_dagrun for dataset_alias_example_alias_consumer to None, run_after=None
[2025-05-24T18:38:44.058+0000] {logging_mixin.py:190} INFO - [2025-05-24T18:38:44.057+0000] {dag.py:4180} INFO - Setting next_dagrun for dataset_alias_example_alias_producer to None, run_after=None
[2025-05-24T18:38:44.059+0000] {logging_mixin.py:190} INFO - [2025-05-24T18:38:44.059+0000] {dag.py:4180} INFO - Setting next_dagrun for dataset_s3_bucket_consumer to None, run_after=None
[2025-05-24T18:38:44.060+0000] {logging_mixin.py:190} INFO - [2025-05-24T18:38:44.060+0000] {dag.py:4180} INFO - Setting next_dagrun for dataset_s3_bucket_producer to None, run_after=None
[2025-05-24T18:38:44.077+0000] {processor.py:208} INFO - Processing /home/airflow/.local/lib/python3.12/site-packages/airflow/example_dags/example_dataset_alias.py took 0.965 seconds
[2025-05-24T18:39:14.370+0000] {processor.py:186} INFO - Started process (PID=2028) to work on /home/airflow/.local/lib/python3.12/site-packages/airflow/example_dags/example_dataset_alias.py
[2025-05-24T18:39:14.371+0000] {processor.py:914} INFO - Processing file /home/airflow/.local/lib/python3.12/site-packages/airflow/example_dags/example_dataset_alias.py for tasks to queue
[2025-05-24T18:39:14.373+0000] {logging_mixin.py:190} INFO - [2025-05-24T18:39:14.373+0000] {dagbag.py:588} INFO - Filling up the DagBag from /home/airflow/.local/lib/python3.12/site-packages/airflow/example_dags/example_dataset_alias.py
[2025-05-24T18:39:14.688+0000] {processor.py:925} INFO - DAG(s) 'dataset_alias_example_alias_consumer', 'dataset_alias_example_alias_producer', 'dataset_s3_bucket_producer', 'dataset_s3_bucket_consumer' retrieved from /home/airflow/.local/lib/python3.12/site-packages/airflow/example_dags/example_dataset_alias.py
[2025-05-24T18:39:14.697+0000] {logging_mixin.py:190} INFO - [2025-05-24T18:39:14.696+0000] {dag.py:3239} INFO - Sync 4 DAGs
[2025-05-24T18:39:14.709+0000] {logging_mixin.py:190} INFO - [2025-05-24T18:39:14.709+0000] {dag.py:4180} INFO - Setting next_dagrun for dataset_alias_example_alias_consumer to None, run_after=None
[2025-05-24T18:39:14.710+0000] {logging_mixin.py:190} INFO - [2025-05-24T18:39:14.710+0000] {dag.py:4180} INFO - Setting next_dagrun for dataset_alias_example_alias_producer to None, run_after=None
[2025-05-24T18:39:14.711+0000] {logging_mixin.py:190} INFO - [2025-05-24T18:39:14.711+0000] {dag.py:4180} INFO - Setting next_dagrun for dataset_s3_bucket_consumer to None, run_after=None
[2025-05-24T18:39:14.712+0000] {logging_mixin.py:190} INFO - [2025-05-24T18:39:14.712+0000] {dag.py:4180} INFO - Setting next_dagrun for dataset_s3_bucket_producer to None, run_after=None
[2025-05-24T18:39:14.722+0000] {processor.py:208} INFO - Processing /home/airflow/.local/lib/python3.12/site-packages/airflow/example_dags/example_dataset_alias.py took 0.356 seconds
[2025-05-24T18:39:46.068+0000] {processor.py:186} INFO - Started process (PID=2092) to work on /home/airflow/.local/lib/python3.12/site-packages/airflow/example_dags/example_dataset_alias.py
[2025-05-24T18:39:46.071+0000] {processor.py:914} INFO - Processing file /home/airflow/.local/lib/python3.12/site-packages/airflow/example_dags/example_dataset_alias.py for tasks to queue
[2025-05-24T18:39:46.074+0000] {logging_mixin.py:190} INFO - [2025-05-24T18:39:46.074+0000] {dagbag.py:588} INFO - Filling up the DagBag from /home/airflow/.local/lib/python3.12/site-packages/airflow/example_dags/example_dataset_alias.py
[2025-05-24T18:39:46.475+0000] {processor.py:925} INFO - DAG(s) 'dataset_alias_example_alias_consumer', 'dataset_s3_bucket_consumer', 'dataset_alias_example_alias_producer', 'dataset_s3_bucket_producer' retrieved from /home/airflow/.local/lib/python3.12/site-packages/airflow/example_dags/example_dataset_alias.py
[2025-05-24T18:39:46.486+0000] {logging_mixin.py:190} INFO - [2025-05-24T18:39:46.485+0000] {dag.py:3239} INFO - Sync 4 DAGs
[2025-05-24T18:39:46.499+0000] {logging_mixin.py:190} INFO - [2025-05-24T18:39:46.499+0000] {dag.py:4180} INFO - Setting next_dagrun for dataset_alias_example_alias_consumer to None, run_after=None
[2025-05-24T18:39:46.501+0000] {logging_mixin.py:190} INFO - [2025-05-24T18:39:46.501+0000] {dag.py:4180} INFO - Setting next_dagrun for dataset_alias_example_alias_producer to None, run_after=None
[2025-05-24T18:39:46.503+0000] {logging_mixin.py:190} INFO - [2025-05-24T18:39:46.503+0000] {dag.py:4180} INFO - Setting next_dagrun for dataset_s3_bucket_consumer to None, run_after=None
[2025-05-24T18:39:46.504+0000] {logging_mixin.py:190} INFO - [2025-05-24T18:39:46.504+0000] {dag.py:4180} INFO - Setting next_dagrun for dataset_s3_bucket_producer to None, run_after=None
[2025-05-24T18:39:46.581+0000] {processor.py:208} INFO - Processing /home/airflow/.local/lib/python3.12/site-packages/airflow/example_dags/example_dataset_alias.py took 0.521 seconds
[2025-05-24T18:40:17.651+0000] {processor.py:186} INFO - Started process (PID=2156) to work on /home/airflow/.local/lib/python3.12/site-packages/airflow/example_dags/example_dataset_alias.py
[2025-05-24T18:40:17.652+0000] {processor.py:914} INFO - Processing file /home/airflow/.local/lib/python3.12/site-packages/airflow/example_dags/example_dataset_alias.py for tasks to queue
[2025-05-24T18:40:17.653+0000] {logging_mixin.py:190} INFO - [2025-05-24T18:40:17.653+0000] {dagbag.py:588} INFO - Filling up the DagBag from /home/airflow/.local/lib/python3.12/site-packages/airflow/example_dags/example_dataset_alias.py
[2025-05-24T18:40:18.044+0000] {processor.py:925} INFO - DAG(s) 'dataset_s3_bucket_producer', 'dataset_alias_example_alias_producer', 'dataset_s3_bucket_consumer', 'dataset_alias_example_alias_consumer' retrieved from /home/airflow/.local/lib/python3.12/site-packages/airflow/example_dags/example_dataset_alias.py
[2025-05-24T18:40:18.053+0000] {logging_mixin.py:190} INFO - [2025-05-24T18:40:18.053+0000] {dag.py:3239} INFO - Sync 4 DAGs
[2025-05-24T18:40:18.066+0000] {logging_mixin.py:190} INFO - [2025-05-24T18:40:18.065+0000] {dag.py:4180} INFO - Setting next_dagrun for dataset_alias_example_alias_consumer to None, run_after=None
[2025-05-24T18:40:18.067+0000] {logging_mixin.py:190} INFO - [2025-05-24T18:40:18.067+0000] {dag.py:4180} INFO - Setting next_dagrun for dataset_alias_example_alias_producer to None, run_after=None
[2025-05-24T18:40:18.068+0000] {logging_mixin.py:190} INFO - [2025-05-24T18:40:18.067+0000] {dag.py:4180} INFO - Setting next_dagrun for dataset_s3_bucket_consumer to None, run_after=None
[2025-05-24T18:40:18.068+0000] {logging_mixin.py:190} INFO - [2025-05-24T18:40:18.068+0000] {dag.py:4180} INFO - Setting next_dagrun for dataset_s3_bucket_producer to None, run_after=None
[2025-05-24T18:40:18.079+0000] {processor.py:208} INFO - Processing /home/airflow/.local/lib/python3.12/site-packages/airflow/example_dags/example_dataset_alias.py took 0.433 seconds
[2025-05-24T18:40:49.390+0000] {processor.py:186} INFO - Started process (PID=2220) to work on /home/airflow/.local/lib/python3.12/site-packages/airflow/example_dags/example_dataset_alias.py
[2025-05-24T18:40:49.391+0000] {processor.py:914} INFO - Processing file /home/airflow/.local/lib/python3.12/site-packages/airflow/example_dags/example_dataset_alias.py for tasks to queue
[2025-05-24T18:40:49.393+0000] {logging_mixin.py:190} INFO - [2025-05-24T18:40:49.393+0000] {dagbag.py:588} INFO - Filling up the DagBag from /home/airflow/.local/lib/python3.12/site-packages/airflow/example_dags/example_dataset_alias.py
[2025-05-24T18:40:49.753+0000] {processor.py:925} INFO - DAG(s) 'dataset_s3_bucket_producer', 'dataset_s3_bucket_consumer', 'dataset_alias_example_alias_producer', 'dataset_alias_example_alias_consumer' retrieved from /home/airflow/.local/lib/python3.12/site-packages/airflow/example_dags/example_dataset_alias.py
[2025-05-24T18:40:49.764+0000] {logging_mixin.py:190} INFO - [2025-05-24T18:40:49.763+0000] {dag.py:3239} INFO - Sync 4 DAGs
[2025-05-24T18:40:49.775+0000] {logging_mixin.py:190} INFO - [2025-05-24T18:40:49.775+0000] {dag.py:4180} INFO - Setting next_dagrun for dataset_alias_example_alias_consumer to None, run_after=None
[2025-05-24T18:40:49.776+0000] {logging_mixin.py:190} INFO - [2025-05-24T18:40:49.776+0000] {dag.py:4180} INFO - Setting next_dagrun for dataset_alias_example_alias_producer to None, run_after=None
[2025-05-24T18:40:49.777+0000] {logging_mixin.py:190} INFO - [2025-05-24T18:40:49.777+0000] {dag.py:4180} INFO - Setting next_dagrun for dataset_s3_bucket_consumer to None, run_after=None
[2025-05-24T18:40:49.779+0000] {logging_mixin.py:190} INFO - [2025-05-24T18:40:49.779+0000] {dag.py:4180} INFO - Setting next_dagrun for dataset_s3_bucket_producer to None, run_after=None
[2025-05-24T18:40:49.788+0000] {processor.py:208} INFO - Processing /home/airflow/.local/lib/python3.12/site-packages/airflow/example_dags/example_dataset_alias.py took 0.402 seconds
[2025-05-24T18:41:21.227+0000] {processor.py:186} INFO - Started process (PID=2284) to work on /home/airflow/.local/lib/python3.12/site-packages/airflow/example_dags/example_dataset_alias.py
[2025-05-24T18:41:21.228+0000] {processor.py:914} INFO - Processing file /home/airflow/.local/lib/python3.12/site-packages/airflow/example_dags/example_dataset_alias.py for tasks to queue
[2025-05-24T18:41:21.229+0000] {logging_mixin.py:190} INFO - [2025-05-24T18:41:21.229+0000] {dagbag.py:588} INFO - Filling up the DagBag from /home/airflow/.local/lib/python3.12/site-packages/airflow/example_dags/example_dataset_alias.py
[2025-05-24T18:41:21.668+0000] {processor.py:925} INFO - DAG(s) 'dataset_alias_example_alias_consumer', 'dataset_s3_bucket_consumer', 'dataset_alias_example_alias_producer', 'dataset_s3_bucket_producer' retrieved from /home/airflow/.local/lib/python3.12/site-packages/airflow/example_dags/example_dataset_alias.py
[2025-05-24T18:41:21.678+0000] {logging_mixin.py:190} INFO - [2025-05-24T18:41:21.678+0000] {dag.py:3239} INFO - Sync 4 DAGs
[2025-05-24T18:41:21.689+0000] {logging_mixin.py:190} INFO - [2025-05-24T18:41:21.688+0000] {dag.py:4180} INFO - Setting next_dagrun for dataset_alias_example_alias_consumer to None, run_after=None
[2025-05-24T18:41:21.690+0000] {logging_mixin.py:190} INFO - [2025-05-24T18:41:21.690+0000] {dag.py:4180} INFO - Setting next_dagrun for dataset_alias_example_alias_producer to None, run_after=None
[2025-05-24T18:41:21.691+0000] {logging_mixin.py:190} INFO - [2025-05-24T18:41:21.691+0000] {dag.py:4180} INFO - Setting next_dagrun for dataset_s3_bucket_consumer to None, run_after=None
[2025-05-24T18:41:21.691+0000] {logging_mixin.py:190} INFO - [2025-05-24T18:41:21.691+0000] {dag.py:4180} INFO - Setting next_dagrun for dataset_s3_bucket_producer to None, run_after=None
[2025-05-24T18:41:21.702+0000] {processor.py:208} INFO - Processing /home/airflow/.local/lib/python3.12/site-packages/airflow/example_dags/example_dataset_alias.py took 0.479 seconds
[2025-05-24T18:41:52.434+0000] {processor.py:186} INFO - Started process (PID=2348) to work on /home/airflow/.local/lib/python3.12/site-packages/airflow/example_dags/example_dataset_alias.py
[2025-05-24T18:41:52.435+0000] {processor.py:914} INFO - Processing file /home/airflow/.local/lib/python3.12/site-packages/airflow/example_dags/example_dataset_alias.py for tasks to queue
[2025-05-24T18:41:52.437+0000] {logging_mixin.py:190} INFO - [2025-05-24T18:41:52.437+0000] {dagbag.py:588} INFO - Filling up the DagBag from /home/airflow/.local/lib/python3.12/site-packages/airflow/example_dags/example_dataset_alias.py
[2025-05-24T18:41:52.821+0000] {processor.py:925} INFO - DAG(s) 'dataset_alias_example_alias_consumer', 'dataset_alias_example_alias_producer', 'dataset_s3_bucket_consumer', 'dataset_s3_bucket_producer' retrieved from /home/airflow/.local/lib/python3.12/site-packages/airflow/example_dags/example_dataset_alias.py
[2025-05-24T18:41:52.832+0000] {logging_mixin.py:190} INFO - [2025-05-24T18:41:52.832+0000] {dag.py:3239} INFO - Sync 4 DAGs
[2025-05-24T18:41:52.857+0000] {logging_mixin.py:190} INFO - [2025-05-24T18:41:52.856+0000] {dag.py:4180} INFO - Setting next_dagrun for dataset_alias_example_alias_consumer to None, run_after=None
[2025-05-24T18:41:52.858+0000] {logging_mixin.py:190} INFO - [2025-05-24T18:41:52.858+0000] {dag.py:4180} INFO - Setting next_dagrun for dataset_alias_example_alias_producer to None, run_after=None
[2025-05-24T18:41:52.860+0000] {logging_mixin.py:190} INFO - [2025-05-24T18:41:52.860+0000] {dag.py:4180} INFO - Setting next_dagrun for dataset_s3_bucket_consumer to None, run_after=None
[2025-05-24T18:41:52.861+0000] {logging_mixin.py:190} INFO - [2025-05-24T18:41:52.860+0000] {dag.py:4180} INFO - Setting next_dagrun for dataset_s3_bucket_producer to None, run_after=None
[2025-05-24T18:41:52.874+0000] {processor.py:208} INFO - Processing /home/airflow/.local/lib/python3.12/site-packages/airflow/example_dags/example_dataset_alias.py took 0.444 seconds
[2025-05-24T18:42:23.446+0000] {processor.py:186} INFO - Started process (PID=2412) to work on /home/airflow/.local/lib/python3.12/site-packages/airflow/example_dags/example_dataset_alias.py
[2025-05-24T18:42:23.448+0000] {processor.py:914} INFO - Processing file /home/airflow/.local/lib/python3.12/site-packages/airflow/example_dags/example_dataset_alias.py for tasks to queue
[2025-05-24T18:42:23.451+0000] {logging_mixin.py:190} INFO - [2025-05-24T18:42:23.450+0000] {dagbag.py:588} INFO - Filling up the DagBag from /home/airflow/.local/lib/python3.12/site-packages/airflow/example_dags/example_dataset_alias.py
[2025-05-24T18:42:23.884+0000] {processor.py:925} INFO - DAG(s) 'dataset_alias_example_alias_consumer', 'dataset_alias_example_alias_producer', 'dataset_s3_bucket_consumer', 'dataset_s3_bucket_producer' retrieved from /home/airflow/.local/lib/python3.12/site-packages/airflow/example_dags/example_dataset_alias.py
[2025-05-24T18:42:23.895+0000] {logging_mixin.py:190} INFO - [2025-05-24T18:42:23.895+0000] {dag.py:3239} INFO - Sync 4 DAGs
[2025-05-24T18:42:23.905+0000] {logging_mixin.py:190} INFO - [2025-05-24T18:42:23.905+0000] {dag.py:4180} INFO - Setting next_dagrun for dataset_alias_example_alias_consumer to None, run_after=None
[2025-05-24T18:42:23.907+0000] {logging_mixin.py:190} INFO - [2025-05-24T18:42:23.907+0000] {dag.py:4180} INFO - Setting next_dagrun for dataset_alias_example_alias_producer to None, run_after=None
[2025-05-24T18:42:23.908+0000] {logging_mixin.py:190} INFO - [2025-05-24T18:42:23.908+0000] {dag.py:4180} INFO - Setting next_dagrun for dataset_s3_bucket_consumer to None, run_after=None
[2025-05-24T18:42:23.909+0000] {logging_mixin.py:190} INFO - [2025-05-24T18:42:23.908+0000] {dag.py:4180} INFO - Setting next_dagrun for dataset_s3_bucket_producer to None, run_after=None
[2025-05-24T18:42:23.920+0000] {processor.py:208} INFO - Processing /home/airflow/.local/lib/python3.12/site-packages/airflow/example_dags/example_dataset_alias.py took 0.480 seconds
[2025-05-24T18:42:54.522+0000] {processor.py:186} INFO - Started process (PID=2476) to work on /home/airflow/.local/lib/python3.12/site-packages/airflow/example_dags/example_dataset_alias.py
[2025-05-24T18:42:54.523+0000] {processor.py:914} INFO - Processing file /home/airflow/.local/lib/python3.12/site-packages/airflow/example_dags/example_dataset_alias.py for tasks to queue
[2025-05-24T18:42:54.524+0000] {logging_mixin.py:190} INFO - [2025-05-24T18:42:54.524+0000] {dagbag.py:588} INFO - Filling up the DagBag from /home/airflow/.local/lib/python3.12/site-packages/airflow/example_dags/example_dataset_alias.py
[2025-05-24T18:42:54.834+0000] {processor.py:925} INFO - DAG(s) 'dataset_s3_bucket_consumer', 'dataset_s3_bucket_producer', 'dataset_alias_example_alias_producer', 'dataset_alias_example_alias_consumer' retrieved from /home/airflow/.local/lib/python3.12/site-packages/airflow/example_dags/example_dataset_alias.py
[2025-05-24T18:42:54.844+0000] {logging_mixin.py:190} INFO - [2025-05-24T18:42:54.844+0000] {dag.py:3239} INFO - Sync 4 DAGs
[2025-05-24T18:42:54.856+0000] {logging_mixin.py:190} INFO - [2025-05-24T18:42:54.856+0000] {dag.py:4180} INFO - Setting next_dagrun for dataset_alias_example_alias_consumer to None, run_after=None
[2025-05-24T18:42:54.858+0000] {logging_mixin.py:190} INFO - [2025-05-24T18:42:54.858+0000] {dag.py:4180} INFO - Setting next_dagrun for dataset_alias_example_alias_producer to None, run_after=None
[2025-05-24T18:42:54.859+0000] {logging_mixin.py:190} INFO - [2025-05-24T18:42:54.859+0000] {dag.py:4180} INFO - Setting next_dagrun for dataset_s3_bucket_consumer to None, run_after=None
[2025-05-24T18:42:54.859+0000] {logging_mixin.py:190} INFO - [2025-05-24T18:42:54.859+0000] {dag.py:4180} INFO - Setting next_dagrun for dataset_s3_bucket_producer to None, run_after=None
[2025-05-24T18:42:54.871+0000] {processor.py:208} INFO - Processing /home/airflow/.local/lib/python3.12/site-packages/airflow/example_dags/example_dataset_alias.py took 0.353 seconds
[2025-05-24T18:43:25.449+0000] {processor.py:186} INFO - Started process (PID=2542) to work on /home/airflow/.local/lib/python3.12/site-packages/airflow/example_dags/example_dataset_alias.py
[2025-05-24T18:43:25.450+0000] {processor.py:914} INFO - Processing file /home/airflow/.local/lib/python3.12/site-packages/airflow/example_dags/example_dataset_alias.py for tasks to queue
[2025-05-24T18:43:25.451+0000] {logging_mixin.py:190} INFO - [2025-05-24T18:43:25.451+0000] {dagbag.py:588} INFO - Filling up the DagBag from /home/airflow/.local/lib/python3.12/site-packages/airflow/example_dags/example_dataset_alias.py
[2025-05-24T18:43:25.814+0000] {processor.py:925} INFO - DAG(s) 'dataset_s3_bucket_producer', 'dataset_s3_bucket_consumer', 'dataset_alias_example_alias_producer', 'dataset_alias_example_alias_consumer' retrieved from /home/airflow/.local/lib/python3.12/site-packages/airflow/example_dags/example_dataset_alias.py
[2025-05-24T18:43:25.827+0000] {logging_mixin.py:190} INFO - [2025-05-24T18:43:25.826+0000] {dag.py:3239} INFO - Sync 4 DAGs
[2025-05-24T18:43:25.837+0000] {logging_mixin.py:190} INFO - [2025-05-24T18:43:25.837+0000] {dag.py:4180} INFO - Setting next_dagrun for dataset_alias_example_alias_consumer to None, run_after=None
[2025-05-24T18:43:25.838+0000] {logging_mixin.py:190} INFO - [2025-05-24T18:43:25.838+0000] {dag.py:4180} INFO - Setting next_dagrun for dataset_alias_example_alias_producer to None, run_after=None
[2025-05-24T18:43:25.839+0000] {logging_mixin.py:190} INFO - [2025-05-24T18:43:25.839+0000] {dag.py:4180} INFO - Setting next_dagrun for dataset_s3_bucket_consumer to None, run_after=None
[2025-05-24T18:43:25.840+0000] {logging_mixin.py:190} INFO - [2025-05-24T18:43:25.840+0000] {dag.py:4180} INFO - Setting next_dagrun for dataset_s3_bucket_producer to None, run_after=None
[2025-05-24T18:43:25.851+0000] {processor.py:208} INFO - Processing /home/airflow/.local/lib/python3.12/site-packages/airflow/example_dags/example_dataset_alias.py took 0.406 seconds
[2025-05-24T18:43:56.951+0000] {processor.py:186} INFO - Started process (PID=2614) to work on /home/airflow/.local/lib/python3.12/site-packages/airflow/example_dags/example_dataset_alias.py
[2025-05-24T18:43:56.952+0000] {processor.py:914} INFO - Processing file /home/airflow/.local/lib/python3.12/site-packages/airflow/example_dags/example_dataset_alias.py for tasks to queue
[2025-05-24T18:43:56.955+0000] {logging_mixin.py:190} INFO - [2025-05-24T18:43:56.954+0000] {dagbag.py:588} INFO - Filling up the DagBag from /home/airflow/.local/lib/python3.12/site-packages/airflow/example_dags/example_dataset_alias.py
[2025-05-24T18:43:57.352+0000] {processor.py:925} INFO - DAG(s) 'dataset_s3_bucket_producer', 'dataset_alias_example_alias_producer', 'dataset_s3_bucket_consumer', 'dataset_alias_example_alias_consumer' retrieved from /home/airflow/.local/lib/python3.12/site-packages/airflow/example_dags/example_dataset_alias.py
[2025-05-24T18:43:57.362+0000] {logging_mixin.py:190} INFO - [2025-05-24T18:43:57.362+0000] {dag.py:3239} INFO - Sync 4 DAGs
[2025-05-24T18:43:57.373+0000] {logging_mixin.py:190} INFO - [2025-05-24T18:43:57.373+0000] {dag.py:4180} INFO - Setting next_dagrun for dataset_alias_example_alias_consumer to None, run_after=None
[2025-05-24T18:43:57.374+0000] {logging_mixin.py:190} INFO - [2025-05-24T18:43:57.374+0000] {dag.py:4180} INFO - Setting next_dagrun for dataset_alias_example_alias_producer to None, run_after=None
[2025-05-24T18:43:57.375+0000] {logging_mixin.py:190} INFO - [2025-05-24T18:43:57.375+0000] {dag.py:4180} INFO - Setting next_dagrun for dataset_s3_bucket_consumer to None, run_after=None
[2025-05-24T18:43:57.376+0000] {logging_mixin.py:190} INFO - [2025-05-24T18:43:57.376+0000] {dag.py:4180} INFO - Setting next_dagrun for dataset_s3_bucket_producer to None, run_after=None
[2025-05-24T18:43:57.387+0000] {processor.py:208} INFO - Processing /home/airflow/.local/lib/python3.12/site-packages/airflow/example_dags/example_dataset_alias.py took 0.440 seconds
