[2025-05-24T18:23:38.934+0000] {processor.py:186} INFO - Started process (PID=103) to work on /home/airflow/.local/lib/python3.12/site-packages/airflow/example_dags/example_inlet_event_extra.py
[2025-05-24T18:23:38.935+0000] {processor.py:914} INFO - Processing file /home/airflow/.local/lib/python3.12/site-packages/airflow/example_dags/example_inlet_event_extra.py for tasks to queue
[2025-05-24T18:23:38.937+0000] {logging_mixin.py:190} INFO - [2025-05-24T18:23:38.937+0000] {dagbag.py:588} INFO - Filling up the DagBag from /home/airflow/.local/lib/python3.12/site-packages/airflow/example_dags/example_inlet_event_extra.py
[2025-05-24T18:23:39.301+0000] {processor.py:925} INFO - DAG(s) 'read_dataset_event', 'read_dataset_event_from_classic' retrieved from /home/airflow/.local/lib/python3.12/site-packages/airflow/example_dags/example_inlet_event_extra.py
[2025-05-24T18:23:39.377+0000] {logging_mixin.py:190} INFO - [2025-05-24T18:23:39.376+0000] {override.py:1911} INFO - Created Permission View: can edit on DAG:read_dataset_event
[2025-05-24T18:23:39.383+0000] {logging_mixin.py:190} INFO - [2025-05-24T18:23:39.383+0000] {override.py:1911} INFO - Created Permission View: can delete on DAG:read_dataset_event
[2025-05-24T18:23:39.386+0000] {logging_mixin.py:190} INFO - [2025-05-24T18:23:39.386+0000] {override.py:1911} INFO - Created Permission View: can read on DAG:read_dataset_event
[2025-05-24T18:23:39.391+0000] {logging_mixin.py:190} INFO - [2025-05-24T18:23:39.391+0000] {override.py:1911} INFO - Created Permission View: menu access on DAG Run:read_dataset_event
[2025-05-24T18:23:39.396+0000] {logging_mixin.py:190} INFO - [2025-05-24T18:23:39.395+0000] {override.py:1911} INFO - Created Permission View: can delete on DAG Run:read_dataset_event
[2025-05-24T18:23:39.400+0000] {logging_mixin.py:190} INFO - [2025-05-24T18:23:39.400+0000] {override.py:1911} INFO - Created Permission View: can create on DAG Run:read_dataset_event
[2025-05-24T18:23:39.404+0000] {logging_mixin.py:190} INFO - [2025-05-24T18:23:39.404+0000] {override.py:1911} INFO - Created Permission View: can read on DAG Run:read_dataset_event
[2025-05-24T18:23:39.411+0000] {logging_mixin.py:190} INFO - [2025-05-24T18:23:39.411+0000] {override.py:1911} INFO - Created Permission View: can edit on DAG:read_dataset_event_from_classic
[2025-05-24T18:23:39.415+0000] {logging_mixin.py:190} INFO - [2025-05-24T18:23:39.415+0000] {override.py:1911} INFO - Created Permission View: can delete on DAG:read_dataset_event_from_classic
[2025-05-24T18:23:39.419+0000] {logging_mixin.py:190} INFO - [2025-05-24T18:23:39.419+0000] {override.py:1911} INFO - Created Permission View: can read on DAG:read_dataset_event_from_classic
[2025-05-24T18:23:39.423+0000] {logging_mixin.py:190} INFO - [2025-05-24T18:23:39.422+0000] {override.py:1911} INFO - Created Permission View: menu access on DAG Run:read_dataset_event_from_classic
[2025-05-24T18:23:39.426+0000] {logging_mixin.py:190} INFO - [2025-05-24T18:23:39.426+0000] {override.py:1911} INFO - Created Permission View: can delete on DAG Run:read_dataset_event_from_classic
[2025-05-24T18:23:39.429+0000] {logging_mixin.py:190} INFO - [2025-05-24T18:23:39.429+0000] {override.py:1911} INFO - Created Permission View: can create on DAG Run:read_dataset_event_from_classic
[2025-05-24T18:23:39.432+0000] {logging_mixin.py:190} INFO - [2025-05-24T18:23:39.432+0000] {override.py:1911} INFO - Created Permission View: can read on DAG Run:read_dataset_event_from_classic
[2025-05-24T18:23:39.433+0000] {logging_mixin.py:190} INFO - [2025-05-24T18:23:39.432+0000] {dag.py:3239} INFO - Sync 2 DAGs
[2025-05-24T18:23:39.440+0000] {logging_mixin.py:190} INFO - [2025-05-24T18:23:39.440+0000] {dag.py:3262} INFO - Creating ORM DAG for read_dataset_event_from_classic
[2025-05-24T18:23:39.440+0000] {logging_mixin.py:190} INFO - [2025-05-24T18:23:39.440+0000] {dag.py:3262} INFO - Creating ORM DAG for read_dataset_event
[2025-05-24T18:23:39.446+0000] {logging_mixin.py:190} INFO - [2025-05-24T18:23:39.446+0000] {dag.py:4180} INFO - Setting next_dagrun for read_dataset_event to 2025-05-23 00:00:00+00:00, run_after=2025-05-24 00:00:00+00:00
[2025-05-24T18:23:39.447+0000] {logging_mixin.py:190} INFO - [2025-05-24T18:23:39.447+0000] {dag.py:4180} INFO - Setting next_dagrun for read_dataset_event_from_classic to 2025-05-23 00:00:00+00:00, run_after=2025-05-24 00:00:00+00:00
[2025-05-24T18:23:39.457+0000] {processor.py:208} INFO - Processing /home/airflow/.local/lib/python3.12/site-packages/airflow/example_dags/example_inlet_event_extra.py took 0.526 seconds
[2025-05-24T18:24:10.315+0000] {processor.py:186} INFO - Started process (PID=167) to work on /home/airflow/.local/lib/python3.12/site-packages/airflow/example_dags/example_inlet_event_extra.py
[2025-05-24T18:24:10.316+0000] {processor.py:914} INFO - Processing file /home/airflow/.local/lib/python3.12/site-packages/airflow/example_dags/example_inlet_event_extra.py for tasks to queue
[2025-05-24T18:24:10.319+0000] {logging_mixin.py:190} INFO - [2025-05-24T18:24:10.319+0000] {dagbag.py:588} INFO - Filling up the DagBag from /home/airflow/.local/lib/python3.12/site-packages/airflow/example_dags/example_inlet_event_extra.py
[2025-05-24T18:24:10.782+0000] {processor.py:925} INFO - DAG(s) 'read_dataset_event_from_classic', 'read_dataset_event' retrieved from /home/airflow/.local/lib/python3.12/site-packages/airflow/example_dags/example_inlet_event_extra.py
[2025-05-24T18:24:10.796+0000] {logging_mixin.py:190} INFO - [2025-05-24T18:24:10.796+0000] {dag.py:3239} INFO - Sync 2 DAGs
[2025-05-24T18:24:10.813+0000] {logging_mixin.py:190} INFO - [2025-05-24T18:24:10.813+0000] {dag.py:4180} INFO - Setting next_dagrun for read_dataset_event to 2025-05-23 00:00:00+00:00, run_after=2025-05-24 00:00:00+00:00
[2025-05-24T18:24:10.816+0000] {logging_mixin.py:190} INFO - [2025-05-24T18:24:10.816+0000] {dag.py:4180} INFO - Setting next_dagrun for read_dataset_event_from_classic to 2025-05-23 00:00:00+00:00, run_after=2025-05-24 00:00:00+00:00
[2025-05-24T18:24:10.824+0000] {processor.py:208} INFO - Processing /home/airflow/.local/lib/python3.12/site-packages/airflow/example_dags/example_inlet_event_extra.py took 0.513 seconds
[2025-05-24T18:24:40.955+0000] {processor.py:186} INFO - Started process (PID=235) to work on /home/airflow/.local/lib/python3.12/site-packages/airflow/example_dags/example_inlet_event_extra.py
[2025-05-24T18:24:40.956+0000] {processor.py:914} INFO - Processing file /home/airflow/.local/lib/python3.12/site-packages/airflow/example_dags/example_inlet_event_extra.py for tasks to queue
[2025-05-24T18:24:40.957+0000] {logging_mixin.py:190} INFO - [2025-05-24T18:24:40.957+0000] {dagbag.py:588} INFO - Filling up the DagBag from /home/airflow/.local/lib/python3.12/site-packages/airflow/example_dags/example_inlet_event_extra.py
[2025-05-24T18:24:41.275+0000] {processor.py:925} INFO - DAG(s) 'read_dataset_event_from_classic', 'read_dataset_event' retrieved from /home/airflow/.local/lib/python3.12/site-packages/airflow/example_dags/example_inlet_event_extra.py
[2025-05-24T18:24:41.284+0000] {logging_mixin.py:190} INFO - [2025-05-24T18:24:41.284+0000] {dag.py:3239} INFO - Sync 2 DAGs
[2025-05-24T18:24:41.296+0000] {logging_mixin.py:190} INFO - [2025-05-24T18:24:41.296+0000] {dag.py:4180} INFO - Setting next_dagrun for read_dataset_event to 2025-05-23 00:00:00+00:00, run_after=2025-05-24 00:00:00+00:00
[2025-05-24T18:24:41.299+0000] {logging_mixin.py:190} INFO - [2025-05-24T18:24:41.298+0000] {dag.py:4180} INFO - Setting next_dagrun for read_dataset_event_from_classic to 2025-05-23 00:00:00+00:00, run_after=2025-05-24 00:00:00+00:00
[2025-05-24T18:24:41.306+0000] {processor.py:208} INFO - Processing /home/airflow/.local/lib/python3.12/site-packages/airflow/example_dags/example_inlet_event_extra.py took 0.355 seconds
[2025-05-24T18:25:11.470+0000] {processor.py:186} INFO - Started process (PID=299) to work on /home/airflow/.local/lib/python3.12/site-packages/airflow/example_dags/example_inlet_event_extra.py
[2025-05-24T18:25:11.471+0000] {processor.py:914} INFO - Processing file /home/airflow/.local/lib/python3.12/site-packages/airflow/example_dags/example_inlet_event_extra.py for tasks to queue
[2025-05-24T18:25:11.472+0000] {logging_mixin.py:190} INFO - [2025-05-24T18:25:11.472+0000] {dagbag.py:588} INFO - Filling up the DagBag from /home/airflow/.local/lib/python3.12/site-packages/airflow/example_dags/example_inlet_event_extra.py
[2025-05-24T18:25:11.807+0000] {processor.py:925} INFO - DAG(s) 'read_dataset_event_from_classic', 'read_dataset_event' retrieved from /home/airflow/.local/lib/python3.12/site-packages/airflow/example_dags/example_inlet_event_extra.py
[2025-05-24T18:25:11.818+0000] {logging_mixin.py:190} INFO - [2025-05-24T18:25:11.818+0000] {dag.py:3239} INFO - Sync 2 DAGs
[2025-05-24T18:25:11.833+0000] {logging_mixin.py:190} INFO - [2025-05-24T18:25:11.833+0000] {dag.py:4180} INFO - Setting next_dagrun for read_dataset_event to 2025-05-23 00:00:00+00:00, run_after=2025-05-24 00:00:00+00:00
[2025-05-24T18:25:11.836+0000] {logging_mixin.py:190} INFO - [2025-05-24T18:25:11.836+0000] {dag.py:4180} INFO - Setting next_dagrun for read_dataset_event_from_classic to 2025-05-23 00:00:00+00:00, run_after=2025-05-24 00:00:00+00:00
[2025-05-24T18:25:11.843+0000] {processor.py:208} INFO - Processing /home/airflow/.local/lib/python3.12/site-packages/airflow/example_dags/example_inlet_event_extra.py took 0.376 seconds
[2025-05-24T18:25:42.368+0000] {processor.py:186} INFO - Started process (PID=369) to work on /home/airflow/.local/lib/python3.12/site-packages/airflow/example_dags/example_inlet_event_extra.py
[2025-05-24T18:25:42.369+0000] {processor.py:914} INFO - Processing file /home/airflow/.local/lib/python3.12/site-packages/airflow/example_dags/example_inlet_event_extra.py for tasks to queue
[2025-05-24T18:25:42.370+0000] {logging_mixin.py:190} INFO - [2025-05-24T18:25:42.370+0000] {dagbag.py:588} INFO - Filling up the DagBag from /home/airflow/.local/lib/python3.12/site-packages/airflow/example_dags/example_inlet_event_extra.py
[2025-05-24T18:25:42.822+0000] {processor.py:925} INFO - DAG(s) 'read_dataset_event_from_classic', 'read_dataset_event' retrieved from /home/airflow/.local/lib/python3.12/site-packages/airflow/example_dags/example_inlet_event_extra.py
[2025-05-24T18:25:42.837+0000] {logging_mixin.py:190} INFO - [2025-05-24T18:25:42.837+0000] {dag.py:3239} INFO - Sync 2 DAGs
[2025-05-24T18:25:42.849+0000] {logging_mixin.py:190} INFO - [2025-05-24T18:25:42.849+0000] {dag.py:4180} INFO - Setting next_dagrun for read_dataset_event to 2025-05-23 00:00:00+00:00, run_after=2025-05-24 00:00:00+00:00
[2025-05-24T18:25:42.852+0000] {logging_mixin.py:190} INFO - [2025-05-24T18:25:42.852+0000] {dag.py:4180} INFO - Setting next_dagrun for read_dataset_event_from_classic to 2025-05-23 00:00:00+00:00, run_after=2025-05-24 00:00:00+00:00
[2025-05-24T18:25:42.860+0000] {processor.py:208} INFO - Processing /home/airflow/.local/lib/python3.12/site-packages/airflow/example_dags/example_inlet_event_extra.py took 0.495 seconds
[2025-05-24T18:26:12.939+0000] {processor.py:186} INFO - Started process (PID=434) to work on /home/airflow/.local/lib/python3.12/site-packages/airflow/example_dags/example_inlet_event_extra.py
[2025-05-24T18:26:12.940+0000] {processor.py:914} INFO - Processing file /home/airflow/.local/lib/python3.12/site-packages/airflow/example_dags/example_inlet_event_extra.py for tasks to queue
[2025-05-24T18:26:12.941+0000] {logging_mixin.py:190} INFO - [2025-05-24T18:26:12.941+0000] {dagbag.py:588} INFO - Filling up the DagBag from /home/airflow/.local/lib/python3.12/site-packages/airflow/example_dags/example_inlet_event_extra.py
[2025-05-24T18:26:13.263+0000] {processor.py:925} INFO - DAG(s) 'read_dataset_event', 'read_dataset_event_from_classic' retrieved from /home/airflow/.local/lib/python3.12/site-packages/airflow/example_dags/example_inlet_event_extra.py
[2025-05-24T18:26:13.274+0000] {logging_mixin.py:190} INFO - [2025-05-24T18:26:13.274+0000] {dag.py:3239} INFO - Sync 2 DAGs
[2025-05-24T18:26:13.287+0000] {logging_mixin.py:190} INFO - [2025-05-24T18:26:13.287+0000] {dag.py:4180} INFO - Setting next_dagrun for read_dataset_event to 2025-05-23 00:00:00+00:00, run_after=2025-05-24 00:00:00+00:00
[2025-05-24T18:26:13.290+0000] {logging_mixin.py:190} INFO - [2025-05-24T18:26:13.290+0000] {dag.py:4180} INFO - Setting next_dagrun for read_dataset_event_from_classic to 2025-05-23 00:00:00+00:00, run_after=2025-05-24 00:00:00+00:00
[2025-05-24T18:26:13.297+0000] {processor.py:208} INFO - Processing /home/airflow/.local/lib/python3.12/site-packages/airflow/example_dags/example_inlet_event_extra.py took 0.362 seconds
[2025-05-24T18:26:43.322+0000] {processor.py:186} INFO - Started process (PID=498) to work on /home/airflow/.local/lib/python3.12/site-packages/airflow/example_dags/example_inlet_event_extra.py
[2025-05-24T18:26:43.322+0000] {processor.py:914} INFO - Processing file /home/airflow/.local/lib/python3.12/site-packages/airflow/example_dags/example_inlet_event_extra.py for tasks to queue
[2025-05-24T18:26:43.324+0000] {logging_mixin.py:190} INFO - [2025-05-24T18:26:43.324+0000] {dagbag.py:588} INFO - Filling up the DagBag from /home/airflow/.local/lib/python3.12/site-packages/airflow/example_dags/example_inlet_event_extra.py
[2025-05-24T18:26:43.633+0000] {processor.py:925} INFO - DAG(s) 'read_dataset_event_from_classic', 'read_dataset_event' retrieved from /home/airflow/.local/lib/python3.12/site-packages/airflow/example_dags/example_inlet_event_extra.py
[2025-05-24T18:26:43.645+0000] {logging_mixin.py:190} INFO - [2025-05-24T18:26:43.645+0000] {dag.py:3239} INFO - Sync 2 DAGs
[2025-05-24T18:26:43.656+0000] {logging_mixin.py:190} INFO - [2025-05-24T18:26:43.655+0000] {dag.py:4180} INFO - Setting next_dagrun for read_dataset_event to 2025-05-23 00:00:00+00:00, run_after=2025-05-24 00:00:00+00:00
[2025-05-24T18:26:43.658+0000] {logging_mixin.py:190} INFO - [2025-05-24T18:26:43.658+0000] {dag.py:4180} INFO - Setting next_dagrun for read_dataset_event_from_classic to 2025-05-23 00:00:00+00:00, run_after=2025-05-24 00:00:00+00:00
[2025-05-24T18:26:43.669+0000] {processor.py:208} INFO - Processing /home/airflow/.local/lib/python3.12/site-packages/airflow/example_dags/example_inlet_event_extra.py took 0.351 seconds
[2025-05-24T18:27:15.867+0000] {processor.py:186} INFO - Started process (PID=562) to work on /home/airflow/.local/lib/python3.12/site-packages/airflow/example_dags/example_inlet_event_extra.py
[2025-05-24T18:27:15.870+0000] {processor.py:914} INFO - Processing file /home/airflow/.local/lib/python3.12/site-packages/airflow/example_dags/example_inlet_event_extra.py for tasks to queue
[2025-05-24T18:27:15.873+0000] {logging_mixin.py:190} INFO - [2025-05-24T18:27:15.872+0000] {dagbag.py:588} INFO - Filling up the DagBag from /home/airflow/.local/lib/python3.12/site-packages/airflow/example_dags/example_inlet_event_extra.py
[2025-05-24T18:27:16.216+0000] {processor.py:925} INFO - DAG(s) 'read_dataset_event', 'read_dataset_event_from_classic' retrieved from /home/airflow/.local/lib/python3.12/site-packages/airflow/example_dags/example_inlet_event_extra.py
[2025-05-24T18:27:16.226+0000] {logging_mixin.py:190} INFO - [2025-05-24T18:27:16.226+0000] {dag.py:3239} INFO - Sync 2 DAGs
[2025-05-24T18:27:16.236+0000] {logging_mixin.py:190} INFO - [2025-05-24T18:27:16.236+0000] {dag.py:4180} INFO - Setting next_dagrun for read_dataset_event to 2025-05-23 00:00:00+00:00, run_after=2025-05-24 00:00:00+00:00
[2025-05-24T18:27:16.238+0000] {logging_mixin.py:190} INFO - [2025-05-24T18:27:16.238+0000] {dag.py:4180} INFO - Setting next_dagrun for read_dataset_event_from_classic to 2025-05-23 00:00:00+00:00, run_after=2025-05-24 00:00:00+00:00
[2025-05-24T18:27:16.247+0000] {processor.py:208} INFO - Processing /home/airflow/.local/lib/python3.12/site-packages/airflow/example_dags/example_inlet_event_extra.py took 0.385 seconds
[2025-05-24T18:27:46.680+0000] {processor.py:186} INFO - Started process (PID=626) to work on /home/airflow/.local/lib/python3.12/site-packages/airflow/example_dags/example_inlet_event_extra.py
[2025-05-24T18:27:46.687+0000] {processor.py:914} INFO - Processing file /home/airflow/.local/lib/python3.12/site-packages/airflow/example_dags/example_inlet_event_extra.py for tasks to queue
[2025-05-24T18:27:46.689+0000] {logging_mixin.py:190} INFO - [2025-05-24T18:27:46.689+0000] {dagbag.py:588} INFO - Filling up the DagBag from /home/airflow/.local/lib/python3.12/site-packages/airflow/example_dags/example_inlet_event_extra.py
[2025-05-24T18:27:47.123+0000] {processor.py:925} INFO - DAG(s) 'read_dataset_event_from_classic', 'read_dataset_event' retrieved from /home/airflow/.local/lib/python3.12/site-packages/airflow/example_dags/example_inlet_event_extra.py
[2025-05-24T18:27:47.136+0000] {logging_mixin.py:190} INFO - [2025-05-24T18:27:47.136+0000] {dag.py:3239} INFO - Sync 2 DAGs
[2025-05-24T18:27:47.147+0000] {logging_mixin.py:190} INFO - [2025-05-24T18:27:47.147+0000] {dag.py:4180} INFO - Setting next_dagrun for read_dataset_event to 2025-05-23 00:00:00+00:00, run_after=2025-05-24 00:00:00+00:00
[2025-05-24T18:27:47.149+0000] {logging_mixin.py:190} INFO - [2025-05-24T18:27:47.149+0000] {dag.py:4180} INFO - Setting next_dagrun for read_dataset_event_from_classic to 2025-05-23 00:00:00+00:00, run_after=2025-05-24 00:00:00+00:00
[2025-05-24T18:27:47.157+0000] {processor.py:208} INFO - Processing /home/airflow/.local/lib/python3.12/site-packages/airflow/example_dags/example_inlet_event_extra.py took 0.485 seconds
[2025-05-24T18:28:17.252+0000] {processor.py:186} INFO - Started process (PID=689) to work on /home/airflow/.local/lib/python3.12/site-packages/airflow/example_dags/example_inlet_event_extra.py
[2025-05-24T18:28:17.253+0000] {processor.py:914} INFO - Processing file /home/airflow/.local/lib/python3.12/site-packages/airflow/example_dags/example_inlet_event_extra.py for tasks to queue
[2025-05-24T18:28:17.255+0000] {logging_mixin.py:190} INFO - [2025-05-24T18:28:17.254+0000] {dagbag.py:588} INFO - Filling up the DagBag from /home/airflow/.local/lib/python3.12/site-packages/airflow/example_dags/example_inlet_event_extra.py
[2025-05-24T18:28:17.582+0000] {processor.py:925} INFO - DAG(s) 'read_dataset_event_from_classic', 'read_dataset_event' retrieved from /home/airflow/.local/lib/python3.12/site-packages/airflow/example_dags/example_inlet_event_extra.py
[2025-05-24T18:28:17.593+0000] {logging_mixin.py:190} INFO - [2025-05-24T18:28:17.592+0000] {dag.py:3239} INFO - Sync 2 DAGs
[2025-05-24T18:28:17.602+0000] {logging_mixin.py:190} INFO - [2025-05-24T18:28:17.602+0000] {dag.py:4180} INFO - Setting next_dagrun for read_dataset_event to 2025-05-23 00:00:00+00:00, run_after=2025-05-24 00:00:00+00:00
[2025-05-24T18:28:17.604+0000] {logging_mixin.py:190} INFO - [2025-05-24T18:28:17.604+0000] {dag.py:4180} INFO - Setting next_dagrun for read_dataset_event_from_classic to 2025-05-23 00:00:00+00:00, run_after=2025-05-24 00:00:00+00:00
[2025-05-24T18:28:17.612+0000] {processor.py:208} INFO - Processing /home/airflow/.local/lib/python3.12/site-packages/airflow/example_dags/example_inlet_event_extra.py took 0.364 seconds
[2025-05-24T18:28:48.846+0000] {processor.py:186} INFO - Started process (PID=753) to work on /home/airflow/.local/lib/python3.12/site-packages/airflow/example_dags/example_inlet_event_extra.py
[2025-05-24T18:28:48.848+0000] {processor.py:914} INFO - Processing file /home/airflow/.local/lib/python3.12/site-packages/airflow/example_dags/example_inlet_event_extra.py for tasks to queue
[2025-05-24T18:28:48.851+0000] {logging_mixin.py:190} INFO - [2025-05-24T18:28:48.851+0000] {dagbag.py:588} INFO - Filling up the DagBag from /home/airflow/.local/lib/python3.12/site-packages/airflow/example_dags/example_inlet_event_extra.py
[2025-05-24T18:28:49.438+0000] {processor.py:925} INFO - DAG(s) 'read_dataset_event', 'read_dataset_event_from_classic' retrieved from /home/airflow/.local/lib/python3.12/site-packages/airflow/example_dags/example_inlet_event_extra.py
[2025-05-24T18:28:49.460+0000] {logging_mixin.py:190} INFO - [2025-05-24T18:28:49.459+0000] {dag.py:3239} INFO - Sync 2 DAGs
[2025-05-24T18:28:49.481+0000] {logging_mixin.py:190} INFO - [2025-05-24T18:28:49.480+0000] {dag.py:4180} INFO - Setting next_dagrun for read_dataset_event to 2025-05-23 00:00:00+00:00, run_after=2025-05-24 00:00:00+00:00
[2025-05-24T18:28:49.484+0000] {logging_mixin.py:190} INFO - [2025-05-24T18:28:49.484+0000] {dag.py:4180} INFO - Setting next_dagrun for read_dataset_event_from_classic to 2025-05-23 00:00:00+00:00, run_after=2025-05-24 00:00:00+00:00
[2025-05-24T18:28:49.495+0000] {processor.py:208} INFO - Processing /home/airflow/.local/lib/python3.12/site-packages/airflow/example_dags/example_inlet_event_extra.py took 0.655 seconds
[2025-05-24T18:29:20.253+0000] {processor.py:186} INFO - Started process (PID=817) to work on /home/airflow/.local/lib/python3.12/site-packages/airflow/example_dags/example_inlet_event_extra.py
[2025-05-24T18:29:20.254+0000] {processor.py:914} INFO - Processing file /home/airflow/.local/lib/python3.12/site-packages/airflow/example_dags/example_inlet_event_extra.py for tasks to queue
[2025-05-24T18:29:20.258+0000] {logging_mixin.py:190} INFO - [2025-05-24T18:29:20.257+0000] {dagbag.py:588} INFO - Filling up the DagBag from /home/airflow/.local/lib/python3.12/site-packages/airflow/example_dags/example_inlet_event_extra.py
[2025-05-24T18:29:20.743+0000] {processor.py:925} INFO - DAG(s) 'read_dataset_event_from_classic', 'read_dataset_event' retrieved from /home/airflow/.local/lib/python3.12/site-packages/airflow/example_dags/example_inlet_event_extra.py
[2025-05-24T18:29:20.759+0000] {logging_mixin.py:190} INFO - [2025-05-24T18:29:20.759+0000] {dag.py:3239} INFO - Sync 2 DAGs
[2025-05-24T18:29:20.774+0000] {logging_mixin.py:190} INFO - [2025-05-24T18:29:20.774+0000] {dag.py:4180} INFO - Setting next_dagrun for read_dataset_event to 2025-05-23 00:00:00+00:00, run_after=2025-05-24 00:00:00+00:00
[2025-05-24T18:29:20.777+0000] {logging_mixin.py:190} INFO - [2025-05-24T18:29:20.777+0000] {dag.py:4180} INFO - Setting next_dagrun for read_dataset_event_from_classic to 2025-05-23 00:00:00+00:00, run_after=2025-05-24 00:00:00+00:00
[2025-05-24T18:29:20.786+0000] {processor.py:208} INFO - Processing /home/airflow/.local/lib/python3.12/site-packages/airflow/example_dags/example_inlet_event_extra.py took 0.553 seconds
[2025-05-24T18:29:51.685+0000] {processor.py:186} INFO - Started process (PID=881) to work on /home/airflow/.local/lib/python3.12/site-packages/airflow/example_dags/example_inlet_event_extra.py
[2025-05-24T18:29:51.686+0000] {processor.py:914} INFO - Processing file /home/airflow/.local/lib/python3.12/site-packages/airflow/example_dags/example_inlet_event_extra.py for tasks to queue
[2025-05-24T18:29:51.689+0000] {logging_mixin.py:190} INFO - [2025-05-24T18:29:51.689+0000] {dagbag.py:588} INFO - Filling up the DagBag from /home/airflow/.local/lib/python3.12/site-packages/airflow/example_dags/example_inlet_event_extra.py
[2025-05-24T18:29:52.014+0000] {processor.py:925} INFO - DAG(s) 'read_dataset_event', 'read_dataset_event_from_classic' retrieved from /home/airflow/.local/lib/python3.12/site-packages/airflow/example_dags/example_inlet_event_extra.py
[2025-05-24T18:29:52.026+0000] {logging_mixin.py:190} INFO - [2025-05-24T18:29:52.026+0000] {dag.py:3239} INFO - Sync 2 DAGs
[2025-05-24T18:29:52.038+0000] {logging_mixin.py:190} INFO - [2025-05-24T18:29:52.038+0000] {dag.py:4180} INFO - Setting next_dagrun for read_dataset_event to 2025-05-23 00:00:00+00:00, run_after=2025-05-24 00:00:00+00:00
[2025-05-24T18:29:52.040+0000] {logging_mixin.py:190} INFO - [2025-05-24T18:29:52.040+0000] {dag.py:4180} INFO - Setting next_dagrun for read_dataset_event_from_classic to 2025-05-23 00:00:00+00:00, run_after=2025-05-24 00:00:00+00:00
[2025-05-24T18:29:52.048+0000] {processor.py:208} INFO - Processing /home/airflow/.local/lib/python3.12/site-packages/airflow/example_dags/example_inlet_event_extra.py took 0.370 seconds
[2025-05-24T18:30:22.455+0000] {processor.py:186} INFO - Started process (PID=945) to work on /home/airflow/.local/lib/python3.12/site-packages/airflow/example_dags/example_inlet_event_extra.py
[2025-05-24T18:30:22.457+0000] {processor.py:914} INFO - Processing file /home/airflow/.local/lib/python3.12/site-packages/airflow/example_dags/example_inlet_event_extra.py for tasks to queue
[2025-05-24T18:30:22.459+0000] {logging_mixin.py:190} INFO - [2025-05-24T18:30:22.458+0000] {dagbag.py:588} INFO - Filling up the DagBag from /home/airflow/.local/lib/python3.12/site-packages/airflow/example_dags/example_inlet_event_extra.py
[2025-05-24T18:30:22.960+0000] {processor.py:925} INFO - DAG(s) 'read_dataset_event', 'read_dataset_event_from_classic' retrieved from /home/airflow/.local/lib/python3.12/site-packages/airflow/example_dags/example_inlet_event_extra.py
[2025-05-24T18:30:22.992+0000] {logging_mixin.py:190} INFO - [2025-05-24T18:30:22.992+0000] {dag.py:3239} INFO - Sync 2 DAGs
[2025-05-24T18:30:23.006+0000] {logging_mixin.py:190} INFO - [2025-05-24T18:30:23.006+0000] {dag.py:4180} INFO - Setting next_dagrun for read_dataset_event to 2025-05-23 00:00:00+00:00, run_after=2025-05-24 00:00:00+00:00
[2025-05-24T18:30:23.009+0000] {logging_mixin.py:190} INFO - [2025-05-24T18:30:23.009+0000] {dag.py:4180} INFO - Setting next_dagrun for read_dataset_event_from_classic to 2025-05-23 00:00:00+00:00, run_after=2025-05-24 00:00:00+00:00
[2025-05-24T18:30:23.017+0000] {processor.py:208} INFO - Processing /home/airflow/.local/lib/python3.12/site-packages/airflow/example_dags/example_inlet_event_extra.py took 0.568 seconds
[2025-05-24T18:30:53.594+0000] {processor.py:186} INFO - Started process (PID=1009) to work on /home/airflow/.local/lib/python3.12/site-packages/airflow/example_dags/example_inlet_event_extra.py
[2025-05-24T18:30:53.596+0000] {processor.py:914} INFO - Processing file /home/airflow/.local/lib/python3.12/site-packages/airflow/example_dags/example_inlet_event_extra.py for tasks to queue
[2025-05-24T18:30:53.599+0000] {logging_mixin.py:190} INFO - [2025-05-24T18:30:53.599+0000] {dagbag.py:588} INFO - Filling up the DagBag from /home/airflow/.local/lib/python3.12/site-packages/airflow/example_dags/example_inlet_event_extra.py
[2025-05-24T18:30:54.501+0000] {processor.py:925} INFO - DAG(s) 'read_dataset_event_from_classic', 'read_dataset_event' retrieved from /home/airflow/.local/lib/python3.12/site-packages/airflow/example_dags/example_inlet_event_extra.py
[2025-05-24T18:30:54.531+0000] {logging_mixin.py:190} INFO - [2025-05-24T18:30:54.531+0000] {dag.py:3239} INFO - Sync 2 DAGs
[2025-05-24T18:30:54.551+0000] {logging_mixin.py:190} INFO - [2025-05-24T18:30:54.550+0000] {dag.py:4180} INFO - Setting next_dagrun for read_dataset_event to 2025-05-23 00:00:00+00:00, run_after=2025-05-24 00:00:00+00:00
[2025-05-24T18:30:54.558+0000] {logging_mixin.py:190} INFO - [2025-05-24T18:30:54.558+0000] {dag.py:4180} INFO - Setting next_dagrun for read_dataset_event_from_classic to 2025-05-23 00:00:00+00:00, run_after=2025-05-24 00:00:00+00:00
[2025-05-24T18:30:54.576+0000] {processor.py:208} INFO - Processing /home/airflow/.local/lib/python3.12/site-packages/airflow/example_dags/example_inlet_event_extra.py took 0.990 seconds
[2025-05-24T18:31:25.150+0000] {processor.py:186} INFO - Started process (PID=1073) to work on /home/airflow/.local/lib/python3.12/site-packages/airflow/example_dags/example_inlet_event_extra.py
[2025-05-24T18:31:25.151+0000] {processor.py:914} INFO - Processing file /home/airflow/.local/lib/python3.12/site-packages/airflow/example_dags/example_inlet_event_extra.py for tasks to queue
[2025-05-24T18:31:25.154+0000] {logging_mixin.py:190} INFO - [2025-05-24T18:31:25.154+0000] {dagbag.py:588} INFO - Filling up the DagBag from /home/airflow/.local/lib/python3.12/site-packages/airflow/example_dags/example_inlet_event_extra.py
[2025-05-24T18:31:25.678+0000] {processor.py:925} INFO - DAG(s) 'read_dataset_event_from_classic', 'read_dataset_event' retrieved from /home/airflow/.local/lib/python3.12/site-packages/airflow/example_dags/example_inlet_event_extra.py
[2025-05-24T18:31:25.694+0000] {logging_mixin.py:190} INFO - [2025-05-24T18:31:25.693+0000] {dag.py:3239} INFO - Sync 2 DAGs
[2025-05-24T18:31:25.708+0000] {logging_mixin.py:190} INFO - [2025-05-24T18:31:25.708+0000] {dag.py:4180} INFO - Setting next_dagrun for read_dataset_event to 2025-05-23 00:00:00+00:00, run_after=2025-05-24 00:00:00+00:00
[2025-05-24T18:31:25.710+0000] {logging_mixin.py:190} INFO - [2025-05-24T18:31:25.710+0000] {dag.py:4180} INFO - Setting next_dagrun for read_dataset_event_from_classic to 2025-05-23 00:00:00+00:00, run_after=2025-05-24 00:00:00+00:00
[2025-05-24T18:31:25.722+0000] {processor.py:208} INFO - Processing /home/airflow/.local/lib/python3.12/site-packages/airflow/example_dags/example_inlet_event_extra.py took 0.582 seconds
[2025-05-24T18:31:56.630+0000] {processor.py:186} INFO - Started process (PID=1137) to work on /home/airflow/.local/lib/python3.12/site-packages/airflow/example_dags/example_inlet_event_extra.py
[2025-05-24T18:31:56.631+0000] {processor.py:914} INFO - Processing file /home/airflow/.local/lib/python3.12/site-packages/airflow/example_dags/example_inlet_event_extra.py for tasks to queue
[2025-05-24T18:31:56.634+0000] {logging_mixin.py:190} INFO - [2025-05-24T18:31:56.633+0000] {dagbag.py:588} INFO - Filling up the DagBag from /home/airflow/.local/lib/python3.12/site-packages/airflow/example_dags/example_inlet_event_extra.py
[2025-05-24T18:31:57.471+0000] {processor.py:925} INFO - DAG(s) 'read_dataset_event_from_classic', 'read_dataset_event' retrieved from /home/airflow/.local/lib/python3.12/site-packages/airflow/example_dags/example_inlet_event_extra.py
[2025-05-24T18:31:57.506+0000] {logging_mixin.py:190} INFO - [2025-05-24T18:31:57.506+0000] {dag.py:3239} INFO - Sync 2 DAGs
[2025-05-24T18:31:57.529+0000] {logging_mixin.py:190} INFO - [2025-05-24T18:31:57.529+0000] {dag.py:4180} INFO - Setting next_dagrun for read_dataset_event to 2025-05-23 00:00:00+00:00, run_after=2025-05-24 00:00:00+00:00
[2025-05-24T18:31:57.532+0000] {logging_mixin.py:190} INFO - [2025-05-24T18:31:57.532+0000] {dag.py:4180} INFO - Setting next_dagrun for read_dataset_event_from_classic to 2025-05-23 00:00:00+00:00, run_after=2025-05-24 00:00:00+00:00
[2025-05-24T18:31:57.543+0000] {processor.py:208} INFO - Processing /home/airflow/.local/lib/python3.12/site-packages/airflow/example_dags/example_inlet_event_extra.py took 0.919 seconds
[2025-05-24T18:32:28.477+0000] {processor.py:186} INFO - Started process (PID=1203) to work on /home/airflow/.local/lib/python3.12/site-packages/airflow/example_dags/example_inlet_event_extra.py
[2025-05-24T18:32:28.480+0000] {processor.py:914} INFO - Processing file /home/airflow/.local/lib/python3.12/site-packages/airflow/example_dags/example_inlet_event_extra.py for tasks to queue
[2025-05-24T18:32:28.487+0000] {logging_mixin.py:190} INFO - [2025-05-24T18:32:28.486+0000] {dagbag.py:588} INFO - Filling up the DagBag from /home/airflow/.local/lib/python3.12/site-packages/airflow/example_dags/example_inlet_event_extra.py
[2025-05-24T18:32:29.422+0000] {processor.py:925} INFO - DAG(s) 'read_dataset_event_from_classic', 'read_dataset_event' retrieved from /home/airflow/.local/lib/python3.12/site-packages/airflow/example_dags/example_inlet_event_extra.py
[2025-05-24T18:32:29.445+0000] {logging_mixin.py:190} INFO - [2025-05-24T18:32:29.445+0000] {dag.py:3239} INFO - Sync 2 DAGs
[2025-05-24T18:32:29.524+0000] {logging_mixin.py:190} INFO - [2025-05-24T18:32:29.523+0000] {dag.py:4180} INFO - Setting next_dagrun for read_dataset_event to 2025-05-23 00:00:00+00:00, run_after=2025-05-24 00:00:00+00:00
[2025-05-24T18:32:29.529+0000] {logging_mixin.py:190} INFO - [2025-05-24T18:32:29.528+0000] {dag.py:4180} INFO - Setting next_dagrun for read_dataset_event_from_classic to 2025-05-23 00:00:00+00:00, run_after=2025-05-24 00:00:00+00:00
[2025-05-24T18:32:29.546+0000] {processor.py:208} INFO - Processing /home/airflow/.local/lib/python3.12/site-packages/airflow/example_dags/example_inlet_event_extra.py took 1.076 seconds
[2025-05-24T18:32:59.595+0000] {processor.py:186} INFO - Started process (PID=1266) to work on /home/airflow/.local/lib/python3.12/site-packages/airflow/example_dags/example_inlet_event_extra.py
[2025-05-24T18:32:59.596+0000] {processor.py:914} INFO - Processing file /home/airflow/.local/lib/python3.12/site-packages/airflow/example_dags/example_inlet_event_extra.py for tasks to queue
[2025-05-24T18:32:59.598+0000] {logging_mixin.py:190} INFO - [2025-05-24T18:32:59.598+0000] {dagbag.py:588} INFO - Filling up the DagBag from /home/airflow/.local/lib/python3.12/site-packages/airflow/example_dags/example_inlet_event_extra.py
[2025-05-24T18:32:59.937+0000] {processor.py:925} INFO - DAG(s) 'read_dataset_event', 'read_dataset_event_from_classic' retrieved from /home/airflow/.local/lib/python3.12/site-packages/airflow/example_dags/example_inlet_event_extra.py
[2025-05-24T18:32:59.951+0000] {logging_mixin.py:190} INFO - [2025-05-24T18:32:59.951+0000] {dag.py:3239} INFO - Sync 2 DAGs
[2025-05-24T18:32:59.963+0000] {logging_mixin.py:190} INFO - [2025-05-24T18:32:59.962+0000] {dag.py:4180} INFO - Setting next_dagrun for read_dataset_event to 2025-05-23 00:00:00+00:00, run_after=2025-05-24 00:00:00+00:00
[2025-05-24T18:32:59.965+0000] {logging_mixin.py:190} INFO - [2025-05-24T18:32:59.965+0000] {dag.py:4180} INFO - Setting next_dagrun for read_dataset_event_from_classic to 2025-05-23 00:00:00+00:00, run_after=2025-05-24 00:00:00+00:00
[2025-05-24T18:32:59.973+0000] {processor.py:208} INFO - Processing /home/airflow/.local/lib/python3.12/site-packages/airflow/example_dags/example_inlet_event_extra.py took 0.383 seconds
[2025-05-24T18:33:30.628+0000] {processor.py:186} INFO - Started process (PID=1331) to work on /home/airflow/.local/lib/python3.12/site-packages/airflow/example_dags/example_inlet_event_extra.py
[2025-05-24T18:33:30.629+0000] {processor.py:914} INFO - Processing file /home/airflow/.local/lib/python3.12/site-packages/airflow/example_dags/example_inlet_event_extra.py for tasks to queue
[2025-05-24T18:33:30.631+0000] {logging_mixin.py:190} INFO - [2025-05-24T18:33:30.631+0000] {dagbag.py:588} INFO - Filling up the DagBag from /home/airflow/.local/lib/python3.12/site-packages/airflow/example_dags/example_inlet_event_extra.py
[2025-05-24T18:33:31.070+0000] {processor.py:925} INFO - DAG(s) 'read_dataset_event_from_classic', 'read_dataset_event' retrieved from /home/airflow/.local/lib/python3.12/site-packages/airflow/example_dags/example_inlet_event_extra.py
[2025-05-24T18:33:31.088+0000] {logging_mixin.py:190} INFO - [2025-05-24T18:33:31.087+0000] {dag.py:3239} INFO - Sync 2 DAGs
[2025-05-24T18:33:31.107+0000] {logging_mixin.py:190} INFO - [2025-05-24T18:33:31.107+0000] {dag.py:4180} INFO - Setting next_dagrun for read_dataset_event to 2025-05-23 00:00:00+00:00, run_after=2025-05-24 00:00:00+00:00
[2025-05-24T18:33:31.109+0000] {logging_mixin.py:190} INFO - [2025-05-24T18:33:31.109+0000] {dag.py:4180} INFO - Setting next_dagrun for read_dataset_event_from_classic to 2025-05-23 00:00:00+00:00, run_after=2025-05-24 00:00:00+00:00
[2025-05-24T18:33:31.123+0000] {processor.py:208} INFO - Processing /home/airflow/.local/lib/python3.12/site-packages/airflow/example_dags/example_inlet_event_extra.py took 0.500 seconds
[2025-05-24T18:34:01.313+0000] {processor.py:186} INFO - Started process (PID=1396) to work on /home/airflow/.local/lib/python3.12/site-packages/airflow/example_dags/example_inlet_event_extra.py
[2025-05-24T18:34:01.314+0000] {processor.py:914} INFO - Processing file /home/airflow/.local/lib/python3.12/site-packages/airflow/example_dags/example_inlet_event_extra.py for tasks to queue
[2025-05-24T18:34:01.316+0000] {logging_mixin.py:190} INFO - [2025-05-24T18:34:01.316+0000] {dagbag.py:588} INFO - Filling up the DagBag from /home/airflow/.local/lib/python3.12/site-packages/airflow/example_dags/example_inlet_event_extra.py
[2025-05-24T18:34:01.623+0000] {processor.py:925} INFO - DAG(s) 'read_dataset_event_from_classic', 'read_dataset_event' retrieved from /home/airflow/.local/lib/python3.12/site-packages/airflow/example_dags/example_inlet_event_extra.py
[2025-05-24T18:34:01.634+0000] {logging_mixin.py:190} INFO - [2025-05-24T18:34:01.634+0000] {dag.py:3239} INFO - Sync 2 DAGs
[2025-05-24T18:34:01.644+0000] {logging_mixin.py:190} INFO - [2025-05-24T18:34:01.644+0000] {dag.py:4180} INFO - Setting next_dagrun for read_dataset_event to 2025-05-23 00:00:00+00:00, run_after=2025-05-24 00:00:00+00:00
[2025-05-24T18:34:01.646+0000] {logging_mixin.py:190} INFO - [2025-05-24T18:34:01.646+0000] {dag.py:4180} INFO - Setting next_dagrun for read_dataset_event_from_classic to 2025-05-23 00:00:00+00:00, run_after=2025-05-24 00:00:00+00:00
[2025-05-24T18:34:01.655+0000] {processor.py:208} INFO - Processing /home/airflow/.local/lib/python3.12/site-packages/airflow/example_dags/example_inlet_event_extra.py took 0.349 seconds
[2025-05-24T18:34:32.197+0000] {processor.py:186} INFO - Started process (PID=1460) to work on /home/airflow/.local/lib/python3.12/site-packages/airflow/example_dags/example_inlet_event_extra.py
[2025-05-24T18:34:32.198+0000] {processor.py:914} INFO - Processing file /home/airflow/.local/lib/python3.12/site-packages/airflow/example_dags/example_inlet_event_extra.py for tasks to queue
[2025-05-24T18:34:32.200+0000] {logging_mixin.py:190} INFO - [2025-05-24T18:34:32.199+0000] {dagbag.py:588} INFO - Filling up the DagBag from /home/airflow/.local/lib/python3.12/site-packages/airflow/example_dags/example_inlet_event_extra.py
[2025-05-24T18:34:32.562+0000] {processor.py:925} INFO - DAG(s) 'read_dataset_event', 'read_dataset_event_from_classic' retrieved from /home/airflow/.local/lib/python3.12/site-packages/airflow/example_dags/example_inlet_event_extra.py
[2025-05-24T18:34:32.580+0000] {logging_mixin.py:190} INFO - [2025-05-24T18:34:32.579+0000] {dag.py:3239} INFO - Sync 2 DAGs
[2025-05-24T18:34:32.599+0000] {logging_mixin.py:190} INFO - [2025-05-24T18:34:32.598+0000] {dag.py:4180} INFO - Setting next_dagrun for read_dataset_event to 2025-05-23 00:00:00+00:00, run_after=2025-05-24 00:00:00+00:00
[2025-05-24T18:34:32.601+0000] {logging_mixin.py:190} INFO - [2025-05-24T18:34:32.601+0000] {dag.py:4180} INFO - Setting next_dagrun for read_dataset_event_from_classic to 2025-05-23 00:00:00+00:00, run_after=2025-05-24 00:00:00+00:00
[2025-05-24T18:34:32.609+0000] {processor.py:208} INFO - Processing /home/airflow/.local/lib/python3.12/site-packages/airflow/example_dags/example_inlet_event_extra.py took 0.419 seconds
[2025-05-24T18:35:03.760+0000] {processor.py:186} INFO - Started process (PID=1524) to work on /home/airflow/.local/lib/python3.12/site-packages/airflow/example_dags/example_inlet_event_extra.py
[2025-05-24T18:35:03.760+0000] {processor.py:914} INFO - Processing file /home/airflow/.local/lib/python3.12/site-packages/airflow/example_dags/example_inlet_event_extra.py for tasks to queue
[2025-05-24T18:35:03.762+0000] {logging_mixin.py:190} INFO - [2025-05-24T18:35:03.762+0000] {dagbag.py:588} INFO - Filling up the DagBag from /home/airflow/.local/lib/python3.12/site-packages/airflow/example_dags/example_inlet_event_extra.py
[2025-05-24T18:35:04.075+0000] {processor.py:925} INFO - DAG(s) 'read_dataset_event_from_classic', 'read_dataset_event' retrieved from /home/airflow/.local/lib/python3.12/site-packages/airflow/example_dags/example_inlet_event_extra.py
[2025-05-24T18:35:04.095+0000] {logging_mixin.py:190} INFO - [2025-05-24T18:35:04.094+0000] {dag.py:3239} INFO - Sync 2 DAGs
[2025-05-24T18:35:04.114+0000] {logging_mixin.py:190} INFO - [2025-05-24T18:35:04.113+0000] {dag.py:4180} INFO - Setting next_dagrun for read_dataset_event to 2025-05-23 00:00:00+00:00, run_after=2025-05-24 00:00:00+00:00
[2025-05-24T18:35:04.116+0000] {logging_mixin.py:190} INFO - [2025-05-24T18:35:04.116+0000] {dag.py:4180} INFO - Setting next_dagrun for read_dataset_event_from_classic to 2025-05-23 00:00:00+00:00, run_after=2025-05-24 00:00:00+00:00
[2025-05-24T18:35:04.127+0000] {processor.py:208} INFO - Processing /home/airflow/.local/lib/python3.12/site-packages/airflow/example_dags/example_inlet_event_extra.py took 0.372 seconds
[2025-05-24T18:35:34.773+0000] {processor.py:186} INFO - Started process (PID=1588) to work on /home/airflow/.local/lib/python3.12/site-packages/airflow/example_dags/example_inlet_event_extra.py
[2025-05-24T18:35:34.774+0000] {processor.py:914} INFO - Processing file /home/airflow/.local/lib/python3.12/site-packages/airflow/example_dags/example_inlet_event_extra.py for tasks to queue
[2025-05-24T18:35:34.775+0000] {logging_mixin.py:190} INFO - [2025-05-24T18:35:34.775+0000] {dagbag.py:588} INFO - Filling up the DagBag from /home/airflow/.local/lib/python3.12/site-packages/airflow/example_dags/example_inlet_event_extra.py
[2025-05-24T18:35:35.073+0000] {processor.py:925} INFO - DAG(s) 'read_dataset_event', 'read_dataset_event_from_classic' retrieved from /home/airflow/.local/lib/python3.12/site-packages/airflow/example_dags/example_inlet_event_extra.py
[2025-05-24T18:35:35.084+0000] {logging_mixin.py:190} INFO - [2025-05-24T18:35:35.084+0000] {dag.py:3239} INFO - Sync 2 DAGs
[2025-05-24T18:35:35.097+0000] {logging_mixin.py:190} INFO - [2025-05-24T18:35:35.097+0000] {dag.py:4180} INFO - Setting next_dagrun for read_dataset_event to 2025-05-23 00:00:00+00:00, run_after=2025-05-24 00:00:00+00:00
[2025-05-24T18:35:35.099+0000] {logging_mixin.py:190} INFO - [2025-05-24T18:35:35.099+0000] {dag.py:4180} INFO - Setting next_dagrun for read_dataset_event_from_classic to 2025-05-23 00:00:00+00:00, run_after=2025-05-24 00:00:00+00:00
[2025-05-24T18:35:35.107+0000] {processor.py:208} INFO - Processing /home/airflow/.local/lib/python3.12/site-packages/airflow/example_dags/example_inlet_event_extra.py took 0.337 seconds
[2025-05-24T18:36:05.985+0000] {processor.py:186} INFO - Started process (PID=1648) to work on /home/airflow/.local/lib/python3.12/site-packages/airflow/example_dags/example_inlet_event_extra.py
[2025-05-24T18:36:05.987+0000] {processor.py:914} INFO - Processing file /home/airflow/.local/lib/python3.12/site-packages/airflow/example_dags/example_inlet_event_extra.py for tasks to queue
[2025-05-24T18:36:05.988+0000] {logging_mixin.py:190} INFO - [2025-05-24T18:36:05.988+0000] {dagbag.py:588} INFO - Filling up the DagBag from /home/airflow/.local/lib/python3.12/site-packages/airflow/example_dags/example_inlet_event_extra.py
[2025-05-24T18:36:06.334+0000] {processor.py:925} INFO - DAG(s) 'read_dataset_event', 'read_dataset_event_from_classic' retrieved from /home/airflow/.local/lib/python3.12/site-packages/airflow/example_dags/example_inlet_event_extra.py
[2025-05-24T18:36:06.343+0000] {logging_mixin.py:190} INFO - [2025-05-24T18:36:06.343+0000] {dag.py:3239} INFO - Sync 2 DAGs
[2025-05-24T18:36:06.354+0000] {logging_mixin.py:190} INFO - [2025-05-24T18:36:06.354+0000] {dag.py:4180} INFO - Setting next_dagrun for read_dataset_event to 2025-05-23 00:00:00+00:00, run_after=2025-05-24 00:00:00+00:00
[2025-05-24T18:36:06.356+0000] {logging_mixin.py:190} INFO - [2025-05-24T18:36:06.356+0000] {dag.py:4180} INFO - Setting next_dagrun for read_dataset_event_from_classic to 2025-05-23 00:00:00+00:00, run_after=2025-05-24 00:00:00+00:00
[2025-05-24T18:36:06.362+0000] {processor.py:208} INFO - Processing /home/airflow/.local/lib/python3.12/site-packages/airflow/example_dags/example_inlet_event_extra.py took 0.382 seconds
[2025-05-24T18:36:36.987+0000] {processor.py:186} INFO - Started process (PID=1711) to work on /home/airflow/.local/lib/python3.12/site-packages/airflow/example_dags/example_inlet_event_extra.py
[2025-05-24T18:36:36.987+0000] {processor.py:914} INFO - Processing file /home/airflow/.local/lib/python3.12/site-packages/airflow/example_dags/example_inlet_event_extra.py for tasks to queue
[2025-05-24T18:36:36.989+0000] {logging_mixin.py:190} INFO - [2025-05-24T18:36:36.989+0000] {dagbag.py:588} INFO - Filling up the DagBag from /home/airflow/.local/lib/python3.12/site-packages/airflow/example_dags/example_inlet_event_extra.py
[2025-05-24T18:36:37.352+0000] {processor.py:925} INFO - DAG(s) 'read_dataset_event', 'read_dataset_event_from_classic' retrieved from /home/airflow/.local/lib/python3.12/site-packages/airflow/example_dags/example_inlet_event_extra.py
[2025-05-24T18:36:37.360+0000] {logging_mixin.py:190} INFO - [2025-05-24T18:36:37.360+0000] {dag.py:3239} INFO - Sync 2 DAGs
[2025-05-24T18:36:37.373+0000] {logging_mixin.py:190} INFO - [2025-05-24T18:36:37.373+0000] {dag.py:4180} INFO - Setting next_dagrun for read_dataset_event to 2025-05-23 00:00:00+00:00, run_after=2025-05-24 00:00:00+00:00
[2025-05-24T18:36:37.376+0000] {logging_mixin.py:190} INFO - [2025-05-24T18:36:37.375+0000] {dag.py:4180} INFO - Setting next_dagrun for read_dataset_event_from_classic to 2025-05-23 00:00:00+00:00, run_after=2025-05-24 00:00:00+00:00
[2025-05-24T18:36:37.384+0000] {processor.py:208} INFO - Processing /home/airflow/.local/lib/python3.12/site-packages/airflow/example_dags/example_inlet_event_extra.py took 0.401 seconds
[2025-05-24T18:37:08.645+0000] {processor.py:186} INFO - Started process (PID=1775) to work on /home/airflow/.local/lib/python3.12/site-packages/airflow/example_dags/example_inlet_event_extra.py
[2025-05-24T18:37:08.645+0000] {processor.py:914} INFO - Processing file /home/airflow/.local/lib/python3.12/site-packages/airflow/example_dags/example_inlet_event_extra.py for tasks to queue
[2025-05-24T18:37:08.647+0000] {logging_mixin.py:190} INFO - [2025-05-24T18:37:08.647+0000] {dagbag.py:588} INFO - Filling up the DagBag from /home/airflow/.local/lib/python3.12/site-packages/airflow/example_dags/example_inlet_event_extra.py
[2025-05-24T18:37:09.132+0000] {processor.py:925} INFO - DAG(s) 'read_dataset_event_from_classic', 'read_dataset_event' retrieved from /home/airflow/.local/lib/python3.12/site-packages/airflow/example_dags/example_inlet_event_extra.py
[2025-05-24T18:37:09.155+0000] {logging_mixin.py:190} INFO - [2025-05-24T18:37:09.155+0000] {dag.py:3239} INFO - Sync 2 DAGs
[2025-05-24T18:37:09.175+0000] {logging_mixin.py:190} INFO - [2025-05-24T18:37:09.175+0000] {dag.py:4180} INFO - Setting next_dagrun for read_dataset_event to 2025-05-23 00:00:00+00:00, run_after=2025-05-24 00:00:00+00:00
[2025-05-24T18:37:09.179+0000] {logging_mixin.py:190} INFO - [2025-05-24T18:37:09.179+0000] {dag.py:4180} INFO - Setting next_dagrun for read_dataset_event_from_classic to 2025-05-23 00:00:00+00:00, run_after=2025-05-24 00:00:00+00:00
[2025-05-24T18:37:09.190+0000] {processor.py:208} INFO - Processing /home/airflow/.local/lib/python3.12/site-packages/airflow/example_dags/example_inlet_event_extra.py took 0.549 seconds
[2025-05-24T18:37:40.600+0000] {processor.py:186} INFO - Started process (PID=1843) to work on /home/airflow/.local/lib/python3.12/site-packages/airflow/example_dags/example_inlet_event_extra.py
[2025-05-24T18:37:40.601+0000] {processor.py:914} INFO - Processing file /home/airflow/.local/lib/python3.12/site-packages/airflow/example_dags/example_inlet_event_extra.py for tasks to queue
[2025-05-24T18:37:40.602+0000] {logging_mixin.py:190} INFO - [2025-05-24T18:37:40.602+0000] {dagbag.py:588} INFO - Filling up the DagBag from /home/airflow/.local/lib/python3.12/site-packages/airflow/example_dags/example_inlet_event_extra.py
[2025-05-24T18:37:40.936+0000] {processor.py:925} INFO - DAG(s) 'read_dataset_event', 'read_dataset_event_from_classic' retrieved from /home/airflow/.local/lib/python3.12/site-packages/airflow/example_dags/example_inlet_event_extra.py
[2025-05-24T18:37:40.945+0000] {logging_mixin.py:190} INFO - [2025-05-24T18:37:40.945+0000] {dag.py:3239} INFO - Sync 2 DAGs
[2025-05-24T18:37:40.955+0000] {logging_mixin.py:190} INFO - [2025-05-24T18:37:40.955+0000] {dag.py:4180} INFO - Setting next_dagrun for read_dataset_event to 2025-05-23 00:00:00+00:00, run_after=2025-05-24 00:00:00+00:00
[2025-05-24T18:37:40.957+0000] {logging_mixin.py:190} INFO - [2025-05-24T18:37:40.957+0000] {dag.py:4180} INFO - Setting next_dagrun for read_dataset_event_from_classic to 2025-05-23 00:00:00+00:00, run_after=2025-05-24 00:00:00+00:00
[2025-05-24T18:37:40.964+0000] {processor.py:208} INFO - Processing /home/airflow/.local/lib/python3.12/site-packages/airflow/example_dags/example_inlet_event_extra.py took 0.368 seconds
[2025-05-24T18:38:12.576+0000] {processor.py:186} INFO - Started process (PID=1911) to work on /home/airflow/.local/lib/python3.12/site-packages/airflow/example_dags/example_inlet_event_extra.py
[2025-05-24T18:38:12.577+0000] {processor.py:914} INFO - Processing file /home/airflow/.local/lib/python3.12/site-packages/airflow/example_dags/example_inlet_event_extra.py for tasks to queue
[2025-05-24T18:38:12.579+0000] {logging_mixin.py:190} INFO - [2025-05-24T18:38:12.578+0000] {dagbag.py:588} INFO - Filling up the DagBag from /home/airflow/.local/lib/python3.12/site-packages/airflow/example_dags/example_inlet_event_extra.py
[2025-05-24T18:38:12.911+0000] {processor.py:925} INFO - DAG(s) 'read_dataset_event', 'read_dataset_event_from_classic' retrieved from /home/airflow/.local/lib/python3.12/site-packages/airflow/example_dags/example_inlet_event_extra.py
[2025-05-24T18:38:12.922+0000] {logging_mixin.py:190} INFO - [2025-05-24T18:38:12.922+0000] {dag.py:3239} INFO - Sync 2 DAGs
[2025-05-24T18:38:12.933+0000] {logging_mixin.py:190} INFO - [2025-05-24T18:38:12.933+0000] {dag.py:4180} INFO - Setting next_dagrun for read_dataset_event to 2025-05-23 00:00:00+00:00, run_after=2025-05-24 00:00:00+00:00
[2025-05-24T18:38:12.935+0000] {logging_mixin.py:190} INFO - [2025-05-24T18:38:12.935+0000] {dag.py:4180} INFO - Setting next_dagrun for read_dataset_event_from_classic to 2025-05-23 00:00:00+00:00, run_after=2025-05-24 00:00:00+00:00
[2025-05-24T18:38:12.942+0000] {processor.py:208} INFO - Processing /home/airflow/.local/lib/python3.12/site-packages/airflow/example_dags/example_inlet_event_extra.py took 0.370 seconds
[2025-05-24T18:38:44.126+0000] {processor.py:186} INFO - Started process (PID=1967) to work on /home/airflow/.local/lib/python3.12/site-packages/airflow/example_dags/example_inlet_event_extra.py
[2025-05-24T18:38:44.128+0000] {processor.py:914} INFO - Processing file /home/airflow/.local/lib/python3.12/site-packages/airflow/example_dags/example_inlet_event_extra.py for tasks to queue
[2025-05-24T18:38:44.134+0000] {logging_mixin.py:190} INFO - [2025-05-24T18:38:44.133+0000] {dagbag.py:588} INFO - Filling up the DagBag from /home/airflow/.local/lib/python3.12/site-packages/airflow/example_dags/example_inlet_event_extra.py
[2025-05-24T18:38:44.740+0000] {processor.py:925} INFO - DAG(s) 'read_dataset_event_from_classic', 'read_dataset_event' retrieved from /home/airflow/.local/lib/python3.12/site-packages/airflow/example_dags/example_inlet_event_extra.py
[2025-05-24T18:38:44.753+0000] {logging_mixin.py:190} INFO - [2025-05-24T18:38:44.752+0000] {dag.py:3239} INFO - Sync 2 DAGs
[2025-05-24T18:38:44.770+0000] {logging_mixin.py:190} INFO - [2025-05-24T18:38:44.770+0000] {dag.py:4180} INFO - Setting next_dagrun for read_dataset_event to 2025-05-23 00:00:00+00:00, run_after=2025-05-24 00:00:00+00:00
[2025-05-24T18:38:44.773+0000] {logging_mixin.py:190} INFO - [2025-05-24T18:38:44.772+0000] {dag.py:4180} INFO - Setting next_dagrun for read_dataset_event_from_classic to 2025-05-23 00:00:00+00:00, run_after=2025-05-24 00:00:00+00:00
[2025-05-24T18:38:44.782+0000] {processor.py:208} INFO - Processing /home/airflow/.local/lib/python3.12/site-packages/airflow/example_dags/example_inlet_event_extra.py took 0.666 seconds
[2025-05-24T18:39:14.829+0000] {processor.py:186} INFO - Started process (PID=2032) to work on /home/airflow/.local/lib/python3.12/site-packages/airflow/example_dags/example_inlet_event_extra.py
[2025-05-24T18:39:14.830+0000] {processor.py:914} INFO - Processing file /home/airflow/.local/lib/python3.12/site-packages/airflow/example_dags/example_inlet_event_extra.py for tasks to queue
[2025-05-24T18:39:14.832+0000] {logging_mixin.py:190} INFO - [2025-05-24T18:39:14.832+0000] {dagbag.py:588} INFO - Filling up the DagBag from /home/airflow/.local/lib/python3.12/site-packages/airflow/example_dags/example_inlet_event_extra.py
[2025-05-24T18:39:15.138+0000] {processor.py:925} INFO - DAG(s) 'read_dataset_event', 'read_dataset_event_from_classic' retrieved from /home/airflow/.local/lib/python3.12/site-packages/airflow/example_dags/example_inlet_event_extra.py
[2025-05-24T18:39:15.148+0000] {logging_mixin.py:190} INFO - [2025-05-24T18:39:15.148+0000] {dag.py:3239} INFO - Sync 2 DAGs
[2025-05-24T18:39:15.160+0000] {logging_mixin.py:190} INFO - [2025-05-24T18:39:15.160+0000] {dag.py:4180} INFO - Setting next_dagrun for read_dataset_event to 2025-05-23 00:00:00+00:00, run_after=2025-05-24 00:00:00+00:00
[2025-05-24T18:39:15.162+0000] {logging_mixin.py:190} INFO - [2025-05-24T18:39:15.162+0000] {dag.py:4180} INFO - Setting next_dagrun for read_dataset_event_from_classic to 2025-05-23 00:00:00+00:00, run_after=2025-05-24 00:00:00+00:00
[2025-05-24T18:39:15.170+0000] {processor.py:208} INFO - Processing /home/airflow/.local/lib/python3.12/site-packages/airflow/example_dags/example_inlet_event_extra.py took 0.344 seconds
[2025-05-24T18:39:46.721+0000] {processor.py:186} INFO - Started process (PID=2095) to work on /home/airflow/.local/lib/python3.12/site-packages/airflow/example_dags/example_inlet_event_extra.py
[2025-05-24T18:39:46.722+0000] {processor.py:914} INFO - Processing file /home/airflow/.local/lib/python3.12/site-packages/airflow/example_dags/example_inlet_event_extra.py for tasks to queue
[2025-05-24T18:39:46.726+0000] {logging_mixin.py:190} INFO - [2025-05-24T18:39:46.726+0000] {dagbag.py:588} INFO - Filling up the DagBag from /home/airflow/.local/lib/python3.12/site-packages/airflow/example_dags/example_inlet_event_extra.py
[2025-05-24T18:39:47.307+0000] {processor.py:925} INFO - DAG(s) 'read_dataset_event', 'read_dataset_event_from_classic' retrieved from /home/airflow/.local/lib/python3.12/site-packages/airflow/example_dags/example_inlet_event_extra.py
[2025-05-24T18:39:47.318+0000] {logging_mixin.py:190} INFO - [2025-05-24T18:39:47.318+0000] {dag.py:3239} INFO - Sync 2 DAGs
[2025-05-24T18:39:47.330+0000] {logging_mixin.py:190} INFO - [2025-05-24T18:39:47.330+0000] {dag.py:4180} INFO - Setting next_dagrun for read_dataset_event to 2025-05-23 00:00:00+00:00, run_after=2025-05-24 00:00:00+00:00
[2025-05-24T18:39:47.333+0000] {logging_mixin.py:190} INFO - [2025-05-24T18:39:47.333+0000] {dag.py:4180} INFO - Setting next_dagrun for read_dataset_event_from_classic to 2025-05-23 00:00:00+00:00, run_after=2025-05-24 00:00:00+00:00
[2025-05-24T18:39:47.342+0000] {processor.py:208} INFO - Processing /home/airflow/.local/lib/python3.12/site-packages/airflow/example_dags/example_inlet_event_extra.py took 0.626 seconds
[2025-05-24T18:40:18.100+0000] {processor.py:186} INFO - Started process (PID=2159) to work on /home/airflow/.local/lib/python3.12/site-packages/airflow/example_dags/example_inlet_event_extra.py
[2025-05-24T18:40:18.101+0000] {processor.py:914} INFO - Processing file /home/airflow/.local/lib/python3.12/site-packages/airflow/example_dags/example_inlet_event_extra.py for tasks to queue
[2025-05-24T18:40:18.103+0000] {logging_mixin.py:190} INFO - [2025-05-24T18:40:18.103+0000] {dagbag.py:588} INFO - Filling up the DagBag from /home/airflow/.local/lib/python3.12/site-packages/airflow/example_dags/example_inlet_event_extra.py
[2025-05-24T18:40:18.429+0000] {processor.py:925} INFO - DAG(s) 'read_dataset_event_from_classic', 'read_dataset_event' retrieved from /home/airflow/.local/lib/python3.12/site-packages/airflow/example_dags/example_inlet_event_extra.py
[2025-05-24T18:40:18.439+0000] {logging_mixin.py:190} INFO - [2025-05-24T18:40:18.439+0000] {dag.py:3239} INFO - Sync 2 DAGs
[2025-05-24T18:40:18.449+0000] {logging_mixin.py:190} INFO - [2025-05-24T18:40:18.449+0000] {dag.py:4180} INFO - Setting next_dagrun for read_dataset_event to 2025-05-23 00:00:00+00:00, run_after=2025-05-24 00:00:00+00:00
[2025-05-24T18:40:18.451+0000] {logging_mixin.py:190} INFO - [2025-05-24T18:40:18.451+0000] {dag.py:4180} INFO - Setting next_dagrun for read_dataset_event_from_classic to 2025-05-23 00:00:00+00:00, run_after=2025-05-24 00:00:00+00:00
[2025-05-24T18:40:18.459+0000] {processor.py:208} INFO - Processing /home/airflow/.local/lib/python3.12/site-packages/airflow/example_dags/example_inlet_event_extra.py took 0.362 seconds
[2025-05-24T18:40:49.815+0000] {processor.py:186} INFO - Started process (PID=2223) to work on /home/airflow/.local/lib/python3.12/site-packages/airflow/example_dags/example_inlet_event_extra.py
[2025-05-24T18:40:49.816+0000] {processor.py:914} INFO - Processing file /home/airflow/.local/lib/python3.12/site-packages/airflow/example_dags/example_inlet_event_extra.py for tasks to queue
[2025-05-24T18:40:49.817+0000] {logging_mixin.py:190} INFO - [2025-05-24T18:40:49.817+0000] {dagbag.py:588} INFO - Filling up the DagBag from /home/airflow/.local/lib/python3.12/site-packages/airflow/example_dags/example_inlet_event_extra.py
[2025-05-24T18:40:50.126+0000] {processor.py:925} INFO - DAG(s) 'read_dataset_event', 'read_dataset_event_from_classic' retrieved from /home/airflow/.local/lib/python3.12/site-packages/airflow/example_dags/example_inlet_event_extra.py
[2025-05-24T18:40:50.135+0000] {logging_mixin.py:190} INFO - [2025-05-24T18:40:50.135+0000] {dag.py:3239} INFO - Sync 2 DAGs
[2025-05-24T18:40:50.146+0000] {logging_mixin.py:190} INFO - [2025-05-24T18:40:50.146+0000] {dag.py:4180} INFO - Setting next_dagrun for read_dataset_event to 2025-05-23 00:00:00+00:00, run_after=2025-05-24 00:00:00+00:00
[2025-05-24T18:40:50.148+0000] {logging_mixin.py:190} INFO - [2025-05-24T18:40:50.148+0000] {dag.py:4180} INFO - Setting next_dagrun for read_dataset_event_from_classic to 2025-05-23 00:00:00+00:00, run_after=2025-05-24 00:00:00+00:00
[2025-05-24T18:40:50.156+0000] {processor.py:208} INFO - Processing /home/airflow/.local/lib/python3.12/site-packages/airflow/example_dags/example_inlet_event_extra.py took 0.344 seconds
[2025-05-24T18:41:21.728+0000] {processor.py:186} INFO - Started process (PID=2287) to work on /home/airflow/.local/lib/python3.12/site-packages/airflow/example_dags/example_inlet_event_extra.py
[2025-05-24T18:41:21.729+0000] {processor.py:914} INFO - Processing file /home/airflow/.local/lib/python3.12/site-packages/airflow/example_dags/example_inlet_event_extra.py for tasks to queue
[2025-05-24T18:41:21.730+0000] {logging_mixin.py:190} INFO - [2025-05-24T18:41:21.730+0000] {dagbag.py:588} INFO - Filling up the DagBag from /home/airflow/.local/lib/python3.12/site-packages/airflow/example_dags/example_inlet_event_extra.py
[2025-05-24T18:41:22.165+0000] {processor.py:925} INFO - DAG(s) 'read_dataset_event', 'read_dataset_event_from_classic' retrieved from /home/airflow/.local/lib/python3.12/site-packages/airflow/example_dags/example_inlet_event_extra.py
[2025-05-24T18:41:22.194+0000] {logging_mixin.py:190} INFO - [2025-05-24T18:41:22.194+0000] {dag.py:3239} INFO - Sync 2 DAGs
[2025-05-24T18:41:22.210+0000] {logging_mixin.py:190} INFO - [2025-05-24T18:41:22.210+0000] {dag.py:4180} INFO - Setting next_dagrun for read_dataset_event to 2025-05-23 00:00:00+00:00, run_after=2025-05-24 00:00:00+00:00
[2025-05-24T18:41:22.213+0000] {logging_mixin.py:190} INFO - [2025-05-24T18:41:22.213+0000] {dag.py:4180} INFO - Setting next_dagrun for read_dataset_event_from_classic to 2025-05-23 00:00:00+00:00, run_after=2025-05-24 00:00:00+00:00
[2025-05-24T18:41:22.223+0000] {processor.py:208} INFO - Processing /home/airflow/.local/lib/python3.12/site-packages/airflow/example_dags/example_inlet_event_extra.py took 0.499 seconds
[2025-05-24T18:41:52.927+0000] {processor.py:186} INFO - Started process (PID=2351) to work on /home/airflow/.local/lib/python3.12/site-packages/airflow/example_dags/example_inlet_event_extra.py
[2025-05-24T18:41:52.927+0000] {processor.py:914} INFO - Processing file /home/airflow/.local/lib/python3.12/site-packages/airflow/example_dags/example_inlet_event_extra.py for tasks to queue
[2025-05-24T18:41:52.929+0000] {logging_mixin.py:190} INFO - [2025-05-24T18:41:52.929+0000] {dagbag.py:588} INFO - Filling up the DagBag from /home/airflow/.local/lib/python3.12/site-packages/airflow/example_dags/example_inlet_event_extra.py
[2025-05-24T18:41:53.281+0000] {processor.py:925} INFO - DAG(s) 'read_dataset_event', 'read_dataset_event_from_classic' retrieved from /home/airflow/.local/lib/python3.12/site-packages/airflow/example_dags/example_inlet_event_extra.py
[2025-05-24T18:41:53.294+0000] {logging_mixin.py:190} INFO - [2025-05-24T18:41:53.294+0000] {dag.py:3239} INFO - Sync 2 DAGs
[2025-05-24T18:41:53.305+0000] {logging_mixin.py:190} INFO - [2025-05-24T18:41:53.305+0000] {dag.py:4180} INFO - Setting next_dagrun for read_dataset_event to 2025-05-23 00:00:00+00:00, run_after=2025-05-24 00:00:00+00:00
[2025-05-24T18:41:53.307+0000] {logging_mixin.py:190} INFO - [2025-05-24T18:41:53.307+0000] {dag.py:4180} INFO - Setting next_dagrun for read_dataset_event_from_classic to 2025-05-23 00:00:00+00:00, run_after=2025-05-24 00:00:00+00:00
[2025-05-24T18:41:53.316+0000] {processor.py:208} INFO - Processing /home/airflow/.local/lib/python3.12/site-packages/airflow/example_dags/example_inlet_event_extra.py took 0.395 seconds
[2025-05-24T18:42:24.018+0000] {processor.py:186} INFO - Started process (PID=2415) to work on /home/airflow/.local/lib/python3.12/site-packages/airflow/example_dags/example_inlet_event_extra.py
[2025-05-24T18:42:24.019+0000] {processor.py:914} INFO - Processing file /home/airflow/.local/lib/python3.12/site-packages/airflow/example_dags/example_inlet_event_extra.py for tasks to queue
[2025-05-24T18:42:24.020+0000] {logging_mixin.py:190} INFO - [2025-05-24T18:42:24.020+0000] {dagbag.py:588} INFO - Filling up the DagBag from /home/airflow/.local/lib/python3.12/site-packages/airflow/example_dags/example_inlet_event_extra.py
[2025-05-24T18:42:24.321+0000] {processor.py:925} INFO - DAG(s) 'read_dataset_event', 'read_dataset_event_from_classic' retrieved from /home/airflow/.local/lib/python3.12/site-packages/airflow/example_dags/example_inlet_event_extra.py
[2025-05-24T18:42:24.332+0000] {logging_mixin.py:190} INFO - [2025-05-24T18:42:24.332+0000] {dag.py:3239} INFO - Sync 2 DAGs
[2025-05-24T18:42:24.343+0000] {logging_mixin.py:190} INFO - [2025-05-24T18:42:24.343+0000] {dag.py:4180} INFO - Setting next_dagrun for read_dataset_event to 2025-05-23 00:00:00+00:00, run_after=2025-05-24 00:00:00+00:00
[2025-05-24T18:42:24.346+0000] {logging_mixin.py:190} INFO - [2025-05-24T18:42:24.346+0000] {dag.py:4180} INFO - Setting next_dagrun for read_dataset_event_from_classic to 2025-05-23 00:00:00+00:00, run_after=2025-05-24 00:00:00+00:00
[2025-05-24T18:42:24.353+0000] {processor.py:208} INFO - Processing /home/airflow/.local/lib/python3.12/site-packages/airflow/example_dags/example_inlet_event_extra.py took 0.339 seconds
[2025-05-24T18:42:54.919+0000] {processor.py:186} INFO - Started process (PID=2479) to work on /home/airflow/.local/lib/python3.12/site-packages/airflow/example_dags/example_inlet_event_extra.py
[2025-05-24T18:42:54.920+0000] {processor.py:914} INFO - Processing file /home/airflow/.local/lib/python3.12/site-packages/airflow/example_dags/example_inlet_event_extra.py for tasks to queue
[2025-05-24T18:42:54.921+0000] {logging_mixin.py:190} INFO - [2025-05-24T18:42:54.921+0000] {dagbag.py:588} INFO - Filling up the DagBag from /home/airflow/.local/lib/python3.12/site-packages/airflow/example_dags/example_inlet_event_extra.py
[2025-05-24T18:42:55.267+0000] {processor.py:925} INFO - DAG(s) 'read_dataset_event', 'read_dataset_event_from_classic' retrieved from /home/airflow/.local/lib/python3.12/site-packages/airflow/example_dags/example_inlet_event_extra.py
[2025-05-24T18:42:55.279+0000] {logging_mixin.py:190} INFO - [2025-05-24T18:42:55.279+0000] {dag.py:3239} INFO - Sync 2 DAGs
[2025-05-24T18:42:55.292+0000] {logging_mixin.py:190} INFO - [2025-05-24T18:42:55.292+0000] {dag.py:4180} INFO - Setting next_dagrun for read_dataset_event to 2025-05-23 00:00:00+00:00, run_after=2025-05-24 00:00:00+00:00
[2025-05-24T18:42:55.294+0000] {logging_mixin.py:190} INFO - [2025-05-24T18:42:55.294+0000] {dag.py:4180} INFO - Setting next_dagrun for read_dataset_event_from_classic to 2025-05-23 00:00:00+00:00, run_after=2025-05-24 00:00:00+00:00
[2025-05-24T18:42:55.301+0000] {processor.py:208} INFO - Processing /home/airflow/.local/lib/python3.12/site-packages/airflow/example_dags/example_inlet_event_extra.py took 0.387 seconds
[2025-05-24T18:43:25.913+0000] {processor.py:186} INFO - Started process (PID=2545) to work on /home/airflow/.local/lib/python3.12/site-packages/airflow/example_dags/example_inlet_event_extra.py
[2025-05-24T18:43:25.914+0000] {processor.py:914} INFO - Processing file /home/airflow/.local/lib/python3.12/site-packages/airflow/example_dags/example_inlet_event_extra.py for tasks to queue
[2025-05-24T18:43:25.915+0000] {logging_mixin.py:190} INFO - [2025-05-24T18:43:25.915+0000] {dagbag.py:588} INFO - Filling up the DagBag from /home/airflow/.local/lib/python3.12/site-packages/airflow/example_dags/example_inlet_event_extra.py
[2025-05-24T18:43:26.232+0000] {processor.py:925} INFO - DAG(s) 'read_dataset_event', 'read_dataset_event_from_classic' retrieved from /home/airflow/.local/lib/python3.12/site-packages/airflow/example_dags/example_inlet_event_extra.py
[2025-05-24T18:43:26.243+0000] {logging_mixin.py:190} INFO - [2025-05-24T18:43:26.242+0000] {dag.py:3239} INFO - Sync 2 DAGs
[2025-05-24T18:43:26.255+0000] {logging_mixin.py:190} INFO - [2025-05-24T18:43:26.255+0000] {dag.py:4180} INFO - Setting next_dagrun for read_dataset_event to 2025-05-23 00:00:00+00:00, run_after=2025-05-24 00:00:00+00:00
[2025-05-24T18:43:26.261+0000] {logging_mixin.py:190} INFO - [2025-05-24T18:43:26.261+0000] {dag.py:4180} INFO - Setting next_dagrun for read_dataset_event_from_classic to 2025-05-23 00:00:00+00:00, run_after=2025-05-24 00:00:00+00:00
[2025-05-24T18:43:26.270+0000] {processor.py:208} INFO - Processing /home/airflow/.local/lib/python3.12/site-packages/airflow/example_dags/example_inlet_event_extra.py took 0.362 seconds
[2025-05-24T18:43:57.433+0000] {processor.py:186} INFO - Started process (PID=2617) to work on /home/airflow/.local/lib/python3.12/site-packages/airflow/example_dags/example_inlet_event_extra.py
[2025-05-24T18:43:57.434+0000] {processor.py:914} INFO - Processing file /home/airflow/.local/lib/python3.12/site-packages/airflow/example_dags/example_inlet_event_extra.py for tasks to queue
[2025-05-24T18:43:57.435+0000] {logging_mixin.py:190} INFO - [2025-05-24T18:43:57.435+0000] {dagbag.py:588} INFO - Filling up the DagBag from /home/airflow/.local/lib/python3.12/site-packages/airflow/example_dags/example_inlet_event_extra.py
[2025-05-24T18:43:57.897+0000] {processor.py:925} INFO - DAG(s) 'read_dataset_event_from_classic', 'read_dataset_event' retrieved from /home/airflow/.local/lib/python3.12/site-packages/airflow/example_dags/example_inlet_event_extra.py
[2025-05-24T18:43:57.915+0000] {logging_mixin.py:190} INFO - [2025-05-24T18:43:57.915+0000] {dag.py:3239} INFO - Sync 2 DAGs
[2025-05-24T18:43:57.934+0000] {logging_mixin.py:190} INFO - [2025-05-24T18:43:57.933+0000] {dag.py:4180} INFO - Setting next_dagrun for read_dataset_event to 2025-05-23 00:00:00+00:00, run_after=2025-05-24 00:00:00+00:00
[2025-05-24T18:43:57.937+0000] {logging_mixin.py:190} INFO - [2025-05-24T18:43:57.937+0000] {dag.py:4180} INFO - Setting next_dagrun for read_dataset_event_from_classic to 2025-05-23 00:00:00+00:00, run_after=2025-05-24 00:00:00+00:00
[2025-05-24T18:43:57.948+0000] {processor.py:208} INFO - Processing /home/airflow/.local/lib/python3.12/site-packages/airflow/example_dags/example_inlet_event_extra.py took 0.519 seconds
