[2025-05-24T21:17:15.006+0000] {local_task_job_runner.py:120} INFO - ::group::Pre task execution logs
[2025-05-24T21:17:15.026+0000] {taskinstance.py:2073} INFO - Dependencies all met for dep_context=non-requeueable deps ti=<TaskInstance: supplier_data_etl_pipeline.extract_csv_data manual__2025-05-24T21:17:11.637733+00:00 [queued]>
[2025-05-24T21:17:15.031+0000] {taskinstance.py:2073} INFO - Dependencies all met for dep_context=requeueable deps ti=<TaskInstance: supplier_data_etl_pipeline.extract_csv_data manual__2025-05-24T21:17:11.637733+00:00 [queued]>
[2025-05-24T21:17:15.031+0000] {taskinstance.py:2303} INFO - Starting attempt 1 of 6
[2025-05-24T21:17:15.040+0000] {taskinstance.py:2327} INFO - Executing <Task(PythonOperator): extract_csv_data> on 2025-05-24 21:17:11.637733+00:00
[2025-05-24T21:17:15.050+0000] {warnings.py:110} WARNING - /home/***/.local/lib/python3.12/site-packages/***/task/task_runner/standard_task_runner.py:61: DeprecationWarning: This process (pid=555) is multi-threaded, use of fork() may lead to deadlocks in the child.
  pid = os.fork()

[2025-05-24T21:17:15.051+0000] {standard_task_runner.py:63} INFO - Started process 560 to run task
[2025-05-24T21:17:15.052+0000] {standard_task_runner.py:90} INFO - Running: ['***', 'tasks', 'run', 'supplier_data_etl_pipeline', 'extract_csv_data', 'manual__2025-05-24T21:17:11.637733+00:00', '--job-id', '29', '--raw', '--subdir', 'DAGS_FOLDER/supplier_dag.py', '--cfg-path', '/tmp/tmprmbbcfs_']
[2025-05-24T21:17:15.053+0000] {standard_task_runner.py:91} INFO - Job 29: Subtask extract_csv_data
[2025-05-24T21:17:15.100+0000] {task_command.py:426} INFO - Running <TaskInstance: supplier_data_etl_pipeline.extract_csv_data manual__2025-05-24T21:17:11.637733+00:00 [running]> on host a7d211f7b093
[2025-05-24T21:17:15.161+0000] {taskinstance.py:2644} INFO - Exporting env vars: AIRFLOW_CTX_DAG_OWNER='***' AIRFLOW_CTX_DAG_ID='supplier_data_etl_pipeline' AIRFLOW_CTX_TASK_ID='extract_csv_data' AIRFLOW_CTX_EXECUTION_DATE='2025-05-24T21:17:11.637733+00:00' AIRFLOW_CTX_TRY_NUMBER='1' AIRFLOW_CTX_DAG_RUN_ID='manual__2025-05-24T21:17:11.637733+00:00'
[2025-05-24T21:17:15.162+0000] {taskinstance.py:430} INFO - ::endgroup::
[2025-05-24T21:17:15.163+0000] {etl.py:36} INFO - Starting to read CSV from: /opt/***/dags/mock_supplier_data.csv
[2025-05-24T21:17:15.179+0000] {etl.py:44} INFO - CSV read successfully. Shape: (1000, 9)
[2025-05-24T21:17:15.183+0000] {etl.py:51} INFO - CSV data source pickled successfully to: /opt/***/dags/tmp/df_csv.pkl
[2025-05-24T21:17:15.183+0000] {python.py:237} INFO - Done. Returned value was: Successfully processed 1000 rows
[2025-05-24T21:17:15.183+0000] {taskinstance.py:441} INFO - ::group::Post task execution logs
[2025-05-24T21:17:15.209+0000] {taskinstance.py:1205} INFO - Marking task as SUCCESS. dag_id=supplier_data_etl_pipeline, task_id=extract_csv_data, execution_date=20250524T211711, start_date=20250524T211715, end_date=20250524T211715
[2025-05-24T21:17:15.236+0000] {local_task_job_runner.py:240} INFO - Task exited with return code 0
[2025-05-24T21:17:15.293+0000] {taskinstance.py:3482} INFO - 0 downstream tasks scheduled from follow-on schedule check
[2025-05-24T21:17:15.295+0000] {local_task_job_runner.py:222} INFO - ::endgroup::
