[2025-05-27T01:08:15.101+0000] {local_task_job_runner.py:120} INFO - ::group::Pre task execution logs
[2025-05-27T01:08:15.119+0000] {taskinstance.py:2073} INFO - Dependencies all met for dep_context=non-requeueable deps ti=<TaskInstance: supplier_data_etl_pipeline.upload_merged_to_s3 scheduled__2025-05-26T00:00:00+00:00 [queued]>
[2025-05-27T01:08:15.124+0000] {taskinstance.py:2073} INFO - Dependencies all met for dep_context=requeueable deps ti=<TaskInstance: supplier_data_etl_pipeline.upload_merged_to_s3 scheduled__2025-05-26T00:00:00+00:00 [queued]>
[2025-05-27T01:08:15.125+0000] {taskinstance.py:2303} INFO - Starting attempt 1 of 6
[2025-05-27T01:08:15.132+0000] {taskinstance.py:2327} INFO - Executing <Task(PythonOperator): upload_merged_to_s3> on 2025-05-26 00:00:00+00:00
[2025-05-27T01:08:15.137+0000] {warnings.py:110} WARNING - /home/***/.local/lib/python3.12/site-packages/***/task/task_runner/standard_task_runner.py:61: DeprecationWarning: This process (pid=1481) is multi-threaded, use of fork() may lead to deadlocks in the child.
  pid = os.fork()

[2025-05-27T01:08:15.139+0000] {standard_task_runner.py:63} INFO - Started process 1483 to run task
[2025-05-27T01:08:15.140+0000] {standard_task_runner.py:90} INFO - Running: ['***', 'tasks', 'run', 'supplier_data_etl_pipeline', 'upload_merged_to_s3', 'scheduled__2025-05-26T00:00:00+00:00', '--job-id', '207', '--raw', '--subdir', 'DAGS_FOLDER/supplier_dag.py', '--cfg-path', '/tmp/tmp8ijr5nvt']
[2025-05-27T01:08:15.141+0000] {standard_task_runner.py:91} INFO - Job 207: Subtask upload_merged_to_s3
[2025-05-27T01:08:15.170+0000] {task_command.py:426} INFO - Running <TaskInstance: supplier_data_etl_pipeline.upload_merged_to_s3 scheduled__2025-05-26T00:00:00+00:00 [running]> on host 295abcd9c300
[2025-05-27T01:08:15.264+0000] {taskinstance.py:2644} INFO - Exporting env vars: AIRFLOW_CTX_DAG_OWNER='***' AIRFLOW_CTX_DAG_ID='supplier_data_etl_pipeline' AIRFLOW_CTX_TASK_ID='upload_merged_to_s3' AIRFLOW_CTX_EXECUTION_DATE='2025-05-26T00:00:00+00:00' AIRFLOW_CTX_TRY_NUMBER='1' AIRFLOW_CTX_DAG_RUN_ID='scheduled__2025-05-26T00:00:00+00:00'
[2025-05-27T01:08:15.265+0000] {taskinstance.py:430} INFO - ::endgroup::
[2025-05-27T01:08:17.539+0000] {etl.py:121} INFO - Successfully uploaded to s3://fmcg-de-assessment/supplier_data/merged_supplier_data.csv
[2025-05-27T01:08:17.543+0000] {python.py:237} INFO - Done. Returned value was: True
[2025-05-27T01:08:17.545+0000] {taskinstance.py:441} INFO - ::group::Post task execution logs
[2025-05-27T01:08:17.590+0000] {taskinstance.py:1205} INFO - Marking task as SUCCESS. dag_id=supplier_data_etl_pipeline, task_id=upload_merged_to_s3, execution_date=20250526T000000, start_date=20250527T010815, end_date=20250527T010817
[2025-05-27T01:08:17.647+0000] {local_task_job_runner.py:240} INFO - Task exited with return code 0
[2025-05-27T01:08:17.701+0000] {taskinstance.py:3482} INFO - 0 downstream tasks scheduled from follow-on schedule check
[2025-05-27T01:08:17.703+0000] {local_task_job_runner.py:222} INFO - ::endgroup::
