[2025-05-24T22:29:04.468+0000] {local_task_job_runner.py:120} INFO - ::group::Pre task execution logs
[2025-05-24T22:29:04.485+0000] {taskinstance.py:2073} INFO - Dependencies all met for dep_context=non-requeueable deps ti=<TaskInstance: supplier_data_etl_pipeline.extract_csv_data scheduled__2025-05-23T00:00:00+00:00 [queued]>
[2025-05-24T22:29:04.490+0000] {taskinstance.py:2073} INFO - Dependencies all met for dep_context=requeueable deps ti=<TaskInstance: supplier_data_etl_pipeline.extract_csv_data scheduled__2025-05-23T00:00:00+00:00 [queued]>
[2025-05-24T22:29:04.491+0000] {taskinstance.py:2303} INFO - Starting attempt 3 of 8
[2025-05-24T22:29:04.499+0000] {taskinstance.py:2327} INFO - Executing <Task(PythonOperator): extract_csv_data> on 2025-05-23 00:00:00+00:00
[2025-05-24T22:29:04.511+0000] {warnings.py:110} WARNING - /home/***/.local/lib/python3.12/site-packages/***/task/task_runner/standard_task_runner.py:61: DeprecationWarning: This process (pid=1712) is multi-threaded, use of fork() may lead to deadlocks in the child.
  pid = os.fork()

[2025-05-24T22:29:04.528+0000] {standard_task_runner.py:63} INFO - Started process 1719 to run task
[2025-05-24T22:29:04.528+0000] {standard_task_runner.py:90} INFO - Running: ['***', 'tasks', 'run', 'supplier_data_etl_pipeline', 'extract_csv_data', 'scheduled__2025-05-23T00:00:00+00:00', '--job-id', '127', '--raw', '--subdir', 'DAGS_FOLDER/supplier_dag.py', '--cfg-path', '/tmp/tmpx2reevxj']
[2025-05-24T22:29:04.530+0000] {standard_task_runner.py:91} INFO - Job 127: Subtask extract_csv_data
[2025-05-24T22:29:04.609+0000] {task_command.py:426} INFO - Running <TaskInstance: supplier_data_etl_pipeline.extract_csv_data scheduled__2025-05-23T00:00:00+00:00 [running]> on host a7d211f7b093
[2025-05-24T22:29:04.701+0000] {taskinstance.py:2644} INFO - Exporting env vars: AIRFLOW_CTX_DAG_OWNER='***' AIRFLOW_CTX_DAG_ID='supplier_data_etl_pipeline' AIRFLOW_CTX_TASK_ID='extract_csv_data' AIRFLOW_CTX_EXECUTION_DATE='2025-05-23T00:00:00+00:00' AIRFLOW_CTX_TRY_NUMBER='3' AIRFLOW_CTX_DAG_RUN_ID='scheduled__2025-05-23T00:00:00+00:00'
[2025-05-24T22:29:04.702+0000] {taskinstance.py:430} INFO - ::endgroup::
[2025-05-24T22:29:04.722+0000] {etl.py:20} INFO - csv read
[2025-05-24T22:29:04.726+0000] {etl.py:22} INFO - csv data source pickled
[2025-05-24T22:29:04.727+0000] {python.py:237} INFO - Done. Returned value was: success
[2025-05-24T22:29:04.728+0000] {taskinstance.py:441} INFO - ::group::Post task execution logs
[2025-05-24T22:29:04.748+0000] {taskinstance.py:1205} INFO - Marking task as SUCCESS. dag_id=supplier_data_etl_pipeline, task_id=extract_csv_data, execution_date=20250523T000000, start_date=20250524T222904, end_date=20250524T222904
[2025-05-24T22:29:04.793+0000] {local_task_job_runner.py:240} INFO - Task exited with return code 0
[2025-05-24T22:29:04.816+0000] {taskinstance.py:3482} INFO - 0 downstream tasks scheduled from follow-on schedule check
[2025-05-24T22:29:04.818+0000] {local_task_job_runner.py:222} INFO - ::endgroup::
