[2025-05-25T08:15:27.117+0000] {processor.py:161} INFO - Started process (PID=4293) to work on /home/airflow/.local/lib/python3.12/site-packages/airflow/example_dags/example_display_name.py
[2025-05-25T08:15:27.120+0000] {processor.py:830} INFO - Processing file /home/airflow/.local/lib/python3.12/site-packages/airflow/example_dags/example_display_name.py for tasks to queue
[2025-05-25T08:15:27.122+0000] {logging_mixin.py:188} INFO - [2025-05-25T08:15:27.121+0000] {dagbag.py:540} INFO - Filling up the DagBag from /home/airflow/.local/lib/python3.12/site-packages/airflow/example_dags/example_display_name.py
[2025-05-25T08:15:27.127+0000] {processor.py:840} INFO - DAG(s) 'example_display_name' retrieved from /home/airflow/.local/lib/python3.12/site-packages/airflow/example_dags/example_display_name.py
[2025-05-25T08:15:27.148+0000] {logging_mixin.py:188} INFO - [2025-05-25T08:15:27.148+0000] {dag.py:3096} INFO - Sync 1 DAGs
[2025-05-25T08:15:27.157+0000] {logging_mixin.py:188} INFO - [2025-05-25T08:15:27.157+0000] {dag.py:3954} INFO - Setting next_dagrun for example_display_name to None, run_after=None
[2025-05-25T08:15:27.176+0000] {processor.py:183} INFO - Processing /home/airflow/.local/lib/python3.12/site-packages/airflow/example_dags/example_display_name.py took 0.063 seconds
[2025-05-25T08:15:58.403+0000] {processor.py:161} INFO - Started process (PID=4359) to work on /home/airflow/.local/lib/python3.12/site-packages/airflow/example_dags/example_display_name.py
[2025-05-25T08:15:58.406+0000] {processor.py:830} INFO - Processing file /home/airflow/.local/lib/python3.12/site-packages/airflow/example_dags/example_display_name.py for tasks to queue
[2025-05-25T08:15:58.407+0000] {logging_mixin.py:188} INFO - [2025-05-25T08:15:58.407+0000] {dagbag.py:540} INFO - Filling up the DagBag from /home/airflow/.local/lib/python3.12/site-packages/airflow/example_dags/example_display_name.py
[2025-05-25T08:15:58.410+0000] {processor.py:840} INFO - DAG(s) 'example_display_name' retrieved from /home/airflow/.local/lib/python3.12/site-packages/airflow/example_dags/example_display_name.py
[2025-05-25T08:15:58.421+0000] {logging_mixin.py:188} INFO - [2025-05-25T08:15:58.421+0000] {dag.py:3096} INFO - Sync 1 DAGs
[2025-05-25T08:15:58.432+0000] {logging_mixin.py:188} INFO - [2025-05-25T08:15:58.432+0000] {dag.py:3954} INFO - Setting next_dagrun for example_display_name to None, run_after=None
[2025-05-25T08:15:58.448+0000] {processor.py:183} INFO - Processing /home/airflow/.local/lib/python3.12/site-packages/airflow/example_dags/example_display_name.py took 0.048 seconds
[2025-05-25T08:16:31.219+0000] {processor.py:161} INFO - Started process (PID=4425) to work on /home/airflow/.local/lib/python3.12/site-packages/airflow/example_dags/example_display_name.py
[2025-05-25T08:16:31.222+0000] {processor.py:830} INFO - Processing file /home/airflow/.local/lib/python3.12/site-packages/airflow/example_dags/example_display_name.py for tasks to queue
[2025-05-25T08:16:31.223+0000] {logging_mixin.py:188} INFO - [2025-05-25T08:16:31.223+0000] {dagbag.py:540} INFO - Filling up the DagBag from /home/airflow/.local/lib/python3.12/site-packages/airflow/example_dags/example_display_name.py
[2025-05-25T08:16:31.227+0000] {processor.py:840} INFO - DAG(s) 'example_display_name' retrieved from /home/airflow/.local/lib/python3.12/site-packages/airflow/example_dags/example_display_name.py
[2025-05-25T08:16:31.243+0000] {logging_mixin.py:188} INFO - [2025-05-25T08:16:31.243+0000] {dag.py:3096} INFO - Sync 1 DAGs
[2025-05-25T08:16:31.249+0000] {logging_mixin.py:188} INFO - [2025-05-25T08:16:31.249+0000] {dag.py:3954} INFO - Setting next_dagrun for example_display_name to None, run_after=None
[2025-05-25T08:16:31.261+0000] {processor.py:183} INFO - Processing /home/airflow/.local/lib/python3.12/site-packages/airflow/example_dags/example_display_name.py took 0.046 seconds
[2025-05-25T08:17:03.410+0000] {processor.py:161} INFO - Started process (PID=4491) to work on /home/airflow/.local/lib/python3.12/site-packages/airflow/example_dags/example_display_name.py
[2025-05-25T08:17:03.411+0000] {processor.py:830} INFO - Processing file /home/airflow/.local/lib/python3.12/site-packages/airflow/example_dags/example_display_name.py for tasks to queue
[2025-05-25T08:17:03.413+0000] {logging_mixin.py:188} INFO - [2025-05-25T08:17:03.413+0000] {dagbag.py:540} INFO - Filling up the DagBag from /home/airflow/.local/lib/python3.12/site-packages/airflow/example_dags/example_display_name.py
[2025-05-25T08:17:03.417+0000] {processor.py:840} INFO - DAG(s) 'example_display_name' retrieved from /home/airflow/.local/lib/python3.12/site-packages/airflow/example_dags/example_display_name.py
[2025-05-25T08:17:03.428+0000] {logging_mixin.py:188} INFO - [2025-05-25T08:17:03.428+0000] {dag.py:3096} INFO - Sync 1 DAGs
[2025-05-25T08:17:03.435+0000] {logging_mixin.py:188} INFO - [2025-05-25T08:17:03.434+0000] {dag.py:3954} INFO - Setting next_dagrun for example_display_name to None, run_after=None
[2025-05-25T08:17:03.444+0000] {processor.py:183} INFO - Processing /home/airflow/.local/lib/python3.12/site-packages/airflow/example_dags/example_display_name.py took 0.037 seconds
[2025-05-25T08:17:37.110+0000] {processor.py:161} INFO - Started process (PID=4557) to work on /home/airflow/.local/lib/python3.12/site-packages/airflow/example_dags/example_display_name.py
[2025-05-25T08:17:37.111+0000] {processor.py:830} INFO - Processing file /home/airflow/.local/lib/python3.12/site-packages/airflow/example_dags/example_display_name.py for tasks to queue
[2025-05-25T08:17:37.113+0000] {logging_mixin.py:188} INFO - [2025-05-25T08:17:37.112+0000] {dagbag.py:540} INFO - Filling up the DagBag from /home/airflow/.local/lib/python3.12/site-packages/airflow/example_dags/example_display_name.py
[2025-05-25T08:17:37.116+0000] {processor.py:840} INFO - DAG(s) 'example_display_name' retrieved from /home/airflow/.local/lib/python3.12/site-packages/airflow/example_dags/example_display_name.py
[2025-05-25T08:17:37.129+0000] {logging_mixin.py:188} INFO - [2025-05-25T08:17:37.129+0000] {dag.py:3096} INFO - Sync 1 DAGs
[2025-05-25T08:17:37.136+0000] {logging_mixin.py:188} INFO - [2025-05-25T08:17:37.136+0000] {dag.py:3954} INFO - Setting next_dagrun for example_display_name to None, run_after=None
[2025-05-25T08:17:37.146+0000] {processor.py:183} INFO - Processing /home/airflow/.local/lib/python3.12/site-packages/airflow/example_dags/example_display_name.py took 0.042 seconds
[2025-05-25T08:18:09.058+0000] {processor.py:161} INFO - Started process (PID=4623) to work on /home/airflow/.local/lib/python3.12/site-packages/airflow/example_dags/example_display_name.py
[2025-05-25T08:18:09.059+0000] {processor.py:830} INFO - Processing file /home/airflow/.local/lib/python3.12/site-packages/airflow/example_dags/example_display_name.py for tasks to queue
[2025-05-25T08:18:09.061+0000] {logging_mixin.py:188} INFO - [2025-05-25T08:18:09.061+0000] {dagbag.py:540} INFO - Filling up the DagBag from /home/airflow/.local/lib/python3.12/site-packages/airflow/example_dags/example_display_name.py
[2025-05-25T08:18:09.064+0000] {processor.py:840} INFO - DAG(s) 'example_display_name' retrieved from /home/airflow/.local/lib/python3.12/site-packages/airflow/example_dags/example_display_name.py
[2025-05-25T08:18:09.076+0000] {logging_mixin.py:188} INFO - [2025-05-25T08:18:09.075+0000] {dag.py:3096} INFO - Sync 1 DAGs
[2025-05-25T08:18:09.082+0000] {logging_mixin.py:188} INFO - [2025-05-25T08:18:09.081+0000] {dag.py:3954} INFO - Setting next_dagrun for example_display_name to None, run_after=None
[2025-05-25T08:18:09.092+0000] {processor.py:183} INFO - Processing /home/airflow/.local/lib/python3.12/site-packages/airflow/example_dags/example_display_name.py took 0.038 seconds
[2025-05-25T08:18:39.506+0000] {processor.py:161} INFO - Started process (PID=4682) to work on /home/airflow/.local/lib/python3.12/site-packages/airflow/example_dags/example_display_name.py
[2025-05-25T08:18:39.507+0000] {processor.py:830} INFO - Processing file /home/airflow/.local/lib/python3.12/site-packages/airflow/example_dags/example_display_name.py for tasks to queue
[2025-05-25T08:18:39.508+0000] {logging_mixin.py:188} INFO - [2025-05-25T08:18:39.508+0000] {dagbag.py:540} INFO - Filling up the DagBag from /home/airflow/.local/lib/python3.12/site-packages/airflow/example_dags/example_display_name.py
[2025-05-25T08:18:39.511+0000] {processor.py:840} INFO - DAG(s) 'example_display_name' retrieved from /home/airflow/.local/lib/python3.12/site-packages/airflow/example_dags/example_display_name.py
[2025-05-25T08:18:39.523+0000] {logging_mixin.py:188} INFO - [2025-05-25T08:18:39.523+0000] {dag.py:3096} INFO - Sync 1 DAGs
[2025-05-25T08:18:39.531+0000] {logging_mixin.py:188} INFO - [2025-05-25T08:18:39.531+0000] {dag.py:3954} INFO - Setting next_dagrun for example_display_name to None, run_after=None
[2025-05-25T08:18:39.541+0000] {processor.py:183} INFO - Processing /home/airflow/.local/lib/python3.12/site-packages/airflow/example_dags/example_display_name.py took 0.039 seconds
[2025-05-25T08:19:09.925+0000] {processor.py:161} INFO - Started process (PID=4747) to work on /home/airflow/.local/lib/python3.12/site-packages/airflow/example_dags/example_display_name.py
[2025-05-25T08:19:09.927+0000] {processor.py:830} INFO - Processing file /home/airflow/.local/lib/python3.12/site-packages/airflow/example_dags/example_display_name.py for tasks to queue
[2025-05-25T08:19:09.932+0000] {logging_mixin.py:188} INFO - [2025-05-25T08:19:09.932+0000] {dagbag.py:540} INFO - Filling up the DagBag from /home/airflow/.local/lib/python3.12/site-packages/airflow/example_dags/example_display_name.py
[2025-05-25T08:19:09.939+0000] {processor.py:840} INFO - DAG(s) 'example_display_name' retrieved from /home/airflow/.local/lib/python3.12/site-packages/airflow/example_dags/example_display_name.py
[2025-05-25T08:19:09.958+0000] {logging_mixin.py:188} INFO - [2025-05-25T08:19:09.958+0000] {dag.py:3096} INFO - Sync 1 DAGs
[2025-05-25T08:19:09.965+0000] {logging_mixin.py:188} INFO - [2025-05-25T08:19:09.965+0000] {dag.py:3954} INFO - Setting next_dagrun for example_display_name to None, run_after=None
[2025-05-25T08:19:09.978+0000] {processor.py:183} INFO - Processing /home/airflow/.local/lib/python3.12/site-packages/airflow/example_dags/example_display_name.py took 0.060 seconds
[2025-05-25T08:19:40.059+0000] {processor.py:161} INFO - Started process (PID=4813) to work on /home/airflow/.local/lib/python3.12/site-packages/airflow/example_dags/example_display_name.py
[2025-05-25T08:19:40.059+0000] {processor.py:830} INFO - Processing file /home/airflow/.local/lib/python3.12/site-packages/airflow/example_dags/example_display_name.py for tasks to queue
[2025-05-25T08:19:40.061+0000] {logging_mixin.py:188} INFO - [2025-05-25T08:19:40.060+0000] {dagbag.py:540} INFO - Filling up the DagBag from /home/airflow/.local/lib/python3.12/site-packages/airflow/example_dags/example_display_name.py
[2025-05-25T08:19:40.068+0000] {processor.py:840} INFO - DAG(s) 'example_display_name' retrieved from /home/airflow/.local/lib/python3.12/site-packages/airflow/example_dags/example_display_name.py
[2025-05-25T08:19:40.083+0000] {logging_mixin.py:188} INFO - [2025-05-25T08:19:40.083+0000] {dag.py:3096} INFO - Sync 1 DAGs
[2025-05-25T08:19:40.090+0000] {logging_mixin.py:188} INFO - [2025-05-25T08:19:40.090+0000] {dag.py:3954} INFO - Setting next_dagrun for example_display_name to None, run_after=None
[2025-05-25T08:19:40.104+0000] {processor.py:183} INFO - Processing /home/airflow/.local/lib/python3.12/site-packages/airflow/example_dags/example_display_name.py took 0.049 seconds
[2025-05-25T08:20:11.010+0000] {processor.py:161} INFO - Started process (PID=4879) to work on /home/airflow/.local/lib/python3.12/site-packages/airflow/example_dags/example_display_name.py
[2025-05-25T08:20:11.012+0000] {processor.py:830} INFO - Processing file /home/airflow/.local/lib/python3.12/site-packages/airflow/example_dags/example_display_name.py for tasks to queue
[2025-05-25T08:20:11.014+0000] {logging_mixin.py:188} INFO - [2025-05-25T08:20:11.013+0000] {dagbag.py:540} INFO - Filling up the DagBag from /home/airflow/.local/lib/python3.12/site-packages/airflow/example_dags/example_display_name.py
[2025-05-25T08:20:11.028+0000] {processor.py:840} INFO - DAG(s) 'example_display_name' retrieved from /home/airflow/.local/lib/python3.12/site-packages/airflow/example_dags/example_display_name.py
[2025-05-25T08:20:11.060+0000] {logging_mixin.py:188} INFO - [2025-05-25T08:20:11.060+0000] {dag.py:3096} INFO - Sync 1 DAGs
[2025-05-25T08:20:11.071+0000] {logging_mixin.py:188} INFO - [2025-05-25T08:20:11.071+0000] {dag.py:3954} INFO - Setting next_dagrun for example_display_name to None, run_after=None
[2025-05-25T08:20:11.091+0000] {processor.py:183} INFO - Processing /home/airflow/.local/lib/python3.12/site-packages/airflow/example_dags/example_display_name.py took 0.092 seconds
[2025-05-25T08:20:41.389+0000] {processor.py:161} INFO - Started process (PID=4944) to work on /home/airflow/.local/lib/python3.12/site-packages/airflow/example_dags/example_display_name.py
[2025-05-25T08:20:41.392+0000] {processor.py:830} INFO - Processing file /home/airflow/.local/lib/python3.12/site-packages/airflow/example_dags/example_display_name.py for tasks to queue
[2025-05-25T08:20:41.395+0000] {logging_mixin.py:188} INFO - [2025-05-25T08:20:41.395+0000] {dagbag.py:540} INFO - Filling up the DagBag from /home/airflow/.local/lib/python3.12/site-packages/airflow/example_dags/example_display_name.py
[2025-05-25T08:20:41.403+0000] {processor.py:840} INFO - DAG(s) 'example_display_name' retrieved from /home/airflow/.local/lib/python3.12/site-packages/airflow/example_dags/example_display_name.py
[2025-05-25T08:20:41.422+0000] {logging_mixin.py:188} INFO - [2025-05-25T08:20:41.422+0000] {dag.py:3096} INFO - Sync 1 DAGs
[2025-05-25T08:20:41.429+0000] {logging_mixin.py:188} INFO - [2025-05-25T08:20:41.429+0000] {dag.py:3954} INFO - Setting next_dagrun for example_display_name to None, run_after=None
[2025-05-25T08:20:41.439+0000] {processor.py:183} INFO - Processing /home/airflow/.local/lib/python3.12/site-packages/airflow/example_dags/example_display_name.py took 0.058 seconds
[2025-05-25T08:21:11.970+0000] {processor.py:161} INFO - Started process (PID=5010) to work on /home/airflow/.local/lib/python3.12/site-packages/airflow/example_dags/example_display_name.py
[2025-05-25T08:21:11.971+0000] {processor.py:830} INFO - Processing file /home/airflow/.local/lib/python3.12/site-packages/airflow/example_dags/example_display_name.py for tasks to queue
[2025-05-25T08:21:11.973+0000] {logging_mixin.py:188} INFO - [2025-05-25T08:21:11.973+0000] {dagbag.py:540} INFO - Filling up the DagBag from /home/airflow/.local/lib/python3.12/site-packages/airflow/example_dags/example_display_name.py
[2025-05-25T08:21:11.980+0000] {processor.py:840} INFO - DAG(s) 'example_display_name' retrieved from /home/airflow/.local/lib/python3.12/site-packages/airflow/example_dags/example_display_name.py
[2025-05-25T08:21:11.999+0000] {logging_mixin.py:188} INFO - [2025-05-25T08:21:11.999+0000] {dag.py:3096} INFO - Sync 1 DAGs
[2025-05-25T08:21:12.010+0000] {logging_mixin.py:188} INFO - [2025-05-25T08:21:12.010+0000] {dag.py:3954} INFO - Setting next_dagrun for example_display_name to None, run_after=None
[2025-05-25T08:21:12.029+0000] {processor.py:183} INFO - Processing /home/airflow/.local/lib/python3.12/site-packages/airflow/example_dags/example_display_name.py took 0.065 seconds
[2025-05-25T08:24:43.672+0000] {processor.py:161} INFO - Started process (PID=5092) to work on /home/airflow/.local/lib/python3.12/site-packages/airflow/example_dags/example_display_name.py
[2025-05-25T08:24:43.673+0000] {processor.py:830} INFO - Processing file /home/airflow/.local/lib/python3.12/site-packages/airflow/example_dags/example_display_name.py for tasks to queue
[2025-05-25T08:24:43.674+0000] {logging_mixin.py:188} INFO - [2025-05-25T08:24:43.674+0000] {dagbag.py:540} INFO - Filling up the DagBag from /home/airflow/.local/lib/python3.12/site-packages/airflow/example_dags/example_display_name.py
[2025-05-25T08:24:43.677+0000] {processor.py:840} INFO - DAG(s) 'example_display_name' retrieved from /home/airflow/.local/lib/python3.12/site-packages/airflow/example_dags/example_display_name.py
[2025-05-25T08:24:43.687+0000] {logging_mixin.py:188} INFO - [2025-05-25T08:24:43.687+0000] {dag.py:3096} INFO - Sync 1 DAGs
[2025-05-25T08:24:43.694+0000] {logging_mixin.py:188} INFO - [2025-05-25T08:24:43.694+0000] {dag.py:3954} INFO - Setting next_dagrun for example_display_name to None, run_after=None
[2025-05-25T08:24:43.708+0000] {processor.py:183} INFO - Processing /home/airflow/.local/lib/python3.12/site-packages/airflow/example_dags/example_display_name.py took 0.041 seconds
[2025-05-25T08:25:15.324+0000] {processor.py:161} INFO - Started process (PID=5158) to work on /home/airflow/.local/lib/python3.12/site-packages/airflow/example_dags/example_display_name.py
[2025-05-25T08:25:15.325+0000] {processor.py:830} INFO - Processing file /home/airflow/.local/lib/python3.12/site-packages/airflow/example_dags/example_display_name.py for tasks to queue
[2025-05-25T08:25:15.326+0000] {logging_mixin.py:188} INFO - [2025-05-25T08:25:15.325+0000] {dagbag.py:540} INFO - Filling up the DagBag from /home/airflow/.local/lib/python3.12/site-packages/airflow/example_dags/example_display_name.py
[2025-05-25T08:25:15.329+0000] {processor.py:840} INFO - DAG(s) 'example_display_name' retrieved from /home/airflow/.local/lib/python3.12/site-packages/airflow/example_dags/example_display_name.py
[2025-05-25T08:25:15.346+0000] {logging_mixin.py:188} INFO - [2025-05-25T08:25:15.346+0000] {dag.py:3096} INFO - Sync 1 DAGs
[2025-05-25T08:25:15.353+0000] {logging_mixin.py:188} INFO - [2025-05-25T08:25:15.353+0000] {dag.py:3954} INFO - Setting next_dagrun for example_display_name to None, run_after=None
[2025-05-25T08:25:15.366+0000] {processor.py:183} INFO - Processing /home/airflow/.local/lib/python3.12/site-packages/airflow/example_dags/example_display_name.py took 0.049 seconds
[2025-05-25T08:25:47.631+0000] {processor.py:161} INFO - Started process (PID=5224) to work on /home/airflow/.local/lib/python3.12/site-packages/airflow/example_dags/example_display_name.py
[2025-05-25T08:25:47.632+0000] {processor.py:830} INFO - Processing file /home/airflow/.local/lib/python3.12/site-packages/airflow/example_dags/example_display_name.py for tasks to queue
[2025-05-25T08:25:47.632+0000] {logging_mixin.py:188} INFO - [2025-05-25T08:25:47.632+0000] {dagbag.py:540} INFO - Filling up the DagBag from /home/airflow/.local/lib/python3.12/site-packages/airflow/example_dags/example_display_name.py
[2025-05-25T08:25:47.635+0000] {processor.py:840} INFO - DAG(s) 'example_display_name' retrieved from /home/airflow/.local/lib/python3.12/site-packages/airflow/example_dags/example_display_name.py
[2025-05-25T08:25:47.647+0000] {logging_mixin.py:188} INFO - [2025-05-25T08:25:47.646+0000] {dag.py:3096} INFO - Sync 1 DAGs
[2025-05-25T08:25:47.652+0000] {logging_mixin.py:188} INFO - [2025-05-25T08:25:47.652+0000] {dag.py:3954} INFO - Setting next_dagrun for example_display_name to None, run_after=None
[2025-05-25T08:25:47.661+0000] {processor.py:183} INFO - Processing /home/airflow/.local/lib/python3.12/site-packages/airflow/example_dags/example_display_name.py took 0.033 seconds
[2025-05-25T08:26:20.171+0000] {processor.py:161} INFO - Started process (PID=5290) to work on /home/airflow/.local/lib/python3.12/site-packages/airflow/example_dags/example_display_name.py
[2025-05-25T08:26:20.171+0000] {processor.py:830} INFO - Processing file /home/airflow/.local/lib/python3.12/site-packages/airflow/example_dags/example_display_name.py for tasks to queue
[2025-05-25T08:26:20.173+0000] {logging_mixin.py:188} INFO - [2025-05-25T08:26:20.173+0000] {dagbag.py:540} INFO - Filling up the DagBag from /home/airflow/.local/lib/python3.12/site-packages/airflow/example_dags/example_display_name.py
[2025-05-25T08:26:20.176+0000] {processor.py:840} INFO - DAG(s) 'example_display_name' retrieved from /home/airflow/.local/lib/python3.12/site-packages/airflow/example_dags/example_display_name.py
[2025-05-25T08:26:20.186+0000] {logging_mixin.py:188} INFO - [2025-05-25T08:26:20.186+0000] {dag.py:3096} INFO - Sync 1 DAGs
[2025-05-25T08:26:20.191+0000] {logging_mixin.py:188} INFO - [2025-05-25T08:26:20.191+0000] {dag.py:3954} INFO - Setting next_dagrun for example_display_name to None, run_after=None
[2025-05-25T08:26:20.204+0000] {processor.py:183} INFO - Processing /home/airflow/.local/lib/python3.12/site-packages/airflow/example_dags/example_display_name.py took 0.037 seconds
[2025-05-25T08:26:52.642+0000] {processor.py:161} INFO - Started process (PID=5356) to work on /home/airflow/.local/lib/python3.12/site-packages/airflow/example_dags/example_display_name.py
[2025-05-25T08:26:52.643+0000] {processor.py:830} INFO - Processing file /home/airflow/.local/lib/python3.12/site-packages/airflow/example_dags/example_display_name.py for tasks to queue
[2025-05-25T08:26:52.644+0000] {logging_mixin.py:188} INFO - [2025-05-25T08:26:52.643+0000] {dagbag.py:540} INFO - Filling up the DagBag from /home/airflow/.local/lib/python3.12/site-packages/airflow/example_dags/example_display_name.py
[2025-05-25T08:26:52.646+0000] {processor.py:840} INFO - DAG(s) 'example_display_name' retrieved from /home/airflow/.local/lib/python3.12/site-packages/airflow/example_dags/example_display_name.py
[2025-05-25T08:26:52.656+0000] {logging_mixin.py:188} INFO - [2025-05-25T08:26:52.656+0000] {dag.py:3096} INFO - Sync 1 DAGs
[2025-05-25T08:26:52.661+0000] {logging_mixin.py:188} INFO - [2025-05-25T08:26:52.661+0000] {dag.py:3954} INFO - Setting next_dagrun for example_display_name to None, run_after=None
[2025-05-25T08:26:52.669+0000] {processor.py:183} INFO - Processing /home/airflow/.local/lib/python3.12/site-packages/airflow/example_dags/example_display_name.py took 0.030 seconds
[2025-05-25T08:27:23.674+0000] {processor.py:161} INFO - Started process (PID=5418) to work on /home/airflow/.local/lib/python3.12/site-packages/airflow/example_dags/example_display_name.py
[2025-05-25T08:27:23.676+0000] {processor.py:830} INFO - Processing file /home/airflow/.local/lib/python3.12/site-packages/airflow/example_dags/example_display_name.py for tasks to queue
[2025-05-25T08:27:23.677+0000] {logging_mixin.py:188} INFO - [2025-05-25T08:27:23.676+0000] {dagbag.py:540} INFO - Filling up the DagBag from /home/airflow/.local/lib/python3.12/site-packages/airflow/example_dags/example_display_name.py
[2025-05-25T08:27:23.681+0000] {processor.py:840} INFO - DAG(s) 'example_display_name' retrieved from /home/airflow/.local/lib/python3.12/site-packages/airflow/example_dags/example_display_name.py
[2025-05-25T08:27:23.696+0000] {logging_mixin.py:188} INFO - [2025-05-25T08:27:23.695+0000] {dag.py:3096} INFO - Sync 1 DAGs
[2025-05-25T08:27:23.703+0000] {logging_mixin.py:188} INFO - [2025-05-25T08:27:23.703+0000] {dag.py:3954} INFO - Setting next_dagrun for example_display_name to None, run_after=None
[2025-05-25T08:27:23.713+0000] {processor.py:183} INFO - Processing /home/airflow/.local/lib/python3.12/site-packages/airflow/example_dags/example_display_name.py took 0.057 seconds
[2025-05-25T08:27:54.453+0000] {processor.py:161} INFO - Started process (PID=5480) to work on /home/airflow/.local/lib/python3.12/site-packages/airflow/example_dags/example_display_name.py
[2025-05-25T08:27:54.454+0000] {processor.py:830} INFO - Processing file /home/airflow/.local/lib/python3.12/site-packages/airflow/example_dags/example_display_name.py for tasks to queue
[2025-05-25T08:27:54.454+0000] {logging_mixin.py:188} INFO - [2025-05-25T08:27:54.454+0000] {dagbag.py:540} INFO - Filling up the DagBag from /home/airflow/.local/lib/python3.12/site-packages/airflow/example_dags/example_display_name.py
[2025-05-25T08:27:54.457+0000] {processor.py:840} INFO - DAG(s) 'example_display_name' retrieved from /home/airflow/.local/lib/python3.12/site-packages/airflow/example_dags/example_display_name.py
[2025-05-25T08:27:54.473+0000] {logging_mixin.py:188} INFO - [2025-05-25T08:27:54.473+0000] {dag.py:3096} INFO - Sync 1 DAGs
[2025-05-25T08:27:54.480+0000] {logging_mixin.py:188} INFO - [2025-05-25T08:27:54.480+0000] {dag.py:3954} INFO - Setting next_dagrun for example_display_name to None, run_after=None
[2025-05-25T08:27:54.492+0000] {processor.py:183} INFO - Processing /home/airflow/.local/lib/python3.12/site-packages/airflow/example_dags/example_display_name.py took 0.042 seconds
[2025-05-25T08:28:24.746+0000] {processor.py:161} INFO - Started process (PID=5546) to work on /home/airflow/.local/lib/python3.12/site-packages/airflow/example_dags/example_display_name.py
[2025-05-25T08:28:24.747+0000] {processor.py:830} INFO - Processing file /home/airflow/.local/lib/python3.12/site-packages/airflow/example_dags/example_display_name.py for tasks to queue
[2025-05-25T08:28:24.747+0000] {logging_mixin.py:188} INFO - [2025-05-25T08:28:24.747+0000] {dagbag.py:540} INFO - Filling up the DagBag from /home/airflow/.local/lib/python3.12/site-packages/airflow/example_dags/example_display_name.py
[2025-05-25T08:28:24.752+0000] {processor.py:840} INFO - DAG(s) 'example_display_name' retrieved from /home/airflow/.local/lib/python3.12/site-packages/airflow/example_dags/example_display_name.py
[2025-05-25T08:28:24.765+0000] {logging_mixin.py:188} INFO - [2025-05-25T08:28:24.765+0000] {dag.py:3096} INFO - Sync 1 DAGs
[2025-05-25T08:28:24.771+0000] {logging_mixin.py:188} INFO - [2025-05-25T08:28:24.771+0000] {dag.py:3954} INFO - Setting next_dagrun for example_display_name to None, run_after=None
[2025-05-25T08:28:24.780+0000] {processor.py:183} INFO - Processing /home/airflow/.local/lib/python3.12/site-packages/airflow/example_dags/example_display_name.py took 0.037 seconds
[2025-05-25T08:28:55.671+0000] {processor.py:161} INFO - Started process (PID=5612) to work on /home/airflow/.local/lib/python3.12/site-packages/airflow/example_dags/example_display_name.py
[2025-05-25T08:28:55.672+0000] {processor.py:830} INFO - Processing file /home/airflow/.local/lib/python3.12/site-packages/airflow/example_dags/example_display_name.py for tasks to queue
[2025-05-25T08:28:55.672+0000] {logging_mixin.py:188} INFO - [2025-05-25T08:28:55.672+0000] {dagbag.py:540} INFO - Filling up the DagBag from /home/airflow/.local/lib/python3.12/site-packages/airflow/example_dags/example_display_name.py
[2025-05-25T08:28:55.676+0000] {processor.py:840} INFO - DAG(s) 'example_display_name' retrieved from /home/airflow/.local/lib/python3.12/site-packages/airflow/example_dags/example_display_name.py
[2025-05-25T08:28:55.688+0000] {logging_mixin.py:188} INFO - [2025-05-25T08:28:55.688+0000] {dag.py:3096} INFO - Sync 1 DAGs
[2025-05-25T08:28:55.697+0000] {logging_mixin.py:188} INFO - [2025-05-25T08:28:55.697+0000] {dag.py:3954} INFO - Setting next_dagrun for example_display_name to None, run_after=None
[2025-05-25T08:28:55.713+0000] {processor.py:183} INFO - Processing /home/airflow/.local/lib/python3.12/site-packages/airflow/example_dags/example_display_name.py took 0.046 seconds
[2025-05-25T08:29:26.169+0000] {processor.py:161} INFO - Started process (PID=5678) to work on /home/airflow/.local/lib/python3.12/site-packages/airflow/example_dags/example_display_name.py
[2025-05-25T08:29:26.174+0000] {processor.py:830} INFO - Processing file /home/airflow/.local/lib/python3.12/site-packages/airflow/example_dags/example_display_name.py for tasks to queue
[2025-05-25T08:29:26.175+0000] {logging_mixin.py:188} INFO - [2025-05-25T08:29:26.174+0000] {dagbag.py:540} INFO - Filling up the DagBag from /home/airflow/.local/lib/python3.12/site-packages/airflow/example_dags/example_display_name.py
[2025-05-25T08:29:26.177+0000] {processor.py:840} INFO - DAG(s) 'example_display_name' retrieved from /home/airflow/.local/lib/python3.12/site-packages/airflow/example_dags/example_display_name.py
[2025-05-25T08:29:26.192+0000] {logging_mixin.py:188} INFO - [2025-05-25T08:29:26.192+0000] {dag.py:3096} INFO - Sync 1 DAGs
[2025-05-25T08:29:26.199+0000] {logging_mixin.py:188} INFO - [2025-05-25T08:29:26.199+0000] {dag.py:3954} INFO - Setting next_dagrun for example_display_name to None, run_after=None
[2025-05-25T08:29:26.213+0000] {processor.py:183} INFO - Processing /home/airflow/.local/lib/python3.12/site-packages/airflow/example_dags/example_display_name.py took 0.048 seconds
[2025-05-25T08:29:57.391+0000] {processor.py:161} INFO - Started process (PID=5744) to work on /home/airflow/.local/lib/python3.12/site-packages/airflow/example_dags/example_display_name.py
[2025-05-25T08:29:57.395+0000] {processor.py:830} INFO - Processing file /home/airflow/.local/lib/python3.12/site-packages/airflow/example_dags/example_display_name.py for tasks to queue
[2025-05-25T08:29:57.395+0000] {logging_mixin.py:188} INFO - [2025-05-25T08:29:57.395+0000] {dagbag.py:540} INFO - Filling up the DagBag from /home/airflow/.local/lib/python3.12/site-packages/airflow/example_dags/example_display_name.py
[2025-05-25T08:29:57.398+0000] {processor.py:840} INFO - DAG(s) 'example_display_name' retrieved from /home/airflow/.local/lib/python3.12/site-packages/airflow/example_dags/example_display_name.py
[2025-05-25T08:29:57.413+0000] {logging_mixin.py:188} INFO - [2025-05-25T08:29:57.412+0000] {dag.py:3096} INFO - Sync 1 DAGs
[2025-05-25T08:29:57.420+0000] {logging_mixin.py:188} INFO - [2025-05-25T08:29:57.420+0000] {dag.py:3954} INFO - Setting next_dagrun for example_display_name to None, run_after=None
[2025-05-25T08:29:57.431+0000] {processor.py:183} INFO - Processing /home/airflow/.local/lib/python3.12/site-packages/airflow/example_dags/example_display_name.py took 0.043 seconds
[2025-05-25T08:30:27.889+0000] {processor.py:161} INFO - Started process (PID=5810) to work on /home/airflow/.local/lib/python3.12/site-packages/airflow/example_dags/example_display_name.py
[2025-05-25T08:30:27.893+0000] {processor.py:830} INFO - Processing file /home/airflow/.local/lib/python3.12/site-packages/airflow/example_dags/example_display_name.py for tasks to queue
[2025-05-25T08:30:27.893+0000] {logging_mixin.py:188} INFO - [2025-05-25T08:30:27.893+0000] {dagbag.py:540} INFO - Filling up the DagBag from /home/airflow/.local/lib/python3.12/site-packages/airflow/example_dags/example_display_name.py
[2025-05-25T08:30:27.896+0000] {processor.py:840} INFO - DAG(s) 'example_display_name' retrieved from /home/airflow/.local/lib/python3.12/site-packages/airflow/example_dags/example_display_name.py
[2025-05-25T08:30:27.910+0000] {logging_mixin.py:188} INFO - [2025-05-25T08:30:27.910+0000] {dag.py:3096} INFO - Sync 1 DAGs
[2025-05-25T08:30:27.917+0000] {logging_mixin.py:188} INFO - [2025-05-25T08:30:27.917+0000] {dag.py:3954} INFO - Setting next_dagrun for example_display_name to None, run_after=None
[2025-05-25T08:30:27.925+0000] {processor.py:183} INFO - Processing /home/airflow/.local/lib/python3.12/site-packages/airflow/example_dags/example_display_name.py took 0.040 seconds
[2025-05-25T08:30:58.351+0000] {processor.py:161} INFO - Started process (PID=5876) to work on /home/airflow/.local/lib/python3.12/site-packages/airflow/example_dags/example_display_name.py
[2025-05-25T08:30:58.352+0000] {processor.py:830} INFO - Processing file /home/airflow/.local/lib/python3.12/site-packages/airflow/example_dags/example_display_name.py for tasks to queue
[2025-05-25T08:30:58.352+0000] {logging_mixin.py:188} INFO - [2025-05-25T08:30:58.352+0000] {dagbag.py:540} INFO - Filling up the DagBag from /home/airflow/.local/lib/python3.12/site-packages/airflow/example_dags/example_display_name.py
[2025-05-25T08:30:58.355+0000] {processor.py:840} INFO - DAG(s) 'example_display_name' retrieved from /home/airflow/.local/lib/python3.12/site-packages/airflow/example_dags/example_display_name.py
[2025-05-25T08:30:58.366+0000] {logging_mixin.py:188} INFO - [2025-05-25T08:30:58.366+0000] {dag.py:3096} INFO - Sync 1 DAGs
[2025-05-25T08:30:58.376+0000] {logging_mixin.py:188} INFO - [2025-05-25T08:30:58.373+0000] {dag.py:3954} INFO - Setting next_dagrun for example_display_name to None, run_after=None
[2025-05-25T08:30:58.390+0000] {processor.py:183} INFO - Processing /home/airflow/.local/lib/python3.12/site-packages/airflow/example_dags/example_display_name.py took 0.043 seconds
[2025-05-25T08:31:28.536+0000] {processor.py:161} INFO - Started process (PID=5942) to work on /home/airflow/.local/lib/python3.12/site-packages/airflow/example_dags/example_display_name.py
[2025-05-25T08:31:28.537+0000] {processor.py:830} INFO - Processing file /home/airflow/.local/lib/python3.12/site-packages/airflow/example_dags/example_display_name.py for tasks to queue
[2025-05-25T08:31:28.537+0000] {logging_mixin.py:188} INFO - [2025-05-25T08:31:28.537+0000] {dagbag.py:540} INFO - Filling up the DagBag from /home/airflow/.local/lib/python3.12/site-packages/airflow/example_dags/example_display_name.py
[2025-05-25T08:31:28.540+0000] {processor.py:840} INFO - DAG(s) 'example_display_name' retrieved from /home/airflow/.local/lib/python3.12/site-packages/airflow/example_dags/example_display_name.py
[2025-05-25T08:31:28.553+0000] {logging_mixin.py:188} INFO - [2025-05-25T08:31:28.553+0000] {dag.py:3096} INFO - Sync 1 DAGs
[2025-05-25T08:31:28.560+0000] {logging_mixin.py:188} INFO - [2025-05-25T08:31:28.560+0000] {dag.py:3954} INFO - Setting next_dagrun for example_display_name to None, run_after=None
[2025-05-25T08:31:28.578+0000] {processor.py:183} INFO - Processing /home/airflow/.local/lib/python3.12/site-packages/airflow/example_dags/example_display_name.py took 0.046 seconds
[2025-05-25T08:31:59.340+0000] {processor.py:161} INFO - Started process (PID=6008) to work on /home/airflow/.local/lib/python3.12/site-packages/airflow/example_dags/example_display_name.py
[2025-05-25T08:31:59.341+0000] {processor.py:830} INFO - Processing file /home/airflow/.local/lib/python3.12/site-packages/airflow/example_dags/example_display_name.py for tasks to queue
[2025-05-25T08:31:59.341+0000] {logging_mixin.py:188} INFO - [2025-05-25T08:31:59.341+0000] {dagbag.py:540} INFO - Filling up the DagBag from /home/airflow/.local/lib/python3.12/site-packages/airflow/example_dags/example_display_name.py
[2025-05-25T08:31:59.345+0000] {processor.py:840} INFO - DAG(s) 'example_display_name' retrieved from /home/airflow/.local/lib/python3.12/site-packages/airflow/example_dags/example_display_name.py
[2025-05-25T08:31:59.359+0000] {logging_mixin.py:188} INFO - [2025-05-25T08:31:59.358+0000] {dag.py:3096} INFO - Sync 1 DAGs
[2025-05-25T08:31:59.365+0000] {logging_mixin.py:188} INFO - [2025-05-25T08:31:59.364+0000] {dag.py:3954} INFO - Setting next_dagrun for example_display_name to None, run_after=None
[2025-05-25T08:31:59.377+0000] {processor.py:183} INFO - Processing /home/airflow/.local/lib/python3.12/site-packages/airflow/example_dags/example_display_name.py took 0.042 seconds
[2025-05-25T08:32:30.319+0000] {processor.py:161} INFO - Started process (PID=6074) to work on /home/airflow/.local/lib/python3.12/site-packages/airflow/example_dags/example_display_name.py
[2025-05-25T08:32:30.320+0000] {processor.py:830} INFO - Processing file /home/airflow/.local/lib/python3.12/site-packages/airflow/example_dags/example_display_name.py for tasks to queue
[2025-05-25T08:32:30.321+0000] {logging_mixin.py:188} INFO - [2025-05-25T08:32:30.321+0000] {dagbag.py:540} INFO - Filling up the DagBag from /home/airflow/.local/lib/python3.12/site-packages/airflow/example_dags/example_display_name.py
[2025-05-25T08:32:30.324+0000] {processor.py:840} INFO - DAG(s) 'example_display_name' retrieved from /home/airflow/.local/lib/python3.12/site-packages/airflow/example_dags/example_display_name.py
[2025-05-25T08:32:30.337+0000] {logging_mixin.py:188} INFO - [2025-05-25T08:32:30.337+0000] {dag.py:3096} INFO - Sync 1 DAGs
[2025-05-25T08:32:30.344+0000] {logging_mixin.py:188} INFO - [2025-05-25T08:32:30.344+0000] {dag.py:3954} INFO - Setting next_dagrun for example_display_name to None, run_after=None
[2025-05-25T08:32:30.358+0000] {processor.py:183} INFO - Processing /home/airflow/.local/lib/python3.12/site-packages/airflow/example_dags/example_display_name.py took 0.044 seconds
[2025-05-25T08:33:00.840+0000] {processor.py:161} INFO - Started process (PID=6140) to work on /home/airflow/.local/lib/python3.12/site-packages/airflow/example_dags/example_display_name.py
[2025-05-25T08:33:00.844+0000] {processor.py:830} INFO - Processing file /home/airflow/.local/lib/python3.12/site-packages/airflow/example_dags/example_display_name.py for tasks to queue
[2025-05-25T08:33:00.845+0000] {logging_mixin.py:188} INFO - [2025-05-25T08:33:00.845+0000] {dagbag.py:540} INFO - Filling up the DagBag from /home/airflow/.local/lib/python3.12/site-packages/airflow/example_dags/example_display_name.py
[2025-05-25T08:33:00.849+0000] {processor.py:840} INFO - DAG(s) 'example_display_name' retrieved from /home/airflow/.local/lib/python3.12/site-packages/airflow/example_dags/example_display_name.py
[2025-05-25T08:33:00.861+0000] {logging_mixin.py:188} INFO - [2025-05-25T08:33:00.860+0000] {dag.py:3096} INFO - Sync 1 DAGs
[2025-05-25T08:33:00.866+0000] {logging_mixin.py:188} INFO - [2025-05-25T08:33:00.866+0000] {dag.py:3954} INFO - Setting next_dagrun for example_display_name to None, run_after=None
[2025-05-25T08:33:00.878+0000] {processor.py:183} INFO - Processing /home/airflow/.local/lib/python3.12/site-packages/airflow/example_dags/example_display_name.py took 0.041 seconds
[2025-05-25T08:33:31.216+0000] {processor.py:161} INFO - Started process (PID=6206) to work on /home/airflow/.local/lib/python3.12/site-packages/airflow/example_dags/example_display_name.py
[2025-05-25T08:33:31.217+0000] {processor.py:830} INFO - Processing file /home/airflow/.local/lib/python3.12/site-packages/airflow/example_dags/example_display_name.py for tasks to queue
[2025-05-25T08:33:31.217+0000] {logging_mixin.py:188} INFO - [2025-05-25T08:33:31.217+0000] {dagbag.py:540} INFO - Filling up the DagBag from /home/airflow/.local/lib/python3.12/site-packages/airflow/example_dags/example_display_name.py
[2025-05-25T08:33:31.220+0000] {processor.py:840} INFO - DAG(s) 'example_display_name' retrieved from /home/airflow/.local/lib/python3.12/site-packages/airflow/example_dags/example_display_name.py
[2025-05-25T08:33:31.233+0000] {logging_mixin.py:188} INFO - [2025-05-25T08:33:31.233+0000] {dag.py:3096} INFO - Sync 1 DAGs
[2025-05-25T08:33:31.240+0000] {logging_mixin.py:188} INFO - [2025-05-25T08:33:31.240+0000] {dag.py:3954} INFO - Setting next_dagrun for example_display_name to None, run_after=None
[2025-05-25T08:33:31.253+0000] {processor.py:183} INFO - Processing /home/airflow/.local/lib/python3.12/site-packages/airflow/example_dags/example_display_name.py took 0.040 seconds
[2025-05-25T08:34:01.644+0000] {processor.py:161} INFO - Started process (PID=6272) to work on /home/airflow/.local/lib/python3.12/site-packages/airflow/example_dags/example_display_name.py
[2025-05-25T08:34:01.647+0000] {processor.py:830} INFO - Processing file /home/airflow/.local/lib/python3.12/site-packages/airflow/example_dags/example_display_name.py for tasks to queue
[2025-05-25T08:34:01.648+0000] {logging_mixin.py:188} INFO - [2025-05-25T08:34:01.648+0000] {dagbag.py:540} INFO - Filling up the DagBag from /home/airflow/.local/lib/python3.12/site-packages/airflow/example_dags/example_display_name.py
[2025-05-25T08:34:01.651+0000] {processor.py:840} INFO - DAG(s) 'example_display_name' retrieved from /home/airflow/.local/lib/python3.12/site-packages/airflow/example_dags/example_display_name.py
[2025-05-25T08:34:01.661+0000] {logging_mixin.py:188} INFO - [2025-05-25T08:34:01.661+0000] {dag.py:3096} INFO - Sync 1 DAGs
[2025-05-25T08:34:01.670+0000] {logging_mixin.py:188} INFO - [2025-05-25T08:34:01.670+0000] {dag.py:3954} INFO - Setting next_dagrun for example_display_name to None, run_after=None
[2025-05-25T08:34:01.680+0000] {processor.py:183} INFO - Processing /home/airflow/.local/lib/python3.12/site-packages/airflow/example_dags/example_display_name.py took 0.040 seconds
[2025-05-25T08:34:31.915+0000] {processor.py:161} INFO - Started process (PID=6338) to work on /home/airflow/.local/lib/python3.12/site-packages/airflow/example_dags/example_display_name.py
[2025-05-25T08:34:31.915+0000] {processor.py:830} INFO - Processing file /home/airflow/.local/lib/python3.12/site-packages/airflow/example_dags/example_display_name.py for tasks to queue
[2025-05-25T08:34:31.916+0000] {logging_mixin.py:188} INFO - [2025-05-25T08:34:31.916+0000] {dagbag.py:540} INFO - Filling up the DagBag from /home/airflow/.local/lib/python3.12/site-packages/airflow/example_dags/example_display_name.py
[2025-05-25T08:34:31.919+0000] {processor.py:840} INFO - DAG(s) 'example_display_name' retrieved from /home/airflow/.local/lib/python3.12/site-packages/airflow/example_dags/example_display_name.py
[2025-05-25T08:34:31.931+0000] {logging_mixin.py:188} INFO - [2025-05-25T08:34:31.931+0000] {dag.py:3096} INFO - Sync 1 DAGs
[2025-05-25T08:34:31.937+0000] {logging_mixin.py:188} INFO - [2025-05-25T08:34:31.937+0000] {dag.py:3954} INFO - Setting next_dagrun for example_display_name to None, run_after=None
[2025-05-25T08:34:31.948+0000] {processor.py:183} INFO - Processing /home/airflow/.local/lib/python3.12/site-packages/airflow/example_dags/example_display_name.py took 0.037 seconds
[2025-05-25T08:35:02.139+0000] {processor.py:161} INFO - Started process (PID=6404) to work on /home/airflow/.local/lib/python3.12/site-packages/airflow/example_dags/example_display_name.py
[2025-05-25T08:35:02.140+0000] {processor.py:830} INFO - Processing file /home/airflow/.local/lib/python3.12/site-packages/airflow/example_dags/example_display_name.py for tasks to queue
[2025-05-25T08:35:02.141+0000] {logging_mixin.py:188} INFO - [2025-05-25T08:35:02.141+0000] {dagbag.py:540} INFO - Filling up the DagBag from /home/airflow/.local/lib/python3.12/site-packages/airflow/example_dags/example_display_name.py
[2025-05-25T08:35:02.144+0000] {processor.py:840} INFO - DAG(s) 'example_display_name' retrieved from /home/airflow/.local/lib/python3.12/site-packages/airflow/example_dags/example_display_name.py
[2025-05-25T08:35:02.157+0000] {logging_mixin.py:188} INFO - [2025-05-25T08:35:02.157+0000] {dag.py:3096} INFO - Sync 1 DAGs
[2025-05-25T08:35:02.163+0000] {logging_mixin.py:188} INFO - [2025-05-25T08:35:02.163+0000] {dag.py:3954} INFO - Setting next_dagrun for example_display_name to None, run_after=None
[2025-05-25T08:35:02.177+0000] {processor.py:183} INFO - Processing /home/airflow/.local/lib/python3.12/site-packages/airflow/example_dags/example_display_name.py took 0.042 seconds
[2025-05-25T08:35:32.552+0000] {processor.py:161} INFO - Started process (PID=6470) to work on /home/airflow/.local/lib/python3.12/site-packages/airflow/example_dags/example_display_name.py
[2025-05-25T08:35:32.553+0000] {processor.py:830} INFO - Processing file /home/airflow/.local/lib/python3.12/site-packages/airflow/example_dags/example_display_name.py for tasks to queue
[2025-05-25T08:35:32.553+0000] {logging_mixin.py:188} INFO - [2025-05-25T08:35:32.553+0000] {dagbag.py:540} INFO - Filling up the DagBag from /home/airflow/.local/lib/python3.12/site-packages/airflow/example_dags/example_display_name.py
[2025-05-25T08:35:32.557+0000] {processor.py:840} INFO - DAG(s) 'example_display_name' retrieved from /home/airflow/.local/lib/python3.12/site-packages/airflow/example_dags/example_display_name.py
[2025-05-25T08:35:32.574+0000] {logging_mixin.py:188} INFO - [2025-05-25T08:35:32.573+0000] {dag.py:3096} INFO - Sync 1 DAGs
[2025-05-25T08:35:32.579+0000] {logging_mixin.py:188} INFO - [2025-05-25T08:35:32.579+0000] {dag.py:3954} INFO - Setting next_dagrun for example_display_name to None, run_after=None
[2025-05-25T08:35:32.587+0000] {processor.py:183} INFO - Processing /home/airflow/.local/lib/python3.12/site-packages/airflow/example_dags/example_display_name.py took 0.041 seconds
[2025-05-25T08:36:03.832+0000] {processor.py:161} INFO - Started process (PID=6536) to work on /home/airflow/.local/lib/python3.12/site-packages/airflow/example_dags/example_display_name.py
[2025-05-25T08:36:03.833+0000] {processor.py:830} INFO - Processing file /home/airflow/.local/lib/python3.12/site-packages/airflow/example_dags/example_display_name.py for tasks to queue
[2025-05-25T08:36:03.834+0000] {logging_mixin.py:188} INFO - [2025-05-25T08:36:03.834+0000] {dagbag.py:540} INFO - Filling up the DagBag from /home/airflow/.local/lib/python3.12/site-packages/airflow/example_dags/example_display_name.py
[2025-05-25T08:36:03.837+0000] {processor.py:840} INFO - DAG(s) 'example_display_name' retrieved from /home/airflow/.local/lib/python3.12/site-packages/airflow/example_dags/example_display_name.py
[2025-05-25T08:36:03.847+0000] {logging_mixin.py:188} INFO - [2025-05-25T08:36:03.847+0000] {dag.py:3096} INFO - Sync 1 DAGs
[2025-05-25T08:36:03.852+0000] {logging_mixin.py:188} INFO - [2025-05-25T08:36:03.852+0000] {dag.py:3954} INFO - Setting next_dagrun for example_display_name to None, run_after=None
[2025-05-25T08:36:03.860+0000] {processor.py:183} INFO - Processing /home/airflow/.local/lib/python3.12/site-packages/airflow/example_dags/example_display_name.py took 0.032 seconds
[2025-05-25T08:36:34.879+0000] {processor.py:161} INFO - Started process (PID=6602) to work on /home/airflow/.local/lib/python3.12/site-packages/airflow/example_dags/example_display_name.py
[2025-05-25T08:36:34.880+0000] {processor.py:830} INFO - Processing file /home/airflow/.local/lib/python3.12/site-packages/airflow/example_dags/example_display_name.py for tasks to queue
[2025-05-25T08:36:34.880+0000] {logging_mixin.py:188} INFO - [2025-05-25T08:36:34.880+0000] {dagbag.py:540} INFO - Filling up the DagBag from /home/airflow/.local/lib/python3.12/site-packages/airflow/example_dags/example_display_name.py
[2025-05-25T08:36:34.884+0000] {processor.py:840} INFO - DAG(s) 'example_display_name' retrieved from /home/airflow/.local/lib/python3.12/site-packages/airflow/example_dags/example_display_name.py
[2025-05-25T08:36:34.897+0000] {logging_mixin.py:188} INFO - [2025-05-25T08:36:34.897+0000] {dag.py:3096} INFO - Sync 1 DAGs
[2025-05-25T08:36:34.902+0000] {logging_mixin.py:188} INFO - [2025-05-25T08:36:34.902+0000] {dag.py:3954} INFO - Setting next_dagrun for example_display_name to None, run_after=None
[2025-05-25T08:36:34.910+0000] {processor.py:183} INFO - Processing /home/airflow/.local/lib/python3.12/site-packages/airflow/example_dags/example_display_name.py took 0.033 seconds
[2025-05-25T08:37:05.838+0000] {processor.py:161} INFO - Started process (PID=6664) to work on /home/airflow/.local/lib/python3.12/site-packages/airflow/example_dags/example_display_name.py
[2025-05-25T08:37:05.839+0000] {processor.py:830} INFO - Processing file /home/airflow/.local/lib/python3.12/site-packages/airflow/example_dags/example_display_name.py for tasks to queue
[2025-05-25T08:37:05.839+0000] {logging_mixin.py:188} INFO - [2025-05-25T08:37:05.839+0000] {dagbag.py:540} INFO - Filling up the DagBag from /home/airflow/.local/lib/python3.12/site-packages/airflow/example_dags/example_display_name.py
[2025-05-25T08:37:05.842+0000] {processor.py:840} INFO - DAG(s) 'example_display_name' retrieved from /home/airflow/.local/lib/python3.12/site-packages/airflow/example_dags/example_display_name.py
[2025-05-25T08:37:05.854+0000] {logging_mixin.py:188} INFO - [2025-05-25T08:37:05.854+0000] {dag.py:3096} INFO - Sync 1 DAGs
[2025-05-25T08:37:05.859+0000] {logging_mixin.py:188} INFO - [2025-05-25T08:37:05.859+0000] {dag.py:3954} INFO - Setting next_dagrun for example_display_name to None, run_after=None
[2025-05-25T08:37:05.867+0000] {processor.py:183} INFO - Processing /home/airflow/.local/lib/python3.12/site-packages/airflow/example_dags/example_display_name.py took 0.032 seconds
[2025-05-25T08:37:36.928+0000] {processor.py:161} INFO - Started process (PID=6730) to work on /home/airflow/.local/lib/python3.12/site-packages/airflow/example_dags/example_display_name.py
[2025-05-25T08:37:36.928+0000] {processor.py:830} INFO - Processing file /home/airflow/.local/lib/python3.12/site-packages/airflow/example_dags/example_display_name.py for tasks to queue
[2025-05-25T08:37:36.929+0000] {logging_mixin.py:188} INFO - [2025-05-25T08:37:36.929+0000] {dagbag.py:540} INFO - Filling up the DagBag from /home/airflow/.local/lib/python3.12/site-packages/airflow/example_dags/example_display_name.py
[2025-05-25T08:37:36.933+0000] {processor.py:840} INFO - DAG(s) 'example_display_name' retrieved from /home/airflow/.local/lib/python3.12/site-packages/airflow/example_dags/example_display_name.py
[2025-05-25T08:37:36.944+0000] {logging_mixin.py:188} INFO - [2025-05-25T08:37:36.944+0000] {dag.py:3096} INFO - Sync 1 DAGs
[2025-05-25T08:37:36.950+0000] {logging_mixin.py:188} INFO - [2025-05-25T08:37:36.950+0000] {dag.py:3954} INFO - Setting next_dagrun for example_display_name to None, run_after=None
[2025-05-25T08:37:36.959+0000] {processor.py:183} INFO - Processing /home/airflow/.local/lib/python3.12/site-packages/airflow/example_dags/example_display_name.py took 0.035 seconds
[2025-05-25T08:38:07.097+0000] {processor.py:161} INFO - Started process (PID=6792) to work on /home/airflow/.local/lib/python3.12/site-packages/airflow/example_dags/example_display_name.py
[2025-05-25T08:38:07.098+0000] {processor.py:830} INFO - Processing file /home/airflow/.local/lib/python3.12/site-packages/airflow/example_dags/example_display_name.py for tasks to queue
[2025-05-25T08:38:07.099+0000] {logging_mixin.py:188} INFO - [2025-05-25T08:38:07.098+0000] {dagbag.py:540} INFO - Filling up the DagBag from /home/airflow/.local/lib/python3.12/site-packages/airflow/example_dags/example_display_name.py
[2025-05-25T08:38:07.102+0000] {processor.py:840} INFO - DAG(s) 'example_display_name' retrieved from /home/airflow/.local/lib/python3.12/site-packages/airflow/example_dags/example_display_name.py
[2025-05-25T08:38:07.114+0000] {logging_mixin.py:188} INFO - [2025-05-25T08:38:07.114+0000] {dag.py:3096} INFO - Sync 1 DAGs
[2025-05-25T08:38:07.120+0000] {logging_mixin.py:188} INFO - [2025-05-25T08:38:07.120+0000] {dag.py:3954} INFO - Setting next_dagrun for example_display_name to None, run_after=None
[2025-05-25T08:38:07.128+0000] {processor.py:183} INFO - Processing /home/airflow/.local/lib/python3.12/site-packages/airflow/example_dags/example_display_name.py took 0.034 seconds
[2025-05-25T08:38:37.651+0000] {processor.py:161} INFO - Started process (PID=6858) to work on /home/airflow/.local/lib/python3.12/site-packages/airflow/example_dags/example_display_name.py
[2025-05-25T08:38:37.652+0000] {processor.py:830} INFO - Processing file /home/airflow/.local/lib/python3.12/site-packages/airflow/example_dags/example_display_name.py for tasks to queue
[2025-05-25T08:38:37.652+0000] {logging_mixin.py:188} INFO - [2025-05-25T08:38:37.652+0000] {dagbag.py:540} INFO - Filling up the DagBag from /home/airflow/.local/lib/python3.12/site-packages/airflow/example_dags/example_display_name.py
[2025-05-25T08:38:37.657+0000] {processor.py:840} INFO - DAG(s) 'example_display_name' retrieved from /home/airflow/.local/lib/python3.12/site-packages/airflow/example_dags/example_display_name.py
[2025-05-25T08:38:37.667+0000] {logging_mixin.py:188} INFO - [2025-05-25T08:38:37.667+0000] {dag.py:3096} INFO - Sync 1 DAGs
[2025-05-25T08:38:37.672+0000] {logging_mixin.py:188} INFO - [2025-05-25T08:38:37.672+0000] {dag.py:3954} INFO - Setting next_dagrun for example_display_name to None, run_after=None
[2025-05-25T08:38:37.680+0000] {processor.py:183} INFO - Processing /home/airflow/.local/lib/python3.12/site-packages/airflow/example_dags/example_display_name.py took 0.033 seconds
[2025-05-25T08:39:08.683+0000] {processor.py:161} INFO - Started process (PID=6924) to work on /home/airflow/.local/lib/python3.12/site-packages/airflow/example_dags/example_display_name.py
[2025-05-25T08:39:08.684+0000] {processor.py:830} INFO - Processing file /home/airflow/.local/lib/python3.12/site-packages/airflow/example_dags/example_display_name.py for tasks to queue
[2025-05-25T08:39:08.685+0000] {logging_mixin.py:188} INFO - [2025-05-25T08:39:08.685+0000] {dagbag.py:540} INFO - Filling up the DagBag from /home/airflow/.local/lib/python3.12/site-packages/airflow/example_dags/example_display_name.py
[2025-05-25T08:39:08.688+0000] {processor.py:840} INFO - DAG(s) 'example_display_name' retrieved from /home/airflow/.local/lib/python3.12/site-packages/airflow/example_dags/example_display_name.py
[2025-05-25T08:39:08.698+0000] {logging_mixin.py:188} INFO - [2025-05-25T08:39:08.698+0000] {dag.py:3096} INFO - Sync 1 DAGs
[2025-05-25T08:39:08.704+0000] {logging_mixin.py:188} INFO - [2025-05-25T08:39:08.703+0000] {dag.py:3954} INFO - Setting next_dagrun for example_display_name to None, run_after=None
[2025-05-25T08:39:08.711+0000] {processor.py:183} INFO - Processing /home/airflow/.local/lib/python3.12/site-packages/airflow/example_dags/example_display_name.py took 0.031 seconds
[2025-05-25T08:39:38.953+0000] {processor.py:161} INFO - Started process (PID=6990) to work on /home/airflow/.local/lib/python3.12/site-packages/airflow/example_dags/example_display_name.py
[2025-05-25T08:39:38.957+0000] {processor.py:830} INFO - Processing file /home/airflow/.local/lib/python3.12/site-packages/airflow/example_dags/example_display_name.py for tasks to queue
[2025-05-25T08:39:38.958+0000] {logging_mixin.py:188} INFO - [2025-05-25T08:39:38.958+0000] {dagbag.py:540} INFO - Filling up the DagBag from /home/airflow/.local/lib/python3.12/site-packages/airflow/example_dags/example_display_name.py
[2025-05-25T08:39:38.961+0000] {processor.py:840} INFO - DAG(s) 'example_display_name' retrieved from /home/airflow/.local/lib/python3.12/site-packages/airflow/example_dags/example_display_name.py
[2025-05-25T08:39:38.974+0000] {logging_mixin.py:188} INFO - [2025-05-25T08:39:38.974+0000] {dag.py:3096} INFO - Sync 1 DAGs
[2025-05-25T08:39:38.980+0000] {logging_mixin.py:188} INFO - [2025-05-25T08:39:38.980+0000] {dag.py:3954} INFO - Setting next_dagrun for example_display_name to None, run_after=None
[2025-05-25T08:39:38.988+0000] {processor.py:183} INFO - Processing /home/airflow/.local/lib/python3.12/site-packages/airflow/example_dags/example_display_name.py took 0.043 seconds
[2025-05-25T08:40:09.447+0000] {processor.py:161} INFO - Started process (PID=7056) to work on /home/airflow/.local/lib/python3.12/site-packages/airflow/example_dags/example_display_name.py
[2025-05-25T08:40:09.448+0000] {processor.py:830} INFO - Processing file /home/airflow/.local/lib/python3.12/site-packages/airflow/example_dags/example_display_name.py for tasks to queue
[2025-05-25T08:40:09.448+0000] {logging_mixin.py:188} INFO - [2025-05-25T08:40:09.448+0000] {dagbag.py:540} INFO - Filling up the DagBag from /home/airflow/.local/lib/python3.12/site-packages/airflow/example_dags/example_display_name.py
[2025-05-25T08:40:09.451+0000] {processor.py:840} INFO - DAG(s) 'example_display_name' retrieved from /home/airflow/.local/lib/python3.12/site-packages/airflow/example_dags/example_display_name.py
[2025-05-25T08:40:09.461+0000] {logging_mixin.py:188} INFO - [2025-05-25T08:40:09.461+0000] {dag.py:3096} INFO - Sync 1 DAGs
[2025-05-25T08:40:09.466+0000] {logging_mixin.py:188} INFO - [2025-05-25T08:40:09.466+0000] {dag.py:3954} INFO - Setting next_dagrun for example_display_name to None, run_after=None
[2025-05-25T08:40:09.474+0000] {processor.py:183} INFO - Processing /home/airflow/.local/lib/python3.12/site-packages/airflow/example_dags/example_display_name.py took 0.031 seconds
[2025-05-25T08:40:39.542+0000] {processor.py:161} INFO - Started process (PID=7121) to work on /home/airflow/.local/lib/python3.12/site-packages/airflow/example_dags/example_display_name.py
[2025-05-25T08:40:39.544+0000] {processor.py:830} INFO - Processing file /home/airflow/.local/lib/python3.12/site-packages/airflow/example_dags/example_display_name.py for tasks to queue
[2025-05-25T08:40:39.545+0000] {logging_mixin.py:188} INFO - [2025-05-25T08:40:39.545+0000] {dagbag.py:540} INFO - Filling up the DagBag from /home/airflow/.local/lib/python3.12/site-packages/airflow/example_dags/example_display_name.py
[2025-05-25T08:40:39.548+0000] {processor.py:840} INFO - DAG(s) 'example_display_name' retrieved from /home/airflow/.local/lib/python3.12/site-packages/airflow/example_dags/example_display_name.py
[2025-05-25T08:40:39.561+0000] {logging_mixin.py:188} INFO - [2025-05-25T08:40:39.561+0000] {dag.py:3096} INFO - Sync 1 DAGs
[2025-05-25T08:40:39.567+0000] {logging_mixin.py:188} INFO - [2025-05-25T08:40:39.567+0000] {dag.py:3954} INFO - Setting next_dagrun for example_display_name to None, run_after=None
[2025-05-25T08:40:39.575+0000] {processor.py:183} INFO - Processing /home/airflow/.local/lib/python3.12/site-packages/airflow/example_dags/example_display_name.py took 0.037 seconds
[2025-05-25T08:41:10.607+0000] {processor.py:161} INFO - Started process (PID=7187) to work on /home/airflow/.local/lib/python3.12/site-packages/airflow/example_dags/example_display_name.py
[2025-05-25T08:41:10.608+0000] {processor.py:830} INFO - Processing file /home/airflow/.local/lib/python3.12/site-packages/airflow/example_dags/example_display_name.py for tasks to queue
[2025-05-25T08:41:10.608+0000] {logging_mixin.py:188} INFO - [2025-05-25T08:41:10.608+0000] {dagbag.py:540} INFO - Filling up the DagBag from /home/airflow/.local/lib/python3.12/site-packages/airflow/example_dags/example_display_name.py
[2025-05-25T08:41:10.611+0000] {processor.py:840} INFO - DAG(s) 'example_display_name' retrieved from /home/airflow/.local/lib/python3.12/site-packages/airflow/example_dags/example_display_name.py
[2025-05-25T08:41:10.621+0000] {logging_mixin.py:188} INFO - [2025-05-25T08:41:10.621+0000] {dag.py:3096} INFO - Sync 1 DAGs
[2025-05-25T08:41:10.626+0000] {logging_mixin.py:188} INFO - [2025-05-25T08:41:10.626+0000] {dag.py:3954} INFO - Setting next_dagrun for example_display_name to None, run_after=None
[2025-05-25T08:41:10.634+0000] {processor.py:183} INFO - Processing /home/airflow/.local/lib/python3.12/site-packages/airflow/example_dags/example_display_name.py took 0.030 seconds
[2025-05-25T08:41:40.826+0000] {processor.py:161} INFO - Started process (PID=7253) to work on /home/airflow/.local/lib/python3.12/site-packages/airflow/example_dags/example_display_name.py
[2025-05-25T08:41:40.827+0000] {processor.py:830} INFO - Processing file /home/airflow/.local/lib/python3.12/site-packages/airflow/example_dags/example_display_name.py for tasks to queue
[2025-05-25T08:41:40.828+0000] {logging_mixin.py:188} INFO - [2025-05-25T08:41:40.828+0000] {dagbag.py:540} INFO - Filling up the DagBag from /home/airflow/.local/lib/python3.12/site-packages/airflow/example_dags/example_display_name.py
[2025-05-25T08:41:40.831+0000] {processor.py:840} INFO - DAG(s) 'example_display_name' retrieved from /home/airflow/.local/lib/python3.12/site-packages/airflow/example_dags/example_display_name.py
[2025-05-25T08:41:40.841+0000] {logging_mixin.py:188} INFO - [2025-05-25T08:41:40.841+0000] {dag.py:3096} INFO - Sync 1 DAGs
[2025-05-25T08:41:40.847+0000] {logging_mixin.py:188} INFO - [2025-05-25T08:41:40.846+0000] {dag.py:3954} INFO - Setting next_dagrun for example_display_name to None, run_after=None
[2025-05-25T08:41:40.854+0000] {processor.py:183} INFO - Processing /home/airflow/.local/lib/python3.12/site-packages/airflow/example_dags/example_display_name.py took 0.031 seconds
[2025-05-25T08:42:11.853+0000] {processor.py:161} INFO - Started process (PID=7319) to work on /home/airflow/.local/lib/python3.12/site-packages/airflow/example_dags/example_display_name.py
[2025-05-25T08:42:11.854+0000] {processor.py:830} INFO - Processing file /home/airflow/.local/lib/python3.12/site-packages/airflow/example_dags/example_display_name.py for tasks to queue
[2025-05-25T08:42:11.854+0000] {logging_mixin.py:188} INFO - [2025-05-25T08:42:11.854+0000] {dagbag.py:540} INFO - Filling up the DagBag from /home/airflow/.local/lib/python3.12/site-packages/airflow/example_dags/example_display_name.py
[2025-05-25T08:42:11.857+0000] {processor.py:840} INFO - DAG(s) 'example_display_name' retrieved from /home/airflow/.local/lib/python3.12/site-packages/airflow/example_dags/example_display_name.py
[2025-05-25T08:42:11.867+0000] {logging_mixin.py:188} INFO - [2025-05-25T08:42:11.867+0000] {dag.py:3096} INFO - Sync 1 DAGs
[2025-05-25T08:42:11.872+0000] {logging_mixin.py:188} INFO - [2025-05-25T08:42:11.872+0000] {dag.py:3954} INFO - Setting next_dagrun for example_display_name to None, run_after=None
[2025-05-25T08:42:11.881+0000] {processor.py:183} INFO - Processing /home/airflow/.local/lib/python3.12/site-packages/airflow/example_dags/example_display_name.py took 0.031 seconds
[2025-05-25T08:42:42.081+0000] {processor.py:161} INFO - Started process (PID=7385) to work on /home/airflow/.local/lib/python3.12/site-packages/airflow/example_dags/example_display_name.py
[2025-05-25T08:42:42.083+0000] {processor.py:830} INFO - Processing file /home/airflow/.local/lib/python3.12/site-packages/airflow/example_dags/example_display_name.py for tasks to queue
[2025-05-25T08:42:42.083+0000] {logging_mixin.py:188} INFO - [2025-05-25T08:42:42.083+0000] {dagbag.py:540} INFO - Filling up the DagBag from /home/airflow/.local/lib/python3.12/site-packages/airflow/example_dags/example_display_name.py
[2025-05-25T08:42:42.090+0000] {processor.py:840} INFO - DAG(s) 'example_display_name' retrieved from /home/airflow/.local/lib/python3.12/site-packages/airflow/example_dags/example_display_name.py
[2025-05-25T08:42:42.107+0000] {logging_mixin.py:188} INFO - [2025-05-25T08:42:42.107+0000] {dag.py:3096} INFO - Sync 1 DAGs
[2025-05-25T08:42:42.115+0000] {logging_mixin.py:188} INFO - [2025-05-25T08:42:42.115+0000] {dag.py:3954} INFO - Setting next_dagrun for example_display_name to None, run_after=None
[2025-05-25T08:42:42.126+0000] {processor.py:183} INFO - Processing /home/airflow/.local/lib/python3.12/site-packages/airflow/example_dags/example_display_name.py took 0.049 seconds
[2025-05-25T08:43:12.633+0000] {processor.py:161} INFO - Started process (PID=7457) to work on /home/airflow/.local/lib/python3.12/site-packages/airflow/example_dags/example_display_name.py
[2025-05-25T08:43:12.633+0000] {processor.py:830} INFO - Processing file /home/airflow/.local/lib/python3.12/site-packages/airflow/example_dags/example_display_name.py for tasks to queue
[2025-05-25T08:43:12.634+0000] {logging_mixin.py:188} INFO - [2025-05-25T08:43:12.634+0000] {dagbag.py:540} INFO - Filling up the DagBag from /home/airflow/.local/lib/python3.12/site-packages/airflow/example_dags/example_display_name.py
[2025-05-25T08:43:12.637+0000] {processor.py:840} INFO - DAG(s) 'example_display_name' retrieved from /home/airflow/.local/lib/python3.12/site-packages/airflow/example_dags/example_display_name.py
[2025-05-25T08:43:12.647+0000] {logging_mixin.py:188} INFO - [2025-05-25T08:43:12.647+0000] {dag.py:3096} INFO - Sync 1 DAGs
[2025-05-25T08:43:12.652+0000] {logging_mixin.py:188} INFO - [2025-05-25T08:43:12.652+0000] {dag.py:3954} INFO - Setting next_dagrun for example_display_name to None, run_after=None
[2025-05-25T08:43:12.660+0000] {processor.py:183} INFO - Processing /home/airflow/.local/lib/python3.12/site-packages/airflow/example_dags/example_display_name.py took 0.031 seconds
[2025-05-25T08:43:43.250+0000] {processor.py:161} INFO - Started process (PID=7523) to work on /home/airflow/.local/lib/python3.12/site-packages/airflow/example_dags/example_display_name.py
[2025-05-25T08:43:43.251+0000] {processor.py:830} INFO - Processing file /home/airflow/.local/lib/python3.12/site-packages/airflow/example_dags/example_display_name.py for tasks to queue
[2025-05-25T08:43:43.254+0000] {logging_mixin.py:188} INFO - [2025-05-25T08:43:43.253+0000] {dagbag.py:540} INFO - Filling up the DagBag from /home/airflow/.local/lib/python3.12/site-packages/airflow/example_dags/example_display_name.py
[2025-05-25T08:43:43.256+0000] {processor.py:840} INFO - DAG(s) 'example_display_name' retrieved from /home/airflow/.local/lib/python3.12/site-packages/airflow/example_dags/example_display_name.py
[2025-05-25T08:43:43.269+0000] {logging_mixin.py:188} INFO - [2025-05-25T08:43:43.269+0000] {dag.py:3096} INFO - Sync 1 DAGs
[2025-05-25T08:43:43.278+0000] {logging_mixin.py:188} INFO - [2025-05-25T08:43:43.277+0000] {dag.py:3954} INFO - Setting next_dagrun for example_display_name to None, run_after=None
[2025-05-25T08:43:43.287+0000] {processor.py:183} INFO - Processing /home/airflow/.local/lib/python3.12/site-packages/airflow/example_dags/example_display_name.py took 0.041 seconds
[2025-05-25T08:44:13.558+0000] {processor.py:161} INFO - Started process (PID=7589) to work on /home/airflow/.local/lib/python3.12/site-packages/airflow/example_dags/example_display_name.py
[2025-05-25T08:44:13.559+0000] {processor.py:830} INFO - Processing file /home/airflow/.local/lib/python3.12/site-packages/airflow/example_dags/example_display_name.py for tasks to queue
[2025-05-25T08:44:13.560+0000] {logging_mixin.py:188} INFO - [2025-05-25T08:44:13.559+0000] {dagbag.py:540} INFO - Filling up the DagBag from /home/airflow/.local/lib/python3.12/site-packages/airflow/example_dags/example_display_name.py
[2025-05-25T08:44:13.562+0000] {processor.py:840} INFO - DAG(s) 'example_display_name' retrieved from /home/airflow/.local/lib/python3.12/site-packages/airflow/example_dags/example_display_name.py
[2025-05-25T08:44:13.572+0000] {logging_mixin.py:188} INFO - [2025-05-25T08:44:13.572+0000] {dag.py:3096} INFO - Sync 1 DAGs
[2025-05-25T08:44:13.578+0000] {logging_mixin.py:188} INFO - [2025-05-25T08:44:13.578+0000] {dag.py:3954} INFO - Setting next_dagrun for example_display_name to None, run_after=None
[2025-05-25T08:44:13.589+0000] {processor.py:183} INFO - Processing /home/airflow/.local/lib/python3.12/site-packages/airflow/example_dags/example_display_name.py took 0.034 seconds
[2025-05-25T08:44:43.794+0000] {processor.py:161} INFO - Started process (PID=7655) to work on /home/airflow/.local/lib/python3.12/site-packages/airflow/example_dags/example_display_name.py
[2025-05-25T08:44:43.795+0000] {processor.py:830} INFO - Processing file /home/airflow/.local/lib/python3.12/site-packages/airflow/example_dags/example_display_name.py for tasks to queue
[2025-05-25T08:44:43.798+0000] {logging_mixin.py:188} INFO - [2025-05-25T08:44:43.798+0000] {dagbag.py:540} INFO - Filling up the DagBag from /home/airflow/.local/lib/python3.12/site-packages/airflow/example_dags/example_display_name.py
[2025-05-25T08:44:43.801+0000] {processor.py:840} INFO - DAG(s) 'example_display_name' retrieved from /home/airflow/.local/lib/python3.12/site-packages/airflow/example_dags/example_display_name.py
[2025-05-25T08:44:43.813+0000] {logging_mixin.py:188} INFO - [2025-05-25T08:44:43.813+0000] {dag.py:3096} INFO - Sync 1 DAGs
[2025-05-25T08:44:43.819+0000] {logging_mixin.py:188} INFO - [2025-05-25T08:44:43.819+0000] {dag.py:3954} INFO - Setting next_dagrun for example_display_name to None, run_after=None
[2025-05-25T08:44:43.832+0000] {processor.py:183} INFO - Processing /home/airflow/.local/lib/python3.12/site-packages/airflow/example_dags/example_display_name.py took 0.041 seconds
[2025-05-25T08:45:14.295+0000] {processor.py:161} INFO - Started process (PID=7721) to work on /home/airflow/.local/lib/python3.12/site-packages/airflow/example_dags/example_display_name.py
[2025-05-25T08:45:14.296+0000] {processor.py:830} INFO - Processing file /home/airflow/.local/lib/python3.12/site-packages/airflow/example_dags/example_display_name.py for tasks to queue
[2025-05-25T08:45:14.296+0000] {logging_mixin.py:188} INFO - [2025-05-25T08:45:14.296+0000] {dagbag.py:540} INFO - Filling up the DagBag from /home/airflow/.local/lib/python3.12/site-packages/airflow/example_dags/example_display_name.py
[2025-05-25T08:45:14.299+0000] {processor.py:840} INFO - DAG(s) 'example_display_name' retrieved from /home/airflow/.local/lib/python3.12/site-packages/airflow/example_dags/example_display_name.py
[2025-05-25T08:45:14.309+0000] {logging_mixin.py:188} INFO - [2025-05-25T08:45:14.309+0000] {dag.py:3096} INFO - Sync 1 DAGs
[2025-05-25T08:45:14.314+0000] {logging_mixin.py:188} INFO - [2025-05-25T08:45:14.313+0000] {dag.py:3954} INFO - Setting next_dagrun for example_display_name to None, run_after=None
[2025-05-25T08:45:14.321+0000] {processor.py:183} INFO - Processing /home/airflow/.local/lib/python3.12/site-packages/airflow/example_dags/example_display_name.py took 0.029 seconds
[2025-05-25T08:45:45.017+0000] {processor.py:161} INFO - Started process (PID=7783) to work on /home/airflow/.local/lib/python3.12/site-packages/airflow/example_dags/example_display_name.py
[2025-05-25T08:45:45.018+0000] {processor.py:830} INFO - Processing file /home/airflow/.local/lib/python3.12/site-packages/airflow/example_dags/example_display_name.py for tasks to queue
[2025-05-25T08:45:45.018+0000] {logging_mixin.py:188} INFO - [2025-05-25T08:45:45.018+0000] {dagbag.py:540} INFO - Filling up the DagBag from /home/airflow/.local/lib/python3.12/site-packages/airflow/example_dags/example_display_name.py
[2025-05-25T08:45:45.021+0000] {processor.py:840} INFO - DAG(s) 'example_display_name' retrieved from /home/airflow/.local/lib/python3.12/site-packages/airflow/example_dags/example_display_name.py
[2025-05-25T08:45:45.031+0000] {logging_mixin.py:188} INFO - [2025-05-25T08:45:45.031+0000] {dag.py:3096} INFO - Sync 1 DAGs
[2025-05-25T08:45:45.036+0000] {logging_mixin.py:188} INFO - [2025-05-25T08:45:45.036+0000] {dag.py:3954} INFO - Setting next_dagrun for example_display_name to None, run_after=None
[2025-05-25T08:45:45.044+0000] {processor.py:183} INFO - Processing /home/airflow/.local/lib/python3.12/site-packages/airflow/example_dags/example_display_name.py took 0.030 seconds
[2025-05-25T08:46:15.782+0000] {processor.py:161} INFO - Started process (PID=7845) to work on /home/airflow/.local/lib/python3.12/site-packages/airflow/example_dags/example_display_name.py
[2025-05-25T08:46:15.784+0000] {processor.py:830} INFO - Processing file /home/airflow/.local/lib/python3.12/site-packages/airflow/example_dags/example_display_name.py for tasks to queue
[2025-05-25T08:46:15.784+0000] {logging_mixin.py:188} INFO - [2025-05-25T08:46:15.784+0000] {dagbag.py:540} INFO - Filling up the DagBag from /home/airflow/.local/lib/python3.12/site-packages/airflow/example_dags/example_display_name.py
[2025-05-25T08:46:15.788+0000] {processor.py:840} INFO - DAG(s) 'example_display_name' retrieved from /home/airflow/.local/lib/python3.12/site-packages/airflow/example_dags/example_display_name.py
[2025-05-25T08:46:15.801+0000] {logging_mixin.py:188} INFO - [2025-05-25T08:46:15.801+0000] {dag.py:3096} INFO - Sync 1 DAGs
[2025-05-25T08:46:15.806+0000] {logging_mixin.py:188} INFO - [2025-05-25T08:46:15.806+0000] {dag.py:3954} INFO - Setting next_dagrun for example_display_name to None, run_after=None
[2025-05-25T08:46:15.816+0000] {processor.py:183} INFO - Processing /home/airflow/.local/lib/python3.12/site-packages/airflow/example_dags/example_display_name.py took 0.038 seconds
[2025-05-25T08:46:45.914+0000] {processor.py:161} INFO - Started process (PID=7911) to work on /home/airflow/.local/lib/python3.12/site-packages/airflow/example_dags/example_display_name.py
[2025-05-25T08:46:45.915+0000] {processor.py:830} INFO - Processing file /home/airflow/.local/lib/python3.12/site-packages/airflow/example_dags/example_display_name.py for tasks to queue
[2025-05-25T08:46:45.916+0000] {logging_mixin.py:188} INFO - [2025-05-25T08:46:45.915+0000] {dagbag.py:540} INFO - Filling up the DagBag from /home/airflow/.local/lib/python3.12/site-packages/airflow/example_dags/example_display_name.py
[2025-05-25T08:46:45.919+0000] {processor.py:840} INFO - DAG(s) 'example_display_name' retrieved from /home/airflow/.local/lib/python3.12/site-packages/airflow/example_dags/example_display_name.py
[2025-05-25T08:46:45.929+0000] {logging_mixin.py:188} INFO - [2025-05-25T08:46:45.929+0000] {dag.py:3096} INFO - Sync 1 DAGs
[2025-05-25T08:46:45.934+0000] {logging_mixin.py:188} INFO - [2025-05-25T08:46:45.934+0000] {dag.py:3954} INFO - Setting next_dagrun for example_display_name to None, run_after=None
[2025-05-25T08:46:45.942+0000] {processor.py:183} INFO - Processing /home/airflow/.local/lib/python3.12/site-packages/airflow/example_dags/example_display_name.py took 0.031 seconds
[2025-05-25T08:47:16.349+0000] {processor.py:161} INFO - Started process (PID=7976) to work on /home/airflow/.local/lib/python3.12/site-packages/airflow/example_dags/example_display_name.py
[2025-05-25T08:47:16.349+0000] {processor.py:830} INFO - Processing file /home/airflow/.local/lib/python3.12/site-packages/airflow/example_dags/example_display_name.py for tasks to queue
[2025-05-25T08:47:16.350+0000] {logging_mixin.py:188} INFO - [2025-05-25T08:47:16.350+0000] {dagbag.py:540} INFO - Filling up the DagBag from /home/airflow/.local/lib/python3.12/site-packages/airflow/example_dags/example_display_name.py
[2025-05-25T08:47:16.353+0000] {processor.py:840} INFO - DAG(s) 'example_display_name' retrieved from /home/airflow/.local/lib/python3.12/site-packages/airflow/example_dags/example_display_name.py
[2025-05-25T08:47:16.364+0000] {logging_mixin.py:188} INFO - [2025-05-25T08:47:16.364+0000] {dag.py:3096} INFO - Sync 1 DAGs
[2025-05-25T08:47:16.374+0000] {logging_mixin.py:188} INFO - [2025-05-25T08:47:16.374+0000] {dag.py:3954} INFO - Setting next_dagrun for example_display_name to None, run_after=None
[2025-05-25T08:47:16.385+0000] {processor.py:183} INFO - Processing /home/airflow/.local/lib/python3.12/site-packages/airflow/example_dags/example_display_name.py took 0.040 seconds
[2025-05-25T08:47:46.828+0000] {processor.py:161} INFO - Started process (PID=8042) to work on /home/airflow/.local/lib/python3.12/site-packages/airflow/example_dags/example_display_name.py
[2025-05-25T08:47:46.830+0000] {processor.py:830} INFO - Processing file /home/airflow/.local/lib/python3.12/site-packages/airflow/example_dags/example_display_name.py for tasks to queue
[2025-05-25T08:47:46.831+0000] {logging_mixin.py:188} INFO - [2025-05-25T08:47:46.831+0000] {dagbag.py:540} INFO - Filling up the DagBag from /home/airflow/.local/lib/python3.12/site-packages/airflow/example_dags/example_display_name.py
[2025-05-25T08:47:46.844+0000] {processor.py:840} INFO - DAG(s) 'example_display_name' retrieved from /home/airflow/.local/lib/python3.12/site-packages/airflow/example_dags/example_display_name.py
[2025-05-25T08:47:46.879+0000] {logging_mixin.py:188} INFO - [2025-05-25T08:47:46.878+0000] {dag.py:3096} INFO - Sync 1 DAGs
[2025-05-25T08:47:46.888+0000] {logging_mixin.py:188} INFO - [2025-05-25T08:47:46.888+0000] {dag.py:3954} INFO - Setting next_dagrun for example_display_name to None, run_after=None
[2025-05-25T08:47:46.902+0000] {processor.py:183} INFO - Processing /home/airflow/.local/lib/python3.12/site-packages/airflow/example_dags/example_display_name.py took 0.186 seconds
[2025-05-25T08:48:17.310+0000] {processor.py:161} INFO - Started process (PID=8108) to work on /home/airflow/.local/lib/python3.12/site-packages/airflow/example_dags/example_display_name.py
[2025-05-25T08:48:17.312+0000] {processor.py:830} INFO - Processing file /home/airflow/.local/lib/python3.12/site-packages/airflow/example_dags/example_display_name.py for tasks to queue
[2025-05-25T08:48:17.313+0000] {logging_mixin.py:188} INFO - [2025-05-25T08:48:17.313+0000] {dagbag.py:540} INFO - Filling up the DagBag from /home/airflow/.local/lib/python3.12/site-packages/airflow/example_dags/example_display_name.py
[2025-05-25T08:48:17.316+0000] {processor.py:840} INFO - DAG(s) 'example_display_name' retrieved from /home/airflow/.local/lib/python3.12/site-packages/airflow/example_dags/example_display_name.py
[2025-05-25T08:48:17.327+0000] {logging_mixin.py:188} INFO - [2025-05-25T08:48:17.327+0000] {dag.py:3096} INFO - Sync 1 DAGs
[2025-05-25T08:48:17.336+0000] {logging_mixin.py:188} INFO - [2025-05-25T08:48:17.336+0000] {dag.py:3954} INFO - Setting next_dagrun for example_display_name to None, run_after=None
[2025-05-25T08:48:17.346+0000] {processor.py:183} INFO - Processing /home/airflow/.local/lib/python3.12/site-packages/airflow/example_dags/example_display_name.py took 0.047 seconds
[2025-05-25T08:48:48.457+0000] {processor.py:161} INFO - Started process (PID=8174) to work on /home/airflow/.local/lib/python3.12/site-packages/airflow/example_dags/example_display_name.py
[2025-05-25T08:48:48.461+0000] {processor.py:830} INFO - Processing file /home/airflow/.local/lib/python3.12/site-packages/airflow/example_dags/example_display_name.py for tasks to queue
[2025-05-25T08:48:48.461+0000] {logging_mixin.py:188} INFO - [2025-05-25T08:48:48.461+0000] {dagbag.py:540} INFO - Filling up the DagBag from /home/airflow/.local/lib/python3.12/site-packages/airflow/example_dags/example_display_name.py
[2025-05-25T08:48:48.464+0000] {processor.py:840} INFO - DAG(s) 'example_display_name' retrieved from /home/airflow/.local/lib/python3.12/site-packages/airflow/example_dags/example_display_name.py
[2025-05-25T08:48:48.477+0000] {logging_mixin.py:188} INFO - [2025-05-25T08:48:48.477+0000] {dag.py:3096} INFO - Sync 1 DAGs
[2025-05-25T08:48:48.483+0000] {logging_mixin.py:188} INFO - [2025-05-25T08:48:48.483+0000] {dag.py:3954} INFO - Setting next_dagrun for example_display_name to None, run_after=None
[2025-05-25T08:48:48.494+0000] {processor.py:183} INFO - Processing /home/airflow/.local/lib/python3.12/site-packages/airflow/example_dags/example_display_name.py took 0.041 seconds
[2025-05-25T08:49:19.037+0000] {processor.py:161} INFO - Started process (PID=8240) to work on /home/airflow/.local/lib/python3.12/site-packages/airflow/example_dags/example_display_name.py
[2025-05-25T08:49:19.037+0000] {processor.py:830} INFO - Processing file /home/airflow/.local/lib/python3.12/site-packages/airflow/example_dags/example_display_name.py for tasks to queue
[2025-05-25T08:49:19.038+0000] {logging_mixin.py:188} INFO - [2025-05-25T08:49:19.038+0000] {dagbag.py:540} INFO - Filling up the DagBag from /home/airflow/.local/lib/python3.12/site-packages/airflow/example_dags/example_display_name.py
[2025-05-25T08:49:19.041+0000] {processor.py:840} INFO - DAG(s) 'example_display_name' retrieved from /home/airflow/.local/lib/python3.12/site-packages/airflow/example_dags/example_display_name.py
[2025-05-25T08:49:19.053+0000] {logging_mixin.py:188} INFO - [2025-05-25T08:49:19.053+0000] {dag.py:3096} INFO - Sync 1 DAGs
[2025-05-25T08:49:19.059+0000] {logging_mixin.py:188} INFO - [2025-05-25T08:49:19.059+0000] {dag.py:3954} INFO - Setting next_dagrun for example_display_name to None, run_after=None
[2025-05-25T08:49:19.075+0000] {processor.py:183} INFO - Processing /home/airflow/.local/lib/python3.12/site-packages/airflow/example_dags/example_display_name.py took 0.042 seconds
[2025-05-25T08:49:49.216+0000] {processor.py:161} INFO - Started process (PID=8306) to work on /home/airflow/.local/lib/python3.12/site-packages/airflow/example_dags/example_display_name.py
[2025-05-25T08:49:49.217+0000] {processor.py:830} INFO - Processing file /home/airflow/.local/lib/python3.12/site-packages/airflow/example_dags/example_display_name.py for tasks to queue
[2025-05-25T08:49:49.218+0000] {logging_mixin.py:188} INFO - [2025-05-25T08:49:49.217+0000] {dagbag.py:540} INFO - Filling up the DagBag from /home/airflow/.local/lib/python3.12/site-packages/airflow/example_dags/example_display_name.py
[2025-05-25T08:49:49.221+0000] {processor.py:840} INFO - DAG(s) 'example_display_name' retrieved from /home/airflow/.local/lib/python3.12/site-packages/airflow/example_dags/example_display_name.py
[2025-05-25T08:49:49.232+0000] {logging_mixin.py:188} INFO - [2025-05-25T08:49:49.232+0000] {dag.py:3096} INFO - Sync 1 DAGs
[2025-05-25T08:49:49.238+0000] {logging_mixin.py:188} INFO - [2025-05-25T08:49:49.237+0000] {dag.py:3954} INFO - Setting next_dagrun for example_display_name to None, run_after=None
[2025-05-25T08:49:49.247+0000] {processor.py:183} INFO - Processing /home/airflow/.local/lib/python3.12/site-packages/airflow/example_dags/example_display_name.py took 0.037 seconds
[2025-05-25T08:50:20.262+0000] {processor.py:161} INFO - Started process (PID=8372) to work on /home/airflow/.local/lib/python3.12/site-packages/airflow/example_dags/example_display_name.py
[2025-05-25T08:50:20.266+0000] {processor.py:830} INFO - Processing file /home/airflow/.local/lib/python3.12/site-packages/airflow/example_dags/example_display_name.py for tasks to queue
[2025-05-25T08:50:20.266+0000] {logging_mixin.py:188} INFO - [2025-05-25T08:50:20.266+0000] {dagbag.py:540} INFO - Filling up the DagBag from /home/airflow/.local/lib/python3.12/site-packages/airflow/example_dags/example_display_name.py
[2025-05-25T08:50:20.269+0000] {processor.py:840} INFO - DAG(s) 'example_display_name' retrieved from /home/airflow/.local/lib/python3.12/site-packages/airflow/example_dags/example_display_name.py
[2025-05-25T08:50:20.282+0000] {logging_mixin.py:188} INFO - [2025-05-25T08:50:20.282+0000] {dag.py:3096} INFO - Sync 1 DAGs
[2025-05-25T08:50:20.288+0000] {logging_mixin.py:188} INFO - [2025-05-25T08:50:20.288+0000] {dag.py:3954} INFO - Setting next_dagrun for example_display_name to None, run_after=None
[2025-05-25T08:50:20.298+0000] {processor.py:183} INFO - Processing /home/airflow/.local/lib/python3.12/site-packages/airflow/example_dags/example_display_name.py took 0.040 seconds
[2025-05-25T08:50:50.840+0000] {processor.py:161} INFO - Started process (PID=8438) to work on /home/airflow/.local/lib/python3.12/site-packages/airflow/example_dags/example_display_name.py
[2025-05-25T08:50:50.841+0000] {processor.py:830} INFO - Processing file /home/airflow/.local/lib/python3.12/site-packages/airflow/example_dags/example_display_name.py for tasks to queue
[2025-05-25T08:50:50.843+0000] {logging_mixin.py:188} INFO - [2025-05-25T08:50:50.843+0000] {dagbag.py:540} INFO - Filling up the DagBag from /home/airflow/.local/lib/python3.12/site-packages/airflow/example_dags/example_display_name.py
[2025-05-25T08:50:50.846+0000] {processor.py:840} INFO - DAG(s) 'example_display_name' retrieved from /home/airflow/.local/lib/python3.12/site-packages/airflow/example_dags/example_display_name.py
[2025-05-25T08:50:50.858+0000] {logging_mixin.py:188} INFO - [2025-05-25T08:50:50.858+0000] {dag.py:3096} INFO - Sync 1 DAGs
[2025-05-25T08:50:50.864+0000] {logging_mixin.py:188} INFO - [2025-05-25T08:50:50.864+0000] {dag.py:3954} INFO - Setting next_dagrun for example_display_name to None, run_after=None
[2025-05-25T08:50:50.873+0000] {processor.py:183} INFO - Processing /home/airflow/.local/lib/python3.12/site-packages/airflow/example_dags/example_display_name.py took 0.036 seconds
[2025-05-25T08:51:21.060+0000] {processor.py:161} INFO - Started process (PID=8504) to work on /home/airflow/.local/lib/python3.12/site-packages/airflow/example_dags/example_display_name.py
[2025-05-25T08:51:21.061+0000] {processor.py:830} INFO - Processing file /home/airflow/.local/lib/python3.12/site-packages/airflow/example_dags/example_display_name.py for tasks to queue
[2025-05-25T08:51:21.061+0000] {logging_mixin.py:188} INFO - [2025-05-25T08:51:21.061+0000] {dagbag.py:540} INFO - Filling up the DagBag from /home/airflow/.local/lib/python3.12/site-packages/airflow/example_dags/example_display_name.py
[2025-05-25T08:51:21.064+0000] {processor.py:840} INFO - DAG(s) 'example_display_name' retrieved from /home/airflow/.local/lib/python3.12/site-packages/airflow/example_dags/example_display_name.py
[2025-05-25T08:51:21.075+0000] {logging_mixin.py:188} INFO - [2025-05-25T08:51:21.074+0000] {dag.py:3096} INFO - Sync 1 DAGs
[2025-05-25T08:51:21.080+0000] {logging_mixin.py:188} INFO - [2025-05-25T08:51:21.080+0000] {dag.py:3954} INFO - Setting next_dagrun for example_display_name to None, run_after=None
[2025-05-25T08:51:21.088+0000] {processor.py:183} INFO - Processing /home/airflow/.local/lib/python3.12/site-packages/airflow/example_dags/example_display_name.py took 0.031 seconds
[2025-05-25T08:51:51.359+0000] {processor.py:161} INFO - Started process (PID=8570) to work on /home/airflow/.local/lib/python3.12/site-packages/airflow/example_dags/example_display_name.py
[2025-05-25T08:51:51.359+0000] {processor.py:830} INFO - Processing file /home/airflow/.local/lib/python3.12/site-packages/airflow/example_dags/example_display_name.py for tasks to queue
[2025-05-25T08:51:51.360+0000] {logging_mixin.py:188} INFO - [2025-05-25T08:51:51.360+0000] {dagbag.py:540} INFO - Filling up the DagBag from /home/airflow/.local/lib/python3.12/site-packages/airflow/example_dags/example_display_name.py
[2025-05-25T08:51:51.363+0000] {processor.py:840} INFO - DAG(s) 'example_display_name' retrieved from /home/airflow/.local/lib/python3.12/site-packages/airflow/example_dags/example_display_name.py
[2025-05-25T08:51:51.373+0000] {logging_mixin.py:188} INFO - [2025-05-25T08:51:51.372+0000] {dag.py:3096} INFO - Sync 1 DAGs
[2025-05-25T08:51:51.377+0000] {logging_mixin.py:188} INFO - [2025-05-25T08:51:51.377+0000] {dag.py:3954} INFO - Setting next_dagrun for example_display_name to None, run_after=None
[2025-05-25T08:51:51.385+0000] {processor.py:183} INFO - Processing /home/airflow/.local/lib/python3.12/site-packages/airflow/example_dags/example_display_name.py took 0.029 seconds
[2025-05-25T08:52:21.901+0000] {processor.py:161} INFO - Started process (PID=8636) to work on /home/airflow/.local/lib/python3.12/site-packages/airflow/example_dags/example_display_name.py
[2025-05-25T08:52:21.902+0000] {processor.py:830} INFO - Processing file /home/airflow/.local/lib/python3.12/site-packages/airflow/example_dags/example_display_name.py for tasks to queue
[2025-05-25T08:52:21.902+0000] {logging_mixin.py:188} INFO - [2025-05-25T08:52:21.902+0000] {dagbag.py:540} INFO - Filling up the DagBag from /home/airflow/.local/lib/python3.12/site-packages/airflow/example_dags/example_display_name.py
[2025-05-25T08:52:21.905+0000] {processor.py:840} INFO - DAG(s) 'example_display_name' retrieved from /home/airflow/.local/lib/python3.12/site-packages/airflow/example_dags/example_display_name.py
[2025-05-25T08:52:21.917+0000] {logging_mixin.py:188} INFO - [2025-05-25T08:52:21.916+0000] {dag.py:3096} INFO - Sync 1 DAGs
[2025-05-25T08:52:21.922+0000] {logging_mixin.py:188} INFO - [2025-05-25T08:52:21.922+0000] {dag.py:3954} INFO - Setting next_dagrun for example_display_name to None, run_after=None
[2025-05-25T08:52:21.931+0000] {processor.py:183} INFO - Processing /home/airflow/.local/lib/python3.12/site-packages/airflow/example_dags/example_display_name.py took 0.034 seconds
[2025-05-25T08:52:52.351+0000] {processor.py:161} INFO - Started process (PID=8702) to work on /home/airflow/.local/lib/python3.12/site-packages/airflow/example_dags/example_display_name.py
[2025-05-25T08:52:52.352+0000] {processor.py:830} INFO - Processing file /home/airflow/.local/lib/python3.12/site-packages/airflow/example_dags/example_display_name.py for tasks to queue
[2025-05-25T08:52:52.353+0000] {logging_mixin.py:188} INFO - [2025-05-25T08:52:52.353+0000] {dagbag.py:540} INFO - Filling up the DagBag from /home/airflow/.local/lib/python3.12/site-packages/airflow/example_dags/example_display_name.py
[2025-05-25T08:52:52.356+0000] {processor.py:840} INFO - DAG(s) 'example_display_name' retrieved from /home/airflow/.local/lib/python3.12/site-packages/airflow/example_dags/example_display_name.py
[2025-05-25T08:52:52.369+0000] {logging_mixin.py:188} INFO - [2025-05-25T08:52:52.368+0000] {dag.py:3096} INFO - Sync 1 DAGs
[2025-05-25T08:52:52.375+0000] {logging_mixin.py:188} INFO - [2025-05-25T08:52:52.375+0000] {dag.py:3954} INFO - Setting next_dagrun for example_display_name to None, run_after=None
[2025-05-25T08:52:52.384+0000] {processor.py:183} INFO - Processing /home/airflow/.local/lib/python3.12/site-packages/airflow/example_dags/example_display_name.py took 0.037 seconds
[2025-05-25T08:53:22.505+0000] {processor.py:161} INFO - Started process (PID=8768) to work on /home/airflow/.local/lib/python3.12/site-packages/airflow/example_dags/example_display_name.py
[2025-05-25T08:53:22.505+0000] {processor.py:830} INFO - Processing file /home/airflow/.local/lib/python3.12/site-packages/airflow/example_dags/example_display_name.py for tasks to queue
[2025-05-25T08:53:22.506+0000] {logging_mixin.py:188} INFO - [2025-05-25T08:53:22.505+0000] {dagbag.py:540} INFO - Filling up the DagBag from /home/airflow/.local/lib/python3.12/site-packages/airflow/example_dags/example_display_name.py
[2025-05-25T08:53:22.508+0000] {processor.py:840} INFO - DAG(s) 'example_display_name' retrieved from /home/airflow/.local/lib/python3.12/site-packages/airflow/example_dags/example_display_name.py
[2025-05-25T08:53:22.518+0000] {logging_mixin.py:188} INFO - [2025-05-25T08:53:22.518+0000] {dag.py:3096} INFO - Sync 1 DAGs
[2025-05-25T08:53:22.524+0000] {logging_mixin.py:188} INFO - [2025-05-25T08:53:22.523+0000] {dag.py:3954} INFO - Setting next_dagrun for example_display_name to None, run_after=None
[2025-05-25T08:53:22.532+0000] {processor.py:183} INFO - Processing /home/airflow/.local/lib/python3.12/site-packages/airflow/example_dags/example_display_name.py took 0.031 seconds
[2025-05-25T08:53:52.861+0000] {processor.py:161} INFO - Started process (PID=8834) to work on /home/airflow/.local/lib/python3.12/site-packages/airflow/example_dags/example_display_name.py
[2025-05-25T08:53:52.862+0000] {processor.py:830} INFO - Processing file /home/airflow/.local/lib/python3.12/site-packages/airflow/example_dags/example_display_name.py for tasks to queue
[2025-05-25T08:53:52.862+0000] {logging_mixin.py:188} INFO - [2025-05-25T08:53:52.862+0000] {dagbag.py:540} INFO - Filling up the DagBag from /home/airflow/.local/lib/python3.12/site-packages/airflow/example_dags/example_display_name.py
[2025-05-25T08:53:52.865+0000] {processor.py:840} INFO - DAG(s) 'example_display_name' retrieved from /home/airflow/.local/lib/python3.12/site-packages/airflow/example_dags/example_display_name.py
[2025-05-25T08:53:52.877+0000] {logging_mixin.py:188} INFO - [2025-05-25T08:53:52.877+0000] {dag.py:3096} INFO - Sync 1 DAGs
[2025-05-25T08:53:52.883+0000] {logging_mixin.py:188} INFO - [2025-05-25T08:53:52.883+0000] {dag.py:3954} INFO - Setting next_dagrun for example_display_name to None, run_after=None
[2025-05-25T08:53:52.892+0000] {processor.py:183} INFO - Processing /home/airflow/.local/lib/python3.12/site-packages/airflow/example_dags/example_display_name.py took 0.035 seconds
[2025-05-25T08:54:23.751+0000] {processor.py:161} INFO - Started process (PID=8900) to work on /home/airflow/.local/lib/python3.12/site-packages/airflow/example_dags/example_display_name.py
[2025-05-25T08:54:23.752+0000] {processor.py:830} INFO - Processing file /home/airflow/.local/lib/python3.12/site-packages/airflow/example_dags/example_display_name.py for tasks to queue
[2025-05-25T08:54:23.753+0000] {logging_mixin.py:188} INFO - [2025-05-25T08:54:23.752+0000] {dagbag.py:540} INFO - Filling up the DagBag from /home/airflow/.local/lib/python3.12/site-packages/airflow/example_dags/example_display_name.py
[2025-05-25T08:54:23.756+0000] {processor.py:840} INFO - DAG(s) 'example_display_name' retrieved from /home/airflow/.local/lib/python3.12/site-packages/airflow/example_dags/example_display_name.py
[2025-05-25T08:54:23.765+0000] {logging_mixin.py:188} INFO - [2025-05-25T08:54:23.765+0000] {dag.py:3096} INFO - Sync 1 DAGs
[2025-05-25T08:54:23.770+0000] {logging_mixin.py:188} INFO - [2025-05-25T08:54:23.770+0000] {dag.py:3954} INFO - Setting next_dagrun for example_display_name to None, run_after=None
[2025-05-25T08:54:23.778+0000] {processor.py:183} INFO - Processing /home/airflow/.local/lib/python3.12/site-packages/airflow/example_dags/example_display_name.py took 0.030 seconds
[2025-05-25T08:54:53.905+0000] {processor.py:161} INFO - Started process (PID=8962) to work on /home/airflow/.local/lib/python3.12/site-packages/airflow/example_dags/example_display_name.py
[2025-05-25T08:54:53.905+0000] {processor.py:830} INFO - Processing file /home/airflow/.local/lib/python3.12/site-packages/airflow/example_dags/example_display_name.py for tasks to queue
[2025-05-25T08:54:53.906+0000] {logging_mixin.py:188} INFO - [2025-05-25T08:54:53.906+0000] {dagbag.py:540} INFO - Filling up the DagBag from /home/airflow/.local/lib/python3.12/site-packages/airflow/example_dags/example_display_name.py
[2025-05-25T08:54:53.908+0000] {processor.py:840} INFO - DAG(s) 'example_display_name' retrieved from /home/airflow/.local/lib/python3.12/site-packages/airflow/example_dags/example_display_name.py
[2025-05-25T08:54:53.919+0000] {logging_mixin.py:188} INFO - [2025-05-25T08:54:53.919+0000] {dag.py:3096} INFO - Sync 1 DAGs
[2025-05-25T08:54:53.924+0000] {logging_mixin.py:188} INFO - [2025-05-25T08:54:53.924+0000] {dag.py:3954} INFO - Setting next_dagrun for example_display_name to None, run_after=None
[2025-05-25T08:54:53.932+0000] {processor.py:183} INFO - Processing /home/airflow/.local/lib/python3.12/site-packages/airflow/example_dags/example_display_name.py took 0.031 seconds
[2025-05-25T08:55:24.017+0000] {processor.py:161} INFO - Started process (PID=9024) to work on /home/airflow/.local/lib/python3.12/site-packages/airflow/example_dags/example_display_name.py
[2025-05-25T08:55:24.018+0000] {processor.py:830} INFO - Processing file /home/airflow/.local/lib/python3.12/site-packages/airflow/example_dags/example_display_name.py for tasks to queue
[2025-05-25T08:55:24.019+0000] {logging_mixin.py:188} INFO - [2025-05-25T08:55:24.018+0000] {dagbag.py:540} INFO - Filling up the DagBag from /home/airflow/.local/lib/python3.12/site-packages/airflow/example_dags/example_display_name.py
[2025-05-25T08:55:24.022+0000] {processor.py:840} INFO - DAG(s) 'example_display_name' retrieved from /home/airflow/.local/lib/python3.12/site-packages/airflow/example_dags/example_display_name.py
[2025-05-25T08:55:24.033+0000] {logging_mixin.py:188} INFO - [2025-05-25T08:55:24.033+0000] {dag.py:3096} INFO - Sync 1 DAGs
[2025-05-25T08:55:24.038+0000] {logging_mixin.py:188} INFO - [2025-05-25T08:55:24.038+0000] {dag.py:3954} INFO - Setting next_dagrun for example_display_name to None, run_after=None
[2025-05-25T08:55:24.053+0000] {processor.py:183} INFO - Processing /home/airflow/.local/lib/python3.12/site-packages/airflow/example_dags/example_display_name.py took 0.040 seconds
[2025-05-25T08:55:54.831+0000] {processor.py:161} INFO - Started process (PID=9090) to work on /home/airflow/.local/lib/python3.12/site-packages/airflow/example_dags/example_display_name.py
[2025-05-25T08:55:54.832+0000] {processor.py:830} INFO - Processing file /home/airflow/.local/lib/python3.12/site-packages/airflow/example_dags/example_display_name.py for tasks to queue
[2025-05-25T08:55:54.833+0000] {logging_mixin.py:188} INFO - [2025-05-25T08:55:54.833+0000] {dagbag.py:540} INFO - Filling up the DagBag from /home/airflow/.local/lib/python3.12/site-packages/airflow/example_dags/example_display_name.py
[2025-05-25T08:55:54.840+0000] {processor.py:840} INFO - DAG(s) 'example_display_name' retrieved from /home/airflow/.local/lib/python3.12/site-packages/airflow/example_dags/example_display_name.py
[2025-05-25T08:55:54.864+0000] {logging_mixin.py:188} INFO - [2025-05-25T08:55:54.864+0000] {dag.py:3096} INFO - Sync 1 DAGs
[2025-05-25T08:55:54.873+0000] {logging_mixin.py:188} INFO - [2025-05-25T08:55:54.872+0000] {dag.py:3954} INFO - Setting next_dagrun for example_display_name to None, run_after=None
[2025-05-25T08:55:54.889+0000] {processor.py:183} INFO - Processing /home/airflow/.local/lib/python3.12/site-packages/airflow/example_dags/example_display_name.py took 0.061 seconds
[2025-05-25T08:56:25.061+0000] {processor.py:161} INFO - Started process (PID=9156) to work on /home/airflow/.local/lib/python3.12/site-packages/airflow/example_dags/example_display_name.py
[2025-05-25T08:56:25.062+0000] {processor.py:830} INFO - Processing file /home/airflow/.local/lib/python3.12/site-packages/airflow/example_dags/example_display_name.py for tasks to queue
[2025-05-25T08:56:25.062+0000] {logging_mixin.py:188} INFO - [2025-05-25T08:56:25.062+0000] {dagbag.py:540} INFO - Filling up the DagBag from /home/airflow/.local/lib/python3.12/site-packages/airflow/example_dags/example_display_name.py
[2025-05-25T08:56:25.066+0000] {processor.py:840} INFO - DAG(s) 'example_display_name' retrieved from /home/airflow/.local/lib/python3.12/site-packages/airflow/example_dags/example_display_name.py
[2025-05-25T08:56:25.082+0000] {logging_mixin.py:188} INFO - [2025-05-25T08:56:25.082+0000] {dag.py:3096} INFO - Sync 1 DAGs
[2025-05-25T08:56:25.089+0000] {logging_mixin.py:188} INFO - [2025-05-25T08:56:25.089+0000] {dag.py:3954} INFO - Setting next_dagrun for example_display_name to None, run_after=None
[2025-05-25T08:56:25.102+0000] {processor.py:183} INFO - Processing /home/airflow/.local/lib/python3.12/site-packages/airflow/example_dags/example_display_name.py took 0.047 seconds
