[2025-05-25T08:15:26.518+0000] {processor.py:161} INFO - Started process (PID=4280) to work on /home/airflow/.local/lib/python3.12/site-packages/airflow/example_dags/example_complex.py
[2025-05-25T08:15:26.518+0000] {processor.py:830} INFO - Processing file /home/airflow/.local/lib/python3.12/site-packages/airflow/example_dags/example_complex.py for tasks to queue
[2025-05-25T08:15:26.520+0000] {logging_mixin.py:188} INFO - [2025-05-25T08:15:26.519+0000] {dagbag.py:540} INFO - Filling up the DagBag from /home/airflow/.local/lib/python3.12/site-packages/airflow/example_dags/example_complex.py
[2025-05-25T08:15:26.525+0000] {processor.py:840} INFO - DAG(s) 'example_complex' retrieved from /home/airflow/.local/lib/python3.12/site-packages/airflow/example_dags/example_complex.py
[2025-05-25T08:15:26.550+0000] {logging_mixin.py:188} INFO - [2025-05-25T08:15:26.550+0000] {dag.py:3096} INFO - Sync 1 DAGs
[2025-05-25T08:15:26.559+0000] {logging_mixin.py:188} INFO - [2025-05-25T08:15:26.559+0000] {dag.py:3954} INFO - Setting next_dagrun for example_complex to None, run_after=None
[2025-05-25T08:15:26.569+0000] {processor.py:183} INFO - Processing /home/airflow/.local/lib/python3.12/site-packages/airflow/example_dags/example_complex.py took 0.056 seconds
[2025-05-25T08:15:57.900+0000] {processor.py:161} INFO - Started process (PID=4346) to work on /home/airflow/.local/lib/python3.12/site-packages/airflow/example_dags/example_complex.py
[2025-05-25T08:15:57.902+0000] {processor.py:830} INFO - Processing file /home/airflow/.local/lib/python3.12/site-packages/airflow/example_dags/example_complex.py for tasks to queue
[2025-05-25T08:15:57.903+0000] {logging_mixin.py:188} INFO - [2025-05-25T08:15:57.903+0000] {dagbag.py:540} INFO - Filling up the DagBag from /home/airflow/.local/lib/python3.12/site-packages/airflow/example_dags/example_complex.py
[2025-05-25T08:15:57.911+0000] {processor.py:840} INFO - DAG(s) 'example_complex' retrieved from /home/airflow/.local/lib/python3.12/site-packages/airflow/example_dags/example_complex.py
[2025-05-25T08:15:57.939+0000] {logging_mixin.py:188} INFO - [2025-05-25T08:15:57.938+0000] {dag.py:3096} INFO - Sync 1 DAGs
[2025-05-25T08:15:57.946+0000] {logging_mixin.py:188} INFO - [2025-05-25T08:15:57.946+0000] {dag.py:3954} INFO - Setting next_dagrun for example_complex to None, run_after=None
[2025-05-25T08:15:57.964+0000] {processor.py:183} INFO - Processing /home/airflow/.local/lib/python3.12/site-packages/airflow/example_dags/example_complex.py took 0.078 seconds
[2025-05-25T08:16:30.700+0000] {processor.py:161} INFO - Started process (PID=4412) to work on /home/airflow/.local/lib/python3.12/site-packages/airflow/example_dags/example_complex.py
[2025-05-25T08:16:30.700+0000] {processor.py:830} INFO - Processing file /home/airflow/.local/lib/python3.12/site-packages/airflow/example_dags/example_complex.py for tasks to queue
[2025-05-25T08:16:30.701+0000] {logging_mixin.py:188} INFO - [2025-05-25T08:16:30.701+0000] {dagbag.py:540} INFO - Filling up the DagBag from /home/airflow/.local/lib/python3.12/site-packages/airflow/example_dags/example_complex.py
[2025-05-25T08:16:30.707+0000] {processor.py:840} INFO - DAG(s) 'example_complex' retrieved from /home/airflow/.local/lib/python3.12/site-packages/airflow/example_dags/example_complex.py
[2025-05-25T08:16:30.722+0000] {logging_mixin.py:188} INFO - [2025-05-25T08:16:30.722+0000] {dag.py:3096} INFO - Sync 1 DAGs
[2025-05-25T08:16:30.728+0000] {logging_mixin.py:188} INFO - [2025-05-25T08:16:30.728+0000] {dag.py:3954} INFO - Setting next_dagrun for example_complex to None, run_after=None
[2025-05-25T08:16:30.737+0000] {processor.py:183} INFO - Processing /home/airflow/.local/lib/python3.12/site-packages/airflow/example_dags/example_complex.py took 0.041 seconds
[2025-05-25T08:17:01.016+0000] {processor.py:161} INFO - Started process (PID=4472) to work on /home/airflow/.local/lib/python3.12/site-packages/airflow/example_dags/example_complex.py
[2025-05-25T08:17:01.017+0000] {processor.py:830} INFO - Processing file /home/airflow/.local/lib/python3.12/site-packages/airflow/example_dags/example_complex.py for tasks to queue
[2025-05-25T08:17:01.019+0000] {logging_mixin.py:188} INFO - [2025-05-25T08:17:01.019+0000] {dagbag.py:540} INFO - Filling up the DagBag from /home/airflow/.local/lib/python3.12/site-packages/airflow/example_dags/example_complex.py
[2025-05-25T08:17:01.026+0000] {processor.py:840} INFO - DAG(s) 'example_complex' retrieved from /home/airflow/.local/lib/python3.12/site-packages/airflow/example_dags/example_complex.py
[2025-05-25T08:17:01.044+0000] {logging_mixin.py:188} INFO - [2025-05-25T08:17:01.044+0000] {dag.py:3096} INFO - Sync 1 DAGs
[2025-05-25T08:17:01.051+0000] {logging_mixin.py:188} INFO - [2025-05-25T08:17:01.051+0000] {dag.py:3954} INFO - Setting next_dagrun for example_complex to None, run_after=None
[2025-05-25T08:17:01.062+0000] {processor.py:183} INFO - Processing /home/airflow/.local/lib/python3.12/site-packages/airflow/example_dags/example_complex.py took 0.050 seconds
[2025-05-25T08:17:31.259+0000] {processor.py:161} INFO - Started process (PID=4536) to work on /home/airflow/.local/lib/python3.12/site-packages/airflow/example_dags/example_complex.py
[2025-05-25T08:17:31.261+0000] {processor.py:830} INFO - Processing file /home/airflow/.local/lib/python3.12/site-packages/airflow/example_dags/example_complex.py for tasks to queue
[2025-05-25T08:17:31.262+0000] {logging_mixin.py:188} INFO - [2025-05-25T08:17:31.262+0000] {dagbag.py:540} INFO - Filling up the DagBag from /home/airflow/.local/lib/python3.12/site-packages/airflow/example_dags/example_complex.py
[2025-05-25T08:17:31.268+0000] {processor.py:840} INFO - DAG(s) 'example_complex' retrieved from /home/airflow/.local/lib/python3.12/site-packages/airflow/example_dags/example_complex.py
[2025-05-25T08:17:31.288+0000] {logging_mixin.py:188} INFO - [2025-05-25T08:17:31.288+0000] {dag.py:3096} INFO - Sync 1 DAGs
[2025-05-25T08:17:31.294+0000] {logging_mixin.py:188} INFO - [2025-05-25T08:17:31.294+0000] {dag.py:3954} INFO - Setting next_dagrun for example_complex to None, run_after=None
[2025-05-25T08:17:31.308+0000] {processor.py:183} INFO - Processing /home/airflow/.local/lib/python3.12/site-packages/airflow/example_dags/example_complex.py took 0.053 seconds
[2025-05-25T08:18:01.954+0000] {processor.py:161} INFO - Started process (PID=4602) to work on /home/airflow/.local/lib/python3.12/site-packages/airflow/example_dags/example_complex.py
[2025-05-25T08:18:01.955+0000] {processor.py:830} INFO - Processing file /home/airflow/.local/lib/python3.12/site-packages/airflow/example_dags/example_complex.py for tasks to queue
[2025-05-25T08:18:01.956+0000] {logging_mixin.py:188} INFO - [2025-05-25T08:18:01.956+0000] {dagbag.py:540} INFO - Filling up the DagBag from /home/airflow/.local/lib/python3.12/site-packages/airflow/example_dags/example_complex.py
[2025-05-25T08:18:01.961+0000] {processor.py:840} INFO - DAG(s) 'example_complex' retrieved from /home/airflow/.local/lib/python3.12/site-packages/airflow/example_dags/example_complex.py
[2025-05-25T08:18:01.982+0000] {logging_mixin.py:188} INFO - [2025-05-25T08:18:01.982+0000] {dag.py:3096} INFO - Sync 1 DAGs
[2025-05-25T08:18:01.989+0000] {logging_mixin.py:188} INFO - [2025-05-25T08:18:01.989+0000] {dag.py:3954} INFO - Setting next_dagrun for example_complex to None, run_after=None
[2025-05-25T08:18:02.004+0000] {processor.py:183} INFO - Processing /home/airflow/.local/lib/python3.12/site-packages/airflow/example_dags/example_complex.py took 0.053 seconds
[2025-05-25T08:18:32.825+0000] {processor.py:161} INFO - Started process (PID=4668) to work on /home/airflow/.local/lib/python3.12/site-packages/airflow/example_dags/example_complex.py
[2025-05-25T08:18:32.826+0000] {processor.py:830} INFO - Processing file /home/airflow/.local/lib/python3.12/site-packages/airflow/example_dags/example_complex.py for tasks to queue
[2025-05-25T08:18:32.827+0000] {logging_mixin.py:188} INFO - [2025-05-25T08:18:32.827+0000] {dagbag.py:540} INFO - Filling up the DagBag from /home/airflow/.local/lib/python3.12/site-packages/airflow/example_dags/example_complex.py
[2025-05-25T08:18:32.833+0000] {processor.py:840} INFO - DAG(s) 'example_complex' retrieved from /home/airflow/.local/lib/python3.12/site-packages/airflow/example_dags/example_complex.py
[2025-05-25T08:18:32.857+0000] {logging_mixin.py:188} INFO - [2025-05-25T08:18:32.857+0000] {dag.py:3096} INFO - Sync 1 DAGs
[2025-05-25T08:18:32.865+0000] {logging_mixin.py:188} INFO - [2025-05-25T08:18:32.865+0000] {dag.py:3954} INFO - Setting next_dagrun for example_complex to None, run_after=None
[2025-05-25T08:18:32.881+0000] {processor.py:183} INFO - Processing /home/airflow/.local/lib/python3.12/site-packages/airflow/example_dags/example_complex.py took 0.060 seconds
[2025-05-25T08:19:03.329+0000] {processor.py:161} INFO - Started process (PID=4734) to work on /home/airflow/.local/lib/python3.12/site-packages/airflow/example_dags/example_complex.py
[2025-05-25T08:19:03.329+0000] {processor.py:830} INFO - Processing file /home/airflow/.local/lib/python3.12/site-packages/airflow/example_dags/example_complex.py for tasks to queue
[2025-05-25T08:19:03.331+0000] {logging_mixin.py:188} INFO - [2025-05-25T08:19:03.330+0000] {dagbag.py:540} INFO - Filling up the DagBag from /home/airflow/.local/lib/python3.12/site-packages/airflow/example_dags/example_complex.py
[2025-05-25T08:19:03.336+0000] {processor.py:840} INFO - DAG(s) 'example_complex' retrieved from /home/airflow/.local/lib/python3.12/site-packages/airflow/example_dags/example_complex.py
[2025-05-25T08:19:03.357+0000] {logging_mixin.py:188} INFO - [2025-05-25T08:19:03.357+0000] {dag.py:3096} INFO - Sync 1 DAGs
[2025-05-25T08:19:03.364+0000] {logging_mixin.py:188} INFO - [2025-05-25T08:19:03.364+0000] {dag.py:3954} INFO - Setting next_dagrun for example_complex to None, run_after=None
[2025-05-25T08:19:03.379+0000] {processor.py:183} INFO - Processing /home/airflow/.local/lib/python3.12/site-packages/airflow/example_dags/example_complex.py took 0.054 seconds
[2025-05-25T08:19:33.490+0000] {processor.py:161} INFO - Started process (PID=4800) to work on /home/airflow/.local/lib/python3.12/site-packages/airflow/example_dags/example_complex.py
[2025-05-25T08:19:33.490+0000] {processor.py:830} INFO - Processing file /home/airflow/.local/lib/python3.12/site-packages/airflow/example_dags/example_complex.py for tasks to queue
[2025-05-25T08:19:33.491+0000] {logging_mixin.py:188} INFO - [2025-05-25T08:19:33.491+0000] {dagbag.py:540} INFO - Filling up the DagBag from /home/airflow/.local/lib/python3.12/site-packages/airflow/example_dags/example_complex.py
[2025-05-25T08:19:33.496+0000] {processor.py:840} INFO - DAG(s) 'example_complex' retrieved from /home/airflow/.local/lib/python3.12/site-packages/airflow/example_dags/example_complex.py
[2025-05-25T08:19:33.514+0000] {logging_mixin.py:188} INFO - [2025-05-25T08:19:33.514+0000] {dag.py:3096} INFO - Sync 1 DAGs
[2025-05-25T08:19:33.520+0000] {logging_mixin.py:188} INFO - [2025-05-25T08:19:33.519+0000] {dag.py:3954} INFO - Setting next_dagrun for example_complex to None, run_after=None
[2025-05-25T08:19:33.529+0000] {processor.py:183} INFO - Processing /home/airflow/.local/lib/python3.12/site-packages/airflow/example_dags/example_complex.py took 0.043 seconds
[2025-05-25T08:20:04.409+0000] {processor.py:161} INFO - Started process (PID=4866) to work on /home/airflow/.local/lib/python3.12/site-packages/airflow/example_dags/example_complex.py
[2025-05-25T08:20:04.410+0000] {processor.py:830} INFO - Processing file /home/airflow/.local/lib/python3.12/site-packages/airflow/example_dags/example_complex.py for tasks to queue
[2025-05-25T08:20:04.411+0000] {logging_mixin.py:188} INFO - [2025-05-25T08:20:04.411+0000] {dagbag.py:540} INFO - Filling up the DagBag from /home/airflow/.local/lib/python3.12/site-packages/airflow/example_dags/example_complex.py
[2025-05-25T08:20:04.418+0000] {processor.py:840} INFO - DAG(s) 'example_complex' retrieved from /home/airflow/.local/lib/python3.12/site-packages/airflow/example_dags/example_complex.py
[2025-05-25T08:20:04.438+0000] {logging_mixin.py:188} INFO - [2025-05-25T08:20:04.438+0000] {dag.py:3096} INFO - Sync 1 DAGs
[2025-05-25T08:20:04.445+0000] {logging_mixin.py:188} INFO - [2025-05-25T08:20:04.445+0000] {dag.py:3954} INFO - Setting next_dagrun for example_complex to None, run_after=None
[2025-05-25T08:20:04.455+0000] {processor.py:183} INFO - Processing /home/airflow/.local/lib/python3.12/site-packages/airflow/example_dags/example_complex.py took 0.049 seconds
[2025-05-25T08:20:34.575+0000] {processor.py:161} INFO - Started process (PID=4931) to work on /home/airflow/.local/lib/python3.12/site-packages/airflow/example_dags/example_complex.py
[2025-05-25T08:20:34.576+0000] {processor.py:830} INFO - Processing file /home/airflow/.local/lib/python3.12/site-packages/airflow/example_dags/example_complex.py for tasks to queue
[2025-05-25T08:20:34.580+0000] {logging_mixin.py:188} INFO - [2025-05-25T08:20:34.580+0000] {dagbag.py:540} INFO - Filling up the DagBag from /home/airflow/.local/lib/python3.12/site-packages/airflow/example_dags/example_complex.py
[2025-05-25T08:20:34.587+0000] {processor.py:840} INFO - DAG(s) 'example_complex' retrieved from /home/airflow/.local/lib/python3.12/site-packages/airflow/example_dags/example_complex.py
[2025-05-25T08:20:34.614+0000] {logging_mixin.py:188} INFO - [2025-05-25T08:20:34.614+0000] {dag.py:3096} INFO - Sync 1 DAGs
[2025-05-25T08:20:34.643+0000] {logging_mixin.py:188} INFO - [2025-05-25T08:20:34.643+0000] {dag.py:3954} INFO - Setting next_dagrun for example_complex to None, run_after=None
[2025-05-25T08:20:34.662+0000] {processor.py:183} INFO - Processing /home/airflow/.local/lib/python3.12/site-packages/airflow/example_dags/example_complex.py took 0.094 seconds
[2025-05-25T08:21:05.225+0000] {processor.py:161} INFO - Started process (PID=4997) to work on /home/airflow/.local/lib/python3.12/site-packages/airflow/example_dags/example_complex.py
[2025-05-25T08:21:05.227+0000] {processor.py:830} INFO - Processing file /home/airflow/.local/lib/python3.12/site-packages/airflow/example_dags/example_complex.py for tasks to queue
[2025-05-25T08:21:05.229+0000] {logging_mixin.py:188} INFO - [2025-05-25T08:21:05.229+0000] {dagbag.py:540} INFO - Filling up the DagBag from /home/airflow/.local/lib/python3.12/site-packages/airflow/example_dags/example_complex.py
[2025-05-25T08:21:05.240+0000] {processor.py:840} INFO - DAG(s) 'example_complex' retrieved from /home/airflow/.local/lib/python3.12/site-packages/airflow/example_dags/example_complex.py
[2025-05-25T08:21:05.274+0000] {logging_mixin.py:188} INFO - [2025-05-25T08:21:05.274+0000] {dag.py:3096} INFO - Sync 1 DAGs
[2025-05-25T08:21:05.290+0000] {logging_mixin.py:188} INFO - [2025-05-25T08:21:05.289+0000] {dag.py:3954} INFO - Setting next_dagrun for example_complex to None, run_after=None
[2025-05-25T08:21:05.327+0000] {processor.py:183} INFO - Processing /home/airflow/.local/lib/python3.12/site-packages/airflow/example_dags/example_complex.py took 0.108 seconds
[2025-05-25T08:24:43.093+0000] {processor.py:161} INFO - Started process (PID=5079) to work on /home/airflow/.local/lib/python3.12/site-packages/airflow/example_dags/example_complex.py
[2025-05-25T08:24:43.094+0000] {processor.py:830} INFO - Processing file /home/airflow/.local/lib/python3.12/site-packages/airflow/example_dags/example_complex.py for tasks to queue
[2025-05-25T08:24:43.095+0000] {logging_mixin.py:188} INFO - [2025-05-25T08:24:43.094+0000] {dagbag.py:540} INFO - Filling up the DagBag from /home/airflow/.local/lib/python3.12/site-packages/airflow/example_dags/example_complex.py
[2025-05-25T08:24:43.102+0000] {processor.py:840} INFO - DAG(s) 'example_complex' retrieved from /home/airflow/.local/lib/python3.12/site-packages/airflow/example_dags/example_complex.py
[2025-05-25T08:24:43.119+0000] {logging_mixin.py:188} INFO - [2025-05-25T08:24:43.119+0000] {dag.py:3096} INFO - Sync 1 DAGs
[2025-05-25T08:24:43.134+0000] {logging_mixin.py:188} INFO - [2025-05-25T08:24:43.133+0000] {dag.py:3954} INFO - Setting next_dagrun for example_complex to None, run_after=None
[2025-05-25T08:24:43.159+0000] {processor.py:183} INFO - Processing /home/airflow/.local/lib/python3.12/site-packages/airflow/example_dags/example_complex.py took 0.070 seconds
[2025-05-25T08:25:14.592+0000] {processor.py:161} INFO - Started process (PID=5145) to work on /home/airflow/.local/lib/python3.12/site-packages/airflow/example_dags/example_complex.py
[2025-05-25T08:25:14.592+0000] {processor.py:830} INFO - Processing file /home/airflow/.local/lib/python3.12/site-packages/airflow/example_dags/example_complex.py for tasks to queue
[2025-05-25T08:25:14.593+0000] {logging_mixin.py:188} INFO - [2025-05-25T08:25:14.593+0000] {dagbag.py:540} INFO - Filling up the DagBag from /home/airflow/.local/lib/python3.12/site-packages/airflow/example_dags/example_complex.py
[2025-05-25T08:25:14.598+0000] {processor.py:840} INFO - DAG(s) 'example_complex' retrieved from /home/airflow/.local/lib/python3.12/site-packages/airflow/example_dags/example_complex.py
[2025-05-25T08:25:14.612+0000] {logging_mixin.py:188} INFO - [2025-05-25T08:25:14.612+0000] {dag.py:3096} INFO - Sync 1 DAGs
[2025-05-25T08:25:14.617+0000] {logging_mixin.py:188} INFO - [2025-05-25T08:25:14.617+0000] {dag.py:3954} INFO - Setting next_dagrun for example_complex to None, run_after=None
[2025-05-25T08:25:14.625+0000] {processor.py:183} INFO - Processing /home/airflow/.local/lib/python3.12/site-packages/airflow/example_dags/example_complex.py took 0.037 seconds
[2025-05-25T08:25:45.493+0000] {processor.py:161} INFO - Started process (PID=5207) to work on /home/airflow/.local/lib/python3.12/site-packages/airflow/example_dags/example_complex.py
[2025-05-25T08:25:45.495+0000] {processor.py:830} INFO - Processing file /home/airflow/.local/lib/python3.12/site-packages/airflow/example_dags/example_complex.py for tasks to queue
[2025-05-25T08:25:45.497+0000] {logging_mixin.py:188} INFO - [2025-05-25T08:25:45.496+0000] {dagbag.py:540} INFO - Filling up the DagBag from /home/airflow/.local/lib/python3.12/site-packages/airflow/example_dags/example_complex.py
[2025-05-25T08:25:45.503+0000] {processor.py:840} INFO - DAG(s) 'example_complex' retrieved from /home/airflow/.local/lib/python3.12/site-packages/airflow/example_dags/example_complex.py
[2025-05-25T08:25:45.523+0000] {logging_mixin.py:188} INFO - [2025-05-25T08:25:45.523+0000] {dag.py:3096} INFO - Sync 1 DAGs
[2025-05-25T08:25:45.531+0000] {logging_mixin.py:188} INFO - [2025-05-25T08:25:45.531+0000] {dag.py:3954} INFO - Setting next_dagrun for example_complex to None, run_after=None
[2025-05-25T08:25:45.544+0000] {processor.py:183} INFO - Processing /home/airflow/.local/lib/python3.12/site-packages/airflow/example_dags/example_complex.py took 0.055 seconds
[2025-05-25T08:26:15.574+0000] {processor.py:161} INFO - Started process (PID=5269) to work on /home/airflow/.local/lib/python3.12/site-packages/airflow/example_dags/example_complex.py
[2025-05-25T08:26:15.575+0000] {processor.py:830} INFO - Processing file /home/airflow/.local/lib/python3.12/site-packages/airflow/example_dags/example_complex.py for tasks to queue
[2025-05-25T08:26:15.575+0000] {logging_mixin.py:188} INFO - [2025-05-25T08:26:15.575+0000] {dagbag.py:540} INFO - Filling up the DagBag from /home/airflow/.local/lib/python3.12/site-packages/airflow/example_dags/example_complex.py
[2025-05-25T08:26:15.581+0000] {processor.py:840} INFO - DAG(s) 'example_complex' retrieved from /home/airflow/.local/lib/python3.12/site-packages/airflow/example_dags/example_complex.py
[2025-05-25T08:26:15.599+0000] {logging_mixin.py:188} INFO - [2025-05-25T08:26:15.599+0000] {dag.py:3096} INFO - Sync 1 DAGs
[2025-05-25T08:26:15.605+0000] {logging_mixin.py:188} INFO - [2025-05-25T08:26:15.604+0000] {dag.py:3954} INFO - Setting next_dagrun for example_complex to None, run_after=None
[2025-05-25T08:26:15.618+0000] {processor.py:183} INFO - Processing /home/airflow/.local/lib/python3.12/site-packages/airflow/example_dags/example_complex.py took 0.047 seconds
[2025-05-25T08:26:45.755+0000] {processor.py:161} INFO - Started process (PID=5335) to work on /home/airflow/.local/lib/python3.12/site-packages/airflow/example_dags/example_complex.py
[2025-05-25T08:26:45.757+0000] {processor.py:830} INFO - Processing file /home/airflow/.local/lib/python3.12/site-packages/airflow/example_dags/example_complex.py for tasks to queue
[2025-05-25T08:26:45.758+0000] {logging_mixin.py:188} INFO - [2025-05-25T08:26:45.758+0000] {dagbag.py:540} INFO - Filling up the DagBag from /home/airflow/.local/lib/python3.12/site-packages/airflow/example_dags/example_complex.py
[2025-05-25T08:26:45.763+0000] {processor.py:840} INFO - DAG(s) 'example_complex' retrieved from /home/airflow/.local/lib/python3.12/site-packages/airflow/example_dags/example_complex.py
[2025-05-25T08:26:45.786+0000] {logging_mixin.py:188} INFO - [2025-05-25T08:26:45.786+0000] {dag.py:3096} INFO - Sync 1 DAGs
[2025-05-25T08:26:45.793+0000] {logging_mixin.py:188} INFO - [2025-05-25T08:26:45.793+0000] {dag.py:3954} INFO - Setting next_dagrun for example_complex to None, run_after=None
[2025-05-25T08:26:45.803+0000] {processor.py:183} INFO - Processing /home/airflow/.local/lib/python3.12/site-packages/airflow/example_dags/example_complex.py took 0.054 seconds
[2025-05-25T08:27:16.640+0000] {processor.py:161} INFO - Started process (PID=5401) to work on /home/airflow/.local/lib/python3.12/site-packages/airflow/example_dags/example_complex.py
[2025-05-25T08:27:16.642+0000] {processor.py:830} INFO - Processing file /home/airflow/.local/lib/python3.12/site-packages/airflow/example_dags/example_complex.py for tasks to queue
[2025-05-25T08:27:16.642+0000] {logging_mixin.py:188} INFO - [2025-05-25T08:27:16.642+0000] {dagbag.py:540} INFO - Filling up the DagBag from /home/airflow/.local/lib/python3.12/site-packages/airflow/example_dags/example_complex.py
[2025-05-25T08:27:16.648+0000] {processor.py:840} INFO - DAG(s) 'example_complex' retrieved from /home/airflow/.local/lib/python3.12/site-packages/airflow/example_dags/example_complex.py
[2025-05-25T08:27:16.664+0000] {logging_mixin.py:188} INFO - [2025-05-25T08:27:16.663+0000] {dag.py:3096} INFO - Sync 1 DAGs
[2025-05-25T08:27:16.670+0000] {logging_mixin.py:188} INFO - [2025-05-25T08:27:16.670+0000] {dag.py:3954} INFO - Setting next_dagrun for example_complex to None, run_after=None
[2025-05-25T08:27:16.683+0000] {processor.py:183} INFO - Processing /home/airflow/.local/lib/python3.12/site-packages/airflow/example_dags/example_complex.py took 0.048 seconds
[2025-05-25T08:27:46.872+0000] {processor.py:161} INFO - Started process (PID=5467) to work on /home/airflow/.local/lib/python3.12/site-packages/airflow/example_dags/example_complex.py
[2025-05-25T08:27:46.873+0000] {processor.py:830} INFO - Processing file /home/airflow/.local/lib/python3.12/site-packages/airflow/example_dags/example_complex.py for tasks to queue
[2025-05-25T08:27:46.876+0000] {logging_mixin.py:188} INFO - [2025-05-25T08:27:46.875+0000] {dagbag.py:540} INFO - Filling up the DagBag from /home/airflow/.local/lib/python3.12/site-packages/airflow/example_dags/example_complex.py
[2025-05-25T08:27:46.881+0000] {processor.py:840} INFO - DAG(s) 'example_complex' retrieved from /home/airflow/.local/lib/python3.12/site-packages/airflow/example_dags/example_complex.py
[2025-05-25T08:27:46.896+0000] {logging_mixin.py:188} INFO - [2025-05-25T08:27:46.896+0000] {dag.py:3096} INFO - Sync 1 DAGs
[2025-05-25T08:27:46.902+0000] {logging_mixin.py:188} INFO - [2025-05-25T08:27:46.901+0000] {dag.py:3954} INFO - Setting next_dagrun for example_complex to None, run_after=None
[2025-05-25T08:27:46.917+0000] {processor.py:183} INFO - Processing /home/airflow/.local/lib/python3.12/site-packages/airflow/example_dags/example_complex.py took 0.048 seconds
[2025-05-25T08:28:17.095+0000] {processor.py:161} INFO - Started process (PID=5533) to work on /home/airflow/.local/lib/python3.12/site-packages/airflow/example_dags/example_complex.py
[2025-05-25T08:28:17.096+0000] {processor.py:830} INFO - Processing file /home/airflow/.local/lib/python3.12/site-packages/airflow/example_dags/example_complex.py for tasks to queue
[2025-05-25T08:28:17.097+0000] {logging_mixin.py:188} INFO - [2025-05-25T08:28:17.097+0000] {dagbag.py:540} INFO - Filling up the DagBag from /home/airflow/.local/lib/python3.12/site-packages/airflow/example_dags/example_complex.py
[2025-05-25T08:28:17.102+0000] {processor.py:840} INFO - DAG(s) 'example_complex' retrieved from /home/airflow/.local/lib/python3.12/site-packages/airflow/example_dags/example_complex.py
[2025-05-25T08:28:17.116+0000] {logging_mixin.py:188} INFO - [2025-05-25T08:28:17.116+0000] {dag.py:3096} INFO - Sync 1 DAGs
[2025-05-25T08:28:17.122+0000] {logging_mixin.py:188} INFO - [2025-05-25T08:28:17.122+0000] {dag.py:3954} INFO - Setting next_dagrun for example_complex to None, run_after=None
[2025-05-25T08:28:17.137+0000] {processor.py:183} INFO - Processing /home/airflow/.local/lib/python3.12/site-packages/airflow/example_dags/example_complex.py took 0.045 seconds
[2025-05-25T08:28:47.879+0000] {processor.py:161} INFO - Started process (PID=5599) to work on /home/airflow/.local/lib/python3.12/site-packages/airflow/example_dags/example_complex.py
[2025-05-25T08:28:47.880+0000] {processor.py:830} INFO - Processing file /home/airflow/.local/lib/python3.12/site-packages/airflow/example_dags/example_complex.py for tasks to queue
[2025-05-25T08:28:47.881+0000] {logging_mixin.py:188} INFO - [2025-05-25T08:28:47.881+0000] {dagbag.py:540} INFO - Filling up the DagBag from /home/airflow/.local/lib/python3.12/site-packages/airflow/example_dags/example_complex.py
[2025-05-25T08:28:47.890+0000] {processor.py:840} INFO - DAG(s) 'example_complex' retrieved from /home/airflow/.local/lib/python3.12/site-packages/airflow/example_dags/example_complex.py
[2025-05-25T08:28:47.913+0000] {logging_mixin.py:188} INFO - [2025-05-25T08:28:47.913+0000] {dag.py:3096} INFO - Sync 1 DAGs
[2025-05-25T08:28:47.919+0000] {logging_mixin.py:188} INFO - [2025-05-25T08:28:47.919+0000] {dag.py:3954} INFO - Setting next_dagrun for example_complex to None, run_after=None
[2025-05-25T08:28:47.933+0000] {processor.py:183} INFO - Processing /home/airflow/.local/lib/python3.12/site-packages/airflow/example_dags/example_complex.py took 0.058 seconds
[2025-05-25T08:29:18.591+0000] {processor.py:161} INFO - Started process (PID=5665) to work on /home/airflow/.local/lib/python3.12/site-packages/airflow/example_dags/example_complex.py
[2025-05-25T08:29:18.592+0000] {processor.py:830} INFO - Processing file /home/airflow/.local/lib/python3.12/site-packages/airflow/example_dags/example_complex.py for tasks to queue
[2025-05-25T08:29:18.594+0000] {logging_mixin.py:188} INFO - [2025-05-25T08:29:18.593+0000] {dagbag.py:540} INFO - Filling up the DagBag from /home/airflow/.local/lib/python3.12/site-packages/airflow/example_dags/example_complex.py
[2025-05-25T08:29:18.599+0000] {processor.py:840} INFO - DAG(s) 'example_complex' retrieved from /home/airflow/.local/lib/python3.12/site-packages/airflow/example_dags/example_complex.py
[2025-05-25T08:29:18.615+0000] {logging_mixin.py:188} INFO - [2025-05-25T08:29:18.615+0000] {dag.py:3096} INFO - Sync 1 DAGs
[2025-05-25T08:29:18.620+0000] {logging_mixin.py:188} INFO - [2025-05-25T08:29:18.620+0000] {dag.py:3954} INFO - Setting next_dagrun for example_complex to None, run_after=None
[2025-05-25T08:29:18.641+0000] {processor.py:183} INFO - Processing /home/airflow/.local/lib/python3.12/site-packages/airflow/example_dags/example_complex.py took 0.054 seconds
[2025-05-25T08:29:48.700+0000] {processor.py:161} INFO - Started process (PID=5731) to work on /home/airflow/.local/lib/python3.12/site-packages/airflow/example_dags/example_complex.py
[2025-05-25T08:29:48.701+0000] {processor.py:830} INFO - Processing file /home/airflow/.local/lib/python3.12/site-packages/airflow/example_dags/example_complex.py for tasks to queue
[2025-05-25T08:29:48.702+0000] {logging_mixin.py:188} INFO - [2025-05-25T08:29:48.702+0000] {dagbag.py:540} INFO - Filling up the DagBag from /home/airflow/.local/lib/python3.12/site-packages/airflow/example_dags/example_complex.py
[2025-05-25T08:29:48.707+0000] {processor.py:840} INFO - DAG(s) 'example_complex' retrieved from /home/airflow/.local/lib/python3.12/site-packages/airflow/example_dags/example_complex.py
[2025-05-25T08:29:48.722+0000] {logging_mixin.py:188} INFO - [2025-05-25T08:29:48.722+0000] {dag.py:3096} INFO - Sync 1 DAGs
[2025-05-25T08:29:48.728+0000] {logging_mixin.py:188} INFO - [2025-05-25T08:29:48.728+0000] {dag.py:3954} INFO - Setting next_dagrun for example_complex to None, run_after=None
[2025-05-25T08:29:48.738+0000] {processor.py:183} INFO - Processing /home/airflow/.local/lib/python3.12/site-packages/airflow/example_dags/example_complex.py took 0.042 seconds
[2025-05-25T08:30:19.280+0000] {processor.py:161} INFO - Started process (PID=5797) to work on /home/airflow/.local/lib/python3.12/site-packages/airflow/example_dags/example_complex.py
[2025-05-25T08:30:19.281+0000] {processor.py:830} INFO - Processing file /home/airflow/.local/lib/python3.12/site-packages/airflow/example_dags/example_complex.py for tasks to queue
[2025-05-25T08:30:19.282+0000] {logging_mixin.py:188} INFO - [2025-05-25T08:30:19.281+0000] {dagbag.py:540} INFO - Filling up the DagBag from /home/airflow/.local/lib/python3.12/site-packages/airflow/example_dags/example_complex.py
[2025-05-25T08:30:19.289+0000] {processor.py:840} INFO - DAG(s) 'example_complex' retrieved from /home/airflow/.local/lib/python3.12/site-packages/airflow/example_dags/example_complex.py
[2025-05-25T08:30:19.308+0000] {logging_mixin.py:188} INFO - [2025-05-25T08:30:19.308+0000] {dag.py:3096} INFO - Sync 1 DAGs
[2025-05-25T08:30:19.313+0000] {logging_mixin.py:188} INFO - [2025-05-25T08:30:19.313+0000] {dag.py:3954} INFO - Setting next_dagrun for example_complex to None, run_after=None
[2025-05-25T08:30:19.324+0000] {processor.py:183} INFO - Processing /home/airflow/.local/lib/python3.12/site-packages/airflow/example_dags/example_complex.py took 0.049 seconds
[2025-05-25T08:30:49.703+0000] {processor.py:161} INFO - Started process (PID=5863) to work on /home/airflow/.local/lib/python3.12/site-packages/airflow/example_dags/example_complex.py
[2025-05-25T08:30:49.704+0000] {processor.py:830} INFO - Processing file /home/airflow/.local/lib/python3.12/site-packages/airflow/example_dags/example_complex.py for tasks to queue
[2025-05-25T08:30:49.705+0000] {logging_mixin.py:188} INFO - [2025-05-25T08:30:49.705+0000] {dagbag.py:540} INFO - Filling up the DagBag from /home/airflow/.local/lib/python3.12/site-packages/airflow/example_dags/example_complex.py
[2025-05-25T08:30:49.713+0000] {processor.py:840} INFO - DAG(s) 'example_complex' retrieved from /home/airflow/.local/lib/python3.12/site-packages/airflow/example_dags/example_complex.py
[2025-05-25T08:30:49.734+0000] {logging_mixin.py:188} INFO - [2025-05-25T08:30:49.734+0000] {dag.py:3096} INFO - Sync 1 DAGs
[2025-05-25T08:30:49.740+0000] {logging_mixin.py:188} INFO - [2025-05-25T08:30:49.740+0000] {dag.py:3954} INFO - Setting next_dagrun for example_complex to None, run_after=None
[2025-05-25T08:30:49.753+0000] {processor.py:183} INFO - Processing /home/airflow/.local/lib/python3.12/site-packages/airflow/example_dags/example_complex.py took 0.059 seconds
[2025-05-25T08:31:19.932+0000] {processor.py:161} INFO - Started process (PID=5929) to work on /home/airflow/.local/lib/python3.12/site-packages/airflow/example_dags/example_complex.py
[2025-05-25T08:31:19.932+0000] {processor.py:830} INFO - Processing file /home/airflow/.local/lib/python3.12/site-packages/airflow/example_dags/example_complex.py for tasks to queue
[2025-05-25T08:31:19.933+0000] {logging_mixin.py:188} INFO - [2025-05-25T08:31:19.933+0000] {dagbag.py:540} INFO - Filling up the DagBag from /home/airflow/.local/lib/python3.12/site-packages/airflow/example_dags/example_complex.py
[2025-05-25T08:31:19.941+0000] {processor.py:840} INFO - DAG(s) 'example_complex' retrieved from /home/airflow/.local/lib/python3.12/site-packages/airflow/example_dags/example_complex.py
[2025-05-25T08:31:19.962+0000] {logging_mixin.py:188} INFO - [2025-05-25T08:31:19.961+0000] {dag.py:3096} INFO - Sync 1 DAGs
[2025-05-25T08:31:19.967+0000] {logging_mixin.py:188} INFO - [2025-05-25T08:31:19.967+0000] {dag.py:3954} INFO - Setting next_dagrun for example_complex to None, run_after=None
[2025-05-25T08:31:19.981+0000] {processor.py:183} INFO - Processing /home/airflow/.local/lib/python3.12/site-packages/airflow/example_dags/example_complex.py took 0.053 seconds
[2025-05-25T08:31:50.511+0000] {processor.py:161} INFO - Started process (PID=5995) to work on /home/airflow/.local/lib/python3.12/site-packages/airflow/example_dags/example_complex.py
[2025-05-25T08:31:50.515+0000] {processor.py:830} INFO - Processing file /home/airflow/.local/lib/python3.12/site-packages/airflow/example_dags/example_complex.py for tasks to queue
[2025-05-25T08:31:50.515+0000] {logging_mixin.py:188} INFO - [2025-05-25T08:31:50.515+0000] {dagbag.py:540} INFO - Filling up the DagBag from /home/airflow/.local/lib/python3.12/site-packages/airflow/example_dags/example_complex.py
[2025-05-25T08:31:50.521+0000] {processor.py:840} INFO - DAG(s) 'example_complex' retrieved from /home/airflow/.local/lib/python3.12/site-packages/airflow/example_dags/example_complex.py
[2025-05-25T08:31:50.539+0000] {logging_mixin.py:188} INFO - [2025-05-25T08:31:50.539+0000] {dag.py:3096} INFO - Sync 1 DAGs
[2025-05-25T08:31:50.546+0000] {logging_mixin.py:188} INFO - [2025-05-25T08:31:50.546+0000] {dag.py:3954} INFO - Setting next_dagrun for example_complex to None, run_after=None
[2025-05-25T08:31:50.562+0000] {processor.py:183} INFO - Processing /home/airflow/.local/lib/python3.12/site-packages/airflow/example_dags/example_complex.py took 0.056 seconds
[2025-05-25T08:32:20.635+0000] {processor.py:161} INFO - Started process (PID=6061) to work on /home/airflow/.local/lib/python3.12/site-packages/airflow/example_dags/example_complex.py
[2025-05-25T08:32:20.637+0000] {processor.py:830} INFO - Processing file /home/airflow/.local/lib/python3.12/site-packages/airflow/example_dags/example_complex.py for tasks to queue
[2025-05-25T08:32:20.638+0000] {logging_mixin.py:188} INFO - [2025-05-25T08:32:20.638+0000] {dagbag.py:540} INFO - Filling up the DagBag from /home/airflow/.local/lib/python3.12/site-packages/airflow/example_dags/example_complex.py
[2025-05-25T08:32:20.643+0000] {processor.py:840} INFO - DAG(s) 'example_complex' retrieved from /home/airflow/.local/lib/python3.12/site-packages/airflow/example_dags/example_complex.py
[2025-05-25T08:32:20.661+0000] {logging_mixin.py:188} INFO - [2025-05-25T08:32:20.661+0000] {dag.py:3096} INFO - Sync 1 DAGs
[2025-05-25T08:32:20.665+0000] {logging_mixin.py:188} INFO - [2025-05-25T08:32:20.665+0000] {dag.py:3954} INFO - Setting next_dagrun for example_complex to None, run_after=None
[2025-05-25T08:32:20.677+0000] {processor.py:183} INFO - Processing /home/airflow/.local/lib/python3.12/site-packages/airflow/example_dags/example_complex.py took 0.046 seconds
[2025-05-25T08:32:51.182+0000] {processor.py:161} INFO - Started process (PID=6127) to work on /home/airflow/.local/lib/python3.12/site-packages/airflow/example_dags/example_complex.py
[2025-05-25T08:32:51.182+0000] {processor.py:830} INFO - Processing file /home/airflow/.local/lib/python3.12/site-packages/airflow/example_dags/example_complex.py for tasks to queue
[2025-05-25T08:32:51.183+0000] {logging_mixin.py:188} INFO - [2025-05-25T08:32:51.183+0000] {dagbag.py:540} INFO - Filling up the DagBag from /home/airflow/.local/lib/python3.12/site-packages/airflow/example_dags/example_complex.py
[2025-05-25T08:32:51.188+0000] {processor.py:840} INFO - DAG(s) 'example_complex' retrieved from /home/airflow/.local/lib/python3.12/site-packages/airflow/example_dags/example_complex.py
[2025-05-25T08:32:51.203+0000] {logging_mixin.py:188} INFO - [2025-05-25T08:32:51.203+0000] {dag.py:3096} INFO - Sync 1 DAGs
[2025-05-25T08:32:51.209+0000] {logging_mixin.py:188} INFO - [2025-05-25T08:32:51.209+0000] {dag.py:3954} INFO - Setting next_dagrun for example_complex to None, run_after=None
[2025-05-25T08:32:51.217+0000] {processor.py:183} INFO - Processing /home/airflow/.local/lib/python3.12/site-packages/airflow/example_dags/example_complex.py took 0.038 seconds
[2025-05-25T08:33:21.393+0000] {processor.py:161} INFO - Started process (PID=6193) to work on /home/airflow/.local/lib/python3.12/site-packages/airflow/example_dags/example_complex.py
[2025-05-25T08:33:21.394+0000] {processor.py:830} INFO - Processing file /home/airflow/.local/lib/python3.12/site-packages/airflow/example_dags/example_complex.py for tasks to queue
[2025-05-25T08:33:21.395+0000] {logging_mixin.py:188} INFO - [2025-05-25T08:33:21.394+0000] {dagbag.py:540} INFO - Filling up the DagBag from /home/airflow/.local/lib/python3.12/site-packages/airflow/example_dags/example_complex.py
[2025-05-25T08:33:21.399+0000] {processor.py:840} INFO - DAG(s) 'example_complex' retrieved from /home/airflow/.local/lib/python3.12/site-packages/airflow/example_dags/example_complex.py
[2025-05-25T08:33:21.415+0000] {logging_mixin.py:188} INFO - [2025-05-25T08:33:21.415+0000] {dag.py:3096} INFO - Sync 1 DAGs
[2025-05-25T08:33:21.420+0000] {logging_mixin.py:188} INFO - [2025-05-25T08:33:21.420+0000] {dag.py:3954} INFO - Setting next_dagrun for example_complex to None, run_after=None
[2025-05-25T08:33:21.427+0000] {processor.py:183} INFO - Processing /home/airflow/.local/lib/python3.12/site-packages/airflow/example_dags/example_complex.py took 0.037 seconds
[2025-05-25T08:33:52.461+0000] {processor.py:161} INFO - Started process (PID=6257) to work on /home/airflow/.local/lib/python3.12/site-packages/airflow/example_dags/example_complex.py
[2025-05-25T08:33:52.462+0000] {processor.py:830} INFO - Processing file /home/airflow/.local/lib/python3.12/site-packages/airflow/example_dags/example_complex.py for tasks to queue
[2025-05-25T08:33:52.462+0000] {logging_mixin.py:188} INFO - [2025-05-25T08:33:52.462+0000] {dagbag.py:540} INFO - Filling up the DagBag from /home/airflow/.local/lib/python3.12/site-packages/airflow/example_dags/example_complex.py
[2025-05-25T08:33:52.467+0000] {processor.py:840} INFO - DAG(s) 'example_complex' retrieved from /home/airflow/.local/lib/python3.12/site-packages/airflow/example_dags/example_complex.py
[2025-05-25T08:33:52.486+0000] {logging_mixin.py:188} INFO - [2025-05-25T08:33:52.486+0000] {dag.py:3096} INFO - Sync 1 DAGs
[2025-05-25T08:33:52.492+0000] {logging_mixin.py:188} INFO - [2025-05-25T08:33:52.492+0000] {dag.py:3954} INFO - Setting next_dagrun for example_complex to None, run_after=None
[2025-05-25T08:33:52.501+0000] {processor.py:183} INFO - Processing /home/airflow/.local/lib/python3.12/site-packages/airflow/example_dags/example_complex.py took 0.045 seconds
[2025-05-25T08:34:23.426+0000] {processor.py:161} INFO - Started process (PID=6321) to work on /home/airflow/.local/lib/python3.12/site-packages/airflow/example_dags/example_complex.py
[2025-05-25T08:34:23.427+0000] {processor.py:830} INFO - Processing file /home/airflow/.local/lib/python3.12/site-packages/airflow/example_dags/example_complex.py for tasks to queue
[2025-05-25T08:34:23.428+0000] {logging_mixin.py:188} INFO - [2025-05-25T08:34:23.427+0000] {dagbag.py:540} INFO - Filling up the DagBag from /home/airflow/.local/lib/python3.12/site-packages/airflow/example_dags/example_complex.py
[2025-05-25T08:34:23.432+0000] {processor.py:840} INFO - DAG(s) 'example_complex' retrieved from /home/airflow/.local/lib/python3.12/site-packages/airflow/example_dags/example_complex.py
[2025-05-25T08:34:23.447+0000] {logging_mixin.py:188} INFO - [2025-05-25T08:34:23.447+0000] {dag.py:3096} INFO - Sync 1 DAGs
[2025-05-25T08:34:23.453+0000] {logging_mixin.py:188} INFO - [2025-05-25T08:34:23.453+0000] {dag.py:3954} INFO - Setting next_dagrun for example_complex to None, run_after=None
[2025-05-25T08:34:23.461+0000] {processor.py:183} INFO - Processing /home/airflow/.local/lib/python3.12/site-packages/airflow/example_dags/example_complex.py took 0.039 seconds
[2025-05-25T08:34:53.735+0000] {processor.py:161} INFO - Started process (PID=6384) to work on /home/airflow/.local/lib/python3.12/site-packages/airflow/example_dags/example_complex.py
[2025-05-25T08:34:53.735+0000] {processor.py:830} INFO - Processing file /home/airflow/.local/lib/python3.12/site-packages/airflow/example_dags/example_complex.py for tasks to queue
[2025-05-25T08:34:53.736+0000] {logging_mixin.py:188} INFO - [2025-05-25T08:34:53.736+0000] {dagbag.py:540} INFO - Filling up the DagBag from /home/airflow/.local/lib/python3.12/site-packages/airflow/example_dags/example_complex.py
[2025-05-25T08:34:53.743+0000] {processor.py:840} INFO - DAG(s) 'example_complex' retrieved from /home/airflow/.local/lib/python3.12/site-packages/airflow/example_dags/example_complex.py
[2025-05-25T08:34:53.760+0000] {logging_mixin.py:188} INFO - [2025-05-25T08:34:53.760+0000] {dag.py:3096} INFO - Sync 1 DAGs
[2025-05-25T08:34:53.766+0000] {logging_mixin.py:188} INFO - [2025-05-25T08:34:53.766+0000] {dag.py:3954} INFO - Setting next_dagrun for example_complex to None, run_after=None
[2025-05-25T08:34:53.776+0000] {processor.py:183} INFO - Processing /home/airflow/.local/lib/python3.12/site-packages/airflow/example_dags/example_complex.py took 0.046 seconds
[2025-05-25T08:35:23.871+0000] {processor.py:161} INFO - Started process (PID=6449) to work on /home/airflow/.local/lib/python3.12/site-packages/airflow/example_dags/example_complex.py
[2025-05-25T08:35:23.872+0000] {processor.py:830} INFO - Processing file /home/airflow/.local/lib/python3.12/site-packages/airflow/example_dags/example_complex.py for tasks to queue
[2025-05-25T08:35:23.872+0000] {logging_mixin.py:188} INFO - [2025-05-25T08:35:23.872+0000] {dagbag.py:540} INFO - Filling up the DagBag from /home/airflow/.local/lib/python3.12/site-packages/airflow/example_dags/example_complex.py
[2025-05-25T08:35:23.877+0000] {processor.py:840} INFO - DAG(s) 'example_complex' retrieved from /home/airflow/.local/lib/python3.12/site-packages/airflow/example_dags/example_complex.py
[2025-05-25T08:35:23.894+0000] {logging_mixin.py:188} INFO - [2025-05-25T08:35:23.894+0000] {dag.py:3096} INFO - Sync 1 DAGs
[2025-05-25T08:35:23.900+0000] {logging_mixin.py:188} INFO - [2025-05-25T08:35:23.900+0000] {dag.py:3954} INFO - Setting next_dagrun for example_complex to None, run_after=None
[2025-05-25T08:35:23.908+0000] {processor.py:183} INFO - Processing /home/airflow/.local/lib/python3.12/site-packages/airflow/example_dags/example_complex.py took 0.042 seconds
[2025-05-25T08:35:54.372+0000] {processor.py:161} INFO - Started process (PID=6515) to work on /home/airflow/.local/lib/python3.12/site-packages/airflow/example_dags/example_complex.py
[2025-05-25T08:35:54.374+0000] {processor.py:830} INFO - Processing file /home/airflow/.local/lib/python3.12/site-packages/airflow/example_dags/example_complex.py for tasks to queue
[2025-05-25T08:35:54.374+0000] {logging_mixin.py:188} INFO - [2025-05-25T08:35:54.374+0000] {dagbag.py:540} INFO - Filling up the DagBag from /home/airflow/.local/lib/python3.12/site-packages/airflow/example_dags/example_complex.py
[2025-05-25T08:35:54.380+0000] {processor.py:840} INFO - DAG(s) 'example_complex' retrieved from /home/airflow/.local/lib/python3.12/site-packages/airflow/example_dags/example_complex.py
[2025-05-25T08:35:54.400+0000] {logging_mixin.py:188} INFO - [2025-05-25T08:35:54.400+0000] {dag.py:3096} INFO - Sync 1 DAGs
[2025-05-25T08:35:54.408+0000] {logging_mixin.py:188} INFO - [2025-05-25T08:35:54.408+0000] {dag.py:3954} INFO - Setting next_dagrun for example_complex to None, run_after=None
[2025-05-25T08:35:54.421+0000] {processor.py:183} INFO - Processing /home/airflow/.local/lib/python3.12/site-packages/airflow/example_dags/example_complex.py took 0.053 seconds
[2025-05-25T08:36:24.679+0000] {processor.py:161} INFO - Started process (PID=6581) to work on /home/airflow/.local/lib/python3.12/site-packages/airflow/example_dags/example_complex.py
[2025-05-25T08:36:24.692+0000] {processor.py:830} INFO - Processing file /home/airflow/.local/lib/python3.12/site-packages/airflow/example_dags/example_complex.py for tasks to queue
[2025-05-25T08:36:24.692+0000] {logging_mixin.py:188} INFO - [2025-05-25T08:36:24.692+0000] {dagbag.py:540} INFO - Filling up the DagBag from /home/airflow/.local/lib/python3.12/site-packages/airflow/example_dags/example_complex.py
[2025-05-25T08:36:24.699+0000] {processor.py:840} INFO - DAG(s) 'example_complex' retrieved from /home/airflow/.local/lib/python3.12/site-packages/airflow/example_dags/example_complex.py
[2025-05-25T08:36:24.731+0000] {logging_mixin.py:188} INFO - [2025-05-25T08:36:24.731+0000] {dag.py:3096} INFO - Sync 1 DAGs
[2025-05-25T08:36:24.739+0000] {logging_mixin.py:188} INFO - [2025-05-25T08:36:24.739+0000] {dag.py:3954} INFO - Setting next_dagrun for example_complex to None, run_after=None
[2025-05-25T08:36:24.754+0000] {processor.py:183} INFO - Processing /home/airflow/.local/lib/python3.12/site-packages/airflow/example_dags/example_complex.py took 0.099 seconds
[2025-05-25T08:36:55.667+0000] {processor.py:161} INFO - Started process (PID=6647) to work on /home/airflow/.local/lib/python3.12/site-packages/airflow/example_dags/example_complex.py
[2025-05-25T08:36:55.668+0000] {processor.py:830} INFO - Processing file /home/airflow/.local/lib/python3.12/site-packages/airflow/example_dags/example_complex.py for tasks to queue
[2025-05-25T08:36:55.669+0000] {logging_mixin.py:188} INFO - [2025-05-25T08:36:55.669+0000] {dagbag.py:540} INFO - Filling up the DagBag from /home/airflow/.local/lib/python3.12/site-packages/airflow/example_dags/example_complex.py
[2025-05-25T08:36:55.674+0000] {processor.py:840} INFO - DAG(s) 'example_complex' retrieved from /home/airflow/.local/lib/python3.12/site-packages/airflow/example_dags/example_complex.py
[2025-05-25T08:36:55.691+0000] {logging_mixin.py:188} INFO - [2025-05-25T08:36:55.690+0000] {dag.py:3096} INFO - Sync 1 DAGs
[2025-05-25T08:36:55.696+0000] {logging_mixin.py:188} INFO - [2025-05-25T08:36:55.696+0000] {dag.py:3954} INFO - Setting next_dagrun for example_complex to None, run_after=None
[2025-05-25T08:36:55.705+0000] {processor.py:183} INFO - Processing /home/airflow/.local/lib/python3.12/site-packages/airflow/example_dags/example_complex.py took 0.041 seconds
[2025-05-25T08:37:25.794+0000] {processor.py:161} INFO - Started process (PID=6713) to work on /home/airflow/.local/lib/python3.12/site-packages/airflow/example_dags/example_complex.py
[2025-05-25T08:37:25.795+0000] {processor.py:830} INFO - Processing file /home/airflow/.local/lib/python3.12/site-packages/airflow/example_dags/example_complex.py for tasks to queue
[2025-05-25T08:37:25.795+0000] {logging_mixin.py:188} INFO - [2025-05-25T08:37:25.795+0000] {dagbag.py:540} INFO - Filling up the DagBag from /home/airflow/.local/lib/python3.12/site-packages/airflow/example_dags/example_complex.py
[2025-05-25T08:37:25.801+0000] {processor.py:840} INFO - DAG(s) 'example_complex' retrieved from /home/airflow/.local/lib/python3.12/site-packages/airflow/example_dags/example_complex.py
[2025-05-25T08:37:25.822+0000] {logging_mixin.py:188} INFO - [2025-05-25T08:37:25.822+0000] {dag.py:3096} INFO - Sync 1 DAGs
[2025-05-25T08:37:25.828+0000] {logging_mixin.py:188} INFO - [2025-05-25T08:37:25.828+0000] {dag.py:3954} INFO - Setting next_dagrun for example_complex to None, run_after=None
[2025-05-25T08:37:25.837+0000] {processor.py:183} INFO - Processing /home/airflow/.local/lib/python3.12/site-packages/airflow/example_dags/example_complex.py took 0.048 seconds
[2025-05-25T08:37:56.401+0000] {processor.py:161} INFO - Started process (PID=6779) to work on /home/airflow/.local/lib/python3.12/site-packages/airflow/example_dags/example_complex.py
[2025-05-25T08:37:56.402+0000] {processor.py:830} INFO - Processing file /home/airflow/.local/lib/python3.12/site-packages/airflow/example_dags/example_complex.py for tasks to queue
[2025-05-25T08:37:56.403+0000] {logging_mixin.py:188} INFO - [2025-05-25T08:37:56.403+0000] {dagbag.py:540} INFO - Filling up the DagBag from /home/airflow/.local/lib/python3.12/site-packages/airflow/example_dags/example_complex.py
[2025-05-25T08:37:56.408+0000] {processor.py:840} INFO - DAG(s) 'example_complex' retrieved from /home/airflow/.local/lib/python3.12/site-packages/airflow/example_dags/example_complex.py
[2025-05-25T08:37:56.425+0000] {logging_mixin.py:188} INFO - [2025-05-25T08:37:56.425+0000] {dag.py:3096} INFO - Sync 1 DAGs
[2025-05-25T08:37:56.432+0000] {logging_mixin.py:188} INFO - [2025-05-25T08:37:56.432+0000] {dag.py:3954} INFO - Setting next_dagrun for example_complex to None, run_after=None
[2025-05-25T08:37:56.440+0000] {processor.py:183} INFO - Processing /home/airflow/.local/lib/python3.12/site-packages/airflow/example_dags/example_complex.py took 0.044 seconds
[2025-05-25T08:38:27.124+0000] {processor.py:161} INFO - Started process (PID=6845) to work on /home/airflow/.local/lib/python3.12/site-packages/airflow/example_dags/example_complex.py
[2025-05-25T08:38:27.124+0000] {processor.py:830} INFO - Processing file /home/airflow/.local/lib/python3.12/site-packages/airflow/example_dags/example_complex.py for tasks to queue
[2025-05-25T08:38:27.125+0000] {logging_mixin.py:188} INFO - [2025-05-25T08:38:27.125+0000] {dagbag.py:540} INFO - Filling up the DagBag from /home/airflow/.local/lib/python3.12/site-packages/airflow/example_dags/example_complex.py
[2025-05-25T08:38:27.130+0000] {processor.py:840} INFO - DAG(s) 'example_complex' retrieved from /home/airflow/.local/lib/python3.12/site-packages/airflow/example_dags/example_complex.py
[2025-05-25T08:38:27.145+0000] {logging_mixin.py:188} INFO - [2025-05-25T08:38:27.145+0000] {dag.py:3096} INFO - Sync 1 DAGs
[2025-05-25T08:38:27.151+0000] {logging_mixin.py:188} INFO - [2025-05-25T08:38:27.151+0000] {dag.py:3954} INFO - Setting next_dagrun for example_complex to None, run_after=None
[2025-05-25T08:38:27.159+0000] {processor.py:183} INFO - Processing /home/airflow/.local/lib/python3.12/site-packages/airflow/example_dags/example_complex.py took 0.039 seconds
[2025-05-25T08:38:58.112+0000] {processor.py:161} INFO - Started process (PID=6911) to work on /home/airflow/.local/lib/python3.12/site-packages/airflow/example_dags/example_complex.py
[2025-05-25T08:38:58.113+0000] {processor.py:830} INFO - Processing file /home/airflow/.local/lib/python3.12/site-packages/airflow/example_dags/example_complex.py for tasks to queue
[2025-05-25T08:38:58.114+0000] {logging_mixin.py:188} INFO - [2025-05-25T08:38:58.113+0000] {dagbag.py:540} INFO - Filling up the DagBag from /home/airflow/.local/lib/python3.12/site-packages/airflow/example_dags/example_complex.py
[2025-05-25T08:38:58.119+0000] {processor.py:840} INFO - DAG(s) 'example_complex' retrieved from /home/airflow/.local/lib/python3.12/site-packages/airflow/example_dags/example_complex.py
[2025-05-25T08:38:58.135+0000] {logging_mixin.py:188} INFO - [2025-05-25T08:38:58.134+0000] {dag.py:3096} INFO - Sync 1 DAGs
[2025-05-25T08:38:58.141+0000] {logging_mixin.py:188} INFO - [2025-05-25T08:38:58.141+0000] {dag.py:3954} INFO - Setting next_dagrun for example_complex to None, run_after=None
[2025-05-25T08:38:58.151+0000] {processor.py:183} INFO - Processing /home/airflow/.local/lib/python3.12/site-packages/airflow/example_dags/example_complex.py took 0.043 seconds
[2025-05-25T08:39:28.223+0000] {processor.py:161} INFO - Started process (PID=6977) to work on /home/airflow/.local/lib/python3.12/site-packages/airflow/example_dags/example_complex.py
[2025-05-25T08:39:28.224+0000] {processor.py:830} INFO - Processing file /home/airflow/.local/lib/python3.12/site-packages/airflow/example_dags/example_complex.py for tasks to queue
[2025-05-25T08:39:28.224+0000] {logging_mixin.py:188} INFO - [2025-05-25T08:39:28.224+0000] {dagbag.py:540} INFO - Filling up the DagBag from /home/airflow/.local/lib/python3.12/site-packages/airflow/example_dags/example_complex.py
[2025-05-25T08:39:28.230+0000] {processor.py:840} INFO - DAG(s) 'example_complex' retrieved from /home/airflow/.local/lib/python3.12/site-packages/airflow/example_dags/example_complex.py
[2025-05-25T08:39:28.249+0000] {logging_mixin.py:188} INFO - [2025-05-25T08:39:28.248+0000] {dag.py:3096} INFO - Sync 1 DAGs
[2025-05-25T08:39:28.256+0000] {logging_mixin.py:188} INFO - [2025-05-25T08:39:28.255+0000] {dag.py:3954} INFO - Setting next_dagrun for example_complex to None, run_after=None
[2025-05-25T08:39:28.267+0000] {processor.py:183} INFO - Processing /home/airflow/.local/lib/python3.12/site-packages/airflow/example_dags/example_complex.py took 0.048 seconds
[2025-05-25T08:39:58.780+0000] {processor.py:161} INFO - Started process (PID=7043) to work on /home/airflow/.local/lib/python3.12/site-packages/airflow/example_dags/example_complex.py
[2025-05-25T08:39:58.781+0000] {processor.py:830} INFO - Processing file /home/airflow/.local/lib/python3.12/site-packages/airflow/example_dags/example_complex.py for tasks to queue
[2025-05-25T08:39:58.781+0000] {logging_mixin.py:188} INFO - [2025-05-25T08:39:58.781+0000] {dagbag.py:540} INFO - Filling up the DagBag from /home/airflow/.local/lib/python3.12/site-packages/airflow/example_dags/example_complex.py
[2025-05-25T08:39:58.787+0000] {processor.py:840} INFO - DAG(s) 'example_complex' retrieved from /home/airflow/.local/lib/python3.12/site-packages/airflow/example_dags/example_complex.py
[2025-05-25T08:39:58.802+0000] {logging_mixin.py:188} INFO - [2025-05-25T08:39:58.802+0000] {dag.py:3096} INFO - Sync 1 DAGs
[2025-05-25T08:39:58.807+0000] {logging_mixin.py:188} INFO - [2025-05-25T08:39:58.807+0000] {dag.py:3954} INFO - Setting next_dagrun for example_complex to None, run_after=None
[2025-05-25T08:39:58.817+0000] {processor.py:183} INFO - Processing /home/airflow/.local/lib/python3.12/site-packages/airflow/example_dags/example_complex.py took 0.040 seconds
[2025-05-25T08:40:28.928+0000] {processor.py:161} INFO - Started process (PID=7108) to work on /home/airflow/.local/lib/python3.12/site-packages/airflow/example_dags/example_complex.py
[2025-05-25T08:40:28.929+0000] {processor.py:830} INFO - Processing file /home/airflow/.local/lib/python3.12/site-packages/airflow/example_dags/example_complex.py for tasks to queue
[2025-05-25T08:40:28.929+0000] {logging_mixin.py:188} INFO - [2025-05-25T08:40:28.929+0000] {dagbag.py:540} INFO - Filling up the DagBag from /home/airflow/.local/lib/python3.12/site-packages/airflow/example_dags/example_complex.py
[2025-05-25T08:40:28.934+0000] {processor.py:840} INFO - DAG(s) 'example_complex' retrieved from /home/airflow/.local/lib/python3.12/site-packages/airflow/example_dags/example_complex.py
[2025-05-25T08:40:28.949+0000] {logging_mixin.py:188} INFO - [2025-05-25T08:40:28.949+0000] {dag.py:3096} INFO - Sync 1 DAGs
[2025-05-25T08:40:28.954+0000] {logging_mixin.py:188} INFO - [2025-05-25T08:40:28.954+0000] {dag.py:3954} INFO - Setting next_dagrun for example_complex to None, run_after=None
[2025-05-25T08:40:28.962+0000] {processor.py:183} INFO - Processing /home/airflow/.local/lib/python3.12/site-packages/airflow/example_dags/example_complex.py took 0.038 seconds
[2025-05-25T08:40:59.993+0000] {processor.py:161} INFO - Started process (PID=7174) to work on /home/airflow/.local/lib/python3.12/site-packages/airflow/example_dags/example_complex.py
[2025-05-25T08:40:59.994+0000] {processor.py:830} INFO - Processing file /home/airflow/.local/lib/python3.12/site-packages/airflow/example_dags/example_complex.py for tasks to queue
[2025-05-25T08:40:59.994+0000] {logging_mixin.py:188} INFO - [2025-05-25T08:40:59.994+0000] {dagbag.py:540} INFO - Filling up the DagBag from /home/airflow/.local/lib/python3.12/site-packages/airflow/example_dags/example_complex.py
[2025-05-25T08:40:59.999+0000] {processor.py:840} INFO - DAG(s) 'example_complex' retrieved from /home/airflow/.local/lib/python3.12/site-packages/airflow/example_dags/example_complex.py
[2025-05-25T08:41:00.014+0000] {logging_mixin.py:188} INFO - [2025-05-25T08:41:00.014+0000] {dag.py:3096} INFO - Sync 1 DAGs
[2025-05-25T08:41:00.020+0000] {logging_mixin.py:188} INFO - [2025-05-25T08:41:00.020+0000] {dag.py:3954} INFO - Setting next_dagrun for example_complex to None, run_after=None
[2025-05-25T08:41:00.029+0000] {processor.py:183} INFO - Processing /home/airflow/.local/lib/python3.12/site-packages/airflow/example_dags/example_complex.py took 0.040 seconds
[2025-05-25T08:41:30.275+0000] {processor.py:161} INFO - Started process (PID=7240) to work on /home/airflow/.local/lib/python3.12/site-packages/airflow/example_dags/example_complex.py
[2025-05-25T08:41:30.276+0000] {processor.py:830} INFO - Processing file /home/airflow/.local/lib/python3.12/site-packages/airflow/example_dags/example_complex.py for tasks to queue
[2025-05-25T08:41:30.276+0000] {logging_mixin.py:188} INFO - [2025-05-25T08:41:30.276+0000] {dagbag.py:540} INFO - Filling up the DagBag from /home/airflow/.local/lib/python3.12/site-packages/airflow/example_dags/example_complex.py
[2025-05-25T08:41:30.281+0000] {processor.py:840} INFO - DAG(s) 'example_complex' retrieved from /home/airflow/.local/lib/python3.12/site-packages/airflow/example_dags/example_complex.py
[2025-05-25T08:41:30.294+0000] {logging_mixin.py:188} INFO - [2025-05-25T08:41:30.294+0000] {dag.py:3096} INFO - Sync 1 DAGs
[2025-05-25T08:41:30.299+0000] {logging_mixin.py:188} INFO - [2025-05-25T08:41:30.299+0000] {dag.py:3954} INFO - Setting next_dagrun for example_complex to None, run_after=None
[2025-05-25T08:41:30.307+0000] {processor.py:183} INFO - Processing /home/airflow/.local/lib/python3.12/site-packages/airflow/example_dags/example_complex.py took 0.036 seconds
[2025-05-25T08:42:01.147+0000] {processor.py:161} INFO - Started process (PID=7306) to work on /home/airflow/.local/lib/python3.12/site-packages/airflow/example_dags/example_complex.py
[2025-05-25T08:42:01.147+0000] {processor.py:830} INFO - Processing file /home/airflow/.local/lib/python3.12/site-packages/airflow/example_dags/example_complex.py for tasks to queue
[2025-05-25T08:42:01.148+0000] {logging_mixin.py:188} INFO - [2025-05-25T08:42:01.148+0000] {dagbag.py:540} INFO - Filling up the DagBag from /home/airflow/.local/lib/python3.12/site-packages/airflow/example_dags/example_complex.py
[2025-05-25T08:42:01.153+0000] {processor.py:840} INFO - DAG(s) 'example_complex' retrieved from /home/airflow/.local/lib/python3.12/site-packages/airflow/example_dags/example_complex.py
[2025-05-25T08:42:01.168+0000] {logging_mixin.py:188} INFO - [2025-05-25T08:42:01.167+0000] {dag.py:3096} INFO - Sync 1 DAGs
[2025-05-25T08:42:01.173+0000] {logging_mixin.py:188} INFO - [2025-05-25T08:42:01.173+0000] {dag.py:3954} INFO - Setting next_dagrun for example_complex to None, run_after=None
[2025-05-25T08:42:01.181+0000] {processor.py:183} INFO - Processing /home/airflow/.local/lib/python3.12/site-packages/airflow/example_dags/example_complex.py took 0.037 seconds
[2025-05-25T08:42:31.507+0000] {processor.py:161} INFO - Started process (PID=7372) to work on /home/airflow/.local/lib/python3.12/site-packages/airflow/example_dags/example_complex.py
[2025-05-25T08:42:31.508+0000] {processor.py:830} INFO - Processing file /home/airflow/.local/lib/python3.12/site-packages/airflow/example_dags/example_complex.py for tasks to queue
[2025-05-25T08:42:31.509+0000] {logging_mixin.py:188} INFO - [2025-05-25T08:42:31.509+0000] {dagbag.py:540} INFO - Filling up the DagBag from /home/airflow/.local/lib/python3.12/site-packages/airflow/example_dags/example_complex.py
[2025-05-25T08:42:31.514+0000] {processor.py:840} INFO - DAG(s) 'example_complex' retrieved from /home/airflow/.local/lib/python3.12/site-packages/airflow/example_dags/example_complex.py
[2025-05-25T08:42:31.528+0000] {logging_mixin.py:188} INFO - [2025-05-25T08:42:31.528+0000] {dag.py:3096} INFO - Sync 1 DAGs
[2025-05-25T08:42:31.534+0000] {logging_mixin.py:188} INFO - [2025-05-25T08:42:31.534+0000] {dag.py:3954} INFO - Setting next_dagrun for example_complex to None, run_after=None
[2025-05-25T08:42:31.542+0000] {processor.py:183} INFO - Processing /home/airflow/.local/lib/python3.12/site-packages/airflow/example_dags/example_complex.py took 0.038 seconds
[2025-05-25T08:43:03.919+0000] {processor.py:161} INFO - Started process (PID=7438) to work on /home/airflow/.local/lib/python3.12/site-packages/airflow/example_dags/example_complex.py
[2025-05-25T08:43:03.920+0000] {processor.py:830} INFO - Processing file /home/airflow/.local/lib/python3.12/site-packages/airflow/example_dags/example_complex.py for tasks to queue
[2025-05-25T08:43:03.921+0000] {logging_mixin.py:188} INFO - [2025-05-25T08:43:03.920+0000] {dagbag.py:540} INFO - Filling up the DagBag from /home/airflow/.local/lib/python3.12/site-packages/airflow/example_dags/example_complex.py
[2025-05-25T08:43:03.925+0000] {processor.py:840} INFO - DAG(s) 'example_complex' retrieved from /home/airflow/.local/lib/python3.12/site-packages/airflow/example_dags/example_complex.py
[2025-05-25T08:43:03.939+0000] {logging_mixin.py:188} INFO - [2025-05-25T08:43:03.939+0000] {dag.py:3096} INFO - Sync 1 DAGs
[2025-05-25T08:43:03.944+0000] {logging_mixin.py:188} INFO - [2025-05-25T08:43:03.944+0000] {dag.py:3954} INFO - Setting next_dagrun for example_complex to None, run_after=None
[2025-05-25T08:43:03.951+0000] {processor.py:183} INFO - Processing /home/airflow/.local/lib/python3.12/site-packages/airflow/example_dags/example_complex.py took 0.036 seconds
[2025-05-25T08:43:34.844+0000] {processor.py:161} INFO - Started process (PID=7500) to work on /home/airflow/.local/lib/python3.12/site-packages/airflow/example_dags/example_complex.py
[2025-05-25T08:43:34.845+0000] {processor.py:830} INFO - Processing file /home/airflow/.local/lib/python3.12/site-packages/airflow/example_dags/example_complex.py for tasks to queue
[2025-05-25T08:43:34.846+0000] {logging_mixin.py:188} INFO - [2025-05-25T08:43:34.845+0000] {dagbag.py:540} INFO - Filling up the DagBag from /home/airflow/.local/lib/python3.12/site-packages/airflow/example_dags/example_complex.py
[2025-05-25T08:43:34.851+0000] {processor.py:840} INFO - DAG(s) 'example_complex' retrieved from /home/airflow/.local/lib/python3.12/site-packages/airflow/example_dags/example_complex.py
[2025-05-25T08:43:34.865+0000] {logging_mixin.py:188} INFO - [2025-05-25T08:43:34.865+0000] {dag.py:3096} INFO - Sync 1 DAGs
[2025-05-25T08:43:34.870+0000] {logging_mixin.py:188} INFO - [2025-05-25T08:43:34.870+0000] {dag.py:3954} INFO - Setting next_dagrun for example_complex to None, run_after=None
[2025-05-25T08:43:34.880+0000] {processor.py:183} INFO - Processing /home/airflow/.local/lib/python3.12/site-packages/airflow/example_dags/example_complex.py took 0.040 seconds
[2025-05-25T08:44:04.899+0000] {processor.py:161} INFO - Started process (PID=7562) to work on /home/airflow/.local/lib/python3.12/site-packages/airflow/example_dags/example_complex.py
[2025-05-25T08:44:04.900+0000] {processor.py:830} INFO - Processing file /home/airflow/.local/lib/python3.12/site-packages/airflow/example_dags/example_complex.py for tasks to queue
[2025-05-25T08:44:04.900+0000] {logging_mixin.py:188} INFO - [2025-05-25T08:44:04.900+0000] {dagbag.py:540} INFO - Filling up the DagBag from /home/airflow/.local/lib/python3.12/site-packages/airflow/example_dags/example_complex.py
[2025-05-25T08:44:04.906+0000] {processor.py:840} INFO - DAG(s) 'example_complex' retrieved from /home/airflow/.local/lib/python3.12/site-packages/airflow/example_dags/example_complex.py
[2025-05-25T08:44:04.922+0000] {logging_mixin.py:188} INFO - [2025-05-25T08:44:04.922+0000] {dag.py:3096} INFO - Sync 1 DAGs
[2025-05-25T08:44:04.927+0000] {logging_mixin.py:188} INFO - [2025-05-25T08:44:04.927+0000] {dag.py:3954} INFO - Setting next_dagrun for example_complex to None, run_after=None
[2025-05-25T08:44:04.935+0000] {processor.py:183} INFO - Processing /home/airflow/.local/lib/python3.12/site-packages/airflow/example_dags/example_complex.py took 0.041 seconds
[2025-05-25T08:44:35.325+0000] {processor.py:161} INFO - Started process (PID=7628) to work on /home/airflow/.local/lib/python3.12/site-packages/airflow/example_dags/example_complex.py
[2025-05-25T08:44:35.326+0000] {processor.py:830} INFO - Processing file /home/airflow/.local/lib/python3.12/site-packages/airflow/example_dags/example_complex.py for tasks to queue
[2025-05-25T08:44:35.326+0000] {logging_mixin.py:188} INFO - [2025-05-25T08:44:35.326+0000] {dagbag.py:540} INFO - Filling up the DagBag from /home/airflow/.local/lib/python3.12/site-packages/airflow/example_dags/example_complex.py
[2025-05-25T08:44:35.332+0000] {processor.py:840} INFO - DAG(s) 'example_complex' retrieved from /home/airflow/.local/lib/python3.12/site-packages/airflow/example_dags/example_complex.py
[2025-05-25T08:44:35.349+0000] {logging_mixin.py:188} INFO - [2025-05-25T08:44:35.349+0000] {dag.py:3096} INFO - Sync 1 DAGs
[2025-05-25T08:44:35.356+0000] {logging_mixin.py:188} INFO - [2025-05-25T08:44:35.356+0000] {dag.py:3954} INFO - Setting next_dagrun for example_complex to None, run_after=None
[2025-05-25T08:44:35.371+0000] {processor.py:183} INFO - Processing /home/airflow/.local/lib/python3.12/site-packages/airflow/example_dags/example_complex.py took 0.054 seconds
[2025-05-25T08:45:05.564+0000] {processor.py:161} INFO - Started process (PID=7694) to work on /home/airflow/.local/lib/python3.12/site-packages/airflow/example_dags/example_complex.py
[2025-05-25T08:45:05.569+0000] {processor.py:830} INFO - Processing file /home/airflow/.local/lib/python3.12/site-packages/airflow/example_dags/example_complex.py for tasks to queue
[2025-05-25T08:45:05.570+0000] {logging_mixin.py:188} INFO - [2025-05-25T08:45:05.570+0000] {dagbag.py:540} INFO - Filling up the DagBag from /home/airflow/.local/lib/python3.12/site-packages/airflow/example_dags/example_complex.py
[2025-05-25T08:45:05.576+0000] {processor.py:840} INFO - DAG(s) 'example_complex' retrieved from /home/airflow/.local/lib/python3.12/site-packages/airflow/example_dags/example_complex.py
[2025-05-25T08:45:05.596+0000] {logging_mixin.py:188} INFO - [2025-05-25T08:45:05.596+0000] {dag.py:3096} INFO - Sync 1 DAGs
[2025-05-25T08:45:05.602+0000] {logging_mixin.py:188} INFO - [2025-05-25T08:45:05.602+0000] {dag.py:3954} INFO - Setting next_dagrun for example_complex to None, run_after=None
[2025-05-25T08:45:05.614+0000] {processor.py:183} INFO - Processing /home/airflow/.local/lib/python3.12/site-packages/airflow/example_dags/example_complex.py took 0.053 seconds
[2025-05-25T08:45:36.177+0000] {processor.py:161} INFO - Started process (PID=7760) to work on /home/airflow/.local/lib/python3.12/site-packages/airflow/example_dags/example_complex.py
[2025-05-25T08:45:36.178+0000] {processor.py:830} INFO - Processing file /home/airflow/.local/lib/python3.12/site-packages/airflow/example_dags/example_complex.py for tasks to queue
[2025-05-25T08:45:36.179+0000] {logging_mixin.py:188} INFO - [2025-05-25T08:45:36.178+0000] {dagbag.py:540} INFO - Filling up the DagBag from /home/airflow/.local/lib/python3.12/site-packages/airflow/example_dags/example_complex.py
[2025-05-25T08:45:36.184+0000] {processor.py:840} INFO - DAG(s) 'example_complex' retrieved from /home/airflow/.local/lib/python3.12/site-packages/airflow/example_dags/example_complex.py
[2025-05-25T08:45:36.204+0000] {logging_mixin.py:188} INFO - [2025-05-25T08:45:36.204+0000] {dag.py:3096} INFO - Sync 1 DAGs
[2025-05-25T08:45:36.210+0000] {logging_mixin.py:188} INFO - [2025-05-25T08:45:36.210+0000] {dag.py:3954} INFO - Setting next_dagrun for example_complex to None, run_after=None
[2025-05-25T08:45:36.223+0000] {processor.py:183} INFO - Processing /home/airflow/.local/lib/python3.12/site-packages/airflow/example_dags/example_complex.py took 0.050 seconds
[2025-05-25T08:46:06.268+0000] {processor.py:161} INFO - Started process (PID=7826) to work on /home/airflow/.local/lib/python3.12/site-packages/airflow/example_dags/example_complex.py
[2025-05-25T08:46:06.269+0000] {processor.py:830} INFO - Processing file /home/airflow/.local/lib/python3.12/site-packages/airflow/example_dags/example_complex.py for tasks to queue
[2025-05-25T08:46:06.270+0000] {logging_mixin.py:188} INFO - [2025-05-25T08:46:06.269+0000] {dagbag.py:540} INFO - Filling up the DagBag from /home/airflow/.local/lib/python3.12/site-packages/airflow/example_dags/example_complex.py
[2025-05-25T08:46:06.275+0000] {processor.py:840} INFO - DAG(s) 'example_complex' retrieved from /home/airflow/.local/lib/python3.12/site-packages/airflow/example_dags/example_complex.py
[2025-05-25T08:46:06.295+0000] {logging_mixin.py:188} INFO - [2025-05-25T08:46:06.295+0000] {dag.py:3096} INFO - Sync 1 DAGs
[2025-05-25T08:46:06.300+0000] {logging_mixin.py:188} INFO - [2025-05-25T08:46:06.300+0000] {dag.py:3954} INFO - Setting next_dagrun for example_complex to None, run_after=None
[2025-05-25T08:46:06.311+0000] {processor.py:183} INFO - Processing /home/airflow/.local/lib/python3.12/site-packages/airflow/example_dags/example_complex.py took 0.047 seconds
[2025-05-25T08:46:36.351+0000] {processor.py:161} INFO - Started process (PID=7892) to work on /home/airflow/.local/lib/python3.12/site-packages/airflow/example_dags/example_complex.py
[2025-05-25T08:46:36.352+0000] {processor.py:830} INFO - Processing file /home/airflow/.local/lib/python3.12/site-packages/airflow/example_dags/example_complex.py for tasks to queue
[2025-05-25T08:46:36.353+0000] {logging_mixin.py:188} INFO - [2025-05-25T08:46:36.353+0000] {dagbag.py:540} INFO - Filling up the DagBag from /home/airflow/.local/lib/python3.12/site-packages/airflow/example_dags/example_complex.py
[2025-05-25T08:46:36.361+0000] {processor.py:840} INFO - DAG(s) 'example_complex' retrieved from /home/airflow/.local/lib/python3.12/site-packages/airflow/example_dags/example_complex.py
[2025-05-25T08:46:36.379+0000] {logging_mixin.py:188} INFO - [2025-05-25T08:46:36.379+0000] {dag.py:3096} INFO - Sync 1 DAGs
[2025-05-25T08:46:36.389+0000] {logging_mixin.py:188} INFO - [2025-05-25T08:46:36.389+0000] {dag.py:3954} INFO - Setting next_dagrun for example_complex to None, run_after=None
[2025-05-25T08:46:36.399+0000] {processor.py:183} INFO - Processing /home/airflow/.local/lib/python3.12/site-packages/airflow/example_dags/example_complex.py took 0.052 seconds
[2025-05-25T08:47:06.633+0000] {processor.py:161} INFO - Started process (PID=7958) to work on /home/airflow/.local/lib/python3.12/site-packages/airflow/example_dags/example_complex.py
[2025-05-25T08:47:06.634+0000] {processor.py:830} INFO - Processing file /home/airflow/.local/lib/python3.12/site-packages/airflow/example_dags/example_complex.py for tasks to queue
[2025-05-25T08:47:06.635+0000] {logging_mixin.py:188} INFO - [2025-05-25T08:47:06.635+0000] {dagbag.py:540} INFO - Filling up the DagBag from /home/airflow/.local/lib/python3.12/site-packages/airflow/example_dags/example_complex.py
[2025-05-25T08:47:06.640+0000] {processor.py:840} INFO - DAG(s) 'example_complex' retrieved from /home/airflow/.local/lib/python3.12/site-packages/airflow/example_dags/example_complex.py
[2025-05-25T08:47:06.655+0000] {logging_mixin.py:188} INFO - [2025-05-25T08:47:06.655+0000] {dag.py:3096} INFO - Sync 1 DAGs
[2025-05-25T08:47:06.662+0000] {logging_mixin.py:188} INFO - [2025-05-25T08:47:06.661+0000] {dag.py:3954} INFO - Setting next_dagrun for example_complex to None, run_after=None
[2025-05-25T08:47:06.673+0000] {processor.py:183} INFO - Processing /home/airflow/.local/lib/python3.12/site-packages/airflow/example_dags/example_complex.py took 0.043 seconds
[2025-05-25T08:47:37.008+0000] {processor.py:161} INFO - Started process (PID=8023) to work on /home/airflow/.local/lib/python3.12/site-packages/airflow/example_dags/example_complex.py
[2025-05-25T08:47:37.009+0000] {processor.py:830} INFO - Processing file /home/airflow/.local/lib/python3.12/site-packages/airflow/example_dags/example_complex.py for tasks to queue
[2025-05-25T08:47:37.009+0000] {logging_mixin.py:188} INFO - [2025-05-25T08:47:37.009+0000] {dagbag.py:540} INFO - Filling up the DagBag from /home/airflow/.local/lib/python3.12/site-packages/airflow/example_dags/example_complex.py
[2025-05-25T08:47:37.015+0000] {processor.py:840} INFO - DAG(s) 'example_complex' retrieved from /home/airflow/.local/lib/python3.12/site-packages/airflow/example_dags/example_complex.py
[2025-05-25T08:47:37.035+0000] {logging_mixin.py:188} INFO - [2025-05-25T08:47:37.035+0000] {dag.py:3096} INFO - Sync 1 DAGs
[2025-05-25T08:47:37.045+0000] {logging_mixin.py:188} INFO - [2025-05-25T08:47:37.045+0000] {dag.py:3954} INFO - Setting next_dagrun for example_complex to None, run_after=None
[2025-05-25T08:47:37.055+0000] {processor.py:183} INFO - Processing /home/airflow/.local/lib/python3.12/site-packages/airflow/example_dags/example_complex.py took 0.051 seconds
[2025-05-25T08:48:07.458+0000] {processor.py:161} INFO - Started process (PID=8089) to work on /home/airflow/.local/lib/python3.12/site-packages/airflow/example_dags/example_complex.py
[2025-05-25T08:48:07.463+0000] {processor.py:830} INFO - Processing file /home/airflow/.local/lib/python3.12/site-packages/airflow/example_dags/example_complex.py for tasks to queue
[2025-05-25T08:48:07.465+0000] {logging_mixin.py:188} INFO - [2025-05-25T08:48:07.464+0000] {dagbag.py:540} INFO - Filling up the DagBag from /home/airflow/.local/lib/python3.12/site-packages/airflow/example_dags/example_complex.py
[2025-05-25T08:48:07.471+0000] {processor.py:840} INFO - DAG(s) 'example_complex' retrieved from /home/airflow/.local/lib/python3.12/site-packages/airflow/example_dags/example_complex.py
[2025-05-25T08:48:07.488+0000] {logging_mixin.py:188} INFO - [2025-05-25T08:48:07.488+0000] {dag.py:3096} INFO - Sync 1 DAGs
[2025-05-25T08:48:07.494+0000] {logging_mixin.py:188} INFO - [2025-05-25T08:48:07.494+0000] {dag.py:3954} INFO - Setting next_dagrun for example_complex to None, run_after=None
[2025-05-25T08:48:07.505+0000] {processor.py:183} INFO - Processing /home/airflow/.local/lib/python3.12/site-packages/airflow/example_dags/example_complex.py took 0.051 seconds
[2025-05-25T08:48:37.699+0000] {processor.py:161} INFO - Started process (PID=8155) to work on /home/airflow/.local/lib/python3.12/site-packages/airflow/example_dags/example_complex.py
[2025-05-25T08:48:37.700+0000] {processor.py:830} INFO - Processing file /home/airflow/.local/lib/python3.12/site-packages/airflow/example_dags/example_complex.py for tasks to queue
[2025-05-25T08:48:37.701+0000] {logging_mixin.py:188} INFO - [2025-05-25T08:48:37.701+0000] {dagbag.py:540} INFO - Filling up the DagBag from /home/airflow/.local/lib/python3.12/site-packages/airflow/example_dags/example_complex.py
[2025-05-25T08:48:37.710+0000] {processor.py:840} INFO - DAG(s) 'example_complex' retrieved from /home/airflow/.local/lib/python3.12/site-packages/airflow/example_dags/example_complex.py
[2025-05-25T08:48:37.725+0000] {logging_mixin.py:188} INFO - [2025-05-25T08:48:37.725+0000] {dag.py:3096} INFO - Sync 1 DAGs
[2025-05-25T08:48:37.732+0000] {logging_mixin.py:188} INFO - [2025-05-25T08:48:37.732+0000] {dag.py:3954} INFO - Setting next_dagrun for example_complex to None, run_after=None
[2025-05-25T08:48:37.742+0000] {processor.py:183} INFO - Processing /home/airflow/.local/lib/python3.12/site-packages/airflow/example_dags/example_complex.py took 0.048 seconds
[2025-05-25T08:49:08.372+0000] {processor.py:161} INFO - Started process (PID=8221) to work on /home/airflow/.local/lib/python3.12/site-packages/airflow/example_dags/example_complex.py
[2025-05-25T08:49:08.376+0000] {processor.py:830} INFO - Processing file /home/airflow/.local/lib/python3.12/site-packages/airflow/example_dags/example_complex.py for tasks to queue
[2025-05-25T08:49:08.377+0000] {logging_mixin.py:188} INFO - [2025-05-25T08:49:08.377+0000] {dagbag.py:540} INFO - Filling up the DagBag from /home/airflow/.local/lib/python3.12/site-packages/airflow/example_dags/example_complex.py
[2025-05-25T08:49:08.383+0000] {processor.py:840} INFO - DAG(s) 'example_complex' retrieved from /home/airflow/.local/lib/python3.12/site-packages/airflow/example_dags/example_complex.py
[2025-05-25T08:49:08.403+0000] {logging_mixin.py:188} INFO - [2025-05-25T08:49:08.403+0000] {dag.py:3096} INFO - Sync 1 DAGs
[2025-05-25T08:49:08.410+0000] {logging_mixin.py:188} INFO - [2025-05-25T08:49:08.410+0000] {dag.py:3954} INFO - Setting next_dagrun for example_complex to None, run_after=None
[2025-05-25T08:49:08.420+0000] {processor.py:183} INFO - Processing /home/airflow/.local/lib/python3.12/site-packages/airflow/example_dags/example_complex.py took 0.051 seconds
[2025-05-25T08:49:38.528+0000] {processor.py:161} INFO - Started process (PID=8287) to work on /home/airflow/.local/lib/python3.12/site-packages/airflow/example_dags/example_complex.py
[2025-05-25T08:49:38.529+0000] {processor.py:830} INFO - Processing file /home/airflow/.local/lib/python3.12/site-packages/airflow/example_dags/example_complex.py for tasks to queue
[2025-05-25T08:49:38.529+0000] {logging_mixin.py:188} INFO - [2025-05-25T08:49:38.529+0000] {dagbag.py:540} INFO - Filling up the DagBag from /home/airflow/.local/lib/python3.12/site-packages/airflow/example_dags/example_complex.py
[2025-05-25T08:49:38.534+0000] {processor.py:840} INFO - DAG(s) 'example_complex' retrieved from /home/airflow/.local/lib/python3.12/site-packages/airflow/example_dags/example_complex.py
[2025-05-25T08:49:38.554+0000] {logging_mixin.py:188} INFO - [2025-05-25T08:49:38.554+0000] {dag.py:3096} INFO - Sync 1 DAGs
[2025-05-25T08:49:38.564+0000] {logging_mixin.py:188} INFO - [2025-05-25T08:49:38.564+0000] {dag.py:3954} INFO - Setting next_dagrun for example_complex to None, run_after=None
[2025-05-25T08:49:38.576+0000] {processor.py:183} INFO - Processing /home/airflow/.local/lib/python3.12/site-packages/airflow/example_dags/example_complex.py took 0.052 seconds
[2025-05-25T08:50:08.716+0000] {processor.py:161} INFO - Started process (PID=8353) to work on /home/airflow/.local/lib/python3.12/site-packages/airflow/example_dags/example_complex.py
[2025-05-25T08:50:08.717+0000] {processor.py:830} INFO - Processing file /home/airflow/.local/lib/python3.12/site-packages/airflow/example_dags/example_complex.py for tasks to queue
[2025-05-25T08:50:08.717+0000] {logging_mixin.py:188} INFO - [2025-05-25T08:50:08.717+0000] {dagbag.py:540} INFO - Filling up the DagBag from /home/airflow/.local/lib/python3.12/site-packages/airflow/example_dags/example_complex.py
[2025-05-25T08:50:08.722+0000] {processor.py:840} INFO - DAG(s) 'example_complex' retrieved from /home/airflow/.local/lib/python3.12/site-packages/airflow/example_dags/example_complex.py
[2025-05-25T08:50:08.739+0000] {logging_mixin.py:188} INFO - [2025-05-25T08:50:08.738+0000] {dag.py:3096} INFO - Sync 1 DAGs
[2025-05-25T08:50:08.746+0000] {logging_mixin.py:188} INFO - [2025-05-25T08:50:08.746+0000] {dag.py:3954} INFO - Setting next_dagrun for example_complex to None, run_after=None
[2025-05-25T08:50:08.759+0000] {processor.py:183} INFO - Processing /home/airflow/.local/lib/python3.12/site-packages/airflow/example_dags/example_complex.py took 0.046 seconds
[2025-05-25T08:50:39.326+0000] {processor.py:161} INFO - Started process (PID=8419) to work on /home/airflow/.local/lib/python3.12/site-packages/airflow/example_dags/example_complex.py
[2025-05-25T08:50:39.326+0000] {processor.py:830} INFO - Processing file /home/airflow/.local/lib/python3.12/site-packages/airflow/example_dags/example_complex.py for tasks to queue
[2025-05-25T08:50:39.327+0000] {logging_mixin.py:188} INFO - [2025-05-25T08:50:39.327+0000] {dagbag.py:540} INFO - Filling up the DagBag from /home/airflow/.local/lib/python3.12/site-packages/airflow/example_dags/example_complex.py
[2025-05-25T08:50:39.333+0000] {processor.py:840} INFO - DAG(s) 'example_complex' retrieved from /home/airflow/.local/lib/python3.12/site-packages/airflow/example_dags/example_complex.py
[2025-05-25T08:50:39.346+0000] {logging_mixin.py:188} INFO - [2025-05-25T08:50:39.346+0000] {dag.py:3096} INFO - Sync 1 DAGs
[2025-05-25T08:50:39.351+0000] {logging_mixin.py:188} INFO - [2025-05-25T08:50:39.351+0000] {dag.py:3954} INFO - Setting next_dagrun for example_complex to None, run_after=None
[2025-05-25T08:50:39.358+0000] {processor.py:183} INFO - Processing /home/airflow/.local/lib/python3.12/site-packages/airflow/example_dags/example_complex.py took 0.036 seconds
[2025-05-25T08:51:09.620+0000] {processor.py:161} INFO - Started process (PID=8485) to work on /home/airflow/.local/lib/python3.12/site-packages/airflow/example_dags/example_complex.py
[2025-05-25T08:51:09.621+0000] {processor.py:830} INFO - Processing file /home/airflow/.local/lib/python3.12/site-packages/airflow/example_dags/example_complex.py for tasks to queue
[2025-05-25T08:51:09.622+0000] {logging_mixin.py:188} INFO - [2025-05-25T08:51:09.621+0000] {dagbag.py:540} INFO - Filling up the DagBag from /home/airflow/.local/lib/python3.12/site-packages/airflow/example_dags/example_complex.py
[2025-05-25T08:51:09.627+0000] {processor.py:840} INFO - DAG(s) 'example_complex' retrieved from /home/airflow/.local/lib/python3.12/site-packages/airflow/example_dags/example_complex.py
[2025-05-25T08:51:09.643+0000] {logging_mixin.py:188} INFO - [2025-05-25T08:51:09.642+0000] {dag.py:3096} INFO - Sync 1 DAGs
[2025-05-25T08:51:09.648+0000] {logging_mixin.py:188} INFO - [2025-05-25T08:51:09.648+0000] {dag.py:3954} INFO - Setting next_dagrun for example_complex to None, run_after=None
[2025-05-25T08:51:09.656+0000] {processor.py:183} INFO - Processing /home/airflow/.local/lib/python3.12/site-packages/airflow/example_dags/example_complex.py took 0.039 seconds
[2025-05-25T08:51:39.820+0000] {processor.py:161} INFO - Started process (PID=8547) to work on /home/airflow/.local/lib/python3.12/site-packages/airflow/example_dags/example_complex.py
[2025-05-25T08:51:39.821+0000] {processor.py:830} INFO - Processing file /home/airflow/.local/lib/python3.12/site-packages/airflow/example_dags/example_complex.py for tasks to queue
[2025-05-25T08:51:39.821+0000] {logging_mixin.py:188} INFO - [2025-05-25T08:51:39.821+0000] {dagbag.py:540} INFO - Filling up the DagBag from /home/airflow/.local/lib/python3.12/site-packages/airflow/example_dags/example_complex.py
[2025-05-25T08:51:39.826+0000] {processor.py:840} INFO - DAG(s) 'example_complex' retrieved from /home/airflow/.local/lib/python3.12/site-packages/airflow/example_dags/example_complex.py
[2025-05-25T08:51:39.840+0000] {logging_mixin.py:188} INFO - [2025-05-25T08:51:39.839+0000] {dag.py:3096} INFO - Sync 1 DAGs
[2025-05-25T08:51:39.844+0000] {logging_mixin.py:188} INFO - [2025-05-25T08:51:39.844+0000] {dag.py:3954} INFO - Setting next_dagrun for example_complex to None, run_after=None
[2025-05-25T08:51:39.852+0000] {processor.py:183} INFO - Processing /home/airflow/.local/lib/python3.12/site-packages/airflow/example_dags/example_complex.py took 0.034 seconds
[2025-05-25T08:52:10.713+0000] {processor.py:161} INFO - Started process (PID=8607) to work on /home/airflow/.local/lib/python3.12/site-packages/airflow/example_dags/example_complex.py
[2025-05-25T08:52:10.713+0000] {processor.py:830} INFO - Processing file /home/airflow/.local/lib/python3.12/site-packages/airflow/example_dags/example_complex.py for tasks to queue
[2025-05-25T08:52:10.714+0000] {logging_mixin.py:188} INFO - [2025-05-25T08:52:10.713+0000] {dagbag.py:540} INFO - Filling up the DagBag from /home/airflow/.local/lib/python3.12/site-packages/airflow/example_dags/example_complex.py
[2025-05-25T08:52:10.719+0000] {processor.py:840} INFO - DAG(s) 'example_complex' retrieved from /home/airflow/.local/lib/python3.12/site-packages/airflow/example_dags/example_complex.py
[2025-05-25T08:52:10.733+0000] {logging_mixin.py:188} INFO - [2025-05-25T08:52:10.733+0000] {dag.py:3096} INFO - Sync 1 DAGs
[2025-05-25T08:52:10.738+0000] {logging_mixin.py:188} INFO - [2025-05-25T08:52:10.738+0000] {dag.py:3954} INFO - Setting next_dagrun for example_complex to None, run_after=None
[2025-05-25T08:52:10.746+0000] {processor.py:183} INFO - Processing /home/airflow/.local/lib/python3.12/site-packages/airflow/example_dags/example_complex.py took 0.037 seconds
[2025-05-25T08:52:41.170+0000] {processor.py:161} INFO - Started process (PID=8673) to work on /home/airflow/.local/lib/python3.12/site-packages/airflow/example_dags/example_complex.py
[2025-05-25T08:52:41.171+0000] {processor.py:830} INFO - Processing file /home/airflow/.local/lib/python3.12/site-packages/airflow/example_dags/example_complex.py for tasks to queue
[2025-05-25T08:52:41.172+0000] {logging_mixin.py:188} INFO - [2025-05-25T08:52:41.172+0000] {dagbag.py:540} INFO - Filling up the DagBag from /home/airflow/.local/lib/python3.12/site-packages/airflow/example_dags/example_complex.py
[2025-05-25T08:52:41.179+0000] {processor.py:840} INFO - DAG(s) 'example_complex' retrieved from /home/airflow/.local/lib/python3.12/site-packages/airflow/example_dags/example_complex.py
[2025-05-25T08:52:41.197+0000] {logging_mixin.py:188} INFO - [2025-05-25T08:52:41.197+0000] {dag.py:3096} INFO - Sync 1 DAGs
[2025-05-25T08:52:41.203+0000] {logging_mixin.py:188} INFO - [2025-05-25T08:52:41.202+0000] {dag.py:3954} INFO - Setting next_dagrun for example_complex to None, run_after=None
[2025-05-25T08:52:41.214+0000] {processor.py:183} INFO - Processing /home/airflow/.local/lib/python3.12/site-packages/airflow/example_dags/example_complex.py took 0.049 seconds
[2025-05-25T08:53:11.619+0000] {processor.py:161} INFO - Started process (PID=8739) to work on /home/airflow/.local/lib/python3.12/site-packages/airflow/example_dags/example_complex.py
[2025-05-25T08:53:11.619+0000] {processor.py:830} INFO - Processing file /home/airflow/.local/lib/python3.12/site-packages/airflow/example_dags/example_complex.py for tasks to queue
[2025-05-25T08:53:11.620+0000] {logging_mixin.py:188} INFO - [2025-05-25T08:53:11.620+0000] {dagbag.py:540} INFO - Filling up the DagBag from /home/airflow/.local/lib/python3.12/site-packages/airflow/example_dags/example_complex.py
[2025-05-25T08:53:11.625+0000] {processor.py:840} INFO - DAG(s) 'example_complex' retrieved from /home/airflow/.local/lib/python3.12/site-packages/airflow/example_dags/example_complex.py
[2025-05-25T08:53:11.639+0000] {logging_mixin.py:188} INFO - [2025-05-25T08:53:11.639+0000] {dag.py:3096} INFO - Sync 1 DAGs
[2025-05-25T08:53:11.645+0000] {logging_mixin.py:188} INFO - [2025-05-25T08:53:11.644+0000] {dag.py:3954} INFO - Setting next_dagrun for example_complex to None, run_after=None
[2025-05-25T08:53:11.653+0000] {processor.py:183} INFO - Processing /home/airflow/.local/lib/python3.12/site-packages/airflow/example_dags/example_complex.py took 0.037 seconds
[2025-05-25T08:53:41.775+0000] {processor.py:161} INFO - Started process (PID=8805) to work on /home/airflow/.local/lib/python3.12/site-packages/airflow/example_dags/example_complex.py
[2025-05-25T08:53:41.776+0000] {processor.py:830} INFO - Processing file /home/airflow/.local/lib/python3.12/site-packages/airflow/example_dags/example_complex.py for tasks to queue
[2025-05-25T08:53:41.777+0000] {logging_mixin.py:188} INFO - [2025-05-25T08:53:41.776+0000] {dagbag.py:540} INFO - Filling up the DagBag from /home/airflow/.local/lib/python3.12/site-packages/airflow/example_dags/example_complex.py
[2025-05-25T08:53:41.781+0000] {processor.py:840} INFO - DAG(s) 'example_complex' retrieved from /home/airflow/.local/lib/python3.12/site-packages/airflow/example_dags/example_complex.py
[2025-05-25T08:53:41.796+0000] {logging_mixin.py:188} INFO - [2025-05-25T08:53:41.796+0000] {dag.py:3096} INFO - Sync 1 DAGs
[2025-05-25T08:53:41.801+0000] {logging_mixin.py:188} INFO - [2025-05-25T08:53:41.801+0000] {dag.py:3954} INFO - Setting next_dagrun for example_complex to None, run_after=None
[2025-05-25T08:53:41.809+0000] {processor.py:183} INFO - Processing /home/airflow/.local/lib/python3.12/site-packages/airflow/example_dags/example_complex.py took 0.037 seconds
[2025-05-25T08:54:12.168+0000] {processor.py:161} INFO - Started process (PID=8871) to work on /home/airflow/.local/lib/python3.12/site-packages/airflow/example_dags/example_complex.py
[2025-05-25T08:54:12.170+0000] {processor.py:830} INFO - Processing file /home/airflow/.local/lib/python3.12/site-packages/airflow/example_dags/example_complex.py for tasks to queue
[2025-05-25T08:54:12.170+0000] {logging_mixin.py:188} INFO - [2025-05-25T08:54:12.170+0000] {dagbag.py:540} INFO - Filling up the DagBag from /home/airflow/.local/lib/python3.12/site-packages/airflow/example_dags/example_complex.py
[2025-05-25T08:54:12.178+0000] {processor.py:840} INFO - DAG(s) 'example_complex' retrieved from /home/airflow/.local/lib/python3.12/site-packages/airflow/example_dags/example_complex.py
[2025-05-25T08:54:12.197+0000] {logging_mixin.py:188} INFO - [2025-05-25T08:54:12.197+0000] {dag.py:3096} INFO - Sync 1 DAGs
[2025-05-25T08:54:12.205+0000] {logging_mixin.py:188} INFO - [2025-05-25T08:54:12.205+0000] {dag.py:3954} INFO - Setting next_dagrun for example_complex to None, run_after=None
[2025-05-25T08:54:12.213+0000] {processor.py:183} INFO - Processing /home/airflow/.local/lib/python3.12/site-packages/airflow/example_dags/example_complex.py took 0.049 seconds
[2025-05-25T08:54:43.148+0000] {processor.py:161} INFO - Started process (PID=8937) to work on /home/airflow/.local/lib/python3.12/site-packages/airflow/example_dags/example_complex.py
[2025-05-25T08:54:43.149+0000] {processor.py:830} INFO - Processing file /home/airflow/.local/lib/python3.12/site-packages/airflow/example_dags/example_complex.py for tasks to queue
[2025-05-25T08:54:43.151+0000] {logging_mixin.py:188} INFO - [2025-05-25T08:54:43.150+0000] {dagbag.py:540} INFO - Filling up the DagBag from /home/airflow/.local/lib/python3.12/site-packages/airflow/example_dags/example_complex.py
[2025-05-25T08:54:43.156+0000] {processor.py:840} INFO - DAG(s) 'example_complex' retrieved from /home/airflow/.local/lib/python3.12/site-packages/airflow/example_dags/example_complex.py
[2025-05-25T08:54:43.172+0000] {logging_mixin.py:188} INFO - [2025-05-25T08:54:43.172+0000] {dag.py:3096} INFO - Sync 1 DAGs
[2025-05-25T08:54:43.177+0000] {logging_mixin.py:188} INFO - [2025-05-25T08:54:43.177+0000] {dag.py:3954} INFO - Setting next_dagrun for example_complex to None, run_after=None
[2025-05-25T08:54:43.186+0000] {processor.py:183} INFO - Processing /home/airflow/.local/lib/python3.12/site-packages/airflow/example_dags/example_complex.py took 0.042 seconds
[2025-05-25T08:55:13.541+0000] {processor.py:161} INFO - Started process (PID=9003) to work on /home/airflow/.local/lib/python3.12/site-packages/airflow/example_dags/example_complex.py
[2025-05-25T08:55:13.542+0000] {processor.py:830} INFO - Processing file /home/airflow/.local/lib/python3.12/site-packages/airflow/example_dags/example_complex.py for tasks to queue
[2025-05-25T08:55:13.543+0000] {logging_mixin.py:188} INFO - [2025-05-25T08:55:13.543+0000] {dagbag.py:540} INFO - Filling up the DagBag from /home/airflow/.local/lib/python3.12/site-packages/airflow/example_dags/example_complex.py
[2025-05-25T08:55:13.548+0000] {processor.py:840} INFO - DAG(s) 'example_complex' retrieved from /home/airflow/.local/lib/python3.12/site-packages/airflow/example_dags/example_complex.py
[2025-05-25T08:55:13.562+0000] {logging_mixin.py:188} INFO - [2025-05-25T08:55:13.562+0000] {dag.py:3096} INFO - Sync 1 DAGs
[2025-05-25T08:55:13.568+0000] {logging_mixin.py:188} INFO - [2025-05-25T08:55:13.568+0000] {dag.py:3954} INFO - Setting next_dagrun for example_complex to None, run_after=None
[2025-05-25T08:55:13.578+0000] {processor.py:183} INFO - Processing /home/airflow/.local/lib/python3.12/site-packages/airflow/example_dags/example_complex.py took 0.041 seconds
[2025-05-25T08:55:44.230+0000] {processor.py:161} INFO - Started process (PID=9075) to work on /home/airflow/.local/lib/python3.12/site-packages/airflow/example_dags/example_complex.py
[2025-05-25T08:55:44.231+0000] {processor.py:830} INFO - Processing file /home/airflow/.local/lib/python3.12/site-packages/airflow/example_dags/example_complex.py for tasks to queue
[2025-05-25T08:55:44.232+0000] {logging_mixin.py:188} INFO - [2025-05-25T08:55:44.232+0000] {dagbag.py:540} INFO - Filling up the DagBag from /home/airflow/.local/lib/python3.12/site-packages/airflow/example_dags/example_complex.py
[2025-05-25T08:55:44.240+0000] {processor.py:840} INFO - DAG(s) 'example_complex' retrieved from /home/airflow/.local/lib/python3.12/site-packages/airflow/example_dags/example_complex.py
[2025-05-25T08:55:44.256+0000] {logging_mixin.py:188} INFO - [2025-05-25T08:55:44.256+0000] {dag.py:3096} INFO - Sync 1 DAGs
[2025-05-25T08:55:44.261+0000] {logging_mixin.py:188} INFO - [2025-05-25T08:55:44.261+0000] {dag.py:3954} INFO - Setting next_dagrun for example_complex to None, run_after=None
[2025-05-25T08:55:44.273+0000] {processor.py:183} INFO - Processing /home/airflow/.local/lib/python3.12/site-packages/airflow/example_dags/example_complex.py took 0.046 seconds
[2025-05-25T08:56:15.233+0000] {processor.py:161} INFO - Started process (PID=9141) to work on /home/airflow/.local/lib/python3.12/site-packages/airflow/example_dags/example_complex.py
[2025-05-25T08:56:15.237+0000] {processor.py:830} INFO - Processing file /home/airflow/.local/lib/python3.12/site-packages/airflow/example_dags/example_complex.py for tasks to queue
[2025-05-25T08:56:15.239+0000] {logging_mixin.py:188} INFO - [2025-05-25T08:56:15.239+0000] {dagbag.py:540} INFO - Filling up the DagBag from /home/airflow/.local/lib/python3.12/site-packages/airflow/example_dags/example_complex.py
[2025-05-25T08:56:15.245+0000] {processor.py:840} INFO - DAG(s) 'example_complex' retrieved from /home/airflow/.local/lib/python3.12/site-packages/airflow/example_dags/example_complex.py
[2025-05-25T08:56:15.264+0000] {logging_mixin.py:188} INFO - [2025-05-25T08:56:15.264+0000] {dag.py:3096} INFO - Sync 1 DAGs
[2025-05-25T08:56:15.274+0000] {logging_mixin.py:188} INFO - [2025-05-25T08:56:15.274+0000] {dag.py:3954} INFO - Setting next_dagrun for example_complex to None, run_after=None
[2025-05-25T08:56:15.287+0000] {processor.py:183} INFO - Processing /home/airflow/.local/lib/python3.12/site-packages/airflow/example_dags/example_complex.py took 0.059 seconds
