[2025-05-25T08:15:26.646+0000] {processor.py:161} INFO - Started process (PID=4283) to work on /home/airflow/.local/lib/python3.12/site-packages/airflow/example_dags/example_latest_only.py
[2025-05-25T08:15:26.647+0000] {processor.py:830} INFO - Processing file /home/airflow/.local/lib/python3.12/site-packages/airflow/example_dags/example_latest_only.py for tasks to queue
[2025-05-25T08:15:26.649+0000] {logging_mixin.py:188} INFO - [2025-05-25T08:15:26.648+0000] {dagbag.py:540} INFO - Filling up the DagBag from /home/airflow/.local/lib/python3.12/site-packages/airflow/example_dags/example_latest_only.py
[2025-05-25T08:15:26.652+0000] {processor.py:840} INFO - DAG(s) 'latest_only' retrieved from /home/airflow/.local/lib/python3.12/site-packages/airflow/example_dags/example_latest_only.py
[2025-05-25T08:15:26.664+0000] {logging_mixin.py:188} INFO - [2025-05-25T08:15:26.664+0000] {dag.py:3096} INFO - Sync 1 DAGs
[2025-05-25T08:15:26.682+0000] {logging_mixin.py:188} INFO - [2025-05-25T08:15:26.681+0000] {dag.py:3954} INFO - Setting next_dagrun for latest_only to 2025-05-25 04:00:00+00:00, run_after=2025-05-25 08:00:00+00:00
[2025-05-25T08:15:26.704+0000] {processor.py:183} INFO - Processing /home/airflow/.local/lib/python3.12/site-packages/airflow/example_dags/example_latest_only.py took 0.062 seconds
[2025-05-25T08:15:58.038+0000] {processor.py:161} INFO - Started process (PID=4349) to work on /home/airflow/.local/lib/python3.12/site-packages/airflow/example_dags/example_latest_only.py
[2025-05-25T08:15:58.039+0000] {processor.py:830} INFO - Processing file /home/airflow/.local/lib/python3.12/site-packages/airflow/example_dags/example_latest_only.py for tasks to queue
[2025-05-25T08:15:58.040+0000] {logging_mixin.py:188} INFO - [2025-05-25T08:15:58.040+0000] {dagbag.py:540} INFO - Filling up the DagBag from /home/airflow/.local/lib/python3.12/site-packages/airflow/example_dags/example_latest_only.py
[2025-05-25T08:15:58.043+0000] {processor.py:840} INFO - DAG(s) 'latest_only' retrieved from /home/airflow/.local/lib/python3.12/site-packages/airflow/example_dags/example_latest_only.py
[2025-05-25T08:15:58.055+0000] {logging_mixin.py:188} INFO - [2025-05-25T08:15:58.055+0000] {dag.py:3096} INFO - Sync 1 DAGs
[2025-05-25T08:15:58.070+0000] {logging_mixin.py:188} INFO - [2025-05-25T08:15:58.070+0000] {dag.py:3954} INFO - Setting next_dagrun for latest_only to 2025-05-25 04:00:00+00:00, run_after=2025-05-25 08:00:00+00:00
[2025-05-25T08:15:58.088+0000] {processor.py:183} INFO - Processing /home/airflow/.local/lib/python3.12/site-packages/airflow/example_dags/example_latest_only.py took 0.054 seconds
[2025-05-25T08:16:30.913+0000] {processor.py:161} INFO - Started process (PID=4415) to work on /home/airflow/.local/lib/python3.12/site-packages/airflow/example_dags/example_latest_only.py
[2025-05-25T08:16:30.914+0000] {processor.py:830} INFO - Processing file /home/airflow/.local/lib/python3.12/site-packages/airflow/example_dags/example_latest_only.py for tasks to queue
[2025-05-25T08:16:30.915+0000] {logging_mixin.py:188} INFO - [2025-05-25T08:16:30.915+0000] {dagbag.py:540} INFO - Filling up the DagBag from /home/airflow/.local/lib/python3.12/site-packages/airflow/example_dags/example_latest_only.py
[2025-05-25T08:16:30.919+0000] {processor.py:840} INFO - DAG(s) 'latest_only' retrieved from /home/airflow/.local/lib/python3.12/site-packages/airflow/example_dags/example_latest_only.py
[2025-05-25T08:16:30.933+0000] {logging_mixin.py:188} INFO - [2025-05-25T08:16:30.933+0000] {dag.py:3096} INFO - Sync 1 DAGs
[2025-05-25T08:16:30.946+0000] {logging_mixin.py:188} INFO - [2025-05-25T08:16:30.946+0000] {dag.py:3954} INFO - Setting next_dagrun for latest_only to 2025-05-25 04:00:00+00:00, run_after=2025-05-25 08:00:00+00:00
[2025-05-25T08:16:30.955+0000] {processor.py:183} INFO - Processing /home/airflow/.local/lib/python3.12/site-packages/airflow/example_dags/example_latest_only.py took 0.046 seconds
[2025-05-25T08:17:03.115+0000] {processor.py:161} INFO - Started process (PID=4481) to work on /home/airflow/.local/lib/python3.12/site-packages/airflow/example_dags/example_latest_only.py
[2025-05-25T08:17:03.116+0000] {processor.py:830} INFO - Processing file /home/airflow/.local/lib/python3.12/site-packages/airflow/example_dags/example_latest_only.py for tasks to queue
[2025-05-25T08:17:03.117+0000] {logging_mixin.py:188} INFO - [2025-05-25T08:17:03.117+0000] {dagbag.py:540} INFO - Filling up the DagBag from /home/airflow/.local/lib/python3.12/site-packages/airflow/example_dags/example_latest_only.py
[2025-05-25T08:17:03.120+0000] {processor.py:840} INFO - DAG(s) 'latest_only' retrieved from /home/airflow/.local/lib/python3.12/site-packages/airflow/example_dags/example_latest_only.py
[2025-05-25T08:17:03.135+0000] {logging_mixin.py:188} INFO - [2025-05-25T08:17:03.135+0000] {dag.py:3096} INFO - Sync 1 DAGs
[2025-05-25T08:17:03.147+0000] {logging_mixin.py:188} INFO - [2025-05-25T08:17:03.146+0000] {dag.py:3954} INFO - Setting next_dagrun for latest_only to 2025-05-25 04:00:00+00:00, run_after=2025-05-25 08:00:00+00:00
[2025-05-25T08:17:03.157+0000] {processor.py:183} INFO - Processing /home/airflow/.local/lib/python3.12/site-packages/airflow/example_dags/example_latest_only.py took 0.046 seconds
[2025-05-25T08:17:36.516+0000] {processor.py:161} INFO - Started process (PID=4547) to work on /home/airflow/.local/lib/python3.12/site-packages/airflow/example_dags/example_latest_only.py
[2025-05-25T08:17:36.518+0000] {processor.py:830} INFO - Processing file /home/airflow/.local/lib/python3.12/site-packages/airflow/example_dags/example_latest_only.py for tasks to queue
[2025-05-25T08:17:36.519+0000] {logging_mixin.py:188} INFO - [2025-05-25T08:17:36.519+0000] {dagbag.py:540} INFO - Filling up the DagBag from /home/airflow/.local/lib/python3.12/site-packages/airflow/example_dags/example_latest_only.py
[2025-05-25T08:17:36.522+0000] {processor.py:840} INFO - DAG(s) 'latest_only' retrieved from /home/airflow/.local/lib/python3.12/site-packages/airflow/example_dags/example_latest_only.py
[2025-05-25T08:17:36.534+0000] {logging_mixin.py:188} INFO - [2025-05-25T08:17:36.534+0000] {dag.py:3096} INFO - Sync 1 DAGs
[2025-05-25T08:17:36.545+0000] {logging_mixin.py:188} INFO - [2025-05-25T08:17:36.545+0000] {dag.py:3954} INFO - Setting next_dagrun for latest_only to 2025-05-25 04:00:00+00:00, run_after=2025-05-25 08:00:00+00:00
[2025-05-25T08:17:36.555+0000] {processor.py:183} INFO - Processing /home/airflow/.local/lib/python3.12/site-packages/airflow/example_dags/example_latest_only.py took 0.047 seconds
[2025-05-25T08:18:07.265+0000] {processor.py:161} INFO - Started process (PID=4607) to work on /home/airflow/.local/lib/python3.12/site-packages/airflow/example_dags/example_latest_only.py
[2025-05-25T08:18:07.266+0000] {processor.py:830} INFO - Processing file /home/airflow/.local/lib/python3.12/site-packages/airflow/example_dags/example_latest_only.py for tasks to queue
[2025-05-25T08:18:07.268+0000] {logging_mixin.py:188} INFO - [2025-05-25T08:18:07.267+0000] {dagbag.py:540} INFO - Filling up the DagBag from /home/airflow/.local/lib/python3.12/site-packages/airflow/example_dags/example_latest_only.py
[2025-05-25T08:18:07.271+0000] {processor.py:840} INFO - DAG(s) 'latest_only' retrieved from /home/airflow/.local/lib/python3.12/site-packages/airflow/example_dags/example_latest_only.py
[2025-05-25T08:18:07.286+0000] {logging_mixin.py:188} INFO - [2025-05-25T08:18:07.286+0000] {dag.py:3096} INFO - Sync 1 DAGs
[2025-05-25T08:18:07.300+0000] {logging_mixin.py:188} INFO - [2025-05-25T08:18:07.300+0000] {dag.py:3954} INFO - Setting next_dagrun for latest_only to 2025-05-25 04:00:00+00:00, run_after=2025-05-25 08:00:00+00:00
[2025-05-25T08:18:07.318+0000] {processor.py:183} INFO - Processing /home/airflow/.local/lib/python3.12/site-packages/airflow/example_dags/example_latest_only.py took 0.056 seconds
[2025-05-25T08:18:37.954+0000] {processor.py:161} INFO - Started process (PID=4671) to work on /home/airflow/.local/lib/python3.12/site-packages/airflow/example_dags/example_latest_only.py
[2025-05-25T08:18:37.956+0000] {processor.py:830} INFO - Processing file /home/airflow/.local/lib/python3.12/site-packages/airflow/example_dags/example_latest_only.py for tasks to queue
[2025-05-25T08:18:37.959+0000] {logging_mixin.py:188} INFO - [2025-05-25T08:18:37.959+0000] {dagbag.py:540} INFO - Filling up the DagBag from /home/airflow/.local/lib/python3.12/site-packages/airflow/example_dags/example_latest_only.py
[2025-05-25T08:18:37.970+0000] {processor.py:840} INFO - DAG(s) 'latest_only' retrieved from /home/airflow/.local/lib/python3.12/site-packages/airflow/example_dags/example_latest_only.py
[2025-05-25T08:18:37.990+0000] {logging_mixin.py:188} INFO - [2025-05-25T08:18:37.990+0000] {dag.py:3096} INFO - Sync 1 DAGs
[2025-05-25T08:18:38.007+0000] {logging_mixin.py:188} INFO - [2025-05-25T08:18:38.006+0000] {dag.py:3954} INFO - Setting next_dagrun for latest_only to 2025-05-25 04:00:00+00:00, run_after=2025-05-25 08:00:00+00:00
[2025-05-25T08:18:38.019+0000] {processor.py:183} INFO - Processing /home/airflow/.local/lib/python3.12/site-packages/airflow/example_dags/example_latest_only.py took 0.072 seconds
[2025-05-25T08:19:08.459+0000] {processor.py:161} INFO - Started process (PID=4737) to work on /home/airflow/.local/lib/python3.12/site-packages/airflow/example_dags/example_latest_only.py
[2025-05-25T08:19:08.461+0000] {processor.py:830} INFO - Processing file /home/airflow/.local/lib/python3.12/site-packages/airflow/example_dags/example_latest_only.py for tasks to queue
[2025-05-25T08:19:08.463+0000] {logging_mixin.py:188} INFO - [2025-05-25T08:19:08.463+0000] {dagbag.py:540} INFO - Filling up the DagBag from /home/airflow/.local/lib/python3.12/site-packages/airflow/example_dags/example_latest_only.py
[2025-05-25T08:19:08.474+0000] {processor.py:840} INFO - DAG(s) 'latest_only' retrieved from /home/airflow/.local/lib/python3.12/site-packages/airflow/example_dags/example_latest_only.py
[2025-05-25T08:19:08.493+0000] {logging_mixin.py:188} INFO - [2025-05-25T08:19:08.493+0000] {dag.py:3096} INFO - Sync 1 DAGs
[2025-05-25T08:19:08.512+0000] {logging_mixin.py:188} INFO - [2025-05-25T08:19:08.511+0000] {dag.py:3954} INFO - Setting next_dagrun for latest_only to 2025-05-25 04:00:00+00:00, run_after=2025-05-25 08:00:00+00:00
[2025-05-25T08:19:08.526+0000] {processor.py:183} INFO - Processing /home/airflow/.local/lib/python3.12/site-packages/airflow/example_dags/example_latest_only.py took 0.075 seconds
[2025-05-25T08:19:38.599+0000] {processor.py:161} INFO - Started process (PID=4802) to work on /home/airflow/.local/lib/python3.12/site-packages/airflow/example_dags/example_latest_only.py
[2025-05-25T08:19:38.601+0000] {processor.py:830} INFO - Processing file /home/airflow/.local/lib/python3.12/site-packages/airflow/example_dags/example_latest_only.py for tasks to queue
[2025-05-25T08:19:38.602+0000] {logging_mixin.py:188} INFO - [2025-05-25T08:19:38.602+0000] {dagbag.py:540} INFO - Filling up the DagBag from /home/airflow/.local/lib/python3.12/site-packages/airflow/example_dags/example_latest_only.py
[2025-05-25T08:19:38.606+0000] {processor.py:840} INFO - DAG(s) 'latest_only' retrieved from /home/airflow/.local/lib/python3.12/site-packages/airflow/example_dags/example_latest_only.py
[2025-05-25T08:19:38.620+0000] {logging_mixin.py:188} INFO - [2025-05-25T08:19:38.620+0000] {dag.py:3096} INFO - Sync 1 DAGs
[2025-05-25T08:19:38.633+0000] {logging_mixin.py:188} INFO - [2025-05-25T08:19:38.633+0000] {dag.py:3954} INFO - Setting next_dagrun for latest_only to 2025-05-25 04:00:00+00:00, run_after=2025-05-25 08:00:00+00:00
[2025-05-25T08:19:38.643+0000] {processor.py:183} INFO - Processing /home/airflow/.local/lib/python3.12/site-packages/airflow/example_dags/example_latest_only.py took 0.049 seconds
[2025-05-25T08:20:09.544+0000] {processor.py:161} INFO - Started process (PID=4869) to work on /home/airflow/.local/lib/python3.12/site-packages/airflow/example_dags/example_latest_only.py
[2025-05-25T08:20:09.545+0000] {processor.py:830} INFO - Processing file /home/airflow/.local/lib/python3.12/site-packages/airflow/example_dags/example_latest_only.py for tasks to queue
[2025-05-25T08:20:09.547+0000] {logging_mixin.py:188} INFO - [2025-05-25T08:20:09.546+0000] {dagbag.py:540} INFO - Filling up the DagBag from /home/airflow/.local/lib/python3.12/site-packages/airflow/example_dags/example_latest_only.py
[2025-05-25T08:20:09.553+0000] {processor.py:840} INFO - DAG(s) 'latest_only' retrieved from /home/airflow/.local/lib/python3.12/site-packages/airflow/example_dags/example_latest_only.py
[2025-05-25T08:20:09.571+0000] {logging_mixin.py:188} INFO - [2025-05-25T08:20:09.571+0000] {dag.py:3096} INFO - Sync 1 DAGs
[2025-05-25T08:20:09.589+0000] {logging_mixin.py:188} INFO - [2025-05-25T08:20:09.589+0000] {dag.py:3954} INFO - Setting next_dagrun for latest_only to 2025-05-25 04:00:00+00:00, run_after=2025-05-25 08:00:00+00:00
[2025-05-25T08:20:09.603+0000] {processor.py:183} INFO - Processing /home/airflow/.local/lib/python3.12/site-packages/airflow/example_dags/example_latest_only.py took 0.064 seconds
[2025-05-25T08:20:39.818+0000] {processor.py:161} INFO - Started process (PID=4934) to work on /home/airflow/.local/lib/python3.12/site-packages/airflow/example_dags/example_latest_only.py
[2025-05-25T08:20:39.821+0000] {processor.py:830} INFO - Processing file /home/airflow/.local/lib/python3.12/site-packages/airflow/example_dags/example_latest_only.py for tasks to queue
[2025-05-25T08:20:39.827+0000] {logging_mixin.py:188} INFO - [2025-05-25T08:20:39.826+0000] {dagbag.py:540} INFO - Filling up the DagBag from /home/airflow/.local/lib/python3.12/site-packages/airflow/example_dags/example_latest_only.py
[2025-05-25T08:20:39.856+0000] {processor.py:840} INFO - DAG(s) 'latest_only' retrieved from /home/airflow/.local/lib/python3.12/site-packages/airflow/example_dags/example_latest_only.py
[2025-05-25T08:20:39.941+0000] {logging_mixin.py:188} INFO - [2025-05-25T08:20:39.941+0000] {dag.py:3096} INFO - Sync 1 DAGs
[2025-05-25T08:20:39.966+0000] {logging_mixin.py:188} INFO - [2025-05-25T08:20:39.965+0000] {dag.py:3954} INFO - Setting next_dagrun for latest_only to 2025-05-25 04:00:00+00:00, run_after=2025-05-25 08:00:00+00:00
[2025-05-25T08:20:39.987+0000] {processor.py:183} INFO - Processing /home/airflow/.local/lib/python3.12/site-packages/airflow/example_dags/example_latest_only.py took 0.198 seconds
[2025-05-25T08:21:10.416+0000] {processor.py:161} INFO - Started process (PID=5000) to work on /home/airflow/.local/lib/python3.12/site-packages/airflow/example_dags/example_latest_only.py
[2025-05-25T08:21:10.419+0000] {processor.py:830} INFO - Processing file /home/airflow/.local/lib/python3.12/site-packages/airflow/example_dags/example_latest_only.py for tasks to queue
[2025-05-25T08:21:10.420+0000] {logging_mixin.py:188} INFO - [2025-05-25T08:21:10.420+0000] {dagbag.py:540} INFO - Filling up the DagBag from /home/airflow/.local/lib/python3.12/site-packages/airflow/example_dags/example_latest_only.py
[2025-05-25T08:21:10.429+0000] {processor.py:840} INFO - DAG(s) 'latest_only' retrieved from /home/airflow/.local/lib/python3.12/site-packages/airflow/example_dags/example_latest_only.py
[2025-05-25T08:21:10.464+0000] {logging_mixin.py:188} INFO - [2025-05-25T08:21:10.464+0000] {dag.py:3096} INFO - Sync 1 DAGs
[2025-05-25T08:21:10.484+0000] {logging_mixin.py:188} INFO - [2025-05-25T08:21:10.483+0000] {dag.py:3954} INFO - Setting next_dagrun for latest_only to 2025-05-25 04:00:00+00:00, run_after=2025-05-25 08:00:00+00:00
[2025-05-25T08:21:10.498+0000] {processor.py:183} INFO - Processing /home/airflow/.local/lib/python3.12/site-packages/airflow/example_dags/example_latest_only.py took 0.090 seconds
[2025-05-25T08:24:43.259+0000] {processor.py:161} INFO - Started process (PID=5082) to work on /home/airflow/.local/lib/python3.12/site-packages/airflow/example_dags/example_latest_only.py
[2025-05-25T08:24:43.261+0000] {processor.py:830} INFO - Processing file /home/airflow/.local/lib/python3.12/site-packages/airflow/example_dags/example_latest_only.py for tasks to queue
[2025-05-25T08:24:43.262+0000] {logging_mixin.py:188} INFO - [2025-05-25T08:24:43.262+0000] {dagbag.py:540} INFO - Filling up the DagBag from /home/airflow/.local/lib/python3.12/site-packages/airflow/example_dags/example_latest_only.py
[2025-05-25T08:24:43.268+0000] {processor.py:840} INFO - DAG(s) 'latest_only' retrieved from /home/airflow/.local/lib/python3.12/site-packages/airflow/example_dags/example_latest_only.py
[2025-05-25T08:24:43.288+0000] {logging_mixin.py:188} INFO - [2025-05-25T08:24:43.288+0000] {dag.py:3096} INFO - Sync 1 DAGs
[2025-05-25T08:24:43.298+0000] {logging_mixin.py:188} INFO - [2025-05-25T08:24:43.298+0000] {dag.py:3954} INFO - Setting next_dagrun for latest_only to 2025-05-25 04:00:00+00:00, run_after=2025-05-25 08:00:00+00:00
[2025-05-25T08:24:43.310+0000] {processor.py:183} INFO - Processing /home/airflow/.local/lib/python3.12/site-packages/airflow/example_dags/example_latest_only.py took 0.058 seconds
[2025-05-25T08:25:14.860+0000] {processor.py:161} INFO - Started process (PID=5148) to work on /home/airflow/.local/lib/python3.12/site-packages/airflow/example_dags/example_latest_only.py
[2025-05-25T08:25:14.861+0000] {processor.py:830} INFO - Processing file /home/airflow/.local/lib/python3.12/site-packages/airflow/example_dags/example_latest_only.py for tasks to queue
[2025-05-25T08:25:14.861+0000] {logging_mixin.py:188} INFO - [2025-05-25T08:25:14.861+0000] {dagbag.py:540} INFO - Filling up the DagBag from /home/airflow/.local/lib/python3.12/site-packages/airflow/example_dags/example_latest_only.py
[2025-05-25T08:25:14.865+0000] {processor.py:840} INFO - DAG(s) 'latest_only' retrieved from /home/airflow/.local/lib/python3.12/site-packages/airflow/example_dags/example_latest_only.py
[2025-05-25T08:25:14.874+0000] {logging_mixin.py:188} INFO - [2025-05-25T08:25:14.874+0000] {dag.py:3096} INFO - Sync 1 DAGs
[2025-05-25T08:25:14.883+0000] {logging_mixin.py:188} INFO - [2025-05-25T08:25:14.882+0000] {dag.py:3954} INFO - Setting next_dagrun for latest_only to 2025-05-25 04:00:00+00:00, run_after=2025-05-25 08:00:00+00:00
[2025-05-25T08:25:14.890+0000] {processor.py:183} INFO - Processing /home/airflow/.local/lib/python3.12/site-packages/airflow/example_dags/example_latest_only.py took 0.032 seconds
[2025-05-25T08:25:47.141+0000] {processor.py:161} INFO - Started process (PID=5214) to work on /home/airflow/.local/lib/python3.12/site-packages/airflow/example_dags/example_latest_only.py
[2025-05-25T08:25:47.142+0000] {processor.py:830} INFO - Processing file /home/airflow/.local/lib/python3.12/site-packages/airflow/example_dags/example_latest_only.py for tasks to queue
[2025-05-25T08:25:47.143+0000] {logging_mixin.py:188} INFO - [2025-05-25T08:25:47.143+0000] {dagbag.py:540} INFO - Filling up the DagBag from /home/airflow/.local/lib/python3.12/site-packages/airflow/example_dags/example_latest_only.py
[2025-05-25T08:25:47.146+0000] {processor.py:840} INFO - DAG(s) 'latest_only' retrieved from /home/airflow/.local/lib/python3.12/site-packages/airflow/example_dags/example_latest_only.py
[2025-05-25T08:25:47.158+0000] {logging_mixin.py:188} INFO - [2025-05-25T08:25:47.157+0000] {dag.py:3096} INFO - Sync 1 DAGs
[2025-05-25T08:25:47.167+0000] {logging_mixin.py:188} INFO - [2025-05-25T08:25:47.167+0000] {dag.py:3954} INFO - Setting next_dagrun for latest_only to 2025-05-25 04:00:00+00:00, run_after=2025-05-25 08:00:00+00:00
[2025-05-25T08:25:47.175+0000] {processor.py:183} INFO - Processing /home/airflow/.local/lib/python3.12/site-packages/airflow/example_dags/example_latest_only.py took 0.039 seconds
[2025-05-25T08:26:19.806+0000] {processor.py:161} INFO - Started process (PID=5280) to work on /home/airflow/.local/lib/python3.12/site-packages/airflow/example_dags/example_latest_only.py
[2025-05-25T08:26:19.807+0000] {processor.py:830} INFO - Processing file /home/airflow/.local/lib/python3.12/site-packages/airflow/example_dags/example_latest_only.py for tasks to queue
[2025-05-25T08:26:19.808+0000] {logging_mixin.py:188} INFO - [2025-05-25T08:26:19.808+0000] {dagbag.py:540} INFO - Filling up the DagBag from /home/airflow/.local/lib/python3.12/site-packages/airflow/example_dags/example_latest_only.py
[2025-05-25T08:26:19.813+0000] {processor.py:840} INFO - DAG(s) 'latest_only' retrieved from /home/airflow/.local/lib/python3.12/site-packages/airflow/example_dags/example_latest_only.py
[2025-05-25T08:26:19.839+0000] {logging_mixin.py:188} INFO - [2025-05-25T08:26:19.839+0000] {dag.py:3096} INFO - Sync 1 DAGs
[2025-05-25T08:26:19.853+0000] {logging_mixin.py:188} INFO - [2025-05-25T08:26:19.853+0000] {dag.py:3954} INFO - Setting next_dagrun for latest_only to 2025-05-25 04:00:00+00:00, run_after=2025-05-25 08:00:00+00:00
[2025-05-25T08:26:19.865+0000] {processor.py:183} INFO - Processing /home/airflow/.local/lib/python3.12/site-packages/airflow/example_dags/example_latest_only.py took 0.063 seconds
[2025-05-25T08:26:51.962+0000] {processor.py:161} INFO - Started process (PID=5345) to work on /home/airflow/.local/lib/python3.12/site-packages/airflow/example_dags/example_latest_only.py
[2025-05-25T08:26:51.963+0000] {processor.py:830} INFO - Processing file /home/airflow/.local/lib/python3.12/site-packages/airflow/example_dags/example_latest_only.py for tasks to queue
[2025-05-25T08:26:51.964+0000] {logging_mixin.py:188} INFO - [2025-05-25T08:26:51.964+0000] {dagbag.py:540} INFO - Filling up the DagBag from /home/airflow/.local/lib/python3.12/site-packages/airflow/example_dags/example_latest_only.py
[2025-05-25T08:26:51.969+0000] {processor.py:840} INFO - DAG(s) 'latest_only' retrieved from /home/airflow/.local/lib/python3.12/site-packages/airflow/example_dags/example_latest_only.py
[2025-05-25T08:26:51.985+0000] {logging_mixin.py:188} INFO - [2025-05-25T08:26:51.985+0000] {dag.py:3096} INFO - Sync 1 DAGs
[2025-05-25T08:26:51.997+0000] {logging_mixin.py:188} INFO - [2025-05-25T08:26:51.997+0000] {dag.py:3954} INFO - Setting next_dagrun for latest_only to 2025-05-25 04:00:00+00:00, run_after=2025-05-25 08:00:00+00:00
[2025-05-25T08:26:52.009+0000] {processor.py:183} INFO - Processing /home/airflow/.local/lib/python3.12/site-packages/airflow/example_dags/example_latest_only.py took 0.060 seconds
[2025-05-25T08:27:23.124+0000] {processor.py:161} INFO - Started process (PID=5406) to work on /home/airflow/.local/lib/python3.12/site-packages/airflow/example_dags/example_latest_only.py
[2025-05-25T08:27:23.125+0000] {processor.py:830} INFO - Processing file /home/airflow/.local/lib/python3.12/site-packages/airflow/example_dags/example_latest_only.py for tasks to queue
[2025-05-25T08:27:23.125+0000] {logging_mixin.py:188} INFO - [2025-05-25T08:27:23.125+0000] {dagbag.py:540} INFO - Filling up the DagBag from /home/airflow/.local/lib/python3.12/site-packages/airflow/example_dags/example_latest_only.py
[2025-05-25T08:27:23.129+0000] {processor.py:840} INFO - DAG(s) 'latest_only' retrieved from /home/airflow/.local/lib/python3.12/site-packages/airflow/example_dags/example_latest_only.py
[2025-05-25T08:27:23.141+0000] {logging_mixin.py:188} INFO - [2025-05-25T08:27:23.141+0000] {dag.py:3096} INFO - Sync 1 DAGs
[2025-05-25T08:27:23.152+0000] {logging_mixin.py:188} INFO - [2025-05-25T08:27:23.152+0000] {dag.py:3954} INFO - Setting next_dagrun for latest_only to 2025-05-25 04:00:00+00:00, run_after=2025-05-25 08:00:00+00:00
[2025-05-25T08:27:23.160+0000] {processor.py:183} INFO - Processing /home/airflow/.local/lib/python3.12/site-packages/airflow/example_dags/example_latest_only.py took 0.041 seconds
[2025-05-25T08:27:54.059+0000] {processor.py:161} INFO - Started process (PID=5470) to work on /home/airflow/.local/lib/python3.12/site-packages/airflow/example_dags/example_latest_only.py
[2025-05-25T08:27:54.061+0000] {processor.py:830} INFO - Processing file /home/airflow/.local/lib/python3.12/site-packages/airflow/example_dags/example_latest_only.py for tasks to queue
[2025-05-25T08:27:54.063+0000] {logging_mixin.py:188} INFO - [2025-05-25T08:27:54.063+0000] {dagbag.py:540} INFO - Filling up the DagBag from /home/airflow/.local/lib/python3.12/site-packages/airflow/example_dags/example_latest_only.py
[2025-05-25T08:27:54.081+0000] {processor.py:840} INFO - DAG(s) 'latest_only' retrieved from /home/airflow/.local/lib/python3.12/site-packages/airflow/example_dags/example_latest_only.py
[2025-05-25T08:27:54.104+0000] {logging_mixin.py:188} INFO - [2025-05-25T08:27:54.104+0000] {dag.py:3096} INFO - Sync 1 DAGs
[2025-05-25T08:27:54.124+0000] {logging_mixin.py:188} INFO - [2025-05-25T08:27:54.124+0000] {dag.py:3954} INFO - Setting next_dagrun for latest_only to 2025-05-25 04:00:00+00:00, run_after=2025-05-25 08:00:00+00:00
[2025-05-25T08:27:54.140+0000] {processor.py:183} INFO - Processing /home/airflow/.local/lib/python3.12/site-packages/airflow/example_dags/example_latest_only.py took 0.089 seconds
[2025-05-25T08:28:24.247+0000] {processor.py:161} INFO - Started process (PID=5535) to work on /home/airflow/.local/lib/python3.12/site-packages/airflow/example_dags/example_latest_only.py
[2025-05-25T08:28:24.249+0000] {processor.py:830} INFO - Processing file /home/airflow/.local/lib/python3.12/site-packages/airflow/example_dags/example_latest_only.py for tasks to queue
[2025-05-25T08:28:24.250+0000] {logging_mixin.py:188} INFO - [2025-05-25T08:28:24.250+0000] {dagbag.py:540} INFO - Filling up the DagBag from /home/airflow/.local/lib/python3.12/site-packages/airflow/example_dags/example_latest_only.py
[2025-05-25T08:28:24.262+0000] {processor.py:840} INFO - DAG(s) 'latest_only' retrieved from /home/airflow/.local/lib/python3.12/site-packages/airflow/example_dags/example_latest_only.py
[2025-05-25T08:28:24.304+0000] {logging_mixin.py:188} INFO - [2025-05-25T08:28:24.304+0000] {dag.py:3096} INFO - Sync 1 DAGs
[2025-05-25T08:28:24.317+0000] {logging_mixin.py:188} INFO - [2025-05-25T08:28:24.317+0000] {dag.py:3954} INFO - Setting next_dagrun for latest_only to 2025-05-25 04:00:00+00:00, run_after=2025-05-25 08:00:00+00:00
[2025-05-25T08:28:24.331+0000] {processor.py:183} INFO - Processing /home/airflow/.local/lib/python3.12/site-packages/airflow/example_dags/example_latest_only.py took 0.096 seconds
[2025-05-25T08:28:55.048+0000] {processor.py:161} INFO - Started process (PID=5602) to work on /home/airflow/.local/lib/python3.12/site-packages/airflow/example_dags/example_latest_only.py
[2025-05-25T08:28:55.051+0000] {processor.py:830} INFO - Processing file /home/airflow/.local/lib/python3.12/site-packages/airflow/example_dags/example_latest_only.py for tasks to queue
[2025-05-25T08:28:55.053+0000] {logging_mixin.py:188} INFO - [2025-05-25T08:28:55.052+0000] {dagbag.py:540} INFO - Filling up the DagBag from /home/airflow/.local/lib/python3.12/site-packages/airflow/example_dags/example_latest_only.py
[2025-05-25T08:28:55.069+0000] {processor.py:840} INFO - DAG(s) 'latest_only' retrieved from /home/airflow/.local/lib/python3.12/site-packages/airflow/example_dags/example_latest_only.py
[2025-05-25T08:28:55.100+0000] {logging_mixin.py:188} INFO - [2025-05-25T08:28:55.100+0000] {dag.py:3096} INFO - Sync 1 DAGs
[2025-05-25T08:28:55.125+0000] {logging_mixin.py:188} INFO - [2025-05-25T08:28:55.125+0000] {dag.py:3954} INFO - Setting next_dagrun for latest_only to 2025-05-25 04:00:00+00:00, run_after=2025-05-25 08:00:00+00:00
[2025-05-25T08:28:55.141+0000] {processor.py:183} INFO - Processing /home/airflow/.local/lib/python3.12/site-packages/airflow/example_dags/example_latest_only.py took 0.103 seconds
[2025-05-25T08:29:25.746+0000] {processor.py:161} INFO - Started process (PID=5668) to work on /home/airflow/.local/lib/python3.12/site-packages/airflow/example_dags/example_latest_only.py
[2025-05-25T08:29:25.751+0000] {processor.py:830} INFO - Processing file /home/airflow/.local/lib/python3.12/site-packages/airflow/example_dags/example_latest_only.py for tasks to queue
[2025-05-25T08:29:25.752+0000] {logging_mixin.py:188} INFO - [2025-05-25T08:29:25.752+0000] {dagbag.py:540} INFO - Filling up the DagBag from /home/airflow/.local/lib/python3.12/site-packages/airflow/example_dags/example_latest_only.py
[2025-05-25T08:29:25.757+0000] {processor.py:840} INFO - DAG(s) 'latest_only' retrieved from /home/airflow/.local/lib/python3.12/site-packages/airflow/example_dags/example_latest_only.py
[2025-05-25T08:29:25.782+0000] {logging_mixin.py:188} INFO - [2025-05-25T08:29:25.781+0000] {dag.py:3096} INFO - Sync 1 DAGs
[2025-05-25T08:29:25.792+0000] {logging_mixin.py:188} INFO - [2025-05-25T08:29:25.792+0000] {dag.py:3954} INFO - Setting next_dagrun for latest_only to 2025-05-25 04:00:00+00:00, run_after=2025-05-25 08:00:00+00:00
[2025-05-25T08:29:25.800+0000] {processor.py:183} INFO - Processing /home/airflow/.local/lib/python3.12/site-packages/airflow/example_dags/example_latest_only.py took 0.060 seconds
[2025-05-25T08:29:56.864+0000] {processor.py:161} INFO - Started process (PID=5734) to work on /home/airflow/.local/lib/python3.12/site-packages/airflow/example_dags/example_latest_only.py
[2025-05-25T08:29:56.868+0000] {processor.py:830} INFO - Processing file /home/airflow/.local/lib/python3.12/site-packages/airflow/example_dags/example_latest_only.py for tasks to queue
[2025-05-25T08:29:56.870+0000] {logging_mixin.py:188} INFO - [2025-05-25T08:29:56.869+0000] {dagbag.py:540} INFO - Filling up the DagBag from /home/airflow/.local/lib/python3.12/site-packages/airflow/example_dags/example_latest_only.py
[2025-05-25T08:29:56.890+0000] {processor.py:840} INFO - DAG(s) 'latest_only' retrieved from /home/airflow/.local/lib/python3.12/site-packages/airflow/example_dags/example_latest_only.py
[2025-05-25T08:29:56.927+0000] {logging_mixin.py:188} INFO - [2025-05-25T08:29:56.927+0000] {dag.py:3096} INFO - Sync 1 DAGs
[2025-05-25T08:29:56.974+0000] {logging_mixin.py:188} INFO - [2025-05-25T08:29:56.974+0000] {dag.py:3954} INFO - Setting next_dagrun for latest_only to 2025-05-25 04:00:00+00:00, run_after=2025-05-25 08:00:00+00:00
[2025-05-25T08:29:56.993+0000] {processor.py:183} INFO - Processing /home/airflow/.local/lib/python3.12/site-packages/airflow/example_dags/example_latest_only.py took 0.140 seconds
[2025-05-25T08:30:27.453+0000] {processor.py:161} INFO - Started process (PID=5800) to work on /home/airflow/.local/lib/python3.12/site-packages/airflow/example_dags/example_latest_only.py
[2025-05-25T08:30:27.455+0000] {processor.py:830} INFO - Processing file /home/airflow/.local/lib/python3.12/site-packages/airflow/example_dags/example_latest_only.py for tasks to queue
[2025-05-25T08:30:27.457+0000] {logging_mixin.py:188} INFO - [2025-05-25T08:30:27.457+0000] {dagbag.py:540} INFO - Filling up the DagBag from /home/airflow/.local/lib/python3.12/site-packages/airflow/example_dags/example_latest_only.py
[2025-05-25T08:30:27.478+0000] {processor.py:840} INFO - DAG(s) 'latest_only' retrieved from /home/airflow/.local/lib/python3.12/site-packages/airflow/example_dags/example_latest_only.py
[2025-05-25T08:30:27.510+0000] {logging_mixin.py:188} INFO - [2025-05-25T08:30:27.510+0000] {dag.py:3096} INFO - Sync 1 DAGs
[2025-05-25T08:30:27.531+0000] {logging_mixin.py:188} INFO - [2025-05-25T08:30:27.531+0000] {dag.py:3954} INFO - Setting next_dagrun for latest_only to 2025-05-25 04:00:00+00:00, run_after=2025-05-25 08:00:00+00:00
[2025-05-25T08:30:27.544+0000] {processor.py:183} INFO - Processing /home/airflow/.local/lib/python3.12/site-packages/airflow/example_dags/example_latest_only.py took 0.100 seconds
[2025-05-25T08:30:57.906+0000] {processor.py:161} INFO - Started process (PID=5866) to work on /home/airflow/.local/lib/python3.12/site-packages/airflow/example_dags/example_latest_only.py
[2025-05-25T08:30:57.912+0000] {processor.py:830} INFO - Processing file /home/airflow/.local/lib/python3.12/site-packages/airflow/example_dags/example_latest_only.py for tasks to queue
[2025-05-25T08:30:57.915+0000] {logging_mixin.py:188} INFO - [2025-05-25T08:30:57.914+0000] {dagbag.py:540} INFO - Filling up the DagBag from /home/airflow/.local/lib/python3.12/site-packages/airflow/example_dags/example_latest_only.py
[2025-05-25T08:30:57.928+0000] {processor.py:840} INFO - DAG(s) 'latest_only' retrieved from /home/airflow/.local/lib/python3.12/site-packages/airflow/example_dags/example_latest_only.py
[2025-05-25T08:30:57.950+0000] {logging_mixin.py:188} INFO - [2025-05-25T08:30:57.950+0000] {dag.py:3096} INFO - Sync 1 DAGs
[2025-05-25T08:30:57.969+0000] {logging_mixin.py:188} INFO - [2025-05-25T08:30:57.969+0000] {dag.py:3954} INFO - Setting next_dagrun for latest_only to 2025-05-25 04:00:00+00:00, run_after=2025-05-25 08:00:00+00:00
[2025-05-25T08:30:57.983+0000] {processor.py:183} INFO - Processing /home/airflow/.local/lib/python3.12/site-packages/airflow/example_dags/example_latest_only.py took 0.087 seconds
[2025-05-25T08:31:28.121+0000] {processor.py:161} INFO - Started process (PID=5931) to work on /home/airflow/.local/lib/python3.12/site-packages/airflow/example_dags/example_latest_only.py
[2025-05-25T08:31:28.123+0000] {processor.py:830} INFO - Processing file /home/airflow/.local/lib/python3.12/site-packages/airflow/example_dags/example_latest_only.py for tasks to queue
[2025-05-25T08:31:28.125+0000] {logging_mixin.py:188} INFO - [2025-05-25T08:31:28.124+0000] {dagbag.py:540} INFO - Filling up the DagBag from /home/airflow/.local/lib/python3.12/site-packages/airflow/example_dags/example_latest_only.py
[2025-05-25T08:31:28.137+0000] {processor.py:840} INFO - DAG(s) 'latest_only' retrieved from /home/airflow/.local/lib/python3.12/site-packages/airflow/example_dags/example_latest_only.py
[2025-05-25T08:31:28.155+0000] {logging_mixin.py:188} INFO - [2025-05-25T08:31:28.155+0000] {dag.py:3096} INFO - Sync 1 DAGs
[2025-05-25T08:31:28.170+0000] {logging_mixin.py:188} INFO - [2025-05-25T08:31:28.170+0000] {dag.py:3954} INFO - Setting next_dagrun for latest_only to 2025-05-25 04:00:00+00:00, run_after=2025-05-25 08:00:00+00:00
[2025-05-25T08:31:28.183+0000] {processor.py:183} INFO - Processing /home/airflow/.local/lib/python3.12/site-packages/airflow/example_dags/example_latest_only.py took 0.071 seconds
[2025-05-25T08:31:58.705+0000] {processor.py:161} INFO - Started process (PID=5998) to work on /home/airflow/.local/lib/python3.12/site-packages/airflow/example_dags/example_latest_only.py
[2025-05-25T08:31:58.707+0000] {processor.py:830} INFO - Processing file /home/airflow/.local/lib/python3.12/site-packages/airflow/example_dags/example_latest_only.py for tasks to queue
[2025-05-25T08:31:58.708+0000] {logging_mixin.py:188} INFO - [2025-05-25T08:31:58.708+0000] {dagbag.py:540} INFO - Filling up the DagBag from /home/airflow/.local/lib/python3.12/site-packages/airflow/example_dags/example_latest_only.py
[2025-05-25T08:31:58.724+0000] {processor.py:840} INFO - DAG(s) 'latest_only' retrieved from /home/airflow/.local/lib/python3.12/site-packages/airflow/example_dags/example_latest_only.py
[2025-05-25T08:31:58.759+0000] {logging_mixin.py:188} INFO - [2025-05-25T08:31:58.759+0000] {dag.py:3096} INFO - Sync 1 DAGs
[2025-05-25T08:31:58.785+0000] {logging_mixin.py:188} INFO - [2025-05-25T08:31:58.785+0000] {dag.py:3954} INFO - Setting next_dagrun for latest_only to 2025-05-25 04:00:00+00:00, run_after=2025-05-25 08:00:00+00:00
[2025-05-25T08:31:58.798+0000] {processor.py:183} INFO - Processing /home/airflow/.local/lib/python3.12/site-packages/airflow/example_dags/example_latest_only.py took 0.098 seconds
[2025-05-25T08:32:29.820+0000] {processor.py:161} INFO - Started process (PID=6064) to work on /home/airflow/.local/lib/python3.12/site-packages/airflow/example_dags/example_latest_only.py
[2025-05-25T08:32:29.827+0000] {processor.py:830} INFO - Processing file /home/airflow/.local/lib/python3.12/site-packages/airflow/example_dags/example_latest_only.py for tasks to queue
[2025-05-25T08:32:29.828+0000] {logging_mixin.py:188} INFO - [2025-05-25T08:32:29.827+0000] {dagbag.py:540} INFO - Filling up the DagBag from /home/airflow/.local/lib/python3.12/site-packages/airflow/example_dags/example_latest_only.py
[2025-05-25T08:32:29.835+0000] {processor.py:840} INFO - DAG(s) 'latest_only' retrieved from /home/airflow/.local/lib/python3.12/site-packages/airflow/example_dags/example_latest_only.py
[2025-05-25T08:32:29.855+0000] {logging_mixin.py:188} INFO - [2025-05-25T08:32:29.855+0000] {dag.py:3096} INFO - Sync 1 DAGs
[2025-05-25T08:32:29.874+0000] {logging_mixin.py:188} INFO - [2025-05-25T08:32:29.874+0000] {dag.py:3954} INFO - Setting next_dagrun for latest_only to 2025-05-25 04:00:00+00:00, run_after=2025-05-25 08:00:00+00:00
[2025-05-25T08:32:29.886+0000] {processor.py:183} INFO - Processing /home/airflow/.local/lib/python3.12/site-packages/airflow/example_dags/example_latest_only.py took 0.072 seconds
[2025-05-25T08:33:00.349+0000] {processor.py:161} INFO - Started process (PID=6130) to work on /home/airflow/.local/lib/python3.12/site-packages/airflow/example_dags/example_latest_only.py
[2025-05-25T08:33:00.354+0000] {processor.py:830} INFO - Processing file /home/airflow/.local/lib/python3.12/site-packages/airflow/example_dags/example_latest_only.py for tasks to queue
[2025-05-25T08:33:00.357+0000] {logging_mixin.py:188} INFO - [2025-05-25T08:33:00.357+0000] {dagbag.py:540} INFO - Filling up the DagBag from /home/airflow/.local/lib/python3.12/site-packages/airflow/example_dags/example_latest_only.py
[2025-05-25T08:33:00.372+0000] {processor.py:840} INFO - DAG(s) 'latest_only' retrieved from /home/airflow/.local/lib/python3.12/site-packages/airflow/example_dags/example_latest_only.py
[2025-05-25T08:33:00.395+0000] {logging_mixin.py:188} INFO - [2025-05-25T08:33:00.394+0000] {dag.py:3096} INFO - Sync 1 DAGs
[2025-05-25T08:33:00.412+0000] {logging_mixin.py:188} INFO - [2025-05-25T08:33:00.412+0000] {dag.py:3954} INFO - Setting next_dagrun for latest_only to 2025-05-25 04:00:00+00:00, run_after=2025-05-25 08:00:00+00:00
[2025-05-25T08:33:00.429+0000] {processor.py:183} INFO - Processing /home/airflow/.local/lib/python3.12/site-packages/airflow/example_dags/example_latest_only.py took 0.090 seconds
[2025-05-25T08:33:30.635+0000] {processor.py:161} INFO - Started process (PID=6195) to work on /home/airflow/.local/lib/python3.12/site-packages/airflow/example_dags/example_latest_only.py
[2025-05-25T08:33:30.639+0000] {processor.py:830} INFO - Processing file /home/airflow/.local/lib/python3.12/site-packages/airflow/example_dags/example_latest_only.py for tasks to queue
[2025-05-25T08:33:30.641+0000] {logging_mixin.py:188} INFO - [2025-05-25T08:33:30.640+0000] {dagbag.py:540} INFO - Filling up the DagBag from /home/airflow/.local/lib/python3.12/site-packages/airflow/example_dags/example_latest_only.py
[2025-05-25T08:33:30.661+0000] {processor.py:840} INFO - DAG(s) 'latest_only' retrieved from /home/airflow/.local/lib/python3.12/site-packages/airflow/example_dags/example_latest_only.py
[2025-05-25T08:33:30.688+0000] {logging_mixin.py:188} INFO - [2025-05-25T08:33:30.688+0000] {dag.py:3096} INFO - Sync 1 DAGs
[2025-05-25T08:33:30.706+0000] {logging_mixin.py:188} INFO - [2025-05-25T08:33:30.706+0000] {dag.py:3954} INFO - Setting next_dagrun for latest_only to 2025-05-25 04:00:00+00:00, run_after=2025-05-25 08:00:00+00:00
[2025-05-25T08:33:30.720+0000] {processor.py:183} INFO - Processing /home/airflow/.local/lib/python3.12/site-packages/airflow/example_dags/example_latest_only.py took 0.103 seconds
[2025-05-25T08:34:01.208+0000] {processor.py:161} INFO - Started process (PID=6262) to work on /home/airflow/.local/lib/python3.12/site-packages/airflow/example_dags/example_latest_only.py
[2025-05-25T08:34:01.210+0000] {processor.py:830} INFO - Processing file /home/airflow/.local/lib/python3.12/site-packages/airflow/example_dags/example_latest_only.py for tasks to queue
[2025-05-25T08:34:01.212+0000] {logging_mixin.py:188} INFO - [2025-05-25T08:34:01.211+0000] {dagbag.py:540} INFO - Filling up the DagBag from /home/airflow/.local/lib/python3.12/site-packages/airflow/example_dags/example_latest_only.py
[2025-05-25T08:34:01.225+0000] {processor.py:840} INFO - DAG(s) 'latest_only' retrieved from /home/airflow/.local/lib/python3.12/site-packages/airflow/example_dags/example_latest_only.py
[2025-05-25T08:34:01.246+0000] {logging_mixin.py:188} INFO - [2025-05-25T08:34:01.246+0000] {dag.py:3096} INFO - Sync 1 DAGs
[2025-05-25T08:34:01.262+0000] {logging_mixin.py:188} INFO - [2025-05-25T08:34:01.262+0000] {dag.py:3954} INFO - Setting next_dagrun for latest_only to 2025-05-25 04:00:00+00:00, run_after=2025-05-25 08:00:00+00:00
[2025-05-25T08:34:01.275+0000] {processor.py:183} INFO - Processing /home/airflow/.local/lib/python3.12/site-packages/airflow/example_dags/example_latest_only.py took 0.078 seconds
[2025-05-25T08:34:31.472+0000] {processor.py:161} INFO - Started process (PID=6327) to work on /home/airflow/.local/lib/python3.12/site-packages/airflow/example_dags/example_latest_only.py
[2025-05-25T08:34:31.474+0000] {processor.py:830} INFO - Processing file /home/airflow/.local/lib/python3.12/site-packages/airflow/example_dags/example_latest_only.py for tasks to queue
[2025-05-25T08:34:31.476+0000] {logging_mixin.py:188} INFO - [2025-05-25T08:34:31.475+0000] {dagbag.py:540} INFO - Filling up the DagBag from /home/airflow/.local/lib/python3.12/site-packages/airflow/example_dags/example_latest_only.py
[2025-05-25T08:34:31.482+0000] {processor.py:840} INFO - DAG(s) 'latest_only' retrieved from /home/airflow/.local/lib/python3.12/site-packages/airflow/example_dags/example_latest_only.py
[2025-05-25T08:34:31.504+0000] {logging_mixin.py:188} INFO - [2025-05-25T08:34:31.504+0000] {dag.py:3096} INFO - Sync 1 DAGs
[2025-05-25T08:34:31.517+0000] {logging_mixin.py:188} INFO - [2025-05-25T08:34:31.517+0000] {dag.py:3954} INFO - Setting next_dagrun for latest_only to 2025-05-25 04:00:00+00:00, run_after=2025-05-25 08:00:00+00:00
[2025-05-25T08:34:31.528+0000] {processor.py:183} INFO - Processing /home/airflow/.local/lib/python3.12/site-packages/airflow/example_dags/example_latest_only.py took 0.062 seconds
[2025-05-25T08:35:01.634+0000] {processor.py:161} INFO - Started process (PID=6393) to work on /home/airflow/.local/lib/python3.12/site-packages/airflow/example_dags/example_latest_only.py
[2025-05-25T08:35:01.636+0000] {processor.py:830} INFO - Processing file /home/airflow/.local/lib/python3.12/site-packages/airflow/example_dags/example_latest_only.py for tasks to queue
[2025-05-25T08:35:01.638+0000] {logging_mixin.py:188} INFO - [2025-05-25T08:35:01.637+0000] {dagbag.py:540} INFO - Filling up the DagBag from /home/airflow/.local/lib/python3.12/site-packages/airflow/example_dags/example_latest_only.py
[2025-05-25T08:35:01.660+0000] {processor.py:840} INFO - DAG(s) 'latest_only' retrieved from /home/airflow/.local/lib/python3.12/site-packages/airflow/example_dags/example_latest_only.py
[2025-05-25T08:35:01.689+0000] {logging_mixin.py:188} INFO - [2025-05-25T08:35:01.689+0000] {dag.py:3096} INFO - Sync 1 DAGs
[2025-05-25T08:35:01.709+0000] {logging_mixin.py:188} INFO - [2025-05-25T08:35:01.709+0000] {dag.py:3954} INFO - Setting next_dagrun for latest_only to 2025-05-25 04:00:00+00:00, run_after=2025-05-25 08:00:00+00:00
[2025-05-25T08:35:01.724+0000] {processor.py:183} INFO - Processing /home/airflow/.local/lib/python3.12/site-packages/airflow/example_dags/example_latest_only.py took 0.098 seconds
[2025-05-25T08:35:32.073+0000] {processor.py:161} INFO - Started process (PID=6459) to work on /home/airflow/.local/lib/python3.12/site-packages/airflow/example_dags/example_latest_only.py
[2025-05-25T08:35:32.076+0000] {processor.py:830} INFO - Processing file /home/airflow/.local/lib/python3.12/site-packages/airflow/example_dags/example_latest_only.py for tasks to queue
[2025-05-25T08:35:32.079+0000] {logging_mixin.py:188} INFO - [2025-05-25T08:35:32.078+0000] {dagbag.py:540} INFO - Filling up the DagBag from /home/airflow/.local/lib/python3.12/site-packages/airflow/example_dags/example_latest_only.py
[2025-05-25T08:35:32.093+0000] {processor.py:840} INFO - DAG(s) 'latest_only' retrieved from /home/airflow/.local/lib/python3.12/site-packages/airflow/example_dags/example_latest_only.py
[2025-05-25T08:35:32.118+0000] {logging_mixin.py:188} INFO - [2025-05-25T08:35:32.118+0000] {dag.py:3096} INFO - Sync 1 DAGs
[2025-05-25T08:35:32.145+0000] {logging_mixin.py:188} INFO - [2025-05-25T08:35:32.144+0000] {dag.py:3954} INFO - Setting next_dagrun for latest_only to 2025-05-25 04:00:00+00:00, run_after=2025-05-25 08:00:00+00:00
[2025-05-25T08:35:32.177+0000] {processor.py:183} INFO - Processing /home/airflow/.local/lib/python3.12/site-packages/airflow/example_dags/example_latest_only.py took 0.115 seconds
[2025-05-25T08:36:02.468+0000] {processor.py:161} INFO - Started process (PID=6525) to work on /home/airflow/.local/lib/python3.12/site-packages/airflow/example_dags/example_latest_only.py
[2025-05-25T08:36:02.469+0000] {processor.py:830} INFO - Processing file /home/airflow/.local/lib/python3.12/site-packages/airflow/example_dags/example_latest_only.py for tasks to queue
[2025-05-25T08:36:02.470+0000] {logging_mixin.py:188} INFO - [2025-05-25T08:36:02.470+0000] {dagbag.py:540} INFO - Filling up the DagBag from /home/airflow/.local/lib/python3.12/site-packages/airflow/example_dags/example_latest_only.py
[2025-05-25T08:36:02.478+0000] {processor.py:840} INFO - DAG(s) 'latest_only' retrieved from /home/airflow/.local/lib/python3.12/site-packages/airflow/example_dags/example_latest_only.py
[2025-05-25T08:36:02.499+0000] {logging_mixin.py:188} INFO - [2025-05-25T08:36:02.499+0000] {dag.py:3096} INFO - Sync 1 DAGs
[2025-05-25T08:36:02.531+0000] {logging_mixin.py:188} INFO - [2025-05-25T08:36:02.531+0000] {dag.py:3954} INFO - Setting next_dagrun for latest_only to 2025-05-25 04:00:00+00:00, run_after=2025-05-25 08:00:00+00:00
[2025-05-25T08:36:02.543+0000] {processor.py:183} INFO - Processing /home/airflow/.local/lib/python3.12/site-packages/airflow/example_dags/example_latest_only.py took 0.080 seconds
[2025-05-25T08:36:32.927+0000] {processor.py:161} INFO - Started process (PID=6587) to work on /home/airflow/.local/lib/python3.12/site-packages/airflow/example_dags/example_latest_only.py
[2025-05-25T08:36:32.930+0000] {processor.py:830} INFO - Processing file /home/airflow/.local/lib/python3.12/site-packages/airflow/example_dags/example_latest_only.py for tasks to queue
[2025-05-25T08:36:32.933+0000] {logging_mixin.py:188} INFO - [2025-05-25T08:36:32.932+0000] {dagbag.py:540} INFO - Filling up the DagBag from /home/airflow/.local/lib/python3.12/site-packages/airflow/example_dags/example_latest_only.py
[2025-05-25T08:36:32.953+0000] {processor.py:840} INFO - DAG(s) 'latest_only' retrieved from /home/airflow/.local/lib/python3.12/site-packages/airflow/example_dags/example_latest_only.py
[2025-05-25T08:36:33.004+0000] {logging_mixin.py:188} INFO - [2025-05-25T08:36:33.004+0000] {dag.py:3096} INFO - Sync 1 DAGs
[2025-05-25T08:36:33.029+0000] {logging_mixin.py:188} INFO - [2025-05-25T08:36:33.029+0000] {dag.py:3954} INFO - Setting next_dagrun for latest_only to 2025-05-25 04:00:00+00:00, run_after=2025-05-25 08:00:00+00:00
[2025-05-25T08:36:33.638+0000] {processor.py:183} INFO - Processing /home/airflow/.local/lib/python3.12/site-packages/airflow/example_dags/example_latest_only.py took 0.732 seconds
[2025-05-25T08:37:03.848+0000] {processor.py:161} INFO - Started process (PID=6650) to work on /home/airflow/.local/lib/python3.12/site-packages/airflow/example_dags/example_latest_only.py
[2025-05-25T08:37:03.849+0000] {processor.py:830} INFO - Processing file /home/airflow/.local/lib/python3.12/site-packages/airflow/example_dags/example_latest_only.py for tasks to queue
[2025-05-25T08:37:03.850+0000] {logging_mixin.py:188} INFO - [2025-05-25T08:37:03.850+0000] {dagbag.py:540} INFO - Filling up the DagBag from /home/airflow/.local/lib/python3.12/site-packages/airflow/example_dags/example_latest_only.py
[2025-05-25T08:37:03.855+0000] {processor.py:840} INFO - DAG(s) 'latest_only' retrieved from /home/airflow/.local/lib/python3.12/site-packages/airflow/example_dags/example_latest_only.py
[2025-05-25T08:37:03.882+0000] {logging_mixin.py:188} INFO - [2025-05-25T08:37:03.882+0000] {dag.py:3096} INFO - Sync 1 DAGs
[2025-05-25T08:37:03.895+0000] {logging_mixin.py:188} INFO - [2025-05-25T08:37:03.895+0000] {dag.py:3954} INFO - Setting next_dagrun for latest_only to 2025-05-25 04:00:00+00:00, run_after=2025-05-25 08:00:00+00:00
[2025-05-25T08:37:03.906+0000] {processor.py:183} INFO - Processing /home/airflow/.local/lib/python3.12/site-packages/airflow/example_dags/example_latest_only.py took 0.063 seconds
[2025-05-25T08:37:33.966+0000] {processor.py:161} INFO - Started process (PID=6715) to work on /home/airflow/.local/lib/python3.12/site-packages/airflow/example_dags/example_latest_only.py
[2025-05-25T08:37:33.968+0000] {processor.py:830} INFO - Processing file /home/airflow/.local/lib/python3.12/site-packages/airflow/example_dags/example_latest_only.py for tasks to queue
[2025-05-25T08:37:33.970+0000] {logging_mixin.py:188} INFO - [2025-05-25T08:37:33.969+0000] {dagbag.py:540} INFO - Filling up the DagBag from /home/airflow/.local/lib/python3.12/site-packages/airflow/example_dags/example_latest_only.py
[2025-05-25T08:37:33.982+0000] {processor.py:840} INFO - DAG(s) 'latest_only' retrieved from /home/airflow/.local/lib/python3.12/site-packages/airflow/example_dags/example_latest_only.py
[2025-05-25T08:37:34.005+0000] {logging_mixin.py:188} INFO - [2025-05-25T08:37:34.005+0000] {dag.py:3096} INFO - Sync 1 DAGs
[2025-05-25T08:37:34.028+0000] {logging_mixin.py:188} INFO - [2025-05-25T08:37:34.028+0000] {dag.py:3954} INFO - Setting next_dagrun for latest_only to 2025-05-25 04:00:00+00:00, run_after=2025-05-25 08:00:00+00:00
[2025-05-25T08:37:34.040+0000] {processor.py:183} INFO - Processing /home/airflow/.local/lib/python3.12/site-packages/airflow/example_dags/example_latest_only.py took 0.088 seconds
[2025-05-25T08:38:04.573+0000] {processor.py:161} INFO - Started process (PID=6781) to work on /home/airflow/.local/lib/python3.12/site-packages/airflow/example_dags/example_latest_only.py
[2025-05-25T08:38:04.575+0000] {processor.py:830} INFO - Processing file /home/airflow/.local/lib/python3.12/site-packages/airflow/example_dags/example_latest_only.py for tasks to queue
[2025-05-25T08:38:04.575+0000] {logging_mixin.py:188} INFO - [2025-05-25T08:38:04.575+0000] {dagbag.py:540} INFO - Filling up the DagBag from /home/airflow/.local/lib/python3.12/site-packages/airflow/example_dags/example_latest_only.py
[2025-05-25T08:38:04.582+0000] {processor.py:840} INFO - DAG(s) 'latest_only' retrieved from /home/airflow/.local/lib/python3.12/site-packages/airflow/example_dags/example_latest_only.py
[2025-05-25T08:38:04.602+0000] {logging_mixin.py:188} INFO - [2025-05-25T08:38:04.602+0000] {dag.py:3096} INFO - Sync 1 DAGs
[2025-05-25T08:38:04.614+0000] {logging_mixin.py:188} INFO - [2025-05-25T08:38:04.614+0000] {dag.py:3954} INFO - Setting next_dagrun for latest_only to 2025-05-25 04:00:00+00:00, run_after=2025-05-25 08:00:00+00:00
[2025-05-25T08:38:04.623+0000] {processor.py:183} INFO - Processing /home/airflow/.local/lib/python3.12/site-packages/airflow/example_dags/example_latest_only.py took 0.057 seconds
[2025-05-25T08:38:35.272+0000] {processor.py:161} INFO - Started process (PID=6847) to work on /home/airflow/.local/lib/python3.12/site-packages/airflow/example_dags/example_latest_only.py
[2025-05-25T08:38:35.274+0000] {processor.py:830} INFO - Processing file /home/airflow/.local/lib/python3.12/site-packages/airflow/example_dags/example_latest_only.py for tasks to queue
[2025-05-25T08:38:35.276+0000] {logging_mixin.py:188} INFO - [2025-05-25T08:38:35.275+0000] {dagbag.py:540} INFO - Filling up the DagBag from /home/airflow/.local/lib/python3.12/site-packages/airflow/example_dags/example_latest_only.py
[2025-05-25T08:38:35.286+0000] {processor.py:840} INFO - DAG(s) 'latest_only' retrieved from /home/airflow/.local/lib/python3.12/site-packages/airflow/example_dags/example_latest_only.py
[2025-05-25T08:38:35.308+0000] {logging_mixin.py:188} INFO - [2025-05-25T08:38:35.308+0000] {dag.py:3096} INFO - Sync 1 DAGs
[2025-05-25T08:38:35.319+0000] {logging_mixin.py:188} INFO - [2025-05-25T08:38:35.319+0000] {dag.py:3954} INFO - Setting next_dagrun for latest_only to 2025-05-25 04:00:00+00:00, run_after=2025-05-25 08:00:00+00:00
[2025-05-25T08:38:35.327+0000] {processor.py:183} INFO - Processing /home/airflow/.local/lib/python3.12/site-packages/airflow/example_dags/example_latest_only.py took 0.068 seconds
[2025-05-25T08:39:06.247+0000] {processor.py:161} INFO - Started process (PID=6913) to work on /home/airflow/.local/lib/python3.12/site-packages/airflow/example_dags/example_latest_only.py
[2025-05-25T08:39:06.249+0000] {processor.py:830} INFO - Processing file /home/airflow/.local/lib/python3.12/site-packages/airflow/example_dags/example_latest_only.py for tasks to queue
[2025-05-25T08:39:06.250+0000] {logging_mixin.py:188} INFO - [2025-05-25T08:39:06.249+0000] {dagbag.py:540} INFO - Filling up the DagBag from /home/airflow/.local/lib/python3.12/site-packages/airflow/example_dags/example_latest_only.py
[2025-05-25T08:39:06.261+0000] {processor.py:840} INFO - DAG(s) 'latest_only' retrieved from /home/airflow/.local/lib/python3.12/site-packages/airflow/example_dags/example_latest_only.py
[2025-05-25T08:39:06.284+0000] {logging_mixin.py:188} INFO - [2025-05-25T08:39:06.284+0000] {dag.py:3096} INFO - Sync 1 DAGs
[2025-05-25T08:39:06.299+0000] {logging_mixin.py:188} INFO - [2025-05-25T08:39:06.299+0000] {dag.py:3954} INFO - Setting next_dagrun for latest_only to 2025-05-25 04:00:00+00:00, run_after=2025-05-25 08:00:00+00:00
[2025-05-25T08:39:06.309+0000] {processor.py:183} INFO - Processing /home/airflow/.local/lib/python3.12/site-packages/airflow/example_dags/example_latest_only.py took 0.074 seconds
[2025-05-25T08:39:36.436+0000] {processor.py:161} INFO - Started process (PID=6979) to work on /home/airflow/.local/lib/python3.12/site-packages/airflow/example_dags/example_latest_only.py
[2025-05-25T08:39:36.438+0000] {processor.py:830} INFO - Processing file /home/airflow/.local/lib/python3.12/site-packages/airflow/example_dags/example_latest_only.py for tasks to queue
[2025-05-25T08:39:36.440+0000] {logging_mixin.py:188} INFO - [2025-05-25T08:39:36.440+0000] {dagbag.py:540} INFO - Filling up the DagBag from /home/airflow/.local/lib/python3.12/site-packages/airflow/example_dags/example_latest_only.py
[2025-05-25T08:39:36.463+0000] {processor.py:840} INFO - DAG(s) 'latest_only' retrieved from /home/airflow/.local/lib/python3.12/site-packages/airflow/example_dags/example_latest_only.py
[2025-05-25T08:39:36.502+0000] {logging_mixin.py:188} INFO - [2025-05-25T08:39:36.502+0000] {dag.py:3096} INFO - Sync 1 DAGs
[2025-05-25T08:39:36.533+0000] {logging_mixin.py:188} INFO - [2025-05-25T08:39:36.533+0000] {dag.py:3954} INFO - Setting next_dagrun for latest_only to 2025-05-25 04:00:00+00:00, run_after=2025-05-25 08:00:00+00:00
[2025-05-25T08:39:36.547+0000] {processor.py:183} INFO - Processing /home/airflow/.local/lib/python3.12/site-packages/airflow/example_dags/example_latest_only.py took 0.123 seconds
[2025-05-25T08:40:06.966+0000] {processor.py:161} INFO - Started process (PID=7045) to work on /home/airflow/.local/lib/python3.12/site-packages/airflow/example_dags/example_latest_only.py
[2025-05-25T08:40:06.969+0000] {processor.py:830} INFO - Processing file /home/airflow/.local/lib/python3.12/site-packages/airflow/example_dags/example_latest_only.py for tasks to queue
[2025-05-25T08:40:06.970+0000] {logging_mixin.py:188} INFO - [2025-05-25T08:40:06.969+0000] {dagbag.py:540} INFO - Filling up the DagBag from /home/airflow/.local/lib/python3.12/site-packages/airflow/example_dags/example_latest_only.py
[2025-05-25T08:40:06.990+0000] {processor.py:840} INFO - DAG(s) 'latest_only' retrieved from /home/airflow/.local/lib/python3.12/site-packages/airflow/example_dags/example_latest_only.py
[2025-05-25T08:40:07.015+0000] {logging_mixin.py:188} INFO - [2025-05-25T08:40:07.015+0000] {dag.py:3096} INFO - Sync 1 DAGs
[2025-05-25T08:40:07.027+0000] {logging_mixin.py:188} INFO - [2025-05-25T08:40:07.026+0000] {dag.py:3954} INFO - Setting next_dagrun for latest_only to 2025-05-25 04:00:00+00:00, run_after=2025-05-25 08:00:00+00:00
[2025-05-25T08:40:07.036+0000] {processor.py:183} INFO - Processing /home/airflow/.local/lib/python3.12/site-packages/airflow/example_dags/example_latest_only.py took 0.083 seconds
[2025-05-25T08:40:37.093+0000] {processor.py:161} INFO - Started process (PID=7110) to work on /home/airflow/.local/lib/python3.12/site-packages/airflow/example_dags/example_latest_only.py
[2025-05-25T08:40:37.096+0000] {processor.py:830} INFO - Processing file /home/airflow/.local/lib/python3.12/site-packages/airflow/example_dags/example_latest_only.py for tasks to queue
[2025-05-25T08:40:37.097+0000] {logging_mixin.py:188} INFO - [2025-05-25T08:40:37.097+0000] {dagbag.py:540} INFO - Filling up the DagBag from /home/airflow/.local/lib/python3.12/site-packages/airflow/example_dags/example_latest_only.py
[2025-05-25T08:40:37.111+0000] {processor.py:840} INFO - DAG(s) 'latest_only' retrieved from /home/airflow/.local/lib/python3.12/site-packages/airflow/example_dags/example_latest_only.py
[2025-05-25T08:40:37.134+0000] {logging_mixin.py:188} INFO - [2025-05-25T08:40:37.134+0000] {dag.py:3096} INFO - Sync 1 DAGs
[2025-05-25T08:40:37.146+0000] {logging_mixin.py:188} INFO - [2025-05-25T08:40:37.146+0000] {dag.py:3954} INFO - Setting next_dagrun for latest_only to 2025-05-25 04:00:00+00:00, run_after=2025-05-25 08:00:00+00:00
[2025-05-25T08:40:37.156+0000] {processor.py:183} INFO - Processing /home/airflow/.local/lib/python3.12/site-packages/airflow/example_dags/example_latest_only.py took 0.076 seconds
[2025-05-25T08:41:08.127+0000] {processor.py:161} INFO - Started process (PID=7176) to work on /home/airflow/.local/lib/python3.12/site-packages/airflow/example_dags/example_latest_only.py
[2025-05-25T08:41:08.128+0000] {processor.py:830} INFO - Processing file /home/airflow/.local/lib/python3.12/site-packages/airflow/example_dags/example_latest_only.py for tasks to queue
[2025-05-25T08:41:08.129+0000] {logging_mixin.py:188} INFO - [2025-05-25T08:41:08.129+0000] {dagbag.py:540} INFO - Filling up the DagBag from /home/airflow/.local/lib/python3.12/site-packages/airflow/example_dags/example_latest_only.py
[2025-05-25T08:41:08.137+0000] {processor.py:840} INFO - DAG(s) 'latest_only' retrieved from /home/airflow/.local/lib/python3.12/site-packages/airflow/example_dags/example_latest_only.py
[2025-05-25T08:41:08.165+0000] {logging_mixin.py:188} INFO - [2025-05-25T08:41:08.165+0000] {dag.py:3096} INFO - Sync 1 DAGs
[2025-05-25T08:41:08.180+0000] {logging_mixin.py:188} INFO - [2025-05-25T08:41:08.180+0000] {dag.py:3954} INFO - Setting next_dagrun for latest_only to 2025-05-25 04:00:00+00:00, run_after=2025-05-25 08:00:00+00:00
[2025-05-25T08:41:08.191+0000] {processor.py:183} INFO - Processing /home/airflow/.local/lib/python3.12/site-packages/airflow/example_dags/example_latest_only.py took 0.069 seconds
[2025-05-25T08:41:38.388+0000] {processor.py:161} INFO - Started process (PID=7242) to work on /home/airflow/.local/lib/python3.12/site-packages/airflow/example_dags/example_latest_only.py
[2025-05-25T08:41:38.390+0000] {processor.py:830} INFO - Processing file /home/airflow/.local/lib/python3.12/site-packages/airflow/example_dags/example_latest_only.py for tasks to queue
[2025-05-25T08:41:38.390+0000] {logging_mixin.py:188} INFO - [2025-05-25T08:41:38.390+0000] {dagbag.py:540} INFO - Filling up the DagBag from /home/airflow/.local/lib/python3.12/site-packages/airflow/example_dags/example_latest_only.py
[2025-05-25T08:41:38.396+0000] {processor.py:840} INFO - DAG(s) 'latest_only' retrieved from /home/airflow/.local/lib/python3.12/site-packages/airflow/example_dags/example_latest_only.py
[2025-05-25T08:41:38.410+0000] {logging_mixin.py:188} INFO - [2025-05-25T08:41:38.410+0000] {dag.py:3096} INFO - Sync 1 DAGs
[2025-05-25T08:41:38.421+0000] {logging_mixin.py:188} INFO - [2025-05-25T08:41:38.421+0000] {dag.py:3954} INFO - Setting next_dagrun for latest_only to 2025-05-25 04:00:00+00:00, run_after=2025-05-25 08:00:00+00:00
[2025-05-25T08:41:38.430+0000] {processor.py:183} INFO - Processing /home/airflow/.local/lib/python3.12/site-packages/airflow/example_dags/example_latest_only.py took 0.046 seconds
[2025-05-25T08:42:09.279+0000] {processor.py:161} INFO - Started process (PID=7308) to work on /home/airflow/.local/lib/python3.12/site-packages/airflow/example_dags/example_latest_only.py
[2025-05-25T08:42:09.281+0000] {processor.py:830} INFO - Processing file /home/airflow/.local/lib/python3.12/site-packages/airflow/example_dags/example_latest_only.py for tasks to queue
[2025-05-25T08:42:09.281+0000] {logging_mixin.py:188} INFO - [2025-05-25T08:42:09.281+0000] {dagbag.py:540} INFO - Filling up the DagBag from /home/airflow/.local/lib/python3.12/site-packages/airflow/example_dags/example_latest_only.py
[2025-05-25T08:42:09.287+0000] {processor.py:840} INFO - DAG(s) 'latest_only' retrieved from /home/airflow/.local/lib/python3.12/site-packages/airflow/example_dags/example_latest_only.py
[2025-05-25T08:42:09.301+0000] {logging_mixin.py:188} INFO - [2025-05-25T08:42:09.301+0000] {dag.py:3096} INFO - Sync 1 DAGs
[2025-05-25T08:42:09.312+0000] {logging_mixin.py:188} INFO - [2025-05-25T08:42:09.312+0000] {dag.py:3954} INFO - Setting next_dagrun for latest_only to 2025-05-25 04:00:00+00:00, run_after=2025-05-25 08:00:00+00:00
[2025-05-25T08:42:09.321+0000] {processor.py:183} INFO - Processing /home/airflow/.local/lib/python3.12/site-packages/airflow/example_dags/example_latest_only.py took 0.045 seconds
[2025-05-25T08:42:39.719+0000] {processor.py:161} INFO - Started process (PID=7374) to work on /home/airflow/.local/lib/python3.12/site-packages/airflow/example_dags/example_latest_only.py
[2025-05-25T08:42:39.725+0000] {processor.py:830} INFO - Processing file /home/airflow/.local/lib/python3.12/site-packages/airflow/example_dags/example_latest_only.py for tasks to queue
[2025-05-25T08:42:39.727+0000] {logging_mixin.py:188} INFO - [2025-05-25T08:42:39.726+0000] {dagbag.py:540} INFO - Filling up the DagBag from /home/airflow/.local/lib/python3.12/site-packages/airflow/example_dags/example_latest_only.py
[2025-05-25T08:42:39.754+0000] {processor.py:840} INFO - DAG(s) 'latest_only' retrieved from /home/airflow/.local/lib/python3.12/site-packages/airflow/example_dags/example_latest_only.py
[2025-05-25T08:42:39.799+0000] {logging_mixin.py:188} INFO - [2025-05-25T08:42:39.799+0000] {dag.py:3096} INFO - Sync 1 DAGs
[2025-05-25T08:42:39.825+0000] {logging_mixin.py:188} INFO - [2025-05-25T08:42:39.825+0000] {dag.py:3954} INFO - Setting next_dagrun for latest_only to 2025-05-25 04:00:00+00:00, run_after=2025-05-25 08:00:00+00:00
[2025-05-25T08:42:39.851+0000] {processor.py:183} INFO - Processing /home/airflow/.local/lib/python3.12/site-packages/airflow/example_dags/example_latest_only.py took 0.149 seconds
[2025-05-25T08:43:10.160+0000] {processor.py:161} INFO - Started process (PID=7440) to work on /home/airflow/.local/lib/python3.12/site-packages/airflow/example_dags/example_latest_only.py
[2025-05-25T08:43:10.163+0000] {processor.py:830} INFO - Processing file /home/airflow/.local/lib/python3.12/site-packages/airflow/example_dags/example_latest_only.py for tasks to queue
[2025-05-25T08:43:10.165+0000] {logging_mixin.py:188} INFO - [2025-05-25T08:43:10.164+0000] {dagbag.py:540} INFO - Filling up the DagBag from /home/airflow/.local/lib/python3.12/site-packages/airflow/example_dags/example_latest_only.py
[2025-05-25T08:43:10.183+0000] {processor.py:840} INFO - DAG(s) 'latest_only' retrieved from /home/airflow/.local/lib/python3.12/site-packages/airflow/example_dags/example_latest_only.py
[2025-05-25T08:43:10.222+0000] {logging_mixin.py:188} INFO - [2025-05-25T08:43:10.222+0000] {dag.py:3096} INFO - Sync 1 DAGs
[2025-05-25T08:43:10.245+0000] {logging_mixin.py:188} INFO - [2025-05-25T08:43:10.244+0000] {dag.py:3954} INFO - Setting next_dagrun for latest_only to 2025-05-25 04:00:00+00:00, run_after=2025-05-25 08:00:00+00:00
[2025-05-25T08:43:10.260+0000] {processor.py:183} INFO - Processing /home/airflow/.local/lib/python3.12/site-packages/airflow/example_dags/example_latest_only.py took 0.120 seconds
[2025-05-25T08:43:40.886+0000] {processor.py:161} INFO - Started process (PID=7506) to work on /home/airflow/.local/lib/python3.12/site-packages/airflow/example_dags/example_latest_only.py
[2025-05-25T08:43:40.887+0000] {processor.py:830} INFO - Processing file /home/airflow/.local/lib/python3.12/site-packages/airflow/example_dags/example_latest_only.py for tasks to queue
[2025-05-25T08:43:40.888+0000] {logging_mixin.py:188} INFO - [2025-05-25T08:43:40.888+0000] {dagbag.py:540} INFO - Filling up the DagBag from /home/airflow/.local/lib/python3.12/site-packages/airflow/example_dags/example_latest_only.py
[2025-05-25T08:43:40.893+0000] {processor.py:840} INFO - DAG(s) 'latest_only' retrieved from /home/airflow/.local/lib/python3.12/site-packages/airflow/example_dags/example_latest_only.py
[2025-05-25T08:43:40.906+0000] {logging_mixin.py:188} INFO - [2025-05-25T08:43:40.906+0000] {dag.py:3096} INFO - Sync 1 DAGs
[2025-05-25T08:43:40.918+0000] {logging_mixin.py:188} INFO - [2025-05-25T08:43:40.918+0000] {dag.py:3954} INFO - Setting next_dagrun for latest_only to 2025-05-25 04:00:00+00:00, run_after=2025-05-25 08:00:00+00:00
[2025-05-25T08:43:40.927+0000] {processor.py:183} INFO - Processing /home/airflow/.local/lib/python3.12/site-packages/airflow/example_dags/example_latest_only.py took 0.047 seconds
[2025-05-25T08:44:11.100+0000] {processor.py:161} INFO - Started process (PID=7572) to work on /home/airflow/.local/lib/python3.12/site-packages/airflow/example_dags/example_latest_only.py
[2025-05-25T08:44:11.102+0000] {processor.py:830} INFO - Processing file /home/airflow/.local/lib/python3.12/site-packages/airflow/example_dags/example_latest_only.py for tasks to queue
[2025-05-25T08:44:11.103+0000] {logging_mixin.py:188} INFO - [2025-05-25T08:44:11.103+0000] {dagbag.py:540} INFO - Filling up the DagBag from /home/airflow/.local/lib/python3.12/site-packages/airflow/example_dags/example_latest_only.py
[2025-05-25T08:44:11.108+0000] {processor.py:840} INFO - DAG(s) 'latest_only' retrieved from /home/airflow/.local/lib/python3.12/site-packages/airflow/example_dags/example_latest_only.py
[2025-05-25T08:44:11.123+0000] {logging_mixin.py:188} INFO - [2025-05-25T08:44:11.123+0000] {dag.py:3096} INFO - Sync 1 DAGs
[2025-05-25T08:44:11.135+0000] {logging_mixin.py:188} INFO - [2025-05-25T08:44:11.135+0000] {dag.py:3954} INFO - Setting next_dagrun for latest_only to 2025-05-25 04:00:00+00:00, run_after=2025-05-25 08:00:00+00:00
[2025-05-25T08:44:11.144+0000] {processor.py:183} INFO - Processing /home/airflow/.local/lib/python3.12/site-packages/airflow/example_dags/example_latest_only.py took 0.049 seconds
[2025-05-25T08:44:41.388+0000] {processor.py:161} INFO - Started process (PID=7638) to work on /home/airflow/.local/lib/python3.12/site-packages/airflow/example_dags/example_latest_only.py
[2025-05-25T08:44:41.390+0000] {processor.py:830} INFO - Processing file /home/airflow/.local/lib/python3.12/site-packages/airflow/example_dags/example_latest_only.py for tasks to queue
[2025-05-25T08:44:41.391+0000] {logging_mixin.py:188} INFO - [2025-05-25T08:44:41.391+0000] {dagbag.py:540} INFO - Filling up the DagBag from /home/airflow/.local/lib/python3.12/site-packages/airflow/example_dags/example_latest_only.py
[2025-05-25T08:44:41.398+0000] {processor.py:840} INFO - DAG(s) 'latest_only' retrieved from /home/airflow/.local/lib/python3.12/site-packages/airflow/example_dags/example_latest_only.py
[2025-05-25T08:44:41.416+0000] {logging_mixin.py:188} INFO - [2025-05-25T08:44:41.416+0000] {dag.py:3096} INFO - Sync 1 DAGs
[2025-05-25T08:44:41.439+0000] {logging_mixin.py:188} INFO - [2025-05-25T08:44:41.439+0000] {dag.py:3954} INFO - Setting next_dagrun for latest_only to 2025-05-25 04:00:00+00:00, run_after=2025-05-25 08:00:00+00:00
[2025-05-25T08:44:41.450+0000] {processor.py:183} INFO - Processing /home/airflow/.local/lib/python3.12/site-packages/airflow/example_dags/example_latest_only.py took 0.077 seconds
[2025-05-25T08:45:11.765+0000] {processor.py:161} INFO - Started process (PID=7700) to work on /home/airflow/.local/lib/python3.12/site-packages/airflow/example_dags/example_latest_only.py
[2025-05-25T08:45:11.769+0000] {processor.py:830} INFO - Processing file /home/airflow/.local/lib/python3.12/site-packages/airflow/example_dags/example_latest_only.py for tasks to queue
[2025-05-25T08:45:11.771+0000] {logging_mixin.py:188} INFO - [2025-05-25T08:45:11.770+0000] {dagbag.py:540} INFO - Filling up the DagBag from /home/airflow/.local/lib/python3.12/site-packages/airflow/example_dags/example_latest_only.py
[2025-05-25T08:45:11.780+0000] {processor.py:840} INFO - DAG(s) 'latest_only' retrieved from /home/airflow/.local/lib/python3.12/site-packages/airflow/example_dags/example_latest_only.py
[2025-05-25T08:45:11.819+0000] {logging_mixin.py:188} INFO - [2025-05-25T08:45:11.819+0000] {dag.py:3096} INFO - Sync 1 DAGs
[2025-05-25T08:45:11.855+0000] {logging_mixin.py:188} INFO - [2025-05-25T08:45:11.855+0000] {dag.py:3954} INFO - Setting next_dagrun for latest_only to 2025-05-25 04:00:00+00:00, run_after=2025-05-25 08:00:00+00:00
[2025-05-25T08:45:11.871+0000] {processor.py:183} INFO - Processing /home/airflow/.local/lib/python3.12/site-packages/airflow/example_dags/example_latest_only.py took 0.117 seconds
[2025-05-25T08:45:42.357+0000] {processor.py:161} INFO - Started process (PID=7762) to work on /home/airflow/.local/lib/python3.12/site-packages/airflow/example_dags/example_latest_only.py
[2025-05-25T08:45:42.359+0000] {processor.py:830} INFO - Processing file /home/airflow/.local/lib/python3.12/site-packages/airflow/example_dags/example_latest_only.py for tasks to queue
[2025-05-25T08:45:42.360+0000] {logging_mixin.py:188} INFO - [2025-05-25T08:45:42.360+0000] {dagbag.py:540} INFO - Filling up the DagBag from /home/airflow/.local/lib/python3.12/site-packages/airflow/example_dags/example_latest_only.py
[2025-05-25T08:45:42.377+0000] {processor.py:840} INFO - DAG(s) 'latest_only' retrieved from /home/airflow/.local/lib/python3.12/site-packages/airflow/example_dags/example_latest_only.py
[2025-05-25T08:45:42.417+0000] {logging_mixin.py:188} INFO - [2025-05-25T08:45:42.416+0000] {dag.py:3096} INFO - Sync 1 DAGs
[2025-05-25T08:45:42.438+0000] {logging_mixin.py:188} INFO - [2025-05-25T08:45:42.438+0000] {dag.py:3954} INFO - Setting next_dagrun for latest_only to 2025-05-25 04:00:00+00:00, run_after=2025-05-25 08:00:00+00:00
[2025-05-25T08:45:42.452+0000] {processor.py:183} INFO - Processing /home/airflow/.local/lib/python3.12/site-packages/airflow/example_dags/example_latest_only.py took 0.109 seconds
[2025-05-25T08:46:13.407+0000] {processor.py:161} INFO - Started process (PID=7834) to work on /home/airflow/.local/lib/python3.12/site-packages/airflow/example_dags/example_latest_only.py
[2025-05-25T08:46:13.408+0000] {processor.py:830} INFO - Processing file /home/airflow/.local/lib/python3.12/site-packages/airflow/example_dags/example_latest_only.py for tasks to queue
[2025-05-25T08:46:13.409+0000] {logging_mixin.py:188} INFO - [2025-05-25T08:46:13.409+0000] {dagbag.py:540} INFO - Filling up the DagBag from /home/airflow/.local/lib/python3.12/site-packages/airflow/example_dags/example_latest_only.py
[2025-05-25T08:46:13.414+0000] {processor.py:840} INFO - DAG(s) 'latest_only' retrieved from /home/airflow/.local/lib/python3.12/site-packages/airflow/example_dags/example_latest_only.py
[2025-05-25T08:46:13.428+0000] {logging_mixin.py:188} INFO - [2025-05-25T08:46:13.428+0000] {dag.py:3096} INFO - Sync 1 DAGs
[2025-05-25T08:46:13.439+0000] {logging_mixin.py:188} INFO - [2025-05-25T08:46:13.439+0000] {dag.py:3954} INFO - Setting next_dagrun for latest_only to 2025-05-25 04:00:00+00:00, run_after=2025-05-25 08:00:00+00:00
[2025-05-25T08:46:13.448+0000] {processor.py:183} INFO - Processing /home/airflow/.local/lib/python3.12/site-packages/airflow/example_dags/example_latest_only.py took 0.047 seconds
[2025-05-25T08:46:43.511+0000] {processor.py:161} INFO - Started process (PID=7900) to work on /home/airflow/.local/lib/python3.12/site-packages/airflow/example_dags/example_latest_only.py
[2025-05-25T08:46:43.512+0000] {processor.py:830} INFO - Processing file /home/airflow/.local/lib/python3.12/site-packages/airflow/example_dags/example_latest_only.py for tasks to queue
[2025-05-25T08:46:43.513+0000] {logging_mixin.py:188} INFO - [2025-05-25T08:46:43.512+0000] {dagbag.py:540} INFO - Filling up the DagBag from /home/airflow/.local/lib/python3.12/site-packages/airflow/example_dags/example_latest_only.py
[2025-05-25T08:46:43.519+0000] {processor.py:840} INFO - DAG(s) 'latest_only' retrieved from /home/airflow/.local/lib/python3.12/site-packages/airflow/example_dags/example_latest_only.py
[2025-05-25T08:46:43.537+0000] {logging_mixin.py:188} INFO - [2025-05-25T08:46:43.537+0000] {dag.py:3096} INFO - Sync 1 DAGs
[2025-05-25T08:46:43.552+0000] {logging_mixin.py:188} INFO - [2025-05-25T08:46:43.552+0000] {dag.py:3954} INFO - Setting next_dagrun for latest_only to 2025-05-25 04:00:00+00:00, run_after=2025-05-25 08:00:00+00:00
[2025-05-25T08:46:43.563+0000] {processor.py:183} INFO - Processing /home/airflow/.local/lib/python3.12/site-packages/airflow/example_dags/example_latest_only.py took 0.058 seconds
[2025-05-25T08:47:13.816+0000] {processor.py:161} INFO - Started process (PID=7965) to work on /home/airflow/.local/lib/python3.12/site-packages/airflow/example_dags/example_latest_only.py
[2025-05-25T08:47:13.819+0000] {processor.py:830} INFO - Processing file /home/airflow/.local/lib/python3.12/site-packages/airflow/example_dags/example_latest_only.py for tasks to queue
[2025-05-25T08:47:13.820+0000] {logging_mixin.py:188} INFO - [2025-05-25T08:47:13.820+0000] {dagbag.py:540} INFO - Filling up the DagBag from /home/airflow/.local/lib/python3.12/site-packages/airflow/example_dags/example_latest_only.py
[2025-05-25T08:47:13.857+0000] {processor.py:840} INFO - DAG(s) 'latest_only' retrieved from /home/airflow/.local/lib/python3.12/site-packages/airflow/example_dags/example_latest_only.py
[2025-05-25T08:47:13.898+0000] {logging_mixin.py:188} INFO - [2025-05-25T08:47:13.898+0000] {dag.py:3096} INFO - Sync 1 DAGs
[2025-05-25T08:47:13.935+0000] {logging_mixin.py:188} INFO - [2025-05-25T08:47:13.935+0000] {dag.py:3954} INFO - Setting next_dagrun for latest_only to 2025-05-25 04:00:00+00:00, run_after=2025-05-25 08:00:00+00:00
[2025-05-25T08:47:13.958+0000] {processor.py:183} INFO - Processing /home/airflow/.local/lib/python3.12/site-packages/airflow/example_dags/example_latest_only.py took 0.160 seconds
[2025-05-25T08:47:44.191+0000] {processor.py:161} INFO - Started process (PID=8031) to work on /home/airflow/.local/lib/python3.12/site-packages/airflow/example_dags/example_latest_only.py
[2025-05-25T08:47:44.193+0000] {processor.py:830} INFO - Processing file /home/airflow/.local/lib/python3.12/site-packages/airflow/example_dags/example_latest_only.py for tasks to queue
[2025-05-25T08:47:44.195+0000] {logging_mixin.py:188} INFO - [2025-05-25T08:47:44.194+0000] {dagbag.py:540} INFO - Filling up the DagBag from /home/airflow/.local/lib/python3.12/site-packages/airflow/example_dags/example_latest_only.py
[2025-05-25T08:47:44.208+0000] {processor.py:840} INFO - DAG(s) 'latest_only' retrieved from /home/airflow/.local/lib/python3.12/site-packages/airflow/example_dags/example_latest_only.py
[2025-05-25T08:47:44.230+0000] {logging_mixin.py:188} INFO - [2025-05-25T08:47:44.230+0000] {dag.py:3096} INFO - Sync 1 DAGs
[2025-05-25T08:47:44.245+0000] {logging_mixin.py:188} INFO - [2025-05-25T08:47:44.245+0000] {dag.py:3954} INFO - Setting next_dagrun for latest_only to 2025-05-25 04:00:00+00:00, run_after=2025-05-25 08:00:00+00:00
[2025-05-25T08:47:44.255+0000] {processor.py:183} INFO - Processing /home/airflow/.local/lib/python3.12/site-packages/airflow/example_dags/example_latest_only.py took 0.073 seconds
[2025-05-25T08:48:14.656+0000] {processor.py:161} INFO - Started process (PID=8097) to work on /home/airflow/.local/lib/python3.12/site-packages/airflow/example_dags/example_latest_only.py
[2025-05-25T08:48:14.662+0000] {processor.py:830} INFO - Processing file /home/airflow/.local/lib/python3.12/site-packages/airflow/example_dags/example_latest_only.py for tasks to queue
[2025-05-25T08:48:14.664+0000] {logging_mixin.py:188} INFO - [2025-05-25T08:48:14.663+0000] {dagbag.py:540} INFO - Filling up the DagBag from /home/airflow/.local/lib/python3.12/site-packages/airflow/example_dags/example_latest_only.py
[2025-05-25T08:48:14.676+0000] {processor.py:840} INFO - DAG(s) 'latest_only' retrieved from /home/airflow/.local/lib/python3.12/site-packages/airflow/example_dags/example_latest_only.py
[2025-05-25T08:48:14.703+0000] {logging_mixin.py:188} INFO - [2025-05-25T08:48:14.703+0000] {dag.py:3096} INFO - Sync 1 DAGs
[2025-05-25T08:48:14.719+0000] {logging_mixin.py:188} INFO - [2025-05-25T08:48:14.718+0000] {dag.py:3954} INFO - Setting next_dagrun for latest_only to 2025-05-25 04:00:00+00:00, run_after=2025-05-25 08:00:00+00:00
[2025-05-25T08:48:14.731+0000] {processor.py:183} INFO - Processing /home/airflow/.local/lib/python3.12/site-packages/airflow/example_dags/example_latest_only.py took 0.088 seconds
[2025-05-25T08:48:44.847+0000] {processor.py:161} INFO - Started process (PID=8163) to work on /home/airflow/.local/lib/python3.12/site-packages/airflow/example_dags/example_latest_only.py
[2025-05-25T08:48:44.850+0000] {processor.py:830} INFO - Processing file /home/airflow/.local/lib/python3.12/site-packages/airflow/example_dags/example_latest_only.py for tasks to queue
[2025-05-25T08:48:44.851+0000] {logging_mixin.py:188} INFO - [2025-05-25T08:48:44.851+0000] {dagbag.py:540} INFO - Filling up the DagBag from /home/airflow/.local/lib/python3.12/site-packages/airflow/example_dags/example_latest_only.py
[2025-05-25T08:48:44.860+0000] {processor.py:840} INFO - DAG(s) 'latest_only' retrieved from /home/airflow/.local/lib/python3.12/site-packages/airflow/example_dags/example_latest_only.py
[2025-05-25T08:48:44.876+0000] {logging_mixin.py:188} INFO - [2025-05-25T08:48:44.876+0000] {dag.py:3096} INFO - Sync 1 DAGs
[2025-05-25T08:48:44.888+0000] {logging_mixin.py:188} INFO - [2025-05-25T08:48:44.888+0000] {dag.py:3954} INFO - Setting next_dagrun for latest_only to 2025-05-25 04:00:00+00:00, run_after=2025-05-25 08:00:00+00:00
[2025-05-25T08:48:44.896+0000] {processor.py:183} INFO - Processing /home/airflow/.local/lib/python3.12/site-packages/airflow/example_dags/example_latest_only.py took 0.059 seconds
[2025-05-25T08:49:15.537+0000] {processor.py:161} INFO - Started process (PID=8229) to work on /home/airflow/.local/lib/python3.12/site-packages/airflow/example_dags/example_latest_only.py
[2025-05-25T08:49:15.540+0000] {processor.py:830} INFO - Processing file /home/airflow/.local/lib/python3.12/site-packages/airflow/example_dags/example_latest_only.py for tasks to queue
[2025-05-25T08:49:15.542+0000] {logging_mixin.py:188} INFO - [2025-05-25T08:49:15.542+0000] {dagbag.py:540} INFO - Filling up the DagBag from /home/airflow/.local/lib/python3.12/site-packages/airflow/example_dags/example_latest_only.py
[2025-05-25T08:49:15.560+0000] {processor.py:840} INFO - DAG(s) 'latest_only' retrieved from /home/airflow/.local/lib/python3.12/site-packages/airflow/example_dags/example_latest_only.py
[2025-05-25T08:49:15.585+0000] {logging_mixin.py:188} INFO - [2025-05-25T08:49:15.584+0000] {dag.py:3096} INFO - Sync 1 DAGs
[2025-05-25T08:49:15.599+0000] {logging_mixin.py:188} INFO - [2025-05-25T08:49:15.599+0000] {dag.py:3954} INFO - Setting next_dagrun for latest_only to 2025-05-25 04:00:00+00:00, run_after=2025-05-25 08:00:00+00:00
[2025-05-25T08:49:15.611+0000] {processor.py:183} INFO - Processing /home/airflow/.local/lib/python3.12/site-packages/airflow/example_dags/example_latest_only.py took 0.091 seconds
[2025-05-25T08:49:45.717+0000] {processor.py:161} INFO - Started process (PID=8295) to work on /home/airflow/.local/lib/python3.12/site-packages/airflow/example_dags/example_latest_only.py
[2025-05-25T08:49:45.719+0000] {processor.py:830} INFO - Processing file /home/airflow/.local/lib/python3.12/site-packages/airflow/example_dags/example_latest_only.py for tasks to queue
[2025-05-25T08:49:45.720+0000] {logging_mixin.py:188} INFO - [2025-05-25T08:49:45.719+0000] {dagbag.py:540} INFO - Filling up the DagBag from /home/airflow/.local/lib/python3.12/site-packages/airflow/example_dags/example_latest_only.py
[2025-05-25T08:49:45.728+0000] {processor.py:840} INFO - DAG(s) 'latest_only' retrieved from /home/airflow/.local/lib/python3.12/site-packages/airflow/example_dags/example_latest_only.py
[2025-05-25T08:49:45.758+0000] {logging_mixin.py:188} INFO - [2025-05-25T08:49:45.758+0000] {dag.py:3096} INFO - Sync 1 DAGs
[2025-05-25T08:49:45.774+0000] {logging_mixin.py:188} INFO - [2025-05-25T08:49:45.773+0000] {dag.py:3954} INFO - Setting next_dagrun for latest_only to 2025-05-25 04:00:00+00:00, run_after=2025-05-25 08:00:00+00:00
[2025-05-25T08:49:45.786+0000] {processor.py:183} INFO - Processing /home/airflow/.local/lib/python3.12/site-packages/airflow/example_dags/example_latest_only.py took 0.076 seconds
[2025-05-25T08:50:15.874+0000] {processor.py:161} INFO - Started process (PID=8361) to work on /home/airflow/.local/lib/python3.12/site-packages/airflow/example_dags/example_latest_only.py
[2025-05-25T08:50:15.875+0000] {processor.py:830} INFO - Processing file /home/airflow/.local/lib/python3.12/site-packages/airflow/example_dags/example_latest_only.py for tasks to queue
[2025-05-25T08:50:15.876+0000] {logging_mixin.py:188} INFO - [2025-05-25T08:50:15.875+0000] {dagbag.py:540} INFO - Filling up the DagBag from /home/airflow/.local/lib/python3.12/site-packages/airflow/example_dags/example_latest_only.py
[2025-05-25T08:50:15.883+0000] {processor.py:840} INFO - DAG(s) 'latest_only' retrieved from /home/airflow/.local/lib/python3.12/site-packages/airflow/example_dags/example_latest_only.py
[2025-05-25T08:50:15.903+0000] {logging_mixin.py:188} INFO - [2025-05-25T08:50:15.902+0000] {dag.py:3096} INFO - Sync 1 DAGs
[2025-05-25T08:50:15.912+0000] {logging_mixin.py:188} INFO - [2025-05-25T08:50:15.912+0000] {dag.py:3954} INFO - Setting next_dagrun for latest_only to 2025-05-25 04:00:00+00:00, run_after=2025-05-25 08:00:00+00:00
[2025-05-25T08:50:15.921+0000] {processor.py:183} INFO - Processing /home/airflow/.local/lib/python3.12/site-packages/airflow/example_dags/example_latest_only.py took 0.054 seconds
[2025-05-25T08:50:46.470+0000] {processor.py:161} INFO - Started process (PID=8427) to work on /home/airflow/.local/lib/python3.12/site-packages/airflow/example_dags/example_latest_only.py
[2025-05-25T08:50:46.471+0000] {processor.py:830} INFO - Processing file /home/airflow/.local/lib/python3.12/site-packages/airflow/example_dags/example_latest_only.py for tasks to queue
[2025-05-25T08:50:46.472+0000] {logging_mixin.py:188} INFO - [2025-05-25T08:50:46.472+0000] {dagbag.py:540} INFO - Filling up the DagBag from /home/airflow/.local/lib/python3.12/site-packages/airflow/example_dags/example_latest_only.py
[2025-05-25T08:50:46.479+0000] {processor.py:840} INFO - DAG(s) 'latest_only' retrieved from /home/airflow/.local/lib/python3.12/site-packages/airflow/example_dags/example_latest_only.py
[2025-05-25T08:50:46.492+0000] {logging_mixin.py:188} INFO - [2025-05-25T08:50:46.491+0000] {dag.py:3096} INFO - Sync 1 DAGs
[2025-05-25T08:50:46.503+0000] {logging_mixin.py:188} INFO - [2025-05-25T08:50:46.502+0000] {dag.py:3954} INFO - Setting next_dagrun for latest_only to 2025-05-25 04:00:00+00:00, run_after=2025-05-25 08:00:00+00:00
[2025-05-25T08:50:46.510+0000] {processor.py:183} INFO - Processing /home/airflow/.local/lib/python3.12/site-packages/airflow/example_dags/example_latest_only.py took 0.048 seconds
[2025-05-25T08:51:16.685+0000] {processor.py:161} INFO - Started process (PID=8493) to work on /home/airflow/.local/lib/python3.12/site-packages/airflow/example_dags/example_latest_only.py
[2025-05-25T08:51:16.685+0000] {processor.py:830} INFO - Processing file /home/airflow/.local/lib/python3.12/site-packages/airflow/example_dags/example_latest_only.py for tasks to queue
[2025-05-25T08:51:16.686+0000] {logging_mixin.py:188} INFO - [2025-05-25T08:51:16.685+0000] {dagbag.py:540} INFO - Filling up the DagBag from /home/airflow/.local/lib/python3.12/site-packages/airflow/example_dags/example_latest_only.py
[2025-05-25T08:51:16.688+0000] {processor.py:840} INFO - DAG(s) 'latest_only' retrieved from /home/airflow/.local/lib/python3.12/site-packages/airflow/example_dags/example_latest_only.py
[2025-05-25T08:51:16.699+0000] {logging_mixin.py:188} INFO - [2025-05-25T08:51:16.699+0000] {dag.py:3096} INFO - Sync 1 DAGs
[2025-05-25T08:51:16.708+0000] {logging_mixin.py:188} INFO - [2025-05-25T08:51:16.708+0000] {dag.py:3954} INFO - Setting next_dagrun for latest_only to 2025-05-25 04:00:00+00:00, run_after=2025-05-25 08:00:00+00:00
[2025-05-25T08:51:16.717+0000] {processor.py:183} INFO - Processing /home/airflow/.local/lib/python3.12/site-packages/airflow/example_dags/example_latest_only.py took 0.035 seconds
[2025-05-25T08:51:46.987+0000] {processor.py:161} INFO - Started process (PID=8559) to work on /home/airflow/.local/lib/python3.12/site-packages/airflow/example_dags/example_latest_only.py
[2025-05-25T08:51:46.988+0000] {processor.py:830} INFO - Processing file /home/airflow/.local/lib/python3.12/site-packages/airflow/example_dags/example_latest_only.py for tasks to queue
[2025-05-25T08:51:46.989+0000] {logging_mixin.py:188} INFO - [2025-05-25T08:51:46.989+0000] {dagbag.py:540} INFO - Filling up the DagBag from /home/airflow/.local/lib/python3.12/site-packages/airflow/example_dags/example_latest_only.py
[2025-05-25T08:51:46.996+0000] {processor.py:840} INFO - DAG(s) 'latest_only' retrieved from /home/airflow/.local/lib/python3.12/site-packages/airflow/example_dags/example_latest_only.py
[2025-05-25T08:51:47.010+0000] {logging_mixin.py:188} INFO - [2025-05-25T08:51:47.010+0000] {dag.py:3096} INFO - Sync 1 DAGs
[2025-05-25T08:51:47.020+0000] {logging_mixin.py:188} INFO - [2025-05-25T08:51:47.020+0000] {dag.py:3954} INFO - Setting next_dagrun for latest_only to 2025-05-25 04:00:00+00:00, run_after=2025-05-25 08:00:00+00:00
[2025-05-25T08:51:47.028+0000] {processor.py:183} INFO - Processing /home/airflow/.local/lib/python3.12/site-packages/airflow/example_dags/example_latest_only.py took 0.048 seconds
[2025-05-25T08:52:17.533+0000] {processor.py:161} INFO - Started process (PID=8625) to work on /home/airflow/.local/lib/python3.12/site-packages/airflow/example_dags/example_latest_only.py
[2025-05-25T08:52:17.534+0000] {processor.py:830} INFO - Processing file /home/airflow/.local/lib/python3.12/site-packages/airflow/example_dags/example_latest_only.py for tasks to queue
[2025-05-25T08:52:17.535+0000] {logging_mixin.py:188} INFO - [2025-05-25T08:52:17.534+0000] {dagbag.py:540} INFO - Filling up the DagBag from /home/airflow/.local/lib/python3.12/site-packages/airflow/example_dags/example_latest_only.py
[2025-05-25T08:52:17.542+0000] {processor.py:840} INFO - DAG(s) 'latest_only' retrieved from /home/airflow/.local/lib/python3.12/site-packages/airflow/example_dags/example_latest_only.py
[2025-05-25T08:52:17.563+0000] {logging_mixin.py:188} INFO - [2025-05-25T08:52:17.563+0000] {dag.py:3096} INFO - Sync 1 DAGs
[2025-05-25T08:52:17.574+0000] {logging_mixin.py:188} INFO - [2025-05-25T08:52:17.574+0000] {dag.py:3954} INFO - Setting next_dagrun for latest_only to 2025-05-25 04:00:00+00:00, run_after=2025-05-25 08:00:00+00:00
[2025-05-25T08:52:17.581+0000] {processor.py:183} INFO - Processing /home/airflow/.local/lib/python3.12/site-packages/airflow/example_dags/example_latest_only.py took 0.056 seconds
[2025-05-25T08:52:47.991+0000] {processor.py:161} INFO - Started process (PID=8691) to work on /home/airflow/.local/lib/python3.12/site-packages/airflow/example_dags/example_latest_only.py
[2025-05-25T08:52:47.992+0000] {processor.py:830} INFO - Processing file /home/airflow/.local/lib/python3.12/site-packages/airflow/example_dags/example_latest_only.py for tasks to queue
[2025-05-25T08:52:47.993+0000] {logging_mixin.py:188} INFO - [2025-05-25T08:52:47.992+0000] {dagbag.py:540} INFO - Filling up the DagBag from /home/airflow/.local/lib/python3.12/site-packages/airflow/example_dags/example_latest_only.py
[2025-05-25T08:52:47.997+0000] {processor.py:840} INFO - DAG(s) 'latest_only' retrieved from /home/airflow/.local/lib/python3.12/site-packages/airflow/example_dags/example_latest_only.py
[2025-05-25T08:52:48.009+0000] {logging_mixin.py:188} INFO - [2025-05-25T08:52:48.009+0000] {dag.py:3096} INFO - Sync 1 DAGs
[2025-05-25T08:52:48.020+0000] {logging_mixin.py:188} INFO - [2025-05-25T08:52:48.020+0000] {dag.py:3954} INFO - Setting next_dagrun for latest_only to 2025-05-25 04:00:00+00:00, run_after=2025-05-25 08:00:00+00:00
[2025-05-25T08:52:48.028+0000] {processor.py:183} INFO - Processing /home/airflow/.local/lib/python3.12/site-packages/airflow/example_dags/example_latest_only.py took 0.044 seconds
[2025-05-25T08:53:18.429+0000] {processor.py:161} INFO - Started process (PID=8757) to work on /home/airflow/.local/lib/python3.12/site-packages/airflow/example_dags/example_latest_only.py
[2025-05-25T08:53:18.430+0000] {processor.py:830} INFO - Processing file /home/airflow/.local/lib/python3.12/site-packages/airflow/example_dags/example_latest_only.py for tasks to queue
[2025-05-25T08:53:18.431+0000] {logging_mixin.py:188} INFO - [2025-05-25T08:53:18.430+0000] {dagbag.py:540} INFO - Filling up the DagBag from /home/airflow/.local/lib/python3.12/site-packages/airflow/example_dags/example_latest_only.py
[2025-05-25T08:53:18.435+0000] {processor.py:840} INFO - DAG(s) 'latest_only' retrieved from /home/airflow/.local/lib/python3.12/site-packages/airflow/example_dags/example_latest_only.py
[2025-05-25T08:53:18.450+0000] {logging_mixin.py:188} INFO - [2025-05-25T08:53:18.449+0000] {dag.py:3096} INFO - Sync 1 DAGs
[2025-05-25T08:53:18.464+0000] {logging_mixin.py:188} INFO - [2025-05-25T08:53:18.464+0000] {dag.py:3954} INFO - Setting next_dagrun for latest_only to 2025-05-25 04:00:00+00:00, run_after=2025-05-25 08:00:00+00:00
[2025-05-25T08:53:18.476+0000] {processor.py:183} INFO - Processing /home/airflow/.local/lib/python3.12/site-packages/airflow/example_dags/example_latest_only.py took 0.050 seconds
[2025-05-25T08:53:48.927+0000] {processor.py:161} INFO - Started process (PID=8819) to work on /home/airflow/.local/lib/python3.12/site-packages/airflow/example_dags/example_latest_only.py
[2025-05-25T08:53:48.927+0000] {processor.py:830} INFO - Processing file /home/airflow/.local/lib/python3.12/site-packages/airflow/example_dags/example_latest_only.py for tasks to queue
[2025-05-25T08:53:48.928+0000] {logging_mixin.py:188} INFO - [2025-05-25T08:53:48.928+0000] {dagbag.py:540} INFO - Filling up the DagBag from /home/airflow/.local/lib/python3.12/site-packages/airflow/example_dags/example_latest_only.py
[2025-05-25T08:53:48.932+0000] {processor.py:840} INFO - DAG(s) 'latest_only' retrieved from /home/airflow/.local/lib/python3.12/site-packages/airflow/example_dags/example_latest_only.py
[2025-05-25T08:53:48.947+0000] {logging_mixin.py:188} INFO - [2025-05-25T08:53:48.947+0000] {dag.py:3096} INFO - Sync 1 DAGs
[2025-05-25T08:53:48.959+0000] {logging_mixin.py:188} INFO - [2025-05-25T08:53:48.959+0000] {dag.py:3954} INFO - Setting next_dagrun for latest_only to 2025-05-25 04:00:00+00:00, run_after=2025-05-25 08:00:00+00:00
[2025-05-25T08:53:48.968+0000] {processor.py:183} INFO - Processing /home/airflow/.local/lib/python3.12/site-packages/airflow/example_dags/example_latest_only.py took 0.045 seconds
[2025-05-25T08:54:19.374+0000] {processor.py:161} INFO - Started process (PID=8881) to work on /home/airflow/.local/lib/python3.12/site-packages/airflow/example_dags/example_latest_only.py
[2025-05-25T08:54:19.377+0000] {processor.py:830} INFO - Processing file /home/airflow/.local/lib/python3.12/site-packages/airflow/example_dags/example_latest_only.py for tasks to queue
[2025-05-25T08:54:19.378+0000] {logging_mixin.py:188} INFO - [2025-05-25T08:54:19.377+0000] {dagbag.py:540} INFO - Filling up the DagBag from /home/airflow/.local/lib/python3.12/site-packages/airflow/example_dags/example_latest_only.py
[2025-05-25T08:54:19.386+0000] {processor.py:840} INFO - DAG(s) 'latest_only' retrieved from /home/airflow/.local/lib/python3.12/site-packages/airflow/example_dags/example_latest_only.py
[2025-05-25T08:54:19.410+0000] {logging_mixin.py:188} INFO - [2025-05-25T08:54:19.409+0000] {dag.py:3096} INFO - Sync 1 DAGs
[2025-05-25T08:54:19.425+0000] {logging_mixin.py:188} INFO - [2025-05-25T08:54:19.424+0000] {dag.py:3954} INFO - Setting next_dagrun for latest_only to 2025-05-25 04:00:00+00:00, run_after=2025-05-25 08:00:00+00:00
[2025-05-25T08:54:19.433+0000] {processor.py:183} INFO - Processing /home/airflow/.local/lib/python3.12/site-packages/airflow/example_dags/example_latest_only.py took 0.067 seconds
[2025-05-25T08:54:50.328+0000] {processor.py:161} INFO - Started process (PID=8947) to work on /home/airflow/.local/lib/python3.12/site-packages/airflow/example_dags/example_latest_only.py
[2025-05-25T08:54:50.330+0000] {processor.py:830} INFO - Processing file /home/airflow/.local/lib/python3.12/site-packages/airflow/example_dags/example_latest_only.py for tasks to queue
[2025-05-25T08:54:50.331+0000] {logging_mixin.py:188} INFO - [2025-05-25T08:54:50.331+0000] {dagbag.py:540} INFO - Filling up the DagBag from /home/airflow/.local/lib/python3.12/site-packages/airflow/example_dags/example_latest_only.py
[2025-05-25T08:54:50.337+0000] {processor.py:840} INFO - DAG(s) 'latest_only' retrieved from /home/airflow/.local/lib/python3.12/site-packages/airflow/example_dags/example_latest_only.py
[2025-05-25T08:54:50.352+0000] {logging_mixin.py:188} INFO - [2025-05-25T08:54:50.352+0000] {dag.py:3096} INFO - Sync 1 DAGs
[2025-05-25T08:54:50.367+0000] {logging_mixin.py:188} INFO - [2025-05-25T08:54:50.367+0000] {dag.py:3954} INFO - Setting next_dagrun for latest_only to 2025-05-25 04:00:00+00:00, run_after=2025-05-25 08:00:00+00:00
[2025-05-25T08:54:50.378+0000] {processor.py:183} INFO - Processing /home/airflow/.local/lib/python3.12/site-packages/airflow/example_dags/example_latest_only.py took 0.059 seconds
[2025-05-25T08:55:20.695+0000] {processor.py:161} INFO - Started process (PID=9013) to work on /home/airflow/.local/lib/python3.12/site-packages/airflow/example_dags/example_latest_only.py
[2025-05-25T08:55:20.696+0000] {processor.py:830} INFO - Processing file /home/airflow/.local/lib/python3.12/site-packages/airflow/example_dags/example_latest_only.py for tasks to queue
[2025-05-25T08:55:20.697+0000] {logging_mixin.py:188} INFO - [2025-05-25T08:55:20.697+0000] {dagbag.py:540} INFO - Filling up the DagBag from /home/airflow/.local/lib/python3.12/site-packages/airflow/example_dags/example_latest_only.py
[2025-05-25T08:55:20.701+0000] {processor.py:840} INFO - DAG(s) 'latest_only' retrieved from /home/airflow/.local/lib/python3.12/site-packages/airflow/example_dags/example_latest_only.py
[2025-05-25T08:55:20.713+0000] {logging_mixin.py:188} INFO - [2025-05-25T08:55:20.713+0000] {dag.py:3096} INFO - Sync 1 DAGs
[2025-05-25T08:55:20.722+0000] {logging_mixin.py:188} INFO - [2025-05-25T08:55:20.722+0000] {dag.py:3954} INFO - Setting next_dagrun for latest_only to 2025-05-25 04:00:00+00:00, run_after=2025-05-25 08:00:00+00:00
[2025-05-25T08:55:20.732+0000] {processor.py:183} INFO - Processing /home/airflow/.local/lib/python3.12/site-packages/airflow/example_dags/example_latest_only.py took 0.041 seconds
[2025-05-25T08:55:51.433+0000] {processor.py:161} INFO - Started process (PID=9079) to work on /home/airflow/.local/lib/python3.12/site-packages/airflow/example_dags/example_latest_only.py
[2025-05-25T08:55:51.434+0000] {processor.py:830} INFO - Processing file /home/airflow/.local/lib/python3.12/site-packages/airflow/example_dags/example_latest_only.py for tasks to queue
[2025-05-25T08:55:51.435+0000] {logging_mixin.py:188} INFO - [2025-05-25T08:55:51.435+0000] {dagbag.py:540} INFO - Filling up the DagBag from /home/airflow/.local/lib/python3.12/site-packages/airflow/example_dags/example_latest_only.py
[2025-05-25T08:55:51.442+0000] {processor.py:840} INFO - DAG(s) 'latest_only' retrieved from /home/airflow/.local/lib/python3.12/site-packages/airflow/example_dags/example_latest_only.py
[2025-05-25T08:55:51.462+0000] {logging_mixin.py:188} INFO - [2025-05-25T08:55:51.461+0000] {dag.py:3096} INFO - Sync 1 DAGs
[2025-05-25T08:55:51.475+0000] {logging_mixin.py:188} INFO - [2025-05-25T08:55:51.475+0000] {dag.py:3954} INFO - Setting next_dagrun for latest_only to 2025-05-25 04:00:00+00:00, run_after=2025-05-25 08:00:00+00:00
[2025-05-25T08:55:51.485+0000] {processor.py:183} INFO - Processing /home/airflow/.local/lib/python3.12/site-packages/airflow/example_dags/example_latest_only.py took 0.057 seconds
[2025-05-25T08:56:21.664+0000] {processor.py:161} INFO - Started process (PID=9145) to work on /home/airflow/.local/lib/python3.12/site-packages/airflow/example_dags/example_latest_only.py
[2025-05-25T08:56:21.665+0000] {processor.py:830} INFO - Processing file /home/airflow/.local/lib/python3.12/site-packages/airflow/example_dags/example_latest_only.py for tasks to queue
[2025-05-25T08:56:21.666+0000] {logging_mixin.py:188} INFO - [2025-05-25T08:56:21.665+0000] {dagbag.py:540} INFO - Filling up the DagBag from /home/airflow/.local/lib/python3.12/site-packages/airflow/example_dags/example_latest_only.py
[2025-05-25T08:56:21.672+0000] {processor.py:840} INFO - DAG(s) 'latest_only' retrieved from /home/airflow/.local/lib/python3.12/site-packages/airflow/example_dags/example_latest_only.py
[2025-05-25T08:56:21.698+0000] {logging_mixin.py:188} INFO - [2025-05-25T08:56:21.698+0000] {dag.py:3096} INFO - Sync 1 DAGs
[2025-05-25T08:56:21.711+0000] {logging_mixin.py:188} INFO - [2025-05-25T08:56:21.711+0000] {dag.py:3954} INFO - Setting next_dagrun for latest_only to 2025-05-25 04:00:00+00:00, run_after=2025-05-25 08:00:00+00:00
[2025-05-25T08:56:21.721+0000] {processor.py:183} INFO - Processing /home/airflow/.local/lib/python3.12/site-packages/airflow/example_dags/example_latest_only.py took 0.063 seconds
