[2025-05-25T08:15:27.221+0000] {processor.py:161} INFO - Started process (PID=4295) to work on /home/airflow/.local/lib/python3.12/site-packages/airflow/example_dags/example_task_group.py
[2025-05-25T08:15:27.221+0000] {processor.py:830} INFO - Processing file /home/airflow/.local/lib/python3.12/site-packages/airflow/example_dags/example_task_group.py for tasks to queue
[2025-05-25T08:15:27.223+0000] {logging_mixin.py:188} INFO - [2025-05-25T08:15:27.223+0000] {dagbag.py:540} INFO - Filling up the DagBag from /home/airflow/.local/lib/python3.12/site-packages/airflow/example_dags/example_task_group.py
[2025-05-25T08:15:27.229+0000] {processor.py:840} INFO - DAG(s) 'example_task_group' retrieved from /home/airflow/.local/lib/python3.12/site-packages/airflow/example_dags/example_task_group.py
[2025-05-25T08:15:27.252+0000] {logging_mixin.py:188} INFO - [2025-05-25T08:15:27.252+0000] {dag.py:3096} INFO - Sync 1 DAGs
[2025-05-25T08:15:27.268+0000] {logging_mixin.py:188} INFO - [2025-05-25T08:15:27.268+0000] {dag.py:3954} INFO - Setting next_dagrun for example_task_group to 2025-05-24 00:00:00+00:00, run_after=2025-05-25 00:00:00+00:00
[2025-05-25T08:15:27.286+0000] {processor.py:183} INFO - Processing /home/airflow/.local/lib/python3.12/site-packages/airflow/example_dags/example_task_group.py took 0.083 seconds
[2025-05-25T08:15:58.479+0000] {processor.py:161} INFO - Started process (PID=4361) to work on /home/airflow/.local/lib/python3.12/site-packages/airflow/example_dags/example_task_group.py
[2025-05-25T08:15:58.480+0000] {processor.py:830} INFO - Processing file /home/airflow/.local/lib/python3.12/site-packages/airflow/example_dags/example_task_group.py for tasks to queue
[2025-05-25T08:15:58.483+0000] {logging_mixin.py:188} INFO - [2025-05-25T08:15:58.483+0000] {dagbag.py:540} INFO - Filling up the DagBag from /home/airflow/.local/lib/python3.12/site-packages/airflow/example_dags/example_task_group.py
[2025-05-25T08:15:58.488+0000] {processor.py:840} INFO - DAG(s) 'example_task_group' retrieved from /home/airflow/.local/lib/python3.12/site-packages/airflow/example_dags/example_task_group.py
[2025-05-25T08:15:58.501+0000] {logging_mixin.py:188} INFO - [2025-05-25T08:15:58.500+0000] {dag.py:3096} INFO - Sync 1 DAGs
[2025-05-25T08:15:58.512+0000] {logging_mixin.py:188} INFO - [2025-05-25T08:15:58.512+0000] {dag.py:3954} INFO - Setting next_dagrun for example_task_group to 2025-05-24 00:00:00+00:00, run_after=2025-05-25 00:00:00+00:00
[2025-05-25T08:15:58.521+0000] {processor.py:183} INFO - Processing /home/airflow/.local/lib/python3.12/site-packages/airflow/example_dags/example_task_group.py took 0.046 seconds
[2025-05-25T08:16:31.278+0000] {processor.py:161} INFO - Started process (PID=4427) to work on /home/airflow/.local/lib/python3.12/site-packages/airflow/example_dags/example_task_group.py
[2025-05-25T08:16:31.279+0000] {processor.py:830} INFO - Processing file /home/airflow/.local/lib/python3.12/site-packages/airflow/example_dags/example_task_group.py for tasks to queue
[2025-05-25T08:16:31.280+0000] {logging_mixin.py:188} INFO - [2025-05-25T08:16:31.280+0000] {dagbag.py:540} INFO - Filling up the DagBag from /home/airflow/.local/lib/python3.12/site-packages/airflow/example_dags/example_task_group.py
[2025-05-25T08:16:31.287+0000] {processor.py:840} INFO - DAG(s) 'example_task_group' retrieved from /home/airflow/.local/lib/python3.12/site-packages/airflow/example_dags/example_task_group.py
[2025-05-25T08:16:31.301+0000] {logging_mixin.py:188} INFO - [2025-05-25T08:16:31.301+0000] {dag.py:3096} INFO - Sync 1 DAGs
[2025-05-25T08:16:31.312+0000] {logging_mixin.py:188} INFO - [2025-05-25T08:16:31.312+0000] {dag.py:3954} INFO - Setting next_dagrun for example_task_group to 2025-05-24 00:00:00+00:00, run_after=2025-05-25 00:00:00+00:00
[2025-05-25T08:16:31.326+0000] {processor.py:183} INFO - Processing /home/airflow/.local/lib/python3.12/site-packages/airflow/example_dags/example_task_group.py took 0.051 seconds
[2025-05-25T08:17:03.457+0000] {processor.py:161} INFO - Started process (PID=4493) to work on /home/airflow/.local/lib/python3.12/site-packages/airflow/example_dags/example_task_group.py
[2025-05-25T08:17:03.460+0000] {processor.py:830} INFO - Processing file /home/airflow/.local/lib/python3.12/site-packages/airflow/example_dags/example_task_group.py for tasks to queue
[2025-05-25T08:17:03.461+0000] {logging_mixin.py:188} INFO - [2025-05-25T08:17:03.461+0000] {dagbag.py:540} INFO - Filling up the DagBag from /home/airflow/.local/lib/python3.12/site-packages/airflow/example_dags/example_task_group.py
[2025-05-25T08:17:03.465+0000] {processor.py:840} INFO - DAG(s) 'example_task_group' retrieved from /home/airflow/.local/lib/python3.12/site-packages/airflow/example_dags/example_task_group.py
[2025-05-25T08:17:03.476+0000] {logging_mixin.py:188} INFO - [2025-05-25T08:17:03.475+0000] {dag.py:3096} INFO - Sync 1 DAGs
[2025-05-25T08:17:03.489+0000] {logging_mixin.py:188} INFO - [2025-05-25T08:17:03.489+0000] {dag.py:3954} INFO - Setting next_dagrun for example_task_group to 2025-05-24 00:00:00+00:00, run_after=2025-05-25 00:00:00+00:00
[2025-05-25T08:17:03.501+0000] {processor.py:183} INFO - Processing /home/airflow/.local/lib/python3.12/site-packages/airflow/example_dags/example_task_group.py took 0.047 seconds
[2025-05-25T08:17:37.229+0000] {processor.py:161} INFO - Started process (PID=4559) to work on /home/airflow/.local/lib/python3.12/site-packages/airflow/example_dags/example_task_group.py
[2025-05-25T08:17:37.229+0000] {processor.py:830} INFO - Processing file /home/airflow/.local/lib/python3.12/site-packages/airflow/example_dags/example_task_group.py for tasks to queue
[2025-05-25T08:17:37.231+0000] {logging_mixin.py:188} INFO - [2025-05-25T08:17:37.230+0000] {dagbag.py:540} INFO - Filling up the DagBag from /home/airflow/.local/lib/python3.12/site-packages/airflow/example_dags/example_task_group.py
[2025-05-25T08:17:37.234+0000] {processor.py:840} INFO - DAG(s) 'example_task_group' retrieved from /home/airflow/.local/lib/python3.12/site-packages/airflow/example_dags/example_task_group.py
[2025-05-25T08:17:37.245+0000] {logging_mixin.py:188} INFO - [2025-05-25T08:17:37.245+0000] {dag.py:3096} INFO - Sync 1 DAGs
[2025-05-25T08:17:37.256+0000] {logging_mixin.py:188} INFO - [2025-05-25T08:17:37.255+0000] {dag.py:3954} INFO - Setting next_dagrun for example_task_group to 2025-05-24 00:00:00+00:00, run_after=2025-05-25 00:00:00+00:00
[2025-05-25T08:17:37.265+0000] {processor.py:183} INFO - Processing /home/airflow/.local/lib/python3.12/site-packages/airflow/example_dags/example_task_group.py took 0.039 seconds
[2025-05-25T08:18:09.180+0000] {processor.py:161} INFO - Started process (PID=4625) to work on /home/airflow/.local/lib/python3.12/site-packages/airflow/example_dags/example_task_group.py
[2025-05-25T08:18:09.181+0000] {processor.py:830} INFO - Processing file /home/airflow/.local/lib/python3.12/site-packages/airflow/example_dags/example_task_group.py for tasks to queue
[2025-05-25T08:18:09.182+0000] {logging_mixin.py:188} INFO - [2025-05-25T08:18:09.182+0000] {dagbag.py:540} INFO - Filling up the DagBag from /home/airflow/.local/lib/python3.12/site-packages/airflow/example_dags/example_task_group.py
[2025-05-25T08:18:09.187+0000] {processor.py:840} INFO - DAG(s) 'example_task_group' retrieved from /home/airflow/.local/lib/python3.12/site-packages/airflow/example_dags/example_task_group.py
[2025-05-25T08:18:09.204+0000] {logging_mixin.py:188} INFO - [2025-05-25T08:18:09.203+0000] {dag.py:3096} INFO - Sync 1 DAGs
[2025-05-25T08:18:09.215+0000] {logging_mixin.py:188} INFO - [2025-05-25T08:18:09.215+0000] {dag.py:3954} INFO - Setting next_dagrun for example_task_group to 2025-05-24 00:00:00+00:00, run_after=2025-05-25 00:00:00+00:00
[2025-05-25T08:18:09.223+0000] {processor.py:183} INFO - Processing /home/airflow/.local/lib/python3.12/site-packages/airflow/example_dags/example_task_group.py took 0.047 seconds
[2025-05-25T08:18:39.625+0000] {processor.py:161} INFO - Started process (PID=4685) to work on /home/airflow/.local/lib/python3.12/site-packages/airflow/example_dags/example_task_group.py
[2025-05-25T08:18:39.626+0000] {processor.py:830} INFO - Processing file /home/airflow/.local/lib/python3.12/site-packages/airflow/example_dags/example_task_group.py for tasks to queue
[2025-05-25T08:18:39.627+0000] {logging_mixin.py:188} INFO - [2025-05-25T08:18:39.627+0000] {dagbag.py:540} INFO - Filling up the DagBag from /home/airflow/.local/lib/python3.12/site-packages/airflow/example_dags/example_task_group.py
[2025-05-25T08:18:39.632+0000] {processor.py:840} INFO - DAG(s) 'example_task_group' retrieved from /home/airflow/.local/lib/python3.12/site-packages/airflow/example_dags/example_task_group.py
[2025-05-25T08:18:39.645+0000] {logging_mixin.py:188} INFO - [2025-05-25T08:18:39.645+0000] {dag.py:3096} INFO - Sync 1 DAGs
[2025-05-25T08:18:39.661+0000] {logging_mixin.py:188} INFO - [2025-05-25T08:18:39.661+0000] {dag.py:3954} INFO - Setting next_dagrun for example_task_group to 2025-05-24 00:00:00+00:00, run_after=2025-05-25 00:00:00+00:00
[2025-05-25T08:18:39.679+0000] {processor.py:183} INFO - Processing /home/airflow/.local/lib/python3.12/site-packages/airflow/example_dags/example_task_group.py took 0.058 seconds
[2025-05-25T08:19:09.999+0000] {processor.py:161} INFO - Started process (PID=4749) to work on /home/airflow/.local/lib/python3.12/site-packages/airflow/example_dags/example_task_group.py
[2025-05-25T08:19:10.002+0000] {processor.py:830} INFO - Processing file /home/airflow/.local/lib/python3.12/site-packages/airflow/example_dags/example_task_group.py for tasks to queue
[2025-05-25T08:19:10.004+0000] {logging_mixin.py:188} INFO - [2025-05-25T08:19:10.004+0000] {dagbag.py:540} INFO - Filling up the DagBag from /home/airflow/.local/lib/python3.12/site-packages/airflow/example_dags/example_task_group.py
[2025-05-25T08:19:10.010+0000] {processor.py:840} INFO - DAG(s) 'example_task_group' retrieved from /home/airflow/.local/lib/python3.12/site-packages/airflow/example_dags/example_task_group.py
[2025-05-25T08:19:10.024+0000] {logging_mixin.py:188} INFO - [2025-05-25T08:19:10.024+0000] {dag.py:3096} INFO - Sync 1 DAGs
[2025-05-25T08:19:10.037+0000] {logging_mixin.py:188} INFO - [2025-05-25T08:19:10.037+0000] {dag.py:3954} INFO - Setting next_dagrun for example_task_group to 2025-05-24 00:00:00+00:00, run_after=2025-05-25 00:00:00+00:00
[2025-05-25T08:19:10.058+0000] {processor.py:183} INFO - Processing /home/airflow/.local/lib/python3.12/site-packages/airflow/example_dags/example_task_group.py took 0.063 seconds
[2025-05-25T08:19:40.179+0000] {processor.py:161} INFO - Started process (PID=4815) to work on /home/airflow/.local/lib/python3.12/site-packages/airflow/example_dags/example_task_group.py
[2025-05-25T08:19:40.180+0000] {processor.py:830} INFO - Processing file /home/airflow/.local/lib/python3.12/site-packages/airflow/example_dags/example_task_group.py for tasks to queue
[2025-05-25T08:19:40.182+0000] {logging_mixin.py:188} INFO - [2025-05-25T08:19:40.181+0000] {dagbag.py:540} INFO - Filling up the DagBag from /home/airflow/.local/lib/python3.12/site-packages/airflow/example_dags/example_task_group.py
[2025-05-25T08:19:40.187+0000] {processor.py:840} INFO - DAG(s) 'example_task_group' retrieved from /home/airflow/.local/lib/python3.12/site-packages/airflow/example_dags/example_task_group.py
[2025-05-25T08:19:40.205+0000] {logging_mixin.py:188} INFO - [2025-05-25T08:19:40.205+0000] {dag.py:3096} INFO - Sync 1 DAGs
[2025-05-25T08:19:40.219+0000] {logging_mixin.py:188} INFO - [2025-05-25T08:19:40.219+0000] {dag.py:3954} INFO - Setting next_dagrun for example_task_group to 2025-05-24 00:00:00+00:00, run_after=2025-05-25 00:00:00+00:00
[2025-05-25T08:19:40.240+0000] {processor.py:183} INFO - Processing /home/airflow/.local/lib/python3.12/site-packages/airflow/example_dags/example_task_group.py took 0.065 seconds
[2025-05-25T08:20:11.144+0000] {processor.py:161} INFO - Started process (PID=4881) to work on /home/airflow/.local/lib/python3.12/site-packages/airflow/example_dags/example_task_group.py
[2025-05-25T08:20:11.145+0000] {processor.py:830} INFO - Processing file /home/airflow/.local/lib/python3.12/site-packages/airflow/example_dags/example_task_group.py for tasks to queue
[2025-05-25T08:20:11.146+0000] {logging_mixin.py:188} INFO - [2025-05-25T08:20:11.146+0000] {dagbag.py:540} INFO - Filling up the DagBag from /home/airflow/.local/lib/python3.12/site-packages/airflow/example_dags/example_task_group.py
[2025-05-25T08:20:11.151+0000] {processor.py:840} INFO - DAG(s) 'example_task_group' retrieved from /home/airflow/.local/lib/python3.12/site-packages/airflow/example_dags/example_task_group.py
[2025-05-25T08:20:11.171+0000] {logging_mixin.py:188} INFO - [2025-05-25T08:20:11.171+0000] {dag.py:3096} INFO - Sync 1 DAGs
[2025-05-25T08:20:11.193+0000] {logging_mixin.py:188} INFO - [2025-05-25T08:20:11.193+0000] {dag.py:3954} INFO - Setting next_dagrun for example_task_group to 2025-05-24 00:00:00+00:00, run_after=2025-05-25 00:00:00+00:00
[2025-05-25T08:20:11.208+0000] {processor.py:183} INFO - Processing /home/airflow/.local/lib/python3.12/site-packages/airflow/example_dags/example_task_group.py took 0.068 seconds
[2025-05-25T08:20:41.470+0000] {processor.py:161} INFO - Started process (PID=4946) to work on /home/airflow/.local/lib/python3.12/site-packages/airflow/example_dags/example_task_group.py
[2025-05-25T08:20:41.471+0000] {processor.py:830} INFO - Processing file /home/airflow/.local/lib/python3.12/site-packages/airflow/example_dags/example_task_group.py for tasks to queue
[2025-05-25T08:20:41.472+0000] {logging_mixin.py:188} INFO - [2025-05-25T08:20:41.472+0000] {dagbag.py:540} INFO - Filling up the DagBag from /home/airflow/.local/lib/python3.12/site-packages/airflow/example_dags/example_task_group.py
[2025-05-25T08:20:41.478+0000] {processor.py:840} INFO - DAG(s) 'example_task_group' retrieved from /home/airflow/.local/lib/python3.12/site-packages/airflow/example_dags/example_task_group.py
[2025-05-25T08:20:41.490+0000] {logging_mixin.py:188} INFO - [2025-05-25T08:20:41.490+0000] {dag.py:3096} INFO - Sync 1 DAGs
[2025-05-25T08:20:41.501+0000] {logging_mixin.py:188} INFO - [2025-05-25T08:20:41.501+0000] {dag.py:3954} INFO - Setting next_dagrun for example_task_group to 2025-05-24 00:00:00+00:00, run_after=2025-05-25 00:00:00+00:00
[2025-05-25T08:20:41.511+0000] {processor.py:183} INFO - Processing /home/airflow/.local/lib/python3.12/site-packages/airflow/example_dags/example_task_group.py took 0.044 seconds
[2025-05-25T08:21:12.056+0000] {processor.py:161} INFO - Started process (PID=5012) to work on /home/airflow/.local/lib/python3.12/site-packages/airflow/example_dags/example_task_group.py
[2025-05-25T08:21:12.057+0000] {processor.py:830} INFO - Processing file /home/airflow/.local/lib/python3.12/site-packages/airflow/example_dags/example_task_group.py for tasks to queue
[2025-05-25T08:21:12.060+0000] {logging_mixin.py:188} INFO - [2025-05-25T08:21:12.060+0000] {dagbag.py:540} INFO - Filling up the DagBag from /home/airflow/.local/lib/python3.12/site-packages/airflow/example_dags/example_task_group.py
[2025-05-25T08:21:12.064+0000] {processor.py:840} INFO - DAG(s) 'example_task_group' retrieved from /home/airflow/.local/lib/python3.12/site-packages/airflow/example_dags/example_task_group.py
[2025-05-25T08:21:12.084+0000] {logging_mixin.py:188} INFO - [2025-05-25T08:21:12.084+0000] {dag.py:3096} INFO - Sync 1 DAGs
[2025-05-25T08:21:12.097+0000] {logging_mixin.py:188} INFO - [2025-05-25T08:21:12.097+0000] {dag.py:3954} INFO - Setting next_dagrun for example_task_group to 2025-05-24 00:00:00+00:00, run_after=2025-05-25 00:00:00+00:00
[2025-05-25T08:21:12.111+0000] {processor.py:183} INFO - Processing /home/airflow/.local/lib/python3.12/site-packages/airflow/example_dags/example_task_group.py took 0.059 seconds
[2025-05-25T08:24:43.725+0000] {processor.py:161} INFO - Started process (PID=5094) to work on /home/airflow/.local/lib/python3.12/site-packages/airflow/example_dags/example_task_group.py
[2025-05-25T08:24:43.727+0000] {processor.py:830} INFO - Processing file /home/airflow/.local/lib/python3.12/site-packages/airflow/example_dags/example_task_group.py for tasks to queue
[2025-05-25T08:24:43.727+0000] {logging_mixin.py:188} INFO - [2025-05-25T08:24:43.727+0000] {dagbag.py:540} INFO - Filling up the DagBag from /home/airflow/.local/lib/python3.12/site-packages/airflow/example_dags/example_task_group.py
[2025-05-25T08:24:43.731+0000] {processor.py:840} INFO - DAG(s) 'example_task_group' retrieved from /home/airflow/.local/lib/python3.12/site-packages/airflow/example_dags/example_task_group.py
[2025-05-25T08:24:43.742+0000] {logging_mixin.py:188} INFO - [2025-05-25T08:24:43.742+0000] {dag.py:3096} INFO - Sync 1 DAGs
[2025-05-25T08:24:43.753+0000] {logging_mixin.py:188} INFO - [2025-05-25T08:24:43.753+0000] {dag.py:3954} INFO - Setting next_dagrun for example_task_group to 2025-05-24 00:00:00+00:00, run_after=2025-05-25 00:00:00+00:00
[2025-05-25T08:24:43.769+0000] {processor.py:183} INFO - Processing /home/airflow/.local/lib/python3.12/site-packages/airflow/example_dags/example_task_group.py took 0.047 seconds
[2025-05-25T08:25:15.455+0000] {processor.py:161} INFO - Started process (PID=5160) to work on /home/airflow/.local/lib/python3.12/site-packages/airflow/example_dags/example_task_group.py
[2025-05-25T08:25:15.458+0000] {processor.py:830} INFO - Processing file /home/airflow/.local/lib/python3.12/site-packages/airflow/example_dags/example_task_group.py for tasks to queue
[2025-05-25T08:25:15.459+0000] {logging_mixin.py:188} INFO - [2025-05-25T08:25:15.459+0000] {dagbag.py:540} INFO - Filling up the DagBag from /home/airflow/.local/lib/python3.12/site-packages/airflow/example_dags/example_task_group.py
[2025-05-25T08:25:15.464+0000] {processor.py:840} INFO - DAG(s) 'example_task_group' retrieved from /home/airflow/.local/lib/python3.12/site-packages/airflow/example_dags/example_task_group.py
[2025-05-25T08:25:15.484+0000] {logging_mixin.py:188} INFO - [2025-05-25T08:25:15.484+0000] {dag.py:3096} INFO - Sync 1 DAGs
[2025-05-25T08:25:15.495+0000] {logging_mixin.py:188} INFO - [2025-05-25T08:25:15.495+0000] {dag.py:3954} INFO - Setting next_dagrun for example_task_group to 2025-05-24 00:00:00+00:00, run_after=2025-05-25 00:00:00+00:00
[2025-05-25T08:25:15.509+0000] {processor.py:183} INFO - Processing /home/airflow/.local/lib/python3.12/site-packages/airflow/example_dags/example_task_group.py took 0.061 seconds
[2025-05-25T08:25:47.678+0000] {processor.py:161} INFO - Started process (PID=5226) to work on /home/airflow/.local/lib/python3.12/site-packages/airflow/example_dags/example_task_group.py
[2025-05-25T08:25:47.680+0000] {processor.py:830} INFO - Processing file /home/airflow/.local/lib/python3.12/site-packages/airflow/example_dags/example_task_group.py for tasks to queue
[2025-05-25T08:25:47.680+0000] {logging_mixin.py:188} INFO - [2025-05-25T08:25:47.680+0000] {dagbag.py:540} INFO - Filling up the DagBag from /home/airflow/.local/lib/python3.12/site-packages/airflow/example_dags/example_task_group.py
[2025-05-25T08:25:47.685+0000] {processor.py:840} INFO - DAG(s) 'example_task_group' retrieved from /home/airflow/.local/lib/python3.12/site-packages/airflow/example_dags/example_task_group.py
[2025-05-25T08:25:47.699+0000] {logging_mixin.py:188} INFO - [2025-05-25T08:25:47.698+0000] {dag.py:3096} INFO - Sync 1 DAGs
[2025-05-25T08:25:47.709+0000] {logging_mixin.py:188} INFO - [2025-05-25T08:25:47.708+0000] {dag.py:3954} INFO - Setting next_dagrun for example_task_group to 2025-05-24 00:00:00+00:00, run_after=2025-05-25 00:00:00+00:00
[2025-05-25T08:25:47.724+0000] {processor.py:183} INFO - Processing /home/airflow/.local/lib/python3.12/site-packages/airflow/example_dags/example_task_group.py took 0.049 seconds
[2025-05-25T08:26:20.217+0000] {processor.py:161} INFO - Started process (PID=5292) to work on /home/airflow/.local/lib/python3.12/site-packages/airflow/example_dags/example_task_group.py
[2025-05-25T08:26:20.218+0000] {processor.py:830} INFO - Processing file /home/airflow/.local/lib/python3.12/site-packages/airflow/example_dags/example_task_group.py for tasks to queue
[2025-05-25T08:26:20.220+0000] {logging_mixin.py:188} INFO - [2025-05-25T08:26:20.219+0000] {dagbag.py:540} INFO - Filling up the DagBag from /home/airflow/.local/lib/python3.12/site-packages/airflow/example_dags/example_task_group.py
[2025-05-25T08:26:20.225+0000] {processor.py:840} INFO - DAG(s) 'example_task_group' retrieved from /home/airflow/.local/lib/python3.12/site-packages/airflow/example_dags/example_task_group.py
[2025-05-25T08:26:20.240+0000] {logging_mixin.py:188} INFO - [2025-05-25T08:26:20.240+0000] {dag.py:3096} INFO - Sync 1 DAGs
[2025-05-25T08:26:20.250+0000] {logging_mixin.py:188} INFO - [2025-05-25T08:26:20.250+0000] {dag.py:3954} INFO - Setting next_dagrun for example_task_group to 2025-05-24 00:00:00+00:00, run_after=2025-05-25 00:00:00+00:00
[2025-05-25T08:26:20.261+0000] {processor.py:183} INFO - Processing /home/airflow/.local/lib/python3.12/site-packages/airflow/example_dags/example_task_group.py took 0.047 seconds
[2025-05-25T08:26:52.743+0000] {processor.py:161} INFO - Started process (PID=5358) to work on /home/airflow/.local/lib/python3.12/site-packages/airflow/example_dags/example_task_group.py
[2025-05-25T08:26:52.744+0000] {processor.py:830} INFO - Processing file /home/airflow/.local/lib/python3.12/site-packages/airflow/example_dags/example_task_group.py for tasks to queue
[2025-05-25T08:26:52.744+0000] {logging_mixin.py:188} INFO - [2025-05-25T08:26:52.744+0000] {dagbag.py:540} INFO - Filling up the DagBag from /home/airflow/.local/lib/python3.12/site-packages/airflow/example_dags/example_task_group.py
[2025-05-25T08:26:52.748+0000] {processor.py:840} INFO - DAG(s) 'example_task_group' retrieved from /home/airflow/.local/lib/python3.12/site-packages/airflow/example_dags/example_task_group.py
[2025-05-25T08:26:52.760+0000] {logging_mixin.py:188} INFO - [2025-05-25T08:26:52.759+0000] {dag.py:3096} INFO - Sync 1 DAGs
[2025-05-25T08:26:52.768+0000] {logging_mixin.py:188} INFO - [2025-05-25T08:26:52.767+0000] {dag.py:3954} INFO - Setting next_dagrun for example_task_group to 2025-05-24 00:00:00+00:00, run_after=2025-05-25 00:00:00+00:00
[2025-05-25T08:26:52.775+0000] {processor.py:183} INFO - Processing /home/airflow/.local/lib/python3.12/site-packages/airflow/example_dags/example_task_group.py took 0.037 seconds
[2025-05-25T08:27:24.895+0000] {processor.py:161} INFO - Started process (PID=5424) to work on /home/airflow/.local/lib/python3.12/site-packages/airflow/example_dags/example_task_group.py
[2025-05-25T08:27:24.897+0000] {processor.py:830} INFO - Processing file /home/airflow/.local/lib/python3.12/site-packages/airflow/example_dags/example_task_group.py for tasks to queue
[2025-05-25T08:27:24.897+0000] {logging_mixin.py:188} INFO - [2025-05-25T08:27:24.897+0000] {dagbag.py:540} INFO - Filling up the DagBag from /home/airflow/.local/lib/python3.12/site-packages/airflow/example_dags/example_task_group.py
[2025-05-25T08:27:24.903+0000] {processor.py:840} INFO - DAG(s) 'example_task_group' retrieved from /home/airflow/.local/lib/python3.12/site-packages/airflow/example_dags/example_task_group.py
[2025-05-25T08:27:24.920+0000] {logging_mixin.py:188} INFO - [2025-05-25T08:27:24.920+0000] {dag.py:3096} INFO - Sync 1 DAGs
[2025-05-25T08:27:24.932+0000] {logging_mixin.py:188} INFO - [2025-05-25T08:27:24.931+0000] {dag.py:3954} INFO - Setting next_dagrun for example_task_group to 2025-05-24 00:00:00+00:00, run_after=2025-05-25 00:00:00+00:00
[2025-05-25T08:27:24.941+0000] {processor.py:183} INFO - Processing /home/airflow/.local/lib/python3.12/site-packages/airflow/example_dags/example_task_group.py took 0.051 seconds
[2025-05-25T08:27:55.532+0000] {processor.py:161} INFO - Started process (PID=5483) to work on /home/airflow/.local/lib/python3.12/site-packages/airflow/example_dags/example_task_group.py
[2025-05-25T08:27:55.533+0000] {processor.py:830} INFO - Processing file /home/airflow/.local/lib/python3.12/site-packages/airflow/example_dags/example_task_group.py for tasks to queue
[2025-05-25T08:27:55.534+0000] {logging_mixin.py:188} INFO - [2025-05-25T08:27:55.534+0000] {dagbag.py:540} INFO - Filling up the DagBag from /home/airflow/.local/lib/python3.12/site-packages/airflow/example_dags/example_task_group.py
[2025-05-25T08:27:55.543+0000] {processor.py:840} INFO - DAG(s) 'example_task_group' retrieved from /home/airflow/.local/lib/python3.12/site-packages/airflow/example_dags/example_task_group.py
[2025-05-25T08:27:55.566+0000] {logging_mixin.py:188} INFO - [2025-05-25T08:27:55.566+0000] {dag.py:3096} INFO - Sync 1 DAGs
[2025-05-25T08:27:55.579+0000] {logging_mixin.py:188} INFO - [2025-05-25T08:27:55.579+0000] {dag.py:3954} INFO - Setting next_dagrun for example_task_group to 2025-05-24 00:00:00+00:00, run_after=2025-05-25 00:00:00+00:00
[2025-05-25T08:27:55.588+0000] {processor.py:183} INFO - Processing /home/airflow/.local/lib/python3.12/site-packages/airflow/example_dags/example_task_group.py took 0.059 seconds
[2025-05-25T08:28:25.817+0000] {processor.py:161} INFO - Started process (PID=5548) to work on /home/airflow/.local/lib/python3.12/site-packages/airflow/example_dags/example_task_group.py
[2025-05-25T08:28:25.818+0000] {processor.py:830} INFO - Processing file /home/airflow/.local/lib/python3.12/site-packages/airflow/example_dags/example_task_group.py for tasks to queue
[2025-05-25T08:28:25.819+0000] {logging_mixin.py:188} INFO - [2025-05-25T08:28:25.819+0000] {dagbag.py:540} INFO - Filling up the DagBag from /home/airflow/.local/lib/python3.12/site-packages/airflow/example_dags/example_task_group.py
[2025-05-25T08:28:25.824+0000] {processor.py:840} INFO - DAG(s) 'example_task_group' retrieved from /home/airflow/.local/lib/python3.12/site-packages/airflow/example_dags/example_task_group.py
[2025-05-25T08:28:25.838+0000] {logging_mixin.py:188} INFO - [2025-05-25T08:28:25.838+0000] {dag.py:3096} INFO - Sync 1 DAGs
[2025-05-25T08:28:25.851+0000] {logging_mixin.py:188} INFO - [2025-05-25T08:28:25.851+0000] {dag.py:3954} INFO - Setting next_dagrun for example_task_group to 2025-05-24 00:00:00+00:00, run_after=2025-05-25 00:00:00+00:00
[2025-05-25T08:28:25.863+0000] {processor.py:183} INFO - Processing /home/airflow/.local/lib/python3.12/site-packages/airflow/example_dags/example_task_group.py took 0.051 seconds
[2025-05-25T08:28:56.752+0000] {processor.py:161} INFO - Started process (PID=5614) to work on /home/airflow/.local/lib/python3.12/site-packages/airflow/example_dags/example_task_group.py
[2025-05-25T08:28:56.753+0000] {processor.py:830} INFO - Processing file /home/airflow/.local/lib/python3.12/site-packages/airflow/example_dags/example_task_group.py for tasks to queue
[2025-05-25T08:28:56.754+0000] {logging_mixin.py:188} INFO - [2025-05-25T08:28:56.753+0000] {dagbag.py:540} INFO - Filling up the DagBag from /home/airflow/.local/lib/python3.12/site-packages/airflow/example_dags/example_task_group.py
[2025-05-25T08:28:56.759+0000] {processor.py:840} INFO - DAG(s) 'example_task_group' retrieved from /home/airflow/.local/lib/python3.12/site-packages/airflow/example_dags/example_task_group.py
[2025-05-25T08:28:56.782+0000] {logging_mixin.py:188} INFO - [2025-05-25T08:28:56.781+0000] {dag.py:3096} INFO - Sync 1 DAGs
[2025-05-25T08:28:56.798+0000] {logging_mixin.py:188} INFO - [2025-05-25T08:28:56.798+0000] {dag.py:3954} INFO - Setting next_dagrun for example_task_group to 2025-05-24 00:00:00+00:00, run_after=2025-05-25 00:00:00+00:00
[2025-05-25T08:28:56.811+0000] {processor.py:183} INFO - Processing /home/airflow/.local/lib/python3.12/site-packages/airflow/example_dags/example_task_group.py took 0.065 seconds
[2025-05-25T08:29:27.242+0000] {processor.py:161} INFO - Started process (PID=5680) to work on /home/airflow/.local/lib/python3.12/site-packages/airflow/example_dags/example_task_group.py
[2025-05-25T08:29:27.244+0000] {processor.py:830} INFO - Processing file /home/airflow/.local/lib/python3.12/site-packages/airflow/example_dags/example_task_group.py for tasks to queue
[2025-05-25T08:29:27.245+0000] {logging_mixin.py:188} INFO - [2025-05-25T08:29:27.245+0000] {dagbag.py:540} INFO - Filling up the DagBag from /home/airflow/.local/lib/python3.12/site-packages/airflow/example_dags/example_task_group.py
[2025-05-25T08:29:27.249+0000] {processor.py:840} INFO - DAG(s) 'example_task_group' retrieved from /home/airflow/.local/lib/python3.12/site-packages/airflow/example_dags/example_task_group.py
[2025-05-25T08:29:27.268+0000] {logging_mixin.py:188} INFO - [2025-05-25T08:29:27.267+0000] {dag.py:3096} INFO - Sync 1 DAGs
[2025-05-25T08:29:27.280+0000] {logging_mixin.py:188} INFO - [2025-05-25T08:29:27.280+0000] {dag.py:3954} INFO - Setting next_dagrun for example_task_group to 2025-05-24 00:00:00+00:00, run_after=2025-05-25 00:00:00+00:00
[2025-05-25T08:29:27.295+0000] {processor.py:183} INFO - Processing /home/airflow/.local/lib/python3.12/site-packages/airflow/example_dags/example_task_group.py took 0.057 seconds
[2025-05-25T08:29:57.451+0000] {processor.py:161} INFO - Started process (PID=5746) to work on /home/airflow/.local/lib/python3.12/site-packages/airflow/example_dags/example_task_group.py
[2025-05-25T08:29:57.453+0000] {processor.py:830} INFO - Processing file /home/airflow/.local/lib/python3.12/site-packages/airflow/example_dags/example_task_group.py for tasks to queue
[2025-05-25T08:29:57.453+0000] {logging_mixin.py:188} INFO - [2025-05-25T08:29:57.453+0000] {dagbag.py:540} INFO - Filling up the DagBag from /home/airflow/.local/lib/python3.12/site-packages/airflow/example_dags/example_task_group.py
[2025-05-25T08:29:57.457+0000] {processor.py:840} INFO - DAG(s) 'example_task_group' retrieved from /home/airflow/.local/lib/python3.12/site-packages/airflow/example_dags/example_task_group.py
[2025-05-25T08:29:57.473+0000] {logging_mixin.py:188} INFO - [2025-05-25T08:29:57.473+0000] {dag.py:3096} INFO - Sync 1 DAGs
[2025-05-25T08:29:57.483+0000] {logging_mixin.py:188} INFO - [2025-05-25T08:29:57.483+0000] {dag.py:3954} INFO - Setting next_dagrun for example_task_group to 2025-05-24 00:00:00+00:00, run_after=2025-05-25 00:00:00+00:00
[2025-05-25T08:29:57.492+0000] {processor.py:183} INFO - Processing /home/airflow/.local/lib/python3.12/site-packages/airflow/example_dags/example_task_group.py took 0.045 seconds
[2025-05-25T08:30:27.940+0000] {processor.py:161} INFO - Started process (PID=5812) to work on /home/airflow/.local/lib/python3.12/site-packages/airflow/example_dags/example_task_group.py
[2025-05-25T08:30:27.940+0000] {processor.py:830} INFO - Processing file /home/airflow/.local/lib/python3.12/site-packages/airflow/example_dags/example_task_group.py for tasks to queue
[2025-05-25T08:30:27.942+0000] {logging_mixin.py:188} INFO - [2025-05-25T08:30:27.941+0000] {dagbag.py:540} INFO - Filling up the DagBag from /home/airflow/.local/lib/python3.12/site-packages/airflow/example_dags/example_task_group.py
[2025-05-25T08:30:27.946+0000] {processor.py:840} INFO - DAG(s) 'example_task_group' retrieved from /home/airflow/.local/lib/python3.12/site-packages/airflow/example_dags/example_task_group.py
[2025-05-25T08:30:27.959+0000] {logging_mixin.py:188} INFO - [2025-05-25T08:30:27.959+0000] {dag.py:3096} INFO - Sync 1 DAGs
[2025-05-25T08:30:27.968+0000] {logging_mixin.py:188} INFO - [2025-05-25T08:30:27.968+0000] {dag.py:3954} INFO - Setting next_dagrun for example_task_group to 2025-05-24 00:00:00+00:00, run_after=2025-05-25 00:00:00+00:00
[2025-05-25T08:30:27.980+0000] {processor.py:183} INFO - Processing /home/airflow/.local/lib/python3.12/site-packages/airflow/example_dags/example_task_group.py took 0.044 seconds
[2025-05-25T08:30:58.405+0000] {processor.py:161} INFO - Started process (PID=5878) to work on /home/airflow/.local/lib/python3.12/site-packages/airflow/example_dags/example_task_group.py
[2025-05-25T08:30:58.407+0000] {processor.py:830} INFO - Processing file /home/airflow/.local/lib/python3.12/site-packages/airflow/example_dags/example_task_group.py for tasks to queue
[2025-05-25T08:30:58.407+0000] {logging_mixin.py:188} INFO - [2025-05-25T08:30:58.407+0000] {dagbag.py:540} INFO - Filling up the DagBag from /home/airflow/.local/lib/python3.12/site-packages/airflow/example_dags/example_task_group.py
[2025-05-25T08:30:58.411+0000] {processor.py:840} INFO - DAG(s) 'example_task_group' retrieved from /home/airflow/.local/lib/python3.12/site-packages/airflow/example_dags/example_task_group.py
[2025-05-25T08:30:58.423+0000] {logging_mixin.py:188} INFO - [2025-05-25T08:30:58.423+0000] {dag.py:3096} INFO - Sync 1 DAGs
[2025-05-25T08:30:58.435+0000] {logging_mixin.py:188} INFO - [2025-05-25T08:30:58.435+0000] {dag.py:3954} INFO - Setting next_dagrun for example_task_group to 2025-05-24 00:00:00+00:00, run_after=2025-05-25 00:00:00+00:00
[2025-05-25T08:30:58.444+0000] {processor.py:183} INFO - Processing /home/airflow/.local/lib/python3.12/site-packages/airflow/example_dags/example_task_group.py took 0.042 seconds
[2025-05-25T08:31:28.595+0000] {processor.py:161} INFO - Started process (PID=5944) to work on /home/airflow/.local/lib/python3.12/site-packages/airflow/example_dags/example_task_group.py
[2025-05-25T08:31:28.596+0000] {processor.py:830} INFO - Processing file /home/airflow/.local/lib/python3.12/site-packages/airflow/example_dags/example_task_group.py for tasks to queue
[2025-05-25T08:31:28.598+0000] {logging_mixin.py:188} INFO - [2025-05-25T08:31:28.597+0000] {dagbag.py:540} INFO - Filling up the DagBag from /home/airflow/.local/lib/python3.12/site-packages/airflow/example_dags/example_task_group.py
[2025-05-25T08:31:28.602+0000] {processor.py:840} INFO - DAG(s) 'example_task_group' retrieved from /home/airflow/.local/lib/python3.12/site-packages/airflow/example_dags/example_task_group.py
[2025-05-25T08:31:28.613+0000] {logging_mixin.py:188} INFO - [2025-05-25T08:31:28.613+0000] {dag.py:3096} INFO - Sync 1 DAGs
[2025-05-25T08:31:28.623+0000] {logging_mixin.py:188} INFO - [2025-05-25T08:31:28.623+0000] {dag.py:3954} INFO - Setting next_dagrun for example_task_group to 2025-05-24 00:00:00+00:00, run_after=2025-05-25 00:00:00+00:00
[2025-05-25T08:31:28.638+0000] {processor.py:183} INFO - Processing /home/airflow/.local/lib/python3.12/site-packages/airflow/example_dags/example_task_group.py took 0.046 seconds
[2025-05-25T08:31:59.391+0000] {processor.py:161} INFO - Started process (PID=6010) to work on /home/airflow/.local/lib/python3.12/site-packages/airflow/example_dags/example_task_group.py
[2025-05-25T08:31:59.392+0000] {processor.py:830} INFO - Processing file /home/airflow/.local/lib/python3.12/site-packages/airflow/example_dags/example_task_group.py for tasks to queue
[2025-05-25T08:31:59.393+0000] {logging_mixin.py:188} INFO - [2025-05-25T08:31:59.392+0000] {dagbag.py:540} INFO - Filling up the DagBag from /home/airflow/.local/lib/python3.12/site-packages/airflow/example_dags/example_task_group.py
[2025-05-25T08:31:59.396+0000] {processor.py:840} INFO - DAG(s) 'example_task_group' retrieved from /home/airflow/.local/lib/python3.12/site-packages/airflow/example_dags/example_task_group.py
[2025-05-25T08:31:59.408+0000] {logging_mixin.py:188} INFO - [2025-05-25T08:31:59.408+0000] {dag.py:3096} INFO - Sync 1 DAGs
[2025-05-25T08:31:59.426+0000] {logging_mixin.py:188} INFO - [2025-05-25T08:31:59.426+0000] {dag.py:3954} INFO - Setting next_dagrun for example_task_group to 2025-05-24 00:00:00+00:00, run_after=2025-05-25 00:00:00+00:00
[2025-05-25T08:31:59.445+0000] {processor.py:183} INFO - Processing /home/airflow/.local/lib/python3.12/site-packages/airflow/example_dags/example_task_group.py took 0.057 seconds
[2025-05-25T08:32:30.373+0000] {processor.py:161} INFO - Started process (PID=6076) to work on /home/airflow/.local/lib/python3.12/site-packages/airflow/example_dags/example_task_group.py
[2025-05-25T08:32:30.376+0000] {processor.py:830} INFO - Processing file /home/airflow/.local/lib/python3.12/site-packages/airflow/example_dags/example_task_group.py for tasks to queue
[2025-05-25T08:32:30.377+0000] {logging_mixin.py:188} INFO - [2025-05-25T08:32:30.376+0000] {dagbag.py:540} INFO - Filling up the DagBag from /home/airflow/.local/lib/python3.12/site-packages/airflow/example_dags/example_task_group.py
[2025-05-25T08:32:30.380+0000] {processor.py:840} INFO - DAG(s) 'example_task_group' retrieved from /home/airflow/.local/lib/python3.12/site-packages/airflow/example_dags/example_task_group.py
[2025-05-25T08:32:30.393+0000] {logging_mixin.py:188} INFO - [2025-05-25T08:32:30.392+0000] {dag.py:3096} INFO - Sync 1 DAGs
[2025-05-25T08:32:30.405+0000] {logging_mixin.py:188} INFO - [2025-05-25T08:32:30.405+0000] {dag.py:3954} INFO - Setting next_dagrun for example_task_group to 2025-05-24 00:00:00+00:00, run_after=2025-05-25 00:00:00+00:00
[2025-05-25T08:32:30.416+0000] {processor.py:183} INFO - Processing /home/airflow/.local/lib/python3.12/site-packages/airflow/example_dags/example_task_group.py took 0.047 seconds
[2025-05-25T08:33:00.896+0000] {processor.py:161} INFO - Started process (PID=6142) to work on /home/airflow/.local/lib/python3.12/site-packages/airflow/example_dags/example_task_group.py
[2025-05-25T08:33:00.897+0000] {processor.py:830} INFO - Processing file /home/airflow/.local/lib/python3.12/site-packages/airflow/example_dags/example_task_group.py for tasks to queue
[2025-05-25T08:33:00.898+0000] {logging_mixin.py:188} INFO - [2025-05-25T08:33:00.898+0000] {dagbag.py:540} INFO - Filling up the DagBag from /home/airflow/.local/lib/python3.12/site-packages/airflow/example_dags/example_task_group.py
[2025-05-25T08:33:00.903+0000] {processor.py:840} INFO - DAG(s) 'example_task_group' retrieved from /home/airflow/.local/lib/python3.12/site-packages/airflow/example_dags/example_task_group.py
[2025-05-25T08:33:00.922+0000] {logging_mixin.py:188} INFO - [2025-05-25T08:33:00.922+0000] {dag.py:3096} INFO - Sync 1 DAGs
[2025-05-25T08:33:00.931+0000] {logging_mixin.py:188} INFO - [2025-05-25T08:33:00.931+0000] {dag.py:3954} INFO - Setting next_dagrun for example_task_group to 2025-05-24 00:00:00+00:00, run_after=2025-05-25 00:00:00+00:00
[2025-05-25T08:33:00.944+0000] {processor.py:183} INFO - Processing /home/airflow/.local/lib/python3.12/site-packages/airflow/example_dags/example_task_group.py took 0.051 seconds
[2025-05-25T08:33:31.271+0000] {processor.py:161} INFO - Started process (PID=6208) to work on /home/airflow/.local/lib/python3.12/site-packages/airflow/example_dags/example_task_group.py
[2025-05-25T08:33:31.272+0000] {processor.py:830} INFO - Processing file /home/airflow/.local/lib/python3.12/site-packages/airflow/example_dags/example_task_group.py for tasks to queue
[2025-05-25T08:33:31.273+0000] {logging_mixin.py:188} INFO - [2025-05-25T08:33:31.273+0000] {dagbag.py:540} INFO - Filling up the DagBag from /home/airflow/.local/lib/python3.12/site-packages/airflow/example_dags/example_task_group.py
[2025-05-25T08:33:31.277+0000] {processor.py:840} INFO - DAG(s) 'example_task_group' retrieved from /home/airflow/.local/lib/python3.12/site-packages/airflow/example_dags/example_task_group.py
[2025-05-25T08:33:31.291+0000] {logging_mixin.py:188} INFO - [2025-05-25T08:33:31.291+0000] {dag.py:3096} INFO - Sync 1 DAGs
[2025-05-25T08:33:31.303+0000] {logging_mixin.py:188} INFO - [2025-05-25T08:33:31.303+0000] {dag.py:3954} INFO - Setting next_dagrun for example_task_group to 2025-05-24 00:00:00+00:00, run_after=2025-05-25 00:00:00+00:00
[2025-05-25T08:33:31.319+0000] {processor.py:183} INFO - Processing /home/airflow/.local/lib/python3.12/site-packages/airflow/example_dags/example_task_group.py took 0.052 seconds
[2025-05-25T08:34:01.697+0000] {processor.py:161} INFO - Started process (PID=6274) to work on /home/airflow/.local/lib/python3.12/site-packages/airflow/example_dags/example_task_group.py
[2025-05-25T08:34:01.698+0000] {processor.py:830} INFO - Processing file /home/airflow/.local/lib/python3.12/site-packages/airflow/example_dags/example_task_group.py for tasks to queue
[2025-05-25T08:34:01.699+0000] {logging_mixin.py:188} INFO - [2025-05-25T08:34:01.699+0000] {dagbag.py:540} INFO - Filling up the DagBag from /home/airflow/.local/lib/python3.12/site-packages/airflow/example_dags/example_task_group.py
[2025-05-25T08:34:01.703+0000] {processor.py:840} INFO - DAG(s) 'example_task_group' retrieved from /home/airflow/.local/lib/python3.12/site-packages/airflow/example_dags/example_task_group.py
[2025-05-25T08:34:01.717+0000] {logging_mixin.py:188} INFO - [2025-05-25T08:34:01.717+0000] {dag.py:3096} INFO - Sync 1 DAGs
[2025-05-25T08:34:01.727+0000] {logging_mixin.py:188} INFO - [2025-05-25T08:34:01.727+0000] {dag.py:3954} INFO - Setting next_dagrun for example_task_group to 2025-05-24 00:00:00+00:00, run_after=2025-05-25 00:00:00+00:00
[2025-05-25T08:34:01.741+0000] {processor.py:183} INFO - Processing /home/airflow/.local/lib/python3.12/site-packages/airflow/example_dags/example_task_group.py took 0.048 seconds
[2025-05-25T08:34:31.968+0000] {processor.py:161} INFO - Started process (PID=6340) to work on /home/airflow/.local/lib/python3.12/site-packages/airflow/example_dags/example_task_group.py
[2025-05-25T08:34:31.971+0000] {processor.py:830} INFO - Processing file /home/airflow/.local/lib/python3.12/site-packages/airflow/example_dags/example_task_group.py for tasks to queue
[2025-05-25T08:34:31.972+0000] {logging_mixin.py:188} INFO - [2025-05-25T08:34:31.972+0000] {dagbag.py:540} INFO - Filling up the DagBag from /home/airflow/.local/lib/python3.12/site-packages/airflow/example_dags/example_task_group.py
[2025-05-25T08:34:31.975+0000] {processor.py:840} INFO - DAG(s) 'example_task_group' retrieved from /home/airflow/.local/lib/python3.12/site-packages/airflow/example_dags/example_task_group.py
[2025-05-25T08:34:31.992+0000] {logging_mixin.py:188} INFO - [2025-05-25T08:34:31.992+0000] {dag.py:3096} INFO - Sync 1 DAGs
[2025-05-25T08:34:32.005+0000] {logging_mixin.py:188} INFO - [2025-05-25T08:34:32.005+0000] {dag.py:3954} INFO - Setting next_dagrun for example_task_group to 2025-05-24 00:00:00+00:00, run_after=2025-05-25 00:00:00+00:00
[2025-05-25T08:34:32.015+0000] {processor.py:183} INFO - Processing /home/airflow/.local/lib/python3.12/site-packages/airflow/example_dags/example_task_group.py took 0.051 seconds
[2025-05-25T08:35:02.193+0000] {processor.py:161} INFO - Started process (PID=6406) to work on /home/airflow/.local/lib/python3.12/site-packages/airflow/example_dags/example_task_group.py
[2025-05-25T08:35:02.195+0000] {processor.py:830} INFO - Processing file /home/airflow/.local/lib/python3.12/site-packages/airflow/example_dags/example_task_group.py for tasks to queue
[2025-05-25T08:35:02.196+0000] {logging_mixin.py:188} INFO - [2025-05-25T08:35:02.195+0000] {dagbag.py:540} INFO - Filling up the DagBag from /home/airflow/.local/lib/python3.12/site-packages/airflow/example_dags/example_task_group.py
[2025-05-25T08:35:02.199+0000] {processor.py:840} INFO - DAG(s) 'example_task_group' retrieved from /home/airflow/.local/lib/python3.12/site-packages/airflow/example_dags/example_task_group.py
[2025-05-25T08:35:02.211+0000] {logging_mixin.py:188} INFO - [2025-05-25T08:35:02.211+0000] {dag.py:3096} INFO - Sync 1 DAGs
[2025-05-25T08:35:02.225+0000] {logging_mixin.py:188} INFO - [2025-05-25T08:35:02.225+0000] {dag.py:3954} INFO - Setting next_dagrun for example_task_group to 2025-05-24 00:00:00+00:00, run_after=2025-05-25 00:00:00+00:00
[2025-05-25T08:35:02.236+0000] {processor.py:183} INFO - Processing /home/airflow/.local/lib/python3.12/site-packages/airflow/example_dags/example_task_group.py took 0.047 seconds
[2025-05-25T08:35:32.649+0000] {processor.py:161} INFO - Started process (PID=6472) to work on /home/airflow/.local/lib/python3.12/site-packages/airflow/example_dags/example_task_group.py
[2025-05-25T08:35:32.649+0000] {processor.py:830} INFO - Processing file /home/airflow/.local/lib/python3.12/site-packages/airflow/example_dags/example_task_group.py for tasks to queue
[2025-05-25T08:35:32.650+0000] {logging_mixin.py:188} INFO - [2025-05-25T08:35:32.650+0000] {dagbag.py:540} INFO - Filling up the DagBag from /home/airflow/.local/lib/python3.12/site-packages/airflow/example_dags/example_task_group.py
[2025-05-25T08:35:32.654+0000] {processor.py:840} INFO - DAG(s) 'example_task_group' retrieved from /home/airflow/.local/lib/python3.12/site-packages/airflow/example_dags/example_task_group.py
[2025-05-25T08:35:32.667+0000] {logging_mixin.py:188} INFO - [2025-05-25T08:35:32.667+0000] {dag.py:3096} INFO - Sync 1 DAGs
[2025-05-25T08:35:32.678+0000] {logging_mixin.py:188} INFO - [2025-05-25T08:35:32.678+0000] {dag.py:3954} INFO - Setting next_dagrun for example_task_group to 2025-05-24 00:00:00+00:00, run_after=2025-05-25 00:00:00+00:00
[2025-05-25T08:35:32.692+0000] {processor.py:183} INFO - Processing /home/airflow/.local/lib/python3.12/site-packages/airflow/example_dags/example_task_group.py took 0.047 seconds
[2025-05-25T08:36:03.877+0000] {processor.py:161} INFO - Started process (PID=6538) to work on /home/airflow/.local/lib/python3.12/site-packages/airflow/example_dags/example_task_group.py
[2025-05-25T08:36:03.879+0000] {processor.py:830} INFO - Processing file /home/airflow/.local/lib/python3.12/site-packages/airflow/example_dags/example_task_group.py for tasks to queue
[2025-05-25T08:36:03.880+0000] {logging_mixin.py:188} INFO - [2025-05-25T08:36:03.880+0000] {dagbag.py:540} INFO - Filling up the DagBag from /home/airflow/.local/lib/python3.12/site-packages/airflow/example_dags/example_task_group.py
[2025-05-25T08:36:03.885+0000] {processor.py:840} INFO - DAG(s) 'example_task_group' retrieved from /home/airflow/.local/lib/python3.12/site-packages/airflow/example_dags/example_task_group.py
[2025-05-25T08:36:03.900+0000] {logging_mixin.py:188} INFO - [2025-05-25T08:36:03.900+0000] {dag.py:3096} INFO - Sync 1 DAGs
[2025-05-25T08:36:03.912+0000] {logging_mixin.py:188} INFO - [2025-05-25T08:36:03.912+0000] {dag.py:3954} INFO - Setting next_dagrun for example_task_group to 2025-05-24 00:00:00+00:00, run_after=2025-05-25 00:00:00+00:00
[2025-05-25T08:36:03.924+0000] {processor.py:183} INFO - Processing /home/airflow/.local/lib/python3.12/site-packages/airflow/example_dags/example_task_group.py took 0.050 seconds
[2025-05-25T08:36:34.980+0000] {processor.py:161} INFO - Started process (PID=6604) to work on /home/airflow/.local/lib/python3.12/site-packages/airflow/example_dags/example_task_group.py
[2025-05-25T08:36:34.980+0000] {processor.py:830} INFO - Processing file /home/airflow/.local/lib/python3.12/site-packages/airflow/example_dags/example_task_group.py for tasks to queue
[2025-05-25T08:36:34.981+0000] {logging_mixin.py:188} INFO - [2025-05-25T08:36:34.981+0000] {dagbag.py:540} INFO - Filling up the DagBag from /home/airflow/.local/lib/python3.12/site-packages/airflow/example_dags/example_task_group.py
[2025-05-25T08:36:34.985+0000] {processor.py:840} INFO - DAG(s) 'example_task_group' retrieved from /home/airflow/.local/lib/python3.12/site-packages/airflow/example_dags/example_task_group.py
[2025-05-25T08:36:34.996+0000] {logging_mixin.py:188} INFO - [2025-05-25T08:36:34.996+0000] {dag.py:3096} INFO - Sync 1 DAGs
[2025-05-25T08:36:35.005+0000] {logging_mixin.py:188} INFO - [2025-05-25T08:36:35.005+0000] {dag.py:3954} INFO - Setting next_dagrun for example_task_group to 2025-05-24 00:00:00+00:00, run_after=2025-05-25 00:00:00+00:00
[2025-05-25T08:36:35.012+0000] {processor.py:183} INFO - Processing /home/airflow/.local/lib/python3.12/site-packages/airflow/example_dags/example_task_group.py took 0.036 seconds
[2025-05-25T08:37:05.922+0000] {processor.py:161} INFO - Started process (PID=6666) to work on /home/airflow/.local/lib/python3.12/site-packages/airflow/example_dags/example_task_group.py
[2025-05-25T08:37:05.923+0000] {processor.py:830} INFO - Processing file /home/airflow/.local/lib/python3.12/site-packages/airflow/example_dags/example_task_group.py for tasks to queue
[2025-05-25T08:37:05.924+0000] {logging_mixin.py:188} INFO - [2025-05-25T08:37:05.924+0000] {dagbag.py:540} INFO - Filling up the DagBag from /home/airflow/.local/lib/python3.12/site-packages/airflow/example_dags/example_task_group.py
[2025-05-25T08:37:05.929+0000] {processor.py:840} INFO - DAG(s) 'example_task_group' retrieved from /home/airflow/.local/lib/python3.12/site-packages/airflow/example_dags/example_task_group.py
[2025-05-25T08:37:05.948+0000] {logging_mixin.py:188} INFO - [2025-05-25T08:37:05.948+0000] {dag.py:3096} INFO - Sync 1 DAGs
[2025-05-25T08:37:06.081+0000] {logging_mixin.py:188} INFO - [2025-05-25T08:37:06.081+0000] {dag.py:3954} INFO - Setting next_dagrun for example_task_group to 2025-05-24 00:00:00+00:00, run_after=2025-05-25 00:00:00+00:00
[2025-05-25T08:37:06.088+0000] {processor.py:183} INFO - Processing /home/airflow/.local/lib/python3.12/site-packages/airflow/example_dags/example_task_group.py took 0.170 seconds
[2025-05-25T08:37:37.153+0000] {processor.py:161} INFO - Started process (PID=6732) to work on /home/airflow/.local/lib/python3.12/site-packages/airflow/example_dags/example_task_group.py
[2025-05-25T08:37:37.154+0000] {processor.py:830} INFO - Processing file /home/airflow/.local/lib/python3.12/site-packages/airflow/example_dags/example_task_group.py for tasks to queue
[2025-05-25T08:37:37.154+0000] {logging_mixin.py:188} INFO - [2025-05-25T08:37:37.154+0000] {dagbag.py:540} INFO - Filling up the DagBag from /home/airflow/.local/lib/python3.12/site-packages/airflow/example_dags/example_task_group.py
[2025-05-25T08:37:37.159+0000] {processor.py:840} INFO - DAG(s) 'example_task_group' retrieved from /home/airflow/.local/lib/python3.12/site-packages/airflow/example_dags/example_task_group.py
[2025-05-25T08:37:37.172+0000] {logging_mixin.py:188} INFO - [2025-05-25T08:37:37.172+0000] {dag.py:3096} INFO - Sync 1 DAGs
[2025-05-25T08:37:37.182+0000] {logging_mixin.py:188} INFO - [2025-05-25T08:37:37.182+0000] {dag.py:3954} INFO - Setting next_dagrun for example_task_group to 2025-05-24 00:00:00+00:00, run_after=2025-05-25 00:00:00+00:00
[2025-05-25T08:37:37.289+0000] {processor.py:183} INFO - Processing /home/airflow/.local/lib/python3.12/site-packages/airflow/example_dags/example_task_group.py took 0.142 seconds
[2025-05-25T08:38:08.124+0000] {processor.py:161} INFO - Started process (PID=6794) to work on /home/airflow/.local/lib/python3.12/site-packages/airflow/example_dags/example_task_group.py
[2025-05-25T08:38:08.126+0000] {processor.py:830} INFO - Processing file /home/airflow/.local/lib/python3.12/site-packages/airflow/example_dags/example_task_group.py for tasks to queue
[2025-05-25T08:38:08.128+0000] {logging_mixin.py:188} INFO - [2025-05-25T08:38:08.128+0000] {dagbag.py:540} INFO - Filling up the DagBag from /home/airflow/.local/lib/python3.12/site-packages/airflow/example_dags/example_task_group.py
[2025-05-25T08:38:08.134+0000] {processor.py:840} INFO - DAG(s) 'example_task_group' retrieved from /home/airflow/.local/lib/python3.12/site-packages/airflow/example_dags/example_task_group.py
[2025-05-25T08:38:08.154+0000] {logging_mixin.py:188} INFO - [2025-05-25T08:38:08.153+0000] {dag.py:3096} INFO - Sync 1 DAGs
[2025-05-25T08:38:08.165+0000] {logging_mixin.py:188} INFO - [2025-05-25T08:38:08.165+0000] {dag.py:3954} INFO - Setting next_dagrun for example_task_group to 2025-05-24 00:00:00+00:00, run_after=2025-05-25 00:00:00+00:00
[2025-05-25T08:38:08.178+0000] {processor.py:183} INFO - Processing /home/airflow/.local/lib/python3.12/site-packages/airflow/example_dags/example_task_group.py took 0.058 seconds
[2025-05-25T08:38:38.700+0000] {processor.py:161} INFO - Started process (PID=6860) to work on /home/airflow/.local/lib/python3.12/site-packages/airflow/example_dags/example_task_group.py
[2025-05-25T08:38:38.706+0000] {processor.py:830} INFO - Processing file /home/airflow/.local/lib/python3.12/site-packages/airflow/example_dags/example_task_group.py for tasks to queue
[2025-05-25T08:38:38.708+0000] {logging_mixin.py:188} INFO - [2025-05-25T08:38:38.707+0000] {dagbag.py:540} INFO - Filling up the DagBag from /home/airflow/.local/lib/python3.12/site-packages/airflow/example_dags/example_task_group.py
[2025-05-25T08:38:38.713+0000] {processor.py:840} INFO - DAG(s) 'example_task_group' retrieved from /home/airflow/.local/lib/python3.12/site-packages/airflow/example_dags/example_task_group.py
[2025-05-25T08:38:38.727+0000] {logging_mixin.py:188} INFO - [2025-05-25T08:38:38.727+0000] {dag.py:3096} INFO - Sync 1 DAGs
[2025-05-25T08:38:38.738+0000] {logging_mixin.py:188} INFO - [2025-05-25T08:38:38.737+0000] {dag.py:3954} INFO - Setting next_dagrun for example_task_group to 2025-05-24 00:00:00+00:00, run_after=2025-05-25 00:00:00+00:00
[2025-05-25T08:38:38.751+0000] {processor.py:183} INFO - Processing /home/airflow/.local/lib/python3.12/site-packages/airflow/example_dags/example_task_group.py took 0.057 seconds
[2025-05-25T08:39:09.733+0000] {processor.py:161} INFO - Started process (PID=6926) to work on /home/airflow/.local/lib/python3.12/site-packages/airflow/example_dags/example_task_group.py
[2025-05-25T08:39:09.741+0000] {processor.py:830} INFO - Processing file /home/airflow/.local/lib/python3.12/site-packages/airflow/example_dags/example_task_group.py for tasks to queue
[2025-05-25T08:39:09.742+0000] {logging_mixin.py:188} INFO - [2025-05-25T08:39:09.742+0000] {dagbag.py:540} INFO - Filling up the DagBag from /home/airflow/.local/lib/python3.12/site-packages/airflow/example_dags/example_task_group.py
[2025-05-25T08:39:09.747+0000] {processor.py:840} INFO - DAG(s) 'example_task_group' retrieved from /home/airflow/.local/lib/python3.12/site-packages/airflow/example_dags/example_task_group.py
[2025-05-25T08:39:09.760+0000] {logging_mixin.py:188} INFO - [2025-05-25T08:39:09.760+0000] {dag.py:3096} INFO - Sync 1 DAGs
[2025-05-25T08:39:09.772+0000] {logging_mixin.py:188} INFO - [2025-05-25T08:39:09.772+0000] {dag.py:3954} INFO - Setting next_dagrun for example_task_group to 2025-05-24 00:00:00+00:00, run_after=2025-05-25 00:00:00+00:00
[2025-05-25T08:39:09.783+0000] {processor.py:183} INFO - Processing /home/airflow/.local/lib/python3.12/site-packages/airflow/example_dags/example_task_group.py took 0.055 seconds
[2025-05-25T08:39:40.014+0000] {processor.py:161} INFO - Started process (PID=6992) to work on /home/airflow/.local/lib/python3.12/site-packages/airflow/example_dags/example_task_group.py
[2025-05-25T08:39:40.015+0000] {processor.py:830} INFO - Processing file /home/airflow/.local/lib/python3.12/site-packages/airflow/example_dags/example_task_group.py for tasks to queue
[2025-05-25T08:39:40.016+0000] {logging_mixin.py:188} INFO - [2025-05-25T08:39:40.015+0000] {dagbag.py:540} INFO - Filling up the DagBag from /home/airflow/.local/lib/python3.12/site-packages/airflow/example_dags/example_task_group.py
[2025-05-25T08:39:40.020+0000] {processor.py:840} INFO - DAG(s) 'example_task_group' retrieved from /home/airflow/.local/lib/python3.12/site-packages/airflow/example_dags/example_task_group.py
[2025-05-25T08:39:40.034+0000] {logging_mixin.py:188} INFO - [2025-05-25T08:39:40.034+0000] {dag.py:3096} INFO - Sync 1 DAGs
[2025-05-25T08:39:40.045+0000] {logging_mixin.py:188} INFO - [2025-05-25T08:39:40.045+0000] {dag.py:3954} INFO - Setting next_dagrun for example_task_group to 2025-05-24 00:00:00+00:00, run_after=2025-05-25 00:00:00+00:00
[2025-05-25T08:39:40.056+0000] {processor.py:183} INFO - Processing /home/airflow/.local/lib/python3.12/site-packages/airflow/example_dags/example_task_group.py took 0.046 seconds
[2025-05-25T08:40:10.482+0000] {processor.py:161} INFO - Started process (PID=7058) to work on /home/airflow/.local/lib/python3.12/site-packages/airflow/example_dags/example_task_group.py
[2025-05-25T08:40:10.484+0000] {processor.py:830} INFO - Processing file /home/airflow/.local/lib/python3.12/site-packages/airflow/example_dags/example_task_group.py for tasks to queue
[2025-05-25T08:40:10.487+0000] {logging_mixin.py:188} INFO - [2025-05-25T08:40:10.487+0000] {dagbag.py:540} INFO - Filling up the DagBag from /home/airflow/.local/lib/python3.12/site-packages/airflow/example_dags/example_task_group.py
[2025-05-25T08:40:10.496+0000] {processor.py:840} INFO - DAG(s) 'example_task_group' retrieved from /home/airflow/.local/lib/python3.12/site-packages/airflow/example_dags/example_task_group.py
[2025-05-25T08:40:10.519+0000] {logging_mixin.py:188} INFO - [2025-05-25T08:40:10.519+0000] {dag.py:3096} INFO - Sync 1 DAGs
[2025-05-25T08:40:10.531+0000] {logging_mixin.py:188} INFO - [2025-05-25T08:40:10.531+0000] {dag.py:3954} INFO - Setting next_dagrun for example_task_group to 2025-05-24 00:00:00+00:00, run_after=2025-05-25 00:00:00+00:00
[2025-05-25T08:40:10.543+0000] {processor.py:183} INFO - Processing /home/airflow/.local/lib/python3.12/site-packages/airflow/example_dags/example_task_group.py took 0.067 seconds
[2025-05-25T08:40:40.613+0000] {processor.py:161} INFO - Started process (PID=7123) to work on /home/airflow/.local/lib/python3.12/site-packages/airflow/example_dags/example_task_group.py
[2025-05-25T08:40:40.617+0000] {processor.py:830} INFO - Processing file /home/airflow/.local/lib/python3.12/site-packages/airflow/example_dags/example_task_group.py for tasks to queue
[2025-05-25T08:40:40.620+0000] {logging_mixin.py:188} INFO - [2025-05-25T08:40:40.619+0000] {dagbag.py:540} INFO - Filling up the DagBag from /home/airflow/.local/lib/python3.12/site-packages/airflow/example_dags/example_task_group.py
[2025-05-25T08:40:40.623+0000] {processor.py:840} INFO - DAG(s) 'example_task_group' retrieved from /home/airflow/.local/lib/python3.12/site-packages/airflow/example_dags/example_task_group.py
[2025-05-25T08:40:40.638+0000] {logging_mixin.py:188} INFO - [2025-05-25T08:40:40.638+0000] {dag.py:3096} INFO - Sync 1 DAGs
[2025-05-25T08:40:40.650+0000] {logging_mixin.py:188} INFO - [2025-05-25T08:40:40.650+0000] {dag.py:3954} INFO - Setting next_dagrun for example_task_group to 2025-05-24 00:00:00+00:00, run_after=2025-05-25 00:00:00+00:00
[2025-05-25T08:40:40.662+0000] {processor.py:183} INFO - Processing /home/airflow/.local/lib/python3.12/site-packages/airflow/example_dags/example_task_group.py took 0.053 seconds
[2025-05-25T08:41:11.638+0000] {processor.py:161} INFO - Started process (PID=7189) to work on /home/airflow/.local/lib/python3.12/site-packages/airflow/example_dags/example_task_group.py
[2025-05-25T08:41:11.639+0000] {processor.py:830} INFO - Processing file /home/airflow/.local/lib/python3.12/site-packages/airflow/example_dags/example_task_group.py for tasks to queue
[2025-05-25T08:41:11.640+0000] {logging_mixin.py:188} INFO - [2025-05-25T08:41:11.639+0000] {dagbag.py:540} INFO - Filling up the DagBag from /home/airflow/.local/lib/python3.12/site-packages/airflow/example_dags/example_task_group.py
[2025-05-25T08:41:11.648+0000] {processor.py:840} INFO - DAG(s) 'example_task_group' retrieved from /home/airflow/.local/lib/python3.12/site-packages/airflow/example_dags/example_task_group.py
[2025-05-25T08:41:11.671+0000] {logging_mixin.py:188} INFO - [2025-05-25T08:41:11.670+0000] {dag.py:3096} INFO - Sync 1 DAGs
[2025-05-25T08:41:11.683+0000] {logging_mixin.py:188} INFO - [2025-05-25T08:41:11.683+0000] {dag.py:3954} INFO - Setting next_dagrun for example_task_group to 2025-05-24 00:00:00+00:00, run_after=2025-05-25 00:00:00+00:00
[2025-05-25T08:41:11.700+0000] {processor.py:183} INFO - Processing /home/airflow/.local/lib/python3.12/site-packages/airflow/example_dags/example_task_group.py took 0.068 seconds
[2025-05-25T08:41:41.852+0000] {processor.py:161} INFO - Started process (PID=7255) to work on /home/airflow/.local/lib/python3.12/site-packages/airflow/example_dags/example_task_group.py
[2025-05-25T08:41:41.855+0000] {processor.py:830} INFO - Processing file /home/airflow/.local/lib/python3.12/site-packages/airflow/example_dags/example_task_group.py for tasks to queue
[2025-05-25T08:41:41.857+0000] {logging_mixin.py:188} INFO - [2025-05-25T08:41:41.857+0000] {dagbag.py:540} INFO - Filling up the DagBag from /home/airflow/.local/lib/python3.12/site-packages/airflow/example_dags/example_task_group.py
[2025-05-25T08:41:41.861+0000] {processor.py:840} INFO - DAG(s) 'example_task_group' retrieved from /home/airflow/.local/lib/python3.12/site-packages/airflow/example_dags/example_task_group.py
[2025-05-25T08:41:41.878+0000] {logging_mixin.py:188} INFO - [2025-05-25T08:41:41.878+0000] {dag.py:3096} INFO - Sync 1 DAGs
[2025-05-25T08:41:41.889+0000] {logging_mixin.py:188} INFO - [2025-05-25T08:41:41.889+0000] {dag.py:3954} INFO - Setting next_dagrun for example_task_group to 2025-05-24 00:00:00+00:00, run_after=2025-05-25 00:00:00+00:00
[2025-05-25T08:41:41.901+0000] {processor.py:183} INFO - Processing /home/airflow/.local/lib/python3.12/site-packages/airflow/example_dags/example_task_group.py took 0.052 seconds
[2025-05-25T08:42:12.892+0000] {processor.py:161} INFO - Started process (PID=7327) to work on /home/airflow/.local/lib/python3.12/site-packages/airflow/example_dags/example_task_group.py
[2025-05-25T08:42:12.898+0000] {processor.py:830} INFO - Processing file /home/airflow/.local/lib/python3.12/site-packages/airflow/example_dags/example_task_group.py for tasks to queue
[2025-05-25T08:42:12.903+0000] {logging_mixin.py:188} INFO - [2025-05-25T08:42:12.902+0000] {dagbag.py:540} INFO - Filling up the DagBag from /home/airflow/.local/lib/python3.12/site-packages/airflow/example_dags/example_task_group.py
[2025-05-25T08:42:12.908+0000] {processor.py:840} INFO - DAG(s) 'example_task_group' retrieved from /home/airflow/.local/lib/python3.12/site-packages/airflow/example_dags/example_task_group.py
[2025-05-25T08:42:12.922+0000] {logging_mixin.py:188} INFO - [2025-05-25T08:42:12.922+0000] {dag.py:3096} INFO - Sync 1 DAGs
[2025-05-25T08:42:12.932+0000] {logging_mixin.py:188} INFO - [2025-05-25T08:42:12.932+0000] {dag.py:3954} INFO - Setting next_dagrun for example_task_group to 2025-05-24 00:00:00+00:00, run_after=2025-05-25 00:00:00+00:00
[2025-05-25T08:42:12.944+0000] {processor.py:183} INFO - Processing /home/airflow/.local/lib/python3.12/site-packages/airflow/example_dags/example_task_group.py took 0.059 seconds
[2025-05-25T08:42:43.158+0000] {processor.py:161} INFO - Started process (PID=7393) to work on /home/airflow/.local/lib/python3.12/site-packages/airflow/example_dags/example_task_group.py
[2025-05-25T08:42:43.160+0000] {processor.py:830} INFO - Processing file /home/airflow/.local/lib/python3.12/site-packages/airflow/example_dags/example_task_group.py for tasks to queue
[2025-05-25T08:42:43.162+0000] {logging_mixin.py:188} INFO - [2025-05-25T08:42:43.161+0000] {dagbag.py:540} INFO - Filling up the DagBag from /home/airflow/.local/lib/python3.12/site-packages/airflow/example_dags/example_task_group.py
[2025-05-25T08:42:43.166+0000] {processor.py:840} INFO - DAG(s) 'example_task_group' retrieved from /home/airflow/.local/lib/python3.12/site-packages/airflow/example_dags/example_task_group.py
[2025-05-25T08:42:43.182+0000] {logging_mixin.py:188} INFO - [2025-05-25T08:42:43.182+0000] {dag.py:3096} INFO - Sync 1 DAGs
[2025-05-25T08:42:43.194+0000] {logging_mixin.py:188} INFO - [2025-05-25T08:42:43.194+0000] {dag.py:3954} INFO - Setting next_dagrun for example_task_group to 2025-05-24 00:00:00+00:00, run_after=2025-05-25 00:00:00+00:00
[2025-05-25T08:42:43.205+0000] {processor.py:183} INFO - Processing /home/airflow/.local/lib/python3.12/site-packages/airflow/example_dags/example_task_group.py took 0.052 seconds
[2025-05-25T08:43:13.664+0000] {processor.py:161} INFO - Started process (PID=7459) to work on /home/airflow/.local/lib/python3.12/site-packages/airflow/example_dags/example_task_group.py
[2025-05-25T08:43:13.669+0000] {processor.py:830} INFO - Processing file /home/airflow/.local/lib/python3.12/site-packages/airflow/example_dags/example_task_group.py for tasks to queue
[2025-05-25T08:43:13.669+0000] {logging_mixin.py:188} INFO - [2025-05-25T08:43:13.669+0000] {dagbag.py:540} INFO - Filling up the DagBag from /home/airflow/.local/lib/python3.12/site-packages/airflow/example_dags/example_task_group.py
[2025-05-25T08:43:13.675+0000] {processor.py:840} INFO - DAG(s) 'example_task_group' retrieved from /home/airflow/.local/lib/python3.12/site-packages/airflow/example_dags/example_task_group.py
[2025-05-25T08:43:13.694+0000] {logging_mixin.py:188} INFO - [2025-05-25T08:43:13.694+0000] {dag.py:3096} INFO - Sync 1 DAGs
[2025-05-25T08:43:13.708+0000] {logging_mixin.py:188} INFO - [2025-05-25T08:43:13.708+0000] {dag.py:3954} INFO - Setting next_dagrun for example_task_group to 2025-05-24 00:00:00+00:00, run_after=2025-05-25 00:00:00+00:00
[2025-05-25T08:43:13.729+0000] {processor.py:183} INFO - Processing /home/airflow/.local/lib/python3.12/site-packages/airflow/example_dags/example_task_group.py took 0.073 seconds
[2025-05-25T08:43:44.306+0000] {processor.py:161} INFO - Started process (PID=7525) to work on /home/airflow/.local/lib/python3.12/site-packages/airflow/example_dags/example_task_group.py
[2025-05-25T08:43:44.311+0000] {processor.py:830} INFO - Processing file /home/airflow/.local/lib/python3.12/site-packages/airflow/example_dags/example_task_group.py for tasks to queue
[2025-05-25T08:43:44.312+0000] {logging_mixin.py:188} INFO - [2025-05-25T08:43:44.312+0000] {dagbag.py:540} INFO - Filling up the DagBag from /home/airflow/.local/lib/python3.12/site-packages/airflow/example_dags/example_task_group.py
[2025-05-25T08:43:44.319+0000] {processor.py:840} INFO - DAG(s) 'example_task_group' retrieved from /home/airflow/.local/lib/python3.12/site-packages/airflow/example_dags/example_task_group.py
[2025-05-25T08:43:44.338+0000] {logging_mixin.py:188} INFO - [2025-05-25T08:43:44.338+0000] {dag.py:3096} INFO - Sync 1 DAGs
[2025-05-25T08:43:44.349+0000] {logging_mixin.py:188} INFO - [2025-05-25T08:43:44.349+0000] {dag.py:3954} INFO - Setting next_dagrun for example_task_group to 2025-05-24 00:00:00+00:00, run_after=2025-05-25 00:00:00+00:00
[2025-05-25T08:43:44.362+0000] {processor.py:183} INFO - Processing /home/airflow/.local/lib/python3.12/site-packages/airflow/example_dags/example_task_group.py took 0.061 seconds
[2025-05-25T08:44:14.595+0000] {processor.py:161} INFO - Started process (PID=7591) to work on /home/airflow/.local/lib/python3.12/site-packages/airflow/example_dags/example_task_group.py
[2025-05-25T08:44:14.601+0000] {processor.py:830} INFO - Processing file /home/airflow/.local/lib/python3.12/site-packages/airflow/example_dags/example_task_group.py for tasks to queue
[2025-05-25T08:44:14.602+0000] {logging_mixin.py:188} INFO - [2025-05-25T08:44:14.601+0000] {dagbag.py:540} INFO - Filling up the DagBag from /home/airflow/.local/lib/python3.12/site-packages/airflow/example_dags/example_task_group.py
[2025-05-25T08:44:14.606+0000] {processor.py:840} INFO - DAG(s) 'example_task_group' retrieved from /home/airflow/.local/lib/python3.12/site-packages/airflow/example_dags/example_task_group.py
[2025-05-25T08:44:14.623+0000] {logging_mixin.py:188} INFO - [2025-05-25T08:44:14.622+0000] {dag.py:3096} INFO - Sync 1 DAGs
[2025-05-25T08:44:14.639+0000] {logging_mixin.py:188} INFO - [2025-05-25T08:44:14.638+0000] {dag.py:3954} INFO - Setting next_dagrun for example_task_group to 2025-05-24 00:00:00+00:00, run_after=2025-05-25 00:00:00+00:00
[2025-05-25T08:44:14.649+0000] {processor.py:183} INFO - Processing /home/airflow/.local/lib/python3.12/site-packages/airflow/example_dags/example_task_group.py took 0.061 seconds
[2025-05-25T08:44:44.886+0000] {processor.py:161} INFO - Started process (PID=7657) to work on /home/airflow/.local/lib/python3.12/site-packages/airflow/example_dags/example_task_group.py
[2025-05-25T08:44:44.889+0000] {processor.py:830} INFO - Processing file /home/airflow/.local/lib/python3.12/site-packages/airflow/example_dags/example_task_group.py for tasks to queue
[2025-05-25T08:44:44.890+0000] {logging_mixin.py:188} INFO - [2025-05-25T08:44:44.890+0000] {dagbag.py:540} INFO - Filling up the DagBag from /home/airflow/.local/lib/python3.12/site-packages/airflow/example_dags/example_task_group.py
[2025-05-25T08:44:44.897+0000] {processor.py:840} INFO - DAG(s) 'example_task_group' retrieved from /home/airflow/.local/lib/python3.12/site-packages/airflow/example_dags/example_task_group.py
[2025-05-25T08:44:44.912+0000] {logging_mixin.py:188} INFO - [2025-05-25T08:44:44.912+0000] {dag.py:3096} INFO - Sync 1 DAGs
[2025-05-25T08:44:44.926+0000] {logging_mixin.py:188} INFO - [2025-05-25T08:44:44.926+0000] {dag.py:3954} INFO - Setting next_dagrun for example_task_group to 2025-05-24 00:00:00+00:00, run_after=2025-05-25 00:00:00+00:00
[2025-05-25T08:44:44.938+0000] {processor.py:183} INFO - Processing /home/airflow/.local/lib/python3.12/site-packages/airflow/example_dags/example_task_group.py took 0.059 seconds
[2025-05-25T08:45:15.379+0000] {processor.py:161} INFO - Started process (PID=7723) to work on /home/airflow/.local/lib/python3.12/site-packages/airflow/example_dags/example_task_group.py
[2025-05-25T08:45:15.385+0000] {processor.py:830} INFO - Processing file /home/airflow/.local/lib/python3.12/site-packages/airflow/example_dags/example_task_group.py for tasks to queue
[2025-05-25T08:45:15.388+0000] {logging_mixin.py:188} INFO - [2025-05-25T08:45:15.387+0000] {dagbag.py:540} INFO - Filling up the DagBag from /home/airflow/.local/lib/python3.12/site-packages/airflow/example_dags/example_task_group.py
[2025-05-25T08:45:15.395+0000] {processor.py:840} INFO - DAG(s) 'example_task_group' retrieved from /home/airflow/.local/lib/python3.12/site-packages/airflow/example_dags/example_task_group.py
[2025-05-25T08:45:15.414+0000] {logging_mixin.py:188} INFO - [2025-05-25T08:45:15.414+0000] {dag.py:3096} INFO - Sync 1 DAGs
[2025-05-25T08:45:15.424+0000] {logging_mixin.py:188} INFO - [2025-05-25T08:45:15.424+0000] {dag.py:3954} INFO - Setting next_dagrun for example_task_group to 2025-05-24 00:00:00+00:00, run_after=2025-05-25 00:00:00+00:00
[2025-05-25T08:45:15.438+0000] {processor.py:183} INFO - Processing /home/airflow/.local/lib/python3.12/site-packages/airflow/example_dags/example_task_group.py took 0.067 seconds
[2025-05-25T08:45:45.543+0000] {processor.py:161} INFO - Started process (PID=7789) to work on /home/airflow/.local/lib/python3.12/site-packages/airflow/example_dags/example_task_group.py
[2025-05-25T08:45:45.544+0000] {processor.py:830} INFO - Processing file /home/airflow/.local/lib/python3.12/site-packages/airflow/example_dags/example_task_group.py for tasks to queue
[2025-05-25T08:45:45.545+0000] {logging_mixin.py:188} INFO - [2025-05-25T08:45:45.544+0000] {dagbag.py:540} INFO - Filling up the DagBag from /home/airflow/.local/lib/python3.12/site-packages/airflow/example_dags/example_task_group.py
[2025-05-25T08:45:45.548+0000] {processor.py:840} INFO - DAG(s) 'example_task_group' retrieved from /home/airflow/.local/lib/python3.12/site-packages/airflow/example_dags/example_task_group.py
[2025-05-25T08:45:45.558+0000] {logging_mixin.py:188} INFO - [2025-05-25T08:45:45.558+0000] {dag.py:3096} INFO - Sync 1 DAGs
[2025-05-25T08:45:45.567+0000] {logging_mixin.py:188} INFO - [2025-05-25T08:45:45.566+0000] {dag.py:3954} INFO - Setting next_dagrun for example_task_group to 2025-05-24 00:00:00+00:00, run_after=2025-05-25 00:00:00+00:00
[2025-05-25T08:45:45.574+0000] {processor.py:183} INFO - Processing /home/airflow/.local/lib/python3.12/site-packages/airflow/example_dags/example_task_group.py took 0.035 seconds
[2025-05-25T08:46:15.909+0000] {processor.py:161} INFO - Started process (PID=7848) to work on /home/airflow/.local/lib/python3.12/site-packages/airflow/example_dags/example_task_group.py
[2025-05-25T08:46:15.910+0000] {processor.py:830} INFO - Processing file /home/airflow/.local/lib/python3.12/site-packages/airflow/example_dags/example_task_group.py for tasks to queue
[2025-05-25T08:46:15.911+0000] {logging_mixin.py:188} INFO - [2025-05-25T08:46:15.910+0000] {dagbag.py:540} INFO - Filling up the DagBag from /home/airflow/.local/lib/python3.12/site-packages/airflow/example_dags/example_task_group.py
[2025-05-25T08:46:15.915+0000] {processor.py:840} INFO - DAG(s) 'example_task_group' retrieved from /home/airflow/.local/lib/python3.12/site-packages/airflow/example_dags/example_task_group.py
[2025-05-25T08:46:15.928+0000] {logging_mixin.py:188} INFO - [2025-05-25T08:46:15.928+0000] {dag.py:3096} INFO - Sync 1 DAGs
[2025-05-25T08:46:15.937+0000] {logging_mixin.py:188} INFO - [2025-05-25T08:46:15.937+0000] {dag.py:3954} INFO - Setting next_dagrun for example_task_group to 2025-05-24 00:00:00+00:00, run_after=2025-05-25 00:00:00+00:00
[2025-05-25T08:46:15.946+0000] {processor.py:183} INFO - Processing /home/airflow/.local/lib/python3.12/site-packages/airflow/example_dags/example_task_group.py took 0.049 seconds
[2025-05-25T08:46:46.007+0000] {processor.py:161} INFO - Started process (PID=7913) to work on /home/airflow/.local/lib/python3.12/site-packages/airflow/example_dags/example_task_group.py
[2025-05-25T08:46:46.008+0000] {processor.py:830} INFO - Processing file /home/airflow/.local/lib/python3.12/site-packages/airflow/example_dags/example_task_group.py for tasks to queue
[2025-05-25T08:46:46.008+0000] {logging_mixin.py:188} INFO - [2025-05-25T08:46:46.008+0000] {dagbag.py:540} INFO - Filling up the DagBag from /home/airflow/.local/lib/python3.12/site-packages/airflow/example_dags/example_task_group.py
[2025-05-25T08:46:46.012+0000] {processor.py:840} INFO - DAG(s) 'example_task_group' retrieved from /home/airflow/.local/lib/python3.12/site-packages/airflow/example_dags/example_task_group.py
[2025-05-25T08:46:46.025+0000] {logging_mixin.py:188} INFO - [2025-05-25T08:46:46.025+0000] {dag.py:3096} INFO - Sync 1 DAGs
[2025-05-25T08:46:46.036+0000] {logging_mixin.py:188} INFO - [2025-05-25T08:46:46.036+0000] {dag.py:3954} INFO - Setting next_dagrun for example_task_group to 2025-05-24 00:00:00+00:00, run_after=2025-05-25 00:00:00+00:00
[2025-05-25T08:46:46.047+0000] {processor.py:183} INFO - Processing /home/airflow/.local/lib/python3.12/site-packages/airflow/example_dags/example_task_group.py took 0.044 seconds
[2025-05-25T08:47:16.406+0000] {processor.py:161} INFO - Started process (PID=7978) to work on /home/airflow/.local/lib/python3.12/site-packages/airflow/example_dags/example_task_group.py
[2025-05-25T08:47:16.407+0000] {processor.py:830} INFO - Processing file /home/airflow/.local/lib/python3.12/site-packages/airflow/example_dags/example_task_group.py for tasks to queue
[2025-05-25T08:47:16.408+0000] {logging_mixin.py:188} INFO - [2025-05-25T08:47:16.408+0000] {dagbag.py:540} INFO - Filling up the DagBag from /home/airflow/.local/lib/python3.12/site-packages/airflow/example_dags/example_task_group.py
[2025-05-25T08:47:16.412+0000] {processor.py:840} INFO - DAG(s) 'example_task_group' retrieved from /home/airflow/.local/lib/python3.12/site-packages/airflow/example_dags/example_task_group.py
[2025-05-25T08:47:16.423+0000] {logging_mixin.py:188} INFO - [2025-05-25T08:47:16.423+0000] {dag.py:3096} INFO - Sync 1 DAGs
[2025-05-25T08:47:16.434+0000] {logging_mixin.py:188} INFO - [2025-05-25T08:47:16.434+0000] {dag.py:3954} INFO - Setting next_dagrun for example_task_group to 2025-05-24 00:00:00+00:00, run_after=2025-05-25 00:00:00+00:00
[2025-05-25T08:47:16.444+0000] {processor.py:183} INFO - Processing /home/airflow/.local/lib/python3.12/site-packages/airflow/example_dags/example_task_group.py took 0.042 seconds
[2025-05-25T08:47:47.001+0000] {processor.py:161} INFO - Started process (PID=8044) to work on /home/airflow/.local/lib/python3.12/site-packages/airflow/example_dags/example_task_group.py
[2025-05-25T08:47:47.002+0000] {processor.py:830} INFO - Processing file /home/airflow/.local/lib/python3.12/site-packages/airflow/example_dags/example_task_group.py for tasks to queue
[2025-05-25T08:47:47.003+0000] {logging_mixin.py:188} INFO - [2025-05-25T08:47:47.003+0000] {dagbag.py:540} INFO - Filling up the DagBag from /home/airflow/.local/lib/python3.12/site-packages/airflow/example_dags/example_task_group.py
[2025-05-25T08:47:47.007+0000] {processor.py:840} INFO - DAG(s) 'example_task_group' retrieved from /home/airflow/.local/lib/python3.12/site-packages/airflow/example_dags/example_task_group.py
[2025-05-25T08:47:47.024+0000] {logging_mixin.py:188} INFO - [2025-05-25T08:47:47.024+0000] {dag.py:3096} INFO - Sync 1 DAGs
[2025-05-25T08:47:47.047+0000] {logging_mixin.py:188} INFO - [2025-05-25T08:47:47.046+0000] {dag.py:3954} INFO - Setting next_dagrun for example_task_group to 2025-05-24 00:00:00+00:00, run_after=2025-05-25 00:00:00+00:00
[2025-05-25T08:47:47.058+0000] {processor.py:183} INFO - Processing /home/airflow/.local/lib/python3.12/site-packages/airflow/example_dags/example_task_group.py took 0.075 seconds
[2025-05-25T08:48:17.382+0000] {processor.py:161} INFO - Started process (PID=8110) to work on /home/airflow/.local/lib/python3.12/site-packages/airflow/example_dags/example_task_group.py
[2025-05-25T08:48:17.384+0000] {processor.py:830} INFO - Processing file /home/airflow/.local/lib/python3.12/site-packages/airflow/example_dags/example_task_group.py for tasks to queue
[2025-05-25T08:48:17.386+0000] {logging_mixin.py:188} INFO - [2025-05-25T08:48:17.386+0000] {dagbag.py:540} INFO - Filling up the DagBag from /home/airflow/.local/lib/python3.12/site-packages/airflow/example_dags/example_task_group.py
[2025-05-25T08:48:17.390+0000] {processor.py:840} INFO - DAG(s) 'example_task_group' retrieved from /home/airflow/.local/lib/python3.12/site-packages/airflow/example_dags/example_task_group.py
[2025-05-25T08:48:17.404+0000] {logging_mixin.py:188} INFO - [2025-05-25T08:48:17.404+0000] {dag.py:3096} INFO - Sync 1 DAGs
[2025-05-25T08:48:17.424+0000] {logging_mixin.py:188} INFO - [2025-05-25T08:48:17.423+0000] {dag.py:3954} INFO - Setting next_dagrun for example_task_group to 2025-05-24 00:00:00+00:00, run_after=2025-05-25 00:00:00+00:00
[2025-05-25T08:48:17.439+0000] {processor.py:183} INFO - Processing /home/airflow/.local/lib/python3.12/site-packages/airflow/example_dags/example_task_group.py took 0.067 seconds
[2025-05-25T08:48:48.526+0000] {processor.py:161} INFO - Started process (PID=8176) to work on /home/airflow/.local/lib/python3.12/site-packages/airflow/example_dags/example_task_group.py
[2025-05-25T08:48:48.527+0000] {processor.py:830} INFO - Processing file /home/airflow/.local/lib/python3.12/site-packages/airflow/example_dags/example_task_group.py for tasks to queue
[2025-05-25T08:48:48.528+0000] {logging_mixin.py:188} INFO - [2025-05-25T08:48:48.527+0000] {dagbag.py:540} INFO - Filling up the DagBag from /home/airflow/.local/lib/python3.12/site-packages/airflow/example_dags/example_task_group.py
[2025-05-25T08:48:48.531+0000] {processor.py:840} INFO - DAG(s) 'example_task_group' retrieved from /home/airflow/.local/lib/python3.12/site-packages/airflow/example_dags/example_task_group.py
[2025-05-25T08:48:48.544+0000] {logging_mixin.py:188} INFO - [2025-05-25T08:48:48.544+0000] {dag.py:3096} INFO - Sync 1 DAGs
[2025-05-25T08:48:48.553+0000] {logging_mixin.py:188} INFO - [2025-05-25T08:48:48.553+0000] {dag.py:3954} INFO - Setting next_dagrun for example_task_group to 2025-05-24 00:00:00+00:00, run_after=2025-05-25 00:00:00+00:00
[2025-05-25T08:48:48.561+0000] {processor.py:183} INFO - Processing /home/airflow/.local/lib/python3.12/site-packages/airflow/example_dags/example_task_group.py took 0.055 seconds
[2025-05-25T08:49:19.153+0000] {processor.py:161} INFO - Started process (PID=8242) to work on /home/airflow/.local/lib/python3.12/site-packages/airflow/example_dags/example_task_group.py
[2025-05-25T08:49:19.154+0000] {processor.py:830} INFO - Processing file /home/airflow/.local/lib/python3.12/site-packages/airflow/example_dags/example_task_group.py for tasks to queue
[2025-05-25T08:49:19.155+0000] {logging_mixin.py:188} INFO - [2025-05-25T08:49:19.155+0000] {dagbag.py:540} INFO - Filling up the DagBag from /home/airflow/.local/lib/python3.12/site-packages/airflow/example_dags/example_task_group.py
[2025-05-25T08:49:19.159+0000] {processor.py:840} INFO - DAG(s) 'example_task_group' retrieved from /home/airflow/.local/lib/python3.12/site-packages/airflow/example_dags/example_task_group.py
[2025-05-25T08:49:19.172+0000] {logging_mixin.py:188} INFO - [2025-05-25T08:49:19.172+0000] {dag.py:3096} INFO - Sync 1 DAGs
[2025-05-25T08:49:19.181+0000] {logging_mixin.py:188} INFO - [2025-05-25T08:49:19.181+0000] {dag.py:3954} INFO - Setting next_dagrun for example_task_group to 2025-05-24 00:00:00+00:00, run_after=2025-05-25 00:00:00+00:00
[2025-05-25T08:49:19.193+0000] {processor.py:183} INFO - Processing /home/airflow/.local/lib/python3.12/site-packages/airflow/example_dags/example_task_group.py took 0.044 seconds
[2025-05-25T08:49:49.265+0000] {processor.py:161} INFO - Started process (PID=8308) to work on /home/airflow/.local/lib/python3.12/site-packages/airflow/example_dags/example_task_group.py
[2025-05-25T08:49:49.266+0000] {processor.py:830} INFO - Processing file /home/airflow/.local/lib/python3.12/site-packages/airflow/example_dags/example_task_group.py for tasks to queue
[2025-05-25T08:49:49.266+0000] {logging_mixin.py:188} INFO - [2025-05-25T08:49:49.266+0000] {dagbag.py:540} INFO - Filling up the DagBag from /home/airflow/.local/lib/python3.12/site-packages/airflow/example_dags/example_task_group.py
[2025-05-25T08:49:49.269+0000] {processor.py:840} INFO - DAG(s) 'example_task_group' retrieved from /home/airflow/.local/lib/python3.12/site-packages/airflow/example_dags/example_task_group.py
[2025-05-25T08:49:49.281+0000] {logging_mixin.py:188} INFO - [2025-05-25T08:49:49.281+0000] {dag.py:3096} INFO - Sync 1 DAGs
[2025-05-25T08:49:49.294+0000] {logging_mixin.py:188} INFO - [2025-05-25T08:49:49.293+0000] {dag.py:3954} INFO - Setting next_dagrun for example_task_group to 2025-05-24 00:00:00+00:00, run_after=2025-05-25 00:00:00+00:00
[2025-05-25T08:49:49.304+0000] {processor.py:183} INFO - Processing /home/airflow/.local/lib/python3.12/site-packages/airflow/example_dags/example_task_group.py took 0.043 seconds
[2025-05-25T08:50:20.314+0000] {processor.py:161} INFO - Started process (PID=8374) to work on /home/airflow/.local/lib/python3.12/site-packages/airflow/example_dags/example_task_group.py
[2025-05-25T08:50:20.316+0000] {processor.py:830} INFO - Processing file /home/airflow/.local/lib/python3.12/site-packages/airflow/example_dags/example_task_group.py for tasks to queue
[2025-05-25T08:50:20.317+0000] {logging_mixin.py:188} INFO - [2025-05-25T08:50:20.317+0000] {dagbag.py:540} INFO - Filling up the DagBag from /home/airflow/.local/lib/python3.12/site-packages/airflow/example_dags/example_task_group.py
[2025-05-25T08:50:20.322+0000] {processor.py:840} INFO - DAG(s) 'example_task_group' retrieved from /home/airflow/.local/lib/python3.12/site-packages/airflow/example_dags/example_task_group.py
[2025-05-25T08:50:20.340+0000] {logging_mixin.py:188} INFO - [2025-05-25T08:50:20.340+0000] {dag.py:3096} INFO - Sync 1 DAGs
[2025-05-25T08:50:20.352+0000] {logging_mixin.py:188} INFO - [2025-05-25T08:50:20.352+0000] {dag.py:3954} INFO - Setting next_dagrun for example_task_group to 2025-05-24 00:00:00+00:00, run_after=2025-05-25 00:00:00+00:00
[2025-05-25T08:50:20.362+0000] {processor.py:183} INFO - Processing /home/airflow/.local/lib/python3.12/site-packages/airflow/example_dags/example_task_group.py took 0.050 seconds
[2025-05-25T08:50:50.892+0000] {processor.py:161} INFO - Started process (PID=8440) to work on /home/airflow/.local/lib/python3.12/site-packages/airflow/example_dags/example_task_group.py
[2025-05-25T08:50:50.896+0000] {processor.py:830} INFO - Processing file /home/airflow/.local/lib/python3.12/site-packages/airflow/example_dags/example_task_group.py for tasks to queue
[2025-05-25T08:50:50.896+0000] {logging_mixin.py:188} INFO - [2025-05-25T08:50:50.896+0000] {dagbag.py:540} INFO - Filling up the DagBag from /home/airflow/.local/lib/python3.12/site-packages/airflow/example_dags/example_task_group.py
[2025-05-25T08:50:50.901+0000] {processor.py:840} INFO - DAG(s) 'example_task_group' retrieved from /home/airflow/.local/lib/python3.12/site-packages/airflow/example_dags/example_task_group.py
[2025-05-25T08:50:50.916+0000] {logging_mixin.py:188} INFO - [2025-05-25T08:50:50.916+0000] {dag.py:3096} INFO - Sync 1 DAGs
[2025-05-25T08:50:50.927+0000] {logging_mixin.py:188} INFO - [2025-05-25T08:50:50.927+0000] {dag.py:3954} INFO - Setting next_dagrun for example_task_group to 2025-05-24 00:00:00+00:00, run_after=2025-05-25 00:00:00+00:00
[2025-05-25T08:50:50.936+0000] {processor.py:183} INFO - Processing /home/airflow/.local/lib/python3.12/site-packages/airflow/example_dags/example_task_group.py took 0.048 seconds
[2025-05-25T08:51:21.104+0000] {processor.py:161} INFO - Started process (PID=8506) to work on /home/airflow/.local/lib/python3.12/site-packages/airflow/example_dags/example_task_group.py
[2025-05-25T08:51:21.105+0000] {processor.py:830} INFO - Processing file /home/airflow/.local/lib/python3.12/site-packages/airflow/example_dags/example_task_group.py for tasks to queue
[2025-05-25T08:51:21.106+0000] {logging_mixin.py:188} INFO - [2025-05-25T08:51:21.106+0000] {dagbag.py:540} INFO - Filling up the DagBag from /home/airflow/.local/lib/python3.12/site-packages/airflow/example_dags/example_task_group.py
[2025-05-25T08:51:21.110+0000] {processor.py:840} INFO - DAG(s) 'example_task_group' retrieved from /home/airflow/.local/lib/python3.12/site-packages/airflow/example_dags/example_task_group.py
[2025-05-25T08:51:21.124+0000] {logging_mixin.py:188} INFO - [2025-05-25T08:51:21.124+0000] {dag.py:3096} INFO - Sync 1 DAGs
[2025-05-25T08:51:21.133+0000] {logging_mixin.py:188} INFO - [2025-05-25T08:51:21.133+0000] {dag.py:3954} INFO - Setting next_dagrun for example_task_group to 2025-05-24 00:00:00+00:00, run_after=2025-05-25 00:00:00+00:00
[2025-05-25T08:51:21.144+0000] {processor.py:183} INFO - Processing /home/airflow/.local/lib/python3.12/site-packages/airflow/example_dags/example_task_group.py took 0.043 seconds
[2025-05-25T08:51:51.402+0000] {processor.py:161} INFO - Started process (PID=8572) to work on /home/airflow/.local/lib/python3.12/site-packages/airflow/example_dags/example_task_group.py
[2025-05-25T08:51:51.403+0000] {processor.py:830} INFO - Processing file /home/airflow/.local/lib/python3.12/site-packages/airflow/example_dags/example_task_group.py for tasks to queue
[2025-05-25T08:51:51.403+0000] {logging_mixin.py:188} INFO - [2025-05-25T08:51:51.403+0000] {dagbag.py:540} INFO - Filling up the DagBag from /home/airflow/.local/lib/python3.12/site-packages/airflow/example_dags/example_task_group.py
[2025-05-25T08:51:51.406+0000] {processor.py:840} INFO - DAG(s) 'example_task_group' retrieved from /home/airflow/.local/lib/python3.12/site-packages/airflow/example_dags/example_task_group.py
[2025-05-25T08:51:51.418+0000] {logging_mixin.py:188} INFO - [2025-05-25T08:51:51.418+0000] {dag.py:3096} INFO - Sync 1 DAGs
[2025-05-25T08:51:51.429+0000] {logging_mixin.py:188} INFO - [2025-05-25T08:51:51.428+0000] {dag.py:3954} INFO - Setting next_dagrun for example_task_group to 2025-05-24 00:00:00+00:00, run_after=2025-05-25 00:00:00+00:00
[2025-05-25T08:51:51.439+0000] {processor.py:183} INFO - Processing /home/airflow/.local/lib/python3.12/site-packages/airflow/example_dags/example_task_group.py took 0.041 seconds
[2025-05-25T08:52:21.950+0000] {processor.py:161} INFO - Started process (PID=8638) to work on /home/airflow/.local/lib/python3.12/site-packages/airflow/example_dags/example_task_group.py
[2025-05-25T08:52:21.954+0000] {processor.py:830} INFO - Processing file /home/airflow/.local/lib/python3.12/site-packages/airflow/example_dags/example_task_group.py for tasks to queue
[2025-05-25T08:52:21.954+0000] {logging_mixin.py:188} INFO - [2025-05-25T08:52:21.954+0000] {dagbag.py:540} INFO - Filling up the DagBag from /home/airflow/.local/lib/python3.12/site-packages/airflow/example_dags/example_task_group.py
[2025-05-25T08:52:21.958+0000] {processor.py:840} INFO - DAG(s) 'example_task_group' retrieved from /home/airflow/.local/lib/python3.12/site-packages/airflow/example_dags/example_task_group.py
[2025-05-25T08:52:21.971+0000] {logging_mixin.py:188} INFO - [2025-05-25T08:52:21.971+0000] {dag.py:3096} INFO - Sync 1 DAGs
[2025-05-25T08:52:21.981+0000] {logging_mixin.py:188} INFO - [2025-05-25T08:52:21.981+0000] {dag.py:3954} INFO - Setting next_dagrun for example_task_group to 2025-05-24 00:00:00+00:00, run_after=2025-05-25 00:00:00+00:00
[2025-05-25T08:52:21.989+0000] {processor.py:183} INFO - Processing /home/airflow/.local/lib/python3.12/site-packages/airflow/example_dags/example_task_group.py took 0.043 seconds
[2025-05-25T08:52:52.401+0000] {processor.py:161} INFO - Started process (PID=8704) to work on /home/airflow/.local/lib/python3.12/site-packages/airflow/example_dags/example_task_group.py
[2025-05-25T08:52:52.404+0000] {processor.py:830} INFO - Processing file /home/airflow/.local/lib/python3.12/site-packages/airflow/example_dags/example_task_group.py for tasks to queue
[2025-05-25T08:52:52.405+0000] {logging_mixin.py:188} INFO - [2025-05-25T08:52:52.405+0000] {dagbag.py:540} INFO - Filling up the DagBag from /home/airflow/.local/lib/python3.12/site-packages/airflow/example_dags/example_task_group.py
[2025-05-25T08:52:52.408+0000] {processor.py:840} INFO - DAG(s) 'example_task_group' retrieved from /home/airflow/.local/lib/python3.12/site-packages/airflow/example_dags/example_task_group.py
[2025-05-25T08:52:52.422+0000] {logging_mixin.py:188} INFO - [2025-05-25T08:52:52.422+0000] {dag.py:3096} INFO - Sync 1 DAGs
[2025-05-25T08:52:52.432+0000] {logging_mixin.py:188} INFO - [2025-05-25T08:52:52.431+0000] {dag.py:3954} INFO - Setting next_dagrun for example_task_group to 2025-05-24 00:00:00+00:00, run_after=2025-05-25 00:00:00+00:00
[2025-05-25T08:52:52.440+0000] {processor.py:183} INFO - Processing /home/airflow/.local/lib/python3.12/site-packages/airflow/example_dags/example_task_group.py took 0.042 seconds
[2025-05-25T08:53:22.548+0000] {processor.py:161} INFO - Started process (PID=8770) to work on /home/airflow/.local/lib/python3.12/site-packages/airflow/example_dags/example_task_group.py
[2025-05-25T08:53:22.549+0000] {processor.py:830} INFO - Processing file /home/airflow/.local/lib/python3.12/site-packages/airflow/example_dags/example_task_group.py for tasks to queue
[2025-05-25T08:53:22.550+0000] {logging_mixin.py:188} INFO - [2025-05-25T08:53:22.549+0000] {dagbag.py:540} INFO - Filling up the DagBag from /home/airflow/.local/lib/python3.12/site-packages/airflow/example_dags/example_task_group.py
[2025-05-25T08:53:22.554+0000] {processor.py:840} INFO - DAG(s) 'example_task_group' retrieved from /home/airflow/.local/lib/python3.12/site-packages/airflow/example_dags/example_task_group.py
[2025-05-25T08:53:22.567+0000] {logging_mixin.py:188} INFO - [2025-05-25T08:53:22.567+0000] {dag.py:3096} INFO - Sync 1 DAGs
[2025-05-25T08:53:22.577+0000] {logging_mixin.py:188} INFO - [2025-05-25T08:53:22.576+0000] {dag.py:3954} INFO - Setting next_dagrun for example_task_group to 2025-05-24 00:00:00+00:00, run_after=2025-05-25 00:00:00+00:00
[2025-05-25T08:53:22.588+0000] {processor.py:183} INFO - Processing /home/airflow/.local/lib/python3.12/site-packages/airflow/example_dags/example_task_group.py took 0.043 seconds
[2025-05-25T08:53:52.913+0000] {processor.py:161} INFO - Started process (PID=8836) to work on /home/airflow/.local/lib/python3.12/site-packages/airflow/example_dags/example_task_group.py
[2025-05-25T08:53:52.917+0000] {processor.py:830} INFO - Processing file /home/airflow/.local/lib/python3.12/site-packages/airflow/example_dags/example_task_group.py for tasks to queue
[2025-05-25T08:53:52.917+0000] {logging_mixin.py:188} INFO - [2025-05-25T08:53:52.917+0000] {dagbag.py:540} INFO - Filling up the DagBag from /home/airflow/.local/lib/python3.12/site-packages/airflow/example_dags/example_task_group.py
[2025-05-25T08:53:52.922+0000] {processor.py:840} INFO - DAG(s) 'example_task_group' retrieved from /home/airflow/.local/lib/python3.12/site-packages/airflow/example_dags/example_task_group.py
[2025-05-25T08:53:52.936+0000] {logging_mixin.py:188} INFO - [2025-05-25T08:53:52.936+0000] {dag.py:3096} INFO - Sync 1 DAGs
[2025-05-25T08:53:52.946+0000] {logging_mixin.py:188} INFO - [2025-05-25T08:53:52.946+0000] {dag.py:3954} INFO - Setting next_dagrun for example_task_group to 2025-05-24 00:00:00+00:00, run_after=2025-05-25 00:00:00+00:00
[2025-05-25T08:53:52.955+0000] {processor.py:183} INFO - Processing /home/airflow/.local/lib/python3.12/site-packages/airflow/example_dags/example_task_group.py took 0.046 seconds
[2025-05-25T08:54:23.845+0000] {processor.py:161} INFO - Started process (PID=8902) to work on /home/airflow/.local/lib/python3.12/site-packages/airflow/example_dags/example_task_group.py
[2025-05-25T08:54:23.845+0000] {processor.py:830} INFO - Processing file /home/airflow/.local/lib/python3.12/site-packages/airflow/example_dags/example_task_group.py for tasks to queue
[2025-05-25T08:54:23.846+0000] {logging_mixin.py:188} INFO - [2025-05-25T08:54:23.846+0000] {dagbag.py:540} INFO - Filling up the DagBag from /home/airflow/.local/lib/python3.12/site-packages/airflow/example_dags/example_task_group.py
[2025-05-25T08:54:23.849+0000] {processor.py:840} INFO - DAG(s) 'example_task_group' retrieved from /home/airflow/.local/lib/python3.12/site-packages/airflow/example_dags/example_task_group.py
[2025-05-25T08:54:23.860+0000] {logging_mixin.py:188} INFO - [2025-05-25T08:54:23.860+0000] {dag.py:3096} INFO - Sync 1 DAGs
[2025-05-25T08:54:23.868+0000] {logging_mixin.py:188} INFO - [2025-05-25T08:54:23.868+0000] {dag.py:3954} INFO - Setting next_dagrun for example_task_group to 2025-05-24 00:00:00+00:00, run_after=2025-05-25 00:00:00+00:00
[2025-05-25T08:54:23.876+0000] {processor.py:183} INFO - Processing /home/airflow/.local/lib/python3.12/site-packages/airflow/example_dags/example_task_group.py took 0.037 seconds
[2025-05-25T08:54:53.999+0000] {processor.py:161} INFO - Started process (PID=8964) to work on /home/airflow/.local/lib/python3.12/site-packages/airflow/example_dags/example_task_group.py
[2025-05-25T08:54:54.000+0000] {processor.py:830} INFO - Processing file /home/airflow/.local/lib/python3.12/site-packages/airflow/example_dags/example_task_group.py for tasks to queue
[2025-05-25T08:54:54.001+0000] {logging_mixin.py:188} INFO - [2025-05-25T08:54:54.000+0000] {dagbag.py:540} INFO - Filling up the DagBag from /home/airflow/.local/lib/python3.12/site-packages/airflow/example_dags/example_task_group.py
[2025-05-25T08:54:54.004+0000] {processor.py:840} INFO - DAG(s) 'example_task_group' retrieved from /home/airflow/.local/lib/python3.12/site-packages/airflow/example_dags/example_task_group.py
[2025-05-25T08:54:54.015+0000] {logging_mixin.py:188} INFO - [2025-05-25T08:54:54.015+0000] {dag.py:3096} INFO - Sync 1 DAGs
[2025-05-25T08:54:54.024+0000] {logging_mixin.py:188} INFO - [2025-05-25T08:54:54.024+0000] {dag.py:3954} INFO - Setting next_dagrun for example_task_group to 2025-05-24 00:00:00+00:00, run_after=2025-05-25 00:00:00+00:00
[2025-05-25T08:54:54.031+0000] {processor.py:183} INFO - Processing /home/airflow/.local/lib/python3.12/site-packages/airflow/example_dags/example_task_group.py took 0.036 seconds
[2025-05-25T08:55:24.071+0000] {processor.py:161} INFO - Started process (PID=9026) to work on /home/airflow/.local/lib/python3.12/site-packages/airflow/example_dags/example_task_group.py
[2025-05-25T08:55:24.072+0000] {processor.py:830} INFO - Processing file /home/airflow/.local/lib/python3.12/site-packages/airflow/example_dags/example_task_group.py for tasks to queue
[2025-05-25T08:55:24.073+0000] {logging_mixin.py:188} INFO - [2025-05-25T08:55:24.073+0000] {dagbag.py:540} INFO - Filling up the DagBag from /home/airflow/.local/lib/python3.12/site-packages/airflow/example_dags/example_task_group.py
[2025-05-25T08:55:24.077+0000] {processor.py:840} INFO - DAG(s) 'example_task_group' retrieved from /home/airflow/.local/lib/python3.12/site-packages/airflow/example_dags/example_task_group.py
[2025-05-25T08:55:24.089+0000] {logging_mixin.py:188} INFO - [2025-05-25T08:55:24.089+0000] {dag.py:3096} INFO - Sync 1 DAGs
[2025-05-25T08:55:24.099+0000] {logging_mixin.py:188} INFO - [2025-05-25T08:55:24.099+0000] {dag.py:3954} INFO - Setting next_dagrun for example_task_group to 2025-05-24 00:00:00+00:00, run_after=2025-05-25 00:00:00+00:00
[2025-05-25T08:55:24.111+0000] {processor.py:183} INFO - Processing /home/airflow/.local/lib/python3.12/site-packages/airflow/example_dags/example_task_group.py took 0.043 seconds
[2025-05-25T08:55:54.911+0000] {processor.py:161} INFO - Started process (PID=9092) to work on /home/airflow/.local/lib/python3.12/site-packages/airflow/example_dags/example_task_group.py
[2025-05-25T08:55:54.913+0000] {processor.py:830} INFO - Processing file /home/airflow/.local/lib/python3.12/site-packages/airflow/example_dags/example_task_group.py for tasks to queue
[2025-05-25T08:55:54.913+0000] {logging_mixin.py:188} INFO - [2025-05-25T08:55:54.913+0000] {dagbag.py:540} INFO - Filling up the DagBag from /home/airflow/.local/lib/python3.12/site-packages/airflow/example_dags/example_task_group.py
[2025-05-25T08:55:54.917+0000] {processor.py:840} INFO - DAG(s) 'example_task_group' retrieved from /home/airflow/.local/lib/python3.12/site-packages/airflow/example_dags/example_task_group.py
[2025-05-25T08:55:54.931+0000] {logging_mixin.py:188} INFO - [2025-05-25T08:55:54.931+0000] {dag.py:3096} INFO - Sync 1 DAGs
[2025-05-25T08:55:54.944+0000] {logging_mixin.py:188} INFO - [2025-05-25T08:55:54.944+0000] {dag.py:3954} INFO - Setting next_dagrun for example_task_group to 2025-05-24 00:00:00+00:00, run_after=2025-05-25 00:00:00+00:00
[2025-05-25T08:55:54.960+0000] {processor.py:183} INFO - Processing /home/airflow/.local/lib/python3.12/site-packages/airflow/example_dags/example_task_group.py took 0.053 seconds
[2025-05-25T08:56:25.123+0000] {processor.py:161} INFO - Started process (PID=9158) to work on /home/airflow/.local/lib/python3.12/site-packages/airflow/example_dags/example_task_group.py
[2025-05-25T08:56:25.127+0000] {processor.py:830} INFO - Processing file /home/airflow/.local/lib/python3.12/site-packages/airflow/example_dags/example_task_group.py for tasks to queue
[2025-05-25T08:56:25.127+0000] {logging_mixin.py:188} INFO - [2025-05-25T08:56:25.127+0000] {dagbag.py:540} INFO - Filling up the DagBag from /home/airflow/.local/lib/python3.12/site-packages/airflow/example_dags/example_task_group.py
[2025-05-25T08:56:25.132+0000] {processor.py:840} INFO - DAG(s) 'example_task_group' retrieved from /home/airflow/.local/lib/python3.12/site-packages/airflow/example_dags/example_task_group.py
[2025-05-25T08:56:25.150+0000] {logging_mixin.py:188} INFO - [2025-05-25T08:56:25.150+0000] {dag.py:3096} INFO - Sync 1 DAGs
[2025-05-25T08:56:25.169+0000] {logging_mixin.py:188} INFO - [2025-05-25T08:56:25.168+0000] {dag.py:3954} INFO - Setting next_dagrun for example_task_group to 2025-05-24 00:00:00+00:00, run_after=2025-05-25 00:00:00+00:00
[2025-05-25T08:56:25.182+0000] {processor.py:183} INFO - Processing /home/airflow/.local/lib/python3.12/site-packages/airflow/example_dags/example_task_group.py took 0.064 seconds
