[2025-05-25T08:15:27.027+0000] {processor.py:161} INFO - Started process (PID=4290) to work on /home/airflow/.local/lib/python3.12/site-packages/airflow/example_dags/example_sla_dag.py
[2025-05-25T08:15:27.027+0000] {processor.py:830} INFO - Processing file /home/airflow/.local/lib/python3.12/site-packages/airflow/example_dags/example_sla_dag.py for tasks to queue
[2025-05-25T08:15:27.029+0000] {logging_mixin.py:188} INFO - [2025-05-25T08:15:27.029+0000] {dagbag.py:540} INFO - Filling up the DagBag from /home/airflow/.local/lib/python3.12/site-packages/airflow/example_dags/example_sla_dag.py
[2025-05-25T08:15:27.041+0000] {processor.py:840} INFO - DAG(s) 'example_sla_dag' retrieved from /home/airflow/.local/lib/python3.12/site-packages/airflow/example_dags/example_sla_dag.py
[2025-05-25T08:15:27.057+0000] {logging_mixin.py:188} INFO - [2025-05-25T08:15:27.057+0000] {dag.py:3096} INFO - Sync 1 DAGs
[2025-05-25T08:15:27.081+0000] {logging_mixin.py:188} INFO - [2025-05-25T08:15:27.081+0000] {dag.py:3954} INFO - Setting next_dagrun for example_sla_dag to 2025-05-25 08:12:00+00:00, run_after=2025-05-25 08:14:00+00:00
[2025-05-25T08:15:27.099+0000] {processor.py:183} INFO - Processing /home/airflow/.local/lib/python3.12/site-packages/airflow/example_dags/example_sla_dag.py took 0.077 seconds
[2025-05-25T08:15:58.299+0000] {processor.py:161} INFO - Started process (PID=4356) to work on /home/airflow/.local/lib/python3.12/site-packages/airflow/example_dags/example_sla_dag.py
[2025-05-25T08:15:58.301+0000] {processor.py:830} INFO - Processing file /home/airflow/.local/lib/python3.12/site-packages/airflow/example_dags/example_sla_dag.py for tasks to queue
[2025-05-25T08:15:58.303+0000] {logging_mixin.py:188} INFO - [2025-05-25T08:15:58.302+0000] {dagbag.py:540} INFO - Filling up the DagBag from /home/airflow/.local/lib/python3.12/site-packages/airflow/example_dags/example_sla_dag.py
[2025-05-25T08:15:58.307+0000] {processor.py:840} INFO - DAG(s) 'example_sla_dag' retrieved from /home/airflow/.local/lib/python3.12/site-packages/airflow/example_dags/example_sla_dag.py
[2025-05-25T08:15:58.317+0000] {logging_mixin.py:188} INFO - [2025-05-25T08:15:58.316+0000] {dag.py:3096} INFO - Sync 1 DAGs
[2025-05-25T08:15:58.328+0000] {logging_mixin.py:188} INFO - [2025-05-25T08:15:58.328+0000] {dag.py:3954} INFO - Setting next_dagrun for example_sla_dag to 2025-05-25 08:12:00+00:00, run_after=2025-05-25 08:14:00+00:00
[2025-05-25T08:15:58.338+0000] {processor.py:183} INFO - Processing /home/airflow/.local/lib/python3.12/site-packages/airflow/example_dags/example_sla_dag.py took 0.042 seconds
[2025-05-25T08:16:31.140+0000] {processor.py:161} INFO - Started process (PID=4422) to work on /home/airflow/.local/lib/python3.12/site-packages/airflow/example_dags/example_sla_dag.py
[2025-05-25T08:16:31.140+0000] {processor.py:830} INFO - Processing file /home/airflow/.local/lib/python3.12/site-packages/airflow/example_dags/example_sla_dag.py for tasks to queue
[2025-05-25T08:16:31.141+0000] {logging_mixin.py:188} INFO - [2025-05-25T08:16:31.141+0000] {dagbag.py:540} INFO - Filling up the DagBag from /home/airflow/.local/lib/python3.12/site-packages/airflow/example_dags/example_sla_dag.py
[2025-05-25T08:16:31.146+0000] {processor.py:840} INFO - DAG(s) 'example_sla_dag' retrieved from /home/airflow/.local/lib/python3.12/site-packages/airflow/example_dags/example_sla_dag.py
[2025-05-25T08:16:31.157+0000] {logging_mixin.py:188} INFO - [2025-05-25T08:16:31.157+0000] {dag.py:3096} INFO - Sync 1 DAGs
[2025-05-25T08:16:31.169+0000] {logging_mixin.py:188} INFO - [2025-05-25T08:16:31.169+0000] {dag.py:3954} INFO - Setting next_dagrun for example_sla_dag to 2025-05-25 08:14:00+00:00, run_after=2025-05-25 08:16:00+00:00
[2025-05-25T08:16:31.185+0000] {processor.py:183} INFO - Processing /home/airflow/.local/lib/python3.12/site-packages/airflow/example_dags/example_sla_dag.py took 0.049 seconds
[2025-05-25T08:17:03.307+0000] {processor.py:161} INFO - Started process (PID=4488) to work on /home/airflow/.local/lib/python3.12/site-packages/airflow/example_dags/example_sla_dag.py
[2025-05-25T08:17:03.311+0000] {processor.py:830} INFO - Processing file /home/airflow/.local/lib/python3.12/site-packages/airflow/example_dags/example_sla_dag.py for tasks to queue
[2025-05-25T08:17:03.312+0000] {logging_mixin.py:188} INFO - [2025-05-25T08:17:03.312+0000] {dagbag.py:540} INFO - Filling up the DagBag from /home/airflow/.local/lib/python3.12/site-packages/airflow/example_dags/example_sla_dag.py
[2025-05-25T08:17:03.318+0000] {processor.py:840} INFO - DAG(s) 'example_sla_dag' retrieved from /home/airflow/.local/lib/python3.12/site-packages/airflow/example_dags/example_sla_dag.py
[2025-05-25T08:17:03.333+0000] {logging_mixin.py:188} INFO - [2025-05-25T08:17:03.332+0000] {dag.py:3096} INFO - Sync 1 DAGs
[2025-05-25T08:17:03.345+0000] {logging_mixin.py:188} INFO - [2025-05-25T08:17:03.345+0000] {dag.py:3954} INFO - Setting next_dagrun for example_sla_dag to 2025-05-25 08:14:00+00:00, run_after=2025-05-25 08:16:00+00:00
[2025-05-25T08:17:03.355+0000] {processor.py:183} INFO - Processing /home/airflow/.local/lib/python3.12/site-packages/airflow/example_dags/example_sla_dag.py took 0.051 seconds
[2025-05-25T08:17:36.885+0000] {processor.py:161} INFO - Started process (PID=4554) to work on /home/airflow/.local/lib/python3.12/site-packages/airflow/example_dags/example_sla_dag.py
[2025-05-25T08:17:36.886+0000] {processor.py:830} INFO - Processing file /home/airflow/.local/lib/python3.12/site-packages/airflow/example_dags/example_sla_dag.py for tasks to queue
[2025-05-25T08:17:36.887+0000] {logging_mixin.py:188} INFO - [2025-05-25T08:17:36.887+0000] {dagbag.py:540} INFO - Filling up the DagBag from /home/airflow/.local/lib/python3.12/site-packages/airflow/example_dags/example_sla_dag.py
[2025-05-25T08:17:36.893+0000] {processor.py:840} INFO - DAG(s) 'example_sla_dag' retrieved from /home/airflow/.local/lib/python3.12/site-packages/airflow/example_dags/example_sla_dag.py
[2025-05-25T08:17:36.906+0000] {logging_mixin.py:188} INFO - [2025-05-25T08:17:36.906+0000] {dag.py:3096} INFO - Sync 1 DAGs
[2025-05-25T08:17:36.919+0000] {logging_mixin.py:188} INFO - [2025-05-25T08:17:36.919+0000] {dag.py:3954} INFO - Setting next_dagrun for example_sla_dag to 2025-05-25 08:14:00+00:00, run_after=2025-05-25 08:16:00+00:00
[2025-05-25T08:17:36.936+0000] {processor.py:183} INFO - Processing /home/airflow/.local/lib/python3.12/site-packages/airflow/example_dags/example_sla_dag.py took 0.060 seconds
[2025-05-25T08:18:07.674+0000] {processor.py:161} INFO - Started process (PID=4614) to work on /home/airflow/.local/lib/python3.12/site-packages/airflow/example_dags/example_sla_dag.py
[2025-05-25T08:18:07.675+0000] {processor.py:830} INFO - Processing file /home/airflow/.local/lib/python3.12/site-packages/airflow/example_dags/example_sla_dag.py for tasks to queue
[2025-05-25T08:18:07.676+0000] {logging_mixin.py:188} INFO - [2025-05-25T08:18:07.676+0000] {dagbag.py:540} INFO - Filling up the DagBag from /home/airflow/.local/lib/python3.12/site-packages/airflow/example_dags/example_sla_dag.py
[2025-05-25T08:18:07.682+0000] {processor.py:840} INFO - DAG(s) 'example_sla_dag' retrieved from /home/airflow/.local/lib/python3.12/site-packages/airflow/example_dags/example_sla_dag.py
[2025-05-25T08:18:07.692+0000] {logging_mixin.py:188} INFO - [2025-05-25T08:18:07.692+0000] {dag.py:3096} INFO - Sync 1 DAGs
[2025-05-25T08:18:07.705+0000] {logging_mixin.py:188} INFO - [2025-05-25T08:18:07.705+0000] {dag.py:3954} INFO - Setting next_dagrun for example_sla_dag to 2025-05-25 08:16:00+00:00, run_after=2025-05-25 08:18:00+00:00
[2025-05-25T08:18:07.713+0000] {processor.py:183} INFO - Processing /home/airflow/.local/lib/python3.12/site-packages/airflow/example_dags/example_sla_dag.py took 0.042 seconds
[2025-05-25T08:18:38.353+0000] {processor.py:161} INFO - Started process (PID=4678) to work on /home/airflow/.local/lib/python3.12/site-packages/airflow/example_dags/example_sla_dag.py
[2025-05-25T08:18:38.354+0000] {processor.py:830} INFO - Processing file /home/airflow/.local/lib/python3.12/site-packages/airflow/example_dags/example_sla_dag.py for tasks to queue
[2025-05-25T08:18:38.356+0000] {logging_mixin.py:188} INFO - [2025-05-25T08:18:38.356+0000] {dagbag.py:540} INFO - Filling up the DagBag from /home/airflow/.local/lib/python3.12/site-packages/airflow/example_dags/example_sla_dag.py
[2025-05-25T08:18:38.360+0000] {processor.py:840} INFO - DAG(s) 'example_sla_dag' retrieved from /home/airflow/.local/lib/python3.12/site-packages/airflow/example_dags/example_sla_dag.py
[2025-05-25T08:18:38.372+0000] {logging_mixin.py:188} INFO - [2025-05-25T08:18:38.372+0000] {dag.py:3096} INFO - Sync 1 DAGs
[2025-05-25T08:18:38.389+0000] {logging_mixin.py:188} INFO - [2025-05-25T08:18:38.389+0000] {dag.py:3954} INFO - Setting next_dagrun for example_sla_dag to 2025-05-25 08:16:00+00:00, run_after=2025-05-25 08:18:00+00:00
[2025-05-25T08:18:38.400+0000] {processor.py:183} INFO - Processing /home/airflow/.local/lib/python3.12/site-packages/airflow/example_dags/example_sla_dag.py took 0.051 seconds
[2025-05-25T08:19:08.821+0000] {processor.py:161} INFO - Started process (PID=4744) to work on /home/airflow/.local/lib/python3.12/site-packages/airflow/example_dags/example_sla_dag.py
[2025-05-25T08:19:08.822+0000] {processor.py:830} INFO - Processing file /home/airflow/.local/lib/python3.12/site-packages/airflow/example_dags/example_sla_dag.py for tasks to queue
[2025-05-25T08:19:08.823+0000] {logging_mixin.py:188} INFO - [2025-05-25T08:19:08.823+0000] {dagbag.py:540} INFO - Filling up the DagBag from /home/airflow/.local/lib/python3.12/site-packages/airflow/example_dags/example_sla_dag.py
[2025-05-25T08:19:08.831+0000] {processor.py:840} INFO - DAG(s) 'example_sla_dag' retrieved from /home/airflow/.local/lib/python3.12/site-packages/airflow/example_dags/example_sla_dag.py
[2025-05-25T08:19:08.846+0000] {logging_mixin.py:188} INFO - [2025-05-25T08:19:08.846+0000] {dag.py:3096} INFO - Sync 1 DAGs
[2025-05-25T08:19:08.863+0000] {logging_mixin.py:188} INFO - [2025-05-25T08:19:08.863+0000] {dag.py:3954} INFO - Setting next_dagrun for example_sla_dag to 2025-05-25 08:16:00+00:00, run_after=2025-05-25 08:18:00+00:00
[2025-05-25T08:19:08.873+0000] {processor.py:183} INFO - Processing /home/airflow/.local/lib/python3.12/site-packages/airflow/example_dags/example_sla_dag.py took 0.056 seconds
[2025-05-25T08:19:38.981+0000] {processor.py:161} INFO - Started process (PID=4810) to work on /home/airflow/.local/lib/python3.12/site-packages/airflow/example_dags/example_sla_dag.py
[2025-05-25T08:19:38.982+0000] {processor.py:830} INFO - Processing file /home/airflow/.local/lib/python3.12/site-packages/airflow/example_dags/example_sla_dag.py for tasks to queue
[2025-05-25T08:19:38.983+0000] {logging_mixin.py:188} INFO - [2025-05-25T08:19:38.983+0000] {dagbag.py:540} INFO - Filling up the DagBag from /home/airflow/.local/lib/python3.12/site-packages/airflow/example_dags/example_sla_dag.py
[2025-05-25T08:19:38.989+0000] {processor.py:840} INFO - DAG(s) 'example_sla_dag' retrieved from /home/airflow/.local/lib/python3.12/site-packages/airflow/example_dags/example_sla_dag.py
[2025-05-25T08:19:39.007+0000] {logging_mixin.py:188} INFO - [2025-05-25T08:19:39.007+0000] {dag.py:3096} INFO - Sync 1 DAGs
[2025-05-25T08:19:39.019+0000] {logging_mixin.py:188} INFO - [2025-05-25T08:19:39.019+0000] {dag.py:3954} INFO - Setting next_dagrun for example_sla_dag to 2025-05-25 08:16:00+00:00, run_after=2025-05-25 08:18:00+00:00
[2025-05-25T08:19:39.033+0000] {processor.py:183} INFO - Processing /home/airflow/.local/lib/python3.12/site-packages/airflow/example_dags/example_sla_dag.py took 0.055 seconds
[2025-05-25T08:20:09.854+0000] {processor.py:161} INFO - Started process (PID=4876) to work on /home/airflow/.local/lib/python3.12/site-packages/airflow/example_dags/example_sla_dag.py
[2025-05-25T08:20:09.857+0000] {processor.py:830} INFO - Processing file /home/airflow/.local/lib/python3.12/site-packages/airflow/example_dags/example_sla_dag.py for tasks to queue
[2025-05-25T08:20:09.859+0000] {logging_mixin.py:188} INFO - [2025-05-25T08:20:09.859+0000] {dagbag.py:540} INFO - Filling up the DagBag from /home/airflow/.local/lib/python3.12/site-packages/airflow/example_dags/example_sla_dag.py
[2025-05-25T08:20:09.864+0000] {processor.py:840} INFO - DAG(s) 'example_sla_dag' retrieved from /home/airflow/.local/lib/python3.12/site-packages/airflow/example_dags/example_sla_dag.py
[2025-05-25T08:20:09.882+0000] {logging_mixin.py:188} INFO - [2025-05-25T08:20:09.882+0000] {dag.py:3096} INFO - Sync 1 DAGs
[2025-05-25T08:20:09.894+0000] {logging_mixin.py:188} INFO - [2025-05-25T08:20:09.894+0000] {dag.py:3954} INFO - Setting next_dagrun for example_sla_dag to 2025-05-25 08:18:00+00:00, run_after=2025-05-25 08:20:00+00:00
[2025-05-25T08:20:09.915+0000] {processor.py:183} INFO - Processing /home/airflow/.local/lib/python3.12/site-packages/airflow/example_dags/example_sla_dag.py took 0.065 seconds
[2025-05-25T08:20:40.312+0000] {processor.py:161} INFO - Started process (PID=4941) to work on /home/airflow/.local/lib/python3.12/site-packages/airflow/example_dags/example_sla_dag.py
[2025-05-25T08:20:40.313+0000] {processor.py:830} INFO - Processing file /home/airflow/.local/lib/python3.12/site-packages/airflow/example_dags/example_sla_dag.py for tasks to queue
[2025-05-25T08:20:40.314+0000] {logging_mixin.py:188} INFO - [2025-05-25T08:20:40.314+0000] {dagbag.py:540} INFO - Filling up the DagBag from /home/airflow/.local/lib/python3.12/site-packages/airflow/example_dags/example_sla_dag.py
[2025-05-25T08:20:40.318+0000] {processor.py:840} INFO - DAG(s) 'example_sla_dag' retrieved from /home/airflow/.local/lib/python3.12/site-packages/airflow/example_dags/example_sla_dag.py
[2025-05-25T08:20:40.329+0000] {logging_mixin.py:188} INFO - [2025-05-25T08:20:40.328+0000] {dag.py:3096} INFO - Sync 1 DAGs
[2025-05-25T08:20:40.341+0000] {logging_mixin.py:188} INFO - [2025-05-25T08:20:40.341+0000] {dag.py:3954} INFO - Setting next_dagrun for example_sla_dag to 2025-05-25 08:18:00+00:00, run_after=2025-05-25 08:20:00+00:00
[2025-05-25T08:20:40.349+0000] {processor.py:183} INFO - Processing /home/airflow/.local/lib/python3.12/site-packages/airflow/example_dags/example_sla_dag.py took 0.041 seconds
[2025-05-25T08:21:10.880+0000] {processor.py:161} INFO - Started process (PID=5007) to work on /home/airflow/.local/lib/python3.12/site-packages/airflow/example_dags/example_sla_dag.py
[2025-05-25T08:21:10.884+0000] {processor.py:830} INFO - Processing file /home/airflow/.local/lib/python3.12/site-packages/airflow/example_dags/example_sla_dag.py for tasks to queue
[2025-05-25T08:21:10.887+0000] {logging_mixin.py:188} INFO - [2025-05-25T08:21:10.886+0000] {dagbag.py:540} INFO - Filling up the DagBag from /home/airflow/.local/lib/python3.12/site-packages/airflow/example_dags/example_sla_dag.py
[2025-05-25T08:21:10.894+0000] {processor.py:840} INFO - DAG(s) 'example_sla_dag' retrieved from /home/airflow/.local/lib/python3.12/site-packages/airflow/example_dags/example_sla_dag.py
[2025-05-25T08:21:10.907+0000] {logging_mixin.py:188} INFO - [2025-05-25T08:21:10.906+0000] {dag.py:3096} INFO - Sync 1 DAGs
[2025-05-25T08:21:10.923+0000] {logging_mixin.py:188} INFO - [2025-05-25T08:21:10.923+0000] {dag.py:3954} INFO - Setting next_dagrun for example_sla_dag to 2025-05-25 08:18:00+00:00, run_after=2025-05-25 08:20:00+00:00
[2025-05-25T08:21:10.939+0000] {processor.py:183} INFO - Processing /home/airflow/.local/lib/python3.12/site-packages/airflow/example_dags/example_sla_dag.py took 0.063 seconds
[2025-05-25T08:24:43.572+0000] {processor.py:161} INFO - Started process (PID=5089) to work on /home/airflow/.local/lib/python3.12/site-packages/airflow/example_dags/example_sla_dag.py
[2025-05-25T08:24:43.575+0000] {processor.py:830} INFO - Processing file /home/airflow/.local/lib/python3.12/site-packages/airflow/example_dags/example_sla_dag.py for tasks to queue
[2025-05-25T08:24:43.576+0000] {logging_mixin.py:188} INFO - [2025-05-25T08:24:43.576+0000] {dagbag.py:540} INFO - Filling up the DagBag from /home/airflow/.local/lib/python3.12/site-packages/airflow/example_dags/example_sla_dag.py
[2025-05-25T08:24:43.581+0000] {processor.py:840} INFO - DAG(s) 'example_sla_dag' retrieved from /home/airflow/.local/lib/python3.12/site-packages/airflow/example_dags/example_sla_dag.py
[2025-05-25T08:24:43.597+0000] {logging_mixin.py:188} INFO - [2025-05-25T08:24:43.597+0000] {dag.py:3096} INFO - Sync 1 DAGs
[2025-05-25T08:24:43.608+0000] {logging_mixin.py:188} INFO - [2025-05-25T08:24:43.608+0000] {dag.py:3954} INFO - Setting next_dagrun for example_sla_dag to 2025-05-25 08:22:00+00:00, run_after=2025-05-25 08:24:00+00:00
[2025-05-25T08:24:43.616+0000] {processor.py:183} INFO - Processing /home/airflow/.local/lib/python3.12/site-packages/airflow/example_dags/example_sla_dag.py took 0.048 seconds
[2025-05-25T08:25:15.171+0000] {processor.py:161} INFO - Started process (PID=5155) to work on /home/airflow/.local/lib/python3.12/site-packages/airflow/example_dags/example_sla_dag.py
[2025-05-25T08:25:15.172+0000] {processor.py:830} INFO - Processing file /home/airflow/.local/lib/python3.12/site-packages/airflow/example_dags/example_sla_dag.py for tasks to queue
[2025-05-25T08:25:15.173+0000] {logging_mixin.py:188} INFO - [2025-05-25T08:25:15.173+0000] {dagbag.py:540} INFO - Filling up the DagBag from /home/airflow/.local/lib/python3.12/site-packages/airflow/example_dags/example_sla_dag.py
[2025-05-25T08:25:15.179+0000] {processor.py:840} INFO - DAG(s) 'example_sla_dag' retrieved from /home/airflow/.local/lib/python3.12/site-packages/airflow/example_dags/example_sla_dag.py
[2025-05-25T08:25:15.199+0000] {logging_mixin.py:188} INFO - [2025-05-25T08:25:15.199+0000] {dag.py:3096} INFO - Sync 1 DAGs
[2025-05-25T08:25:15.211+0000] {logging_mixin.py:188} INFO - [2025-05-25T08:25:15.211+0000] {dag.py:3954} INFO - Setting next_dagrun for example_sla_dag to 2025-05-25 08:22:00+00:00, run_after=2025-05-25 08:24:00+00:00
[2025-05-25T08:25:15.223+0000] {processor.py:183} INFO - Processing /home/airflow/.local/lib/python3.12/site-packages/airflow/example_dags/example_sla_dag.py took 0.056 seconds
[2025-05-25T08:25:47.489+0000] {processor.py:161} INFO - Started process (PID=5221) to work on /home/airflow/.local/lib/python3.12/site-packages/airflow/example_dags/example_sla_dag.py
[2025-05-25T08:25:47.489+0000] {processor.py:830} INFO - Processing file /home/airflow/.local/lib/python3.12/site-packages/airflow/example_dags/example_sla_dag.py for tasks to queue
[2025-05-25T08:25:47.490+0000] {logging_mixin.py:188} INFO - [2025-05-25T08:25:47.490+0000] {dagbag.py:540} INFO - Filling up the DagBag from /home/airflow/.local/lib/python3.12/site-packages/airflow/example_dags/example_sla_dag.py
[2025-05-25T08:25:47.494+0000] {processor.py:840} INFO - DAG(s) 'example_sla_dag' retrieved from /home/airflow/.local/lib/python3.12/site-packages/airflow/example_dags/example_sla_dag.py
[2025-05-25T08:25:47.504+0000] {logging_mixin.py:188} INFO - [2025-05-25T08:25:47.504+0000] {dag.py:3096} INFO - Sync 1 DAGs
[2025-05-25T08:25:47.512+0000] {logging_mixin.py:188} INFO - [2025-05-25T08:25:47.512+0000] {dag.py:3954} INFO - Setting next_dagrun for example_sla_dag to 2025-05-25 08:22:00+00:00, run_after=2025-05-25 08:24:00+00:00
[2025-05-25T08:25:47.519+0000] {processor.py:183} INFO - Processing /home/airflow/.local/lib/python3.12/site-packages/airflow/example_dags/example_sla_dag.py took 0.034 seconds
[2025-05-25T08:26:20.068+0000] {processor.py:161} INFO - Started process (PID=5287) to work on /home/airflow/.local/lib/python3.12/site-packages/airflow/example_dags/example_sla_dag.py
[2025-05-25T08:26:20.071+0000] {processor.py:830} INFO - Processing file /home/airflow/.local/lib/python3.12/site-packages/airflow/example_dags/example_sla_dag.py for tasks to queue
[2025-05-25T08:26:20.072+0000] {logging_mixin.py:188} INFO - [2025-05-25T08:26:20.072+0000] {dagbag.py:540} INFO - Filling up the DagBag from /home/airflow/.local/lib/python3.12/site-packages/airflow/example_dags/example_sla_dag.py
[2025-05-25T08:26:20.076+0000] {processor.py:840} INFO - DAG(s) 'example_sla_dag' retrieved from /home/airflow/.local/lib/python3.12/site-packages/airflow/example_dags/example_sla_dag.py
[2025-05-25T08:26:20.088+0000] {logging_mixin.py:188} INFO - [2025-05-25T08:26:20.088+0000] {dag.py:3096} INFO - Sync 1 DAGs
[2025-05-25T08:26:20.100+0000] {logging_mixin.py:188} INFO - [2025-05-25T08:26:20.100+0000] {dag.py:3954} INFO - Setting next_dagrun for example_sla_dag to 2025-05-25 08:24:00+00:00, run_after=2025-05-25 08:26:00+00:00
[2025-05-25T08:26:20.110+0000] {processor.py:183} INFO - Processing /home/airflow/.local/lib/python3.12/site-packages/airflow/example_dags/example_sla_dag.py took 0.046 seconds
[2025-05-25T08:26:52.472+0000] {processor.py:161} INFO - Started process (PID=5353) to work on /home/airflow/.local/lib/python3.12/site-packages/airflow/example_dags/example_sla_dag.py
[2025-05-25T08:26:52.473+0000] {processor.py:830} INFO - Processing file /home/airflow/.local/lib/python3.12/site-packages/airflow/example_dags/example_sla_dag.py for tasks to queue
[2025-05-25T08:26:52.473+0000] {logging_mixin.py:188} INFO - [2025-05-25T08:26:52.473+0000] {dagbag.py:540} INFO - Filling up the DagBag from /home/airflow/.local/lib/python3.12/site-packages/airflow/example_dags/example_sla_dag.py
[2025-05-25T08:26:52.477+0000] {processor.py:840} INFO - DAG(s) 'example_sla_dag' retrieved from /home/airflow/.local/lib/python3.12/site-packages/airflow/example_dags/example_sla_dag.py
[2025-05-25T08:26:52.492+0000] {logging_mixin.py:188} INFO - [2025-05-25T08:26:52.492+0000] {dag.py:3096} INFO - Sync 1 DAGs
[2025-05-25T08:26:52.526+0000] {logging_mixin.py:188} INFO - [2025-05-25T08:26:52.526+0000] {dag.py:3954} INFO - Setting next_dagrun for example_sla_dag to 2025-05-25 08:24:00+00:00, run_after=2025-05-25 08:26:00+00:00
[2025-05-25T08:26:52.536+0000] {processor.py:183} INFO - Processing /home/airflow/.local/lib/python3.12/site-packages/airflow/example_dags/example_sla_dag.py took 0.068 seconds
[2025-05-25T08:27:23.516+0000] {processor.py:161} INFO - Started process (PID=5413) to work on /home/airflow/.local/lib/python3.12/site-packages/airflow/example_dags/example_sla_dag.py
[2025-05-25T08:27:23.517+0000] {processor.py:830} INFO - Processing file /home/airflow/.local/lib/python3.12/site-packages/airflow/example_dags/example_sla_dag.py for tasks to queue
[2025-05-25T08:27:23.517+0000] {logging_mixin.py:188} INFO - [2025-05-25T08:27:23.517+0000] {dagbag.py:540} INFO - Filling up the DagBag from /home/airflow/.local/lib/python3.12/site-packages/airflow/example_dags/example_sla_dag.py
[2025-05-25T08:27:23.521+0000] {processor.py:840} INFO - DAG(s) 'example_sla_dag' retrieved from /home/airflow/.local/lib/python3.12/site-packages/airflow/example_dags/example_sla_dag.py
[2025-05-25T08:27:23.532+0000] {logging_mixin.py:188} INFO - [2025-05-25T08:27:23.532+0000] {dag.py:3096} INFO - Sync 1 DAGs
[2025-05-25T08:27:23.542+0000] {logging_mixin.py:188} INFO - [2025-05-25T08:27:23.542+0000] {dag.py:3954} INFO - Setting next_dagrun for example_sla_dag to 2025-05-25 08:24:00+00:00, run_after=2025-05-25 08:26:00+00:00
[2025-05-25T08:27:23.550+0000] {processor.py:183} INFO - Processing /home/airflow/.local/lib/python3.12/site-packages/airflow/example_dags/example_sla_dag.py took 0.037 seconds
[2025-05-25T08:27:54.384+0000] {processor.py:161} INFO - Started process (PID=5477) to work on /home/airflow/.local/lib/python3.12/site-packages/airflow/example_dags/example_sla_dag.py
[2025-05-25T08:27:54.385+0000] {processor.py:830} INFO - Processing file /home/airflow/.local/lib/python3.12/site-packages/airflow/example_dags/example_sla_dag.py for tasks to queue
[2025-05-25T08:27:54.385+0000] {logging_mixin.py:188} INFO - [2025-05-25T08:27:54.385+0000] {dagbag.py:540} INFO - Filling up the DagBag from /home/airflow/.local/lib/python3.12/site-packages/airflow/example_dags/example_sla_dag.py
[2025-05-25T08:27:54.389+0000] {processor.py:840} INFO - DAG(s) 'example_sla_dag' retrieved from /home/airflow/.local/lib/python3.12/site-packages/airflow/example_dags/example_sla_dag.py
[2025-05-25T08:27:54.405+0000] {logging_mixin.py:188} INFO - [2025-05-25T08:27:54.405+0000] {dag.py:3096} INFO - Sync 1 DAGs
[2025-05-25T08:27:54.415+0000] {logging_mixin.py:188} INFO - [2025-05-25T08:27:54.415+0000] {dag.py:3954} INFO - Setting next_dagrun for example_sla_dag to 2025-05-25 08:24:00+00:00, run_after=2025-05-25 08:26:00+00:00
[2025-05-25T08:27:54.428+0000] {processor.py:183} INFO - Processing /home/airflow/.local/lib/python3.12/site-packages/airflow/example_dags/example_sla_dag.py took 0.047 seconds
[2025-05-25T08:28:24.654+0000] {processor.py:161} INFO - Started process (PID=5543) to work on /home/airflow/.local/lib/python3.12/site-packages/airflow/example_dags/example_sla_dag.py
[2025-05-25T08:28:24.655+0000] {processor.py:830} INFO - Processing file /home/airflow/.local/lib/python3.12/site-packages/airflow/example_dags/example_sla_dag.py for tasks to queue
[2025-05-25T08:28:24.655+0000] {logging_mixin.py:188} INFO - [2025-05-25T08:28:24.655+0000] {dagbag.py:540} INFO - Filling up the DagBag from /home/airflow/.local/lib/python3.12/site-packages/airflow/example_dags/example_sla_dag.py
[2025-05-25T08:28:24.659+0000] {processor.py:840} INFO - DAG(s) 'example_sla_dag' retrieved from /home/airflow/.local/lib/python3.12/site-packages/airflow/example_dags/example_sla_dag.py
[2025-05-25T08:28:24.673+0000] {logging_mixin.py:188} INFO - [2025-05-25T08:28:24.673+0000] {dag.py:3096} INFO - Sync 1 DAGs
[2025-05-25T08:28:24.684+0000] {logging_mixin.py:188} INFO - [2025-05-25T08:28:24.684+0000] {dag.py:3954} INFO - Setting next_dagrun for example_sla_dag to 2025-05-25 08:26:00+00:00, run_after=2025-05-25 08:28:00+00:00
[2025-05-25T08:28:24.697+0000] {processor.py:183} INFO - Processing /home/airflow/.local/lib/python3.12/site-packages/airflow/example_dags/example_sla_dag.py took 0.047 seconds
[2025-05-25T08:28:55.537+0000] {processor.py:161} INFO - Started process (PID=5609) to work on /home/airflow/.local/lib/python3.12/site-packages/airflow/example_dags/example_sla_dag.py
[2025-05-25T08:28:55.539+0000] {processor.py:830} INFO - Processing file /home/airflow/.local/lib/python3.12/site-packages/airflow/example_dags/example_sla_dag.py for tasks to queue
[2025-05-25T08:28:55.541+0000] {logging_mixin.py:188} INFO - [2025-05-25T08:28:55.541+0000] {dagbag.py:540} INFO - Filling up the DagBag from /home/airflow/.local/lib/python3.12/site-packages/airflow/example_dags/example_sla_dag.py
[2025-05-25T08:28:55.549+0000] {processor.py:840} INFO - DAG(s) 'example_sla_dag' retrieved from /home/airflow/.local/lib/python3.12/site-packages/airflow/example_dags/example_sla_dag.py
[2025-05-25T08:28:55.566+0000] {logging_mixin.py:188} INFO - [2025-05-25T08:28:55.566+0000] {dag.py:3096} INFO - Sync 1 DAGs
[2025-05-25T08:28:55.579+0000] {logging_mixin.py:188} INFO - [2025-05-25T08:28:55.579+0000] {dag.py:3954} INFO - Setting next_dagrun for example_sla_dag to 2025-05-25 08:26:00+00:00, run_after=2025-05-25 08:28:00+00:00
[2025-05-25T08:28:55.588+0000] {processor.py:183} INFO - Processing /home/airflow/.local/lib/python3.12/site-packages/airflow/example_dags/example_sla_dag.py took 0.058 seconds
[2025-05-25T08:29:26.090+0000] {processor.py:161} INFO - Started process (PID=5675) to work on /home/airflow/.local/lib/python3.12/site-packages/airflow/example_dags/example_sla_dag.py
[2025-05-25T08:29:26.090+0000] {processor.py:830} INFO - Processing file /home/airflow/.local/lib/python3.12/site-packages/airflow/example_dags/example_sla_dag.py for tasks to queue
[2025-05-25T08:29:26.091+0000] {logging_mixin.py:188} INFO - [2025-05-25T08:29:26.091+0000] {dagbag.py:540} INFO - Filling up the DagBag from /home/airflow/.local/lib/python3.12/site-packages/airflow/example_dags/example_sla_dag.py
[2025-05-25T08:29:26.095+0000] {processor.py:840} INFO - DAG(s) 'example_sla_dag' retrieved from /home/airflow/.local/lib/python3.12/site-packages/airflow/example_dags/example_sla_dag.py
[2025-05-25T08:29:26.110+0000] {logging_mixin.py:188} INFO - [2025-05-25T08:29:26.110+0000] {dag.py:3096} INFO - Sync 1 DAGs
[2025-05-25T08:29:26.123+0000] {logging_mixin.py:188} INFO - [2025-05-25T08:29:26.123+0000] {dag.py:3954} INFO - Setting next_dagrun for example_sla_dag to 2025-05-25 08:26:00+00:00, run_after=2025-05-25 08:28:00+00:00
[2025-05-25T08:29:26.139+0000] {processor.py:183} INFO - Processing /home/airflow/.local/lib/python3.12/site-packages/airflow/example_dags/example_sla_dag.py took 0.053 seconds
[2025-05-25T08:29:57.301+0000] {processor.py:161} INFO - Started process (PID=5741) to work on /home/airflow/.local/lib/python3.12/site-packages/airflow/example_dags/example_sla_dag.py
[2025-05-25T08:29:57.302+0000] {processor.py:830} INFO - Processing file /home/airflow/.local/lib/python3.12/site-packages/airflow/example_dags/example_sla_dag.py for tasks to queue
[2025-05-25T08:29:57.303+0000] {logging_mixin.py:188} INFO - [2025-05-25T08:29:57.303+0000] {dagbag.py:540} INFO - Filling up the DagBag from /home/airflow/.local/lib/python3.12/site-packages/airflow/example_dags/example_sla_dag.py
[2025-05-25T08:29:57.307+0000] {processor.py:840} INFO - DAG(s) 'example_sla_dag' retrieved from /home/airflow/.local/lib/python3.12/site-packages/airflow/example_dags/example_sla_dag.py
[2025-05-25T08:29:57.321+0000] {logging_mixin.py:188} INFO - [2025-05-25T08:29:57.321+0000] {dag.py:3096} INFO - Sync 1 DAGs
[2025-05-25T08:29:57.332+0000] {logging_mixin.py:188} INFO - [2025-05-25T08:29:57.332+0000] {dag.py:3954} INFO - Setting next_dagrun for example_sla_dag to 2025-05-25 08:26:00+00:00, run_after=2025-05-25 08:28:00+00:00
[2025-05-25T08:29:57.340+0000] {processor.py:183} INFO - Processing /home/airflow/.local/lib/python3.12/site-packages/airflow/example_dags/example_sla_dag.py took 0.046 seconds
[2025-05-25T08:30:27.811+0000] {processor.py:161} INFO - Started process (PID=5807) to work on /home/airflow/.local/lib/python3.12/site-packages/airflow/example_dags/example_sla_dag.py
[2025-05-25T08:30:27.812+0000] {processor.py:830} INFO - Processing file /home/airflow/.local/lib/python3.12/site-packages/airflow/example_dags/example_sla_dag.py for tasks to queue
[2025-05-25T08:30:27.813+0000] {logging_mixin.py:188} INFO - [2025-05-25T08:30:27.813+0000] {dagbag.py:540} INFO - Filling up the DagBag from /home/airflow/.local/lib/python3.12/site-packages/airflow/example_dags/example_sla_dag.py
[2025-05-25T08:30:27.816+0000] {processor.py:840} INFO - DAG(s) 'example_sla_dag' retrieved from /home/airflow/.local/lib/python3.12/site-packages/airflow/example_dags/example_sla_dag.py
[2025-05-25T08:30:27.831+0000] {logging_mixin.py:188} INFO - [2025-05-25T08:30:27.831+0000] {dag.py:3096} INFO - Sync 1 DAGs
[2025-05-25T08:30:27.845+0000] {logging_mixin.py:188} INFO - [2025-05-25T08:30:27.845+0000] {dag.py:3954} INFO - Setting next_dagrun for example_sla_dag to 2025-05-25 08:28:00+00:00, run_after=2025-05-25 08:30:00+00:00
[2025-05-25T08:30:27.855+0000] {processor.py:183} INFO - Processing /home/airflow/.local/lib/python3.12/site-packages/airflow/example_dags/example_sla_dag.py took 0.052 seconds
[2025-05-25T08:30:58.253+0000] {processor.py:161} INFO - Started process (PID=5873) to work on /home/airflow/.local/lib/python3.12/site-packages/airflow/example_dags/example_sla_dag.py
[2025-05-25T08:30:58.258+0000] {processor.py:830} INFO - Processing file /home/airflow/.local/lib/python3.12/site-packages/airflow/example_dags/example_sla_dag.py for tasks to queue
[2025-05-25T08:30:58.258+0000] {logging_mixin.py:188} INFO - [2025-05-25T08:30:58.258+0000] {dagbag.py:540} INFO - Filling up the DagBag from /home/airflow/.local/lib/python3.12/site-packages/airflow/example_dags/example_sla_dag.py
[2025-05-25T08:30:58.262+0000] {processor.py:840} INFO - DAG(s) 'example_sla_dag' retrieved from /home/airflow/.local/lib/python3.12/site-packages/airflow/example_dags/example_sla_dag.py
[2025-05-25T08:30:58.273+0000] {logging_mixin.py:188} INFO - [2025-05-25T08:30:58.273+0000] {dag.py:3096} INFO - Sync 1 DAGs
[2025-05-25T08:30:58.287+0000] {logging_mixin.py:188} INFO - [2025-05-25T08:30:58.287+0000] {dag.py:3954} INFO - Setting next_dagrun for example_sla_dag to 2025-05-25 08:28:00+00:00, run_after=2025-05-25 08:30:00+00:00
[2025-05-25T08:30:58.295+0000] {processor.py:183} INFO - Processing /home/airflow/.local/lib/python3.12/site-packages/airflow/example_dags/example_sla_dag.py took 0.045 seconds
[2025-05-25T08:31:28.417+0000] {processor.py:161} INFO - Started process (PID=5939) to work on /home/airflow/.local/lib/python3.12/site-packages/airflow/example_dags/example_sla_dag.py
[2025-05-25T08:31:28.418+0000] {processor.py:830} INFO - Processing file /home/airflow/.local/lib/python3.12/site-packages/airflow/example_dags/example_sla_dag.py for tasks to queue
[2025-05-25T08:31:28.419+0000] {logging_mixin.py:188} INFO - [2025-05-25T08:31:28.419+0000] {dagbag.py:540} INFO - Filling up the DagBag from /home/airflow/.local/lib/python3.12/site-packages/airflow/example_dags/example_sla_dag.py
[2025-05-25T08:31:28.424+0000] {processor.py:840} INFO - DAG(s) 'example_sla_dag' retrieved from /home/airflow/.local/lib/python3.12/site-packages/airflow/example_dags/example_sla_dag.py
[2025-05-25T08:31:28.443+0000] {logging_mixin.py:188} INFO - [2025-05-25T08:31:28.443+0000] {dag.py:3096} INFO - Sync 1 DAGs
[2025-05-25T08:31:28.458+0000] {logging_mixin.py:188} INFO - [2025-05-25T08:31:28.458+0000] {dag.py:3954} INFO - Setting next_dagrun for example_sla_dag to 2025-05-25 08:28:00+00:00, run_after=2025-05-25 08:30:00+00:00
[2025-05-25T08:31:28.470+0000] {processor.py:183} INFO - Processing /home/airflow/.local/lib/python3.12/site-packages/airflow/example_dags/example_sla_dag.py took 0.057 seconds
[2025-05-25T08:31:59.234+0000] {processor.py:161} INFO - Started process (PID=6005) to work on /home/airflow/.local/lib/python3.12/site-packages/airflow/example_dags/example_sla_dag.py
[2025-05-25T08:31:59.237+0000] {processor.py:830} INFO - Processing file /home/airflow/.local/lib/python3.12/site-packages/airflow/example_dags/example_sla_dag.py for tasks to queue
[2025-05-25T08:31:59.238+0000] {logging_mixin.py:188} INFO - [2025-05-25T08:31:59.237+0000] {dagbag.py:540} INFO - Filling up the DagBag from /home/airflow/.local/lib/python3.12/site-packages/airflow/example_dags/example_sla_dag.py
[2025-05-25T08:31:59.246+0000] {processor.py:840} INFO - DAG(s) 'example_sla_dag' retrieved from /home/airflow/.local/lib/python3.12/site-packages/airflow/example_dags/example_sla_dag.py
[2025-05-25T08:31:59.256+0000] {logging_mixin.py:188} INFO - [2025-05-25T08:31:59.256+0000] {dag.py:3096} INFO - Sync 1 DAGs
[2025-05-25T08:31:59.268+0000] {logging_mixin.py:188} INFO - [2025-05-25T08:31:59.268+0000] {dag.py:3954} INFO - Setting next_dagrun for example_sla_dag to 2025-05-25 08:28:00+00:00, run_after=2025-05-25 08:30:00+00:00
[2025-05-25T08:31:59.280+0000] {processor.py:183} INFO - Processing /home/airflow/.local/lib/python3.12/site-packages/airflow/example_dags/example_sla_dag.py took 0.050 seconds
[2025-05-25T08:32:30.216+0000] {processor.py:161} INFO - Started process (PID=6071) to work on /home/airflow/.local/lib/python3.12/site-packages/airflow/example_dags/example_sla_dag.py
[2025-05-25T08:32:30.218+0000] {processor.py:830} INFO - Processing file /home/airflow/.local/lib/python3.12/site-packages/airflow/example_dags/example_sla_dag.py for tasks to queue
[2025-05-25T08:32:30.218+0000] {logging_mixin.py:188} INFO - [2025-05-25T08:32:30.218+0000] {dagbag.py:540} INFO - Filling up the DagBag from /home/airflow/.local/lib/python3.12/site-packages/airflow/example_dags/example_sla_dag.py
[2025-05-25T08:32:30.223+0000] {processor.py:840} INFO - DAG(s) 'example_sla_dag' retrieved from /home/airflow/.local/lib/python3.12/site-packages/airflow/example_dags/example_sla_dag.py
[2025-05-25T08:32:30.239+0000] {logging_mixin.py:188} INFO - [2025-05-25T08:32:30.238+0000] {dag.py:3096} INFO - Sync 1 DAGs
[2025-05-25T08:32:30.251+0000] {logging_mixin.py:188} INFO - [2025-05-25T08:32:30.251+0000] {dag.py:3954} INFO - Setting next_dagrun for example_sla_dag to 2025-05-25 08:30:00+00:00, run_after=2025-05-25 08:32:00+00:00
[2025-05-25T08:32:30.260+0000] {processor.py:183} INFO - Processing /home/airflow/.local/lib/python3.12/site-packages/airflow/example_dags/example_sla_dag.py took 0.047 seconds
[2025-05-25T08:33:00.756+0000] {processor.py:161} INFO - Started process (PID=6137) to work on /home/airflow/.local/lib/python3.12/site-packages/airflow/example_dags/example_sla_dag.py
[2025-05-25T08:33:00.758+0000] {processor.py:830} INFO - Processing file /home/airflow/.local/lib/python3.12/site-packages/airflow/example_dags/example_sla_dag.py for tasks to queue
[2025-05-25T08:33:00.759+0000] {logging_mixin.py:188} INFO - [2025-05-25T08:33:00.759+0000] {dagbag.py:540} INFO - Filling up the DagBag from /home/airflow/.local/lib/python3.12/site-packages/airflow/example_dags/example_sla_dag.py
[2025-05-25T08:33:00.763+0000] {processor.py:840} INFO - DAG(s) 'example_sla_dag' retrieved from /home/airflow/.local/lib/python3.12/site-packages/airflow/example_dags/example_sla_dag.py
[2025-05-25T08:33:00.774+0000] {logging_mixin.py:188} INFO - [2025-05-25T08:33:00.774+0000] {dag.py:3096} INFO - Sync 1 DAGs
[2025-05-25T08:33:00.789+0000] {logging_mixin.py:188} INFO - [2025-05-25T08:33:00.789+0000] {dag.py:3954} INFO - Setting next_dagrun for example_sla_dag to 2025-05-25 08:30:00+00:00, run_after=2025-05-25 08:32:00+00:00
[2025-05-25T08:33:00.804+0000] {processor.py:183} INFO - Processing /home/airflow/.local/lib/python3.12/site-packages/airflow/example_dags/example_sla_dag.py took 0.053 seconds
[2025-05-25T08:33:31.041+0000] {processor.py:161} INFO - Started process (PID=6203) to work on /home/airflow/.local/lib/python3.12/site-packages/airflow/example_dags/example_sla_dag.py
[2025-05-25T08:33:31.042+0000] {processor.py:830} INFO - Processing file /home/airflow/.local/lib/python3.12/site-packages/airflow/example_dags/example_sla_dag.py for tasks to queue
[2025-05-25T08:33:31.043+0000] {logging_mixin.py:188} INFO - [2025-05-25T08:33:31.043+0000] {dagbag.py:540} INFO - Filling up the DagBag from /home/airflow/.local/lib/python3.12/site-packages/airflow/example_dags/example_sla_dag.py
[2025-05-25T08:33:31.049+0000] {processor.py:840} INFO - DAG(s) 'example_sla_dag' retrieved from /home/airflow/.local/lib/python3.12/site-packages/airflow/example_dags/example_sla_dag.py
[2025-05-25T08:33:31.063+0000] {logging_mixin.py:188} INFO - [2025-05-25T08:33:31.062+0000] {dag.py:3096} INFO - Sync 1 DAGs
[2025-05-25T08:33:31.074+0000] {logging_mixin.py:188} INFO - [2025-05-25T08:33:31.074+0000] {dag.py:3954} INFO - Setting next_dagrun for example_sla_dag to 2025-05-25 08:30:00+00:00, run_after=2025-05-25 08:32:00+00:00
[2025-05-25T08:33:31.083+0000] {processor.py:183} INFO - Processing /home/airflow/.local/lib/python3.12/site-packages/airflow/example_dags/example_sla_dag.py took 0.048 seconds
[2025-05-25T08:34:01.547+0000] {processor.py:161} INFO - Started process (PID=6269) to work on /home/airflow/.local/lib/python3.12/site-packages/airflow/example_dags/example_sla_dag.py
[2025-05-25T08:34:01.549+0000] {processor.py:830} INFO - Processing file /home/airflow/.local/lib/python3.12/site-packages/airflow/example_dags/example_sla_dag.py for tasks to queue
[2025-05-25T08:34:01.550+0000] {logging_mixin.py:188} INFO - [2025-05-25T08:34:01.549+0000] {dagbag.py:540} INFO - Filling up the DagBag from /home/airflow/.local/lib/python3.12/site-packages/airflow/example_dags/example_sla_dag.py
[2025-05-25T08:34:01.553+0000] {processor.py:840} INFO - DAG(s) 'example_sla_dag' retrieved from /home/airflow/.local/lib/python3.12/site-packages/airflow/example_dags/example_sla_dag.py
[2025-05-25T08:34:01.563+0000] {logging_mixin.py:188} INFO - [2025-05-25T08:34:01.563+0000] {dag.py:3096} INFO - Sync 1 DAGs
[2025-05-25T08:34:01.576+0000] {logging_mixin.py:188} INFO - [2025-05-25T08:34:01.576+0000] {dag.py:3954} INFO - Setting next_dagrun for example_sla_dag to 2025-05-25 08:32:00+00:00, run_after=2025-05-25 08:34:00+00:00
[2025-05-25T08:34:01.585+0000] {processor.py:183} INFO - Processing /home/airflow/.local/lib/python3.12/site-packages/airflow/example_dags/example_sla_dag.py took 0.042 seconds
[2025-05-25T08:34:31.830+0000] {processor.py:161} INFO - Started process (PID=6335) to work on /home/airflow/.local/lib/python3.12/site-packages/airflow/example_dags/example_sla_dag.py
[2025-05-25T08:34:31.830+0000] {processor.py:830} INFO - Processing file /home/airflow/.local/lib/python3.12/site-packages/airflow/example_dags/example_sla_dag.py for tasks to queue
[2025-05-25T08:34:31.831+0000] {logging_mixin.py:188} INFO - [2025-05-25T08:34:31.831+0000] {dagbag.py:540} INFO - Filling up the DagBag from /home/airflow/.local/lib/python3.12/site-packages/airflow/example_dags/example_sla_dag.py
[2025-05-25T08:34:31.835+0000] {processor.py:840} INFO - DAG(s) 'example_sla_dag' retrieved from /home/airflow/.local/lib/python3.12/site-packages/airflow/example_dags/example_sla_dag.py
[2025-05-25T08:34:31.848+0000] {logging_mixin.py:188} INFO - [2025-05-25T08:34:31.848+0000] {dag.py:3096} INFO - Sync 1 DAGs
[2025-05-25T08:34:31.857+0000] {logging_mixin.py:188} INFO - [2025-05-25T08:34:31.857+0000] {dag.py:3954} INFO - Setting next_dagrun for example_sla_dag to 2025-05-25 08:32:00+00:00, run_after=2025-05-25 08:34:00+00:00
[2025-05-25T08:34:31.868+0000] {processor.py:183} INFO - Processing /home/airflow/.local/lib/python3.12/site-packages/airflow/example_dags/example_sla_dag.py took 0.042 seconds
[2025-05-25T08:35:01.950+0000] {processor.py:161} INFO - Started process (PID=6401) to work on /home/airflow/.local/lib/python3.12/site-packages/airflow/example_dags/example_sla_dag.py
[2025-05-25T08:35:01.951+0000] {processor.py:830} INFO - Processing file /home/airflow/.local/lib/python3.12/site-packages/airflow/example_dags/example_sla_dag.py for tasks to queue
[2025-05-25T08:35:01.951+0000] {logging_mixin.py:188} INFO - [2025-05-25T08:35:01.951+0000] {dagbag.py:540} INFO - Filling up the DagBag from /home/airflow/.local/lib/python3.12/site-packages/airflow/example_dags/example_sla_dag.py
[2025-05-25T08:35:01.955+0000] {processor.py:840} INFO - DAG(s) 'example_sla_dag' retrieved from /home/airflow/.local/lib/python3.12/site-packages/airflow/example_dags/example_sla_dag.py
[2025-05-25T08:35:01.968+0000] {logging_mixin.py:188} INFO - [2025-05-25T08:35:01.968+0000] {dag.py:3096} INFO - Sync 1 DAGs
[2025-05-25T08:35:01.982+0000] {logging_mixin.py:188} INFO - [2025-05-25T08:35:01.982+0000] {dag.py:3954} INFO - Setting next_dagrun for example_sla_dag to 2025-05-25 08:32:00+00:00, run_after=2025-05-25 08:34:00+00:00
[2025-05-25T08:35:01.992+0000] {processor.py:183} INFO - Processing /home/airflow/.local/lib/python3.12/site-packages/airflow/example_dags/example_sla_dag.py took 0.046 seconds
[2025-05-25T08:35:32.361+0000] {processor.py:161} INFO - Started process (PID=6466) to work on /home/airflow/.local/lib/python3.12/site-packages/airflow/example_dags/example_sla_dag.py
[2025-05-25T08:35:32.363+0000] {processor.py:830} INFO - Processing file /home/airflow/.local/lib/python3.12/site-packages/airflow/example_dags/example_sla_dag.py for tasks to queue
[2025-05-25T08:35:32.364+0000] {logging_mixin.py:188} INFO - [2025-05-25T08:35:32.363+0000] {dagbag.py:540} INFO - Filling up the DagBag from /home/airflow/.local/lib/python3.12/site-packages/airflow/example_dags/example_sla_dag.py
[2025-05-25T08:35:32.368+0000] {processor.py:840} INFO - DAG(s) 'example_sla_dag' retrieved from /home/airflow/.local/lib/python3.12/site-packages/airflow/example_dags/example_sla_dag.py
[2025-05-25T08:35:32.385+0000] {logging_mixin.py:188} INFO - [2025-05-25T08:35:32.385+0000] {dag.py:3096} INFO - Sync 1 DAGs
[2025-05-25T08:35:32.395+0000] {logging_mixin.py:188} INFO - [2025-05-25T08:35:32.395+0000] {dag.py:3954} INFO - Setting next_dagrun for example_sla_dag to 2025-05-25 08:32:00+00:00, run_after=2025-05-25 08:34:00+00:00
[2025-05-25T08:35:32.405+0000] {processor.py:183} INFO - Processing /home/airflow/.local/lib/python3.12/site-packages/airflow/example_dags/example_sla_dag.py took 0.047 seconds
[2025-05-25T08:36:03.482+0000] {processor.py:161} INFO - Started process (PID=6532) to work on /home/airflow/.local/lib/python3.12/site-packages/airflow/example_dags/example_sla_dag.py
[2025-05-25T08:36:03.483+0000] {processor.py:830} INFO - Processing file /home/airflow/.local/lib/python3.12/site-packages/airflow/example_dags/example_sla_dag.py for tasks to queue
[2025-05-25T08:36:03.483+0000] {logging_mixin.py:188} INFO - [2025-05-25T08:36:03.483+0000] {dagbag.py:540} INFO - Filling up the DagBag from /home/airflow/.local/lib/python3.12/site-packages/airflow/example_dags/example_sla_dag.py
[2025-05-25T08:36:03.488+0000] {processor.py:840} INFO - DAG(s) 'example_sla_dag' retrieved from /home/airflow/.local/lib/python3.12/site-packages/airflow/example_dags/example_sla_dag.py
[2025-05-25T08:36:03.499+0000] {logging_mixin.py:188} INFO - [2025-05-25T08:36:03.499+0000] {dag.py:3096} INFO - Sync 1 DAGs
[2025-05-25T08:36:03.510+0000] {logging_mixin.py:188} INFO - [2025-05-25T08:36:03.510+0000] {dag.py:3954} INFO - Setting next_dagrun for example_sla_dag to 2025-05-25 08:34:00+00:00, run_after=2025-05-25 08:36:00+00:00
[2025-05-25T08:36:03.521+0000] {processor.py:183} INFO - Processing /home/airflow/.local/lib/python3.12/site-packages/airflow/example_dags/example_sla_dag.py took 0.042 seconds
[2025-05-25T08:36:34.420+0000] {processor.py:161} INFO - Started process (PID=6598) to work on /home/airflow/.local/lib/python3.12/site-packages/airflow/example_dags/example_sla_dag.py
[2025-05-25T08:36:34.421+0000] {processor.py:830} INFO - Processing file /home/airflow/.local/lib/python3.12/site-packages/airflow/example_dags/example_sla_dag.py for tasks to queue
[2025-05-25T08:36:34.421+0000] {logging_mixin.py:188} INFO - [2025-05-25T08:36:34.421+0000] {dagbag.py:540} INFO - Filling up the DagBag from /home/airflow/.local/lib/python3.12/site-packages/airflow/example_dags/example_sla_dag.py
[2025-05-25T08:36:34.426+0000] {processor.py:840} INFO - DAG(s) 'example_sla_dag' retrieved from /home/airflow/.local/lib/python3.12/site-packages/airflow/example_dags/example_sla_dag.py
[2025-05-25T08:36:34.436+0000] {logging_mixin.py:188} INFO - [2025-05-25T08:36:34.436+0000] {dag.py:3096} INFO - Sync 1 DAGs
[2025-05-25T08:36:34.447+0000] {logging_mixin.py:188} INFO - [2025-05-25T08:36:34.447+0000] {dag.py:3954} INFO - Setting next_dagrun for example_sla_dag to 2025-05-25 08:34:00+00:00, run_after=2025-05-25 08:36:00+00:00
[2025-05-25T08:36:34.548+0000] {processor.py:183} INFO - Processing /home/airflow/.local/lib/python3.12/site-packages/airflow/example_dags/example_sla_dag.py took 0.132 seconds
[2025-05-25T08:37:05.508+0000] {processor.py:161} INFO - Started process (PID=6661) to work on /home/airflow/.local/lib/python3.12/site-packages/airflow/example_dags/example_sla_dag.py
[2025-05-25T08:37:05.509+0000] {processor.py:830} INFO - Processing file /home/airflow/.local/lib/python3.12/site-packages/airflow/example_dags/example_sla_dag.py for tasks to queue
[2025-05-25T08:37:05.510+0000] {logging_mixin.py:188} INFO - [2025-05-25T08:37:05.509+0000] {dagbag.py:540} INFO - Filling up the DagBag from /home/airflow/.local/lib/python3.12/site-packages/airflow/example_dags/example_sla_dag.py
[2025-05-25T08:37:05.513+0000] {processor.py:840} INFO - DAG(s) 'example_sla_dag' retrieved from /home/airflow/.local/lib/python3.12/site-packages/airflow/example_dags/example_sla_dag.py
[2025-05-25T08:37:05.525+0000] {logging_mixin.py:188} INFO - [2025-05-25T08:37:05.525+0000] {dag.py:3096} INFO - Sync 1 DAGs
[2025-05-25T08:37:05.535+0000] {logging_mixin.py:188} INFO - [2025-05-25T08:37:05.534+0000] {dag.py:3954} INFO - Setting next_dagrun for example_sla_dag to 2025-05-25 08:34:00+00:00, run_after=2025-05-25 08:36:00+00:00
[2025-05-25T08:37:05.542+0000] {processor.py:183} INFO - Processing /home/airflow/.local/lib/python3.12/site-packages/airflow/example_dags/example_sla_dag.py took 0.037 seconds
[2025-05-25T08:37:36.749+0000] {processor.py:161} INFO - Started process (PID=6727) to work on /home/airflow/.local/lib/python3.12/site-packages/airflow/example_dags/example_sla_dag.py
[2025-05-25T08:37:36.750+0000] {processor.py:830} INFO - Processing file /home/airflow/.local/lib/python3.12/site-packages/airflow/example_dags/example_sla_dag.py for tasks to queue
[2025-05-25T08:37:36.750+0000] {logging_mixin.py:188} INFO - [2025-05-25T08:37:36.750+0000] {dagbag.py:540} INFO - Filling up the DagBag from /home/airflow/.local/lib/python3.12/site-packages/airflow/example_dags/example_sla_dag.py
[2025-05-25T08:37:36.755+0000] {processor.py:840} INFO - DAG(s) 'example_sla_dag' retrieved from /home/airflow/.local/lib/python3.12/site-packages/airflow/example_dags/example_sla_dag.py
[2025-05-25T08:37:36.774+0000] {logging_mixin.py:188} INFO - [2025-05-25T08:37:36.774+0000] {dag.py:3096} INFO - Sync 1 DAGs
[2025-05-25T08:37:36.792+0000] {logging_mixin.py:188} INFO - [2025-05-25T08:37:36.792+0000] {dag.py:3954} INFO - Setting next_dagrun for example_sla_dag to 2025-05-25 08:34:00+00:00, run_after=2025-05-25 08:36:00+00:00
[2025-05-25T08:37:36.802+0000] {processor.py:183} INFO - Processing /home/airflow/.local/lib/python3.12/site-packages/airflow/example_dags/example_sla_dag.py took 0.058 seconds
[2025-05-25T08:38:06.981+0000] {processor.py:161} INFO - Started process (PID=6789) to work on /home/airflow/.local/lib/python3.12/site-packages/airflow/example_dags/example_sla_dag.py
[2025-05-25T08:38:06.981+0000] {processor.py:830} INFO - Processing file /home/airflow/.local/lib/python3.12/site-packages/airflow/example_dags/example_sla_dag.py for tasks to queue
[2025-05-25T08:38:06.982+0000] {logging_mixin.py:188} INFO - [2025-05-25T08:38:06.982+0000] {dagbag.py:540} INFO - Filling up the DagBag from /home/airflow/.local/lib/python3.12/site-packages/airflow/example_dags/example_sla_dag.py
[2025-05-25T08:38:06.986+0000] {processor.py:840} INFO - DAG(s) 'example_sla_dag' retrieved from /home/airflow/.local/lib/python3.12/site-packages/airflow/example_dags/example_sla_dag.py
[2025-05-25T08:38:06.995+0000] {logging_mixin.py:188} INFO - [2025-05-25T08:38:06.995+0000] {dag.py:3096} INFO - Sync 1 DAGs
[2025-05-25T08:38:07.004+0000] {logging_mixin.py:188} INFO - [2025-05-25T08:38:07.004+0000] {dag.py:3954} INFO - Setting next_dagrun for example_sla_dag to 2025-05-25 08:36:00+00:00, run_after=2025-05-25 08:38:00+00:00
[2025-05-25T08:38:07.012+0000] {processor.py:183} INFO - Processing /home/airflow/.local/lib/python3.12/site-packages/airflow/example_dags/example_sla_dag.py took 0.034 seconds
[2025-05-25T08:38:37.543+0000] {processor.py:161} INFO - Started process (PID=6855) to work on /home/airflow/.local/lib/python3.12/site-packages/airflow/example_dags/example_sla_dag.py
[2025-05-25T08:38:37.544+0000] {processor.py:830} INFO - Processing file /home/airflow/.local/lib/python3.12/site-packages/airflow/example_dags/example_sla_dag.py for tasks to queue
[2025-05-25T08:38:37.545+0000] {logging_mixin.py:188} INFO - [2025-05-25T08:38:37.545+0000] {dagbag.py:540} INFO - Filling up the DagBag from /home/airflow/.local/lib/python3.12/site-packages/airflow/example_dags/example_sla_dag.py
[2025-05-25T08:38:37.549+0000] {processor.py:840} INFO - DAG(s) 'example_sla_dag' retrieved from /home/airflow/.local/lib/python3.12/site-packages/airflow/example_dags/example_sla_dag.py
[2025-05-25T08:38:37.560+0000] {logging_mixin.py:188} INFO - [2025-05-25T08:38:37.560+0000] {dag.py:3096} INFO - Sync 1 DAGs
[2025-05-25T08:38:37.572+0000] {logging_mixin.py:188} INFO - [2025-05-25T08:38:37.572+0000] {dag.py:3954} INFO - Setting next_dagrun for example_sla_dag to 2025-05-25 08:36:00+00:00, run_after=2025-05-25 08:38:00+00:00
[2025-05-25T08:38:37.581+0000] {processor.py:183} INFO - Processing /home/airflow/.local/lib/python3.12/site-packages/airflow/example_dags/example_sla_dag.py took 0.041 seconds
[2025-05-25T08:39:08.594+0000] {processor.py:161} INFO - Started process (PID=6921) to work on /home/airflow/.local/lib/python3.12/site-packages/airflow/example_dags/example_sla_dag.py
[2025-05-25T08:39:08.595+0000] {processor.py:830} INFO - Processing file /home/airflow/.local/lib/python3.12/site-packages/airflow/example_dags/example_sla_dag.py for tasks to queue
[2025-05-25T08:39:08.595+0000] {logging_mixin.py:188} INFO - [2025-05-25T08:39:08.595+0000] {dagbag.py:540} INFO - Filling up the DagBag from /home/airflow/.local/lib/python3.12/site-packages/airflow/example_dags/example_sla_dag.py
[2025-05-25T08:39:08.599+0000] {processor.py:840} INFO - DAG(s) 'example_sla_dag' retrieved from /home/airflow/.local/lib/python3.12/site-packages/airflow/example_dags/example_sla_dag.py
[2025-05-25T08:39:08.614+0000] {logging_mixin.py:188} INFO - [2025-05-25T08:39:08.614+0000] {dag.py:3096} INFO - Sync 1 DAGs
[2025-05-25T08:39:08.626+0000] {logging_mixin.py:188} INFO - [2025-05-25T08:39:08.626+0000] {dag.py:3954} INFO - Setting next_dagrun for example_sla_dag to 2025-05-25 08:36:00+00:00, run_after=2025-05-25 08:38:00+00:00
[2025-05-25T08:39:08.635+0000] {processor.py:183} INFO - Processing /home/airflow/.local/lib/python3.12/site-packages/airflow/example_dags/example_sla_dag.py took 0.045 seconds
[2025-05-25T08:39:38.856+0000] {processor.py:161} INFO - Started process (PID=6987) to work on /home/airflow/.local/lib/python3.12/site-packages/airflow/example_dags/example_sla_dag.py
[2025-05-25T08:39:38.857+0000] {processor.py:830} INFO - Processing file /home/airflow/.local/lib/python3.12/site-packages/airflow/example_dags/example_sla_dag.py for tasks to queue
[2025-05-25T08:39:38.859+0000] {logging_mixin.py:188} INFO - [2025-05-25T08:39:38.858+0000] {dagbag.py:540} INFO - Filling up the DagBag from /home/airflow/.local/lib/python3.12/site-packages/airflow/example_dags/example_sla_dag.py
[2025-05-25T08:39:38.863+0000] {processor.py:840} INFO - DAG(s) 'example_sla_dag' retrieved from /home/airflow/.local/lib/python3.12/site-packages/airflow/example_dags/example_sla_dag.py
[2025-05-25T08:39:38.875+0000] {logging_mixin.py:188} INFO - [2025-05-25T08:39:38.875+0000] {dag.py:3096} INFO - Sync 1 DAGs
[2025-05-25T08:39:38.886+0000] {logging_mixin.py:188} INFO - [2025-05-25T08:39:38.886+0000] {dag.py:3954} INFO - Setting next_dagrun for example_sla_dag to 2025-05-25 08:36:00+00:00, run_after=2025-05-25 08:38:00+00:00
[2025-05-25T08:39:38.895+0000] {processor.py:183} INFO - Processing /home/airflow/.local/lib/python3.12/site-packages/airflow/example_dags/example_sla_dag.py took 0.043 seconds
[2025-05-25T08:40:09.329+0000] {processor.py:161} INFO - Started process (PID=7053) to work on /home/airflow/.local/lib/python3.12/site-packages/airflow/example_dags/example_sla_dag.py
[2025-05-25T08:40:09.329+0000] {processor.py:830} INFO - Processing file /home/airflow/.local/lib/python3.12/site-packages/airflow/example_dags/example_sla_dag.py for tasks to queue
[2025-05-25T08:40:09.330+0000] {logging_mixin.py:188} INFO - [2025-05-25T08:40:09.330+0000] {dagbag.py:540} INFO - Filling up the DagBag from /home/airflow/.local/lib/python3.12/site-packages/airflow/example_dags/example_sla_dag.py
[2025-05-25T08:40:09.334+0000] {processor.py:840} INFO - DAG(s) 'example_sla_dag' retrieved from /home/airflow/.local/lib/python3.12/site-packages/airflow/example_dags/example_sla_dag.py
[2025-05-25T08:40:09.343+0000] {logging_mixin.py:188} INFO - [2025-05-25T08:40:09.343+0000] {dag.py:3096} INFO - Sync 1 DAGs
[2025-05-25T08:40:09.355+0000] {logging_mixin.py:188} INFO - [2025-05-25T08:40:09.355+0000] {dag.py:3954} INFO - Setting next_dagrun for example_sla_dag to 2025-05-25 08:38:00+00:00, run_after=2025-05-25 08:40:00+00:00
[2025-05-25T08:40:09.369+0000] {processor.py:183} INFO - Processing /home/airflow/.local/lib/python3.12/site-packages/airflow/example_dags/example_sla_dag.py took 0.044 seconds
[2025-05-25T08:40:39.463+0000] {processor.py:161} INFO - Started process (PID=7118) to work on /home/airflow/.local/lib/python3.12/site-packages/airflow/example_dags/example_sla_dag.py
[2025-05-25T08:40:39.463+0000] {processor.py:830} INFO - Processing file /home/airflow/.local/lib/python3.12/site-packages/airflow/example_dags/example_sla_dag.py for tasks to queue
[2025-05-25T08:40:39.464+0000] {logging_mixin.py:188} INFO - [2025-05-25T08:40:39.464+0000] {dagbag.py:540} INFO - Filling up the DagBag from /home/airflow/.local/lib/python3.12/site-packages/airflow/example_dags/example_sla_dag.py
[2025-05-25T08:40:39.468+0000] {processor.py:840} INFO - DAG(s) 'example_sla_dag' retrieved from /home/airflow/.local/lib/python3.12/site-packages/airflow/example_dags/example_sla_dag.py
[2025-05-25T08:40:39.480+0000] {logging_mixin.py:188} INFO - [2025-05-25T08:40:39.480+0000] {dag.py:3096} INFO - Sync 1 DAGs
[2025-05-25T08:40:39.491+0000] {logging_mixin.py:188} INFO - [2025-05-25T08:40:39.491+0000] {dag.py:3954} INFO - Setting next_dagrun for example_sla_dag to 2025-05-25 08:38:00+00:00, run_after=2025-05-25 08:40:00+00:00
[2025-05-25T08:40:39.501+0000] {processor.py:183} INFO - Processing /home/airflow/.local/lib/python3.12/site-packages/airflow/example_dags/example_sla_dag.py took 0.042 seconds
[2025-05-25T08:41:10.508+0000] {processor.py:161} INFO - Started process (PID=7184) to work on /home/airflow/.local/lib/python3.12/site-packages/airflow/example_dags/example_sla_dag.py
[2025-05-25T08:41:10.509+0000] {processor.py:830} INFO - Processing file /home/airflow/.local/lib/python3.12/site-packages/airflow/example_dags/example_sla_dag.py for tasks to queue
[2025-05-25T08:41:10.509+0000] {logging_mixin.py:188} INFO - [2025-05-25T08:41:10.509+0000] {dagbag.py:540} INFO - Filling up the DagBag from /home/airflow/.local/lib/python3.12/site-packages/airflow/example_dags/example_sla_dag.py
[2025-05-25T08:41:10.513+0000] {processor.py:840} INFO - DAG(s) 'example_sla_dag' retrieved from /home/airflow/.local/lib/python3.12/site-packages/airflow/example_dags/example_sla_dag.py
[2025-05-25T08:41:10.523+0000] {logging_mixin.py:188} INFO - [2025-05-25T08:41:10.523+0000] {dag.py:3096} INFO - Sync 1 DAGs
[2025-05-25T08:41:10.532+0000] {logging_mixin.py:188} INFO - [2025-05-25T08:41:10.531+0000] {dag.py:3954} INFO - Setting next_dagrun for example_sla_dag to 2025-05-25 08:38:00+00:00, run_after=2025-05-25 08:40:00+00:00
[2025-05-25T08:41:10.539+0000] {processor.py:183} INFO - Processing /home/airflow/.local/lib/python3.12/site-packages/airflow/example_dags/example_sla_dag.py took 0.034 seconds
[2025-05-25T08:41:40.719+0000] {processor.py:161} INFO - Started process (PID=7250) to work on /home/airflow/.local/lib/python3.12/site-packages/airflow/example_dags/example_sla_dag.py
[2025-05-25T08:41:40.720+0000] {processor.py:830} INFO - Processing file /home/airflow/.local/lib/python3.12/site-packages/airflow/example_dags/example_sla_dag.py for tasks to queue
[2025-05-25T08:41:40.721+0000] {logging_mixin.py:188} INFO - [2025-05-25T08:41:40.721+0000] {dagbag.py:540} INFO - Filling up the DagBag from /home/airflow/.local/lib/python3.12/site-packages/airflow/example_dags/example_sla_dag.py
[2025-05-25T08:41:40.725+0000] {processor.py:840} INFO - DAG(s) 'example_sla_dag' retrieved from /home/airflow/.local/lib/python3.12/site-packages/airflow/example_dags/example_sla_dag.py
[2025-05-25T08:41:40.736+0000] {logging_mixin.py:188} INFO - [2025-05-25T08:41:40.736+0000] {dag.py:3096} INFO - Sync 1 DAGs
[2025-05-25T08:41:40.746+0000] {logging_mixin.py:188} INFO - [2025-05-25T08:41:40.746+0000] {dag.py:3954} INFO - Setting next_dagrun for example_sla_dag to 2025-05-25 08:38:00+00:00, run_after=2025-05-25 08:40:00+00:00
[2025-05-25T08:41:40.757+0000] {processor.py:183} INFO - Processing /home/airflow/.local/lib/python3.12/site-packages/airflow/example_dags/example_sla_dag.py took 0.042 seconds
[2025-05-25T08:42:11.751+0000] {processor.py:161} INFO - Started process (PID=7316) to work on /home/airflow/.local/lib/python3.12/site-packages/airflow/example_dags/example_sla_dag.py
[2025-05-25T08:42:11.752+0000] {processor.py:830} INFO - Processing file /home/airflow/.local/lib/python3.12/site-packages/airflow/example_dags/example_sla_dag.py for tasks to queue
[2025-05-25T08:42:11.752+0000] {logging_mixin.py:188} INFO - [2025-05-25T08:42:11.752+0000] {dagbag.py:540} INFO - Filling up the DagBag from /home/airflow/.local/lib/python3.12/site-packages/airflow/example_dags/example_sla_dag.py
[2025-05-25T08:42:11.756+0000] {processor.py:840} INFO - DAG(s) 'example_sla_dag' retrieved from /home/airflow/.local/lib/python3.12/site-packages/airflow/example_dags/example_sla_dag.py
[2025-05-25T08:42:11.767+0000] {logging_mixin.py:188} INFO - [2025-05-25T08:42:11.767+0000] {dag.py:3096} INFO - Sync 1 DAGs
[2025-05-25T08:42:11.777+0000] {logging_mixin.py:188} INFO - [2025-05-25T08:42:11.777+0000] {dag.py:3954} INFO - Setting next_dagrun for example_sla_dag to 2025-05-25 08:40:00+00:00, run_after=2025-05-25 08:42:00+00:00
[2025-05-25T08:42:11.785+0000] {processor.py:183} INFO - Processing /home/airflow/.local/lib/python3.12/site-packages/airflow/example_dags/example_sla_dag.py took 0.038 seconds
[2025-05-25T08:42:42.013+0000] {processor.py:161} INFO - Started process (PID=7382) to work on /home/airflow/.local/lib/python3.12/site-packages/airflow/example_dags/example_sla_dag.py
[2025-05-25T08:42:42.014+0000] {processor.py:830} INFO - Processing file /home/airflow/.local/lib/python3.12/site-packages/airflow/example_dags/example_sla_dag.py for tasks to queue
[2025-05-25T08:42:42.014+0000] {logging_mixin.py:188} INFO - [2025-05-25T08:42:42.014+0000] {dagbag.py:540} INFO - Filling up the DagBag from /home/airflow/.local/lib/python3.12/site-packages/airflow/example_dags/example_sla_dag.py
[2025-05-25T08:42:42.018+0000] {processor.py:840} INFO - DAG(s) 'example_sla_dag' retrieved from /home/airflow/.local/lib/python3.12/site-packages/airflow/example_dags/example_sla_dag.py
[2025-05-25T08:42:42.031+0000] {logging_mixin.py:188} INFO - [2025-05-25T08:42:42.031+0000] {dag.py:3096} INFO - Sync 1 DAGs
[2025-05-25T08:42:42.042+0000] {logging_mixin.py:188} INFO - [2025-05-25T08:42:42.042+0000] {dag.py:3954} INFO - Setting next_dagrun for example_sla_dag to 2025-05-25 08:40:00+00:00, run_after=2025-05-25 08:42:00+00:00
[2025-05-25T08:42:42.051+0000] {processor.py:183} INFO - Processing /home/airflow/.local/lib/python3.12/site-packages/airflow/example_dags/example_sla_dag.py took 0.041 seconds
[2025-05-25T08:43:12.515+0000] {processor.py:161} INFO - Started process (PID=7454) to work on /home/airflow/.local/lib/python3.12/site-packages/airflow/example_dags/example_sla_dag.py
[2025-05-25T08:43:12.516+0000] {processor.py:830} INFO - Processing file /home/airflow/.local/lib/python3.12/site-packages/airflow/example_dags/example_sla_dag.py for tasks to queue
[2025-05-25T08:43:12.516+0000] {logging_mixin.py:188} INFO - [2025-05-25T08:43:12.516+0000] {dagbag.py:540} INFO - Filling up the DagBag from /home/airflow/.local/lib/python3.12/site-packages/airflow/example_dags/example_sla_dag.py
[2025-05-25T08:43:12.522+0000] {processor.py:840} INFO - DAG(s) 'example_sla_dag' retrieved from /home/airflow/.local/lib/python3.12/site-packages/airflow/example_dags/example_sla_dag.py
[2025-05-25T08:43:12.538+0000] {logging_mixin.py:188} INFO - [2025-05-25T08:43:12.538+0000] {dag.py:3096} INFO - Sync 1 DAGs
[2025-05-25T08:43:12.550+0000] {logging_mixin.py:188} INFO - [2025-05-25T08:43:12.549+0000] {dag.py:3954} INFO - Setting next_dagrun for example_sla_dag to 2025-05-25 08:40:00+00:00, run_after=2025-05-25 08:42:00+00:00
[2025-05-25T08:43:12.561+0000] {processor.py:183} INFO - Processing /home/airflow/.local/lib/python3.12/site-packages/airflow/example_dags/example_sla_dag.py took 0.053 seconds
[2025-05-25T08:43:43.176+0000] {processor.py:161} INFO - Started process (PID=7520) to work on /home/airflow/.local/lib/python3.12/site-packages/airflow/example_dags/example_sla_dag.py
[2025-05-25T08:43:43.177+0000] {processor.py:830} INFO - Processing file /home/airflow/.local/lib/python3.12/site-packages/airflow/example_dags/example_sla_dag.py for tasks to queue
[2025-05-25T08:43:43.178+0000] {logging_mixin.py:188} INFO - [2025-05-25T08:43:43.177+0000] {dagbag.py:540} INFO - Filling up the DagBag from /home/airflow/.local/lib/python3.12/site-packages/airflow/example_dags/example_sla_dag.py
[2025-05-25T08:43:43.181+0000] {processor.py:840} INFO - DAG(s) 'example_sla_dag' retrieved from /home/airflow/.local/lib/python3.12/site-packages/airflow/example_dags/example_sla_dag.py
[2025-05-25T08:43:43.192+0000] {logging_mixin.py:188} INFO - [2025-05-25T08:43:43.192+0000] {dag.py:3096} INFO - Sync 1 DAGs
[2025-05-25T08:43:43.204+0000] {logging_mixin.py:188} INFO - [2025-05-25T08:43:43.204+0000] {dag.py:3954} INFO - Setting next_dagrun for example_sla_dag to 2025-05-25 08:40:00+00:00, run_after=2025-05-25 08:42:00+00:00
[2025-05-25T08:43:43.221+0000] {processor.py:183} INFO - Processing /home/airflow/.local/lib/python3.12/site-packages/airflow/example_dags/example_sla_dag.py took 0.049 seconds
[2025-05-25T08:44:13.447+0000] {processor.py:161} INFO - Started process (PID=7586) to work on /home/airflow/.local/lib/python3.12/site-packages/airflow/example_dags/example_sla_dag.py
[2025-05-25T08:44:13.448+0000] {processor.py:830} INFO - Processing file /home/airflow/.local/lib/python3.12/site-packages/airflow/example_dags/example_sla_dag.py for tasks to queue
[2025-05-25T08:44:13.449+0000] {logging_mixin.py:188} INFO - [2025-05-25T08:44:13.449+0000] {dagbag.py:540} INFO - Filling up the DagBag from /home/airflow/.local/lib/python3.12/site-packages/airflow/example_dags/example_sla_dag.py
[2025-05-25T08:44:13.453+0000] {processor.py:840} INFO - DAG(s) 'example_sla_dag' retrieved from /home/airflow/.local/lib/python3.12/site-packages/airflow/example_dags/example_sla_dag.py
[2025-05-25T08:44:13.463+0000] {logging_mixin.py:188} INFO - [2025-05-25T08:44:13.462+0000] {dag.py:3096} INFO - Sync 1 DAGs
[2025-05-25T08:44:13.472+0000] {logging_mixin.py:188} INFO - [2025-05-25T08:44:13.472+0000] {dag.py:3954} INFO - Setting next_dagrun for example_sla_dag to 2025-05-25 08:42:00+00:00, run_after=2025-05-25 08:44:00+00:00
[2025-05-25T08:44:13.480+0000] {processor.py:183} INFO - Processing /home/airflow/.local/lib/python3.12/site-packages/airflow/example_dags/example_sla_dag.py took 0.036 seconds
[2025-05-25T08:44:43.721+0000] {processor.py:161} INFO - Started process (PID=7652) to work on /home/airflow/.local/lib/python3.12/site-packages/airflow/example_dags/example_sla_dag.py
[2025-05-25T08:44:43.723+0000] {processor.py:830} INFO - Processing file /home/airflow/.local/lib/python3.12/site-packages/airflow/example_dags/example_sla_dag.py for tasks to queue
[2025-05-25T08:44:43.725+0000] {logging_mixin.py:188} INFO - [2025-05-25T08:44:43.725+0000] {dagbag.py:540} INFO - Filling up the DagBag from /home/airflow/.local/lib/python3.12/site-packages/airflow/example_dags/example_sla_dag.py
[2025-05-25T08:44:43.730+0000] {processor.py:840} INFO - DAG(s) 'example_sla_dag' retrieved from /home/airflow/.local/lib/python3.12/site-packages/airflow/example_dags/example_sla_dag.py
[2025-05-25T08:44:43.744+0000] {logging_mixin.py:188} INFO - [2025-05-25T08:44:43.744+0000] {dag.py:3096} INFO - Sync 1 DAGs
[2025-05-25T08:44:43.754+0000] {logging_mixin.py:188} INFO - [2025-05-25T08:44:43.754+0000] {dag.py:3954} INFO - Setting next_dagrun for example_sla_dag to 2025-05-25 08:42:00+00:00, run_after=2025-05-25 08:44:00+00:00
[2025-05-25T08:44:43.766+0000] {processor.py:183} INFO - Processing /home/airflow/.local/lib/python3.12/site-packages/airflow/example_dags/example_sla_dag.py took 0.048 seconds
[2025-05-25T08:45:14.162+0000] {processor.py:161} INFO - Started process (PID=7718) to work on /home/airflow/.local/lib/python3.12/site-packages/airflow/example_dags/example_sla_dag.py
[2025-05-25T08:45:14.163+0000] {processor.py:830} INFO - Processing file /home/airflow/.local/lib/python3.12/site-packages/airflow/example_dags/example_sla_dag.py for tasks to queue
[2025-05-25T08:45:14.163+0000] {logging_mixin.py:188} INFO - [2025-05-25T08:45:14.163+0000] {dagbag.py:540} INFO - Filling up the DagBag from /home/airflow/.local/lib/python3.12/site-packages/airflow/example_dags/example_sla_dag.py
[2025-05-25T08:45:14.167+0000] {processor.py:840} INFO - DAG(s) 'example_sla_dag' retrieved from /home/airflow/.local/lib/python3.12/site-packages/airflow/example_dags/example_sla_dag.py
[2025-05-25T08:45:14.177+0000] {logging_mixin.py:188} INFO - [2025-05-25T08:45:14.177+0000] {dag.py:3096} INFO - Sync 1 DAGs
[2025-05-25T08:45:14.185+0000] {logging_mixin.py:188} INFO - [2025-05-25T08:45:14.185+0000] {dag.py:3954} INFO - Setting next_dagrun for example_sla_dag to 2025-05-25 08:42:00+00:00, run_after=2025-05-25 08:44:00+00:00
[2025-05-25T08:45:14.192+0000] {processor.py:183} INFO - Processing /home/airflow/.local/lib/python3.12/site-packages/airflow/example_dags/example_sla_dag.py took 0.033 seconds
[2025-05-25T08:45:44.877+0000] {processor.py:161} INFO - Started process (PID=7780) to work on /home/airflow/.local/lib/python3.12/site-packages/airflow/example_dags/example_sla_dag.py
[2025-05-25T08:45:44.878+0000] {processor.py:830} INFO - Processing file /home/airflow/.local/lib/python3.12/site-packages/airflow/example_dags/example_sla_dag.py for tasks to queue
[2025-05-25T08:45:44.878+0000] {logging_mixin.py:188} INFO - [2025-05-25T08:45:44.878+0000] {dagbag.py:540} INFO - Filling up the DagBag from /home/airflow/.local/lib/python3.12/site-packages/airflow/example_dags/example_sla_dag.py
[2025-05-25T08:45:44.882+0000] {processor.py:840} INFO - DAG(s) 'example_sla_dag' retrieved from /home/airflow/.local/lib/python3.12/site-packages/airflow/example_dags/example_sla_dag.py
[2025-05-25T08:45:44.892+0000] {logging_mixin.py:188} INFO - [2025-05-25T08:45:44.892+0000] {dag.py:3096} INFO - Sync 1 DAGs
[2025-05-25T08:45:44.901+0000] {logging_mixin.py:188} INFO - [2025-05-25T08:45:44.901+0000] {dag.py:3954} INFO - Setting next_dagrun for example_sla_dag to 2025-05-25 08:42:00+00:00, run_after=2025-05-25 08:44:00+00:00
[2025-05-25T08:45:44.910+0000] {processor.py:183} INFO - Processing /home/airflow/.local/lib/python3.12/site-packages/airflow/example_dags/example_sla_dag.py took 0.037 seconds
[2025-05-25T08:46:15.707+0000] {processor.py:161} INFO - Started process (PID=7842) to work on /home/airflow/.local/lib/python3.12/site-packages/airflow/example_dags/example_sla_dag.py
[2025-05-25T08:46:15.708+0000] {processor.py:830} INFO - Processing file /home/airflow/.local/lib/python3.12/site-packages/airflow/example_dags/example_sla_dag.py for tasks to queue
[2025-05-25T08:46:15.709+0000] {logging_mixin.py:188} INFO - [2025-05-25T08:46:15.709+0000] {dagbag.py:540} INFO - Filling up the DagBag from /home/airflow/.local/lib/python3.12/site-packages/airflow/example_dags/example_sla_dag.py
[2025-05-25T08:46:15.714+0000] {processor.py:840} INFO - DAG(s) 'example_sla_dag' retrieved from /home/airflow/.local/lib/python3.12/site-packages/airflow/example_dags/example_sla_dag.py
[2025-05-25T08:46:15.724+0000] {logging_mixin.py:188} INFO - [2025-05-25T08:46:15.724+0000] {dag.py:3096} INFO - Sync 1 DAGs
[2025-05-25T08:46:15.735+0000] {logging_mixin.py:188} INFO - [2025-05-25T08:46:15.735+0000] {dag.py:3954} INFO - Setting next_dagrun for example_sla_dag to 2025-05-25 08:44:00+00:00, run_after=2025-05-25 08:46:00+00:00
[2025-05-25T08:46:15.747+0000] {processor.py:183} INFO - Processing /home/airflow/.local/lib/python3.12/site-packages/airflow/example_dags/example_sla_dag.py took 0.043 seconds
[2025-05-25T08:46:45.815+0000] {processor.py:161} INFO - Started process (PID=7908) to work on /home/airflow/.local/lib/python3.12/site-packages/airflow/example_dags/example_sla_dag.py
[2025-05-25T08:46:45.816+0000] {processor.py:830} INFO - Processing file /home/airflow/.local/lib/python3.12/site-packages/airflow/example_dags/example_sla_dag.py for tasks to queue
[2025-05-25T08:46:45.817+0000] {logging_mixin.py:188} INFO - [2025-05-25T08:46:45.817+0000] {dagbag.py:540} INFO - Filling up the DagBag from /home/airflow/.local/lib/python3.12/site-packages/airflow/example_dags/example_sla_dag.py
[2025-05-25T08:46:45.823+0000] {processor.py:840} INFO - DAG(s) 'example_sla_dag' retrieved from /home/airflow/.local/lib/python3.12/site-packages/airflow/example_dags/example_sla_dag.py
[2025-05-25T08:46:45.835+0000] {logging_mixin.py:188} INFO - [2025-05-25T08:46:45.834+0000] {dag.py:3096} INFO - Sync 1 DAGs
[2025-05-25T08:46:45.845+0000] {logging_mixin.py:188} INFO - [2025-05-25T08:46:45.845+0000] {dag.py:3954} INFO - Setting next_dagrun for example_sla_dag to 2025-05-25 08:44:00+00:00, run_after=2025-05-25 08:46:00+00:00
[2025-05-25T08:46:45.852+0000] {processor.py:183} INFO - Processing /home/airflow/.local/lib/python3.12/site-packages/airflow/example_dags/example_sla_dag.py took 0.041 seconds
[2025-05-25T08:47:16.217+0000] {processor.py:161} INFO - Started process (PID=7973) to work on /home/airflow/.local/lib/python3.12/site-packages/airflow/example_dags/example_sla_dag.py
[2025-05-25T08:47:16.220+0000] {processor.py:830} INFO - Processing file /home/airflow/.local/lib/python3.12/site-packages/airflow/example_dags/example_sla_dag.py for tasks to queue
[2025-05-25T08:47:16.220+0000] {logging_mixin.py:188} INFO - [2025-05-25T08:47:16.220+0000] {dagbag.py:540} INFO - Filling up the DagBag from /home/airflow/.local/lib/python3.12/site-packages/airflow/example_dags/example_sla_dag.py
[2025-05-25T08:47:16.224+0000] {processor.py:840} INFO - DAG(s) 'example_sla_dag' retrieved from /home/airflow/.local/lib/python3.12/site-packages/airflow/example_dags/example_sla_dag.py
[2025-05-25T08:47:16.238+0000] {logging_mixin.py:188} INFO - [2025-05-25T08:47:16.237+0000] {dag.py:3096} INFO - Sync 1 DAGs
[2025-05-25T08:47:16.248+0000] {logging_mixin.py:188} INFO - [2025-05-25T08:47:16.248+0000] {dag.py:3954} INFO - Setting next_dagrun for example_sla_dag to 2025-05-25 08:44:00+00:00, run_after=2025-05-25 08:46:00+00:00
[2025-05-25T08:47:16.258+0000] {processor.py:183} INFO - Processing /home/airflow/.local/lib/python3.12/site-packages/airflow/example_dags/example_sla_dag.py took 0.045 seconds
[2025-05-25T08:47:46.616+0000] {processor.py:161} INFO - Started process (PID=8039) to work on /home/airflow/.local/lib/python3.12/site-packages/airflow/example_dags/example_sla_dag.py
[2025-05-25T08:47:46.617+0000] {processor.py:830} INFO - Processing file /home/airflow/.local/lib/python3.12/site-packages/airflow/example_dags/example_sla_dag.py for tasks to queue
[2025-05-25T08:47:46.618+0000] {logging_mixin.py:188} INFO - [2025-05-25T08:47:46.618+0000] {dagbag.py:540} INFO - Filling up the DagBag from /home/airflow/.local/lib/python3.12/site-packages/airflow/example_dags/example_sla_dag.py
[2025-05-25T08:47:46.622+0000] {processor.py:840} INFO - DAG(s) 'example_sla_dag' retrieved from /home/airflow/.local/lib/python3.12/site-packages/airflow/example_dags/example_sla_dag.py
[2025-05-25T08:47:46.634+0000] {logging_mixin.py:188} INFO - [2025-05-25T08:47:46.634+0000] {dag.py:3096} INFO - Sync 1 DAGs
[2025-05-25T08:47:46.649+0000] {logging_mixin.py:188} INFO - [2025-05-25T08:47:46.649+0000] {dag.py:3954} INFO - Setting next_dagrun for example_sla_dag to 2025-05-25 08:44:00+00:00, run_after=2025-05-25 08:46:00+00:00
[2025-05-25T08:47:46.667+0000] {processor.py:183} INFO - Processing /home/airflow/.local/lib/python3.12/site-packages/airflow/example_dags/example_sla_dag.py took 0.056 seconds
[2025-05-25T08:48:17.201+0000] {processor.py:161} INFO - Started process (PID=8105) to work on /home/airflow/.local/lib/python3.12/site-packages/airflow/example_dags/example_sla_dag.py
[2025-05-25T08:48:17.204+0000] {processor.py:830} INFO - Processing file /home/airflow/.local/lib/python3.12/site-packages/airflow/example_dags/example_sla_dag.py for tasks to queue
[2025-05-25T08:48:17.205+0000] {logging_mixin.py:188} INFO - [2025-05-25T08:48:17.204+0000] {dagbag.py:540} INFO - Filling up the DagBag from /home/airflow/.local/lib/python3.12/site-packages/airflow/example_dags/example_sla_dag.py
[2025-05-25T08:48:17.208+0000] {processor.py:840} INFO - DAG(s) 'example_sla_dag' retrieved from /home/airflow/.local/lib/python3.12/site-packages/airflow/example_dags/example_sla_dag.py
[2025-05-25T08:48:17.223+0000] {logging_mixin.py:188} INFO - [2025-05-25T08:48:17.223+0000] {dag.py:3096} INFO - Sync 1 DAGs
[2025-05-25T08:48:17.234+0000] {logging_mixin.py:188} INFO - [2025-05-25T08:48:17.234+0000] {dag.py:3954} INFO - Setting next_dagrun for example_sla_dag to 2025-05-25 08:46:00+00:00, run_after=2025-05-25 08:48:00+00:00
[2025-05-25T08:48:17.249+0000] {processor.py:183} INFO - Processing /home/airflow/.local/lib/python3.12/site-packages/airflow/example_dags/example_sla_dag.py took 0.052 seconds
[2025-05-25T08:48:48.356+0000] {processor.py:161} INFO - Started process (PID=8171) to work on /home/airflow/.local/lib/python3.12/site-packages/airflow/example_dags/example_sla_dag.py
[2025-05-25T08:48:48.357+0000] {processor.py:830} INFO - Processing file /home/airflow/.local/lib/python3.12/site-packages/airflow/example_dags/example_sla_dag.py for tasks to queue
[2025-05-25T08:48:48.358+0000] {logging_mixin.py:188} INFO - [2025-05-25T08:48:48.357+0000] {dagbag.py:540} INFO - Filling up the DagBag from /home/airflow/.local/lib/python3.12/site-packages/airflow/example_dags/example_sla_dag.py
[2025-05-25T08:48:48.362+0000] {processor.py:840} INFO - DAG(s) 'example_sla_dag' retrieved from /home/airflow/.local/lib/python3.12/site-packages/airflow/example_dags/example_sla_dag.py
[2025-05-25T08:48:48.374+0000] {logging_mixin.py:188} INFO - [2025-05-25T08:48:48.374+0000] {dag.py:3096} INFO - Sync 1 DAGs
[2025-05-25T08:48:48.387+0000] {logging_mixin.py:188} INFO - [2025-05-25T08:48:48.387+0000] {dag.py:3954} INFO - Setting next_dagrun for example_sla_dag to 2025-05-25 08:46:00+00:00, run_after=2025-05-25 08:48:00+00:00
[2025-05-25T08:48:48.397+0000] {processor.py:183} INFO - Processing /home/airflow/.local/lib/python3.12/site-packages/airflow/example_dags/example_sla_dag.py took 0.045 seconds
[2025-05-25T08:49:18.926+0000] {processor.py:161} INFO - Started process (PID=8237) to work on /home/airflow/.local/lib/python3.12/site-packages/airflow/example_dags/example_sla_dag.py
[2025-05-25T08:49:18.927+0000] {processor.py:830} INFO - Processing file /home/airflow/.local/lib/python3.12/site-packages/airflow/example_dags/example_sla_dag.py for tasks to queue
[2025-05-25T08:49:18.928+0000] {logging_mixin.py:188} INFO - [2025-05-25T08:49:18.928+0000] {dagbag.py:540} INFO - Filling up the DagBag from /home/airflow/.local/lib/python3.12/site-packages/airflow/example_dags/example_sla_dag.py
[2025-05-25T08:49:18.932+0000] {processor.py:840} INFO - DAG(s) 'example_sla_dag' retrieved from /home/airflow/.local/lib/python3.12/site-packages/airflow/example_dags/example_sla_dag.py
[2025-05-25T08:49:18.946+0000] {logging_mixin.py:188} INFO - [2025-05-25T08:49:18.946+0000] {dag.py:3096} INFO - Sync 1 DAGs
[2025-05-25T08:49:18.962+0000] {logging_mixin.py:188} INFO - [2025-05-25T08:49:18.962+0000] {dag.py:3954} INFO - Setting next_dagrun for example_sla_dag to 2025-05-25 08:46:00+00:00, run_after=2025-05-25 08:48:00+00:00
[2025-05-25T08:49:18.976+0000] {processor.py:183} INFO - Processing /home/airflow/.local/lib/python3.12/site-packages/airflow/example_dags/example_sla_dag.py took 0.054 seconds
[2025-05-25T08:49:49.112+0000] {processor.py:161} INFO - Started process (PID=8303) to work on /home/airflow/.local/lib/python3.12/site-packages/airflow/example_dags/example_sla_dag.py
[2025-05-25T08:49:49.113+0000] {processor.py:830} INFO - Processing file /home/airflow/.local/lib/python3.12/site-packages/airflow/example_dags/example_sla_dag.py for tasks to queue
[2025-05-25T08:49:49.114+0000] {logging_mixin.py:188} INFO - [2025-05-25T08:49:49.114+0000] {dagbag.py:540} INFO - Filling up the DagBag from /home/airflow/.local/lib/python3.12/site-packages/airflow/example_dags/example_sla_dag.py
[2025-05-25T08:49:49.118+0000] {processor.py:840} INFO - DAG(s) 'example_sla_dag' retrieved from /home/airflow/.local/lib/python3.12/site-packages/airflow/example_dags/example_sla_dag.py
[2025-05-25T08:49:49.131+0000] {logging_mixin.py:188} INFO - [2025-05-25T08:49:49.130+0000] {dag.py:3096} INFO - Sync 1 DAGs
[2025-05-25T08:49:49.143+0000] {logging_mixin.py:188} INFO - [2025-05-25T08:49:49.143+0000] {dag.py:3954} INFO - Setting next_dagrun for example_sla_dag to 2025-05-25 08:46:00+00:00, run_after=2025-05-25 08:48:00+00:00
[2025-05-25T08:49:49.152+0000] {processor.py:183} INFO - Processing /home/airflow/.local/lib/python3.12/site-packages/airflow/example_dags/example_sla_dag.py took 0.046 seconds
[2025-05-25T08:50:20.155+0000] {processor.py:161} INFO - Started process (PID=8369) to work on /home/airflow/.local/lib/python3.12/site-packages/airflow/example_dags/example_sla_dag.py
[2025-05-25T08:50:20.156+0000] {processor.py:830} INFO - Processing file /home/airflow/.local/lib/python3.12/site-packages/airflow/example_dags/example_sla_dag.py for tasks to queue
[2025-05-25T08:50:20.157+0000] {logging_mixin.py:188} INFO - [2025-05-25T08:50:20.157+0000] {dagbag.py:540} INFO - Filling up the DagBag from /home/airflow/.local/lib/python3.12/site-packages/airflow/example_dags/example_sla_dag.py
[2025-05-25T08:50:20.161+0000] {processor.py:840} INFO - DAG(s) 'example_sla_dag' retrieved from /home/airflow/.local/lib/python3.12/site-packages/airflow/example_dags/example_sla_dag.py
[2025-05-25T08:50:20.173+0000] {logging_mixin.py:188} INFO - [2025-05-25T08:50:20.173+0000] {dag.py:3096} INFO - Sync 1 DAGs
[2025-05-25T08:50:20.188+0000] {logging_mixin.py:188} INFO - [2025-05-25T08:50:20.188+0000] {dag.py:3954} INFO - Setting next_dagrun for example_sla_dag to 2025-05-25 08:48:00+00:00, run_after=2025-05-25 08:50:00+00:00
[2025-05-25T08:50:20.196+0000] {processor.py:183} INFO - Processing /home/airflow/.local/lib/python3.12/site-packages/airflow/example_dags/example_sla_dag.py took 0.044 seconds
[2025-05-25T08:50:50.721+0000] {processor.py:161} INFO - Started process (PID=8435) to work on /home/airflow/.local/lib/python3.12/site-packages/airflow/example_dags/example_sla_dag.py
[2025-05-25T08:50:50.721+0000] {processor.py:830} INFO - Processing file /home/airflow/.local/lib/python3.12/site-packages/airflow/example_dags/example_sla_dag.py for tasks to queue
[2025-05-25T08:50:50.722+0000] {logging_mixin.py:188} INFO - [2025-05-25T08:50:50.721+0000] {dagbag.py:540} INFO - Filling up the DagBag from /home/airflow/.local/lib/python3.12/site-packages/airflow/example_dags/example_sla_dag.py
[2025-05-25T08:50:50.728+0000] {processor.py:840} INFO - DAG(s) 'example_sla_dag' retrieved from /home/airflow/.local/lib/python3.12/site-packages/airflow/example_dags/example_sla_dag.py
[2025-05-25T08:50:50.747+0000] {logging_mixin.py:188} INFO - [2025-05-25T08:50:50.747+0000] {dag.py:3096} INFO - Sync 1 DAGs
[2025-05-25T08:50:50.758+0000] {logging_mixin.py:188} INFO - [2025-05-25T08:50:50.758+0000] {dag.py:3954} INFO - Setting next_dagrun for example_sla_dag to 2025-05-25 08:48:00+00:00, run_after=2025-05-25 08:50:00+00:00
[2025-05-25T08:50:50.772+0000] {processor.py:183} INFO - Processing /home/airflow/.local/lib/python3.12/site-packages/airflow/example_dags/example_sla_dag.py took 0.055 seconds
[2025-05-25T08:51:20.945+0000] {processor.py:161} INFO - Started process (PID=8501) to work on /home/airflow/.local/lib/python3.12/site-packages/airflow/example_dags/example_sla_dag.py
[2025-05-25T08:51:20.946+0000] {processor.py:830} INFO - Processing file /home/airflow/.local/lib/python3.12/site-packages/airflow/example_dags/example_sla_dag.py for tasks to queue
[2025-05-25T08:51:20.947+0000] {logging_mixin.py:188} INFO - [2025-05-25T08:51:20.946+0000] {dagbag.py:540} INFO - Filling up the DagBag from /home/airflow/.local/lib/python3.12/site-packages/airflow/example_dags/example_sla_dag.py
[2025-05-25T08:51:20.951+0000] {processor.py:840} INFO - DAG(s) 'example_sla_dag' retrieved from /home/airflow/.local/lib/python3.12/site-packages/airflow/example_dags/example_sla_dag.py
[2025-05-25T08:51:20.965+0000] {logging_mixin.py:188} INFO - [2025-05-25T08:51:20.965+0000] {dag.py:3096} INFO - Sync 1 DAGs
[2025-05-25T08:51:20.974+0000] {logging_mixin.py:188} INFO - [2025-05-25T08:51:20.973+0000] {dag.py:3954} INFO - Setting next_dagrun for example_sla_dag to 2025-05-25 08:48:00+00:00, run_after=2025-05-25 08:50:00+00:00
[2025-05-25T08:51:20.986+0000] {processor.py:183} INFO - Processing /home/airflow/.local/lib/python3.12/site-packages/airflow/example_dags/example_sla_dag.py took 0.045 seconds
[2025-05-25T08:51:51.237+0000] {processor.py:161} INFO - Started process (PID=8567) to work on /home/airflow/.local/lib/python3.12/site-packages/airflow/example_dags/example_sla_dag.py
[2025-05-25T08:51:51.241+0000] {processor.py:830} INFO - Processing file /home/airflow/.local/lib/python3.12/site-packages/airflow/example_dags/example_sla_dag.py for tasks to queue
[2025-05-25T08:51:51.241+0000] {logging_mixin.py:188} INFO - [2025-05-25T08:51:51.241+0000] {dagbag.py:540} INFO - Filling up the DagBag from /home/airflow/.local/lib/python3.12/site-packages/airflow/example_dags/example_sla_dag.py
[2025-05-25T08:51:51.245+0000] {processor.py:840} INFO - DAG(s) 'example_sla_dag' retrieved from /home/airflow/.local/lib/python3.12/site-packages/airflow/example_dags/example_sla_dag.py
[2025-05-25T08:51:51.262+0000] {logging_mixin.py:188} INFO - [2025-05-25T08:51:51.262+0000] {dag.py:3096} INFO - Sync 1 DAGs
[2025-05-25T08:51:51.274+0000] {logging_mixin.py:188} INFO - [2025-05-25T08:51:51.274+0000] {dag.py:3954} INFO - Setting next_dagrun for example_sla_dag to 2025-05-25 08:48:00+00:00, run_after=2025-05-25 08:50:00+00:00
[2025-05-25T08:51:51.286+0000] {processor.py:183} INFO - Processing /home/airflow/.local/lib/python3.12/site-packages/airflow/example_dags/example_sla_dag.py took 0.052 seconds
[2025-05-25T08:52:21.797+0000] {processor.py:161} INFO - Started process (PID=8633) to work on /home/airflow/.local/lib/python3.12/site-packages/airflow/example_dags/example_sla_dag.py
[2025-05-25T08:52:21.797+0000] {processor.py:830} INFO - Processing file /home/airflow/.local/lib/python3.12/site-packages/airflow/example_dags/example_sla_dag.py for tasks to queue
[2025-05-25T08:52:21.799+0000] {logging_mixin.py:188} INFO - [2025-05-25T08:52:21.799+0000] {dagbag.py:540} INFO - Filling up the DagBag from /home/airflow/.local/lib/python3.12/site-packages/airflow/example_dags/example_sla_dag.py
[2025-05-25T08:52:21.804+0000] {processor.py:840} INFO - DAG(s) 'example_sla_dag' retrieved from /home/airflow/.local/lib/python3.12/site-packages/airflow/example_dags/example_sla_dag.py
[2025-05-25T08:52:21.817+0000] {logging_mixin.py:188} INFO - [2025-05-25T08:52:21.817+0000] {dag.py:3096} INFO - Sync 1 DAGs
[2025-05-25T08:52:21.827+0000] {logging_mixin.py:188} INFO - [2025-05-25T08:52:21.827+0000] {dag.py:3954} INFO - Setting next_dagrun for example_sla_dag to 2025-05-25 08:50:00+00:00, run_after=2025-05-25 08:52:00+00:00
[2025-05-25T08:52:21.835+0000] {processor.py:183} INFO - Processing /home/airflow/.local/lib/python3.12/site-packages/airflow/example_dags/example_sla_dag.py took 0.042 seconds
[2025-05-25T08:52:52.235+0000] {processor.py:161} INFO - Started process (PID=8699) to work on /home/airflow/.local/lib/python3.12/site-packages/airflow/example_dags/example_sla_dag.py
[2025-05-25T08:52:52.236+0000] {processor.py:830} INFO - Processing file /home/airflow/.local/lib/python3.12/site-packages/airflow/example_dags/example_sla_dag.py for tasks to queue
[2025-05-25T08:52:52.236+0000] {logging_mixin.py:188} INFO - [2025-05-25T08:52:52.236+0000] {dagbag.py:540} INFO - Filling up the DagBag from /home/airflow/.local/lib/python3.12/site-packages/airflow/example_dags/example_sla_dag.py
[2025-05-25T08:52:52.241+0000] {processor.py:840} INFO - DAG(s) 'example_sla_dag' retrieved from /home/airflow/.local/lib/python3.12/site-packages/airflow/example_dags/example_sla_dag.py
[2025-05-25T08:52:52.253+0000] {logging_mixin.py:188} INFO - [2025-05-25T08:52:52.253+0000] {dag.py:3096} INFO - Sync 1 DAGs
[2025-05-25T08:52:52.267+0000] {logging_mixin.py:188} INFO - [2025-05-25T08:52:52.267+0000] {dag.py:3954} INFO - Setting next_dagrun for example_sla_dag to 2025-05-25 08:50:00+00:00, run_after=2025-05-25 08:52:00+00:00
[2025-05-25T08:52:52.276+0000] {processor.py:183} INFO - Processing /home/airflow/.local/lib/python3.12/site-packages/airflow/example_dags/example_sla_dag.py took 0.045 seconds
[2025-05-25T08:53:22.312+0000] {processor.py:161} INFO - Started process (PID=8764) to work on /home/airflow/.local/lib/python3.12/site-packages/airflow/example_dags/example_sla_dag.py
[2025-05-25T08:53:22.313+0000] {processor.py:830} INFO - Processing file /home/airflow/.local/lib/python3.12/site-packages/airflow/example_dags/example_sla_dag.py for tasks to queue
[2025-05-25T08:53:22.315+0000] {logging_mixin.py:188} INFO - [2025-05-25T08:53:22.315+0000] {dagbag.py:540} INFO - Filling up the DagBag from /home/airflow/.local/lib/python3.12/site-packages/airflow/example_dags/example_sla_dag.py
[2025-05-25T08:53:22.323+0000] {processor.py:840} INFO - DAG(s) 'example_sla_dag' retrieved from /home/airflow/.local/lib/python3.12/site-packages/airflow/example_dags/example_sla_dag.py
[2025-05-25T08:53:22.338+0000] {logging_mixin.py:188} INFO - [2025-05-25T08:53:22.338+0000] {dag.py:3096} INFO - Sync 1 DAGs
[2025-05-25T08:53:22.351+0000] {logging_mixin.py:188} INFO - [2025-05-25T08:53:22.351+0000] {dag.py:3954} INFO - Setting next_dagrun for example_sla_dag to 2025-05-25 08:50:00+00:00, run_after=2025-05-25 08:52:00+00:00
[2025-05-25T08:53:22.363+0000] {processor.py:183} INFO - Processing /home/airflow/.local/lib/python3.12/site-packages/airflow/example_dags/example_sla_dag.py took 0.057 seconds
[2025-05-25T08:53:52.754+0000] {processor.py:161} INFO - Started process (PID=8831) to work on /home/airflow/.local/lib/python3.12/site-packages/airflow/example_dags/example_sla_dag.py
[2025-05-25T08:53:52.756+0000] {processor.py:830} INFO - Processing file /home/airflow/.local/lib/python3.12/site-packages/airflow/example_dags/example_sla_dag.py for tasks to queue
[2025-05-25T08:53:52.757+0000] {logging_mixin.py:188} INFO - [2025-05-25T08:53:52.757+0000] {dagbag.py:540} INFO - Filling up the DagBag from /home/airflow/.local/lib/python3.12/site-packages/airflow/example_dags/example_sla_dag.py
[2025-05-25T08:53:52.762+0000] {processor.py:840} INFO - DAG(s) 'example_sla_dag' retrieved from /home/airflow/.local/lib/python3.12/site-packages/airflow/example_dags/example_sla_dag.py
[2025-05-25T08:53:52.772+0000] {logging_mixin.py:188} INFO - [2025-05-25T08:53:52.772+0000] {dag.py:3096} INFO - Sync 1 DAGs
[2025-05-25T08:53:52.782+0000] {logging_mixin.py:188} INFO - [2025-05-25T08:53:52.782+0000] {dag.py:3954} INFO - Setting next_dagrun for example_sla_dag to 2025-05-25 08:50:00+00:00, run_after=2025-05-25 08:52:00+00:00
[2025-05-25T08:53:52.790+0000] {processor.py:183} INFO - Processing /home/airflow/.local/lib/python3.12/site-packages/airflow/example_dags/example_sla_dag.py took 0.039 seconds
[2025-05-25T08:54:23.616+0000] {processor.py:161} INFO - Started process (PID=8897) to work on /home/airflow/.local/lib/python3.12/site-packages/airflow/example_dags/example_sla_dag.py
[2025-05-25T08:54:23.616+0000] {processor.py:830} INFO - Processing file /home/airflow/.local/lib/python3.12/site-packages/airflow/example_dags/example_sla_dag.py for tasks to queue
[2025-05-25T08:54:23.617+0000] {logging_mixin.py:188} INFO - [2025-05-25T08:54:23.617+0000] {dagbag.py:540} INFO - Filling up the DagBag from /home/airflow/.local/lib/python3.12/site-packages/airflow/example_dags/example_sla_dag.py
[2025-05-25T08:54:23.621+0000] {processor.py:840} INFO - DAG(s) 'example_sla_dag' retrieved from /home/airflow/.local/lib/python3.12/site-packages/airflow/example_dags/example_sla_dag.py
[2025-05-25T08:54:23.631+0000] {logging_mixin.py:188} INFO - [2025-05-25T08:54:23.631+0000] {dag.py:3096} INFO - Sync 1 DAGs
[2025-05-25T08:54:23.640+0000] {logging_mixin.py:188} INFO - [2025-05-25T08:54:23.640+0000] {dag.py:3954} INFO - Setting next_dagrun for example_sla_dag to 2025-05-25 08:52:00+00:00, run_after=2025-05-25 08:54:00+00:00
[2025-05-25T08:54:23.648+0000] {processor.py:183} INFO - Processing /home/airflow/.local/lib/python3.12/site-packages/airflow/example_dags/example_sla_dag.py took 0.036 seconds
[2025-05-25T08:54:53.773+0000] {processor.py:161} INFO - Started process (PID=8959) to work on /home/airflow/.local/lib/python3.12/site-packages/airflow/example_dags/example_sla_dag.py
[2025-05-25T08:54:53.774+0000] {processor.py:830} INFO - Processing file /home/airflow/.local/lib/python3.12/site-packages/airflow/example_dags/example_sla_dag.py for tasks to queue
[2025-05-25T08:54:53.774+0000] {logging_mixin.py:188} INFO - [2025-05-25T08:54:53.774+0000] {dagbag.py:540} INFO - Filling up the DagBag from /home/airflow/.local/lib/python3.12/site-packages/airflow/example_dags/example_sla_dag.py
[2025-05-25T08:54:53.778+0000] {processor.py:840} INFO - DAG(s) 'example_sla_dag' retrieved from /home/airflow/.local/lib/python3.12/site-packages/airflow/example_dags/example_sla_dag.py
[2025-05-25T08:54:53.788+0000] {logging_mixin.py:188} INFO - [2025-05-25T08:54:53.788+0000] {dag.py:3096} INFO - Sync 1 DAGs
[2025-05-25T08:54:53.796+0000] {logging_mixin.py:188} INFO - [2025-05-25T08:54:53.796+0000] {dag.py:3954} INFO - Setting next_dagrun for example_sla_dag to 2025-05-25 08:52:00+00:00, run_after=2025-05-25 08:54:00+00:00
[2025-05-25T08:54:53.804+0000] {processor.py:183} INFO - Processing /home/airflow/.local/lib/python3.12/site-packages/airflow/example_dags/example_sla_dag.py took 0.034 seconds
[2025-05-25T08:55:23.900+0000] {processor.py:161} INFO - Started process (PID=9021) to work on /home/airflow/.local/lib/python3.12/site-packages/airflow/example_dags/example_sla_dag.py
[2025-05-25T08:55:23.902+0000] {processor.py:830} INFO - Processing file /home/airflow/.local/lib/python3.12/site-packages/airflow/example_dags/example_sla_dag.py for tasks to queue
[2025-05-25T08:55:23.902+0000] {logging_mixin.py:188} INFO - [2025-05-25T08:55:23.902+0000] {dagbag.py:540} INFO - Filling up the DagBag from /home/airflow/.local/lib/python3.12/site-packages/airflow/example_dags/example_sla_dag.py
[2025-05-25T08:55:23.908+0000] {processor.py:840} INFO - DAG(s) 'example_sla_dag' retrieved from /home/airflow/.local/lib/python3.12/site-packages/airflow/example_dags/example_sla_dag.py
[2025-05-25T08:55:23.925+0000] {logging_mixin.py:188} INFO - [2025-05-25T08:55:23.925+0000] {dag.py:3096} INFO - Sync 1 DAGs
[2025-05-25T08:55:23.937+0000] {logging_mixin.py:188} INFO - [2025-05-25T08:55:23.937+0000] {dag.py:3954} INFO - Setting next_dagrun for example_sla_dag to 2025-05-25 08:52:00+00:00, run_after=2025-05-25 08:54:00+00:00
[2025-05-25T08:55:23.949+0000] {processor.py:183} INFO - Processing /home/airflow/.local/lib/python3.12/site-packages/airflow/example_dags/example_sla_dag.py took 0.052 seconds
[2025-05-25T08:55:54.704+0000] {processor.py:161} INFO - Started process (PID=9087) to work on /home/airflow/.local/lib/python3.12/site-packages/airflow/example_dags/example_sla_dag.py
[2025-05-25T08:55:54.705+0000] {processor.py:830} INFO - Processing file /home/airflow/.local/lib/python3.12/site-packages/airflow/example_dags/example_sla_dag.py for tasks to queue
[2025-05-25T08:55:54.706+0000] {logging_mixin.py:188} INFO - [2025-05-25T08:55:54.705+0000] {dagbag.py:540} INFO - Filling up the DagBag from /home/airflow/.local/lib/python3.12/site-packages/airflow/example_dags/example_sla_dag.py
[2025-05-25T08:55:54.710+0000] {processor.py:840} INFO - DAG(s) 'example_sla_dag' retrieved from /home/airflow/.local/lib/python3.12/site-packages/airflow/example_dags/example_sla_dag.py
[2025-05-25T08:55:54.727+0000] {logging_mixin.py:188} INFO - [2025-05-25T08:55:54.727+0000] {dag.py:3096} INFO - Sync 1 DAGs
[2025-05-25T08:55:54.742+0000] {logging_mixin.py:188} INFO - [2025-05-25T08:55:54.742+0000] {dag.py:3954} INFO - Setting next_dagrun for example_sla_dag to 2025-05-25 08:52:00+00:00, run_after=2025-05-25 08:54:00+00:00
[2025-05-25T08:55:54.751+0000] {processor.py:183} INFO - Processing /home/airflow/.local/lib/python3.12/site-packages/airflow/example_dags/example_sla_dag.py took 0.052 seconds
[2025-05-25T08:56:24.925+0000] {processor.py:161} INFO - Started process (PID=9153) to work on /home/airflow/.local/lib/python3.12/site-packages/airflow/example_dags/example_sla_dag.py
[2025-05-25T08:56:24.926+0000] {processor.py:830} INFO - Processing file /home/airflow/.local/lib/python3.12/site-packages/airflow/example_dags/example_sla_dag.py for tasks to queue
[2025-05-25T08:56:24.927+0000] {logging_mixin.py:188} INFO - [2025-05-25T08:56:24.927+0000] {dagbag.py:540} INFO - Filling up the DagBag from /home/airflow/.local/lib/python3.12/site-packages/airflow/example_dags/example_sla_dag.py
[2025-05-25T08:56:24.931+0000] {processor.py:840} INFO - DAG(s) 'example_sla_dag' retrieved from /home/airflow/.local/lib/python3.12/site-packages/airflow/example_dags/example_sla_dag.py
[2025-05-25T08:56:24.943+0000] {logging_mixin.py:188} INFO - [2025-05-25T08:56:24.943+0000] {dag.py:3096} INFO - Sync 1 DAGs
[2025-05-25T08:56:24.956+0000] {logging_mixin.py:188} INFO - [2025-05-25T08:56:24.956+0000] {dag.py:3954} INFO - Setting next_dagrun for example_sla_dag to 2025-05-25 08:54:00+00:00, run_after=2025-05-25 08:56:00+00:00
[2025-05-25T08:56:24.967+0000] {processor.py:183} INFO - Processing /home/airflow/.local/lib/python3.12/site-packages/airflow/example_dags/example_sla_dag.py took 0.045 seconds
