[2025-05-25T08:15:26.956+0000] {processor.py:161} INFO - Started process (PID=4289) to work on /home/airflow/.local/lib/python3.12/site-packages/airflow/example_dags/tutorial.py
[2025-05-25T08:15:26.957+0000] {processor.py:830} INFO - Processing file /home/airflow/.local/lib/python3.12/site-packages/airflow/example_dags/tutorial.py for tasks to queue
[2025-05-25T08:15:26.960+0000] {logging_mixin.py:188} INFO - [2025-05-25T08:15:26.960+0000] {dagbag.py:540} INFO - Filling up the DagBag from /home/airflow/.local/lib/python3.12/site-packages/airflow/example_dags/tutorial.py
[2025-05-25T08:15:26.965+0000] {processor.py:840} INFO - DAG(s) 'tutorial' retrieved from /home/airflow/.local/lib/python3.12/site-packages/airflow/example_dags/tutorial.py
[2025-05-25T08:15:26.978+0000] {logging_mixin.py:188} INFO - [2025-05-25T08:15:26.978+0000] {dag.py:3096} INFO - Sync 1 DAGs
[2025-05-25T08:15:26.992+0000] {logging_mixin.py:188} INFO - [2025-05-25T08:15:26.991+0000] {dag.py:3954} INFO - Setting next_dagrun for tutorial to 2025-05-24 00:00:00+00:00, run_after=2025-05-25 00:00:00+00:00
[2025-05-25T08:15:27.004+0000] {processor.py:183} INFO - Processing /home/airflow/.local/lib/python3.12/site-packages/airflow/example_dags/tutorial.py took 0.051 seconds
[2025-05-25T08:15:58.276+0000] {processor.py:161} INFO - Started process (PID=4355) to work on /home/airflow/.local/lib/python3.12/site-packages/airflow/example_dags/tutorial.py
[2025-05-25T08:15:58.278+0000] {processor.py:830} INFO - Processing file /home/airflow/.local/lib/python3.12/site-packages/airflow/example_dags/tutorial.py for tasks to queue
[2025-05-25T08:15:58.280+0000] {logging_mixin.py:188} INFO - [2025-05-25T08:15:58.279+0000] {dagbag.py:540} INFO - Filling up the DagBag from /home/airflow/.local/lib/python3.12/site-packages/airflow/example_dags/tutorial.py
[2025-05-25T08:15:58.283+0000] {processor.py:840} INFO - DAG(s) 'tutorial' retrieved from /home/airflow/.local/lib/python3.12/site-packages/airflow/example_dags/tutorial.py
[2025-05-25T08:15:58.297+0000] {logging_mixin.py:188} INFO - [2025-05-25T08:15:58.297+0000] {dag.py:3096} INFO - Sync 1 DAGs
[2025-05-25T08:15:58.307+0000] {logging_mixin.py:188} INFO - [2025-05-25T08:15:58.307+0000] {dag.py:3954} INFO - Setting next_dagrun for tutorial to 2025-05-24 00:00:00+00:00, run_after=2025-05-25 00:00:00+00:00
[2025-05-25T08:15:58.317+0000] {processor.py:183} INFO - Processing /home/airflow/.local/lib/python3.12/site-packages/airflow/example_dags/tutorial.py took 0.044 seconds
[2025-05-25T08:16:31.095+0000] {processor.py:161} INFO - Started process (PID=4421) to work on /home/airflow/.local/lib/python3.12/site-packages/airflow/example_dags/tutorial.py
[2025-05-25T08:16:31.097+0000] {processor.py:830} INFO - Processing file /home/airflow/.local/lib/python3.12/site-packages/airflow/example_dags/tutorial.py for tasks to queue
[2025-05-25T08:16:31.098+0000] {logging_mixin.py:188} INFO - [2025-05-25T08:16:31.098+0000] {dagbag.py:540} INFO - Filling up the DagBag from /home/airflow/.local/lib/python3.12/site-packages/airflow/example_dags/tutorial.py
[2025-05-25T08:16:31.102+0000] {processor.py:840} INFO - DAG(s) 'tutorial' retrieved from /home/airflow/.local/lib/python3.12/site-packages/airflow/example_dags/tutorial.py
[2025-05-25T08:16:31.121+0000] {logging_mixin.py:188} INFO - [2025-05-25T08:16:31.121+0000] {dag.py:3096} INFO - Sync 1 DAGs
[2025-05-25T08:16:31.133+0000] {logging_mixin.py:188} INFO - [2025-05-25T08:16:31.133+0000] {dag.py:3954} INFO - Setting next_dagrun for tutorial to 2025-05-24 00:00:00+00:00, run_after=2025-05-25 00:00:00+00:00
[2025-05-25T08:16:31.143+0000] {processor.py:183} INFO - Processing /home/airflow/.local/lib/python3.12/site-packages/airflow/example_dags/tutorial.py took 0.052 seconds
[2025-05-25T08:17:03.295+0000] {processor.py:161} INFO - Started process (PID=4487) to work on /home/airflow/.local/lib/python3.12/site-packages/airflow/example_dags/tutorial.py
[2025-05-25T08:17:03.296+0000] {processor.py:830} INFO - Processing file /home/airflow/.local/lib/python3.12/site-packages/airflow/example_dags/tutorial.py for tasks to queue
[2025-05-25T08:17:03.297+0000] {logging_mixin.py:188} INFO - [2025-05-25T08:17:03.297+0000] {dagbag.py:540} INFO - Filling up the DagBag from /home/airflow/.local/lib/python3.12/site-packages/airflow/example_dags/tutorial.py
[2025-05-25T08:17:03.301+0000] {processor.py:840} INFO - DAG(s) 'tutorial' retrieved from /home/airflow/.local/lib/python3.12/site-packages/airflow/example_dags/tutorial.py
[2025-05-25T08:17:03.311+0000] {logging_mixin.py:188} INFO - [2025-05-25T08:17:03.311+0000] {dag.py:3096} INFO - Sync 1 DAGs
[2025-05-25T08:17:03.323+0000] {logging_mixin.py:188} INFO - [2025-05-25T08:17:03.323+0000] {dag.py:3954} INFO - Setting next_dagrun for tutorial to 2025-05-24 00:00:00+00:00, run_after=2025-05-25 00:00:00+00:00
[2025-05-25T08:17:03.339+0000] {processor.py:183} INFO - Processing /home/airflow/.local/lib/python3.12/site-packages/airflow/example_dags/tutorial.py took 0.047 seconds
[2025-05-25T08:17:36.822+0000] {processor.py:161} INFO - Started process (PID=4553) to work on /home/airflow/.local/lib/python3.12/site-packages/airflow/example_dags/tutorial.py
[2025-05-25T08:17:36.823+0000] {processor.py:830} INFO - Processing file /home/airflow/.local/lib/python3.12/site-packages/airflow/example_dags/tutorial.py for tasks to queue
[2025-05-25T08:17:36.824+0000] {logging_mixin.py:188} INFO - [2025-05-25T08:17:36.824+0000] {dagbag.py:540} INFO - Filling up the DagBag from /home/airflow/.local/lib/python3.12/site-packages/airflow/example_dags/tutorial.py
[2025-05-25T08:17:36.827+0000] {processor.py:840} INFO - DAG(s) 'tutorial' retrieved from /home/airflow/.local/lib/python3.12/site-packages/airflow/example_dags/tutorial.py
[2025-05-25T08:17:36.839+0000] {logging_mixin.py:188} INFO - [2025-05-25T08:17:36.839+0000] {dag.py:3096} INFO - Sync 1 DAGs
[2025-05-25T08:17:36.850+0000] {logging_mixin.py:188} INFO - [2025-05-25T08:17:36.849+0000] {dag.py:3954} INFO - Setting next_dagrun for tutorial to 2025-05-24 00:00:00+00:00, run_after=2025-05-25 00:00:00+00:00
[2025-05-25T08:17:36.860+0000] {processor.py:183} INFO - Processing /home/airflow/.local/lib/python3.12/site-packages/airflow/example_dags/tutorial.py took 0.043 seconds
[2025-05-25T08:18:07.622+0000] {processor.py:161} INFO - Started process (PID=4613) to work on /home/airflow/.local/lib/python3.12/site-packages/airflow/example_dags/tutorial.py
[2025-05-25T08:18:07.624+0000] {processor.py:830} INFO - Processing file /home/airflow/.local/lib/python3.12/site-packages/airflow/example_dags/tutorial.py for tasks to queue
[2025-05-25T08:18:07.625+0000] {logging_mixin.py:188} INFO - [2025-05-25T08:18:07.624+0000] {dagbag.py:540} INFO - Filling up the DagBag from /home/airflow/.local/lib/python3.12/site-packages/airflow/example_dags/tutorial.py
[2025-05-25T08:18:07.628+0000] {processor.py:840} INFO - DAG(s) 'tutorial' retrieved from /home/airflow/.local/lib/python3.12/site-packages/airflow/example_dags/tutorial.py
[2025-05-25T08:18:07.640+0000] {logging_mixin.py:188} INFO - [2025-05-25T08:18:07.639+0000] {dag.py:3096} INFO - Sync 1 DAGs
[2025-05-25T08:18:07.651+0000] {logging_mixin.py:188} INFO - [2025-05-25T08:18:07.651+0000] {dag.py:3954} INFO - Setting next_dagrun for tutorial to 2025-05-24 00:00:00+00:00, run_after=2025-05-25 00:00:00+00:00
[2025-05-25T08:18:07.662+0000] {processor.py:183} INFO - Processing /home/airflow/.local/lib/python3.12/site-packages/airflow/example_dags/tutorial.py took 0.044 seconds
[2025-05-25T08:18:38.303+0000] {processor.py:161} INFO - Started process (PID=4677) to work on /home/airflow/.local/lib/python3.12/site-packages/airflow/example_dags/tutorial.py
[2025-05-25T08:18:38.307+0000] {processor.py:830} INFO - Processing file /home/airflow/.local/lib/python3.12/site-packages/airflow/example_dags/tutorial.py for tasks to queue
[2025-05-25T08:18:38.309+0000] {logging_mixin.py:188} INFO - [2025-05-25T08:18:38.309+0000] {dagbag.py:540} INFO - Filling up the DagBag from /home/airflow/.local/lib/python3.12/site-packages/airflow/example_dags/tutorial.py
[2025-05-25T08:18:38.313+0000] {processor.py:840} INFO - DAG(s) 'tutorial' retrieved from /home/airflow/.local/lib/python3.12/site-packages/airflow/example_dags/tutorial.py
[2025-05-25T08:18:38.327+0000] {logging_mixin.py:188} INFO - [2025-05-25T08:18:38.327+0000] {dag.py:3096} INFO - Sync 1 DAGs
[2025-05-25T08:18:38.341+0000] {logging_mixin.py:188} INFO - [2025-05-25T08:18:38.341+0000] {dag.py:3954} INFO - Setting next_dagrun for tutorial to 2025-05-24 00:00:00+00:00, run_after=2025-05-25 00:00:00+00:00
[2025-05-25T08:18:38.351+0000] {processor.py:183} INFO - Processing /home/airflow/.local/lib/python3.12/site-packages/airflow/example_dags/tutorial.py took 0.052 seconds
[2025-05-25T08:19:08.811+0000] {processor.py:161} INFO - Started process (PID=4743) to work on /home/airflow/.local/lib/python3.12/site-packages/airflow/example_dags/tutorial.py
[2025-05-25T08:19:08.812+0000] {processor.py:830} INFO - Processing file /home/airflow/.local/lib/python3.12/site-packages/airflow/example_dags/tutorial.py for tasks to queue
[2025-05-25T08:19:08.813+0000] {logging_mixin.py:188} INFO - [2025-05-25T08:19:08.813+0000] {dagbag.py:540} INFO - Filling up the DagBag from /home/airflow/.local/lib/python3.12/site-packages/airflow/example_dags/tutorial.py
[2025-05-25T08:19:08.816+0000] {processor.py:840} INFO - DAG(s) 'tutorial' retrieved from /home/airflow/.local/lib/python3.12/site-packages/airflow/example_dags/tutorial.py
[2025-05-25T08:19:08.828+0000] {logging_mixin.py:188} INFO - [2025-05-25T08:19:08.828+0000] {dag.py:3096} INFO - Sync 1 DAGs
[2025-05-25T08:19:08.841+0000] {logging_mixin.py:188} INFO - [2025-05-25T08:19:08.841+0000] {dag.py:3954} INFO - Setting next_dagrun for tutorial to 2025-05-24 00:00:00+00:00, run_after=2025-05-25 00:00:00+00:00
[2025-05-25T08:19:08.853+0000] {processor.py:183} INFO - Processing /home/airflow/.local/lib/python3.12/site-packages/airflow/example_dags/tutorial.py took 0.046 seconds
[2025-05-25T08:19:38.928+0000] {processor.py:161} INFO - Started process (PID=4809) to work on /home/airflow/.local/lib/python3.12/site-packages/airflow/example_dags/tutorial.py
[2025-05-25T08:19:38.928+0000] {processor.py:830} INFO - Processing file /home/airflow/.local/lib/python3.12/site-packages/airflow/example_dags/tutorial.py for tasks to queue
[2025-05-25T08:19:38.930+0000] {logging_mixin.py:188} INFO - [2025-05-25T08:19:38.929+0000] {dagbag.py:540} INFO - Filling up the DagBag from /home/airflow/.local/lib/python3.12/site-packages/airflow/example_dags/tutorial.py
[2025-05-25T08:19:38.933+0000] {processor.py:840} INFO - DAG(s) 'tutorial' retrieved from /home/airflow/.local/lib/python3.12/site-packages/airflow/example_dags/tutorial.py
[2025-05-25T08:19:38.944+0000] {logging_mixin.py:188} INFO - [2025-05-25T08:19:38.944+0000] {dag.py:3096} INFO - Sync 1 DAGs
[2025-05-25T08:19:38.955+0000] {logging_mixin.py:188} INFO - [2025-05-25T08:19:38.955+0000] {dag.py:3954} INFO - Setting next_dagrun for tutorial to 2025-05-24 00:00:00+00:00, run_after=2025-05-25 00:00:00+00:00
[2025-05-25T08:19:38.968+0000] {processor.py:183} INFO - Processing /home/airflow/.local/lib/python3.12/site-packages/airflow/example_dags/tutorial.py took 0.043 seconds
[2025-05-25T08:20:09.810+0000] {processor.py:161} INFO - Started process (PID=4875) to work on /home/airflow/.local/lib/python3.12/site-packages/airflow/example_dags/tutorial.py
[2025-05-25T08:20:09.812+0000] {processor.py:830} INFO - Processing file /home/airflow/.local/lib/python3.12/site-packages/airflow/example_dags/tutorial.py for tasks to queue
[2025-05-25T08:20:09.814+0000] {logging_mixin.py:188} INFO - [2025-05-25T08:20:09.814+0000] {dagbag.py:540} INFO - Filling up the DagBag from /home/airflow/.local/lib/python3.12/site-packages/airflow/example_dags/tutorial.py
[2025-05-25T08:20:09.817+0000] {processor.py:840} INFO - DAG(s) 'tutorial' retrieved from /home/airflow/.local/lib/python3.12/site-packages/airflow/example_dags/tutorial.py
[2025-05-25T08:20:09.831+0000] {logging_mixin.py:188} INFO - [2025-05-25T08:20:09.831+0000] {dag.py:3096} INFO - Sync 1 DAGs
[2025-05-25T08:20:09.844+0000] {logging_mixin.py:188} INFO - [2025-05-25T08:20:09.843+0000] {dag.py:3954} INFO - Setting next_dagrun for tutorial to 2025-05-24 00:00:00+00:00, run_after=2025-05-25 00:00:00+00:00
[2025-05-25T08:20:09.853+0000] {processor.py:183} INFO - Processing /home/airflow/.local/lib/python3.12/site-packages/airflow/example_dags/tutorial.py took 0.047 seconds
[2025-05-25T08:20:40.267+0000] {processor.py:161} INFO - Started process (PID=4940) to work on /home/airflow/.local/lib/python3.12/site-packages/airflow/example_dags/tutorial.py
[2025-05-25T08:20:40.268+0000] {processor.py:830} INFO - Processing file /home/airflow/.local/lib/python3.12/site-packages/airflow/example_dags/tutorial.py for tasks to queue
[2025-05-25T08:20:40.269+0000] {logging_mixin.py:188} INFO - [2025-05-25T08:20:40.269+0000] {dagbag.py:540} INFO - Filling up the DagBag from /home/airflow/.local/lib/python3.12/site-packages/airflow/example_dags/tutorial.py
[2025-05-25T08:20:40.273+0000] {processor.py:840} INFO - DAG(s) 'tutorial' retrieved from /home/airflow/.local/lib/python3.12/site-packages/airflow/example_dags/tutorial.py
[2025-05-25T08:20:40.284+0000] {logging_mixin.py:188} INFO - [2025-05-25T08:20:40.284+0000] {dag.py:3096} INFO - Sync 1 DAGs
[2025-05-25T08:20:40.295+0000] {logging_mixin.py:188} INFO - [2025-05-25T08:20:40.295+0000] {dag.py:3954} INFO - Setting next_dagrun for tutorial to 2025-05-24 00:00:00+00:00, run_after=2025-05-25 00:00:00+00:00
[2025-05-25T08:20:40.307+0000] {processor.py:183} INFO - Processing /home/airflow/.local/lib/python3.12/site-packages/airflow/example_dags/tutorial.py took 0.050 seconds
[2025-05-25T08:21:10.811+0000] {processor.py:161} INFO - Started process (PID=5006) to work on /home/airflow/.local/lib/python3.12/site-packages/airflow/example_dags/tutorial.py
[2025-05-25T08:21:10.814+0000] {processor.py:830} INFO - Processing file /home/airflow/.local/lib/python3.12/site-packages/airflow/example_dags/tutorial.py for tasks to queue
[2025-05-25T08:21:10.816+0000] {logging_mixin.py:188} INFO - [2025-05-25T08:21:10.816+0000] {dagbag.py:540} INFO - Filling up the DagBag from /home/airflow/.local/lib/python3.12/site-packages/airflow/example_dags/tutorial.py
[2025-05-25T08:21:10.820+0000] {processor.py:840} INFO - DAG(s) 'tutorial' retrieved from /home/airflow/.local/lib/python3.12/site-packages/airflow/example_dags/tutorial.py
[2025-05-25T08:21:10.844+0000] {logging_mixin.py:188} INFO - [2025-05-25T08:21:10.844+0000] {dag.py:3096} INFO - Sync 1 DAGs
[2025-05-25T08:21:10.864+0000] {logging_mixin.py:188} INFO - [2025-05-25T08:21:10.864+0000] {dag.py:3954} INFO - Setting next_dagrun for tutorial to 2025-05-24 00:00:00+00:00, run_after=2025-05-25 00:00:00+00:00
[2025-05-25T08:21:10.880+0000] {processor.py:183} INFO - Processing /home/airflow/.local/lib/python3.12/site-packages/airflow/example_dags/tutorial.py took 0.074 seconds
[2025-05-25T08:24:43.558+0000] {processor.py:161} INFO - Started process (PID=5088) to work on /home/airflow/.local/lib/python3.12/site-packages/airflow/example_dags/tutorial.py
[2025-05-25T08:24:43.561+0000] {processor.py:830} INFO - Processing file /home/airflow/.local/lib/python3.12/site-packages/airflow/example_dags/tutorial.py for tasks to queue
[2025-05-25T08:24:43.561+0000] {logging_mixin.py:188} INFO - [2025-05-25T08:24:43.561+0000] {dagbag.py:540} INFO - Filling up the DagBag from /home/airflow/.local/lib/python3.12/site-packages/airflow/example_dags/tutorial.py
[2025-05-25T08:24:43.565+0000] {processor.py:840} INFO - DAG(s) 'tutorial' retrieved from /home/airflow/.local/lib/python3.12/site-packages/airflow/example_dags/tutorial.py
[2025-05-25T08:24:43.576+0000] {logging_mixin.py:188} INFO - [2025-05-25T08:24:43.576+0000] {dag.py:3096} INFO - Sync 1 DAGs
[2025-05-25T08:24:43.585+0000] {logging_mixin.py:188} INFO - [2025-05-25T08:24:43.585+0000] {dag.py:3954} INFO - Setting next_dagrun for tutorial to 2025-05-24 00:00:00+00:00, run_after=2025-05-25 00:00:00+00:00
[2025-05-25T08:24:43.600+0000] {processor.py:183} INFO - Processing /home/airflow/.local/lib/python3.12/site-packages/airflow/example_dags/tutorial.py took 0.046 seconds
[2025-05-25T08:25:15.126+0000] {processor.py:161} INFO - Started process (PID=5154) to work on /home/airflow/.local/lib/python3.12/site-packages/airflow/example_dags/tutorial.py
[2025-05-25T08:25:15.126+0000] {processor.py:830} INFO - Processing file /home/airflow/.local/lib/python3.12/site-packages/airflow/example_dags/tutorial.py for tasks to queue
[2025-05-25T08:25:15.127+0000] {logging_mixin.py:188} INFO - [2025-05-25T08:25:15.127+0000] {dagbag.py:540} INFO - Filling up the DagBag from /home/airflow/.local/lib/python3.12/site-packages/airflow/example_dags/tutorial.py
[2025-05-25T08:25:15.130+0000] {processor.py:840} INFO - DAG(s) 'tutorial' retrieved from /home/airflow/.local/lib/python3.12/site-packages/airflow/example_dags/tutorial.py
[2025-05-25T08:25:15.140+0000] {logging_mixin.py:188} INFO - [2025-05-25T08:25:15.140+0000] {dag.py:3096} INFO - Sync 1 DAGs
[2025-05-25T08:25:15.148+0000] {logging_mixin.py:188} INFO - [2025-05-25T08:25:15.148+0000] {dag.py:3954} INFO - Setting next_dagrun for tutorial to 2025-05-24 00:00:00+00:00, run_after=2025-05-25 00:00:00+00:00
[2025-05-25T08:25:15.155+0000] {processor.py:183} INFO - Processing /home/airflow/.local/lib/python3.12/site-packages/airflow/example_dags/tutorial.py took 0.032 seconds
[2025-05-25T08:25:47.444+0000] {processor.py:161} INFO - Started process (PID=5220) to work on /home/airflow/.local/lib/python3.12/site-packages/airflow/example_dags/tutorial.py
[2025-05-25T08:25:47.445+0000] {processor.py:830} INFO - Processing file /home/airflow/.local/lib/python3.12/site-packages/airflow/example_dags/tutorial.py for tasks to queue
[2025-05-25T08:25:47.445+0000] {logging_mixin.py:188} INFO - [2025-05-25T08:25:47.445+0000] {dagbag.py:540} INFO - Filling up the DagBag from /home/airflow/.local/lib/python3.12/site-packages/airflow/example_dags/tutorial.py
[2025-05-25T08:25:47.449+0000] {processor.py:840} INFO - DAG(s) 'tutorial' retrieved from /home/airflow/.local/lib/python3.12/site-packages/airflow/example_dags/tutorial.py
[2025-05-25T08:25:47.459+0000] {logging_mixin.py:188} INFO - [2025-05-25T08:25:47.459+0000] {dag.py:3096} INFO - Sync 1 DAGs
[2025-05-25T08:25:47.469+0000] {logging_mixin.py:188} INFO - [2025-05-25T08:25:47.469+0000] {dag.py:3954} INFO - Setting next_dagrun for tutorial to 2025-05-24 00:00:00+00:00, run_after=2025-05-25 00:00:00+00:00
[2025-05-25T08:25:47.476+0000] {processor.py:183} INFO - Processing /home/airflow/.local/lib/python3.12/site-packages/airflow/example_dags/tutorial.py took 0.039 seconds
[2025-05-25T08:26:20.052+0000] {processor.py:161} INFO - Started process (PID=5286) to work on /home/airflow/.local/lib/python3.12/site-packages/airflow/example_dags/tutorial.py
[2025-05-25T08:26:20.055+0000] {processor.py:830} INFO - Processing file /home/airflow/.local/lib/python3.12/site-packages/airflow/example_dags/tutorial.py for tasks to queue
[2025-05-25T08:26:20.056+0000] {logging_mixin.py:188} INFO - [2025-05-25T08:26:20.056+0000] {dagbag.py:540} INFO - Filling up the DagBag from /home/airflow/.local/lib/python3.12/site-packages/airflow/example_dags/tutorial.py
[2025-05-25T08:26:20.060+0000] {processor.py:840} INFO - DAG(s) 'tutorial' retrieved from /home/airflow/.local/lib/python3.12/site-packages/airflow/example_dags/tutorial.py
[2025-05-25T08:26:20.071+0000] {logging_mixin.py:188} INFO - [2025-05-25T08:26:20.071+0000] {dag.py:3096} INFO - Sync 1 DAGs
[2025-05-25T08:26:20.082+0000] {logging_mixin.py:188} INFO - [2025-05-25T08:26:20.082+0000] {dag.py:3954} INFO - Setting next_dagrun for tutorial to 2025-05-24 00:00:00+00:00, run_after=2025-05-25 00:00:00+00:00
[2025-05-25T08:26:20.093+0000] {processor.py:183} INFO - Processing /home/airflow/.local/lib/python3.12/site-packages/airflow/example_dags/tutorial.py took 0.046 seconds
[2025-05-25T08:26:52.424+0000] {processor.py:161} INFO - Started process (PID=5352) to work on /home/airflow/.local/lib/python3.12/site-packages/airflow/example_dags/tutorial.py
[2025-05-25T08:26:52.425+0000] {processor.py:830} INFO - Processing file /home/airflow/.local/lib/python3.12/site-packages/airflow/example_dags/tutorial.py for tasks to queue
[2025-05-25T08:26:52.426+0000] {logging_mixin.py:188} INFO - [2025-05-25T08:26:52.426+0000] {dagbag.py:540} INFO - Filling up the DagBag from /home/airflow/.local/lib/python3.12/site-packages/airflow/example_dags/tutorial.py
[2025-05-25T08:26:52.429+0000] {processor.py:840} INFO - DAG(s) 'tutorial' retrieved from /home/airflow/.local/lib/python3.12/site-packages/airflow/example_dags/tutorial.py
[2025-05-25T08:26:52.440+0000] {logging_mixin.py:188} INFO - [2025-05-25T08:26:52.440+0000] {dag.py:3096} INFO - Sync 1 DAGs
[2025-05-25T08:26:52.449+0000] {logging_mixin.py:188} INFO - [2025-05-25T08:26:52.449+0000] {dag.py:3954} INFO - Setting next_dagrun for tutorial to 2025-05-24 00:00:00+00:00, run_after=2025-05-25 00:00:00+00:00
[2025-05-25T08:26:52.457+0000] {processor.py:183} INFO - Processing /home/airflow/.local/lib/python3.12/site-packages/airflow/example_dags/tutorial.py took 0.036 seconds
[2025-05-25T08:27:23.461+0000] {processor.py:161} INFO - Started process (PID=5412) to work on /home/airflow/.local/lib/python3.12/site-packages/airflow/example_dags/tutorial.py
[2025-05-25T08:27:23.463+0000] {processor.py:830} INFO - Processing file /home/airflow/.local/lib/python3.12/site-packages/airflow/example_dags/tutorial.py for tasks to queue
[2025-05-25T08:27:23.464+0000] {logging_mixin.py:188} INFO - [2025-05-25T08:27:23.464+0000] {dagbag.py:540} INFO - Filling up the DagBag from /home/airflow/.local/lib/python3.12/site-packages/airflow/example_dags/tutorial.py
[2025-05-25T08:27:23.468+0000] {processor.py:840} INFO - DAG(s) 'tutorial' retrieved from /home/airflow/.local/lib/python3.12/site-packages/airflow/example_dags/tutorial.py
[2025-05-25T08:27:23.486+0000] {logging_mixin.py:188} INFO - [2025-05-25T08:27:23.485+0000] {dag.py:3096} INFO - Sync 1 DAGs
[2025-05-25T08:27:23.494+0000] {logging_mixin.py:188} INFO - [2025-05-25T08:27:23.494+0000] {dag.py:3954} INFO - Setting next_dagrun for tutorial to 2025-05-24 00:00:00+00:00, run_after=2025-05-25 00:00:00+00:00
[2025-05-25T08:27:23.502+0000] {processor.py:183} INFO - Processing /home/airflow/.local/lib/python3.12/site-packages/airflow/example_dags/tutorial.py took 0.045 seconds
[2025-05-25T08:27:54.334+0000] {processor.py:161} INFO - Started process (PID=5476) to work on /home/airflow/.local/lib/python3.12/site-packages/airflow/example_dags/tutorial.py
[2025-05-25T08:27:54.335+0000] {processor.py:830} INFO - Processing file /home/airflow/.local/lib/python3.12/site-packages/airflow/example_dags/tutorial.py for tasks to queue
[2025-05-25T08:27:54.335+0000] {logging_mixin.py:188} INFO - [2025-05-25T08:27:54.335+0000] {dagbag.py:540} INFO - Filling up the DagBag from /home/airflow/.local/lib/python3.12/site-packages/airflow/example_dags/tutorial.py
[2025-05-25T08:27:54.339+0000] {processor.py:840} INFO - DAG(s) 'tutorial' retrieved from /home/airflow/.local/lib/python3.12/site-packages/airflow/example_dags/tutorial.py
[2025-05-25T08:27:54.354+0000] {logging_mixin.py:188} INFO - [2025-05-25T08:27:54.354+0000] {dag.py:3096} INFO - Sync 1 DAGs
[2025-05-25T08:27:54.363+0000] {logging_mixin.py:188} INFO - [2025-05-25T08:27:54.363+0000] {dag.py:3954} INFO - Setting next_dagrun for tutorial to 2025-05-24 00:00:00+00:00, run_after=2025-05-25 00:00:00+00:00
[2025-05-25T08:27:54.376+0000] {processor.py:183} INFO - Processing /home/airflow/.local/lib/python3.12/site-packages/airflow/example_dags/tutorial.py took 0.045 seconds
[2025-05-25T08:28:24.627+0000] {processor.py:161} INFO - Started process (PID=5542) to work on /home/airflow/.local/lib/python3.12/site-packages/airflow/example_dags/tutorial.py
[2025-05-25T08:28:24.630+0000] {processor.py:830} INFO - Processing file /home/airflow/.local/lib/python3.12/site-packages/airflow/example_dags/tutorial.py for tasks to queue
[2025-05-25T08:28:24.632+0000] {logging_mixin.py:188} INFO - [2025-05-25T08:28:24.632+0000] {dagbag.py:540} INFO - Filling up the DagBag from /home/airflow/.local/lib/python3.12/site-packages/airflow/example_dags/tutorial.py
[2025-05-25T08:28:24.639+0000] {processor.py:840} INFO - DAG(s) 'tutorial' retrieved from /home/airflow/.local/lib/python3.12/site-packages/airflow/example_dags/tutorial.py
[2025-05-25T08:28:24.651+0000] {logging_mixin.py:188} INFO - [2025-05-25T08:28:24.651+0000] {dag.py:3096} INFO - Sync 1 DAGs
[2025-05-25T08:28:24.662+0000] {logging_mixin.py:188} INFO - [2025-05-25T08:28:24.661+0000] {dag.py:3954} INFO - Setting next_dagrun for tutorial to 2025-05-24 00:00:00+00:00, run_after=2025-05-25 00:00:00+00:00
[2025-05-25T08:28:24.670+0000] {processor.py:183} INFO - Processing /home/airflow/.local/lib/python3.12/site-packages/airflow/example_dags/tutorial.py took 0.046 seconds
[2025-05-25T08:28:55.516+0000] {processor.py:161} INFO - Started process (PID=5608) to work on /home/airflow/.local/lib/python3.12/site-packages/airflow/example_dags/tutorial.py
[2025-05-25T08:28:55.518+0000] {processor.py:830} INFO - Processing file /home/airflow/.local/lib/python3.12/site-packages/airflow/example_dags/tutorial.py for tasks to queue
[2025-05-25T08:28:55.518+0000] {logging_mixin.py:188} INFO - [2025-05-25T08:28:55.518+0000] {dagbag.py:540} INFO - Filling up the DagBag from /home/airflow/.local/lib/python3.12/site-packages/airflow/example_dags/tutorial.py
[2025-05-25T08:28:55.524+0000] {processor.py:840} INFO - DAG(s) 'tutorial' retrieved from /home/airflow/.local/lib/python3.12/site-packages/airflow/example_dags/tutorial.py
[2025-05-25T08:28:55.542+0000] {logging_mixin.py:188} INFO - [2025-05-25T08:28:55.542+0000] {dag.py:3096} INFO - Sync 1 DAGs
[2025-05-25T08:28:55.554+0000] {logging_mixin.py:188} INFO - [2025-05-25T08:28:55.554+0000] {dag.py:3954} INFO - Setting next_dagrun for tutorial to 2025-05-24 00:00:00+00:00, run_after=2025-05-25 00:00:00+00:00
[2025-05-25T08:28:55.572+0000] {processor.py:183} INFO - Processing /home/airflow/.local/lib/python3.12/site-packages/airflow/example_dags/tutorial.py took 0.060 seconds
[2025-05-25T08:29:26.041+0000] {processor.py:161} INFO - Started process (PID=5674) to work on /home/airflow/.local/lib/python3.12/site-packages/airflow/example_dags/tutorial.py
[2025-05-25T08:29:26.042+0000] {processor.py:830} INFO - Processing file /home/airflow/.local/lib/python3.12/site-packages/airflow/example_dags/tutorial.py for tasks to queue
[2025-05-25T08:29:26.042+0000] {logging_mixin.py:188} INFO - [2025-05-25T08:29:26.042+0000] {dagbag.py:540} INFO - Filling up the DagBag from /home/airflow/.local/lib/python3.12/site-packages/airflow/example_dags/tutorial.py
[2025-05-25T08:29:26.047+0000] {processor.py:840} INFO - DAG(s) 'tutorial' retrieved from /home/airflow/.local/lib/python3.12/site-packages/airflow/example_dags/tutorial.py
[2025-05-25T08:29:26.058+0000] {logging_mixin.py:188} INFO - [2025-05-25T08:29:26.058+0000] {dag.py:3096} INFO - Sync 1 DAGs
[2025-05-25T08:29:26.069+0000] {logging_mixin.py:188} INFO - [2025-05-25T08:29:26.068+0000] {dag.py:3954} INFO - Setting next_dagrun for tutorial to 2025-05-24 00:00:00+00:00, run_after=2025-05-25 00:00:00+00:00
[2025-05-25T08:29:26.077+0000] {processor.py:183} INFO - Processing /home/airflow/.local/lib/python3.12/site-packages/airflow/example_dags/tutorial.py took 0.039 seconds
[2025-05-25T08:29:57.261+0000] {processor.py:161} INFO - Started process (PID=5740) to work on /home/airflow/.local/lib/python3.12/site-packages/airflow/example_dags/tutorial.py
[2025-05-25T08:29:57.261+0000] {processor.py:830} INFO - Processing file /home/airflow/.local/lib/python3.12/site-packages/airflow/example_dags/tutorial.py for tasks to queue
[2025-05-25T08:29:57.262+0000] {logging_mixin.py:188} INFO - [2025-05-25T08:29:57.262+0000] {dagbag.py:540} INFO - Filling up the DagBag from /home/airflow/.local/lib/python3.12/site-packages/airflow/example_dags/tutorial.py
[2025-05-25T08:29:57.269+0000] {processor.py:840} INFO - DAG(s) 'tutorial' retrieved from /home/airflow/.local/lib/python3.12/site-packages/airflow/example_dags/tutorial.py
[2025-05-25T08:29:57.285+0000] {logging_mixin.py:188} INFO - [2025-05-25T08:29:57.285+0000] {dag.py:3096} INFO - Sync 1 DAGs
[2025-05-25T08:29:57.299+0000] {logging_mixin.py:188} INFO - [2025-05-25T08:29:57.299+0000] {dag.py:3954} INFO - Setting next_dagrun for tutorial to 2025-05-24 00:00:00+00:00, run_after=2025-05-25 00:00:00+00:00
[2025-05-25T08:29:57.309+0000] {processor.py:183} INFO - Processing /home/airflow/.local/lib/python3.12/site-packages/airflow/example_dags/tutorial.py took 0.054 seconds
[2025-05-25T08:30:27.775+0000] {processor.py:161} INFO - Started process (PID=5806) to work on /home/airflow/.local/lib/python3.12/site-packages/airflow/example_dags/tutorial.py
[2025-05-25T08:30:27.776+0000] {processor.py:830} INFO - Processing file /home/airflow/.local/lib/python3.12/site-packages/airflow/example_dags/tutorial.py for tasks to queue
[2025-05-25T08:30:27.776+0000] {logging_mixin.py:188} INFO - [2025-05-25T08:30:27.776+0000] {dagbag.py:540} INFO - Filling up the DagBag from /home/airflow/.local/lib/python3.12/site-packages/airflow/example_dags/tutorial.py
[2025-05-25T08:30:27.780+0000] {processor.py:840} INFO - DAG(s) 'tutorial' retrieved from /home/airflow/.local/lib/python3.12/site-packages/airflow/example_dags/tutorial.py
[2025-05-25T08:30:27.791+0000] {logging_mixin.py:188} INFO - [2025-05-25T08:30:27.791+0000] {dag.py:3096} INFO - Sync 1 DAGs
[2025-05-25T08:30:27.804+0000] {logging_mixin.py:188} INFO - [2025-05-25T08:30:27.804+0000] {dag.py:3954} INFO - Setting next_dagrun for tutorial to 2025-05-24 00:00:00+00:00, run_after=2025-05-25 00:00:00+00:00
[2025-05-25T08:30:27.814+0000] {processor.py:183} INFO - Processing /home/airflow/.local/lib/python3.12/site-packages/airflow/example_dags/tutorial.py took 0.044 seconds
[2025-05-25T08:30:58.232+0000] {processor.py:161} INFO - Started process (PID=5872) to work on /home/airflow/.local/lib/python3.12/site-packages/airflow/example_dags/tutorial.py
[2025-05-25T08:30:58.233+0000] {processor.py:830} INFO - Processing file /home/airflow/.local/lib/python3.12/site-packages/airflow/example_dags/tutorial.py for tasks to queue
[2025-05-25T08:30:58.234+0000] {logging_mixin.py:188} INFO - [2025-05-25T08:30:58.234+0000] {dagbag.py:540} INFO - Filling up the DagBag from /home/airflow/.local/lib/python3.12/site-packages/airflow/example_dags/tutorial.py
[2025-05-25T08:30:58.241+0000] {processor.py:840} INFO - DAG(s) 'tutorial' retrieved from /home/airflow/.local/lib/python3.12/site-packages/airflow/example_dags/tutorial.py
[2025-05-25T08:30:58.253+0000] {logging_mixin.py:188} INFO - [2025-05-25T08:30:58.253+0000] {dag.py:3096} INFO - Sync 1 DAGs
[2025-05-25T08:30:58.264+0000] {logging_mixin.py:188} INFO - [2025-05-25T08:30:58.264+0000] {dag.py:3954} INFO - Setting next_dagrun for tutorial to 2025-05-24 00:00:00+00:00, run_after=2025-05-25 00:00:00+00:00
[2025-05-25T08:30:58.273+0000] {processor.py:183} INFO - Processing /home/airflow/.local/lib/python3.12/site-packages/airflow/example_dags/tutorial.py took 0.046 seconds
[2025-05-25T08:31:28.410+0000] {processor.py:161} INFO - Started process (PID=5938) to work on /home/airflow/.local/lib/python3.12/site-packages/airflow/example_dags/tutorial.py
[2025-05-25T08:31:28.412+0000] {processor.py:830} INFO - Processing file /home/airflow/.local/lib/python3.12/site-packages/airflow/example_dags/tutorial.py for tasks to queue
[2025-05-25T08:31:28.413+0000] {logging_mixin.py:188} INFO - [2025-05-25T08:31:28.412+0000] {dagbag.py:540} INFO - Filling up the DagBag from /home/airflow/.local/lib/python3.12/site-packages/airflow/example_dags/tutorial.py
[2025-05-25T08:31:28.417+0000] {processor.py:840} INFO - DAG(s) 'tutorial' retrieved from /home/airflow/.local/lib/python3.12/site-packages/airflow/example_dags/tutorial.py
[2025-05-25T08:31:28.432+0000] {logging_mixin.py:188} INFO - [2025-05-25T08:31:28.432+0000] {dag.py:3096} INFO - Sync 1 DAGs
[2025-05-25T08:31:28.449+0000] {logging_mixin.py:188} INFO - [2025-05-25T08:31:28.448+0000] {dag.py:3954} INFO - Setting next_dagrun for tutorial to 2025-05-24 00:00:00+00:00, run_after=2025-05-25 00:00:00+00:00
[2025-05-25T08:31:28.463+0000] {processor.py:183} INFO - Processing /home/airflow/.local/lib/python3.12/site-packages/airflow/example_dags/tutorial.py took 0.056 seconds
[2025-05-25T08:31:59.191+0000] {processor.py:161} INFO - Started process (PID=6004) to work on /home/airflow/.local/lib/python3.12/site-packages/airflow/example_dags/tutorial.py
[2025-05-25T08:31:59.192+0000] {processor.py:830} INFO - Processing file /home/airflow/.local/lib/python3.12/site-packages/airflow/example_dags/tutorial.py for tasks to queue
[2025-05-25T08:31:59.193+0000] {logging_mixin.py:188} INFO - [2025-05-25T08:31:59.192+0000] {dagbag.py:540} INFO - Filling up the DagBag from /home/airflow/.local/lib/python3.12/site-packages/airflow/example_dags/tutorial.py
[2025-05-25T08:31:59.196+0000] {processor.py:840} INFO - DAG(s) 'tutorial' retrieved from /home/airflow/.local/lib/python3.12/site-packages/airflow/example_dags/tutorial.py
[2025-05-25T08:31:59.205+0000] {logging_mixin.py:188} INFO - [2025-05-25T08:31:59.205+0000] {dag.py:3096} INFO - Sync 1 DAGs
[2025-05-25T08:31:59.214+0000] {logging_mixin.py:188} INFO - [2025-05-25T08:31:59.213+0000] {dag.py:3954} INFO - Setting next_dagrun for tutorial to 2025-05-24 00:00:00+00:00, run_after=2025-05-25 00:00:00+00:00
[2025-05-25T08:31:59.221+0000] {processor.py:183} INFO - Processing /home/airflow/.local/lib/python3.12/site-packages/airflow/example_dags/tutorial.py took 0.033 seconds
[2025-05-25T08:32:30.194+0000] {processor.py:161} INFO - Started process (PID=6070) to work on /home/airflow/.local/lib/python3.12/site-packages/airflow/example_dags/tutorial.py
[2025-05-25T08:32:30.195+0000] {processor.py:830} INFO - Processing file /home/airflow/.local/lib/python3.12/site-packages/airflow/example_dags/tutorial.py for tasks to queue
[2025-05-25T08:32:30.195+0000] {logging_mixin.py:188} INFO - [2025-05-25T08:32:30.195+0000] {dagbag.py:540} INFO - Filling up the DagBag from /home/airflow/.local/lib/python3.12/site-packages/airflow/example_dags/tutorial.py
[2025-05-25T08:32:30.200+0000] {processor.py:840} INFO - DAG(s) 'tutorial' retrieved from /home/airflow/.local/lib/python3.12/site-packages/airflow/example_dags/tutorial.py
[2025-05-25T08:32:30.214+0000] {logging_mixin.py:188} INFO - [2025-05-25T08:32:30.213+0000] {dag.py:3096} INFO - Sync 1 DAGs
[2025-05-25T08:32:30.225+0000] {logging_mixin.py:188} INFO - [2025-05-25T08:32:30.224+0000] {dag.py:3954} INFO - Setting next_dagrun for tutorial to 2025-05-24 00:00:00+00:00, run_after=2025-05-25 00:00:00+00:00
[2025-05-25T08:32:30.234+0000] {processor.py:183} INFO - Processing /home/airflow/.local/lib/python3.12/site-packages/airflow/example_dags/tutorial.py took 0.044 seconds
[2025-05-25T08:33:00.717+0000] {processor.py:161} INFO - Started process (PID=6136) to work on /home/airflow/.local/lib/python3.12/site-packages/airflow/example_dags/tutorial.py
[2025-05-25T08:33:00.720+0000] {processor.py:830} INFO - Processing file /home/airflow/.local/lib/python3.12/site-packages/airflow/example_dags/tutorial.py for tasks to queue
[2025-05-25T08:33:00.721+0000] {logging_mixin.py:188} INFO - [2025-05-25T08:33:00.721+0000] {dagbag.py:540} INFO - Filling up the DagBag from /home/airflow/.local/lib/python3.12/site-packages/airflow/example_dags/tutorial.py
[2025-05-25T08:33:00.725+0000] {processor.py:840} INFO - DAG(s) 'tutorial' retrieved from /home/airflow/.local/lib/python3.12/site-packages/airflow/example_dags/tutorial.py
[2025-05-25T08:33:00.736+0000] {logging_mixin.py:188} INFO - [2025-05-25T08:33:00.736+0000] {dag.py:3096} INFO - Sync 1 DAGs
[2025-05-25T08:33:00.746+0000] {logging_mixin.py:188} INFO - [2025-05-25T08:33:00.745+0000] {dag.py:3954} INFO - Setting next_dagrun for tutorial to 2025-05-24 00:00:00+00:00, run_after=2025-05-25 00:00:00+00:00
[2025-05-25T08:33:00.754+0000] {processor.py:183} INFO - Processing /home/airflow/.local/lib/python3.12/site-packages/airflow/example_dags/tutorial.py took 0.040 seconds
[2025-05-25T08:33:30.975+0000] {processor.py:161} INFO - Started process (PID=6202) to work on /home/airflow/.local/lib/python3.12/site-packages/airflow/example_dags/tutorial.py
[2025-05-25T08:33:30.976+0000] {processor.py:830} INFO - Processing file /home/airflow/.local/lib/python3.12/site-packages/airflow/example_dags/tutorial.py for tasks to queue
[2025-05-25T08:33:30.977+0000] {logging_mixin.py:188} INFO - [2025-05-25T08:33:30.977+0000] {dagbag.py:540} INFO - Filling up the DagBag from /home/airflow/.local/lib/python3.12/site-packages/airflow/example_dags/tutorial.py
[2025-05-25T08:33:30.982+0000] {processor.py:840} INFO - DAG(s) 'tutorial' retrieved from /home/airflow/.local/lib/python3.12/site-packages/airflow/example_dags/tutorial.py
[2025-05-25T08:33:30.997+0000] {logging_mixin.py:188} INFO - [2025-05-25T08:33:30.997+0000] {dag.py:3096} INFO - Sync 1 DAGs
[2025-05-25T08:33:31.010+0000] {logging_mixin.py:188} INFO - [2025-05-25T08:33:31.010+0000] {dag.py:3954} INFO - Setting next_dagrun for tutorial to 2025-05-24 00:00:00+00:00, run_after=2025-05-25 00:00:00+00:00
[2025-05-25T08:33:31.021+0000] {processor.py:183} INFO - Processing /home/airflow/.local/lib/python3.12/site-packages/airflow/example_dags/tutorial.py took 0.051 seconds
[2025-05-25T08:34:01.529+0000] {processor.py:161} INFO - Started process (PID=6268) to work on /home/airflow/.local/lib/python3.12/site-packages/airflow/example_dags/tutorial.py
[2025-05-25T08:34:01.530+0000] {processor.py:830} INFO - Processing file /home/airflow/.local/lib/python3.12/site-packages/airflow/example_dags/tutorial.py for tasks to queue
[2025-05-25T08:34:01.534+0000] {logging_mixin.py:188} INFO - [2025-05-25T08:34:01.533+0000] {dagbag.py:540} INFO - Filling up the DagBag from /home/airflow/.local/lib/python3.12/site-packages/airflow/example_dags/tutorial.py
[2025-05-25T08:34:01.538+0000] {processor.py:840} INFO - DAG(s) 'tutorial' retrieved from /home/airflow/.local/lib/python3.12/site-packages/airflow/example_dags/tutorial.py
[2025-05-25T08:34:01.549+0000] {logging_mixin.py:188} INFO - [2025-05-25T08:34:01.549+0000] {dag.py:3096} INFO - Sync 1 DAGs
[2025-05-25T08:34:01.559+0000] {logging_mixin.py:188} INFO - [2025-05-25T08:34:01.559+0000] {dag.py:3954} INFO - Setting next_dagrun for tutorial to 2025-05-24 00:00:00+00:00, run_after=2025-05-25 00:00:00+00:00
[2025-05-25T08:34:01.570+0000] {processor.py:183} INFO - Processing /home/airflow/.local/lib/python3.12/site-packages/airflow/example_dags/tutorial.py took 0.045 seconds
[2025-05-25T08:34:31.780+0000] {processor.py:161} INFO - Started process (PID=6334) to work on /home/airflow/.local/lib/python3.12/site-packages/airflow/example_dags/tutorial.py
[2025-05-25T08:34:31.780+0000] {processor.py:830} INFO - Processing file /home/airflow/.local/lib/python3.12/site-packages/airflow/example_dags/tutorial.py for tasks to queue
[2025-05-25T08:34:31.781+0000] {logging_mixin.py:188} INFO - [2025-05-25T08:34:31.781+0000] {dagbag.py:540} INFO - Filling up the DagBag from /home/airflow/.local/lib/python3.12/site-packages/airflow/example_dags/tutorial.py
[2025-05-25T08:34:31.785+0000] {processor.py:840} INFO - DAG(s) 'tutorial' retrieved from /home/airflow/.local/lib/python3.12/site-packages/airflow/example_dags/tutorial.py
[2025-05-25T08:34:31.797+0000] {logging_mixin.py:188} INFO - [2025-05-25T08:34:31.796+0000] {dag.py:3096} INFO - Sync 1 DAGs
[2025-05-25T08:34:31.806+0000] {logging_mixin.py:188} INFO - [2025-05-25T08:34:31.806+0000] {dag.py:3954} INFO - Setting next_dagrun for tutorial to 2025-05-24 00:00:00+00:00, run_after=2025-05-25 00:00:00+00:00
[2025-05-25T08:34:31.815+0000] {processor.py:183} INFO - Processing /home/airflow/.local/lib/python3.12/site-packages/airflow/example_dags/tutorial.py took 0.041 seconds
[2025-05-25T08:35:01.894+0000] {processor.py:161} INFO - Started process (PID=6400) to work on /home/airflow/.local/lib/python3.12/site-packages/airflow/example_dags/tutorial.py
[2025-05-25T08:35:01.895+0000] {processor.py:830} INFO - Processing file /home/airflow/.local/lib/python3.12/site-packages/airflow/example_dags/tutorial.py for tasks to queue
[2025-05-25T08:35:01.896+0000] {logging_mixin.py:188} INFO - [2025-05-25T08:35:01.896+0000] {dagbag.py:540} INFO - Filling up the DagBag from /home/airflow/.local/lib/python3.12/site-packages/airflow/example_dags/tutorial.py
[2025-05-25T08:35:01.900+0000] {processor.py:840} INFO - DAG(s) 'tutorial' retrieved from /home/airflow/.local/lib/python3.12/site-packages/airflow/example_dags/tutorial.py
[2025-05-25T08:35:01.913+0000] {logging_mixin.py:188} INFO - [2025-05-25T08:35:01.913+0000] {dag.py:3096} INFO - Sync 1 DAGs
[2025-05-25T08:35:01.924+0000] {logging_mixin.py:188} INFO - [2025-05-25T08:35:01.924+0000] {dag.py:3954} INFO - Setting next_dagrun for tutorial to 2025-05-24 00:00:00+00:00, run_after=2025-05-25 00:00:00+00:00
[2025-05-25T08:35:01.934+0000] {processor.py:183} INFO - Processing /home/airflow/.local/lib/python3.12/site-packages/airflow/example_dags/tutorial.py took 0.045 seconds
[2025-05-25T08:35:32.312+0000] {processor.py:161} INFO - Started process (PID=6465) to work on /home/airflow/.local/lib/python3.12/site-packages/airflow/example_dags/tutorial.py
[2025-05-25T08:35:32.314+0000] {processor.py:830} INFO - Processing file /home/airflow/.local/lib/python3.12/site-packages/airflow/example_dags/tutorial.py for tasks to queue
[2025-05-25T08:35:32.315+0000] {logging_mixin.py:188} INFO - [2025-05-25T08:35:32.315+0000] {dagbag.py:540} INFO - Filling up the DagBag from /home/airflow/.local/lib/python3.12/site-packages/airflow/example_dags/tutorial.py
[2025-05-25T08:35:32.319+0000] {processor.py:840} INFO - DAG(s) 'tutorial' retrieved from /home/airflow/.local/lib/python3.12/site-packages/airflow/example_dags/tutorial.py
[2025-05-25T08:35:32.333+0000] {logging_mixin.py:188} INFO - [2025-05-25T08:35:32.333+0000] {dag.py:3096} INFO - Sync 1 DAGs
[2025-05-25T08:35:32.344+0000] {logging_mixin.py:188} INFO - [2025-05-25T08:35:32.344+0000] {dag.py:3954} INFO - Setting next_dagrun for tutorial to 2025-05-24 00:00:00+00:00, run_after=2025-05-25 00:00:00+00:00
[2025-05-25T08:35:32.353+0000] {processor.py:183} INFO - Processing /home/airflow/.local/lib/python3.12/site-packages/airflow/example_dags/tutorial.py took 0.044 seconds
[2025-05-25T08:36:03.473+0000] {processor.py:161} INFO - Started process (PID=6531) to work on /home/airflow/.local/lib/python3.12/site-packages/airflow/example_dags/tutorial.py
[2025-05-25T08:36:03.474+0000] {processor.py:830} INFO - Processing file /home/airflow/.local/lib/python3.12/site-packages/airflow/example_dags/tutorial.py for tasks to queue
[2025-05-25T08:36:03.474+0000] {logging_mixin.py:188} INFO - [2025-05-25T08:36:03.474+0000] {dagbag.py:540} INFO - Filling up the DagBag from /home/airflow/.local/lib/python3.12/site-packages/airflow/example_dags/tutorial.py
[2025-05-25T08:36:03.479+0000] {processor.py:840} INFO - DAG(s) 'tutorial' retrieved from /home/airflow/.local/lib/python3.12/site-packages/airflow/example_dags/tutorial.py
[2025-05-25T08:36:03.493+0000] {logging_mixin.py:188} INFO - [2025-05-25T08:36:03.493+0000] {dag.py:3096} INFO - Sync 1 DAGs
[2025-05-25T08:36:03.503+0000] {logging_mixin.py:188} INFO - [2025-05-25T08:36:03.503+0000] {dag.py:3954} INFO - Setting next_dagrun for tutorial to 2025-05-24 00:00:00+00:00, run_after=2025-05-25 00:00:00+00:00
[2025-05-25T08:36:03.517+0000] {processor.py:183} INFO - Processing /home/airflow/.local/lib/python3.12/site-packages/airflow/example_dags/tutorial.py took 0.047 seconds
[2025-05-25T08:36:34.368+0000] {processor.py:161} INFO - Started process (PID=6597) to work on /home/airflow/.local/lib/python3.12/site-packages/airflow/example_dags/tutorial.py
[2025-05-25T08:36:34.369+0000] {processor.py:830} INFO - Processing file /home/airflow/.local/lib/python3.12/site-packages/airflow/example_dags/tutorial.py for tasks to queue
[2025-05-25T08:36:34.369+0000] {logging_mixin.py:188} INFO - [2025-05-25T08:36:34.369+0000] {dagbag.py:540} INFO - Filling up the DagBag from /home/airflow/.local/lib/python3.12/site-packages/airflow/example_dags/tutorial.py
[2025-05-25T08:36:34.373+0000] {processor.py:840} INFO - DAG(s) 'tutorial' retrieved from /home/airflow/.local/lib/python3.12/site-packages/airflow/example_dags/tutorial.py
[2025-05-25T08:36:34.383+0000] {logging_mixin.py:188} INFO - [2025-05-25T08:36:34.383+0000] {dag.py:3096} INFO - Sync 1 DAGs
[2025-05-25T08:36:34.392+0000] {logging_mixin.py:188} INFO - [2025-05-25T08:36:34.392+0000] {dag.py:3954} INFO - Setting next_dagrun for tutorial to 2025-05-24 00:00:00+00:00, run_after=2025-05-25 00:00:00+00:00
[2025-05-25T08:36:34.400+0000] {processor.py:183} INFO - Processing /home/airflow/.local/lib/python3.12/site-packages/airflow/example_dags/tutorial.py took 0.035 seconds
[2025-05-25T08:37:05.368+0000] {processor.py:161} INFO - Started process (PID=6660) to work on /home/airflow/.local/lib/python3.12/site-packages/airflow/example_dags/tutorial.py
[2025-05-25T08:37:05.368+0000] {processor.py:830} INFO - Processing file /home/airflow/.local/lib/python3.12/site-packages/airflow/example_dags/tutorial.py for tasks to queue
[2025-05-25T08:37:05.369+0000] {logging_mixin.py:188} INFO - [2025-05-25T08:37:05.369+0000] {dagbag.py:540} INFO - Filling up the DagBag from /home/airflow/.local/lib/python3.12/site-packages/airflow/example_dags/tutorial.py
[2025-05-25T08:37:05.373+0000] {processor.py:840} INFO - DAG(s) 'tutorial' retrieved from /home/airflow/.local/lib/python3.12/site-packages/airflow/example_dags/tutorial.py
[2025-05-25T08:37:05.383+0000] {logging_mixin.py:188} INFO - [2025-05-25T08:37:05.383+0000] {dag.py:3096} INFO - Sync 1 DAGs
[2025-05-25T08:37:05.392+0000] {logging_mixin.py:188} INFO - [2025-05-25T08:37:05.392+0000] {dag.py:3954} INFO - Setting next_dagrun for tutorial to 2025-05-24 00:00:00+00:00, run_after=2025-05-25 00:00:00+00:00
[2025-05-25T08:37:05.493+0000] {processor.py:183} INFO - Processing /home/airflow/.local/lib/python3.12/site-packages/airflow/example_dags/tutorial.py took 0.129 seconds
[2025-05-25T08:37:36.682+0000] {processor.py:161} INFO - Started process (PID=6726) to work on /home/airflow/.local/lib/python3.12/site-packages/airflow/example_dags/tutorial.py
[2025-05-25T08:37:36.684+0000] {processor.py:830} INFO - Processing file /home/airflow/.local/lib/python3.12/site-packages/airflow/example_dags/tutorial.py for tasks to queue
[2025-05-25T08:37:36.684+0000] {logging_mixin.py:188} INFO - [2025-05-25T08:37:36.684+0000] {dagbag.py:540} INFO - Filling up the DagBag from /home/airflow/.local/lib/python3.12/site-packages/airflow/example_dags/tutorial.py
[2025-05-25T08:37:36.691+0000] {processor.py:840} INFO - DAG(s) 'tutorial' retrieved from /home/airflow/.local/lib/python3.12/site-packages/airflow/example_dags/tutorial.py
[2025-05-25T08:37:36.711+0000] {logging_mixin.py:188} INFO - [2025-05-25T08:37:36.711+0000] {dag.py:3096} INFO - Sync 1 DAGs
[2025-05-25T08:37:36.721+0000] {logging_mixin.py:188} INFO - [2025-05-25T08:37:36.721+0000] {dag.py:3954} INFO - Setting next_dagrun for tutorial to 2025-05-24 00:00:00+00:00, run_after=2025-05-25 00:00:00+00:00
[2025-05-25T08:37:36.731+0000] {processor.py:183} INFO - Processing /home/airflow/.local/lib/python3.12/site-packages/airflow/example_dags/tutorial.py took 0.053 seconds
[2025-05-25T08:38:06.926+0000] {processor.py:161} INFO - Started process (PID=6788) to work on /home/airflow/.local/lib/python3.12/site-packages/airflow/example_dags/tutorial.py
[2025-05-25T08:38:06.926+0000] {processor.py:830} INFO - Processing file /home/airflow/.local/lib/python3.12/site-packages/airflow/example_dags/tutorial.py for tasks to queue
[2025-05-25T08:38:06.927+0000] {logging_mixin.py:188} INFO - [2025-05-25T08:38:06.927+0000] {dagbag.py:540} INFO - Filling up the DagBag from /home/airflow/.local/lib/python3.12/site-packages/airflow/example_dags/tutorial.py
[2025-05-25T08:38:06.931+0000] {processor.py:840} INFO - DAG(s) 'tutorial' retrieved from /home/airflow/.local/lib/python3.12/site-packages/airflow/example_dags/tutorial.py
[2025-05-25T08:38:06.945+0000] {logging_mixin.py:188} INFO - [2025-05-25T08:38:06.945+0000] {dag.py:3096} INFO - Sync 1 DAGs
[2025-05-25T08:38:06.955+0000] {logging_mixin.py:188} INFO - [2025-05-25T08:38:06.955+0000] {dag.py:3954} INFO - Setting next_dagrun for tutorial to 2025-05-24 00:00:00+00:00, run_after=2025-05-25 00:00:00+00:00
[2025-05-25T08:38:06.967+0000] {processor.py:183} INFO - Processing /home/airflow/.local/lib/python3.12/site-packages/airflow/example_dags/tutorial.py took 0.044 seconds
[2025-05-25T08:38:37.522+0000] {processor.py:161} INFO - Started process (PID=6854) to work on /home/airflow/.local/lib/python3.12/site-packages/airflow/example_dags/tutorial.py
[2025-05-25T08:38:37.524+0000] {processor.py:830} INFO - Processing file /home/airflow/.local/lib/python3.12/site-packages/airflow/example_dags/tutorial.py for tasks to queue
[2025-05-25T08:38:37.524+0000] {logging_mixin.py:188} INFO - [2025-05-25T08:38:37.524+0000] {dagbag.py:540} INFO - Filling up the DagBag from /home/airflow/.local/lib/python3.12/site-packages/airflow/example_dags/tutorial.py
[2025-05-25T08:38:37.530+0000] {processor.py:840} INFO - DAG(s) 'tutorial' retrieved from /home/airflow/.local/lib/python3.12/site-packages/airflow/example_dags/tutorial.py
[2025-05-25T08:38:37.540+0000] {logging_mixin.py:188} INFO - [2025-05-25T08:38:37.540+0000] {dag.py:3096} INFO - Sync 1 DAGs
[2025-05-25T08:38:37.550+0000] {logging_mixin.py:188} INFO - [2025-05-25T08:38:37.550+0000] {dag.py:3954} INFO - Setting next_dagrun for tutorial to 2025-05-24 00:00:00+00:00, run_after=2025-05-25 00:00:00+00:00
[2025-05-25T08:38:37.559+0000] {processor.py:183} INFO - Processing /home/airflow/.local/lib/python3.12/site-packages/airflow/example_dags/tutorial.py took 0.040 seconds
[2025-05-25T08:39:08.568+0000] {processor.py:161} INFO - Started process (PID=6920) to work on /home/airflow/.local/lib/python3.12/site-packages/airflow/example_dags/tutorial.py
[2025-05-25T08:39:08.569+0000] {processor.py:830} INFO - Processing file /home/airflow/.local/lib/python3.12/site-packages/airflow/example_dags/tutorial.py for tasks to queue
[2025-05-25T08:39:08.569+0000] {logging_mixin.py:188} INFO - [2025-05-25T08:39:08.569+0000] {dagbag.py:540} INFO - Filling up the DagBag from /home/airflow/.local/lib/python3.12/site-packages/airflow/example_dags/tutorial.py
[2025-05-25T08:39:08.573+0000] {processor.py:840} INFO - DAG(s) 'tutorial' retrieved from /home/airflow/.local/lib/python3.12/site-packages/airflow/example_dags/tutorial.py
[2025-05-25T08:39:08.585+0000] {logging_mixin.py:188} INFO - [2025-05-25T08:39:08.585+0000] {dag.py:3096} INFO - Sync 1 DAGs
[2025-05-25T08:39:08.599+0000] {logging_mixin.py:188} INFO - [2025-05-25T08:39:08.599+0000] {dag.py:3954} INFO - Setting next_dagrun for tutorial to 2025-05-24 00:00:00+00:00, run_after=2025-05-25 00:00:00+00:00
[2025-05-25T08:39:08.612+0000] {processor.py:183} INFO - Processing /home/airflow/.local/lib/python3.12/site-packages/airflow/example_dags/tutorial.py took 0.047 seconds
[2025-05-25T08:39:38.809+0000] {processor.py:161} INFO - Started process (PID=6986) to work on /home/airflow/.local/lib/python3.12/site-packages/airflow/example_dags/tutorial.py
[2025-05-25T08:39:38.812+0000] {processor.py:830} INFO - Processing file /home/airflow/.local/lib/python3.12/site-packages/airflow/example_dags/tutorial.py for tasks to queue
[2025-05-25T08:39:38.814+0000] {logging_mixin.py:188} INFO - [2025-05-25T08:39:38.813+0000] {dagbag.py:540} INFO - Filling up the DagBag from /home/airflow/.local/lib/python3.12/site-packages/airflow/example_dags/tutorial.py
[2025-05-25T08:39:38.819+0000] {processor.py:840} INFO - DAG(s) 'tutorial' retrieved from /home/airflow/.local/lib/python3.12/site-packages/airflow/example_dags/tutorial.py
[2025-05-25T08:39:38.836+0000] {logging_mixin.py:188} INFO - [2025-05-25T08:39:38.836+0000] {dag.py:3096} INFO - Sync 1 DAGs
[2025-05-25T08:39:38.847+0000] {logging_mixin.py:188} INFO - [2025-05-25T08:39:38.847+0000] {dag.py:3954} INFO - Setting next_dagrun for tutorial to 2025-05-24 00:00:00+00:00, run_after=2025-05-25 00:00:00+00:00
[2025-05-25T08:39:38.856+0000] {processor.py:183} INFO - Processing /home/airflow/.local/lib/python3.12/site-packages/airflow/example_dags/tutorial.py took 0.073 seconds
[2025-05-25T08:40:09.279+0000] {processor.py:161} INFO - Started process (PID=7052) to work on /home/airflow/.local/lib/python3.12/site-packages/airflow/example_dags/tutorial.py
[2025-05-25T08:40:09.280+0000] {processor.py:830} INFO - Processing file /home/airflow/.local/lib/python3.12/site-packages/airflow/example_dags/tutorial.py for tasks to queue
[2025-05-25T08:40:09.281+0000] {logging_mixin.py:188} INFO - [2025-05-25T08:40:09.281+0000] {dagbag.py:540} INFO - Filling up the DagBag from /home/airflow/.local/lib/python3.12/site-packages/airflow/example_dags/tutorial.py
[2025-05-25T08:40:09.287+0000] {processor.py:840} INFO - DAG(s) 'tutorial' retrieved from /home/airflow/.local/lib/python3.12/site-packages/airflow/example_dags/tutorial.py
[2025-05-25T08:40:09.296+0000] {logging_mixin.py:188} INFO - [2025-05-25T08:40:09.296+0000] {dag.py:3096} INFO - Sync 1 DAGs
[2025-05-25T08:40:09.307+0000] {logging_mixin.py:188} INFO - [2025-05-25T08:40:09.307+0000] {dag.py:3954} INFO - Setting next_dagrun for tutorial to 2025-05-24 00:00:00+00:00, run_after=2025-05-25 00:00:00+00:00
[2025-05-25T08:40:09.318+0000] {processor.py:183} INFO - Processing /home/airflow/.local/lib/python3.12/site-packages/airflow/example_dags/tutorial.py took 0.042 seconds
[2025-05-25T08:40:39.412+0000] {processor.py:161} INFO - Started process (PID=7117) to work on /home/airflow/.local/lib/python3.12/site-packages/airflow/example_dags/tutorial.py
[2025-05-25T08:40:39.413+0000] {processor.py:830} INFO - Processing file /home/airflow/.local/lib/python3.12/site-packages/airflow/example_dags/tutorial.py for tasks to queue
[2025-05-25T08:40:39.413+0000] {logging_mixin.py:188} INFO - [2025-05-25T08:40:39.413+0000] {dagbag.py:540} INFO - Filling up the DagBag from /home/airflow/.local/lib/python3.12/site-packages/airflow/example_dags/tutorial.py
[2025-05-25T08:40:39.417+0000] {processor.py:840} INFO - DAG(s) 'tutorial' retrieved from /home/airflow/.local/lib/python3.12/site-packages/airflow/example_dags/tutorial.py
[2025-05-25T08:40:39.433+0000] {logging_mixin.py:188} INFO - [2025-05-25T08:40:39.432+0000] {dag.py:3096} INFO - Sync 1 DAGs
[2025-05-25T08:40:39.441+0000] {logging_mixin.py:188} INFO - [2025-05-25T08:40:39.441+0000] {dag.py:3954} INFO - Setting next_dagrun for tutorial to 2025-05-24 00:00:00+00:00, run_after=2025-05-25 00:00:00+00:00
[2025-05-25T08:40:39.454+0000] {processor.py:183} INFO - Processing /home/airflow/.local/lib/python3.12/site-packages/airflow/example_dags/tutorial.py took 0.045 seconds
[2025-05-25T08:41:10.443+0000] {processor.py:161} INFO - Started process (PID=7183) to work on /home/airflow/.local/lib/python3.12/site-packages/airflow/example_dags/tutorial.py
[2025-05-25T08:41:10.443+0000] {processor.py:830} INFO - Processing file /home/airflow/.local/lib/python3.12/site-packages/airflow/example_dags/tutorial.py for tasks to queue
[2025-05-25T08:41:10.444+0000] {logging_mixin.py:188} INFO - [2025-05-25T08:41:10.444+0000] {dagbag.py:540} INFO - Filling up the DagBag from /home/airflow/.local/lib/python3.12/site-packages/airflow/example_dags/tutorial.py
[2025-05-25T08:41:10.447+0000] {processor.py:840} INFO - DAG(s) 'tutorial' retrieved from /home/airflow/.local/lib/python3.12/site-packages/airflow/example_dags/tutorial.py
[2025-05-25T08:41:10.472+0000] {logging_mixin.py:188} INFO - [2025-05-25T08:41:10.472+0000] {dag.py:3096} INFO - Sync 1 DAGs
[2025-05-25T08:41:10.484+0000] {logging_mixin.py:188} INFO - [2025-05-25T08:41:10.484+0000] {dag.py:3954} INFO - Setting next_dagrun for tutorial to 2025-05-24 00:00:00+00:00, run_after=2025-05-25 00:00:00+00:00
[2025-05-25T08:41:10.496+0000] {processor.py:183} INFO - Processing /home/airflow/.local/lib/python3.12/site-packages/airflow/example_dags/tutorial.py took 0.057 seconds
[2025-05-25T08:41:40.701+0000] {processor.py:161} INFO - Started process (PID=7249) to work on /home/airflow/.local/lib/python3.12/site-packages/airflow/example_dags/tutorial.py
[2025-05-25T08:41:40.702+0000] {processor.py:830} INFO - Processing file /home/airflow/.local/lib/python3.12/site-packages/airflow/example_dags/tutorial.py for tasks to queue
[2025-05-25T08:41:40.703+0000] {logging_mixin.py:188} INFO - [2025-05-25T08:41:40.703+0000] {dagbag.py:540} INFO - Filling up the DagBag from /home/airflow/.local/lib/python3.12/site-packages/airflow/example_dags/tutorial.py
[2025-05-25T08:41:40.710+0000] {processor.py:840} INFO - DAG(s) 'tutorial' retrieved from /home/airflow/.local/lib/python3.12/site-packages/airflow/example_dags/tutorial.py
[2025-05-25T08:41:40.721+0000] {logging_mixin.py:188} INFO - [2025-05-25T08:41:40.721+0000] {dag.py:3096} INFO - Sync 1 DAGs
[2025-05-25T08:41:40.731+0000] {logging_mixin.py:188} INFO - [2025-05-25T08:41:40.731+0000] {dag.py:3954} INFO - Setting next_dagrun for tutorial to 2025-05-24 00:00:00+00:00, run_after=2025-05-25 00:00:00+00:00
[2025-05-25T08:41:40.746+0000] {processor.py:183} INFO - Processing /home/airflow/.local/lib/python3.12/site-packages/airflow/example_dags/tutorial.py took 0.049 seconds
[2025-05-25T08:42:11.691+0000] {processor.py:161} INFO - Started process (PID=7315) to work on /home/airflow/.local/lib/python3.12/site-packages/airflow/example_dags/tutorial.py
[2025-05-25T08:42:11.692+0000] {processor.py:830} INFO - Processing file /home/airflow/.local/lib/python3.12/site-packages/airflow/example_dags/tutorial.py for tasks to queue
[2025-05-25T08:42:11.694+0000] {logging_mixin.py:188} INFO - [2025-05-25T08:42:11.693+0000] {dagbag.py:540} INFO - Filling up the DagBag from /home/airflow/.local/lib/python3.12/site-packages/airflow/example_dags/tutorial.py
[2025-05-25T08:42:11.700+0000] {processor.py:840} INFO - DAG(s) 'tutorial' retrieved from /home/airflow/.local/lib/python3.12/site-packages/airflow/example_dags/tutorial.py
[2025-05-25T08:42:11.711+0000] {logging_mixin.py:188} INFO - [2025-05-25T08:42:11.711+0000] {dag.py:3096} INFO - Sync 1 DAGs
[2025-05-25T08:42:11.720+0000] {logging_mixin.py:188} INFO - [2025-05-25T08:42:11.720+0000] {dag.py:3954} INFO - Setting next_dagrun for tutorial to 2025-05-24 00:00:00+00:00, run_after=2025-05-25 00:00:00+00:00
[2025-05-25T08:42:11.731+0000] {processor.py:183} INFO - Processing /home/airflow/.local/lib/python3.12/site-packages/airflow/example_dags/tutorial.py took 0.044 seconds
[2025-05-25T08:42:41.961+0000] {processor.py:161} INFO - Started process (PID=7381) to work on /home/airflow/.local/lib/python3.12/site-packages/airflow/example_dags/tutorial.py
[2025-05-25T08:42:41.964+0000] {processor.py:830} INFO - Processing file /home/airflow/.local/lib/python3.12/site-packages/airflow/example_dags/tutorial.py for tasks to queue
[2025-05-25T08:42:41.964+0000] {logging_mixin.py:188} INFO - [2025-05-25T08:42:41.964+0000] {dagbag.py:540} INFO - Filling up the DagBag from /home/airflow/.local/lib/python3.12/site-packages/airflow/example_dags/tutorial.py
[2025-05-25T08:42:41.967+0000] {processor.py:840} INFO - DAG(s) 'tutorial' retrieved from /home/airflow/.local/lib/python3.12/site-packages/airflow/example_dags/tutorial.py
[2025-05-25T08:42:41.980+0000] {logging_mixin.py:188} INFO - [2025-05-25T08:42:41.980+0000] {dag.py:3096} INFO - Sync 1 DAGs
[2025-05-25T08:42:41.994+0000] {logging_mixin.py:188} INFO - [2025-05-25T08:42:41.994+0000] {dag.py:3954} INFO - Setting next_dagrun for tutorial to 2025-05-24 00:00:00+00:00, run_after=2025-05-25 00:00:00+00:00
[2025-05-25T08:42:42.005+0000] {processor.py:183} INFO - Processing /home/airflow/.local/lib/python3.12/site-packages/airflow/example_dags/tutorial.py took 0.047 seconds
[2025-05-25T08:43:12.500+0000] {processor.py:161} INFO - Started process (PID=7453) to work on /home/airflow/.local/lib/python3.12/site-packages/airflow/example_dags/tutorial.py
[2025-05-25T08:43:12.501+0000] {processor.py:830} INFO - Processing file /home/airflow/.local/lib/python3.12/site-packages/airflow/example_dags/tutorial.py for tasks to queue
[2025-05-25T08:43:12.502+0000] {logging_mixin.py:188} INFO - [2025-05-25T08:43:12.501+0000] {dagbag.py:540} INFO - Filling up the DagBag from /home/airflow/.local/lib/python3.12/site-packages/airflow/example_dags/tutorial.py
[2025-05-25T08:43:12.512+0000] {processor.py:840} INFO - DAG(s) 'tutorial' retrieved from /home/airflow/.local/lib/python3.12/site-packages/airflow/example_dags/tutorial.py
[2025-05-25T08:43:12.527+0000] {logging_mixin.py:188} INFO - [2025-05-25T08:43:12.527+0000] {dag.py:3096} INFO - Sync 1 DAGs
[2025-05-25T08:43:12.538+0000] {logging_mixin.py:188} INFO - [2025-05-25T08:43:12.538+0000] {dag.py:3954} INFO - Setting next_dagrun for tutorial to 2025-05-24 00:00:00+00:00, run_after=2025-05-25 00:00:00+00:00
[2025-05-25T08:43:12.549+0000] {processor.py:183} INFO - Processing /home/airflow/.local/lib/python3.12/site-packages/airflow/example_dags/tutorial.py took 0.053 seconds
[2025-05-25T08:43:43.128+0000] {processor.py:161} INFO - Started process (PID=7519) to work on /home/airflow/.local/lib/python3.12/site-packages/airflow/example_dags/tutorial.py
[2025-05-25T08:43:43.129+0000] {processor.py:830} INFO - Processing file /home/airflow/.local/lib/python3.12/site-packages/airflow/example_dags/tutorial.py for tasks to queue
[2025-05-25T08:43:43.130+0000] {logging_mixin.py:188} INFO - [2025-05-25T08:43:43.129+0000] {dagbag.py:540} INFO - Filling up the DagBag from /home/airflow/.local/lib/python3.12/site-packages/airflow/example_dags/tutorial.py
[2025-05-25T08:43:43.135+0000] {processor.py:840} INFO - DAG(s) 'tutorial' retrieved from /home/airflow/.local/lib/python3.12/site-packages/airflow/example_dags/tutorial.py
[2025-05-25T08:43:43.153+0000] {logging_mixin.py:188} INFO - [2025-05-25T08:43:43.153+0000] {dag.py:3096} INFO - Sync 1 DAGs
[2025-05-25T08:43:43.163+0000] {logging_mixin.py:188} INFO - [2025-05-25T08:43:43.163+0000] {dag.py:3954} INFO - Setting next_dagrun for tutorial to 2025-05-24 00:00:00+00:00, run_after=2025-05-25 00:00:00+00:00
[2025-05-25T08:43:43.172+0000] {processor.py:183} INFO - Processing /home/airflow/.local/lib/python3.12/site-packages/airflow/example_dags/tutorial.py took 0.048 seconds
[2025-05-25T08:44:13.389+0000] {processor.py:161} INFO - Started process (PID=7585) to work on /home/airflow/.local/lib/python3.12/site-packages/airflow/example_dags/tutorial.py
[2025-05-25T08:44:13.391+0000] {processor.py:830} INFO - Processing file /home/airflow/.local/lib/python3.12/site-packages/airflow/example_dags/tutorial.py for tasks to queue
[2025-05-25T08:44:13.392+0000] {logging_mixin.py:188} INFO - [2025-05-25T08:44:13.392+0000] {dagbag.py:540} INFO - Filling up the DagBag from /home/airflow/.local/lib/python3.12/site-packages/airflow/example_dags/tutorial.py
[2025-05-25T08:44:13.396+0000] {processor.py:840} INFO - DAG(s) 'tutorial' retrieved from /home/airflow/.local/lib/python3.12/site-packages/airflow/example_dags/tutorial.py
[2025-05-25T08:44:13.411+0000] {logging_mixin.py:188} INFO - [2025-05-25T08:44:13.411+0000] {dag.py:3096} INFO - Sync 1 DAGs
[2025-05-25T08:44:13.422+0000] {logging_mixin.py:188} INFO - [2025-05-25T08:44:13.422+0000] {dag.py:3954} INFO - Setting next_dagrun for tutorial to 2025-05-24 00:00:00+00:00, run_after=2025-05-25 00:00:00+00:00
[2025-05-25T08:44:13.436+0000] {processor.py:183} INFO - Processing /home/airflow/.local/lib/python3.12/site-packages/airflow/example_dags/tutorial.py took 0.051 seconds
[2025-05-25T08:44:43.675+0000] {processor.py:161} INFO - Started process (PID=7651) to work on /home/airflow/.local/lib/python3.12/site-packages/airflow/example_dags/tutorial.py
[2025-05-25T08:44:43.676+0000] {processor.py:830} INFO - Processing file /home/airflow/.local/lib/python3.12/site-packages/airflow/example_dags/tutorial.py for tasks to queue
[2025-05-25T08:44:43.677+0000] {logging_mixin.py:188} INFO - [2025-05-25T08:44:43.676+0000] {dagbag.py:540} INFO - Filling up the DagBag from /home/airflow/.local/lib/python3.12/site-packages/airflow/example_dags/tutorial.py
[2025-05-25T08:44:43.681+0000] {processor.py:840} INFO - DAG(s) 'tutorial' retrieved from /home/airflow/.local/lib/python3.12/site-packages/airflow/example_dags/tutorial.py
[2025-05-25T08:44:43.690+0000] {logging_mixin.py:188} INFO - [2025-05-25T08:44:43.690+0000] {dag.py:3096} INFO - Sync 1 DAGs
[2025-05-25T08:44:43.699+0000] {logging_mixin.py:188} INFO - [2025-05-25T08:44:43.699+0000] {dag.py:3954} INFO - Setting next_dagrun for tutorial to 2025-05-24 00:00:00+00:00, run_after=2025-05-25 00:00:00+00:00
[2025-05-25T08:44:43.707+0000] {processor.py:183} INFO - Processing /home/airflow/.local/lib/python3.12/site-packages/airflow/example_dags/tutorial.py took 0.035 seconds
[2025-05-25T08:45:14.120+0000] {processor.py:161} INFO - Started process (PID=7717) to work on /home/airflow/.local/lib/python3.12/site-packages/airflow/example_dags/tutorial.py
[2025-05-25T08:45:14.121+0000] {processor.py:830} INFO - Processing file /home/airflow/.local/lib/python3.12/site-packages/airflow/example_dags/tutorial.py for tasks to queue
[2025-05-25T08:45:14.122+0000] {logging_mixin.py:188} INFO - [2025-05-25T08:45:14.121+0000] {dagbag.py:540} INFO - Filling up the DagBag from /home/airflow/.local/lib/python3.12/site-packages/airflow/example_dags/tutorial.py
[2025-05-25T08:45:14.125+0000] {processor.py:840} INFO - DAG(s) 'tutorial' retrieved from /home/airflow/.local/lib/python3.12/site-packages/airflow/example_dags/tutorial.py
[2025-05-25T08:45:14.135+0000] {logging_mixin.py:188} INFO - [2025-05-25T08:45:14.135+0000] {dag.py:3096} INFO - Sync 1 DAGs
[2025-05-25T08:45:14.143+0000] {logging_mixin.py:188} INFO - [2025-05-25T08:45:14.143+0000] {dag.py:3954} INFO - Setting next_dagrun for tutorial to 2025-05-24 00:00:00+00:00, run_after=2025-05-25 00:00:00+00:00
[2025-05-25T08:45:14.150+0000] {processor.py:183} INFO - Processing /home/airflow/.local/lib/python3.12/site-packages/airflow/example_dags/tutorial.py took 0.033 seconds
[2025-05-25T08:45:44.826+0000] {processor.py:161} INFO - Started process (PID=7779) to work on /home/airflow/.local/lib/python3.12/site-packages/airflow/example_dags/tutorial.py
[2025-05-25T08:45:44.827+0000] {processor.py:830} INFO - Processing file /home/airflow/.local/lib/python3.12/site-packages/airflow/example_dags/tutorial.py for tasks to queue
[2025-05-25T08:45:44.828+0000] {logging_mixin.py:188} INFO - [2025-05-25T08:45:44.827+0000] {dagbag.py:540} INFO - Filling up the DagBag from /home/airflow/.local/lib/python3.12/site-packages/airflow/example_dags/tutorial.py
[2025-05-25T08:45:44.832+0000] {processor.py:840} INFO - DAG(s) 'tutorial' retrieved from /home/airflow/.local/lib/python3.12/site-packages/airflow/example_dags/tutorial.py
[2025-05-25T08:45:44.843+0000] {logging_mixin.py:188} INFO - [2025-05-25T08:45:44.843+0000] {dag.py:3096} INFO - Sync 1 DAGs
[2025-05-25T08:45:44.853+0000] {logging_mixin.py:188} INFO - [2025-05-25T08:45:44.853+0000] {dag.py:3954} INFO - Setting next_dagrun for tutorial to 2025-05-24 00:00:00+00:00, run_after=2025-05-25 00:00:00+00:00
[2025-05-25T08:45:44.862+0000] {processor.py:183} INFO - Processing /home/airflow/.local/lib/python3.12/site-packages/airflow/example_dags/tutorial.py took 0.047 seconds
[2025-05-25T08:46:15.672+0000] {processor.py:161} INFO - Started process (PID=7841) to work on /home/airflow/.local/lib/python3.12/site-packages/airflow/example_dags/tutorial.py
[2025-05-25T08:46:15.673+0000] {processor.py:830} INFO - Processing file /home/airflow/.local/lib/python3.12/site-packages/airflow/example_dags/tutorial.py for tasks to queue
[2025-05-25T08:46:15.673+0000] {logging_mixin.py:188} INFO - [2025-05-25T08:46:15.673+0000] {dagbag.py:540} INFO - Filling up the DagBag from /home/airflow/.local/lib/python3.12/site-packages/airflow/example_dags/tutorial.py
[2025-05-25T08:46:15.677+0000] {processor.py:840} INFO - DAG(s) 'tutorial' retrieved from /home/airflow/.local/lib/python3.12/site-packages/airflow/example_dags/tutorial.py
[2025-05-25T08:46:15.692+0000] {logging_mixin.py:188} INFO - [2025-05-25T08:46:15.692+0000] {dag.py:3096} INFO - Sync 1 DAGs
[2025-05-25T08:46:15.702+0000] {logging_mixin.py:188} INFO - [2025-05-25T08:46:15.702+0000] {dag.py:3954} INFO - Setting next_dagrun for tutorial to 2025-05-24 00:00:00+00:00, run_after=2025-05-25 00:00:00+00:00
[2025-05-25T08:46:15.712+0000] {processor.py:183} INFO - Processing /home/airflow/.local/lib/python3.12/site-packages/airflow/example_dags/tutorial.py took 0.044 seconds
[2025-05-25T08:46:45.803+0000] {processor.py:161} INFO - Started process (PID=7907) to work on /home/airflow/.local/lib/python3.12/site-packages/airflow/example_dags/tutorial.py
[2025-05-25T08:46:45.804+0000] {processor.py:830} INFO - Processing file /home/airflow/.local/lib/python3.12/site-packages/airflow/example_dags/tutorial.py for tasks to queue
[2025-05-25T08:46:45.804+0000] {logging_mixin.py:188} INFO - [2025-05-25T08:46:45.804+0000] {dagbag.py:540} INFO - Filling up the DagBag from /home/airflow/.local/lib/python3.12/site-packages/airflow/example_dags/tutorial.py
[2025-05-25T08:46:45.808+0000] {processor.py:840} INFO - DAG(s) 'tutorial' retrieved from /home/airflow/.local/lib/python3.12/site-packages/airflow/example_dags/tutorial.py
[2025-05-25T08:46:45.819+0000] {logging_mixin.py:188} INFO - [2025-05-25T08:46:45.819+0000] {dag.py:3096} INFO - Sync 1 DAGs
[2025-05-25T08:46:45.829+0000] {logging_mixin.py:188} INFO - [2025-05-25T08:46:45.829+0000] {dag.py:3954} INFO - Setting next_dagrun for tutorial to 2025-05-24 00:00:00+00:00, run_after=2025-05-25 00:00:00+00:00
[2025-05-25T08:46:45.838+0000] {processor.py:183} INFO - Processing /home/airflow/.local/lib/python3.12/site-packages/airflow/example_dags/tutorial.py took 0.040 seconds
[2025-05-25T08:47:16.192+0000] {processor.py:161} INFO - Started process (PID=7972) to work on /home/airflow/.local/lib/python3.12/site-packages/airflow/example_dags/tutorial.py
[2025-05-25T08:47:16.193+0000] {processor.py:830} INFO - Processing file /home/airflow/.local/lib/python3.12/site-packages/airflow/example_dags/tutorial.py for tasks to queue
[2025-05-25T08:47:16.194+0000] {logging_mixin.py:188} INFO - [2025-05-25T08:47:16.194+0000] {dagbag.py:540} INFO - Filling up the DagBag from /home/airflow/.local/lib/python3.12/site-packages/airflow/example_dags/tutorial.py
[2025-05-25T08:47:16.199+0000] {processor.py:840} INFO - DAG(s) 'tutorial' retrieved from /home/airflow/.local/lib/python3.12/site-packages/airflow/example_dags/tutorial.py
[2025-05-25T08:47:16.212+0000] {logging_mixin.py:188} INFO - [2025-05-25T08:47:16.212+0000] {dag.py:3096} INFO - Sync 1 DAGs
[2025-05-25T08:47:16.222+0000] {logging_mixin.py:188} INFO - [2025-05-25T08:47:16.222+0000] {dag.py:3954} INFO - Setting next_dagrun for tutorial to 2025-05-24 00:00:00+00:00, run_after=2025-05-25 00:00:00+00:00
[2025-05-25T08:47:16.235+0000] {processor.py:183} INFO - Processing /home/airflow/.local/lib/python3.12/site-packages/airflow/example_dags/tutorial.py took 0.061 seconds
[2025-05-25T08:47:46.560+0000] {processor.py:161} INFO - Started process (PID=8038) to work on /home/airflow/.local/lib/python3.12/site-packages/airflow/example_dags/tutorial.py
[2025-05-25T08:47:46.561+0000] {processor.py:830} INFO - Processing file /home/airflow/.local/lib/python3.12/site-packages/airflow/example_dags/tutorial.py for tasks to queue
[2025-05-25T08:47:46.562+0000] {logging_mixin.py:188} INFO - [2025-05-25T08:47:46.562+0000] {dagbag.py:540} INFO - Filling up the DagBag from /home/airflow/.local/lib/python3.12/site-packages/airflow/example_dags/tutorial.py
[2025-05-25T08:47:46.571+0000] {processor.py:840} INFO - DAG(s) 'tutorial' retrieved from /home/airflow/.local/lib/python3.12/site-packages/airflow/example_dags/tutorial.py
[2025-05-25T08:47:46.582+0000] {logging_mixin.py:188} INFO - [2025-05-25T08:47:46.582+0000] {dag.py:3096} INFO - Sync 1 DAGs
[2025-05-25T08:47:46.593+0000] {logging_mixin.py:188} INFO - [2025-05-25T08:47:46.593+0000] {dag.py:3954} INFO - Setting next_dagrun for tutorial to 2025-05-24 00:00:00+00:00, run_after=2025-05-25 00:00:00+00:00
[2025-05-25T08:47:46.606+0000] {processor.py:183} INFO - Processing /home/airflow/.local/lib/python3.12/site-packages/airflow/example_dags/tutorial.py took 0.053 seconds
[2025-05-25T08:48:17.143+0000] {processor.py:161} INFO - Started process (PID=8104) to work on /home/airflow/.local/lib/python3.12/site-packages/airflow/example_dags/tutorial.py
[2025-05-25T08:48:17.144+0000] {processor.py:830} INFO - Processing file /home/airflow/.local/lib/python3.12/site-packages/airflow/example_dags/tutorial.py for tasks to queue
[2025-05-25T08:48:17.145+0000] {logging_mixin.py:188} INFO - [2025-05-25T08:48:17.145+0000] {dagbag.py:540} INFO - Filling up the DagBag from /home/airflow/.local/lib/python3.12/site-packages/airflow/example_dags/tutorial.py
[2025-05-25T08:48:17.150+0000] {processor.py:840} INFO - DAG(s) 'tutorial' retrieved from /home/airflow/.local/lib/python3.12/site-packages/airflow/example_dags/tutorial.py
[2025-05-25T08:48:17.181+0000] {logging_mixin.py:188} INFO - [2025-05-25T08:48:17.181+0000] {dag.py:3096} INFO - Sync 1 DAGs
[2025-05-25T08:48:17.191+0000] {logging_mixin.py:188} INFO - [2025-05-25T08:48:17.191+0000] {dag.py:3954} INFO - Setting next_dagrun for tutorial to 2025-05-24 00:00:00+00:00, run_after=2025-05-25 00:00:00+00:00
[2025-05-25T08:48:17.201+0000] {processor.py:183} INFO - Processing /home/airflow/.local/lib/python3.12/site-packages/airflow/example_dags/tutorial.py took 0.075 seconds
[2025-05-25T08:48:48.310+0000] {processor.py:161} INFO - Started process (PID=8170) to work on /home/airflow/.local/lib/python3.12/site-packages/airflow/example_dags/tutorial.py
[2025-05-25T08:48:48.311+0000] {processor.py:830} INFO - Processing file /home/airflow/.local/lib/python3.12/site-packages/airflow/example_dags/tutorial.py for tasks to queue
[2025-05-25T08:48:48.311+0000] {logging_mixin.py:188} INFO - [2025-05-25T08:48:48.311+0000] {dagbag.py:540} INFO - Filling up the DagBag from /home/airflow/.local/lib/python3.12/site-packages/airflow/example_dags/tutorial.py
[2025-05-25T08:48:48.315+0000] {processor.py:840} INFO - DAG(s) 'tutorial' retrieved from /home/airflow/.local/lib/python3.12/site-packages/airflow/example_dags/tutorial.py
[2025-05-25T08:48:48.326+0000] {logging_mixin.py:188} INFO - [2025-05-25T08:48:48.326+0000] {dag.py:3096} INFO - Sync 1 DAGs
[2025-05-25T08:48:48.335+0000] {logging_mixin.py:188} INFO - [2025-05-25T08:48:48.335+0000] {dag.py:3954} INFO - Setting next_dagrun for tutorial to 2025-05-24 00:00:00+00:00, run_after=2025-05-25 00:00:00+00:00
[2025-05-25T08:48:48.342+0000] {processor.py:183} INFO - Processing /home/airflow/.local/lib/python3.12/site-packages/airflow/example_dags/tutorial.py took 0.037 seconds
[2025-05-25T08:49:18.919+0000] {processor.py:161} INFO - Started process (PID=8236) to work on /home/airflow/.local/lib/python3.12/site-packages/airflow/example_dags/tutorial.py
[2025-05-25T08:49:18.921+0000] {processor.py:830} INFO - Processing file /home/airflow/.local/lib/python3.12/site-packages/airflow/example_dags/tutorial.py for tasks to queue
[2025-05-25T08:49:18.922+0000] {logging_mixin.py:188} INFO - [2025-05-25T08:49:18.922+0000] {dagbag.py:540} INFO - Filling up the DagBag from /home/airflow/.local/lib/python3.12/site-packages/airflow/example_dags/tutorial.py
[2025-05-25T08:49:18.926+0000] {processor.py:840} INFO - DAG(s) 'tutorial' retrieved from /home/airflow/.local/lib/python3.12/site-packages/airflow/example_dags/tutorial.py
[2025-05-25T08:49:18.940+0000] {logging_mixin.py:188} INFO - [2025-05-25T08:49:18.940+0000] {dag.py:3096} INFO - Sync 1 DAGs
[2025-05-25T08:49:18.957+0000] {logging_mixin.py:188} INFO - [2025-05-25T08:49:18.957+0000] {dag.py:3954} INFO - Setting next_dagrun for tutorial to 2025-05-24 00:00:00+00:00, run_after=2025-05-25 00:00:00+00:00
[2025-05-25T08:49:18.971+0000] {processor.py:183} INFO - Processing /home/airflow/.local/lib/python3.12/site-packages/airflow/example_dags/tutorial.py took 0.055 seconds
[2025-05-25T08:49:49.050+0000] {processor.py:161} INFO - Started process (PID=8302) to work on /home/airflow/.local/lib/python3.12/site-packages/airflow/example_dags/tutorial.py
[2025-05-25T08:49:49.051+0000] {processor.py:830} INFO - Processing file /home/airflow/.local/lib/python3.12/site-packages/airflow/example_dags/tutorial.py for tasks to queue
[2025-05-25T08:49:49.052+0000] {logging_mixin.py:188} INFO - [2025-05-25T08:49:49.052+0000] {dagbag.py:540} INFO - Filling up the DagBag from /home/airflow/.local/lib/python3.12/site-packages/airflow/example_dags/tutorial.py
[2025-05-25T08:49:49.057+0000] {processor.py:840} INFO - DAG(s) 'tutorial' retrieved from /home/airflow/.local/lib/python3.12/site-packages/airflow/example_dags/tutorial.py
[2025-05-25T08:49:49.069+0000] {logging_mixin.py:188} INFO - [2025-05-25T08:49:49.069+0000] {dag.py:3096} INFO - Sync 1 DAGs
[2025-05-25T08:49:49.081+0000] {logging_mixin.py:188} INFO - [2025-05-25T08:49:49.081+0000] {dag.py:3954} INFO - Setting next_dagrun for tutorial to 2025-05-24 00:00:00+00:00, run_after=2025-05-25 00:00:00+00:00
[2025-05-25T08:49:49.093+0000] {processor.py:183} INFO - Processing /home/airflow/.local/lib/python3.12/site-packages/airflow/example_dags/tutorial.py took 0.045 seconds
[2025-05-25T08:50:20.092+0000] {processor.py:161} INFO - Started process (PID=8368) to work on /home/airflow/.local/lib/python3.12/site-packages/airflow/example_dags/tutorial.py
[2025-05-25T08:50:20.096+0000] {processor.py:830} INFO - Processing file /home/airflow/.local/lib/python3.12/site-packages/airflow/example_dags/tutorial.py for tasks to queue
[2025-05-25T08:50:20.097+0000] {logging_mixin.py:188} INFO - [2025-05-25T08:50:20.097+0000] {dagbag.py:540} INFO - Filling up the DagBag from /home/airflow/.local/lib/python3.12/site-packages/airflow/example_dags/tutorial.py
[2025-05-25T08:50:20.105+0000] {processor.py:840} INFO - DAG(s) 'tutorial' retrieved from /home/airflow/.local/lib/python3.12/site-packages/airflow/example_dags/tutorial.py
[2025-05-25T08:50:20.123+0000] {logging_mixin.py:188} INFO - [2025-05-25T08:50:20.123+0000] {dag.py:3096} INFO - Sync 1 DAGs
[2025-05-25T08:50:20.133+0000] {logging_mixin.py:188} INFO - [2025-05-25T08:50:20.133+0000] {dag.py:3954} INFO - Setting next_dagrun for tutorial to 2025-05-24 00:00:00+00:00, run_after=2025-05-25 00:00:00+00:00
[2025-05-25T08:50:20.142+0000] {processor.py:183} INFO - Processing /home/airflow/.local/lib/python3.12/site-packages/airflow/example_dags/tutorial.py took 0.056 seconds
[2025-05-25T08:50:50.667+0000] {processor.py:161} INFO - Started process (PID=8434) to work on /home/airflow/.local/lib/python3.12/site-packages/airflow/example_dags/tutorial.py
[2025-05-25T08:50:50.671+0000] {processor.py:830} INFO - Processing file /home/airflow/.local/lib/python3.12/site-packages/airflow/example_dags/tutorial.py for tasks to queue
[2025-05-25T08:50:50.672+0000] {logging_mixin.py:188} INFO - [2025-05-25T08:50:50.672+0000] {dagbag.py:540} INFO - Filling up the DagBag from /home/airflow/.local/lib/python3.12/site-packages/airflow/example_dags/tutorial.py
[2025-05-25T08:50:50.676+0000] {processor.py:840} INFO - DAG(s) 'tutorial' retrieved from /home/airflow/.local/lib/python3.12/site-packages/airflow/example_dags/tutorial.py
[2025-05-25T08:50:50.688+0000] {logging_mixin.py:188} INFO - [2025-05-25T08:50:50.688+0000] {dag.py:3096} INFO - Sync 1 DAGs
[2025-05-25T08:50:50.699+0000] {logging_mixin.py:188} INFO - [2025-05-25T08:50:50.698+0000] {dag.py:3954} INFO - Setting next_dagrun for tutorial to 2025-05-24 00:00:00+00:00, run_after=2025-05-25 00:00:00+00:00
[2025-05-25T08:50:50.708+0000] {processor.py:183} INFO - Processing /home/airflow/.local/lib/python3.12/site-packages/airflow/example_dags/tutorial.py took 0.043 seconds
[2025-05-25T08:51:20.882+0000] {processor.py:161} INFO - Started process (PID=8500) to work on /home/airflow/.local/lib/python3.12/site-packages/airflow/example_dags/tutorial.py
[2025-05-25T08:51:20.885+0000] {processor.py:830} INFO - Processing file /home/airflow/.local/lib/python3.12/site-packages/airflow/example_dags/tutorial.py for tasks to queue
[2025-05-25T08:51:20.888+0000] {logging_mixin.py:188} INFO - [2025-05-25T08:51:20.888+0000] {dagbag.py:540} INFO - Filling up the DagBag from /home/airflow/.local/lib/python3.12/site-packages/airflow/example_dags/tutorial.py
[2025-05-25T08:51:20.895+0000] {processor.py:840} INFO - DAG(s) 'tutorial' retrieved from /home/airflow/.local/lib/python3.12/site-packages/airflow/example_dags/tutorial.py
[2025-05-25T08:51:20.908+0000] {logging_mixin.py:188} INFO - [2025-05-25T08:51:20.908+0000] {dag.py:3096} INFO - Sync 1 DAGs
[2025-05-25T08:51:20.919+0000] {logging_mixin.py:188} INFO - [2025-05-25T08:51:20.919+0000] {dag.py:3954} INFO - Setting next_dagrun for tutorial to 2025-05-24 00:00:00+00:00, run_after=2025-05-25 00:00:00+00:00
[2025-05-25T08:51:20.930+0000] {processor.py:183} INFO - Processing /home/airflow/.local/lib/python3.12/site-packages/airflow/example_dags/tutorial.py took 0.052 seconds
[2025-05-25T08:51:51.187+0000] {processor.py:161} INFO - Started process (PID=8566) to work on /home/airflow/.local/lib/python3.12/site-packages/airflow/example_dags/tutorial.py
[2025-05-25T08:51:51.188+0000] {processor.py:830} INFO - Processing file /home/airflow/.local/lib/python3.12/site-packages/airflow/example_dags/tutorial.py for tasks to queue
[2025-05-25T08:51:51.189+0000] {logging_mixin.py:188} INFO - [2025-05-25T08:51:51.188+0000] {dagbag.py:540} INFO - Filling up the DagBag from /home/airflow/.local/lib/python3.12/site-packages/airflow/example_dags/tutorial.py
[2025-05-25T08:51:51.193+0000] {processor.py:840} INFO - DAG(s) 'tutorial' retrieved from /home/airflow/.local/lib/python3.12/site-packages/airflow/example_dags/tutorial.py
[2025-05-25T08:51:51.205+0000] {logging_mixin.py:188} INFO - [2025-05-25T08:51:51.204+0000] {dag.py:3096} INFO - Sync 1 DAGs
[2025-05-25T08:51:51.214+0000] {logging_mixin.py:188} INFO - [2025-05-25T08:51:51.214+0000] {dag.py:3954} INFO - Setting next_dagrun for tutorial to 2025-05-24 00:00:00+00:00, run_after=2025-05-25 00:00:00+00:00
[2025-05-25T08:51:51.223+0000] {processor.py:183} INFO - Processing /home/airflow/.local/lib/python3.12/site-packages/airflow/example_dags/tutorial.py took 0.040 seconds
[2025-05-25T08:52:21.741+0000] {processor.py:161} INFO - Started process (PID=8632) to work on /home/airflow/.local/lib/python3.12/site-packages/airflow/example_dags/tutorial.py
[2025-05-25T08:52:21.743+0000] {processor.py:830} INFO - Processing file /home/airflow/.local/lib/python3.12/site-packages/airflow/example_dags/tutorial.py for tasks to queue
[2025-05-25T08:52:21.744+0000] {logging_mixin.py:188} INFO - [2025-05-25T08:52:21.744+0000] {dagbag.py:540} INFO - Filling up the DagBag from /home/airflow/.local/lib/python3.12/site-packages/airflow/example_dags/tutorial.py
[2025-05-25T08:52:21.751+0000] {processor.py:840} INFO - DAG(s) 'tutorial' retrieved from /home/airflow/.local/lib/python3.12/site-packages/airflow/example_dags/tutorial.py
[2025-05-25T08:52:21.763+0000] {logging_mixin.py:188} INFO - [2025-05-25T08:52:21.763+0000] {dag.py:3096} INFO - Sync 1 DAGs
[2025-05-25T08:52:21.773+0000] {logging_mixin.py:188} INFO - [2025-05-25T08:52:21.773+0000] {dag.py:3954} INFO - Setting next_dagrun for tutorial to 2025-05-24 00:00:00+00:00, run_after=2025-05-25 00:00:00+00:00
[2025-05-25T08:52:21.782+0000] {processor.py:183} INFO - Processing /home/airflow/.local/lib/python3.12/site-packages/airflow/example_dags/tutorial.py took 0.045 seconds
[2025-05-25T08:52:52.179+0000] {processor.py:161} INFO - Started process (PID=8698) to work on /home/airflow/.local/lib/python3.12/site-packages/airflow/example_dags/tutorial.py
[2025-05-25T08:52:52.180+0000] {processor.py:830} INFO - Processing file /home/airflow/.local/lib/python3.12/site-packages/airflow/example_dags/tutorial.py for tasks to queue
[2025-05-25T08:52:52.181+0000] {logging_mixin.py:188} INFO - [2025-05-25T08:52:52.181+0000] {dagbag.py:540} INFO - Filling up the DagBag from /home/airflow/.local/lib/python3.12/site-packages/airflow/example_dags/tutorial.py
[2025-05-25T08:52:52.188+0000] {processor.py:840} INFO - DAG(s) 'tutorial' retrieved from /home/airflow/.local/lib/python3.12/site-packages/airflow/example_dags/tutorial.py
[2025-05-25T08:52:52.201+0000] {logging_mixin.py:188} INFO - [2025-05-25T08:52:52.201+0000] {dag.py:3096} INFO - Sync 1 DAGs
[2025-05-25T08:52:52.212+0000] {logging_mixin.py:188} INFO - [2025-05-25T08:52:52.212+0000] {dag.py:3954} INFO - Setting next_dagrun for tutorial to 2025-05-24 00:00:00+00:00, run_after=2025-05-25 00:00:00+00:00
[2025-05-25T08:52:52.222+0000] {processor.py:183} INFO - Processing /home/airflow/.local/lib/python3.12/site-packages/airflow/example_dags/tutorial.py took 0.048 seconds
[2025-05-25T08:53:22.312+0000] {processor.py:161} INFO - Started process (PID=8763) to work on /home/airflow/.local/lib/python3.12/site-packages/airflow/example_dags/tutorial.py
[2025-05-25T08:53:22.313+0000] {processor.py:830} INFO - Processing file /home/airflow/.local/lib/python3.12/site-packages/airflow/example_dags/tutorial.py for tasks to queue
[2025-05-25T08:53:22.314+0000] {logging_mixin.py:188} INFO - [2025-05-25T08:53:22.314+0000] {dagbag.py:540} INFO - Filling up the DagBag from /home/airflow/.local/lib/python3.12/site-packages/airflow/example_dags/tutorial.py
[2025-05-25T08:53:22.323+0000] {processor.py:840} INFO - DAG(s) 'tutorial' retrieved from /home/airflow/.local/lib/python3.12/site-packages/airflow/example_dags/tutorial.py
[2025-05-25T08:53:22.338+0000] {logging_mixin.py:188} INFO - [2025-05-25T08:53:22.338+0000] {dag.py:3096} INFO - Sync 1 DAGs
[2025-05-25T08:53:22.348+0000] {logging_mixin.py:188} INFO - [2025-05-25T08:53:22.347+0000] {dag.py:3954} INFO - Setting next_dagrun for tutorial to 2025-05-24 00:00:00+00:00, run_after=2025-05-25 00:00:00+00:00
[2025-05-25T08:53:22.358+0000] {processor.py:183} INFO - Processing /home/airflow/.local/lib/python3.12/site-packages/airflow/example_dags/tutorial.py took 0.055 seconds
[2025-05-25T08:53:52.696+0000] {processor.py:161} INFO - Started process (PID=8830) to work on /home/airflow/.local/lib/python3.12/site-packages/airflow/example_dags/tutorial.py
[2025-05-25T08:53:52.698+0000] {processor.py:830} INFO - Processing file /home/airflow/.local/lib/python3.12/site-packages/airflow/example_dags/tutorial.py for tasks to queue
[2025-05-25T08:53:52.699+0000] {logging_mixin.py:188} INFO - [2025-05-25T08:53:52.699+0000] {dagbag.py:540} INFO - Filling up the DagBag from /home/airflow/.local/lib/python3.12/site-packages/airflow/example_dags/tutorial.py
[2025-05-25T08:53:52.705+0000] {processor.py:840} INFO - DAG(s) 'tutorial' retrieved from /home/airflow/.local/lib/python3.12/site-packages/airflow/example_dags/tutorial.py
[2025-05-25T08:53:52.719+0000] {logging_mixin.py:188} INFO - [2025-05-25T08:53:52.718+0000] {dag.py:3096} INFO - Sync 1 DAGs
[2025-05-25T08:53:52.730+0000] {logging_mixin.py:188} INFO - [2025-05-25T08:53:52.729+0000] {dag.py:3954} INFO - Setting next_dagrun for tutorial to 2025-05-24 00:00:00+00:00, run_after=2025-05-25 00:00:00+00:00
[2025-05-25T08:53:52.739+0000] {processor.py:183} INFO - Processing /home/airflow/.local/lib/python3.12/site-packages/airflow/example_dags/tutorial.py took 0.048 seconds
[2025-05-25T08:54:23.572+0000] {processor.py:161} INFO - Started process (PID=8896) to work on /home/airflow/.local/lib/python3.12/site-packages/airflow/example_dags/tutorial.py
[2025-05-25T08:54:23.572+0000] {processor.py:830} INFO - Processing file /home/airflow/.local/lib/python3.12/site-packages/airflow/example_dags/tutorial.py for tasks to queue
[2025-05-25T08:54:23.573+0000] {logging_mixin.py:188} INFO - [2025-05-25T08:54:23.572+0000] {dagbag.py:540} INFO - Filling up the DagBag from /home/airflow/.local/lib/python3.12/site-packages/airflow/example_dags/tutorial.py
[2025-05-25T08:54:23.577+0000] {processor.py:840} INFO - DAG(s) 'tutorial' retrieved from /home/airflow/.local/lib/python3.12/site-packages/airflow/example_dags/tutorial.py
[2025-05-25T08:54:23.587+0000] {logging_mixin.py:188} INFO - [2025-05-25T08:54:23.587+0000] {dag.py:3096} INFO - Sync 1 DAGs
[2025-05-25T08:54:23.595+0000] {logging_mixin.py:188} INFO - [2025-05-25T08:54:23.595+0000] {dag.py:3954} INFO - Setting next_dagrun for tutorial to 2025-05-24 00:00:00+00:00, run_after=2025-05-25 00:00:00+00:00
[2025-05-25T08:54:23.603+0000] {processor.py:183} INFO - Processing /home/airflow/.local/lib/python3.12/site-packages/airflow/example_dags/tutorial.py took 0.035 seconds
[2025-05-25T08:54:53.728+0000] {processor.py:161} INFO - Started process (PID=8958) to work on /home/airflow/.local/lib/python3.12/site-packages/airflow/example_dags/tutorial.py
[2025-05-25T08:54:53.729+0000] {processor.py:830} INFO - Processing file /home/airflow/.local/lib/python3.12/site-packages/airflow/example_dags/tutorial.py for tasks to queue
[2025-05-25T08:54:53.730+0000] {logging_mixin.py:188} INFO - [2025-05-25T08:54:53.730+0000] {dagbag.py:540} INFO - Filling up the DagBag from /home/airflow/.local/lib/python3.12/site-packages/airflow/example_dags/tutorial.py
[2025-05-25T08:54:53.735+0000] {processor.py:840} INFO - DAG(s) 'tutorial' retrieved from /home/airflow/.local/lib/python3.12/site-packages/airflow/example_dags/tutorial.py
[2025-05-25T08:54:53.745+0000] {logging_mixin.py:188} INFO - [2025-05-25T08:54:53.744+0000] {dag.py:3096} INFO - Sync 1 DAGs
[2025-05-25T08:54:53.753+0000] {logging_mixin.py:188} INFO - [2025-05-25T08:54:53.753+0000] {dag.py:3954} INFO - Setting next_dagrun for tutorial to 2025-05-24 00:00:00+00:00, run_after=2025-05-25 00:00:00+00:00
[2025-05-25T08:54:53.760+0000] {processor.py:183} INFO - Processing /home/airflow/.local/lib/python3.12/site-packages/airflow/example_dags/tutorial.py took 0.036 seconds
[2025-05-25T08:55:23.833+0000] {processor.py:161} INFO - Started process (PID=9020) to work on /home/airflow/.local/lib/python3.12/site-packages/airflow/example_dags/tutorial.py
[2025-05-25T08:55:23.834+0000] {processor.py:830} INFO - Processing file /home/airflow/.local/lib/python3.12/site-packages/airflow/example_dags/tutorial.py for tasks to queue
[2025-05-25T08:55:23.835+0000] {logging_mixin.py:188} INFO - [2025-05-25T08:55:23.834+0000] {dagbag.py:540} INFO - Filling up the DagBag from /home/airflow/.local/lib/python3.12/site-packages/airflow/example_dags/tutorial.py
[2025-05-25T08:55:23.842+0000] {processor.py:840} INFO - DAG(s) 'tutorial' retrieved from /home/airflow/.local/lib/python3.12/site-packages/airflow/example_dags/tutorial.py
[2025-05-25T08:55:23.857+0000] {logging_mixin.py:188} INFO - [2025-05-25T08:55:23.857+0000] {dag.py:3096} INFO - Sync 1 DAGs
[2025-05-25T08:55:23.870+0000] {logging_mixin.py:188} INFO - [2025-05-25T08:55:23.870+0000] {dag.py:3954} INFO - Setting next_dagrun for tutorial to 2025-05-24 00:00:00+00:00, run_after=2025-05-25 00:00:00+00:00
[2025-05-25T08:55:23.884+0000] {processor.py:183} INFO - Processing /home/airflow/.local/lib/python3.12/site-packages/airflow/example_dags/tutorial.py took 0.055 seconds
[2025-05-25T08:55:54.635+0000] {processor.py:161} INFO - Started process (PID=9086) to work on /home/airflow/.local/lib/python3.12/site-packages/airflow/example_dags/tutorial.py
[2025-05-25T08:55:54.639+0000] {processor.py:830} INFO - Processing file /home/airflow/.local/lib/python3.12/site-packages/airflow/example_dags/tutorial.py for tasks to queue
[2025-05-25T08:55:54.641+0000] {logging_mixin.py:188} INFO - [2025-05-25T08:55:54.641+0000] {dagbag.py:540} INFO - Filling up the DagBag from /home/airflow/.local/lib/python3.12/site-packages/airflow/example_dags/tutorial.py
[2025-05-25T08:55:54.650+0000] {processor.py:840} INFO - DAG(s) 'tutorial' retrieved from /home/airflow/.local/lib/python3.12/site-packages/airflow/example_dags/tutorial.py
[2025-05-25T08:55:54.663+0000] {logging_mixin.py:188} INFO - [2025-05-25T08:55:54.663+0000] {dag.py:3096} INFO - Sync 1 DAGs
[2025-05-25T08:55:54.678+0000] {logging_mixin.py:188} INFO - [2025-05-25T08:55:54.678+0000] {dag.py:3954} INFO - Setting next_dagrun for tutorial to 2025-05-24 00:00:00+00:00, run_after=2025-05-25 00:00:00+00:00
[2025-05-25T08:55:54.689+0000] {processor.py:183} INFO - Processing /home/airflow/.local/lib/python3.12/site-packages/airflow/example_dags/tutorial.py took 0.059 seconds
[2025-05-25T08:56:24.851+0000] {processor.py:161} INFO - Started process (PID=9152) to work on /home/airflow/.local/lib/python3.12/site-packages/airflow/example_dags/tutorial.py
[2025-05-25T08:56:24.853+0000] {processor.py:830} INFO - Processing file /home/airflow/.local/lib/python3.12/site-packages/airflow/example_dags/tutorial.py for tasks to queue
[2025-05-25T08:56:24.854+0000] {logging_mixin.py:188} INFO - [2025-05-25T08:56:24.854+0000] {dagbag.py:540} INFO - Filling up the DagBag from /home/airflow/.local/lib/python3.12/site-packages/airflow/example_dags/tutorial.py
[2025-05-25T08:56:24.864+0000] {processor.py:840} INFO - DAG(s) 'tutorial' retrieved from /home/airflow/.local/lib/python3.12/site-packages/airflow/example_dags/tutorial.py
[2025-05-25T08:56:24.882+0000] {logging_mixin.py:188} INFO - [2025-05-25T08:56:24.882+0000] {dag.py:3096} INFO - Sync 1 DAGs
[2025-05-25T08:56:24.897+0000] {logging_mixin.py:188} INFO - [2025-05-25T08:56:24.897+0000] {dag.py:3954} INFO - Setting next_dagrun for tutorial to 2025-05-24 00:00:00+00:00, run_after=2025-05-25 00:00:00+00:00
[2025-05-25T08:56:24.908+0000] {processor.py:183} INFO - Processing /home/airflow/.local/lib/python3.12/site-packages/airflow/example_dags/tutorial.py took 0.063 seconds
