[2025-05-25T08:15:26.812+0000] {processor.py:161} INFO - Started process (PID=4286) to work on /home/airflow/.local/lib/python3.12/site-packages/airflow/example_dags/tutorial_objectstorage.py
[2025-05-25T08:15:26.812+0000] {processor.py:830} INFO - Processing file /home/airflow/.local/lib/python3.12/site-packages/airflow/example_dags/tutorial_objectstorage.py for tasks to queue
[2025-05-25T08:15:26.814+0000] {logging_mixin.py:188} INFO - [2025-05-25T08:15:26.813+0000] {dagbag.py:540} INFO - Filling up the DagBag from /home/airflow/.local/lib/python3.12/site-packages/airflow/example_dags/tutorial_objectstorage.py
[2025-05-25T08:15:26.819+0000] {processor.py:840} INFO - DAG(s) 'tutorial_objectstorage' retrieved from /home/airflow/.local/lib/python3.12/site-packages/airflow/example_dags/tutorial_objectstorage.py
[2025-05-25T08:15:26.831+0000] {logging_mixin.py:188} INFO - [2025-05-25T08:15:26.831+0000] {dag.py:3096} INFO - Sync 1 DAGs
[2025-05-25T08:15:26.838+0000] {logging_mixin.py:188} INFO - [2025-05-25T08:15:26.838+0000] {dag.py:3954} INFO - Setting next_dagrun for tutorial_objectstorage to None, run_after=None
[2025-05-25T08:15:26.852+0000] {processor.py:183} INFO - Processing /home/airflow/.local/lib/python3.12/site-packages/airflow/example_dags/tutorial_objectstorage.py took 0.044 seconds
[2025-05-25T08:15:58.171+0000] {processor.py:161} INFO - Started process (PID=4352) to work on /home/airflow/.local/lib/python3.12/site-packages/airflow/example_dags/tutorial_objectstorage.py
[2025-05-25T08:15:58.173+0000] {processor.py:830} INFO - Processing file /home/airflow/.local/lib/python3.12/site-packages/airflow/example_dags/tutorial_objectstorage.py for tasks to queue
[2025-05-25T08:15:58.174+0000] {logging_mixin.py:188} INFO - [2025-05-25T08:15:58.174+0000] {dagbag.py:540} INFO - Filling up the DagBag from /home/airflow/.local/lib/python3.12/site-packages/airflow/example_dags/tutorial_objectstorage.py
[2025-05-25T08:15:58.178+0000] {processor.py:840} INFO - DAG(s) 'tutorial_objectstorage' retrieved from /home/airflow/.local/lib/python3.12/site-packages/airflow/example_dags/tutorial_objectstorage.py
[2025-05-25T08:15:58.197+0000] {logging_mixin.py:188} INFO - [2025-05-25T08:15:58.197+0000] {dag.py:3096} INFO - Sync 1 DAGs
[2025-05-25T08:15:58.207+0000] {logging_mixin.py:188} INFO - [2025-05-25T08:15:58.207+0000] {dag.py:3954} INFO - Setting next_dagrun for tutorial_objectstorage to None, run_after=None
[2025-05-25T08:15:58.216+0000] {processor.py:183} INFO - Processing /home/airflow/.local/lib/python3.12/site-packages/airflow/example_dags/tutorial_objectstorage.py took 0.053 seconds
[2025-05-25T08:16:31.009+0000] {processor.py:161} INFO - Started process (PID=4418) to work on /home/airflow/.local/lib/python3.12/site-packages/airflow/example_dags/tutorial_objectstorage.py
[2025-05-25T08:16:31.010+0000] {processor.py:830} INFO - Processing file /home/airflow/.local/lib/python3.12/site-packages/airflow/example_dags/tutorial_objectstorage.py for tasks to queue
[2025-05-25T08:16:31.012+0000] {logging_mixin.py:188} INFO - [2025-05-25T08:16:31.012+0000] {dagbag.py:540} INFO - Filling up the DagBag from /home/airflow/.local/lib/python3.12/site-packages/airflow/example_dags/tutorial_objectstorage.py
[2025-05-25T08:16:31.016+0000] {processor.py:840} INFO - DAG(s) 'tutorial_objectstorage' retrieved from /home/airflow/.local/lib/python3.12/site-packages/airflow/example_dags/tutorial_objectstorage.py
[2025-05-25T08:16:31.026+0000] {logging_mixin.py:188} INFO - [2025-05-25T08:16:31.026+0000] {dag.py:3096} INFO - Sync 1 DAGs
[2025-05-25T08:16:31.034+0000] {logging_mixin.py:188} INFO - [2025-05-25T08:16:31.034+0000] {dag.py:3954} INFO - Setting next_dagrun for tutorial_objectstorage to None, run_after=None
[2025-05-25T08:16:31.060+0000] {processor.py:183} INFO - Processing /home/airflow/.local/lib/python3.12/site-packages/airflow/example_dags/tutorial_objectstorage.py took 0.054 seconds
[2025-05-25T08:17:03.197+0000] {processor.py:161} INFO - Started process (PID=4484) to work on /home/airflow/.local/lib/python3.12/site-packages/airflow/example_dags/tutorial_objectstorage.py
[2025-05-25T08:17:03.198+0000] {processor.py:830} INFO - Processing file /home/airflow/.local/lib/python3.12/site-packages/airflow/example_dags/tutorial_objectstorage.py for tasks to queue
[2025-05-25T08:17:03.199+0000] {logging_mixin.py:188} INFO - [2025-05-25T08:17:03.199+0000] {dagbag.py:540} INFO - Filling up the DagBag from /home/airflow/.local/lib/python3.12/site-packages/airflow/example_dags/tutorial_objectstorage.py
[2025-05-25T08:17:03.203+0000] {processor.py:840} INFO - DAG(s) 'tutorial_objectstorage' retrieved from /home/airflow/.local/lib/python3.12/site-packages/airflow/example_dags/tutorial_objectstorage.py
[2025-05-25T08:17:03.217+0000] {logging_mixin.py:188} INFO - [2025-05-25T08:17:03.216+0000] {dag.py:3096} INFO - Sync 1 DAGs
[2025-05-25T08:17:03.223+0000] {logging_mixin.py:188} INFO - [2025-05-25T08:17:03.223+0000] {dag.py:3954} INFO - Setting next_dagrun for tutorial_objectstorage to None, run_after=None
[2025-05-25T08:17:03.234+0000] {processor.py:183} INFO - Processing /home/airflow/.local/lib/python3.12/site-packages/airflow/example_dags/tutorial_objectstorage.py took 0.040 seconds
[2025-05-25T08:17:36.672+0000] {processor.py:161} INFO - Started process (PID=4550) to work on /home/airflow/.local/lib/python3.12/site-packages/airflow/example_dags/tutorial_objectstorage.py
[2025-05-25T08:17:36.673+0000] {processor.py:830} INFO - Processing file /home/airflow/.local/lib/python3.12/site-packages/airflow/example_dags/tutorial_objectstorage.py for tasks to queue
[2025-05-25T08:17:36.674+0000] {logging_mixin.py:188} INFO - [2025-05-25T08:17:36.674+0000] {dagbag.py:540} INFO - Filling up the DagBag from /home/airflow/.local/lib/python3.12/site-packages/airflow/example_dags/tutorial_objectstorage.py
[2025-05-25T08:17:36.678+0000] {processor.py:840} INFO - DAG(s) 'tutorial_objectstorage' retrieved from /home/airflow/.local/lib/python3.12/site-packages/airflow/example_dags/tutorial_objectstorage.py
[2025-05-25T08:17:36.689+0000] {logging_mixin.py:188} INFO - [2025-05-25T08:17:36.689+0000] {dag.py:3096} INFO - Sync 1 DAGs
[2025-05-25T08:17:36.696+0000] {logging_mixin.py:188} INFO - [2025-05-25T08:17:36.696+0000] {dag.py:3954} INFO - Setting next_dagrun for tutorial_objectstorage to None, run_after=None
[2025-05-25T08:17:36.705+0000] {processor.py:183} INFO - Processing /home/airflow/.local/lib/python3.12/site-packages/airflow/example_dags/tutorial_objectstorage.py took 0.037 seconds
[2025-05-25T08:18:07.456+0000] {processor.py:161} INFO - Started process (PID=4610) to work on /home/airflow/.local/lib/python3.12/site-packages/airflow/example_dags/tutorial_objectstorage.py
[2025-05-25T08:18:07.457+0000] {processor.py:830} INFO - Processing file /home/airflow/.local/lib/python3.12/site-packages/airflow/example_dags/tutorial_objectstorage.py for tasks to queue
[2025-05-25T08:18:07.458+0000] {logging_mixin.py:188} INFO - [2025-05-25T08:18:07.458+0000] {dagbag.py:540} INFO - Filling up the DagBag from /home/airflow/.local/lib/python3.12/site-packages/airflow/example_dags/tutorial_objectstorage.py
[2025-05-25T08:18:07.462+0000] {processor.py:840} INFO - DAG(s) 'tutorial_objectstorage' retrieved from /home/airflow/.local/lib/python3.12/site-packages/airflow/example_dags/tutorial_objectstorage.py
[2025-05-25T08:18:07.473+0000] {logging_mixin.py:188} INFO - [2025-05-25T08:18:07.473+0000] {dag.py:3096} INFO - Sync 1 DAGs
[2025-05-25T08:18:07.480+0000] {logging_mixin.py:188} INFO - [2025-05-25T08:18:07.480+0000] {dag.py:3954} INFO - Setting next_dagrun for tutorial_objectstorage to None, run_after=None
[2025-05-25T08:18:07.490+0000] {processor.py:183} INFO - Processing /home/airflow/.local/lib/python3.12/site-packages/airflow/example_dags/tutorial_objectstorage.py took 0.037 seconds
[2025-05-25T08:18:38.180+0000] {processor.py:161} INFO - Started process (PID=4674) to work on /home/airflow/.local/lib/python3.12/site-packages/airflow/example_dags/tutorial_objectstorage.py
[2025-05-25T08:18:38.181+0000] {processor.py:830} INFO - Processing file /home/airflow/.local/lib/python3.12/site-packages/airflow/example_dags/tutorial_objectstorage.py for tasks to queue
[2025-05-25T08:18:38.183+0000] {logging_mixin.py:188} INFO - [2025-05-25T08:18:38.182+0000] {dagbag.py:540} INFO - Filling up the DagBag from /home/airflow/.local/lib/python3.12/site-packages/airflow/example_dags/tutorial_objectstorage.py
[2025-05-25T08:18:38.188+0000] {processor.py:840} INFO - DAG(s) 'tutorial_objectstorage' retrieved from /home/airflow/.local/lib/python3.12/site-packages/airflow/example_dags/tutorial_objectstorage.py
[2025-05-25T08:18:38.200+0000] {logging_mixin.py:188} INFO - [2025-05-25T08:18:38.200+0000] {dag.py:3096} INFO - Sync 1 DAGs
[2025-05-25T08:18:38.207+0000] {logging_mixin.py:188} INFO - [2025-05-25T08:18:38.207+0000] {dag.py:3954} INFO - Setting next_dagrun for tutorial_objectstorage to None, run_after=None
[2025-05-25T08:18:38.219+0000] {processor.py:183} INFO - Processing /home/airflow/.local/lib/python3.12/site-packages/airflow/example_dags/tutorial_objectstorage.py took 0.043 seconds
[2025-05-25T08:19:08.679+0000] {processor.py:161} INFO - Started process (PID=4740) to work on /home/airflow/.local/lib/python3.12/site-packages/airflow/example_dags/tutorial_objectstorage.py
[2025-05-25T08:19:08.680+0000] {processor.py:830} INFO - Processing file /home/airflow/.local/lib/python3.12/site-packages/airflow/example_dags/tutorial_objectstorage.py for tasks to queue
[2025-05-25T08:19:08.681+0000] {logging_mixin.py:188} INFO - [2025-05-25T08:19:08.681+0000] {dagbag.py:540} INFO - Filling up the DagBag from /home/airflow/.local/lib/python3.12/site-packages/airflow/example_dags/tutorial_objectstorage.py
[2025-05-25T08:19:08.686+0000] {processor.py:840} INFO - DAG(s) 'tutorial_objectstorage' retrieved from /home/airflow/.local/lib/python3.12/site-packages/airflow/example_dags/tutorial_objectstorage.py
[2025-05-25T08:19:08.702+0000] {logging_mixin.py:188} INFO - [2025-05-25T08:19:08.702+0000] {dag.py:3096} INFO - Sync 1 DAGs
[2025-05-25T08:19:08.709+0000] {logging_mixin.py:188} INFO - [2025-05-25T08:19:08.709+0000] {dag.py:3954} INFO - Setting next_dagrun for tutorial_objectstorage to None, run_after=None
[2025-05-25T08:19:08.719+0000] {processor.py:183} INFO - Processing /home/airflow/.local/lib/python3.12/site-packages/airflow/example_dags/tutorial_objectstorage.py took 0.044 seconds
[2025-05-25T08:19:38.768+0000] {processor.py:161} INFO - Started process (PID=4806) to work on /home/airflow/.local/lib/python3.12/site-packages/airflow/example_dags/tutorial_objectstorage.py
[2025-05-25T08:19:38.769+0000] {processor.py:830} INFO - Processing file /home/airflow/.local/lib/python3.12/site-packages/airflow/example_dags/tutorial_objectstorage.py for tasks to queue
[2025-05-25T08:19:38.770+0000] {logging_mixin.py:188} INFO - [2025-05-25T08:19:38.770+0000] {dagbag.py:540} INFO - Filling up the DagBag from /home/airflow/.local/lib/python3.12/site-packages/airflow/example_dags/tutorial_objectstorage.py
[2025-05-25T08:19:38.774+0000] {processor.py:840} INFO - DAG(s) 'tutorial_objectstorage' retrieved from /home/airflow/.local/lib/python3.12/site-packages/airflow/example_dags/tutorial_objectstorage.py
[2025-05-25T08:19:38.784+0000] {logging_mixin.py:188} INFO - [2025-05-25T08:19:38.784+0000] {dag.py:3096} INFO - Sync 1 DAGs
[2025-05-25T08:19:38.790+0000] {logging_mixin.py:188} INFO - [2025-05-25T08:19:38.790+0000] {dag.py:3954} INFO - Setting next_dagrun for tutorial_objectstorage to None, run_after=None
[2025-05-25T08:19:38.800+0000] {processor.py:183} INFO - Processing /home/airflow/.local/lib/python3.12/site-packages/airflow/example_dags/tutorial_objectstorage.py took 0.036 seconds
[2025-05-25T08:20:09.729+0000] {processor.py:161} INFO - Started process (PID=4872) to work on /home/airflow/.local/lib/python3.12/site-packages/airflow/example_dags/tutorial_objectstorage.py
[2025-05-25T08:20:09.729+0000] {processor.py:830} INFO - Processing file /home/airflow/.local/lib/python3.12/site-packages/airflow/example_dags/tutorial_objectstorage.py for tasks to queue
[2025-05-25T08:20:09.731+0000] {logging_mixin.py:188} INFO - [2025-05-25T08:20:09.730+0000] {dagbag.py:540} INFO - Filling up the DagBag from /home/airflow/.local/lib/python3.12/site-packages/airflow/example_dags/tutorial_objectstorage.py
[2025-05-25T08:20:09.735+0000] {processor.py:840} INFO - DAG(s) 'tutorial_objectstorage' retrieved from /home/airflow/.local/lib/python3.12/site-packages/airflow/example_dags/tutorial_objectstorage.py
[2025-05-25T08:20:09.750+0000] {logging_mixin.py:188} INFO - [2025-05-25T08:20:09.750+0000] {dag.py:3096} INFO - Sync 1 DAGs
[2025-05-25T08:20:09.758+0000] {logging_mixin.py:188} INFO - [2025-05-25T08:20:09.758+0000] {dag.py:3954} INFO - Setting next_dagrun for tutorial_objectstorage to None, run_after=None
[2025-05-25T08:20:09.774+0000] {processor.py:183} INFO - Processing /home/airflow/.local/lib/python3.12/site-packages/airflow/example_dags/tutorial_objectstorage.py took 0.052 seconds
[2025-05-25T08:20:40.171+0000] {processor.py:161} INFO - Started process (PID=4937) to work on /home/airflow/.local/lib/python3.12/site-packages/airflow/example_dags/tutorial_objectstorage.py
[2025-05-25T08:20:40.173+0000] {processor.py:830} INFO - Processing file /home/airflow/.local/lib/python3.12/site-packages/airflow/example_dags/tutorial_objectstorage.py for tasks to queue
[2025-05-25T08:20:40.174+0000] {logging_mixin.py:188} INFO - [2025-05-25T08:20:40.174+0000] {dagbag.py:540} INFO - Filling up the DagBag from /home/airflow/.local/lib/python3.12/site-packages/airflow/example_dags/tutorial_objectstorage.py
[2025-05-25T08:20:40.178+0000] {processor.py:840} INFO - DAG(s) 'tutorial_objectstorage' retrieved from /home/airflow/.local/lib/python3.12/site-packages/airflow/example_dags/tutorial_objectstorage.py
[2025-05-25T08:20:40.190+0000] {logging_mixin.py:188} INFO - [2025-05-25T08:20:40.190+0000] {dag.py:3096} INFO - Sync 1 DAGs
[2025-05-25T08:20:40.197+0000] {logging_mixin.py:188} INFO - [2025-05-25T08:20:40.197+0000] {dag.py:3954} INFO - Setting next_dagrun for tutorial_objectstorage to None, run_after=None
[2025-05-25T08:20:40.207+0000] {processor.py:183} INFO - Processing /home/airflow/.local/lib/python3.12/site-packages/airflow/example_dags/tutorial_objectstorage.py took 0.039 seconds
[2025-05-25T08:21:10.690+0000] {processor.py:161} INFO - Started process (PID=5003) to work on /home/airflow/.local/lib/python3.12/site-packages/airflow/example_dags/tutorial_objectstorage.py
[2025-05-25T08:21:10.691+0000] {processor.py:830} INFO - Processing file /home/airflow/.local/lib/python3.12/site-packages/airflow/example_dags/tutorial_objectstorage.py for tasks to queue
[2025-05-25T08:21:10.693+0000] {logging_mixin.py:188} INFO - [2025-05-25T08:21:10.693+0000] {dagbag.py:540} INFO - Filling up the DagBag from /home/airflow/.local/lib/python3.12/site-packages/airflow/example_dags/tutorial_objectstorage.py
[2025-05-25T08:21:10.700+0000] {processor.py:840} INFO - DAG(s) 'tutorial_objectstorage' retrieved from /home/airflow/.local/lib/python3.12/site-packages/airflow/example_dags/tutorial_objectstorage.py
[2025-05-25T08:21:10.721+0000] {logging_mixin.py:188} INFO - [2025-05-25T08:21:10.721+0000] {dag.py:3096} INFO - Sync 1 DAGs
[2025-05-25T08:21:10.731+0000] {logging_mixin.py:188} INFO - [2025-05-25T08:21:10.731+0000] {dag.py:3954} INFO - Setting next_dagrun for tutorial_objectstorage to None, run_after=None
[2025-05-25T08:21:10.750+0000] {processor.py:183} INFO - Processing /home/airflow/.local/lib/python3.12/site-packages/airflow/example_dags/tutorial_objectstorage.py took 0.069 seconds
[2025-05-25T08:24:43.466+0000] {processor.py:161} INFO - Started process (PID=5085) to work on /home/airflow/.local/lib/python3.12/site-packages/airflow/example_dags/tutorial_objectstorage.py
[2025-05-25T08:24:43.467+0000] {processor.py:830} INFO - Processing file /home/airflow/.local/lib/python3.12/site-packages/airflow/example_dags/tutorial_objectstorage.py for tasks to queue
[2025-05-25T08:24:43.467+0000] {logging_mixin.py:188} INFO - [2025-05-25T08:24:43.467+0000] {dagbag.py:540} INFO - Filling up the DagBag from /home/airflow/.local/lib/python3.12/site-packages/airflow/example_dags/tutorial_objectstorage.py
[2025-05-25T08:24:43.472+0000] {processor.py:840} INFO - DAG(s) 'tutorial_objectstorage' retrieved from /home/airflow/.local/lib/python3.12/site-packages/airflow/example_dags/tutorial_objectstorage.py
[2025-05-25T08:24:43.482+0000] {logging_mixin.py:188} INFO - [2025-05-25T08:24:43.482+0000] {dag.py:3096} INFO - Sync 1 DAGs
[2025-05-25T08:24:43.488+0000] {logging_mixin.py:188} INFO - [2025-05-25T08:24:43.487+0000] {dag.py:3954} INFO - Setting next_dagrun for tutorial_objectstorage to None, run_after=None
[2025-05-25T08:24:43.495+0000] {processor.py:183} INFO - Processing /home/airflow/.local/lib/python3.12/site-packages/airflow/example_dags/tutorial_objectstorage.py took 0.033 seconds
[2025-05-25T08:25:14.991+0000] {processor.py:161} INFO - Started process (PID=5151) to work on /home/airflow/.local/lib/python3.12/site-packages/airflow/example_dags/tutorial_objectstorage.py
[2025-05-25T08:25:14.992+0000] {processor.py:830} INFO - Processing file /home/airflow/.local/lib/python3.12/site-packages/airflow/example_dags/tutorial_objectstorage.py for tasks to queue
[2025-05-25T08:25:14.992+0000] {logging_mixin.py:188} INFO - [2025-05-25T08:25:14.992+0000] {dagbag.py:540} INFO - Filling up the DagBag from /home/airflow/.local/lib/python3.12/site-packages/airflow/example_dags/tutorial_objectstorage.py
[2025-05-25T08:25:14.997+0000] {processor.py:840} INFO - DAG(s) 'tutorial_objectstorage' retrieved from /home/airflow/.local/lib/python3.12/site-packages/airflow/example_dags/tutorial_objectstorage.py
[2025-05-25T08:25:15.008+0000] {logging_mixin.py:188} INFO - [2025-05-25T08:25:15.007+0000] {dag.py:3096} INFO - Sync 1 DAGs
[2025-05-25T08:25:15.013+0000] {logging_mixin.py:188} INFO - [2025-05-25T08:25:15.013+0000] {dag.py:3954} INFO - Setting next_dagrun for tutorial_objectstorage to None, run_after=None
[2025-05-25T08:25:15.021+0000] {processor.py:183} INFO - Processing /home/airflow/.local/lib/python3.12/site-packages/airflow/example_dags/tutorial_objectstorage.py took 0.034 seconds
[2025-05-25T08:25:47.282+0000] {processor.py:161} INFO - Started process (PID=5217) to work on /home/airflow/.local/lib/python3.12/site-packages/airflow/example_dags/tutorial_objectstorage.py
[2025-05-25T08:25:47.282+0000] {processor.py:830} INFO - Processing file /home/airflow/.local/lib/python3.12/site-packages/airflow/example_dags/tutorial_objectstorage.py for tasks to queue
[2025-05-25T08:25:47.283+0000] {logging_mixin.py:188} INFO - [2025-05-25T08:25:47.283+0000] {dagbag.py:540} INFO - Filling up the DagBag from /home/airflow/.local/lib/python3.12/site-packages/airflow/example_dags/tutorial_objectstorage.py
[2025-05-25T08:25:47.287+0000] {processor.py:840} INFO - DAG(s) 'tutorial_objectstorage' retrieved from /home/airflow/.local/lib/python3.12/site-packages/airflow/example_dags/tutorial_objectstorage.py
[2025-05-25T08:25:47.298+0000] {logging_mixin.py:188} INFO - [2025-05-25T08:25:47.298+0000] {dag.py:3096} INFO - Sync 1 DAGs
[2025-05-25T08:25:47.303+0000] {logging_mixin.py:188} INFO - [2025-05-25T08:25:47.303+0000] {dag.py:3954} INFO - Setting next_dagrun for tutorial_objectstorage to None, run_after=None
[2025-05-25T08:25:47.313+0000] {processor.py:183} INFO - Processing /home/airflow/.local/lib/python3.12/site-packages/airflow/example_dags/tutorial_objectstorage.py took 0.035 seconds
[2025-05-25T08:26:19.958+0000] {processor.py:161} INFO - Started process (PID=5283) to work on /home/airflow/.local/lib/python3.12/site-packages/airflow/example_dags/tutorial_objectstorage.py
[2025-05-25T08:26:19.960+0000] {processor.py:830} INFO - Processing file /home/airflow/.local/lib/python3.12/site-packages/airflow/example_dags/tutorial_objectstorage.py for tasks to queue
[2025-05-25T08:26:19.960+0000] {logging_mixin.py:188} INFO - [2025-05-25T08:26:19.960+0000] {dagbag.py:540} INFO - Filling up the DagBag from /home/airflow/.local/lib/python3.12/site-packages/airflow/example_dags/tutorial_objectstorage.py
[2025-05-25T08:26:19.964+0000] {processor.py:840} INFO - DAG(s) 'tutorial_objectstorage' retrieved from /home/airflow/.local/lib/python3.12/site-packages/airflow/example_dags/tutorial_objectstorage.py
[2025-05-25T08:26:19.978+0000] {logging_mixin.py:188} INFO - [2025-05-25T08:26:19.978+0000] {dag.py:3096} INFO - Sync 1 DAGs
[2025-05-25T08:26:19.985+0000] {logging_mixin.py:188} INFO - [2025-05-25T08:26:19.985+0000] {dag.py:3954} INFO - Setting next_dagrun for tutorial_objectstorage to None, run_after=None
[2025-05-25T08:26:19.995+0000] {processor.py:183} INFO - Processing /home/airflow/.local/lib/python3.12/site-packages/airflow/example_dags/tutorial_objectstorage.py took 0.041 seconds
[2025-05-25T08:26:52.275+0000] {processor.py:161} INFO - Started process (PID=5349) to work on /home/airflow/.local/lib/python3.12/site-packages/airflow/example_dags/tutorial_objectstorage.py
[2025-05-25T08:26:52.276+0000] {processor.py:830} INFO - Processing file /home/airflow/.local/lib/python3.12/site-packages/airflow/example_dags/tutorial_objectstorage.py for tasks to queue
[2025-05-25T08:26:52.276+0000] {logging_mixin.py:188} INFO - [2025-05-25T08:26:52.276+0000] {dagbag.py:540} INFO - Filling up the DagBag from /home/airflow/.local/lib/python3.12/site-packages/airflow/example_dags/tutorial_objectstorage.py
[2025-05-25T08:26:52.281+0000] {processor.py:840} INFO - DAG(s) 'tutorial_objectstorage' retrieved from /home/airflow/.local/lib/python3.12/site-packages/airflow/example_dags/tutorial_objectstorage.py
[2025-05-25T08:26:52.292+0000] {logging_mixin.py:188} INFO - [2025-05-25T08:26:52.292+0000] {dag.py:3096} INFO - Sync 1 DAGs
[2025-05-25T08:26:52.298+0000] {logging_mixin.py:188} INFO - [2025-05-25T08:26:52.298+0000] {dag.py:3954} INFO - Setting next_dagrun for tutorial_objectstorage to None, run_after=None
[2025-05-25T08:26:52.307+0000] {processor.py:183} INFO - Processing /home/airflow/.local/lib/python3.12/site-packages/airflow/example_dags/tutorial_objectstorage.py took 0.037 seconds
[2025-05-25T08:27:23.287+0000] {processor.py:161} INFO - Started process (PID=5409) to work on /home/airflow/.local/lib/python3.12/site-packages/airflow/example_dags/tutorial_objectstorage.py
[2025-05-25T08:27:23.288+0000] {processor.py:830} INFO - Processing file /home/airflow/.local/lib/python3.12/site-packages/airflow/example_dags/tutorial_objectstorage.py for tasks to queue
[2025-05-25T08:27:23.288+0000] {logging_mixin.py:188} INFO - [2025-05-25T08:27:23.288+0000] {dagbag.py:540} INFO - Filling up the DagBag from /home/airflow/.local/lib/python3.12/site-packages/airflow/example_dags/tutorial_objectstorage.py
[2025-05-25T08:27:23.292+0000] {processor.py:840} INFO - DAG(s) 'tutorial_objectstorage' retrieved from /home/airflow/.local/lib/python3.12/site-packages/airflow/example_dags/tutorial_objectstorage.py
[2025-05-25T08:27:23.304+0000] {logging_mixin.py:188} INFO - [2025-05-25T08:27:23.304+0000] {dag.py:3096} INFO - Sync 1 DAGs
[2025-05-25T08:27:23.311+0000] {logging_mixin.py:188} INFO - [2025-05-25T08:27:23.311+0000] {dag.py:3954} INFO - Setting next_dagrun for tutorial_objectstorage to None, run_after=None
[2025-05-25T08:27:23.319+0000] {processor.py:183} INFO - Processing /home/airflow/.local/lib/python3.12/site-packages/airflow/example_dags/tutorial_objectstorage.py took 0.036 seconds
[2025-05-25T08:27:54.272+0000] {processor.py:161} INFO - Started process (PID=5473) to work on /home/airflow/.local/lib/python3.12/site-packages/airflow/example_dags/tutorial_objectstorage.py
[2025-05-25T08:27:54.272+0000] {processor.py:830} INFO - Processing file /home/airflow/.local/lib/python3.12/site-packages/airflow/example_dags/tutorial_objectstorage.py for tasks to queue
[2025-05-25T08:27:54.273+0000] {logging_mixin.py:188} INFO - [2025-05-25T08:27:54.273+0000] {dagbag.py:540} INFO - Filling up the DagBag from /home/airflow/.local/lib/python3.12/site-packages/airflow/example_dags/tutorial_objectstorage.py
[2025-05-25T08:27:54.278+0000] {processor.py:840} INFO - DAG(s) 'tutorial_objectstorage' retrieved from /home/airflow/.local/lib/python3.12/site-packages/airflow/example_dags/tutorial_objectstorage.py
[2025-05-25T08:27:54.291+0000] {logging_mixin.py:188} INFO - [2025-05-25T08:27:54.291+0000] {dag.py:3096} INFO - Sync 1 DAGs
[2025-05-25T08:27:54.296+0000] {logging_mixin.py:188} INFO - [2025-05-25T08:27:54.296+0000] {dag.py:3954} INFO - Setting next_dagrun for tutorial_objectstorage to None, run_after=None
[2025-05-25T08:27:54.310+0000] {processor.py:183} INFO - Processing /home/airflow/.local/lib/python3.12/site-packages/airflow/example_dags/tutorial_objectstorage.py took 0.041 seconds
[2025-05-25T08:28:24.522+0000] {processor.py:161} INFO - Started process (PID=5539) to work on /home/airflow/.local/lib/python3.12/site-packages/airflow/example_dags/tutorial_objectstorage.py
[2025-05-25T08:28:24.525+0000] {processor.py:830} INFO - Processing file /home/airflow/.local/lib/python3.12/site-packages/airflow/example_dags/tutorial_objectstorage.py for tasks to queue
[2025-05-25T08:28:24.525+0000] {logging_mixin.py:188} INFO - [2025-05-25T08:28:24.525+0000] {dagbag.py:540} INFO - Filling up the DagBag from /home/airflow/.local/lib/python3.12/site-packages/airflow/example_dags/tutorial_objectstorage.py
[2025-05-25T08:28:24.530+0000] {processor.py:840} INFO - DAG(s) 'tutorial_objectstorage' retrieved from /home/airflow/.local/lib/python3.12/site-packages/airflow/example_dags/tutorial_objectstorage.py
[2025-05-25T08:28:24.545+0000] {logging_mixin.py:188} INFO - [2025-05-25T08:28:24.544+0000] {dag.py:3096} INFO - Sync 1 DAGs
[2025-05-25T08:28:24.550+0000] {logging_mixin.py:188} INFO - [2025-05-25T08:28:24.550+0000] {dag.py:3954} INFO - Setting next_dagrun for tutorial_objectstorage to None, run_after=None
[2025-05-25T08:28:24.560+0000] {processor.py:183} INFO - Processing /home/airflow/.local/lib/python3.12/site-packages/airflow/example_dags/tutorial_objectstorage.py took 0.055 seconds
[2025-05-25T08:28:55.313+0000] {processor.py:161} INFO - Started process (PID=5605) to work on /home/airflow/.local/lib/python3.12/site-packages/airflow/example_dags/tutorial_objectstorage.py
[2025-05-25T08:28:55.314+0000] {processor.py:830} INFO - Processing file /home/airflow/.local/lib/python3.12/site-packages/airflow/example_dags/tutorial_objectstorage.py for tasks to queue
[2025-05-25T08:28:55.315+0000] {logging_mixin.py:188} INFO - [2025-05-25T08:28:55.315+0000] {dagbag.py:540} INFO - Filling up the DagBag from /home/airflow/.local/lib/python3.12/site-packages/airflow/example_dags/tutorial_objectstorage.py
[2025-05-25T08:28:55.324+0000] {processor.py:840} INFO - DAG(s) 'tutorial_objectstorage' retrieved from /home/airflow/.local/lib/python3.12/site-packages/airflow/example_dags/tutorial_objectstorage.py
[2025-05-25T08:28:55.342+0000] {logging_mixin.py:188} INFO - [2025-05-25T08:28:55.342+0000] {dag.py:3096} INFO - Sync 1 DAGs
[2025-05-25T08:28:55.349+0000] {logging_mixin.py:188} INFO - [2025-05-25T08:28:55.349+0000] {dag.py:3954} INFO - Setting next_dagrun for tutorial_objectstorage to None, run_after=None
[2025-05-25T08:28:55.362+0000] {processor.py:183} INFO - Processing /home/airflow/.local/lib/python3.12/site-packages/airflow/example_dags/tutorial_objectstorage.py took 0.057 seconds
[2025-05-25T08:29:25.932+0000] {processor.py:161} INFO - Started process (PID=5671) to work on /home/airflow/.local/lib/python3.12/site-packages/airflow/example_dags/tutorial_objectstorage.py
[2025-05-25T08:29:25.933+0000] {processor.py:830} INFO - Processing file /home/airflow/.local/lib/python3.12/site-packages/airflow/example_dags/tutorial_objectstorage.py for tasks to queue
[2025-05-25T08:29:25.934+0000] {logging_mixin.py:188} INFO - [2025-05-25T08:29:25.934+0000] {dagbag.py:540} INFO - Filling up the DagBag from /home/airflow/.local/lib/python3.12/site-packages/airflow/example_dags/tutorial_objectstorage.py
[2025-05-25T08:29:25.938+0000] {processor.py:840} INFO - DAG(s) 'tutorial_objectstorage' retrieved from /home/airflow/.local/lib/python3.12/site-packages/airflow/example_dags/tutorial_objectstorage.py
[2025-05-25T08:29:25.948+0000] {logging_mixin.py:188} INFO - [2025-05-25T08:29:25.948+0000] {dag.py:3096} INFO - Sync 1 DAGs
[2025-05-25T08:29:25.953+0000] {logging_mixin.py:188} INFO - [2025-05-25T08:29:25.953+0000] {dag.py:3954} INFO - Setting next_dagrun for tutorial_objectstorage to None, run_after=None
[2025-05-25T08:29:25.961+0000] {processor.py:183} INFO - Processing /home/airflow/.local/lib/python3.12/site-packages/airflow/example_dags/tutorial_objectstorage.py took 0.032 seconds
[2025-05-25T08:29:57.158+0000] {processor.py:161} INFO - Started process (PID=5737) to work on /home/airflow/.local/lib/python3.12/site-packages/airflow/example_dags/tutorial_objectstorage.py
[2025-05-25T08:29:57.166+0000] {processor.py:830} INFO - Processing file /home/airflow/.local/lib/python3.12/site-packages/airflow/example_dags/tutorial_objectstorage.py for tasks to queue
[2025-05-25T08:29:57.168+0000] {logging_mixin.py:188} INFO - [2025-05-25T08:29:57.168+0000] {dagbag.py:540} INFO - Filling up the DagBag from /home/airflow/.local/lib/python3.12/site-packages/airflow/example_dags/tutorial_objectstorage.py
[2025-05-25T08:29:57.177+0000] {processor.py:840} INFO - DAG(s) 'tutorial_objectstorage' retrieved from /home/airflow/.local/lib/python3.12/site-packages/airflow/example_dags/tutorial_objectstorage.py
[2025-05-25T08:29:57.189+0000] {logging_mixin.py:188} INFO - [2025-05-25T08:29:57.189+0000] {dag.py:3096} INFO - Sync 1 DAGs
[2025-05-25T08:29:57.196+0000] {logging_mixin.py:188} INFO - [2025-05-25T08:29:57.196+0000] {dag.py:3954} INFO - Setting next_dagrun for tutorial_objectstorage to None, run_after=None
[2025-05-25T08:29:57.207+0000] {processor.py:183} INFO - Processing /home/airflow/.local/lib/python3.12/site-packages/airflow/example_dags/tutorial_objectstorage.py took 0.057 seconds
[2025-05-25T08:30:27.689+0000] {processor.py:161} INFO - Started process (PID=5803) to work on /home/airflow/.local/lib/python3.12/site-packages/airflow/example_dags/tutorial_objectstorage.py
[2025-05-25T08:30:27.692+0000] {processor.py:830} INFO - Processing file /home/airflow/.local/lib/python3.12/site-packages/airflow/example_dags/tutorial_objectstorage.py for tasks to queue
[2025-05-25T08:30:27.692+0000] {logging_mixin.py:188} INFO - [2025-05-25T08:30:27.692+0000] {dagbag.py:540} INFO - Filling up the DagBag from /home/airflow/.local/lib/python3.12/site-packages/airflow/example_dags/tutorial_objectstorage.py
[2025-05-25T08:30:27.697+0000] {processor.py:840} INFO - DAG(s) 'tutorial_objectstorage' retrieved from /home/airflow/.local/lib/python3.12/site-packages/airflow/example_dags/tutorial_objectstorage.py
[2025-05-25T08:30:27.710+0000] {logging_mixin.py:188} INFO - [2025-05-25T08:30:27.710+0000] {dag.py:3096} INFO - Sync 1 DAGs
[2025-05-25T08:30:27.716+0000] {logging_mixin.py:188} INFO - [2025-05-25T08:30:27.715+0000] {dag.py:3954} INFO - Setting next_dagrun for tutorial_objectstorage to None, run_after=None
[2025-05-25T08:30:27.734+0000] {processor.py:183} INFO - Processing /home/airflow/.local/lib/python3.12/site-packages/airflow/example_dags/tutorial_objectstorage.py took 0.050 seconds
[2025-05-25T08:30:58.135+0000] {processor.py:161} INFO - Started process (PID=5869) to work on /home/airflow/.local/lib/python3.12/site-packages/airflow/example_dags/tutorial_objectstorage.py
[2025-05-25T08:30:58.136+0000] {processor.py:830} INFO - Processing file /home/airflow/.local/lib/python3.12/site-packages/airflow/example_dags/tutorial_objectstorage.py for tasks to queue
[2025-05-25T08:30:58.136+0000] {logging_mixin.py:188} INFO - [2025-05-25T08:30:58.136+0000] {dagbag.py:540} INFO - Filling up the DagBag from /home/airflow/.local/lib/python3.12/site-packages/airflow/example_dags/tutorial_objectstorage.py
[2025-05-25T08:30:58.141+0000] {processor.py:840} INFO - DAG(s) 'tutorial_objectstorage' retrieved from /home/airflow/.local/lib/python3.12/site-packages/airflow/example_dags/tutorial_objectstorage.py
[2025-05-25T08:30:58.156+0000] {logging_mixin.py:188} INFO - [2025-05-25T08:30:58.156+0000] {dag.py:3096} INFO - Sync 1 DAGs
[2025-05-25T08:30:58.162+0000] {logging_mixin.py:188} INFO - [2025-05-25T08:30:58.162+0000] {dag.py:3954} INFO - Setting next_dagrun for tutorial_objectstorage to None, run_after=None
[2025-05-25T08:30:58.174+0000] {processor.py:183} INFO - Processing /home/airflow/.local/lib/python3.12/site-packages/airflow/example_dags/tutorial_objectstorage.py took 0.047 seconds
[2025-05-25T08:31:28.241+0000] {processor.py:161} INFO - Started process (PID=5935) to work on /home/airflow/.local/lib/python3.12/site-packages/airflow/example_dags/tutorial_objectstorage.py
[2025-05-25T08:31:28.242+0000] {processor.py:830} INFO - Processing file /home/airflow/.local/lib/python3.12/site-packages/airflow/example_dags/tutorial_objectstorage.py for tasks to queue
[2025-05-25T08:31:28.245+0000] {logging_mixin.py:188} INFO - [2025-05-25T08:31:28.244+0000] {dagbag.py:540} INFO - Filling up the DagBag from /home/airflow/.local/lib/python3.12/site-packages/airflow/example_dags/tutorial_objectstorage.py
[2025-05-25T08:31:28.250+0000] {processor.py:840} INFO - DAG(s) 'tutorial_objectstorage' retrieved from /home/airflow/.local/lib/python3.12/site-packages/airflow/example_dags/tutorial_objectstorage.py
[2025-05-25T08:31:28.263+0000] {logging_mixin.py:188} INFO - [2025-05-25T08:31:28.263+0000] {dag.py:3096} INFO - Sync 1 DAGs
[2025-05-25T08:31:28.269+0000] {logging_mixin.py:188} INFO - [2025-05-25T08:31:28.269+0000] {dag.py:3954} INFO - Setting next_dagrun for tutorial_objectstorage to None, run_after=None
[2025-05-25T08:31:28.279+0000] {processor.py:183} INFO - Processing /home/airflow/.local/lib/python3.12/site-packages/airflow/example_dags/tutorial_objectstorage.py took 0.041 seconds
[2025-05-25T08:31:59.009+0000] {processor.py:161} INFO - Started process (PID=6001) to work on /home/airflow/.local/lib/python3.12/site-packages/airflow/example_dags/tutorial_objectstorage.py
[2025-05-25T08:31:59.009+0000] {processor.py:830} INFO - Processing file /home/airflow/.local/lib/python3.12/site-packages/airflow/example_dags/tutorial_objectstorage.py for tasks to queue
[2025-05-25T08:31:59.010+0000] {logging_mixin.py:188} INFO - [2025-05-25T08:31:59.010+0000] {dagbag.py:540} INFO - Filling up the DagBag from /home/airflow/.local/lib/python3.12/site-packages/airflow/example_dags/tutorial_objectstorage.py
[2025-05-25T08:31:59.015+0000] {processor.py:840} INFO - DAG(s) 'tutorial_objectstorage' retrieved from /home/airflow/.local/lib/python3.12/site-packages/airflow/example_dags/tutorial_objectstorage.py
[2025-05-25T08:31:59.029+0000] {logging_mixin.py:188} INFO - [2025-05-25T08:31:59.029+0000] {dag.py:3096} INFO - Sync 1 DAGs
[2025-05-25T08:31:59.034+0000] {logging_mixin.py:188} INFO - [2025-05-25T08:31:59.034+0000] {dag.py:3954} INFO - Setting next_dagrun for tutorial_objectstorage to None, run_after=None
[2025-05-25T08:31:59.044+0000] {processor.py:183} INFO - Processing /home/airflow/.local/lib/python3.12/site-packages/airflow/example_dags/tutorial_objectstorage.py took 0.040 seconds
[2025-05-25T08:32:30.019+0000] {processor.py:161} INFO - Started process (PID=6067) to work on /home/airflow/.local/lib/python3.12/site-packages/airflow/example_dags/tutorial_objectstorage.py
[2025-05-25T08:32:30.020+0000] {processor.py:830} INFO - Processing file /home/airflow/.local/lib/python3.12/site-packages/airflow/example_dags/tutorial_objectstorage.py for tasks to queue
[2025-05-25T08:32:30.021+0000] {logging_mixin.py:188} INFO - [2025-05-25T08:32:30.021+0000] {dagbag.py:540} INFO - Filling up the DagBag from /home/airflow/.local/lib/python3.12/site-packages/airflow/example_dags/tutorial_objectstorage.py
[2025-05-25T08:32:30.028+0000] {processor.py:840} INFO - DAG(s) 'tutorial_objectstorage' retrieved from /home/airflow/.local/lib/python3.12/site-packages/airflow/example_dags/tutorial_objectstorage.py
[2025-05-25T08:32:30.046+0000] {logging_mixin.py:188} INFO - [2025-05-25T08:32:30.046+0000] {dag.py:3096} INFO - Sync 1 DAGs
[2025-05-25T08:32:30.057+0000] {logging_mixin.py:188} INFO - [2025-05-25T08:32:30.057+0000] {dag.py:3954} INFO - Setting next_dagrun for tutorial_objectstorage to None, run_after=None
[2025-05-25T08:32:30.073+0000] {processor.py:183} INFO - Processing /home/airflow/.local/lib/python3.12/site-packages/airflow/example_dags/tutorial_objectstorage.py took 0.059 seconds
[2025-05-25T08:33:00.583+0000] {processor.py:161} INFO - Started process (PID=6133) to work on /home/airflow/.local/lib/python3.12/site-packages/airflow/example_dags/tutorial_objectstorage.py
[2025-05-25T08:33:00.584+0000] {processor.py:830} INFO - Processing file /home/airflow/.local/lib/python3.12/site-packages/airflow/example_dags/tutorial_objectstorage.py for tasks to queue
[2025-05-25T08:33:00.585+0000] {logging_mixin.py:188} INFO - [2025-05-25T08:33:00.585+0000] {dagbag.py:540} INFO - Filling up the DagBag from /home/airflow/.local/lib/python3.12/site-packages/airflow/example_dags/tutorial_objectstorage.py
[2025-05-25T08:33:00.590+0000] {processor.py:840} INFO - DAG(s) 'tutorial_objectstorage' retrieved from /home/airflow/.local/lib/python3.12/site-packages/airflow/example_dags/tutorial_objectstorage.py
[2025-05-25T08:33:00.605+0000] {logging_mixin.py:188} INFO - [2025-05-25T08:33:00.605+0000] {dag.py:3096} INFO - Sync 1 DAGs
[2025-05-25T08:33:00.612+0000] {logging_mixin.py:188} INFO - [2025-05-25T08:33:00.612+0000] {dag.py:3954} INFO - Setting next_dagrun for tutorial_objectstorage to None, run_after=None
[2025-05-25T08:33:00.623+0000] {processor.py:183} INFO - Processing /home/airflow/.local/lib/python3.12/site-packages/airflow/example_dags/tutorial_objectstorage.py took 0.045 seconds
[2025-05-25T08:33:30.801+0000] {processor.py:161} INFO - Started process (PID=6199) to work on /home/airflow/.local/lib/python3.12/site-packages/airflow/example_dags/tutorial_objectstorage.py
[2025-05-25T08:33:30.802+0000] {processor.py:830} INFO - Processing file /home/airflow/.local/lib/python3.12/site-packages/airflow/example_dags/tutorial_objectstorage.py for tasks to queue
[2025-05-25T08:33:30.803+0000] {logging_mixin.py:188} INFO - [2025-05-25T08:33:30.802+0000] {dagbag.py:540} INFO - Filling up the DagBag from /home/airflow/.local/lib/python3.12/site-packages/airflow/example_dags/tutorial_objectstorage.py
[2025-05-25T08:33:30.812+0000] {processor.py:840} INFO - DAG(s) 'tutorial_objectstorage' retrieved from /home/airflow/.local/lib/python3.12/site-packages/airflow/example_dags/tutorial_objectstorage.py
[2025-05-25T08:33:30.824+0000] {logging_mixin.py:188} INFO - [2025-05-25T08:33:30.824+0000] {dag.py:3096} INFO - Sync 1 DAGs
[2025-05-25T08:33:30.829+0000] {logging_mixin.py:188} INFO - [2025-05-25T08:33:30.829+0000] {dag.py:3954} INFO - Setting next_dagrun for tutorial_objectstorage to None, run_after=None
[2025-05-25T08:33:30.837+0000] {processor.py:183} INFO - Processing /home/airflow/.local/lib/python3.12/site-packages/airflow/example_dags/tutorial_objectstorage.py took 0.041 seconds
[2025-05-25T08:34:01.419+0000] {processor.py:161} INFO - Started process (PID=6265) to work on /home/airflow/.local/lib/python3.12/site-packages/airflow/example_dags/tutorial_objectstorage.py
[2025-05-25T08:34:01.420+0000] {processor.py:830} INFO - Processing file /home/airflow/.local/lib/python3.12/site-packages/airflow/example_dags/tutorial_objectstorage.py for tasks to queue
[2025-05-25T08:34:01.421+0000] {logging_mixin.py:188} INFO - [2025-05-25T08:34:01.420+0000] {dagbag.py:540} INFO - Filling up the DagBag from /home/airflow/.local/lib/python3.12/site-packages/airflow/example_dags/tutorial_objectstorage.py
[2025-05-25T08:34:01.425+0000] {processor.py:840} INFO - DAG(s) 'tutorial_objectstorage' retrieved from /home/airflow/.local/lib/python3.12/site-packages/airflow/example_dags/tutorial_objectstorage.py
[2025-05-25T08:34:01.440+0000] {logging_mixin.py:188} INFO - [2025-05-25T08:34:01.440+0000] {dag.py:3096} INFO - Sync 1 DAGs
[2025-05-25T08:34:01.447+0000] {logging_mixin.py:188} INFO - [2025-05-25T08:34:01.447+0000] {dag.py:3954} INFO - Setting next_dagrun for tutorial_objectstorage to None, run_after=None
[2025-05-25T08:34:01.457+0000] {processor.py:183} INFO - Processing /home/airflow/.local/lib/python3.12/site-packages/airflow/example_dags/tutorial_objectstorage.py took 0.042 seconds
[2025-05-25T08:34:31.594+0000] {processor.py:161} INFO - Started process (PID=6331) to work on /home/airflow/.local/lib/python3.12/site-packages/airflow/example_dags/tutorial_objectstorage.py
[2025-05-25T08:34:31.595+0000] {processor.py:830} INFO - Processing file /home/airflow/.local/lib/python3.12/site-packages/airflow/example_dags/tutorial_objectstorage.py for tasks to queue
[2025-05-25T08:34:31.597+0000] {logging_mixin.py:188} INFO - [2025-05-25T08:34:31.597+0000] {dagbag.py:540} INFO - Filling up the DagBag from /home/airflow/.local/lib/python3.12/site-packages/airflow/example_dags/tutorial_objectstorage.py
[2025-05-25T08:34:31.602+0000] {processor.py:840} INFO - DAG(s) 'tutorial_objectstorage' retrieved from /home/airflow/.local/lib/python3.12/site-packages/airflow/example_dags/tutorial_objectstorage.py
[2025-05-25T08:34:31.618+0000] {logging_mixin.py:188} INFO - [2025-05-25T08:34:31.618+0000] {dag.py:3096} INFO - Sync 1 DAGs
[2025-05-25T08:34:31.624+0000] {logging_mixin.py:188} INFO - [2025-05-25T08:34:31.624+0000] {dag.py:3954} INFO - Setting next_dagrun for tutorial_objectstorage to None, run_after=None
[2025-05-25T08:34:31.633+0000] {processor.py:183} INFO - Processing /home/airflow/.local/lib/python3.12/site-packages/airflow/example_dags/tutorial_objectstorage.py took 0.044 seconds
[2025-05-25T08:35:01.786+0000] {processor.py:161} INFO - Started process (PID=6396) to work on /home/airflow/.local/lib/python3.12/site-packages/airflow/example_dags/tutorial_objectstorage.py
[2025-05-25T08:35:01.787+0000] {processor.py:830} INFO - Processing file /home/airflow/.local/lib/python3.12/site-packages/airflow/example_dags/tutorial_objectstorage.py for tasks to queue
[2025-05-25T08:35:01.787+0000] {logging_mixin.py:188} INFO - [2025-05-25T08:35:01.787+0000] {dagbag.py:540} INFO - Filling up the DagBag from /home/airflow/.local/lib/python3.12/site-packages/airflow/example_dags/tutorial_objectstorage.py
[2025-05-25T08:35:01.791+0000] {processor.py:840} INFO - DAG(s) 'tutorial_objectstorage' retrieved from /home/airflow/.local/lib/python3.12/site-packages/airflow/example_dags/tutorial_objectstorage.py
[2025-05-25T08:35:01.808+0000] {logging_mixin.py:188} INFO - [2025-05-25T08:35:01.808+0000] {dag.py:3096} INFO - Sync 1 DAGs
[2025-05-25T08:35:01.814+0000] {logging_mixin.py:188} INFO - [2025-05-25T08:35:01.813+0000] {dag.py:3954} INFO - Setting next_dagrun for tutorial_objectstorage to None, run_after=None
[2025-05-25T08:35:01.830+0000] {processor.py:183} INFO - Processing /home/airflow/.local/lib/python3.12/site-packages/airflow/example_dags/tutorial_objectstorage.py took 0.049 seconds
[2025-05-25T08:35:32.247+0000] {processor.py:161} INFO - Started process (PID=6462) to work on /home/airflow/.local/lib/python3.12/site-packages/airflow/example_dags/tutorial_objectstorage.py
[2025-05-25T08:35:32.250+0000] {processor.py:830} INFO - Processing file /home/airflow/.local/lib/python3.12/site-packages/airflow/example_dags/tutorial_objectstorage.py for tasks to queue
[2025-05-25T08:35:32.250+0000] {logging_mixin.py:188} INFO - [2025-05-25T08:35:32.250+0000] {dagbag.py:540} INFO - Filling up the DagBag from /home/airflow/.local/lib/python3.12/site-packages/airflow/example_dags/tutorial_objectstorage.py
[2025-05-25T08:35:32.256+0000] {processor.py:840} INFO - DAG(s) 'tutorial_objectstorage' retrieved from /home/airflow/.local/lib/python3.12/site-packages/airflow/example_dags/tutorial_objectstorage.py
[2025-05-25T08:35:32.269+0000] {logging_mixin.py:188} INFO - [2025-05-25T08:35:32.269+0000] {dag.py:3096} INFO - Sync 1 DAGs
[2025-05-25T08:35:32.277+0000] {logging_mixin.py:188} INFO - [2025-05-25T08:35:32.277+0000] {dag.py:3954} INFO - Setting next_dagrun for tutorial_objectstorage to None, run_after=None
[2025-05-25T08:35:32.288+0000] {processor.py:183} INFO - Processing /home/airflow/.local/lib/python3.12/site-packages/airflow/example_dags/tutorial_objectstorage.py took 0.045 seconds
[2025-05-25T08:36:03.354+0000] {processor.py:161} INFO - Started process (PID=6528) to work on /home/airflow/.local/lib/python3.12/site-packages/airflow/example_dags/tutorial_objectstorage.py
[2025-05-25T08:36:03.356+0000] {processor.py:830} INFO - Processing file /home/airflow/.local/lib/python3.12/site-packages/airflow/example_dags/tutorial_objectstorage.py for tasks to queue
[2025-05-25T08:36:03.357+0000] {logging_mixin.py:188} INFO - [2025-05-25T08:36:03.356+0000] {dagbag.py:540} INFO - Filling up the DagBag from /home/airflow/.local/lib/python3.12/site-packages/airflow/example_dags/tutorial_objectstorage.py
[2025-05-25T08:36:03.367+0000] {processor.py:840} INFO - DAG(s) 'tutorial_objectstorage' retrieved from /home/airflow/.local/lib/python3.12/site-packages/airflow/example_dags/tutorial_objectstorage.py
[2025-05-25T08:36:03.386+0000] {logging_mixin.py:188} INFO - [2025-05-25T08:36:03.386+0000] {dag.py:3096} INFO - Sync 1 DAGs
[2025-05-25T08:36:03.392+0000] {logging_mixin.py:188} INFO - [2025-05-25T08:36:03.392+0000] {dag.py:3954} INFO - Setting next_dagrun for tutorial_objectstorage to None, run_after=None
[2025-05-25T08:36:03.400+0000] {processor.py:183} INFO - Processing /home/airflow/.local/lib/python3.12/site-packages/airflow/example_dags/tutorial_objectstorage.py took 0.058 seconds
[2025-05-25T08:36:34.028+0000] {processor.py:161} INFO - Started process (PID=6592) to work on /home/airflow/.local/lib/python3.12/site-packages/airflow/example_dags/tutorial_objectstorage.py
[2025-05-25T08:36:34.029+0000] {processor.py:830} INFO - Processing file /home/airflow/.local/lib/python3.12/site-packages/airflow/example_dags/tutorial_objectstorage.py for tasks to queue
[2025-05-25T08:36:34.031+0000] {logging_mixin.py:188} INFO - [2025-05-25T08:36:34.030+0000] {dagbag.py:540} INFO - Filling up the DagBag from /home/airflow/.local/lib/python3.12/site-packages/airflow/example_dags/tutorial_objectstorage.py
[2025-05-25T08:36:34.035+0000] {processor.py:840} INFO - DAG(s) 'tutorial_objectstorage' retrieved from /home/airflow/.local/lib/python3.12/site-packages/airflow/example_dags/tutorial_objectstorage.py
[2025-05-25T08:36:34.048+0000] {logging_mixin.py:188} INFO - [2025-05-25T08:36:34.048+0000] {dag.py:3096} INFO - Sync 1 DAGs
[2025-05-25T08:36:34.054+0000] {logging_mixin.py:188} INFO - [2025-05-25T08:36:34.054+0000] {dag.py:3954} INFO - Setting next_dagrun for tutorial_objectstorage to None, run_after=None
[2025-05-25T08:36:34.242+0000] {processor.py:183} INFO - Processing /home/airflow/.local/lib/python3.12/site-packages/airflow/example_dags/tutorial_objectstorage.py took 0.217 seconds
[2025-05-25T08:37:05.237+0000] {processor.py:161} INFO - Started process (PID=6657) to work on /home/airflow/.local/lib/python3.12/site-packages/airflow/example_dags/tutorial_objectstorage.py
[2025-05-25T08:37:05.238+0000] {processor.py:830} INFO - Processing file /home/airflow/.local/lib/python3.12/site-packages/airflow/example_dags/tutorial_objectstorage.py for tasks to queue
[2025-05-25T08:37:05.238+0000] {logging_mixin.py:188} INFO - [2025-05-25T08:37:05.238+0000] {dagbag.py:540} INFO - Filling up the DagBag from /home/airflow/.local/lib/python3.12/site-packages/airflow/example_dags/tutorial_objectstorage.py
[2025-05-25T08:37:05.242+0000] {processor.py:840} INFO - DAG(s) 'tutorial_objectstorage' retrieved from /home/airflow/.local/lib/python3.12/site-packages/airflow/example_dags/tutorial_objectstorage.py
[2025-05-25T08:37:05.253+0000] {logging_mixin.py:188} INFO - [2025-05-25T08:37:05.253+0000] {dag.py:3096} INFO - Sync 1 DAGs
[2025-05-25T08:37:05.258+0000] {logging_mixin.py:188} INFO - [2025-05-25T08:37:05.258+0000] {dag.py:3954} INFO - Setting next_dagrun for tutorial_objectstorage to None, run_after=None
[2025-05-25T08:37:05.266+0000] {processor.py:183} INFO - Processing /home/airflow/.local/lib/python3.12/site-packages/airflow/example_dags/tutorial_objectstorage.py took 0.033 seconds
[2025-05-25T08:37:36.495+0000] {processor.py:161} INFO - Started process (PID=6721) to work on /home/airflow/.local/lib/python3.12/site-packages/airflow/example_dags/tutorial_objectstorage.py
[2025-05-25T08:37:36.496+0000] {processor.py:830} INFO - Processing file /home/airflow/.local/lib/python3.12/site-packages/airflow/example_dags/tutorial_objectstorage.py for tasks to queue
[2025-05-25T08:37:36.496+0000] {logging_mixin.py:188} INFO - [2025-05-25T08:37:36.496+0000] {dagbag.py:540} INFO - Filling up the DagBag from /home/airflow/.local/lib/python3.12/site-packages/airflow/example_dags/tutorial_objectstorage.py
[2025-05-25T08:37:36.500+0000] {processor.py:840} INFO - DAG(s) 'tutorial_objectstorage' retrieved from /home/airflow/.local/lib/python3.12/site-packages/airflow/example_dags/tutorial_objectstorage.py
[2025-05-25T08:37:36.511+0000] {logging_mixin.py:188} INFO - [2025-05-25T08:37:36.511+0000] {dag.py:3096} INFO - Sync 1 DAGs
[2025-05-25T08:37:36.518+0000] {logging_mixin.py:188} INFO - [2025-05-25T08:37:36.518+0000] {dag.py:3954} INFO - Setting next_dagrun for tutorial_objectstorage to None, run_after=None
[2025-05-25T08:37:36.530+0000] {processor.py:183} INFO - Processing /home/airflow/.local/lib/python3.12/site-packages/airflow/example_dags/tutorial_objectstorage.py took 0.038 seconds
[2025-05-25T08:38:06.749+0000] {processor.py:161} INFO - Started process (PID=6785) to work on /home/airflow/.local/lib/python3.12/site-packages/airflow/example_dags/tutorial_objectstorage.py
[2025-05-25T08:38:06.749+0000] {processor.py:830} INFO - Processing file /home/airflow/.local/lib/python3.12/site-packages/airflow/example_dags/tutorial_objectstorage.py for tasks to queue
[2025-05-25T08:38:06.750+0000] {logging_mixin.py:188} INFO - [2025-05-25T08:38:06.750+0000] {dagbag.py:540} INFO - Filling up the DagBag from /home/airflow/.local/lib/python3.12/site-packages/airflow/example_dags/tutorial_objectstorage.py
[2025-05-25T08:38:06.755+0000] {processor.py:840} INFO - DAG(s) 'tutorial_objectstorage' retrieved from /home/airflow/.local/lib/python3.12/site-packages/airflow/example_dags/tutorial_objectstorage.py
[2025-05-25T08:38:06.770+0000] {logging_mixin.py:188} INFO - [2025-05-25T08:38:06.769+0000] {dag.py:3096} INFO - Sync 1 DAGs
[2025-05-25T08:38:06.776+0000] {logging_mixin.py:188} INFO - [2025-05-25T08:38:06.776+0000] {dag.py:3954} INFO - Setting next_dagrun for tutorial_objectstorage to None, run_after=None
[2025-05-25T08:38:06.786+0000] {processor.py:183} INFO - Processing /home/airflow/.local/lib/python3.12/site-packages/airflow/example_dags/tutorial_objectstorage.py took 0.042 seconds
[2025-05-25T08:38:37.424+0000] {processor.py:161} INFO - Started process (PID=6851) to work on /home/airflow/.local/lib/python3.12/site-packages/airflow/example_dags/tutorial_objectstorage.py
[2025-05-25T08:38:37.425+0000] {processor.py:830} INFO - Processing file /home/airflow/.local/lib/python3.12/site-packages/airflow/example_dags/tutorial_objectstorage.py for tasks to queue
[2025-05-25T08:38:37.425+0000] {logging_mixin.py:188} INFO - [2025-05-25T08:38:37.425+0000] {dagbag.py:540} INFO - Filling up the DagBag from /home/airflow/.local/lib/python3.12/site-packages/airflow/example_dags/tutorial_objectstorage.py
[2025-05-25T08:38:37.429+0000] {processor.py:840} INFO - DAG(s) 'tutorial_objectstorage' retrieved from /home/airflow/.local/lib/python3.12/site-packages/airflow/example_dags/tutorial_objectstorage.py
[2025-05-25T08:38:37.441+0000] {logging_mixin.py:188} INFO - [2025-05-25T08:38:37.441+0000] {dag.py:3096} INFO - Sync 1 DAGs
[2025-05-25T08:38:37.449+0000] {logging_mixin.py:188} INFO - [2025-05-25T08:38:37.449+0000] {dag.py:3954} INFO - Setting next_dagrun for tutorial_objectstorage to None, run_after=None
[2025-05-25T08:38:37.461+0000] {processor.py:183} INFO - Processing /home/airflow/.local/lib/python3.12/site-packages/airflow/example_dags/tutorial_objectstorage.py took 0.041 seconds
[2025-05-25T08:39:08.460+0000] {processor.py:161} INFO - Started process (PID=6917) to work on /home/airflow/.local/lib/python3.12/site-packages/airflow/example_dags/tutorial_objectstorage.py
[2025-05-25T08:39:08.461+0000] {processor.py:830} INFO - Processing file /home/airflow/.local/lib/python3.12/site-packages/airflow/example_dags/tutorial_objectstorage.py for tasks to queue
[2025-05-25T08:39:08.462+0000] {logging_mixin.py:188} INFO - [2025-05-25T08:39:08.462+0000] {dagbag.py:540} INFO - Filling up the DagBag from /home/airflow/.local/lib/python3.12/site-packages/airflow/example_dags/tutorial_objectstorage.py
[2025-05-25T08:39:08.470+0000] {processor.py:840} INFO - DAG(s) 'tutorial_objectstorage' retrieved from /home/airflow/.local/lib/python3.12/site-packages/airflow/example_dags/tutorial_objectstorage.py
[2025-05-25T08:39:08.483+0000] {logging_mixin.py:188} INFO - [2025-05-25T08:39:08.483+0000] {dag.py:3096} INFO - Sync 1 DAGs
[2025-05-25T08:39:08.489+0000] {logging_mixin.py:188} INFO - [2025-05-25T08:39:08.489+0000] {dag.py:3954} INFO - Setting next_dagrun for tutorial_objectstorage to None, run_after=None
[2025-05-25T08:39:08.500+0000] {processor.py:183} INFO - Processing /home/airflow/.local/lib/python3.12/site-packages/airflow/example_dags/tutorial_objectstorage.py took 0.044 seconds
[2025-05-25T08:39:38.641+0000] {processor.py:161} INFO - Started process (PID=6983) to work on /home/airflow/.local/lib/python3.12/site-packages/airflow/example_dags/tutorial_objectstorage.py
[2025-05-25T08:39:38.641+0000] {processor.py:830} INFO - Processing file /home/airflow/.local/lib/python3.12/site-packages/airflow/example_dags/tutorial_objectstorage.py for tasks to queue
[2025-05-25T08:39:38.642+0000] {logging_mixin.py:188} INFO - [2025-05-25T08:39:38.642+0000] {dagbag.py:540} INFO - Filling up the DagBag from /home/airflow/.local/lib/python3.12/site-packages/airflow/example_dags/tutorial_objectstorage.py
[2025-05-25T08:39:38.649+0000] {processor.py:840} INFO - DAG(s) 'tutorial_objectstorage' retrieved from /home/airflow/.local/lib/python3.12/site-packages/airflow/example_dags/tutorial_objectstorage.py
[2025-05-25T08:39:38.665+0000] {logging_mixin.py:188} INFO - [2025-05-25T08:39:38.665+0000] {dag.py:3096} INFO - Sync 1 DAGs
[2025-05-25T08:39:38.672+0000] {logging_mixin.py:188} INFO - [2025-05-25T08:39:38.672+0000] {dag.py:3954} INFO - Setting next_dagrun for tutorial_objectstorage to None, run_after=None
[2025-05-25T08:39:38.694+0000] {processor.py:183} INFO - Processing /home/airflow/.local/lib/python3.12/site-packages/airflow/example_dags/tutorial_objectstorage.py took 0.058 seconds
[2025-05-25T08:40:09.181+0000] {processor.py:161} INFO - Started process (PID=7049) to work on /home/airflow/.local/lib/python3.12/site-packages/airflow/example_dags/tutorial_objectstorage.py
[2025-05-25T08:40:09.182+0000] {processor.py:830} INFO - Processing file /home/airflow/.local/lib/python3.12/site-packages/airflow/example_dags/tutorial_objectstorage.py for tasks to queue
[2025-05-25T08:40:09.184+0000] {logging_mixin.py:188} INFO - [2025-05-25T08:40:09.183+0000] {dagbag.py:540} INFO - Filling up the DagBag from /home/airflow/.local/lib/python3.12/site-packages/airflow/example_dags/tutorial_objectstorage.py
[2025-05-25T08:40:09.190+0000] {processor.py:840} INFO - DAG(s) 'tutorial_objectstorage' retrieved from /home/airflow/.local/lib/python3.12/site-packages/airflow/example_dags/tutorial_objectstorage.py
[2025-05-25T08:40:09.202+0000] {logging_mixin.py:188} INFO - [2025-05-25T08:40:09.201+0000] {dag.py:3096} INFO - Sync 1 DAGs
[2025-05-25T08:40:09.208+0000] {logging_mixin.py:188} INFO - [2025-05-25T08:40:09.208+0000] {dag.py:3954} INFO - Setting next_dagrun for tutorial_objectstorage to None, run_after=None
[2025-05-25T08:40:09.219+0000] {processor.py:183} INFO - Processing /home/airflow/.local/lib/python3.12/site-packages/airflow/example_dags/tutorial_objectstorage.py took 0.042 seconds
[2025-05-25T08:40:39.291+0000] {processor.py:161} INFO - Started process (PID=7114) to work on /home/airflow/.local/lib/python3.12/site-packages/airflow/example_dags/tutorial_objectstorage.py
[2025-05-25T08:40:39.291+0000] {processor.py:830} INFO - Processing file /home/airflow/.local/lib/python3.12/site-packages/airflow/example_dags/tutorial_objectstorage.py for tasks to queue
[2025-05-25T08:40:39.292+0000] {logging_mixin.py:188} INFO - [2025-05-25T08:40:39.292+0000] {dagbag.py:540} INFO - Filling up the DagBag from /home/airflow/.local/lib/python3.12/site-packages/airflow/example_dags/tutorial_objectstorage.py
[2025-05-25T08:40:39.301+0000] {processor.py:840} INFO - DAG(s) 'tutorial_objectstorage' retrieved from /home/airflow/.local/lib/python3.12/site-packages/airflow/example_dags/tutorial_objectstorage.py
[2025-05-25T08:40:39.314+0000] {logging_mixin.py:188} INFO - [2025-05-25T08:40:39.314+0000] {dag.py:3096} INFO - Sync 1 DAGs
[2025-05-25T08:40:39.320+0000] {logging_mixin.py:188} INFO - [2025-05-25T08:40:39.320+0000] {dag.py:3954} INFO - Setting next_dagrun for tutorial_objectstorage to None, run_after=None
[2025-05-25T08:40:39.331+0000] {processor.py:183} INFO - Processing /home/airflow/.local/lib/python3.12/site-packages/airflow/example_dags/tutorial_objectstorage.py took 0.045 seconds
[2025-05-25T08:41:10.332+0000] {processor.py:161} INFO - Started process (PID=7180) to work on /home/airflow/.local/lib/python3.12/site-packages/airflow/example_dags/tutorial_objectstorage.py
[2025-05-25T08:41:10.334+0000] {processor.py:830} INFO - Processing file /home/airflow/.local/lib/python3.12/site-packages/airflow/example_dags/tutorial_objectstorage.py for tasks to queue
[2025-05-25T08:41:10.335+0000] {logging_mixin.py:188} INFO - [2025-05-25T08:41:10.335+0000] {dagbag.py:540} INFO - Filling up the DagBag from /home/airflow/.local/lib/python3.12/site-packages/airflow/example_dags/tutorial_objectstorage.py
[2025-05-25T08:41:10.346+0000] {processor.py:840} INFO - DAG(s) 'tutorial_objectstorage' retrieved from /home/airflow/.local/lib/python3.12/site-packages/airflow/example_dags/tutorial_objectstorage.py
[2025-05-25T08:41:10.364+0000] {logging_mixin.py:188} INFO - [2025-05-25T08:41:10.364+0000] {dag.py:3096} INFO - Sync 1 DAGs
[2025-05-25T08:41:10.373+0000] {logging_mixin.py:188} INFO - [2025-05-25T08:41:10.372+0000] {dag.py:3954} INFO - Setting next_dagrun for tutorial_objectstorage to None, run_after=None
[2025-05-25T08:41:10.383+0000] {processor.py:183} INFO - Processing /home/airflow/.local/lib/python3.12/site-packages/airflow/example_dags/tutorial_objectstorage.py took 0.054 seconds
[2025-05-25T08:41:40.586+0000] {processor.py:161} INFO - Started process (PID=7246) to work on /home/airflow/.local/lib/python3.12/site-packages/airflow/example_dags/tutorial_objectstorage.py
[2025-05-25T08:41:40.587+0000] {processor.py:830} INFO - Processing file /home/airflow/.local/lib/python3.12/site-packages/airflow/example_dags/tutorial_objectstorage.py for tasks to queue
[2025-05-25T08:41:40.588+0000] {logging_mixin.py:188} INFO - [2025-05-25T08:41:40.588+0000] {dagbag.py:540} INFO - Filling up the DagBag from /home/airflow/.local/lib/python3.12/site-packages/airflow/example_dags/tutorial_objectstorage.py
[2025-05-25T08:41:40.593+0000] {processor.py:840} INFO - DAG(s) 'tutorial_objectstorage' retrieved from /home/airflow/.local/lib/python3.12/site-packages/airflow/example_dags/tutorial_objectstorage.py
[2025-05-25T08:41:40.605+0000] {logging_mixin.py:188} INFO - [2025-05-25T08:41:40.605+0000] {dag.py:3096} INFO - Sync 1 DAGs
[2025-05-25T08:41:40.611+0000] {logging_mixin.py:188} INFO - [2025-05-25T08:41:40.611+0000] {dag.py:3954} INFO - Setting next_dagrun for tutorial_objectstorage to None, run_after=None
[2025-05-25T08:41:40.625+0000] {processor.py:183} INFO - Processing /home/airflow/.local/lib/python3.12/site-packages/airflow/example_dags/tutorial_objectstorage.py took 0.043 seconds
[2025-05-25T08:42:11.541+0000] {processor.py:161} INFO - Started process (PID=7312) to work on /home/airflow/.local/lib/python3.12/site-packages/airflow/example_dags/tutorial_objectstorage.py
[2025-05-25T08:42:11.542+0000] {processor.py:830} INFO - Processing file /home/airflow/.local/lib/python3.12/site-packages/airflow/example_dags/tutorial_objectstorage.py for tasks to queue
[2025-05-25T08:42:11.542+0000] {logging_mixin.py:188} INFO - [2025-05-25T08:42:11.542+0000] {dagbag.py:540} INFO - Filling up the DagBag from /home/airflow/.local/lib/python3.12/site-packages/airflow/example_dags/tutorial_objectstorage.py
[2025-05-25T08:42:11.548+0000] {processor.py:840} INFO - DAG(s) 'tutorial_objectstorage' retrieved from /home/airflow/.local/lib/python3.12/site-packages/airflow/example_dags/tutorial_objectstorage.py
[2025-05-25T08:42:11.563+0000] {logging_mixin.py:188} INFO - [2025-05-25T08:42:11.563+0000] {dag.py:3096} INFO - Sync 1 DAGs
[2025-05-25T08:42:11.570+0000] {logging_mixin.py:188} INFO - [2025-05-25T08:42:11.570+0000] {dag.py:3954} INFO - Setting next_dagrun for tutorial_objectstorage to None, run_after=None
[2025-05-25T08:42:11.618+0000] {processor.py:183} INFO - Processing /home/airflow/.local/lib/python3.12/site-packages/airflow/example_dags/tutorial_objectstorage.py took 0.091 seconds
[2025-05-25T08:42:41.854+0000] {processor.py:161} INFO - Started process (PID=7378) to work on /home/airflow/.local/lib/python3.12/site-packages/airflow/example_dags/tutorial_objectstorage.py
[2025-05-25T08:42:41.855+0000] {processor.py:830} INFO - Processing file /home/airflow/.local/lib/python3.12/site-packages/airflow/example_dags/tutorial_objectstorage.py for tasks to queue
[2025-05-25T08:42:41.855+0000] {logging_mixin.py:188} INFO - [2025-05-25T08:42:41.855+0000] {dagbag.py:540} INFO - Filling up the DagBag from /home/airflow/.local/lib/python3.12/site-packages/airflow/example_dags/tutorial_objectstorage.py
[2025-05-25T08:42:41.864+0000] {processor.py:840} INFO - DAG(s) 'tutorial_objectstorage' retrieved from /home/airflow/.local/lib/python3.12/site-packages/airflow/example_dags/tutorial_objectstorage.py
[2025-05-25T08:42:41.876+0000] {logging_mixin.py:188} INFO - [2025-05-25T08:42:41.875+0000] {dag.py:3096} INFO - Sync 1 DAGs
[2025-05-25T08:42:41.884+0000] {logging_mixin.py:188} INFO - [2025-05-25T08:42:41.884+0000] {dag.py:3954} INFO - Setting next_dagrun for tutorial_objectstorage to None, run_after=None
[2025-05-25T08:42:41.896+0000] {processor.py:183} INFO - Processing /home/airflow/.local/lib/python3.12/site-packages/airflow/example_dags/tutorial_objectstorage.py took 0.046 seconds
[2025-05-25T08:43:12.364+0000] {processor.py:161} INFO - Started process (PID=7450) to work on /home/airflow/.local/lib/python3.12/site-packages/airflow/example_dags/tutorial_objectstorage.py
[2025-05-25T08:43:12.366+0000] {processor.py:830} INFO - Processing file /home/airflow/.local/lib/python3.12/site-packages/airflow/example_dags/tutorial_objectstorage.py for tasks to queue
[2025-05-25T08:43:12.367+0000] {logging_mixin.py:188} INFO - [2025-05-25T08:43:12.367+0000] {dagbag.py:540} INFO - Filling up the DagBag from /home/airflow/.local/lib/python3.12/site-packages/airflow/example_dags/tutorial_objectstorage.py
[2025-05-25T08:43:12.375+0000] {processor.py:840} INFO - DAG(s) 'tutorial_objectstorage' retrieved from /home/airflow/.local/lib/python3.12/site-packages/airflow/example_dags/tutorial_objectstorage.py
[2025-05-25T08:43:12.391+0000] {logging_mixin.py:188} INFO - [2025-05-25T08:43:12.391+0000] {dag.py:3096} INFO - Sync 1 DAGs
[2025-05-25T08:43:12.398+0000] {logging_mixin.py:188} INFO - [2025-05-25T08:43:12.398+0000] {dag.py:3954} INFO - Setting next_dagrun for tutorial_objectstorage to None, run_after=None
[2025-05-25T08:43:12.414+0000] {processor.py:183} INFO - Processing /home/airflow/.local/lib/python3.12/site-packages/airflow/example_dags/tutorial_objectstorage.py took 0.058 seconds
[2025-05-25T08:43:43.030+0000] {processor.py:161} INFO - Started process (PID=7516) to work on /home/airflow/.local/lib/python3.12/site-packages/airflow/example_dags/tutorial_objectstorage.py
[2025-05-25T08:43:43.031+0000] {processor.py:830} INFO - Processing file /home/airflow/.local/lib/python3.12/site-packages/airflow/example_dags/tutorial_objectstorage.py for tasks to queue
[2025-05-25T08:43:43.032+0000] {logging_mixin.py:188} INFO - [2025-05-25T08:43:43.032+0000] {dagbag.py:540} INFO - Filling up the DagBag from /home/airflow/.local/lib/python3.12/site-packages/airflow/example_dags/tutorial_objectstorage.py
[2025-05-25T08:43:43.036+0000] {processor.py:840} INFO - DAG(s) 'tutorial_objectstorage' retrieved from /home/airflow/.local/lib/python3.12/site-packages/airflow/example_dags/tutorial_objectstorage.py
[2025-05-25T08:43:43.048+0000] {logging_mixin.py:188} INFO - [2025-05-25T08:43:43.048+0000] {dag.py:3096} INFO - Sync 1 DAGs
[2025-05-25T08:43:43.054+0000] {logging_mixin.py:188} INFO - [2025-05-25T08:43:43.054+0000] {dag.py:3954} INFO - Setting next_dagrun for tutorial_objectstorage to None, run_after=None
[2025-05-25T08:43:43.067+0000] {processor.py:183} INFO - Processing /home/airflow/.local/lib/python3.12/site-packages/airflow/example_dags/tutorial_objectstorage.py took 0.040 seconds
[2025-05-25T08:44:13.278+0000] {processor.py:161} INFO - Started process (PID=7582) to work on /home/airflow/.local/lib/python3.12/site-packages/airflow/example_dags/tutorial_objectstorage.py
[2025-05-25T08:44:13.279+0000] {processor.py:830} INFO - Processing file /home/airflow/.local/lib/python3.12/site-packages/airflow/example_dags/tutorial_objectstorage.py for tasks to queue
[2025-05-25T08:44:13.280+0000] {logging_mixin.py:188} INFO - [2025-05-25T08:44:13.280+0000] {dagbag.py:540} INFO - Filling up the DagBag from /home/airflow/.local/lib/python3.12/site-packages/airflow/example_dags/tutorial_objectstorage.py
[2025-05-25T08:44:13.285+0000] {processor.py:840} INFO - DAG(s) 'tutorial_objectstorage' retrieved from /home/airflow/.local/lib/python3.12/site-packages/airflow/example_dags/tutorial_objectstorage.py
[2025-05-25T08:44:13.298+0000] {logging_mixin.py:188} INFO - [2025-05-25T08:44:13.298+0000] {dag.py:3096} INFO - Sync 1 DAGs
[2025-05-25T08:44:13.311+0000] {logging_mixin.py:188} INFO - [2025-05-25T08:44:13.310+0000] {dag.py:3954} INFO - Setting next_dagrun for tutorial_objectstorage to None, run_after=None
[2025-05-25T08:44:13.324+0000] {processor.py:183} INFO - Processing /home/airflow/.local/lib/python3.12/site-packages/airflow/example_dags/tutorial_objectstorage.py took 0.051 seconds
[2025-05-25T08:44:43.576+0000] {processor.py:161} INFO - Started process (PID=7648) to work on /home/airflow/.local/lib/python3.12/site-packages/airflow/example_dags/tutorial_objectstorage.py
[2025-05-25T08:44:43.578+0000] {processor.py:830} INFO - Processing file /home/airflow/.local/lib/python3.12/site-packages/airflow/example_dags/tutorial_objectstorage.py for tasks to queue
[2025-05-25T08:44:43.579+0000] {logging_mixin.py:188} INFO - [2025-05-25T08:44:43.579+0000] {dagbag.py:540} INFO - Filling up the DagBag from /home/airflow/.local/lib/python3.12/site-packages/airflow/example_dags/tutorial_objectstorage.py
[2025-05-25T08:44:43.583+0000] {processor.py:840} INFO - DAG(s) 'tutorial_objectstorage' retrieved from /home/airflow/.local/lib/python3.12/site-packages/airflow/example_dags/tutorial_objectstorage.py
[2025-05-25T08:44:43.596+0000] {logging_mixin.py:188} INFO - [2025-05-25T08:44:43.596+0000] {dag.py:3096} INFO - Sync 1 DAGs
[2025-05-25T08:44:43.603+0000] {logging_mixin.py:188} INFO - [2025-05-25T08:44:43.603+0000] {dag.py:3954} INFO - Setting next_dagrun for tutorial_objectstorage to None, run_after=None
[2025-05-25T08:44:43.614+0000] {processor.py:183} INFO - Processing /home/airflow/.local/lib/python3.12/site-packages/airflow/example_dags/tutorial_objectstorage.py took 0.042 seconds
[2025-05-25T08:45:13.981+0000] {processor.py:161} INFO - Started process (PID=7714) to work on /home/airflow/.local/lib/python3.12/site-packages/airflow/example_dags/tutorial_objectstorage.py
[2025-05-25T08:45:13.982+0000] {processor.py:830} INFO - Processing file /home/airflow/.local/lib/python3.12/site-packages/airflow/example_dags/tutorial_objectstorage.py for tasks to queue
[2025-05-25T08:45:13.983+0000] {logging_mixin.py:188} INFO - [2025-05-25T08:45:13.983+0000] {dagbag.py:540} INFO - Filling up the DagBag from /home/airflow/.local/lib/python3.12/site-packages/airflow/example_dags/tutorial_objectstorage.py
[2025-05-25T08:45:13.988+0000] {processor.py:840} INFO - DAG(s) 'tutorial_objectstorage' retrieved from /home/airflow/.local/lib/python3.12/site-packages/airflow/example_dags/tutorial_objectstorage.py
[2025-05-25T08:45:14.001+0000] {logging_mixin.py:188} INFO - [2025-05-25T08:45:14.001+0000] {dag.py:3096} INFO - Sync 1 DAGs
[2025-05-25T08:45:14.008+0000] {logging_mixin.py:188} INFO - [2025-05-25T08:45:14.008+0000] {dag.py:3954} INFO - Setting next_dagrun for tutorial_objectstorage to None, run_after=None
[2025-05-25T08:45:14.016+0000] {processor.py:183} INFO - Processing /home/airflow/.local/lib/python3.12/site-packages/airflow/example_dags/tutorial_objectstorage.py took 0.038 seconds
[2025-05-25T08:45:44.680+0000] {processor.py:161} INFO - Started process (PID=7776) to work on /home/airflow/.local/lib/python3.12/site-packages/airflow/example_dags/tutorial_objectstorage.py
[2025-05-25T08:45:44.681+0000] {processor.py:830} INFO - Processing file /home/airflow/.local/lib/python3.12/site-packages/airflow/example_dags/tutorial_objectstorage.py for tasks to queue
[2025-05-25T08:45:44.681+0000] {logging_mixin.py:188} INFO - [2025-05-25T08:45:44.681+0000] {dagbag.py:540} INFO - Filling up the DagBag from /home/airflow/.local/lib/python3.12/site-packages/airflow/example_dags/tutorial_objectstorage.py
[2025-05-25T08:45:44.685+0000] {processor.py:840} INFO - DAG(s) 'tutorial_objectstorage' retrieved from /home/airflow/.local/lib/python3.12/site-packages/airflow/example_dags/tutorial_objectstorage.py
[2025-05-25T08:45:44.695+0000] {logging_mixin.py:188} INFO - [2025-05-25T08:45:44.695+0000] {dag.py:3096} INFO - Sync 1 DAGs
[2025-05-25T08:45:44.700+0000] {logging_mixin.py:188} INFO - [2025-05-25T08:45:44.700+0000] {dag.py:3954} INFO - Setting next_dagrun for tutorial_objectstorage to None, run_after=None
[2025-05-25T08:45:44.707+0000] {processor.py:183} INFO - Processing /home/airflow/.local/lib/python3.12/site-packages/airflow/example_dags/tutorial_objectstorage.py took 0.030 seconds
[2025-05-25T08:46:15.563+0000] {processor.py:161} INFO - Started process (PID=7838) to work on /home/airflow/.local/lib/python3.12/site-packages/airflow/example_dags/tutorial_objectstorage.py
[2025-05-25T08:46:15.564+0000] {processor.py:830} INFO - Processing file /home/airflow/.local/lib/python3.12/site-packages/airflow/example_dags/tutorial_objectstorage.py for tasks to queue
[2025-05-25T08:46:15.564+0000] {logging_mixin.py:188} INFO - [2025-05-25T08:46:15.564+0000] {dagbag.py:540} INFO - Filling up the DagBag from /home/airflow/.local/lib/python3.12/site-packages/airflow/example_dags/tutorial_objectstorage.py
[2025-05-25T08:46:15.569+0000] {processor.py:840} INFO - DAG(s) 'tutorial_objectstorage' retrieved from /home/airflow/.local/lib/python3.12/site-packages/airflow/example_dags/tutorial_objectstorage.py
[2025-05-25T08:46:15.580+0000] {logging_mixin.py:188} INFO - [2025-05-25T08:46:15.580+0000] {dag.py:3096} INFO - Sync 1 DAGs
[2025-05-25T08:46:15.586+0000] {logging_mixin.py:188} INFO - [2025-05-25T08:46:15.586+0000] {dag.py:3954} INFO - Setting next_dagrun for tutorial_objectstorage to None, run_after=None
[2025-05-25T08:46:15.598+0000] {processor.py:183} INFO - Processing /home/airflow/.local/lib/python3.12/site-packages/airflow/example_dags/tutorial_objectstorage.py took 0.039 seconds
[2025-05-25T08:46:45.624+0000] {processor.py:161} INFO - Started process (PID=7903) to work on /home/airflow/.local/lib/python3.12/site-packages/airflow/example_dags/tutorial_objectstorage.py
[2025-05-25T08:46:45.624+0000] {processor.py:830} INFO - Processing file /home/airflow/.local/lib/python3.12/site-packages/airflow/example_dags/tutorial_objectstorage.py for tasks to queue
[2025-05-25T08:46:45.625+0000] {logging_mixin.py:188} INFO - [2025-05-25T08:46:45.625+0000] {dagbag.py:540} INFO - Filling up the DagBag from /home/airflow/.local/lib/python3.12/site-packages/airflow/example_dags/tutorial_objectstorage.py
[2025-05-25T08:46:45.629+0000] {processor.py:840} INFO - DAG(s) 'tutorial_objectstorage' retrieved from /home/airflow/.local/lib/python3.12/site-packages/airflow/example_dags/tutorial_objectstorage.py
[2025-05-25T08:46:45.642+0000] {logging_mixin.py:188} INFO - [2025-05-25T08:46:45.642+0000] {dag.py:3096} INFO - Sync 1 DAGs
[2025-05-25T08:46:45.648+0000] {logging_mixin.py:188} INFO - [2025-05-25T08:46:45.648+0000] {dag.py:3954} INFO - Setting next_dagrun for tutorial_objectstorage to None, run_after=None
[2025-05-25T08:46:45.660+0000] {processor.py:183} INFO - Processing /home/airflow/.local/lib/python3.12/site-packages/airflow/example_dags/tutorial_objectstorage.py took 0.042 seconds
[2025-05-25T08:47:16.039+0000] {processor.py:161} INFO - Started process (PID=7969) to work on /home/airflow/.local/lib/python3.12/site-packages/airflow/example_dags/tutorial_objectstorage.py
[2025-05-25T08:47:16.042+0000] {processor.py:830} INFO - Processing file /home/airflow/.local/lib/python3.12/site-packages/airflow/example_dags/tutorial_objectstorage.py for tasks to queue
[2025-05-25T08:47:16.043+0000] {logging_mixin.py:188} INFO - [2025-05-25T08:47:16.043+0000] {dagbag.py:540} INFO - Filling up the DagBag from /home/airflow/.local/lib/python3.12/site-packages/airflow/example_dags/tutorial_objectstorage.py
[2025-05-25T08:47:16.047+0000] {processor.py:840} INFO - DAG(s) 'tutorial_objectstorage' retrieved from /home/airflow/.local/lib/python3.12/site-packages/airflow/example_dags/tutorial_objectstorage.py
[2025-05-25T08:47:16.061+0000] {logging_mixin.py:188} INFO - [2025-05-25T08:47:16.061+0000] {dag.py:3096} INFO - Sync 1 DAGs
[2025-05-25T08:47:16.071+0000] {logging_mixin.py:188} INFO - [2025-05-25T08:47:16.071+0000] {dag.py:3954} INFO - Setting next_dagrun for tutorial_objectstorage to None, run_after=None
[2025-05-25T08:47:16.083+0000] {processor.py:183} INFO - Processing /home/airflow/.local/lib/python3.12/site-packages/airflow/example_dags/tutorial_objectstorage.py took 0.057 seconds
[2025-05-25T08:47:46.419+0000] {processor.py:161} INFO - Started process (PID=8035) to work on /home/airflow/.local/lib/python3.12/site-packages/airflow/example_dags/tutorial_objectstorage.py
[2025-05-25T08:47:46.420+0000] {processor.py:830} INFO - Processing file /home/airflow/.local/lib/python3.12/site-packages/airflow/example_dags/tutorial_objectstorage.py for tasks to queue
[2025-05-25T08:47:46.421+0000] {logging_mixin.py:188} INFO - [2025-05-25T08:47:46.420+0000] {dagbag.py:540} INFO - Filling up the DagBag from /home/airflow/.local/lib/python3.12/site-packages/airflow/example_dags/tutorial_objectstorage.py
[2025-05-25T08:47:46.426+0000] {processor.py:840} INFO - DAG(s) 'tutorial_objectstorage' retrieved from /home/airflow/.local/lib/python3.12/site-packages/airflow/example_dags/tutorial_objectstorage.py
[2025-05-25T08:47:46.452+0000] {logging_mixin.py:188} INFO - [2025-05-25T08:47:46.452+0000] {dag.py:3096} INFO - Sync 1 DAGs
[2025-05-25T08:47:46.461+0000] {logging_mixin.py:188} INFO - [2025-05-25T08:47:46.460+0000] {dag.py:3954} INFO - Setting next_dagrun for tutorial_objectstorage to None, run_after=None
[2025-05-25T08:47:46.475+0000] {processor.py:183} INFO - Processing /home/airflow/.local/lib/python3.12/site-packages/airflow/example_dags/tutorial_objectstorage.py took 0.061 seconds
[2025-05-25T08:48:16.960+0000] {processor.py:161} INFO - Started process (PID=8101) to work on /home/airflow/.local/lib/python3.12/site-packages/airflow/example_dags/tutorial_objectstorage.py
[2025-05-25T08:48:16.961+0000] {processor.py:830} INFO - Processing file /home/airflow/.local/lib/python3.12/site-packages/airflow/example_dags/tutorial_objectstorage.py for tasks to queue
[2025-05-25T08:48:16.962+0000] {logging_mixin.py:188} INFO - [2025-05-25T08:48:16.962+0000] {dagbag.py:540} INFO - Filling up the DagBag from /home/airflow/.local/lib/python3.12/site-packages/airflow/example_dags/tutorial_objectstorage.py
[2025-05-25T08:48:16.966+0000] {processor.py:840} INFO - DAG(s) 'tutorial_objectstorage' retrieved from /home/airflow/.local/lib/python3.12/site-packages/airflow/example_dags/tutorial_objectstorage.py
[2025-05-25T08:48:16.994+0000] {logging_mixin.py:188} INFO - [2025-05-25T08:48:16.994+0000] {dag.py:3096} INFO - Sync 1 DAGs
[2025-05-25T08:48:17.008+0000] {logging_mixin.py:188} INFO - [2025-05-25T08:48:17.008+0000] {dag.py:3954} INFO - Setting next_dagrun for tutorial_objectstorage to None, run_after=None
[2025-05-25T08:48:17.026+0000] {processor.py:183} INFO - Processing /home/airflow/.local/lib/python3.12/site-packages/airflow/example_dags/tutorial_objectstorage.py took 0.069 seconds
[2025-05-25T08:48:48.058+0000] {processor.py:161} INFO - Started process (PID=8167) to work on /home/airflow/.local/lib/python3.12/site-packages/airflow/example_dags/tutorial_objectstorage.py
[2025-05-25T08:48:48.059+0000] {processor.py:830} INFO - Processing file /home/airflow/.local/lib/python3.12/site-packages/airflow/example_dags/tutorial_objectstorage.py for tasks to queue
[2025-05-25T08:48:48.064+0000] {logging_mixin.py:188} INFO - [2025-05-25T08:48:48.064+0000] {dagbag.py:540} INFO - Filling up the DagBag from /home/airflow/.local/lib/python3.12/site-packages/airflow/example_dags/tutorial_objectstorage.py
[2025-05-25T08:48:48.073+0000] {processor.py:840} INFO - DAG(s) 'tutorial_objectstorage' retrieved from /home/airflow/.local/lib/python3.12/site-packages/airflow/example_dags/tutorial_objectstorage.py
[2025-05-25T08:48:48.091+0000] {logging_mixin.py:188} INFO - [2025-05-25T08:48:48.091+0000] {dag.py:3096} INFO - Sync 1 DAGs
[2025-05-25T08:48:48.100+0000] {logging_mixin.py:188} INFO - [2025-05-25T08:48:48.100+0000] {dag.py:3954} INFO - Setting next_dagrun for tutorial_objectstorage to None, run_after=None
[2025-05-25T08:48:48.114+0000] {processor.py:183} INFO - Processing /home/airflow/.local/lib/python3.12/site-packages/airflow/example_dags/tutorial_objectstorage.py took 0.062 seconds
[2025-05-25T08:49:18.705+0000] {processor.py:161} INFO - Started process (PID=8233) to work on /home/airflow/.local/lib/python3.12/site-packages/airflow/example_dags/tutorial_objectstorage.py
[2025-05-25T08:49:18.712+0000] {processor.py:830} INFO - Processing file /home/airflow/.local/lib/python3.12/site-packages/airflow/example_dags/tutorial_objectstorage.py for tasks to queue
[2025-05-25T08:49:18.714+0000] {logging_mixin.py:188} INFO - [2025-05-25T08:49:18.713+0000] {dagbag.py:540} INFO - Filling up the DagBag from /home/airflow/.local/lib/python3.12/site-packages/airflow/example_dags/tutorial_objectstorage.py
[2025-05-25T08:49:18.724+0000] {processor.py:840} INFO - DAG(s) 'tutorial_objectstorage' retrieved from /home/airflow/.local/lib/python3.12/site-packages/airflow/example_dags/tutorial_objectstorage.py
[2025-05-25T08:49:18.758+0000] {logging_mixin.py:188} INFO - [2025-05-25T08:49:18.757+0000] {dag.py:3096} INFO - Sync 1 DAGs
[2025-05-25T08:49:18.771+0000] {logging_mixin.py:188} INFO - [2025-05-25T08:49:18.771+0000] {dag.py:3954} INFO - Setting next_dagrun for tutorial_objectstorage to None, run_after=None
[2025-05-25T08:49:18.784+0000] {processor.py:183} INFO - Processing /home/airflow/.local/lib/python3.12/site-packages/airflow/example_dags/tutorial_objectstorage.py took 0.089 seconds
[2025-05-25T08:49:48.907+0000] {processor.py:161} INFO - Started process (PID=8298) to work on /home/airflow/.local/lib/python3.12/site-packages/airflow/example_dags/tutorial_objectstorage.py
[2025-05-25T08:49:48.909+0000] {processor.py:830} INFO - Processing file /home/airflow/.local/lib/python3.12/site-packages/airflow/example_dags/tutorial_objectstorage.py for tasks to queue
[2025-05-25T08:49:48.910+0000] {logging_mixin.py:188} INFO - [2025-05-25T08:49:48.910+0000] {dagbag.py:540} INFO - Filling up the DagBag from /home/airflow/.local/lib/python3.12/site-packages/airflow/example_dags/tutorial_objectstorage.py
[2025-05-25T08:49:48.917+0000] {processor.py:840} INFO - DAG(s) 'tutorial_objectstorage' retrieved from /home/airflow/.local/lib/python3.12/site-packages/airflow/example_dags/tutorial_objectstorage.py
[2025-05-25T08:49:48.939+0000] {logging_mixin.py:188} INFO - [2025-05-25T08:49:48.939+0000] {dag.py:3096} INFO - Sync 1 DAGs
[2025-05-25T08:49:48.950+0000] {logging_mixin.py:188} INFO - [2025-05-25T08:49:48.950+0000] {dag.py:3954} INFO - Setting next_dagrun for tutorial_objectstorage to None, run_after=None
[2025-05-25T08:49:48.962+0000] {processor.py:183} INFO - Processing /home/airflow/.local/lib/python3.12/site-packages/airflow/example_dags/tutorial_objectstorage.py took 0.060 seconds
[2025-05-25T08:50:18.996+0000] {processor.py:161} INFO - Started process (PID=8364) to work on /home/airflow/.local/lib/python3.12/site-packages/airflow/example_dags/tutorial_objectstorage.py
[2025-05-25T08:50:18.997+0000] {processor.py:830} INFO - Processing file /home/airflow/.local/lib/python3.12/site-packages/airflow/example_dags/tutorial_objectstorage.py for tasks to queue
[2025-05-25T08:50:18.998+0000] {logging_mixin.py:188} INFO - [2025-05-25T08:50:18.997+0000] {dagbag.py:540} INFO - Filling up the DagBag from /home/airflow/.local/lib/python3.12/site-packages/airflow/example_dags/tutorial_objectstorage.py
[2025-05-25T08:50:19.004+0000] {processor.py:840} INFO - DAG(s) 'tutorial_objectstorage' retrieved from /home/airflow/.local/lib/python3.12/site-packages/airflow/example_dags/tutorial_objectstorage.py
[2025-05-25T08:50:19.024+0000] {logging_mixin.py:188} INFO - [2025-05-25T08:50:19.024+0000] {dag.py:3096} INFO - Sync 1 DAGs
[2025-05-25T08:50:19.031+0000] {logging_mixin.py:188} INFO - [2025-05-25T08:50:19.031+0000] {dag.py:3954} INFO - Setting next_dagrun for tutorial_objectstorage to None, run_after=None
[2025-05-25T08:50:19.044+0000] {processor.py:183} INFO - Processing /home/airflow/.local/lib/python3.12/site-packages/airflow/example_dags/tutorial_objectstorage.py took 0.054 seconds
[2025-05-25T08:50:49.594+0000] {processor.py:161} INFO - Started process (PID=8430) to work on /home/airflow/.local/lib/python3.12/site-packages/airflow/example_dags/tutorial_objectstorage.py
[2025-05-25T08:50:49.596+0000] {processor.py:830} INFO - Processing file /home/airflow/.local/lib/python3.12/site-packages/airflow/example_dags/tutorial_objectstorage.py for tasks to queue
[2025-05-25T08:50:49.597+0000] {logging_mixin.py:188} INFO - [2025-05-25T08:50:49.597+0000] {dagbag.py:540} INFO - Filling up the DagBag from /home/airflow/.local/lib/python3.12/site-packages/airflow/example_dags/tutorial_objectstorage.py
[2025-05-25T08:50:49.602+0000] {processor.py:840} INFO - DAG(s) 'tutorial_objectstorage' retrieved from /home/airflow/.local/lib/python3.12/site-packages/airflow/example_dags/tutorial_objectstorage.py
[2025-05-25T08:50:49.618+0000] {logging_mixin.py:188} INFO - [2025-05-25T08:50:49.618+0000] {dag.py:3096} INFO - Sync 1 DAGs
[2025-05-25T08:50:49.626+0000] {logging_mixin.py:188} INFO - [2025-05-25T08:50:49.626+0000] {dag.py:3954} INFO - Setting next_dagrun for tutorial_objectstorage to None, run_after=None
[2025-05-25T08:50:49.639+0000] {processor.py:183} INFO - Processing /home/airflow/.local/lib/python3.12/site-packages/airflow/example_dags/tutorial_objectstorage.py took 0.051 seconds
[2025-05-25T08:51:19.801+0000] {processor.py:161} INFO - Started process (PID=8496) to work on /home/airflow/.local/lib/python3.12/site-packages/airflow/example_dags/tutorial_objectstorage.py
[2025-05-25T08:51:19.802+0000] {processor.py:830} INFO - Processing file /home/airflow/.local/lib/python3.12/site-packages/airflow/example_dags/tutorial_objectstorage.py for tasks to queue
[2025-05-25T08:51:19.804+0000] {logging_mixin.py:188} INFO - [2025-05-25T08:51:19.803+0000] {dagbag.py:540} INFO - Filling up the DagBag from /home/airflow/.local/lib/python3.12/site-packages/airflow/example_dags/tutorial_objectstorage.py
[2025-05-25T08:51:19.811+0000] {processor.py:840} INFO - DAG(s) 'tutorial_objectstorage' retrieved from /home/airflow/.local/lib/python3.12/site-packages/airflow/example_dags/tutorial_objectstorage.py
[2025-05-25T08:51:19.827+0000] {logging_mixin.py:188} INFO - [2025-05-25T08:51:19.827+0000] {dag.py:3096} INFO - Sync 1 DAGs
[2025-05-25T08:51:19.834+0000] {logging_mixin.py:188} INFO - [2025-05-25T08:51:19.833+0000] {dag.py:3954} INFO - Setting next_dagrun for tutorial_objectstorage to None, run_after=None
[2025-05-25T08:51:19.846+0000] {processor.py:183} INFO - Processing /home/airflow/.local/lib/python3.12/site-packages/airflow/example_dags/tutorial_objectstorage.py took 0.051 seconds
[2025-05-25T08:51:50.105+0000] {processor.py:161} INFO - Started process (PID=8562) to work on /home/airflow/.local/lib/python3.12/site-packages/airflow/example_dags/tutorial_objectstorage.py
[2025-05-25T08:51:50.106+0000] {processor.py:830} INFO - Processing file /home/airflow/.local/lib/python3.12/site-packages/airflow/example_dags/tutorial_objectstorage.py for tasks to queue
[2025-05-25T08:51:50.106+0000] {logging_mixin.py:188} INFO - [2025-05-25T08:51:50.106+0000] {dagbag.py:540} INFO - Filling up the DagBag from /home/airflow/.local/lib/python3.12/site-packages/airflow/example_dags/tutorial_objectstorage.py
[2025-05-25T08:51:50.112+0000] {processor.py:840} INFO - DAG(s) 'tutorial_objectstorage' retrieved from /home/airflow/.local/lib/python3.12/site-packages/airflow/example_dags/tutorial_objectstorage.py
[2025-05-25T08:51:50.126+0000] {logging_mixin.py:188} INFO - [2025-05-25T08:51:50.126+0000] {dag.py:3096} INFO - Sync 1 DAGs
[2025-05-25T08:51:50.133+0000] {logging_mixin.py:188} INFO - [2025-05-25T08:51:50.133+0000] {dag.py:3954} INFO - Setting next_dagrun for tutorial_objectstorage to None, run_after=None
[2025-05-25T08:51:50.147+0000] {processor.py:183} INFO - Processing /home/airflow/.local/lib/python3.12/site-packages/airflow/example_dags/tutorial_objectstorage.py took 0.051 seconds
[2025-05-25T08:52:20.656+0000] {processor.py:161} INFO - Started process (PID=8628) to work on /home/airflow/.local/lib/python3.12/site-packages/airflow/example_dags/tutorial_objectstorage.py
[2025-05-25T08:52:20.657+0000] {processor.py:830} INFO - Processing file /home/airflow/.local/lib/python3.12/site-packages/airflow/example_dags/tutorial_objectstorage.py for tasks to queue
[2025-05-25T08:52:20.657+0000] {logging_mixin.py:188} INFO - [2025-05-25T08:52:20.657+0000] {dagbag.py:540} INFO - Filling up the DagBag from /home/airflow/.local/lib/python3.12/site-packages/airflow/example_dags/tutorial_objectstorage.py
[2025-05-25T08:52:20.661+0000] {processor.py:840} INFO - DAG(s) 'tutorial_objectstorage' retrieved from /home/airflow/.local/lib/python3.12/site-packages/airflow/example_dags/tutorial_objectstorage.py
[2025-05-25T08:52:20.673+0000] {logging_mixin.py:188} INFO - [2025-05-25T08:52:20.673+0000] {dag.py:3096} INFO - Sync 1 DAGs
[2025-05-25T08:52:20.679+0000] {logging_mixin.py:188} INFO - [2025-05-25T08:52:20.679+0000] {dag.py:3954} INFO - Setting next_dagrun for tutorial_objectstorage to None, run_after=None
[2025-05-25T08:52:20.691+0000] {processor.py:183} INFO - Processing /home/airflow/.local/lib/python3.12/site-packages/airflow/example_dags/tutorial_objectstorage.py took 0.039 seconds
[2025-05-25T08:52:51.087+0000] {processor.py:161} INFO - Started process (PID=8694) to work on /home/airflow/.local/lib/python3.12/site-packages/airflow/example_dags/tutorial_objectstorage.py
[2025-05-25T08:52:51.090+0000] {processor.py:830} INFO - Processing file /home/airflow/.local/lib/python3.12/site-packages/airflow/example_dags/tutorial_objectstorage.py for tasks to queue
[2025-05-25T08:52:51.091+0000] {logging_mixin.py:188} INFO - [2025-05-25T08:52:51.091+0000] {dagbag.py:540} INFO - Filling up the DagBag from /home/airflow/.local/lib/python3.12/site-packages/airflow/example_dags/tutorial_objectstorage.py
[2025-05-25T08:52:51.099+0000] {processor.py:840} INFO - DAG(s) 'tutorial_objectstorage' retrieved from /home/airflow/.local/lib/python3.12/site-packages/airflow/example_dags/tutorial_objectstorage.py
[2025-05-25T08:52:51.114+0000] {logging_mixin.py:188} INFO - [2025-05-25T08:52:51.114+0000] {dag.py:3096} INFO - Sync 1 DAGs
[2025-05-25T08:52:51.121+0000] {logging_mixin.py:188} INFO - [2025-05-25T08:52:51.121+0000] {dag.py:3954} INFO - Setting next_dagrun for tutorial_objectstorage to None, run_after=None
[2025-05-25T08:52:51.133+0000] {processor.py:183} INFO - Processing /home/airflow/.local/lib/python3.12/site-packages/airflow/example_dags/tutorial_objectstorage.py took 0.057 seconds
[2025-05-25T08:53:21.217+0000] {processor.py:161} INFO - Started process (PID=8760) to work on /home/airflow/.local/lib/python3.12/site-packages/airflow/example_dags/tutorial_objectstorage.py
[2025-05-25T08:53:21.218+0000] {processor.py:830} INFO - Processing file /home/airflow/.local/lib/python3.12/site-packages/airflow/example_dags/tutorial_objectstorage.py for tasks to queue
[2025-05-25T08:53:21.219+0000] {logging_mixin.py:188} INFO - [2025-05-25T08:53:21.218+0000] {dagbag.py:540} INFO - Filling up the DagBag from /home/airflow/.local/lib/python3.12/site-packages/airflow/example_dags/tutorial_objectstorage.py
[2025-05-25T08:53:21.225+0000] {processor.py:840} INFO - DAG(s) 'tutorial_objectstorage' retrieved from /home/airflow/.local/lib/python3.12/site-packages/airflow/example_dags/tutorial_objectstorage.py
[2025-05-25T08:53:21.240+0000] {logging_mixin.py:188} INFO - [2025-05-25T08:53:21.240+0000] {dag.py:3096} INFO - Sync 1 DAGs
[2025-05-25T08:53:21.247+0000] {logging_mixin.py:188} INFO - [2025-05-25T08:53:21.247+0000] {dag.py:3954} INFO - Setting next_dagrun for tutorial_objectstorage to None, run_after=None
[2025-05-25T08:53:21.264+0000] {processor.py:183} INFO - Processing /home/airflow/.local/lib/python3.12/site-packages/airflow/example_dags/tutorial_objectstorage.py took 0.052 seconds
[2025-05-25T08:53:51.599+0000] {processor.py:161} INFO - Started process (PID=8826) to work on /home/airflow/.local/lib/python3.12/site-packages/airflow/example_dags/tutorial_objectstorage.py
[2025-05-25T08:53:51.600+0000] {processor.py:830} INFO - Processing file /home/airflow/.local/lib/python3.12/site-packages/airflow/example_dags/tutorial_objectstorage.py for tasks to queue
[2025-05-25T08:53:51.601+0000] {logging_mixin.py:188} INFO - [2025-05-25T08:53:51.601+0000] {dagbag.py:540} INFO - Filling up the DagBag from /home/airflow/.local/lib/python3.12/site-packages/airflow/example_dags/tutorial_objectstorage.py
[2025-05-25T08:53:51.606+0000] {processor.py:840} INFO - DAG(s) 'tutorial_objectstorage' retrieved from /home/airflow/.local/lib/python3.12/site-packages/airflow/example_dags/tutorial_objectstorage.py
[2025-05-25T08:53:51.625+0000] {logging_mixin.py:188} INFO - [2025-05-25T08:53:51.624+0000] {dag.py:3096} INFO - Sync 1 DAGs
[2025-05-25T08:53:51.631+0000] {logging_mixin.py:188} INFO - [2025-05-25T08:53:51.631+0000] {dag.py:3954} INFO - Setting next_dagrun for tutorial_objectstorage to None, run_after=None
[2025-05-25T08:53:51.644+0000] {processor.py:183} INFO - Processing /home/airflow/.local/lib/python3.12/site-packages/airflow/example_dags/tutorial_objectstorage.py took 0.050 seconds
[2025-05-25T08:54:22.330+0000] {processor.py:161} INFO - Started process (PID=8889) to work on /home/airflow/.local/lib/python3.12/site-packages/airflow/example_dags/tutorial_objectstorage.py
[2025-05-25T08:54:22.331+0000] {processor.py:830} INFO - Processing file /home/airflow/.local/lib/python3.12/site-packages/airflow/example_dags/tutorial_objectstorage.py for tasks to queue
[2025-05-25T08:54:22.331+0000] {logging_mixin.py:188} INFO - [2025-05-25T08:54:22.331+0000] {dagbag.py:540} INFO - Filling up the DagBag from /home/airflow/.local/lib/python3.12/site-packages/airflow/example_dags/tutorial_objectstorage.py
[2025-05-25T08:54:22.339+0000] {processor.py:840} INFO - DAG(s) 'tutorial_objectstorage' retrieved from /home/airflow/.local/lib/python3.12/site-packages/airflow/example_dags/tutorial_objectstorage.py
[2025-05-25T08:54:22.351+0000] {logging_mixin.py:188} INFO - [2025-05-25T08:54:22.351+0000] {dag.py:3096} INFO - Sync 1 DAGs
[2025-05-25T08:54:22.356+0000] {logging_mixin.py:188} INFO - [2025-05-25T08:54:22.356+0000] {dag.py:3954} INFO - Setting next_dagrun for tutorial_objectstorage to None, run_after=None
[2025-05-25T08:54:22.367+0000] {processor.py:183} INFO - Processing /home/airflow/.local/lib/python3.12/site-packages/airflow/example_dags/tutorial_objectstorage.py took 0.041 seconds
[2025-05-25T08:54:52.482+0000] {processor.py:161} INFO - Started process (PID=8952) to work on /home/airflow/.local/lib/python3.12/site-packages/airflow/example_dags/tutorial_objectstorage.py
[2025-05-25T08:54:52.483+0000] {processor.py:830} INFO - Processing file /home/airflow/.local/lib/python3.12/site-packages/airflow/example_dags/tutorial_objectstorage.py for tasks to queue
[2025-05-25T08:54:52.484+0000] {logging_mixin.py:188} INFO - [2025-05-25T08:54:52.483+0000] {dagbag.py:540} INFO - Filling up the DagBag from /home/airflow/.local/lib/python3.12/site-packages/airflow/example_dags/tutorial_objectstorage.py
[2025-05-25T08:54:52.488+0000] {processor.py:840} INFO - DAG(s) 'tutorial_objectstorage' retrieved from /home/airflow/.local/lib/python3.12/site-packages/airflow/example_dags/tutorial_objectstorage.py
[2025-05-25T08:54:52.498+0000] {logging_mixin.py:188} INFO - [2025-05-25T08:54:52.497+0000] {dag.py:3096} INFO - Sync 1 DAGs
[2025-05-25T08:54:52.503+0000] {logging_mixin.py:188} INFO - [2025-05-25T08:54:52.503+0000] {dag.py:3954} INFO - Setting next_dagrun for tutorial_objectstorage to None, run_after=None
[2025-05-25T08:54:52.511+0000] {processor.py:183} INFO - Processing /home/airflow/.local/lib/python3.12/site-packages/airflow/example_dags/tutorial_objectstorage.py took 0.032 seconds
[2025-05-25T08:55:22.769+0000] {processor.py:161} INFO - Started process (PID=9016) to work on /home/airflow/.local/lib/python3.12/site-packages/airflow/example_dags/tutorial_objectstorage.py
[2025-05-25T08:55:22.770+0000] {processor.py:830} INFO - Processing file /home/airflow/.local/lib/python3.12/site-packages/airflow/example_dags/tutorial_objectstorage.py for tasks to queue
[2025-05-25T08:55:22.771+0000] {logging_mixin.py:188} INFO - [2025-05-25T08:55:22.770+0000] {dagbag.py:540} INFO - Filling up the DagBag from /home/airflow/.local/lib/python3.12/site-packages/airflow/example_dags/tutorial_objectstorage.py
[2025-05-25T08:55:22.775+0000] {processor.py:840} INFO - DAG(s) 'tutorial_objectstorage' retrieved from /home/airflow/.local/lib/python3.12/site-packages/airflow/example_dags/tutorial_objectstorage.py
[2025-05-25T08:55:22.788+0000] {logging_mixin.py:188} INFO - [2025-05-25T08:55:22.788+0000] {dag.py:3096} INFO - Sync 1 DAGs
[2025-05-25T08:55:22.794+0000] {logging_mixin.py:188} INFO - [2025-05-25T08:55:22.794+0000] {dag.py:3954} INFO - Setting next_dagrun for tutorial_objectstorage to None, run_after=None
[2025-05-25T08:55:22.805+0000] {processor.py:183} INFO - Processing /home/airflow/.local/lib/python3.12/site-packages/airflow/example_dags/tutorial_objectstorage.py took 0.040 seconds
[2025-05-25T08:55:53.526+0000] {processor.py:161} INFO - Started process (PID=9082) to work on /home/airflow/.local/lib/python3.12/site-packages/airflow/example_dags/tutorial_objectstorage.py
[2025-05-25T08:55:53.527+0000] {processor.py:830} INFO - Processing file /home/airflow/.local/lib/python3.12/site-packages/airflow/example_dags/tutorial_objectstorage.py for tasks to queue
[2025-05-25T08:55:53.528+0000] {logging_mixin.py:188} INFO - [2025-05-25T08:55:53.528+0000] {dagbag.py:540} INFO - Filling up the DagBag from /home/airflow/.local/lib/python3.12/site-packages/airflow/example_dags/tutorial_objectstorage.py
[2025-05-25T08:55:53.533+0000] {processor.py:840} INFO - DAG(s) 'tutorial_objectstorage' retrieved from /home/airflow/.local/lib/python3.12/site-packages/airflow/example_dags/tutorial_objectstorage.py
[2025-05-25T08:55:53.550+0000] {logging_mixin.py:188} INFO - [2025-05-25T08:55:53.549+0000] {dag.py:3096} INFO - Sync 1 DAGs
[2025-05-25T08:55:53.559+0000] {logging_mixin.py:188} INFO - [2025-05-25T08:55:53.559+0000] {dag.py:3954} INFO - Setting next_dagrun for tutorial_objectstorage to None, run_after=None
[2025-05-25T08:55:53.571+0000] {processor.py:183} INFO - Processing /home/airflow/.local/lib/python3.12/site-packages/airflow/example_dags/tutorial_objectstorage.py took 0.049 seconds
[2025-05-25T08:56:23.764+0000] {processor.py:161} INFO - Started process (PID=9148) to work on /home/airflow/.local/lib/python3.12/site-packages/airflow/example_dags/tutorial_objectstorage.py
[2025-05-25T08:56:23.765+0000] {processor.py:830} INFO - Processing file /home/airflow/.local/lib/python3.12/site-packages/airflow/example_dags/tutorial_objectstorage.py for tasks to queue
[2025-05-25T08:56:23.765+0000] {logging_mixin.py:188} INFO - [2025-05-25T08:56:23.765+0000] {dagbag.py:540} INFO - Filling up the DagBag from /home/airflow/.local/lib/python3.12/site-packages/airflow/example_dags/tutorial_objectstorage.py
[2025-05-25T08:56:23.771+0000] {processor.py:840} INFO - DAG(s) 'tutorial_objectstorage' retrieved from /home/airflow/.local/lib/python3.12/site-packages/airflow/example_dags/tutorial_objectstorage.py
[2025-05-25T08:56:23.789+0000] {logging_mixin.py:188} INFO - [2025-05-25T08:56:23.785+0000] {dag.py:3096} INFO - Sync 1 DAGs
[2025-05-25T08:56:23.803+0000] {logging_mixin.py:188} INFO - [2025-05-25T08:56:23.803+0000] {dag.py:3954} INFO - Setting next_dagrun for tutorial_objectstorage to None, run_after=None
[2025-05-25T08:56:23.814+0000] {processor.py:183} INFO - Processing /home/airflow/.local/lib/python3.12/site-packages/airflow/example_dags/tutorial_objectstorage.py took 0.054 seconds
