[2025-05-27T01:08:09.248+0000] {local_task_job_runner.py:120} INFO - ::group::Pre task execution logs
[2025-05-27T01:08:09.293+0000] {taskinstance.py:2073} INFO - Dependencies all met for dep_context=non-requeueable deps ti=<TaskInstance: supplier_data_etl_pipeline.extract_csv_data scheduled__2025-05-26T00:00:00+00:00 [queued]>
[2025-05-27T01:08:09.313+0000] {taskinstance.py:2073} INFO - Dependencies all met for dep_context=requeueable deps ti=<TaskInstance: supplier_data_etl_pipeline.extract_csv_data scheduled__2025-05-26T00:00:00+00:00 [queued]>
[2025-05-27T01:08:09.315+0000] {taskinstance.py:2303} INFO - Starting attempt 1 of 6
[2025-05-27T01:08:09.334+0000] {taskinstance.py:2327} INFO - Executing <Task(PythonOperator): extract_csv_data> on 2025-05-26 00:00:00+00:00
[2025-05-27T01:08:09.358+0000] {warnings.py:110} WARNING - /home/***/.local/lib/python3.12/site-packages/***/task/task_runner/standard_task_runner.py:61: DeprecationWarning: This process (pid=1469) is multi-threaded, use of fork() may lead to deadlocks in the child.
  pid = os.fork()

[2025-05-27T01:08:09.366+0000] {standard_task_runner.py:63} INFO - Started process 1476 to run task
[2025-05-27T01:08:09.367+0000] {standard_task_runner.py:90} INFO - Running: ['***', 'tasks', 'run', 'supplier_data_etl_pipeline', 'extract_csv_data', 'scheduled__2025-05-26T00:00:00+00:00', '--job-id', '204', '--raw', '--subdir', 'DAGS_FOLDER/supplier_dag.py', '--cfg-path', '/tmp/tmpxsr925kx']
[2025-05-27T01:08:09.369+0000] {standard_task_runner.py:91} INFO - Job 204: Subtask extract_csv_data
[2025-05-27T01:08:09.492+0000] {task_command.py:426} INFO - Running <TaskInstance: supplier_data_etl_pipeline.extract_csv_data scheduled__2025-05-26T00:00:00+00:00 [running]> on host 295abcd9c300
[2025-05-27T01:08:09.757+0000] {taskinstance.py:2644} INFO - Exporting env vars: AIRFLOW_CTX_DAG_OWNER='***' AIRFLOW_CTX_DAG_ID='supplier_data_etl_pipeline' AIRFLOW_CTX_TASK_ID='extract_csv_data' AIRFLOW_CTX_EXECUTION_DATE='2025-05-26T00:00:00+00:00' AIRFLOW_CTX_TRY_NUMBER='1' AIRFLOW_CTX_DAG_RUN_ID='scheduled__2025-05-26T00:00:00+00:00'
[2025-05-27T01:08:09.762+0000] {taskinstance.py:430} INFO - ::endgroup::
[2025-05-27T01:08:09.911+0000] {etl.py:19} INFO - csv read
[2025-05-27T01:08:09.920+0000] {etl.py:21} INFO - csv data source pickled
[2025-05-27T01:08:09.921+0000] {python.py:237} INFO - Done. Returned value was: success
[2025-05-27T01:08:09.922+0000] {taskinstance.py:441} INFO - ::group::Post task execution logs
[2025-05-27T01:08:09.959+0000] {taskinstance.py:1205} INFO - Marking task as SUCCESS. dag_id=supplier_data_etl_pipeline, task_id=extract_csv_data, execution_date=20250526T000000, start_date=20250527T010809, end_date=20250527T010809
[2025-05-27T01:08:10.048+0000] {local_task_job_runner.py:240} INFO - Task exited with return code 0
[2025-05-27T01:08:10.130+0000] {taskinstance.py:3482} INFO - 0 downstream tasks scheduled from follow-on schedule check
[2025-05-27T01:08:10.133+0000] {local_task_job_runner.py:222} INFO - ::endgroup::
